[2025-05-30T04:40:33.547+0000] {processor.py:161} INFO - Started process (PID=172) to work on /home/airflow/.local/lib/python3.12/site-packages/airflow/example_dags/example_xcomargs.py
[2025-05-30T04:40:33.548+0000] {processor.py:830} INFO - Processing file /home/airflow/.local/lib/python3.12/site-packages/airflow/example_dags/example_xcomargs.py for tasks to queue
[2025-05-30T04:40:33.550+0000] {logging_mixin.py:188} INFO - [2025-05-30T04:40:33.550+0000] {dagbag.py:545} INFO - Filling up the DagBag from /home/airflow/.local/lib/python3.12/site-packages/airflow/example_dags/example_xcomargs.py
[2025-05-30T04:40:33.567+0000] {processor.py:840} INFO - DAG(s) 'example_xcom_args', 'example_xcom_args_with_operators' retrieved from /home/airflow/.local/lib/python3.12/site-packages/airflow/example_dags/example_xcomargs.py
[2025-05-30T04:40:33.736+0000] {logging_mixin.py:188} INFO - [2025-05-30T04:40:33.733+0000] {dag.py:3096} INFO - Sync 2 DAGs
[2025-05-30T04:40:33.786+0000] {logging_mixin.py:188} INFO - [2025-05-30T04:40:33.786+0000] {dag.py:3954} INFO - Setting next_dagrun for example_xcom_args to None, run_after=None
[2025-05-30T04:40:33.795+0000] {logging_mixin.py:188} INFO - [2025-05-30T04:40:33.795+0000] {dag.py:3954} INFO - Setting next_dagrun for example_xcom_args_with_operators to None, run_after=None
[2025-05-30T04:40:33.832+0000] {processor.py:183} INFO - Processing /home/airflow/.local/lib/python3.12/site-packages/airflow/example_dags/example_xcomargs.py took 0.292 seconds
[2025-05-30T04:41:04.026+0000] {processor.py:161} INFO - Started process (PID=440) to work on /home/airflow/.local/lib/python3.12/site-packages/airflow/example_dags/example_xcomargs.py
[2025-05-30T04:41:04.028+0000] {processor.py:830} INFO - Processing file /home/airflow/.local/lib/python3.12/site-packages/airflow/example_dags/example_xcomargs.py for tasks to queue
[2025-05-30T04:41:04.034+0000] {logging_mixin.py:188} INFO - [2025-05-30T04:41:04.033+0000] {dagbag.py:545} INFO - Filling up the DagBag from /home/airflow/.local/lib/python3.12/site-packages/airflow/example_dags/example_xcomargs.py
[2025-05-30T04:41:04.053+0000] {processor.py:840} INFO - DAG(s) 'example_xcom_args', 'example_xcom_args_with_operators' retrieved from /home/airflow/.local/lib/python3.12/site-packages/airflow/example_dags/example_xcomargs.py
[2025-05-30T04:41:04.122+0000] {logging_mixin.py:188} INFO - [2025-05-30T04:41:04.121+0000] {dag.py:3096} INFO - Sync 2 DAGs
[2025-05-30T04:41:04.137+0000] {logging_mixin.py:188} INFO - [2025-05-30T04:41:04.137+0000] {dag.py:3954} INFO - Setting next_dagrun for example_xcom_args to None, run_after=None
[2025-05-30T04:41:04.142+0000] {logging_mixin.py:188} INFO - [2025-05-30T04:41:04.142+0000] {dag.py:3954} INFO - Setting next_dagrun for example_xcom_args_with_operators to None, run_after=None
[2025-05-30T04:41:04.180+0000] {processor.py:183} INFO - Processing /home/airflow/.local/lib/python3.12/site-packages/airflow/example_dags/example_xcomargs.py took 0.168 seconds
[2025-05-30T04:41:34.371+0000] {processor.py:161} INFO - Started process (PID=713) to work on /home/airflow/.local/lib/python3.12/site-packages/airflow/example_dags/example_xcomargs.py
[2025-05-30T04:41:34.372+0000] {processor.py:830} INFO - Processing file /home/airflow/.local/lib/python3.12/site-packages/airflow/example_dags/example_xcomargs.py for tasks to queue
[2025-05-30T04:41:34.374+0000] {logging_mixin.py:188} INFO - [2025-05-30T04:41:34.374+0000] {dagbag.py:545} INFO - Filling up the DagBag from /home/airflow/.local/lib/python3.12/site-packages/airflow/example_dags/example_xcomargs.py
[2025-05-30T04:41:34.383+0000] {processor.py:840} INFO - DAG(s) 'example_xcom_args', 'example_xcom_args_with_operators' retrieved from /home/airflow/.local/lib/python3.12/site-packages/airflow/example_dags/example_xcomargs.py
[2025-05-30T04:41:34.408+0000] {logging_mixin.py:188} INFO - [2025-05-30T04:41:34.407+0000] {dag.py:3096} INFO - Sync 2 DAGs
[2025-05-30T04:41:34.423+0000] {logging_mixin.py:188} INFO - [2025-05-30T04:41:34.423+0000] {dag.py:3954} INFO - Setting next_dagrun for example_xcom_args to None, run_after=None
[2025-05-30T04:41:34.428+0000] {logging_mixin.py:188} INFO - [2025-05-30T04:41:34.428+0000] {dag.py:3954} INFO - Setting next_dagrun for example_xcom_args_with_operators to None, run_after=None
[2025-05-30T04:41:34.456+0000] {processor.py:183} INFO - Processing /home/airflow/.local/lib/python3.12/site-packages/airflow/example_dags/example_xcomargs.py took 0.092 seconds
[2025-05-30T04:42:04.524+0000] {processor.py:161} INFO - Started process (PID=982) to work on /home/airflow/.local/lib/python3.12/site-packages/airflow/example_dags/example_xcomargs.py
[2025-05-30T04:42:04.525+0000] {processor.py:830} INFO - Processing file /home/airflow/.local/lib/python3.12/site-packages/airflow/example_dags/example_xcomargs.py for tasks to queue
[2025-05-30T04:42:04.527+0000] {logging_mixin.py:188} INFO - [2025-05-30T04:42:04.527+0000] {dagbag.py:545} INFO - Filling up the DagBag from /home/airflow/.local/lib/python3.12/site-packages/airflow/example_dags/example_xcomargs.py
[2025-05-30T04:42:04.537+0000] {processor.py:840} INFO - DAG(s) 'example_xcom_args', 'example_xcom_args_with_operators' retrieved from /home/airflow/.local/lib/python3.12/site-packages/airflow/example_dags/example_xcomargs.py
[2025-05-30T04:42:04.565+0000] {logging_mixin.py:188} INFO - [2025-05-30T04:42:04.565+0000] {dag.py:3096} INFO - Sync 2 DAGs
[2025-05-30T04:42:04.578+0000] {logging_mixin.py:188} INFO - [2025-05-30T04:42:04.578+0000] {dag.py:3954} INFO - Setting next_dagrun for example_xcom_args to None, run_after=None
[2025-05-30T04:42:04.583+0000] {logging_mixin.py:188} INFO - [2025-05-30T04:42:04.582+0000] {dag.py:3954} INFO - Setting next_dagrun for example_xcom_args_with_operators to None, run_after=None
[2025-05-30T04:42:04.604+0000] {processor.py:183} INFO - Processing /home/airflow/.local/lib/python3.12/site-packages/airflow/example_dags/example_xcomargs.py took 0.085 seconds
[2025-05-30T04:42:35.117+0000] {processor.py:161} INFO - Started process (PID=1255) to work on /home/airflow/.local/lib/python3.12/site-packages/airflow/example_dags/example_xcomargs.py
[2025-05-30T04:42:35.117+0000] {processor.py:830} INFO - Processing file /home/airflow/.local/lib/python3.12/site-packages/airflow/example_dags/example_xcomargs.py for tasks to queue
[2025-05-30T04:42:35.120+0000] {logging_mixin.py:188} INFO - [2025-05-30T04:42:35.119+0000] {dagbag.py:545} INFO - Filling up the DagBag from /home/airflow/.local/lib/python3.12/site-packages/airflow/example_dags/example_xcomargs.py
[2025-05-30T04:42:35.132+0000] {processor.py:840} INFO - DAG(s) 'example_xcom_args_with_operators', 'example_xcom_args' retrieved from /home/airflow/.local/lib/python3.12/site-packages/airflow/example_dags/example_xcomargs.py
[2025-05-30T04:42:35.163+0000] {logging_mixin.py:188} INFO - [2025-05-30T04:42:35.162+0000] {dag.py:3096} INFO - Sync 2 DAGs
[2025-05-30T04:42:35.183+0000] {logging_mixin.py:188} INFO - [2025-05-30T04:42:35.183+0000] {dag.py:3954} INFO - Setting next_dagrun for example_xcom_args to None, run_after=None
[2025-05-30T04:42:35.189+0000] {logging_mixin.py:188} INFO - [2025-05-30T04:42:35.188+0000] {dag.py:3954} INFO - Setting next_dagrun for example_xcom_args_with_operators to None, run_after=None
[2025-05-30T04:42:35.214+0000] {processor.py:183} INFO - Processing /home/airflow/.local/lib/python3.12/site-packages/airflow/example_dags/example_xcomargs.py took 0.105 seconds
[2025-05-30T04:43:05.647+0000] {processor.py:161} INFO - Started process (PID=1528) to work on /home/airflow/.local/lib/python3.12/site-packages/airflow/example_dags/example_xcomargs.py
[2025-05-30T04:43:05.648+0000] {processor.py:830} INFO - Processing file /home/airflow/.local/lib/python3.12/site-packages/airflow/example_dags/example_xcomargs.py for tasks to queue
[2025-05-30T04:43:05.650+0000] {logging_mixin.py:188} INFO - [2025-05-30T04:43:05.650+0000] {dagbag.py:545} INFO - Filling up the DagBag from /home/airflow/.local/lib/python3.12/site-packages/airflow/example_dags/example_xcomargs.py
[2025-05-30T04:43:05.660+0000] {processor.py:840} INFO - DAG(s) 'example_xcom_args_with_operators', 'example_xcom_args' retrieved from /home/airflow/.local/lib/python3.12/site-packages/airflow/example_dags/example_xcomargs.py
[2025-05-30T04:43:05.684+0000] {logging_mixin.py:188} INFO - [2025-05-30T04:43:05.684+0000] {dag.py:3096} INFO - Sync 2 DAGs
[2025-05-30T04:43:05.699+0000] {logging_mixin.py:188} INFO - [2025-05-30T04:43:05.699+0000] {dag.py:3954} INFO - Setting next_dagrun for example_xcom_args to None, run_after=None
[2025-05-30T04:43:05.704+0000] {logging_mixin.py:188} INFO - [2025-05-30T04:43:05.704+0000] {dag.py:3954} INFO - Setting next_dagrun for example_xcom_args_with_operators to None, run_after=None
[2025-05-30T04:43:05.722+0000] {processor.py:183} INFO - Processing /home/airflow/.local/lib/python3.12/site-packages/airflow/example_dags/example_xcomargs.py took 0.081 seconds
[2025-05-30T04:43:35.921+0000] {processor.py:161} INFO - Started process (PID=1800) to work on /home/airflow/.local/lib/python3.12/site-packages/airflow/example_dags/example_xcomargs.py
[2025-05-30T04:43:35.921+0000] {processor.py:830} INFO - Processing file /home/airflow/.local/lib/python3.12/site-packages/airflow/example_dags/example_xcomargs.py for tasks to queue
[2025-05-30T04:43:35.924+0000] {logging_mixin.py:188} INFO - [2025-05-30T04:43:35.924+0000] {dagbag.py:545} INFO - Filling up the DagBag from /home/airflow/.local/lib/python3.12/site-packages/airflow/example_dags/example_xcomargs.py
[2025-05-30T04:43:35.935+0000] {processor.py:840} INFO - DAG(s) 'example_xcom_args', 'example_xcom_args_with_operators' retrieved from /home/airflow/.local/lib/python3.12/site-packages/airflow/example_dags/example_xcomargs.py
[2025-05-30T04:43:35.961+0000] {logging_mixin.py:188} INFO - [2025-05-30T04:43:35.961+0000] {dag.py:3096} INFO - Sync 2 DAGs
[2025-05-30T04:43:35.976+0000] {logging_mixin.py:188} INFO - [2025-05-30T04:43:35.975+0000] {dag.py:3954} INFO - Setting next_dagrun for example_xcom_args to None, run_after=None
[2025-05-30T04:43:35.981+0000] {logging_mixin.py:188} INFO - [2025-05-30T04:43:35.981+0000] {dag.py:3954} INFO - Setting next_dagrun for example_xcom_args_with_operators to None, run_after=None
[2025-05-30T04:43:36.006+0000] {processor.py:183} INFO - Processing /home/airflow/.local/lib/python3.12/site-packages/airflow/example_dags/example_xcomargs.py took 0.091 seconds
[2025-05-30T04:44:06.478+0000] {processor.py:161} INFO - Started process (PID=2073) to work on /home/airflow/.local/lib/python3.12/site-packages/airflow/example_dags/example_xcomargs.py
[2025-05-30T04:44:06.479+0000] {processor.py:830} INFO - Processing file /home/airflow/.local/lib/python3.12/site-packages/airflow/example_dags/example_xcomargs.py for tasks to queue
[2025-05-30T04:44:06.482+0000] {logging_mixin.py:188} INFO - [2025-05-30T04:44:06.481+0000] {dagbag.py:545} INFO - Filling up the DagBag from /home/airflow/.local/lib/python3.12/site-packages/airflow/example_dags/example_xcomargs.py
[2025-05-30T04:44:06.489+0000] {processor.py:840} INFO - DAG(s) 'example_xcom_args', 'example_xcom_args_with_operators' retrieved from /home/airflow/.local/lib/python3.12/site-packages/airflow/example_dags/example_xcomargs.py
[2025-05-30T04:44:06.513+0000] {logging_mixin.py:188} INFO - [2025-05-30T04:44:06.513+0000] {dag.py:3096} INFO - Sync 2 DAGs
[2025-05-30T04:44:06.524+0000] {logging_mixin.py:188} INFO - [2025-05-30T04:44:06.524+0000] {dag.py:3954} INFO - Setting next_dagrun for example_xcom_args to None, run_after=None
[2025-05-30T04:44:06.528+0000] {logging_mixin.py:188} INFO - [2025-05-30T04:44:06.528+0000] {dag.py:3954} INFO - Setting next_dagrun for example_xcom_args_with_operators to None, run_after=None
[2025-05-30T04:44:06.552+0000] {processor.py:183} INFO - Processing /home/airflow/.local/lib/python3.12/site-packages/airflow/example_dags/example_xcomargs.py took 0.082 seconds
[2025-05-30T04:44:36.683+0000] {processor.py:161} INFO - Started process (PID=2346) to work on /home/airflow/.local/lib/python3.12/site-packages/airflow/example_dags/example_xcomargs.py
[2025-05-30T04:44:36.684+0000] {processor.py:830} INFO - Processing file /home/airflow/.local/lib/python3.12/site-packages/airflow/example_dags/example_xcomargs.py for tasks to queue
[2025-05-30T04:44:36.686+0000] {logging_mixin.py:188} INFO - [2025-05-30T04:44:36.686+0000] {dagbag.py:545} INFO - Filling up the DagBag from /home/airflow/.local/lib/python3.12/site-packages/airflow/example_dags/example_xcomargs.py
[2025-05-30T04:44:36.695+0000] {processor.py:840} INFO - DAG(s) 'example_xcom_args_with_operators', 'example_xcom_args' retrieved from /home/airflow/.local/lib/python3.12/site-packages/airflow/example_dags/example_xcomargs.py
[2025-05-30T04:44:36.715+0000] {logging_mixin.py:188} INFO - [2025-05-30T04:44:36.715+0000] {dag.py:3096} INFO - Sync 2 DAGs
[2025-05-30T04:44:36.728+0000] {logging_mixin.py:188} INFO - [2025-05-30T04:44:36.728+0000] {dag.py:3954} INFO - Setting next_dagrun for example_xcom_args to None, run_after=None
[2025-05-30T04:44:36.732+0000] {logging_mixin.py:188} INFO - [2025-05-30T04:44:36.732+0000] {dag.py:3954} INFO - Setting next_dagrun for example_xcom_args_with_operators to None, run_after=None
[2025-05-30T04:44:36.756+0000] {processor.py:183} INFO - Processing /home/airflow/.local/lib/python3.12/site-packages/airflow/example_dags/example_xcomargs.py took 0.077 seconds
[2025-05-30T04:45:07.353+0000] {processor.py:161} INFO - Started process (PID=2619) to work on /home/airflow/.local/lib/python3.12/site-packages/airflow/example_dags/example_xcomargs.py
[2025-05-30T04:45:07.354+0000] {processor.py:830} INFO - Processing file /home/airflow/.local/lib/python3.12/site-packages/airflow/example_dags/example_xcomargs.py for tasks to queue
[2025-05-30T04:45:07.356+0000] {logging_mixin.py:188} INFO - [2025-05-30T04:45:07.356+0000] {dagbag.py:545} INFO - Filling up the DagBag from /home/airflow/.local/lib/python3.12/site-packages/airflow/example_dags/example_xcomargs.py
[2025-05-30T04:45:07.364+0000] {processor.py:840} INFO - DAG(s) 'example_xcom_args_with_operators', 'example_xcom_args' retrieved from /home/airflow/.local/lib/python3.12/site-packages/airflow/example_dags/example_xcomargs.py
[2025-05-30T04:45:07.386+0000] {logging_mixin.py:188} INFO - [2025-05-30T04:45:07.385+0000] {dag.py:3096} INFO - Sync 2 DAGs
[2025-05-30T04:45:07.397+0000] {logging_mixin.py:188} INFO - [2025-05-30T04:45:07.397+0000] {dag.py:3954} INFO - Setting next_dagrun for example_xcom_args to None, run_after=None
[2025-05-30T04:45:07.401+0000] {logging_mixin.py:188} INFO - [2025-05-30T04:45:07.401+0000] {dag.py:3954} INFO - Setting next_dagrun for example_xcom_args_with_operators to None, run_after=None
[2025-05-30T04:45:07.426+0000] {processor.py:183} INFO - Processing /home/airflow/.local/lib/python3.12/site-packages/airflow/example_dags/example_xcomargs.py took 0.079 seconds
[2025-05-30T04:45:37.480+0000] {processor.py:161} INFO - Started process (PID=2892) to work on /home/airflow/.local/lib/python3.12/site-packages/airflow/example_dags/example_xcomargs.py
[2025-05-30T04:45:37.480+0000] {processor.py:830} INFO - Processing file /home/airflow/.local/lib/python3.12/site-packages/airflow/example_dags/example_xcomargs.py for tasks to queue
[2025-05-30T04:45:37.482+0000] {logging_mixin.py:188} INFO - [2025-05-30T04:45:37.481+0000] {dagbag.py:545} INFO - Filling up the DagBag from /home/airflow/.local/lib/python3.12/site-packages/airflow/example_dags/example_xcomargs.py
[2025-05-30T04:45:37.490+0000] {processor.py:840} INFO - DAG(s) 'example_xcom_args', 'example_xcom_args_with_operators' retrieved from /home/airflow/.local/lib/python3.12/site-packages/airflow/example_dags/example_xcomargs.py
[2025-05-30T04:45:37.513+0000] {logging_mixin.py:188} INFO - [2025-05-30T04:45:37.513+0000] {dag.py:3096} INFO - Sync 2 DAGs
[2025-05-30T04:45:37.525+0000] {logging_mixin.py:188} INFO - [2025-05-30T04:45:37.525+0000] {dag.py:3954} INFO - Setting next_dagrun for example_xcom_args to None, run_after=None
[2025-05-30T04:45:37.529+0000] {logging_mixin.py:188} INFO - [2025-05-30T04:45:37.529+0000] {dag.py:3954} INFO - Setting next_dagrun for example_xcom_args_with_operators to None, run_after=None
[2025-05-30T04:45:37.555+0000] {processor.py:183} INFO - Processing /home/airflow/.local/lib/python3.12/site-packages/airflow/example_dags/example_xcomargs.py took 0.081 seconds
[2025-05-30T04:46:07.679+0000] {processor.py:161} INFO - Started process (PID=3164) to work on /home/airflow/.local/lib/python3.12/site-packages/airflow/example_dags/example_xcomargs.py
[2025-05-30T04:46:07.683+0000] {processor.py:830} INFO - Processing file /home/airflow/.local/lib/python3.12/site-packages/airflow/example_dags/example_xcomargs.py for tasks to queue
[2025-05-30T04:46:07.684+0000] {logging_mixin.py:188} INFO - [2025-05-30T04:46:07.684+0000] {dagbag.py:545} INFO - Filling up the DagBag from /home/airflow/.local/lib/python3.12/site-packages/airflow/example_dags/example_xcomargs.py
[2025-05-30T04:46:07.695+0000] {processor.py:840} INFO - DAG(s) 'example_xcom_args_with_operators', 'example_xcom_args' retrieved from /home/airflow/.local/lib/python3.12/site-packages/airflow/example_dags/example_xcomargs.py
[2025-05-30T04:46:07.717+0000] {logging_mixin.py:188} INFO - [2025-05-30T04:46:07.716+0000] {dag.py:3096} INFO - Sync 2 DAGs
[2025-05-30T04:46:07.728+0000] {logging_mixin.py:188} INFO - [2025-05-30T04:46:07.728+0000] {dag.py:3954} INFO - Setting next_dagrun for example_xcom_args to None, run_after=None
[2025-05-30T04:46:07.732+0000] {logging_mixin.py:188} INFO - [2025-05-30T04:46:07.731+0000] {dag.py:3954} INFO - Setting next_dagrun for example_xcom_args_with_operators to None, run_after=None
[2025-05-30T04:46:07.746+0000] {processor.py:183} INFO - Processing /home/airflow/.local/lib/python3.12/site-packages/airflow/example_dags/example_xcomargs.py took 0.072 seconds
[2025-05-30T04:46:37.785+0000] {processor.py:161} INFO - Started process (PID=3437) to work on /home/airflow/.local/lib/python3.12/site-packages/airflow/example_dags/example_xcomargs.py
[2025-05-30T04:46:37.785+0000] {processor.py:830} INFO - Processing file /home/airflow/.local/lib/python3.12/site-packages/airflow/example_dags/example_xcomargs.py for tasks to queue
[2025-05-30T04:46:37.787+0000] {logging_mixin.py:188} INFO - [2025-05-30T04:46:37.787+0000] {dagbag.py:545} INFO - Filling up the DagBag from /home/airflow/.local/lib/python3.12/site-packages/airflow/example_dags/example_xcomargs.py
[2025-05-30T04:46:37.795+0000] {processor.py:840} INFO - DAG(s) 'example_xcom_args', 'example_xcom_args_with_operators' retrieved from /home/airflow/.local/lib/python3.12/site-packages/airflow/example_dags/example_xcomargs.py
[2025-05-30T04:46:37.806+0000] {logging_mixin.py:188} INFO - [2025-05-30T04:46:37.805+0000] {dag.py:3096} INFO - Sync 2 DAGs
[2025-05-30T04:46:37.818+0000] {logging_mixin.py:188} INFO - [2025-05-30T04:46:37.818+0000] {dag.py:3954} INFO - Setting next_dagrun for example_xcom_args to None, run_after=None
[2025-05-30T04:46:37.823+0000] {logging_mixin.py:188} INFO - [2025-05-30T04:46:37.823+0000] {dag.py:3954} INFO - Setting next_dagrun for example_xcom_args_with_operators to None, run_after=None
[2025-05-30T04:46:37.839+0000] {processor.py:183} INFO - Processing /home/airflow/.local/lib/python3.12/site-packages/airflow/example_dags/example_xcomargs.py took 0.059 seconds
[2025-05-30T04:47:08.616+0000] {processor.py:161} INFO - Started process (PID=3709) to work on /home/airflow/.local/lib/python3.12/site-packages/airflow/example_dags/example_xcomargs.py
[2025-05-30T04:47:08.617+0000] {processor.py:830} INFO - Processing file /home/airflow/.local/lib/python3.12/site-packages/airflow/example_dags/example_xcomargs.py for tasks to queue
[2025-05-30T04:47:08.618+0000] {logging_mixin.py:188} INFO - [2025-05-30T04:47:08.618+0000] {dagbag.py:545} INFO - Filling up the DagBag from /home/airflow/.local/lib/python3.12/site-packages/airflow/example_dags/example_xcomargs.py
[2025-05-30T04:47:08.627+0000] {processor.py:840} INFO - DAG(s) 'example_xcom_args_with_operators', 'example_xcom_args' retrieved from /home/airflow/.local/lib/python3.12/site-packages/airflow/example_dags/example_xcomargs.py
[2025-05-30T04:47:08.746+0000] {logging_mixin.py:188} INFO - [2025-05-30T04:47:08.746+0000] {dag.py:3096} INFO - Sync 2 DAGs
[2025-05-30T04:47:08.761+0000] {logging_mixin.py:188} INFO - [2025-05-30T04:47:08.760+0000] {dag.py:3954} INFO - Setting next_dagrun for example_xcom_args to None, run_after=None
[2025-05-30T04:47:08.766+0000] {logging_mixin.py:188} INFO - [2025-05-30T04:47:08.765+0000] {dag.py:3954} INFO - Setting next_dagrun for example_xcom_args_with_operators to None, run_after=None
[2025-05-30T04:47:08.908+0000] {processor.py:183} INFO - Processing /home/airflow/.local/lib/python3.12/site-packages/airflow/example_dags/example_xcomargs.py took 0.298 seconds
[2025-05-30T04:47:39.288+0000] {processor.py:161} INFO - Started process (PID=3982) to work on /home/airflow/.local/lib/python3.12/site-packages/airflow/example_dags/example_xcomargs.py
[2025-05-30T04:47:39.289+0000] {processor.py:830} INFO - Processing file /home/airflow/.local/lib/python3.12/site-packages/airflow/example_dags/example_xcomargs.py for tasks to queue
[2025-05-30T04:47:39.291+0000] {logging_mixin.py:188} INFO - [2025-05-30T04:47:39.290+0000] {dagbag.py:545} INFO - Filling up the DagBag from /home/airflow/.local/lib/python3.12/site-packages/airflow/example_dags/example_xcomargs.py
[2025-05-30T04:47:39.298+0000] {processor.py:840} INFO - DAG(s) 'example_xcom_args_with_operators', 'example_xcom_args' retrieved from /home/airflow/.local/lib/python3.12/site-packages/airflow/example_dags/example_xcomargs.py
[2025-05-30T04:47:39.319+0000] {logging_mixin.py:188} INFO - [2025-05-30T04:47:39.318+0000] {dag.py:3096} INFO - Sync 2 DAGs
[2025-05-30T04:47:39.332+0000] {logging_mixin.py:188} INFO - [2025-05-30T04:47:39.331+0000] {dag.py:3954} INFO - Setting next_dagrun for example_xcom_args to None, run_after=None
[2025-05-30T04:47:39.336+0000] {logging_mixin.py:188} INFO - [2025-05-30T04:47:39.335+0000] {dag.py:3954} INFO - Setting next_dagrun for example_xcom_args_with_operators to None, run_after=None
[2025-05-30T04:47:39.361+0000] {processor.py:183} INFO - Processing /home/airflow/.local/lib/python3.12/site-packages/airflow/example_dags/example_xcomargs.py took 0.077 seconds
[2025-05-30T04:48:09.471+0000] {processor.py:161} INFO - Started process (PID=4255) to work on /home/airflow/.local/lib/python3.12/site-packages/airflow/example_dags/example_xcomargs.py
[2025-05-30T04:48:09.471+0000] {processor.py:830} INFO - Processing file /home/airflow/.local/lib/python3.12/site-packages/airflow/example_dags/example_xcomargs.py for tasks to queue
[2025-05-30T04:48:09.474+0000] {logging_mixin.py:188} INFO - [2025-05-30T04:48:09.474+0000] {dagbag.py:545} INFO - Filling up the DagBag from /home/airflow/.local/lib/python3.12/site-packages/airflow/example_dags/example_xcomargs.py
[2025-05-30T04:48:09.484+0000] {processor.py:840} INFO - DAG(s) 'example_xcom_args', 'example_xcom_args_with_operators' retrieved from /home/airflow/.local/lib/python3.12/site-packages/airflow/example_dags/example_xcomargs.py
[2025-05-30T04:48:09.511+0000] {logging_mixin.py:188} INFO - [2025-05-30T04:48:09.511+0000] {dag.py:3096} INFO - Sync 2 DAGs
[2025-05-30T04:48:09.526+0000] {logging_mixin.py:188} INFO - [2025-05-30T04:48:09.526+0000] {dag.py:3954} INFO - Setting next_dagrun for example_xcom_args to None, run_after=None
[2025-05-30T04:48:09.530+0000] {logging_mixin.py:188} INFO - [2025-05-30T04:48:09.530+0000] {dag.py:3954} INFO - Setting next_dagrun for example_xcom_args_with_operators to None, run_after=None
[2025-05-30T04:48:09.555+0000] {processor.py:183} INFO - Processing /home/airflow/.local/lib/python3.12/site-packages/airflow/example_dags/example_xcomargs.py took 0.090 seconds
[2025-05-30T04:48:39.838+0000] {processor.py:161} INFO - Started process (PID=4528) to work on /home/airflow/.local/lib/python3.12/site-packages/airflow/example_dags/example_xcomargs.py
[2025-05-30T04:48:39.839+0000] {processor.py:830} INFO - Processing file /home/airflow/.local/lib/python3.12/site-packages/airflow/example_dags/example_xcomargs.py for tasks to queue
[2025-05-30T04:48:39.841+0000] {logging_mixin.py:188} INFO - [2025-05-30T04:48:39.840+0000] {dagbag.py:545} INFO - Filling up the DagBag from /home/airflow/.local/lib/python3.12/site-packages/airflow/example_dags/example_xcomargs.py
[2025-05-30T04:48:39.848+0000] {processor.py:840} INFO - DAG(s) 'example_xcom_args', 'example_xcom_args_with_operators' retrieved from /home/airflow/.local/lib/python3.12/site-packages/airflow/example_dags/example_xcomargs.py
[2025-05-30T04:48:39.870+0000] {logging_mixin.py:188} INFO - [2025-05-30T04:48:39.870+0000] {dag.py:3096} INFO - Sync 2 DAGs
[2025-05-30T04:48:39.885+0000] {logging_mixin.py:188} INFO - [2025-05-30T04:48:39.885+0000] {dag.py:3954} INFO - Setting next_dagrun for example_xcom_args to None, run_after=None
[2025-05-30T04:48:39.890+0000] {logging_mixin.py:188} INFO - [2025-05-30T04:48:39.890+0000] {dag.py:3954} INFO - Setting next_dagrun for example_xcom_args_with_operators to None, run_after=None
[2025-05-30T04:48:39.907+0000] {processor.py:183} INFO - Processing /home/airflow/.local/lib/python3.12/site-packages/airflow/example_dags/example_xcomargs.py took 0.075 seconds
[2025-05-30T04:49:10.821+0000] {processor.py:161} INFO - Started process (PID=4801) to work on /home/airflow/.local/lib/python3.12/site-packages/airflow/example_dags/example_xcomargs.py
[2025-05-30T04:49:10.821+0000] {processor.py:830} INFO - Processing file /home/airflow/.local/lib/python3.12/site-packages/airflow/example_dags/example_xcomargs.py for tasks to queue
[2025-05-30T04:49:10.823+0000] {logging_mixin.py:188} INFO - [2025-05-30T04:49:10.823+0000] {dagbag.py:545} INFO - Filling up the DagBag from /home/airflow/.local/lib/python3.12/site-packages/airflow/example_dags/example_xcomargs.py
[2025-05-30T04:49:10.831+0000] {processor.py:840} INFO - DAG(s) 'example_xcom_args', 'example_xcom_args_with_operators' retrieved from /home/airflow/.local/lib/python3.12/site-packages/airflow/example_dags/example_xcomargs.py
[2025-05-30T04:49:10.851+0000] {logging_mixin.py:188} INFO - [2025-05-30T04:49:10.851+0000] {dag.py:3096} INFO - Sync 2 DAGs
[2025-05-30T04:49:10.864+0000] {logging_mixin.py:188} INFO - [2025-05-30T04:49:10.864+0000] {dag.py:3954} INFO - Setting next_dagrun for example_xcom_args to None, run_after=None
[2025-05-30T04:49:10.869+0000] {logging_mixin.py:188} INFO - [2025-05-30T04:49:10.868+0000] {dag.py:3954} INFO - Setting next_dagrun for example_xcom_args_with_operators to None, run_after=None
[2025-05-30T04:49:10.894+0000] {processor.py:183} INFO - Processing /home/airflow/.local/lib/python3.12/site-packages/airflow/example_dags/example_xcomargs.py took 0.079 seconds
[2025-05-30T04:49:40.968+0000] {processor.py:161} INFO - Started process (PID=5074) to work on /home/airflow/.local/lib/python3.12/site-packages/airflow/example_dags/example_xcomargs.py
[2025-05-30T04:49:40.969+0000] {processor.py:830} INFO - Processing file /home/airflow/.local/lib/python3.12/site-packages/airflow/example_dags/example_xcomargs.py for tasks to queue
[2025-05-30T04:49:40.970+0000] {logging_mixin.py:188} INFO - [2025-05-30T04:49:40.970+0000] {dagbag.py:545} INFO - Filling up the DagBag from /home/airflow/.local/lib/python3.12/site-packages/airflow/example_dags/example_xcomargs.py
[2025-05-30T04:49:40.978+0000] {processor.py:840} INFO - DAG(s) 'example_xcom_args', 'example_xcom_args_with_operators' retrieved from /home/airflow/.local/lib/python3.12/site-packages/airflow/example_dags/example_xcomargs.py
[2025-05-30T04:49:40.999+0000] {logging_mixin.py:188} INFO - [2025-05-30T04:49:40.999+0000] {dag.py:3096} INFO - Sync 2 DAGs
[2025-05-30T04:49:41.012+0000] {logging_mixin.py:188} INFO - [2025-05-30T04:49:41.012+0000] {dag.py:3954} INFO - Setting next_dagrun for example_xcom_args to None, run_after=None
[2025-05-30T04:49:41.016+0000] {logging_mixin.py:188} INFO - [2025-05-30T04:49:41.016+0000] {dag.py:3954} INFO - Setting next_dagrun for example_xcom_args_with_operators to None, run_after=None
[2025-05-30T04:49:41.041+0000] {processor.py:183} INFO - Processing /home/airflow/.local/lib/python3.12/site-packages/airflow/example_dags/example_xcomargs.py took 0.078 seconds
[2025-05-30T05:20:43.544+0000] {processor.py:161} INFO - Started process (PID=5100) to work on /home/airflow/.local/lib/python3.12/site-packages/airflow/example_dags/example_xcomargs.py
[2025-05-30T05:20:43.545+0000] {processor.py:830} INFO - Processing file /home/airflow/.local/lib/python3.12/site-packages/airflow/example_dags/example_xcomargs.py for tasks to queue
[2025-05-30T05:20:43.547+0000] {logging_mixin.py:188} INFO - [2025-05-30T05:20:43.547+0000] {dagbag.py:545} INFO - Filling up the DagBag from /home/airflow/.local/lib/python3.12/site-packages/airflow/example_dags/example_xcomargs.py
[2025-05-30T05:20:43.555+0000] {processor.py:840} INFO - DAG(s) 'example_xcom_args_with_operators', 'example_xcom_args' retrieved from /home/airflow/.local/lib/python3.12/site-packages/airflow/example_dags/example_xcomargs.py
[2025-05-30T05:20:43.576+0000] {logging_mixin.py:188} INFO - [2025-05-30T05:20:43.576+0000] {dag.py:3096} INFO - Sync 2 DAGs
[2025-05-30T05:20:43.589+0000] {logging_mixin.py:188} INFO - [2025-05-30T05:20:43.589+0000] {dag.py:3954} INFO - Setting next_dagrun for example_xcom_args to None, run_after=None
[2025-05-30T05:20:43.593+0000] {logging_mixin.py:188} INFO - [2025-05-30T05:20:43.593+0000] {dag.py:3954} INFO - Setting next_dagrun for example_xcom_args_with_operators to None, run_after=None
[2025-05-30T05:20:43.607+0000] {processor.py:183} INFO - Processing /home/airflow/.local/lib/python3.12/site-packages/airflow/example_dags/example_xcomargs.py took 0.069 seconds
[2025-05-30T05:21:14.663+0000] {processor.py:161} INFO - Started process (PID=5373) to work on /home/airflow/.local/lib/python3.12/site-packages/airflow/example_dags/example_xcomargs.py
[2025-05-30T05:21:14.663+0000] {processor.py:830} INFO - Processing file /home/airflow/.local/lib/python3.12/site-packages/airflow/example_dags/example_xcomargs.py for tasks to queue
[2025-05-30T05:21:14.665+0000] {logging_mixin.py:188} INFO - [2025-05-30T05:21:14.665+0000] {dagbag.py:545} INFO - Filling up the DagBag from /home/airflow/.local/lib/python3.12/site-packages/airflow/example_dags/example_xcomargs.py
[2025-05-30T05:21:14.676+0000] {processor.py:840} INFO - DAG(s) 'example_xcom_args_with_operators', 'example_xcom_args' retrieved from /home/airflow/.local/lib/python3.12/site-packages/airflow/example_dags/example_xcomargs.py
[2025-05-30T05:21:14.710+0000] {logging_mixin.py:188} INFO - [2025-05-30T05:21:14.710+0000] {dag.py:3096} INFO - Sync 2 DAGs
[2025-05-30T05:21:14.724+0000] {logging_mixin.py:188} INFO - [2025-05-30T05:21:14.724+0000] {dag.py:3954} INFO - Setting next_dagrun for example_xcom_args to None, run_after=None
[2025-05-30T05:21:14.727+0000] {logging_mixin.py:188} INFO - [2025-05-30T05:21:14.727+0000] {dag.py:3954} INFO - Setting next_dagrun for example_xcom_args_with_operators to None, run_after=None
[2025-05-30T05:21:14.743+0000] {processor.py:183} INFO - Processing /home/airflow/.local/lib/python3.12/site-packages/airflow/example_dags/example_xcomargs.py took 0.085 seconds
[2025-05-30T05:21:45.556+0000] {processor.py:161} INFO - Started process (PID=5646) to work on /home/airflow/.local/lib/python3.12/site-packages/airflow/example_dags/example_xcomargs.py
[2025-05-30T05:21:45.556+0000] {processor.py:830} INFO - Processing file /home/airflow/.local/lib/python3.12/site-packages/airflow/example_dags/example_xcomargs.py for tasks to queue
[2025-05-30T05:21:45.559+0000] {logging_mixin.py:188} INFO - [2025-05-30T05:21:45.558+0000] {dagbag.py:545} INFO - Filling up the DagBag from /home/airflow/.local/lib/python3.12/site-packages/airflow/example_dags/example_xcomargs.py
[2025-05-30T05:21:45.568+0000] {processor.py:840} INFO - DAG(s) 'example_xcom_args', 'example_xcom_args_with_operators' retrieved from /home/airflow/.local/lib/python3.12/site-packages/airflow/example_dags/example_xcomargs.py
[2025-05-30T05:21:45.590+0000] {logging_mixin.py:188} INFO - [2025-05-30T05:21:45.590+0000] {dag.py:3096} INFO - Sync 2 DAGs
[2025-05-30T05:21:45.604+0000] {logging_mixin.py:188} INFO - [2025-05-30T05:21:45.603+0000] {dag.py:3954} INFO - Setting next_dagrun for example_xcom_args to None, run_after=None
[2025-05-30T05:21:45.608+0000] {logging_mixin.py:188} INFO - [2025-05-30T05:21:45.608+0000] {dag.py:3954} INFO - Setting next_dagrun for example_xcom_args_with_operators to None, run_after=None
[2025-05-30T05:21:45.625+0000] {processor.py:183} INFO - Processing /home/airflow/.local/lib/python3.12/site-packages/airflow/example_dags/example_xcomargs.py took 0.074 seconds
[2025-05-30T05:22:16.564+0000] {processor.py:161} INFO - Started process (PID=5919) to work on /home/airflow/.local/lib/python3.12/site-packages/airflow/example_dags/example_xcomargs.py
[2025-05-30T05:22:16.565+0000] {processor.py:830} INFO - Processing file /home/airflow/.local/lib/python3.12/site-packages/airflow/example_dags/example_xcomargs.py for tasks to queue
[2025-05-30T05:22:16.567+0000] {logging_mixin.py:188} INFO - [2025-05-30T05:22:16.567+0000] {dagbag.py:545} INFO - Filling up the DagBag from /home/airflow/.local/lib/python3.12/site-packages/airflow/example_dags/example_xcomargs.py
[2025-05-30T05:22:16.576+0000] {processor.py:840} INFO - DAG(s) 'example_xcom_args_with_operators', 'example_xcom_args' retrieved from /home/airflow/.local/lib/python3.12/site-packages/airflow/example_dags/example_xcomargs.py
[2025-05-30T05:22:16.598+0000] {logging_mixin.py:188} INFO - [2025-05-30T05:22:16.598+0000] {dag.py:3096} INFO - Sync 2 DAGs
[2025-05-30T05:22:16.612+0000] {logging_mixin.py:188} INFO - [2025-05-30T05:22:16.612+0000] {dag.py:3954} INFO - Setting next_dagrun for example_xcom_args to None, run_after=None
[2025-05-30T05:22:16.616+0000] {logging_mixin.py:188} INFO - [2025-05-30T05:22:16.616+0000] {dag.py:3954} INFO - Setting next_dagrun for example_xcom_args_with_operators to None, run_after=None
[2025-05-30T05:22:16.631+0000] {processor.py:183} INFO - Processing /home/airflow/.local/lib/python3.12/site-packages/airflow/example_dags/example_xcomargs.py took 0.072 seconds
[2025-05-30T05:22:47.415+0000] {processor.py:161} INFO - Started process (PID=6192) to work on /home/airflow/.local/lib/python3.12/site-packages/airflow/example_dags/example_xcomargs.py
[2025-05-30T05:22:47.416+0000] {processor.py:830} INFO - Processing file /home/airflow/.local/lib/python3.12/site-packages/airflow/example_dags/example_xcomargs.py for tasks to queue
[2025-05-30T05:22:47.422+0000] {logging_mixin.py:188} INFO - [2025-05-30T05:22:47.419+0000] {dagbag.py:545} INFO - Filling up the DagBag from /home/airflow/.local/lib/python3.12/site-packages/airflow/example_dags/example_xcomargs.py
[2025-05-30T05:22:47.445+0000] {processor.py:840} INFO - DAG(s) 'example_xcom_args', 'example_xcom_args_with_operators' retrieved from /home/airflow/.local/lib/python3.12/site-packages/airflow/example_dags/example_xcomargs.py
[2025-05-30T05:22:47.486+0000] {logging_mixin.py:188} INFO - [2025-05-30T05:22:47.486+0000] {dag.py:3096} INFO - Sync 2 DAGs
[2025-05-30T05:22:47.694+0000] {logging_mixin.py:188} INFO - [2025-05-30T05:22:47.694+0000] {dag.py:3954} INFO - Setting next_dagrun for example_xcom_args to None, run_after=None
[2025-05-30T05:22:47.699+0000] {logging_mixin.py:188} INFO - [2025-05-30T05:22:47.698+0000] {dag.py:3954} INFO - Setting next_dagrun for example_xcom_args_with_operators to None, run_after=None
[2025-05-30T05:22:47.753+0000] {processor.py:183} INFO - Processing /home/airflow/.local/lib/python3.12/site-packages/airflow/example_dags/example_xcomargs.py took 0.347 seconds
[2025-05-30T05:23:18.448+0000] {processor.py:161} INFO - Started process (PID=6464) to work on /home/airflow/.local/lib/python3.12/site-packages/airflow/example_dags/example_xcomargs.py
[2025-05-30T05:23:18.449+0000] {processor.py:830} INFO - Processing file /home/airflow/.local/lib/python3.12/site-packages/airflow/example_dags/example_xcomargs.py for tasks to queue
[2025-05-30T05:23:18.451+0000] {logging_mixin.py:188} INFO - [2025-05-30T05:23:18.450+0000] {dagbag.py:545} INFO - Filling up the DagBag from /home/airflow/.local/lib/python3.12/site-packages/airflow/example_dags/example_xcomargs.py
[2025-05-30T05:23:18.459+0000] {processor.py:840} INFO - DAG(s) 'example_xcom_args_with_operators', 'example_xcom_args' retrieved from /home/airflow/.local/lib/python3.12/site-packages/airflow/example_dags/example_xcomargs.py
[2025-05-30T05:23:18.480+0000] {logging_mixin.py:188} INFO - [2025-05-30T05:23:18.480+0000] {dag.py:3096} INFO - Sync 2 DAGs
[2025-05-30T05:23:18.492+0000] {logging_mixin.py:188} INFO - [2025-05-30T05:23:18.492+0000] {dag.py:3954} INFO - Setting next_dagrun for example_xcom_args to None, run_after=None
[2025-05-30T05:23:18.496+0000] {logging_mixin.py:188} INFO - [2025-05-30T05:23:18.496+0000] {dag.py:3954} INFO - Setting next_dagrun for example_xcom_args_with_operators to None, run_after=None
[2025-05-30T05:23:18.511+0000] {processor.py:183} INFO - Processing /home/airflow/.local/lib/python3.12/site-packages/airflow/example_dags/example_xcomargs.py took 0.070 seconds
[2025-05-30T05:23:49.049+0000] {processor.py:161} INFO - Started process (PID=6737) to work on /home/airflow/.local/lib/python3.12/site-packages/airflow/example_dags/example_xcomargs.py
[2025-05-30T05:23:49.050+0000] {processor.py:830} INFO - Processing file /home/airflow/.local/lib/python3.12/site-packages/airflow/example_dags/example_xcomargs.py for tasks to queue
[2025-05-30T05:23:49.052+0000] {logging_mixin.py:188} INFO - [2025-05-30T05:23:49.052+0000] {dagbag.py:545} INFO - Filling up the DagBag from /home/airflow/.local/lib/python3.12/site-packages/airflow/example_dags/example_xcomargs.py
[2025-05-30T05:23:49.059+0000] {processor.py:840} INFO - DAG(s) 'example_xcom_args_with_operators', 'example_xcom_args' retrieved from /home/airflow/.local/lib/python3.12/site-packages/airflow/example_dags/example_xcomargs.py
[2025-05-30T05:23:49.079+0000] {logging_mixin.py:188} INFO - [2025-05-30T05:23:49.079+0000] {dag.py:3096} INFO - Sync 2 DAGs
[2025-05-30T05:23:49.091+0000] {logging_mixin.py:188} INFO - [2025-05-30T05:23:49.091+0000] {dag.py:3954} INFO - Setting next_dagrun for example_xcom_args to None, run_after=None
[2025-05-30T05:23:49.094+0000] {logging_mixin.py:188} INFO - [2025-05-30T05:23:49.094+0000] {dag.py:3954} INFO - Setting next_dagrun for example_xcom_args_with_operators to None, run_after=None
[2025-05-30T05:23:49.120+0000] {processor.py:183} INFO - Processing /home/airflow/.local/lib/python3.12/site-packages/airflow/example_dags/example_xcomargs.py took 0.077 seconds
[2025-05-30T05:24:19.453+0000] {processor.py:161} INFO - Started process (PID=7007) to work on /home/airflow/.local/lib/python3.12/site-packages/airflow/example_dags/example_xcomargs.py
[2025-05-30T05:24:19.454+0000] {processor.py:830} INFO - Processing file /home/airflow/.local/lib/python3.12/site-packages/airflow/example_dags/example_xcomargs.py for tasks to queue
[2025-05-30T05:24:19.456+0000] {logging_mixin.py:188} INFO - [2025-05-30T05:24:19.456+0000] {dagbag.py:545} INFO - Filling up the DagBag from /home/airflow/.local/lib/python3.12/site-packages/airflow/example_dags/example_xcomargs.py
[2025-05-30T05:24:19.466+0000] {processor.py:840} INFO - DAG(s) 'example_xcom_args', 'example_xcom_args_with_operators' retrieved from /home/airflow/.local/lib/python3.12/site-packages/airflow/example_dags/example_xcomargs.py
[2025-05-30T05:24:19.486+0000] {logging_mixin.py:188} INFO - [2025-05-30T05:24:19.486+0000] {dag.py:3096} INFO - Sync 2 DAGs
[2025-05-30T05:24:19.498+0000] {logging_mixin.py:188} INFO - [2025-05-30T05:24:19.497+0000] {dag.py:3954} INFO - Setting next_dagrun for example_xcom_args to None, run_after=None
[2025-05-30T05:24:19.502+0000] {logging_mixin.py:188} INFO - [2025-05-30T05:24:19.502+0000] {dag.py:3954} INFO - Setting next_dagrun for example_xcom_args_with_operators to None, run_after=None
[2025-05-30T05:24:19.527+0000] {processor.py:183} INFO - Processing /home/airflow/.local/lib/python3.12/site-packages/airflow/example_dags/example_xcomargs.py took 0.081 seconds
[2025-05-30T05:24:49.807+0000] {processor.py:161} INFO - Started process (PID=7280) to work on /home/airflow/.local/lib/python3.12/site-packages/airflow/example_dags/example_xcomargs.py
[2025-05-30T05:24:49.810+0000] {processor.py:830} INFO - Processing file /home/airflow/.local/lib/python3.12/site-packages/airflow/example_dags/example_xcomargs.py for tasks to queue
[2025-05-30T05:24:49.817+0000] {logging_mixin.py:188} INFO - [2025-05-30T05:24:49.816+0000] {dagbag.py:545} INFO - Filling up the DagBag from /home/airflow/.local/lib/python3.12/site-packages/airflow/example_dags/example_xcomargs.py
[2025-05-30T05:24:49.839+0000] {processor.py:840} INFO - DAG(s) 'example_xcom_args', 'example_xcom_args_with_operators' retrieved from /home/airflow/.local/lib/python3.12/site-packages/airflow/example_dags/example_xcomargs.py
[2025-05-30T05:24:49.877+0000] {logging_mixin.py:188} INFO - [2025-05-30T05:24:49.876+0000] {dag.py:3096} INFO - Sync 2 DAGs
[2025-05-30T05:24:49.906+0000] {logging_mixin.py:188} INFO - [2025-05-30T05:24:49.905+0000] {dag.py:3954} INFO - Setting next_dagrun for example_xcom_args to None, run_after=None
[2025-05-30T05:24:49.918+0000] {logging_mixin.py:188} INFO - [2025-05-30T05:24:49.918+0000] {dag.py:3954} INFO - Setting next_dagrun for example_xcom_args_with_operators to None, run_after=None
[2025-05-30T05:24:49.965+0000] {processor.py:183} INFO - Processing /home/airflow/.local/lib/python3.12/site-packages/airflow/example_dags/example_xcomargs.py took 0.167 seconds
[2025-05-30T05:25:20.109+0000] {processor.py:161} INFO - Started process (PID=7551) to work on /home/airflow/.local/lib/python3.12/site-packages/airflow/example_dags/example_xcomargs.py
[2025-05-30T05:25:20.110+0000] {processor.py:830} INFO - Processing file /home/airflow/.local/lib/python3.12/site-packages/airflow/example_dags/example_xcomargs.py for tasks to queue
[2025-05-30T05:25:20.112+0000] {logging_mixin.py:188} INFO - [2025-05-30T05:25:20.111+0000] {dagbag.py:545} INFO - Filling up the DagBag from /home/airflow/.local/lib/python3.12/site-packages/airflow/example_dags/example_xcomargs.py
[2025-05-30T05:25:20.120+0000] {processor.py:840} INFO - DAG(s) 'example_xcom_args', 'example_xcom_args_with_operators' retrieved from /home/airflow/.local/lib/python3.12/site-packages/airflow/example_dags/example_xcomargs.py
[2025-05-30T05:25:20.142+0000] {logging_mixin.py:188} INFO - [2025-05-30T05:25:20.141+0000] {dag.py:3096} INFO - Sync 2 DAGs
[2025-05-30T05:25:20.155+0000] {logging_mixin.py:188} INFO - [2025-05-30T05:25:20.155+0000] {dag.py:3954} INFO - Setting next_dagrun for example_xcom_args to None, run_after=None
[2025-05-30T05:25:20.159+0000] {logging_mixin.py:188} INFO - [2025-05-30T05:25:20.158+0000] {dag.py:3954} INFO - Setting next_dagrun for example_xcom_args_with_operators to None, run_after=None
[2025-05-30T05:25:20.175+0000] {processor.py:183} INFO - Processing /home/airflow/.local/lib/python3.12/site-packages/airflow/example_dags/example_xcomargs.py took 0.071 seconds
[2025-05-30T05:25:51.052+0000] {processor.py:161} INFO - Started process (PID=7824) to work on /home/airflow/.local/lib/python3.12/site-packages/airflow/example_dags/example_xcomargs.py
[2025-05-30T05:25:51.053+0000] {processor.py:830} INFO - Processing file /home/airflow/.local/lib/python3.12/site-packages/airflow/example_dags/example_xcomargs.py for tasks to queue
[2025-05-30T05:25:51.054+0000] {logging_mixin.py:188} INFO - [2025-05-30T05:25:51.054+0000] {dagbag.py:545} INFO - Filling up the DagBag from /home/airflow/.local/lib/python3.12/site-packages/airflow/example_dags/example_xcomargs.py
[2025-05-30T05:25:51.062+0000] {processor.py:840} INFO - DAG(s) 'example_xcom_args', 'example_xcom_args_with_operators' retrieved from /home/airflow/.local/lib/python3.12/site-packages/airflow/example_dags/example_xcomargs.py
[2025-05-30T05:25:51.087+0000] {logging_mixin.py:188} INFO - [2025-05-30T05:25:51.086+0000] {dag.py:3096} INFO - Sync 2 DAGs
[2025-05-30T05:25:51.099+0000] {logging_mixin.py:188} INFO - [2025-05-30T05:25:51.099+0000] {dag.py:3954} INFO - Setting next_dagrun for example_xcom_args to None, run_after=None
[2025-05-30T05:25:51.103+0000] {logging_mixin.py:188} INFO - [2025-05-30T05:25:51.103+0000] {dag.py:3954} INFO - Setting next_dagrun for example_xcom_args_with_operators to None, run_after=None
[2025-05-30T05:25:51.116+0000] {processor.py:183} INFO - Processing /home/airflow/.local/lib/python3.12/site-packages/airflow/example_dags/example_xcomargs.py took 0.070 seconds
[2025-05-30T05:26:21.777+0000] {processor.py:161} INFO - Started process (PID=8097) to work on /home/airflow/.local/lib/python3.12/site-packages/airflow/example_dags/example_xcomargs.py
[2025-05-30T05:26:21.778+0000] {processor.py:830} INFO - Processing file /home/airflow/.local/lib/python3.12/site-packages/airflow/example_dags/example_xcomargs.py for tasks to queue
[2025-05-30T05:26:21.780+0000] {logging_mixin.py:188} INFO - [2025-05-30T05:26:21.779+0000] {dagbag.py:545} INFO - Filling up the DagBag from /home/airflow/.local/lib/python3.12/site-packages/airflow/example_dags/example_xcomargs.py
[2025-05-30T05:26:21.790+0000] {processor.py:840} INFO - DAG(s) 'example_xcom_args', 'example_xcom_args_with_operators' retrieved from /home/airflow/.local/lib/python3.12/site-packages/airflow/example_dags/example_xcomargs.py
[2025-05-30T05:26:21.818+0000] {logging_mixin.py:188} INFO - [2025-05-30T05:26:21.818+0000] {dag.py:3096} INFO - Sync 2 DAGs
[2025-05-30T05:26:21.837+0000] {logging_mixin.py:188} INFO - [2025-05-30T05:26:21.837+0000] {dag.py:3954} INFO - Setting next_dagrun for example_xcom_args to None, run_after=None
[2025-05-30T05:26:21.843+0000] {logging_mixin.py:188} INFO - [2025-05-30T05:26:21.842+0000] {dag.py:3954} INFO - Setting next_dagrun for example_xcom_args_with_operators to None, run_after=None
[2025-05-30T05:26:21.861+0000] {processor.py:183} INFO - Processing /home/airflow/.local/lib/python3.12/site-packages/airflow/example_dags/example_xcomargs.py took 0.093 seconds
[2025-05-30T05:26:52.058+0000] {processor.py:161} INFO - Started process (PID=8369) to work on /home/airflow/.local/lib/python3.12/site-packages/airflow/example_dags/example_xcomargs.py
[2025-05-30T05:26:52.059+0000] {processor.py:830} INFO - Processing file /home/airflow/.local/lib/python3.12/site-packages/airflow/example_dags/example_xcomargs.py for tasks to queue
[2025-05-30T05:26:52.061+0000] {logging_mixin.py:188} INFO - [2025-05-30T05:26:52.060+0000] {dagbag.py:545} INFO - Filling up the DagBag from /home/airflow/.local/lib/python3.12/site-packages/airflow/example_dags/example_xcomargs.py
[2025-05-30T05:26:52.069+0000] {processor.py:840} INFO - DAG(s) 'example_xcom_args_with_operators', 'example_xcom_args' retrieved from /home/airflow/.local/lib/python3.12/site-packages/airflow/example_dags/example_xcomargs.py
[2025-05-30T05:26:52.101+0000] {logging_mixin.py:188} INFO - [2025-05-30T05:26:52.100+0000] {dag.py:3096} INFO - Sync 2 DAGs
[2025-05-30T05:26:52.122+0000] {logging_mixin.py:188} INFO - [2025-05-30T05:26:52.122+0000] {dag.py:3954} INFO - Setting next_dagrun for example_xcom_args to None, run_after=None
[2025-05-30T05:26:52.128+0000] {logging_mixin.py:188} INFO - [2025-05-30T05:26:52.128+0000] {dag.py:3954} INFO - Setting next_dagrun for example_xcom_args_with_operators to None, run_after=None
[2025-05-30T05:26:52.154+0000] {processor.py:183} INFO - Processing /home/airflow/.local/lib/python3.12/site-packages/airflow/example_dags/example_xcomargs.py took 0.102 seconds
[2025-05-30T05:27:22.668+0000] {processor.py:161} INFO - Started process (PID=8642) to work on /home/airflow/.local/lib/python3.12/site-packages/airflow/example_dags/example_xcomargs.py
[2025-05-30T05:27:22.669+0000] {processor.py:830} INFO - Processing file /home/airflow/.local/lib/python3.12/site-packages/airflow/example_dags/example_xcomargs.py for tasks to queue
[2025-05-30T05:27:22.670+0000] {logging_mixin.py:188} INFO - [2025-05-30T05:27:22.670+0000] {dagbag.py:545} INFO - Filling up the DagBag from /home/airflow/.local/lib/python3.12/site-packages/airflow/example_dags/example_xcomargs.py
[2025-05-30T05:27:22.678+0000] {processor.py:840} INFO - DAG(s) 'example_xcom_args_with_operators', 'example_xcom_args' retrieved from /home/airflow/.local/lib/python3.12/site-packages/airflow/example_dags/example_xcomargs.py
[2025-05-30T05:27:22.702+0000] {logging_mixin.py:188} INFO - [2025-05-30T05:27:22.701+0000] {dag.py:3096} INFO - Sync 2 DAGs
[2025-05-30T05:27:22.715+0000] {logging_mixin.py:188} INFO - [2025-05-30T05:27:22.714+0000] {dag.py:3954} INFO - Setting next_dagrun for example_xcom_args to None, run_after=None
[2025-05-30T05:27:22.719+0000] {logging_mixin.py:188} INFO - [2025-05-30T05:27:22.719+0000] {dag.py:3954} INFO - Setting next_dagrun for example_xcom_args_with_operators to None, run_after=None
[2025-05-30T05:27:22.740+0000] {processor.py:183} INFO - Processing /home/airflow/.local/lib/python3.12/site-packages/airflow/example_dags/example_xcomargs.py took 0.078 seconds
[2025-05-30T05:27:53.438+0000] {processor.py:161} INFO - Started process (PID=8915) to work on /home/airflow/.local/lib/python3.12/site-packages/airflow/example_dags/example_xcomargs.py
[2025-05-30T05:27:53.438+0000] {processor.py:830} INFO - Processing file /home/airflow/.local/lib/python3.12/site-packages/airflow/example_dags/example_xcomargs.py for tasks to queue
[2025-05-30T05:27:53.440+0000] {logging_mixin.py:188} INFO - [2025-05-30T05:27:53.440+0000] {dagbag.py:545} INFO - Filling up the DagBag from /home/airflow/.local/lib/python3.12/site-packages/airflow/example_dags/example_xcomargs.py
[2025-05-30T05:27:53.449+0000] {processor.py:840} INFO - DAG(s) 'example_xcom_args', 'example_xcom_args_with_operators' retrieved from /home/airflow/.local/lib/python3.12/site-packages/airflow/example_dags/example_xcomargs.py
[2025-05-30T05:27:53.473+0000] {logging_mixin.py:188} INFO - [2025-05-30T05:27:53.473+0000] {dag.py:3096} INFO - Sync 2 DAGs
[2025-05-30T05:27:53.487+0000] {logging_mixin.py:188} INFO - [2025-05-30T05:27:53.487+0000] {dag.py:3954} INFO - Setting next_dagrun for example_xcom_args to None, run_after=None
[2025-05-30T05:27:53.492+0000] {logging_mixin.py:188} INFO - [2025-05-30T05:27:53.492+0000] {dag.py:3954} INFO - Setting next_dagrun for example_xcom_args_with_operators to None, run_after=None
[2025-05-30T05:27:53.508+0000] {processor.py:183} INFO - Processing /home/airflow/.local/lib/python3.12/site-packages/airflow/example_dags/example_xcomargs.py took 0.077 seconds
[2025-05-30T05:28:24.367+0000] {processor.py:161} INFO - Started process (PID=9188) to work on /home/airflow/.local/lib/python3.12/site-packages/airflow/example_dags/example_xcomargs.py
[2025-05-30T05:28:24.369+0000] {processor.py:830} INFO - Processing file /home/airflow/.local/lib/python3.12/site-packages/airflow/example_dags/example_xcomargs.py for tasks to queue
[2025-05-30T05:28:24.372+0000] {logging_mixin.py:188} INFO - [2025-05-30T05:28:24.371+0000] {dagbag.py:545} INFO - Filling up the DagBag from /home/airflow/.local/lib/python3.12/site-packages/airflow/example_dags/example_xcomargs.py
[2025-05-30T05:28:24.386+0000] {processor.py:840} INFO - DAG(s) 'example_xcom_args_with_operators', 'example_xcom_args' retrieved from /home/airflow/.local/lib/python3.12/site-packages/airflow/example_dags/example_xcomargs.py
[2025-05-30T05:28:24.419+0000] {logging_mixin.py:188} INFO - [2025-05-30T05:28:24.418+0000] {dag.py:3096} INFO - Sync 2 DAGs
[2025-05-30T05:28:24.434+0000] {logging_mixin.py:188} INFO - [2025-05-30T05:28:24.434+0000] {dag.py:3954} INFO - Setting next_dagrun for example_xcom_args to None, run_after=None
[2025-05-30T05:28:24.441+0000] {logging_mixin.py:188} INFO - [2025-05-30T05:28:24.441+0000] {dag.py:3954} INFO - Setting next_dagrun for example_xcom_args_with_operators to None, run_after=None
[2025-05-30T05:28:24.463+0000] {processor.py:183} INFO - Processing /home/airflow/.local/lib/python3.12/site-packages/airflow/example_dags/example_xcomargs.py took 0.104 seconds
[2025-05-30T05:28:54.947+0000] {processor.py:161} INFO - Started process (PID=9461) to work on /home/airflow/.local/lib/python3.12/site-packages/airflow/example_dags/example_xcomargs.py
[2025-05-30T05:28:54.948+0000] {processor.py:830} INFO - Processing file /home/airflow/.local/lib/python3.12/site-packages/airflow/example_dags/example_xcomargs.py for tasks to queue
[2025-05-30T05:28:54.950+0000] {logging_mixin.py:188} INFO - [2025-05-30T05:28:54.950+0000] {dagbag.py:545} INFO - Filling up the DagBag from /home/airflow/.local/lib/python3.12/site-packages/airflow/example_dags/example_xcomargs.py
[2025-05-30T05:28:54.957+0000] {processor.py:840} INFO - DAG(s) 'example_xcom_args', 'example_xcom_args_with_operators' retrieved from /home/airflow/.local/lib/python3.12/site-packages/airflow/example_dags/example_xcomargs.py
[2025-05-30T05:28:54.982+0000] {logging_mixin.py:188} INFO - [2025-05-30T05:28:54.981+0000] {dag.py:3096} INFO - Sync 2 DAGs
[2025-05-30T05:28:54.998+0000] {logging_mixin.py:188} INFO - [2025-05-30T05:28:54.997+0000] {dag.py:3954} INFO - Setting next_dagrun for example_xcom_args to None, run_after=None
[2025-05-30T05:28:55.007+0000] {logging_mixin.py:188} INFO - [2025-05-30T05:28:55.007+0000] {dag.py:3954} INFO - Setting next_dagrun for example_xcom_args_with_operators to None, run_after=None
[2025-05-30T05:28:55.050+0000] {processor.py:183} INFO - Processing /home/airflow/.local/lib/python3.12/site-packages/airflow/example_dags/example_xcomargs.py took 0.109 seconds
[2025-05-30T05:29:25.463+0000] {processor.py:161} INFO - Started process (PID=9734) to work on /home/airflow/.local/lib/python3.12/site-packages/airflow/example_dags/example_xcomargs.py
[2025-05-30T05:29:25.464+0000] {processor.py:830} INFO - Processing file /home/airflow/.local/lib/python3.12/site-packages/airflow/example_dags/example_xcomargs.py for tasks to queue
[2025-05-30T05:29:25.466+0000] {logging_mixin.py:188} INFO - [2025-05-30T05:29:25.465+0000] {dagbag.py:545} INFO - Filling up the DagBag from /home/airflow/.local/lib/python3.12/site-packages/airflow/example_dags/example_xcomargs.py
[2025-05-30T05:29:25.472+0000] {processor.py:840} INFO - DAG(s) 'example_xcom_args_with_operators', 'example_xcom_args' retrieved from /home/airflow/.local/lib/python3.12/site-packages/airflow/example_dags/example_xcomargs.py
[2025-05-30T05:29:25.494+0000] {logging_mixin.py:188} INFO - [2025-05-30T05:29:25.493+0000] {dag.py:3096} INFO - Sync 2 DAGs
[2025-05-30T05:29:25.505+0000] {logging_mixin.py:188} INFO - [2025-05-30T05:29:25.505+0000] {dag.py:3954} INFO - Setting next_dagrun for example_xcom_args to None, run_after=None
[2025-05-30T05:29:25.509+0000] {logging_mixin.py:188} INFO - [2025-05-30T05:29:25.509+0000] {dag.py:3954} INFO - Setting next_dagrun for example_xcom_args_with_operators to None, run_after=None
[2025-05-30T05:29:25.524+0000] {processor.py:183} INFO - Processing /home/airflow/.local/lib/python3.12/site-packages/airflow/example_dags/example_xcomargs.py took 0.067 seconds
[2025-05-30T05:29:55.762+0000] {processor.py:161} INFO - Started process (PID=10007) to work on /home/airflow/.local/lib/python3.12/site-packages/airflow/example_dags/example_xcomargs.py
[2025-05-30T05:29:55.764+0000] {processor.py:830} INFO - Processing file /home/airflow/.local/lib/python3.12/site-packages/airflow/example_dags/example_xcomargs.py for tasks to queue
[2025-05-30T05:29:55.766+0000] {logging_mixin.py:188} INFO - [2025-05-30T05:29:55.765+0000] {dagbag.py:545} INFO - Filling up the DagBag from /home/airflow/.local/lib/python3.12/site-packages/airflow/example_dags/example_xcomargs.py
[2025-05-30T05:29:55.775+0000] {processor.py:840} INFO - DAG(s) 'example_xcom_args_with_operators', 'example_xcom_args' retrieved from /home/airflow/.local/lib/python3.12/site-packages/airflow/example_dags/example_xcomargs.py
[2025-05-30T05:29:55.802+0000] {logging_mixin.py:188} INFO - [2025-05-30T05:29:55.802+0000] {dag.py:3096} INFO - Sync 2 DAGs
[2025-05-30T05:29:55.816+0000] {logging_mixin.py:188} INFO - [2025-05-30T05:29:55.816+0000] {dag.py:3954} INFO - Setting next_dagrun for example_xcom_args to None, run_after=None
[2025-05-30T05:29:55.821+0000] {logging_mixin.py:188} INFO - [2025-05-30T05:29:55.821+0000] {dag.py:3954} INFO - Setting next_dagrun for example_xcom_args_with_operators to None, run_after=None
[2025-05-30T05:29:55.851+0000] {processor.py:183} INFO - Processing /home/airflow/.local/lib/python3.12/site-packages/airflow/example_dags/example_xcomargs.py took 0.096 seconds
[2025-05-30T05:30:25.948+0000] {processor.py:161} INFO - Started process (PID=10276) to work on /home/airflow/.local/lib/python3.12/site-packages/airflow/example_dags/example_xcomargs.py
[2025-05-30T05:30:25.949+0000] {processor.py:830} INFO - Processing file /home/airflow/.local/lib/python3.12/site-packages/airflow/example_dags/example_xcomargs.py for tasks to queue
[2025-05-30T05:30:25.950+0000] {logging_mixin.py:188} INFO - [2025-05-30T05:30:25.950+0000] {dagbag.py:545} INFO - Filling up the DagBag from /home/airflow/.local/lib/python3.12/site-packages/airflow/example_dags/example_xcomargs.py
[2025-05-30T05:30:25.957+0000] {processor.py:840} INFO - DAG(s) 'example_xcom_args_with_operators', 'example_xcom_args' retrieved from /home/airflow/.local/lib/python3.12/site-packages/airflow/example_dags/example_xcomargs.py
[2025-05-30T05:30:25.975+0000] {logging_mixin.py:188} INFO - [2025-05-30T05:30:25.975+0000] {dag.py:3096} INFO - Sync 2 DAGs
[2025-05-30T05:30:25.986+0000] {logging_mixin.py:188} INFO - [2025-05-30T05:30:25.986+0000] {dag.py:3954} INFO - Setting next_dagrun for example_xcom_args to None, run_after=None
[2025-05-30T05:30:25.989+0000] {logging_mixin.py:188} INFO - [2025-05-30T05:30:25.989+0000] {dag.py:3954} INFO - Setting next_dagrun for example_xcom_args_with_operators to None, run_after=None
[2025-05-30T05:30:26.002+0000] {processor.py:183} INFO - Processing /home/airflow/.local/lib/python3.12/site-packages/airflow/example_dags/example_xcomargs.py took 0.063 seconds
[2025-05-30T05:30:56.161+0000] {processor.py:161} INFO - Started process (PID=10549) to work on /home/airflow/.local/lib/python3.12/site-packages/airflow/example_dags/example_xcomargs.py
[2025-05-30T05:30:56.162+0000] {processor.py:830} INFO - Processing file /home/airflow/.local/lib/python3.12/site-packages/airflow/example_dags/example_xcomargs.py for tasks to queue
[2025-05-30T05:30:56.163+0000] {logging_mixin.py:188} INFO - [2025-05-30T05:30:56.163+0000] {dagbag.py:545} INFO - Filling up the DagBag from /home/airflow/.local/lib/python3.12/site-packages/airflow/example_dags/example_xcomargs.py
[2025-05-30T05:30:56.170+0000] {processor.py:840} INFO - DAG(s) 'example_xcom_args_with_operators', 'example_xcom_args' retrieved from /home/airflow/.local/lib/python3.12/site-packages/airflow/example_dags/example_xcomargs.py
[2025-05-30T05:30:56.190+0000] {logging_mixin.py:188} INFO - [2025-05-30T05:30:56.190+0000] {dag.py:3096} INFO - Sync 2 DAGs
[2025-05-30T05:30:56.202+0000] {logging_mixin.py:188} INFO - [2025-05-30T05:30:56.202+0000] {dag.py:3954} INFO - Setting next_dagrun for example_xcom_args to None, run_after=None
[2025-05-30T05:30:56.205+0000] {logging_mixin.py:188} INFO - [2025-05-30T05:30:56.205+0000] {dag.py:3954} INFO - Setting next_dagrun for example_xcom_args_with_operators to None, run_after=None
[2025-05-30T05:30:56.231+0000] {processor.py:183} INFO - Processing /home/airflow/.local/lib/python3.12/site-packages/airflow/example_dags/example_xcomargs.py took 0.075 seconds
[2025-05-30T05:31:26.466+0000] {processor.py:161} INFO - Started process (PID=10825) to work on /home/airflow/.local/lib/python3.12/site-packages/airflow/example_dags/example_xcomargs.py
[2025-05-30T05:31:26.470+0000] {processor.py:830} INFO - Processing file /home/airflow/.local/lib/python3.12/site-packages/airflow/example_dags/example_xcomargs.py for tasks to queue
[2025-05-30T05:31:26.472+0000] {logging_mixin.py:188} INFO - [2025-05-30T05:31:26.471+0000] {dagbag.py:545} INFO - Filling up the DagBag from /home/airflow/.local/lib/python3.12/site-packages/airflow/example_dags/example_xcomargs.py
[2025-05-30T05:31:26.480+0000] {processor.py:840} INFO - DAG(s) 'example_xcom_args_with_operators', 'example_xcom_args' retrieved from /home/airflow/.local/lib/python3.12/site-packages/airflow/example_dags/example_xcomargs.py
[2025-05-30T05:31:26.503+0000] {logging_mixin.py:188} INFO - [2025-05-30T05:31:26.502+0000] {dag.py:3096} INFO - Sync 2 DAGs
[2025-05-30T05:31:26.517+0000] {logging_mixin.py:188} INFO - [2025-05-30T05:31:26.517+0000] {dag.py:3954} INFO - Setting next_dagrun for example_xcom_args to None, run_after=None
[2025-05-30T05:31:26.522+0000] {logging_mixin.py:188} INFO - [2025-05-30T05:31:26.522+0000] {dag.py:3954} INFO - Setting next_dagrun for example_xcom_args_with_operators to None, run_after=None
[2025-05-30T05:31:26.541+0000] {processor.py:183} INFO - Processing /home/airflow/.local/lib/python3.12/site-packages/airflow/example_dags/example_xcomargs.py took 0.082 seconds
[2025-05-30T05:31:56.734+0000] {processor.py:161} INFO - Started process (PID=11098) to work on /home/airflow/.local/lib/python3.12/site-packages/airflow/example_dags/example_xcomargs.py
[2025-05-30T05:31:56.735+0000] {processor.py:830} INFO - Processing file /home/airflow/.local/lib/python3.12/site-packages/airflow/example_dags/example_xcomargs.py for tasks to queue
[2025-05-30T05:31:56.737+0000] {logging_mixin.py:188} INFO - [2025-05-30T05:31:56.736+0000] {dagbag.py:545} INFO - Filling up the DagBag from /home/airflow/.local/lib/python3.12/site-packages/airflow/example_dags/example_xcomargs.py
[2025-05-30T05:31:56.744+0000] {processor.py:840} INFO - DAG(s) 'example_xcom_args', 'example_xcom_args_with_operators' retrieved from /home/airflow/.local/lib/python3.12/site-packages/airflow/example_dags/example_xcomargs.py
[2025-05-30T05:31:56.770+0000] {logging_mixin.py:188} INFO - [2025-05-30T05:31:56.770+0000] {dag.py:3096} INFO - Sync 2 DAGs
[2025-05-30T05:31:56.787+0000] {logging_mixin.py:188} INFO - [2025-05-30T05:31:56.787+0000] {dag.py:3954} INFO - Setting next_dagrun for example_xcom_args to None, run_after=None
[2025-05-30T05:31:56.792+0000] {logging_mixin.py:188} INFO - [2025-05-30T05:31:56.792+0000] {dag.py:3954} INFO - Setting next_dagrun for example_xcom_args_with_operators to None, run_after=None
[2025-05-30T05:31:56.817+0000] {processor.py:183} INFO - Processing /home/airflow/.local/lib/python3.12/site-packages/airflow/example_dags/example_xcomargs.py took 0.089 seconds
[2025-05-30T05:32:27.018+0000] {processor.py:161} INFO - Started process (PID=11371) to work on /home/airflow/.local/lib/python3.12/site-packages/airflow/example_dags/example_xcomargs.py
[2025-05-30T05:32:27.019+0000] {processor.py:830} INFO - Processing file /home/airflow/.local/lib/python3.12/site-packages/airflow/example_dags/example_xcomargs.py for tasks to queue
[2025-05-30T05:32:27.021+0000] {logging_mixin.py:188} INFO - [2025-05-30T05:32:27.020+0000] {dagbag.py:545} INFO - Filling up the DagBag from /home/airflow/.local/lib/python3.12/site-packages/airflow/example_dags/example_xcomargs.py
[2025-05-30T05:32:27.030+0000] {processor.py:840} INFO - DAG(s) 'example_xcom_args_with_operators', 'example_xcom_args' retrieved from /home/airflow/.local/lib/python3.12/site-packages/airflow/example_dags/example_xcomargs.py
[2025-05-30T05:32:27.051+0000] {logging_mixin.py:188} INFO - [2025-05-30T05:32:27.051+0000] {dag.py:3096} INFO - Sync 2 DAGs
[2025-05-30T05:32:27.063+0000] {logging_mixin.py:188} INFO - [2025-05-30T05:32:27.063+0000] {dag.py:3954} INFO - Setting next_dagrun for example_xcom_args to None, run_after=None
[2025-05-30T05:32:27.067+0000] {logging_mixin.py:188} INFO - [2025-05-30T05:32:27.066+0000] {dag.py:3954} INFO - Setting next_dagrun for example_xcom_args_with_operators to None, run_after=None
[2025-05-30T05:32:27.092+0000] {processor.py:183} INFO - Processing /home/airflow/.local/lib/python3.12/site-packages/airflow/example_dags/example_xcomargs.py took 0.080 seconds
[2025-05-30T05:32:57.273+0000] {processor.py:161} INFO - Started process (PID=11708) to work on /home/airflow/.local/lib/python3.12/site-packages/airflow/example_dags/example_xcomargs.py
[2025-05-30T05:32:57.274+0000] {processor.py:830} INFO - Processing file /home/airflow/.local/lib/python3.12/site-packages/airflow/example_dags/example_xcomargs.py for tasks to queue
[2025-05-30T05:32:57.282+0000] {logging_mixin.py:188} INFO - [2025-05-30T05:32:57.280+0000] {dagbag.py:545} INFO - Filling up the DagBag from /home/airflow/.local/lib/python3.12/site-packages/airflow/example_dags/example_xcomargs.py
[2025-05-30T05:32:57.311+0000] {processor.py:840} INFO - DAG(s) 'example_xcom_args', 'example_xcom_args_with_operators' retrieved from /home/airflow/.local/lib/python3.12/site-packages/airflow/example_dags/example_xcomargs.py
[2025-05-30T05:32:57.445+0000] {logging_mixin.py:188} INFO - [2025-05-30T05:32:57.445+0000] {dag.py:3096} INFO - Sync 2 DAGs
[2025-05-30T05:32:57.509+0000] {logging_mixin.py:188} INFO - [2025-05-30T05:32:57.508+0000] {dag.py:3954} INFO - Setting next_dagrun for example_xcom_args to None, run_after=None
[2025-05-30T05:32:57.520+0000] {logging_mixin.py:188} INFO - [2025-05-30T05:32:57.518+0000] {dag.py:3954} INFO - Setting next_dagrun for example_xcom_args_with_operators to None, run_after=None
[2025-05-30T05:32:57.593+0000] {processor.py:183} INFO - Processing /home/airflow/.local/lib/python3.12/site-packages/airflow/example_dags/example_xcomargs.py took 0.343 seconds
[2025-05-30T05:40:00.439+0000] {processor.py:161} INFO - Started process (PID=174) to work on /home/airflow/.local/lib/python3.12/site-packages/airflow/example_dags/example_xcomargs.py
[2025-05-30T05:40:00.440+0000] {processor.py:830} INFO - Processing file /home/airflow/.local/lib/python3.12/site-packages/airflow/example_dags/example_xcomargs.py for tasks to queue
[2025-05-30T05:40:00.442+0000] {logging_mixin.py:188} INFO - [2025-05-30T05:40:00.442+0000] {dagbag.py:545} INFO - Filling up the DagBag from /home/airflow/.local/lib/python3.12/site-packages/airflow/example_dags/example_xcomargs.py
[2025-05-30T05:40:00.456+0000] {processor.py:840} INFO - DAG(s) 'example_xcom_args_with_operators', 'example_xcom_args' retrieved from /home/airflow/.local/lib/python3.12/site-packages/airflow/example_dags/example_xcomargs.py
[2025-05-30T05:40:00.471+0000] {logging_mixin.py:188} INFO - [2025-05-30T05:40:00.470+0000] {dag.py:3096} INFO - Sync 2 DAGs
[2025-05-30T05:40:00.499+0000] {logging_mixin.py:188} INFO - [2025-05-30T05:40:00.499+0000] {dag.py:3954} INFO - Setting next_dagrun for example_xcom_args to None, run_after=None
[2025-05-30T05:40:00.508+0000] {logging_mixin.py:188} INFO - [2025-05-30T05:40:00.507+0000] {dag.py:3954} INFO - Setting next_dagrun for example_xcom_args_with_operators to None, run_after=None
[2025-05-30T05:40:00.540+0000] {processor.py:183} INFO - Processing /home/airflow/.local/lib/python3.12/site-packages/airflow/example_dags/example_xcomargs.py took 0.107 seconds
[2025-05-30T05:40:31.443+0000] {processor.py:161} INFO - Started process (PID=447) to work on /home/airflow/.local/lib/python3.12/site-packages/airflow/example_dags/example_xcomargs.py
[2025-05-30T05:40:31.443+0000] {processor.py:830} INFO - Processing file /home/airflow/.local/lib/python3.12/site-packages/airflow/example_dags/example_xcomargs.py for tasks to queue
[2025-05-30T05:40:31.445+0000] {logging_mixin.py:188} INFO - [2025-05-30T05:40:31.445+0000] {dagbag.py:545} INFO - Filling up the DagBag from /home/airflow/.local/lib/python3.12/site-packages/airflow/example_dags/example_xcomargs.py
[2025-05-30T05:40:31.454+0000] {processor.py:840} INFO - DAG(s) 'example_xcom_args_with_operators', 'example_xcom_args' retrieved from /home/airflow/.local/lib/python3.12/site-packages/airflow/example_dags/example_xcomargs.py
[2025-05-30T05:40:31.646+0000] {logging_mixin.py:188} INFO - [2025-05-30T05:40:31.646+0000] {dag.py:3096} INFO - Sync 2 DAGs
[2025-05-30T05:40:31.657+0000] {logging_mixin.py:188} INFO - [2025-05-30T05:40:31.656+0000] {dag.py:3954} INFO - Setting next_dagrun for example_xcom_args to None, run_after=None
[2025-05-30T05:40:31.660+0000] {logging_mixin.py:188} INFO - [2025-05-30T05:40:31.660+0000] {dag.py:3954} INFO - Setting next_dagrun for example_xcom_args_with_operators to None, run_after=None
[2025-05-30T05:40:31.689+0000] {processor.py:183} INFO - Processing /home/airflow/.local/lib/python3.12/site-packages/airflow/example_dags/example_xcomargs.py took 0.252 seconds
[2025-05-30T05:41:02.247+0000] {processor.py:161} INFO - Started process (PID=720) to work on /home/airflow/.local/lib/python3.12/site-packages/airflow/example_dags/example_xcomargs.py
[2025-05-30T05:41:02.248+0000] {processor.py:830} INFO - Processing file /home/airflow/.local/lib/python3.12/site-packages/airflow/example_dags/example_xcomargs.py for tasks to queue
[2025-05-30T05:41:02.250+0000] {logging_mixin.py:188} INFO - [2025-05-30T05:41:02.250+0000] {dagbag.py:545} INFO - Filling up the DagBag from /home/airflow/.local/lib/python3.12/site-packages/airflow/example_dags/example_xcomargs.py
[2025-05-30T05:41:02.258+0000] {processor.py:840} INFO - DAG(s) 'example_xcom_args_with_operators', 'example_xcom_args' retrieved from /home/airflow/.local/lib/python3.12/site-packages/airflow/example_dags/example_xcomargs.py
[2025-05-30T05:41:02.279+0000] {logging_mixin.py:188} INFO - [2025-05-30T05:41:02.279+0000] {dag.py:3096} INFO - Sync 2 DAGs
[2025-05-30T05:41:02.293+0000] {logging_mixin.py:188} INFO - [2025-05-30T05:41:02.293+0000] {dag.py:3954} INFO - Setting next_dagrun for example_xcom_args to None, run_after=None
[2025-05-30T05:41:02.297+0000] {logging_mixin.py:188} INFO - [2025-05-30T05:41:02.297+0000] {dag.py:3954} INFO - Setting next_dagrun for example_xcom_args_with_operators to None, run_after=None
[2025-05-30T05:41:02.311+0000] {processor.py:183} INFO - Processing /home/airflow/.local/lib/python3.12/site-packages/airflow/example_dags/example_xcomargs.py took 0.068 seconds
