[2025-05-30T04:40:35.729+0000] {processor.py:161} INFO - Started process (PID=288) to work on /home/airflow/.local/lib/python3.12/site-packages/airflow/example_dags/example_branch_datetime_operator.py
[2025-05-30T04:40:35.730+0000] {processor.py:830} INFO - Processing file /home/airflow/.local/lib/python3.12/site-packages/airflow/example_dags/example_branch_datetime_operator.py for tasks to queue
[2025-05-30T04:40:35.732+0000] {logging_mixin.py:188} INFO - [2025-05-30T04:40:35.731+0000] {dagbag.py:545} INFO - Filling up the DagBag from /home/airflow/.local/lib/python3.12/site-packages/airflow/example_dags/example_branch_datetime_operator.py
[2025-05-30T04:40:35.743+0000] {processor.py:840} INFO - DAG(s) 'example_branch_datetime_operator_2', 'example_branch_datetime_operator', 'example_branch_datetime_operator_3' retrieved from /home/airflow/.local/lib/python3.12/site-packages/airflow/example_dags/example_branch_datetime_operator.py
[2025-05-30T04:40:35.785+0000] {logging_mixin.py:188} INFO - [2025-05-30T04:40:35.785+0000] {dag.py:3096} INFO - Sync 3 DAGs
[2025-05-30T04:40:35.807+0000] {logging_mixin.py:188} INFO - [2025-05-30T04:40:35.807+0000] {dag.py:3954} INFO - Setting next_dagrun for example_branch_datetime_operator to 2025-05-29 00:00:00+00:00, run_after=2025-05-30 00:00:00+00:00
[2025-05-30T04:40:35.815+0000] {logging_mixin.py:188} INFO - [2025-05-30T04:40:35.815+0000] {dag.py:3954} INFO - Setting next_dagrun for example_branch_datetime_operator_2 to 2025-05-29 00:00:00+00:00, run_after=2025-05-30 00:00:00+00:00
[2025-05-30T04:40:35.818+0000] {logging_mixin.py:188} INFO - [2025-05-30T04:40:35.818+0000] {dag.py:3954} INFO - Setting next_dagrun for example_branch_datetime_operator_3 to 2025-05-29 00:00:00+00:00, run_after=2025-05-30 00:00:00+00:00
[2025-05-30T04:40:35.834+0000] {processor.py:183} INFO - Processing /home/airflow/.local/lib/python3.12/site-packages/airflow/example_dags/example_branch_datetime_operator.py took 0.110 seconds
[2025-05-30T04:41:07.084+0000] {processor.py:161} INFO - Started process (PID=561) to work on /home/airflow/.local/lib/python3.12/site-packages/airflow/example_dags/example_branch_datetime_operator.py
[2025-05-30T04:41:07.088+0000] {processor.py:830} INFO - Processing file /home/airflow/.local/lib/python3.12/site-packages/airflow/example_dags/example_branch_datetime_operator.py for tasks to queue
[2025-05-30T04:41:07.090+0000] {logging_mixin.py:188} INFO - [2025-05-30T04:41:07.090+0000] {dagbag.py:545} INFO - Filling up the DagBag from /home/airflow/.local/lib/python3.12/site-packages/airflow/example_dags/example_branch_datetime_operator.py
[2025-05-30T04:41:07.101+0000] {processor.py:840} INFO - DAG(s) 'example_branch_datetime_operator_2', 'example_branch_datetime_operator', 'example_branch_datetime_operator_3' retrieved from /home/airflow/.local/lib/python3.12/site-packages/airflow/example_dags/example_branch_datetime_operator.py
[2025-05-30T04:41:07.128+0000] {logging_mixin.py:188} INFO - [2025-05-30T04:41:07.128+0000] {dag.py:3096} INFO - Sync 3 DAGs
[2025-05-30T04:41:07.159+0000] {logging_mixin.py:188} INFO - [2025-05-30T04:41:07.158+0000] {dag.py:3954} INFO - Setting next_dagrun for example_branch_datetime_operator to 2025-05-29 00:00:00+00:00, run_after=2025-05-30 00:00:00+00:00
[2025-05-30T04:41:07.165+0000] {logging_mixin.py:188} INFO - [2025-05-30T04:41:07.165+0000] {dag.py:3954} INFO - Setting next_dagrun for example_branch_datetime_operator_2 to 2025-05-29 00:00:00+00:00, run_after=2025-05-30 00:00:00+00:00
[2025-05-30T04:41:07.169+0000] {logging_mixin.py:188} INFO - [2025-05-30T04:41:07.169+0000] {dag.py:3954} INFO - Setting next_dagrun for example_branch_datetime_operator_3 to 2025-05-29 00:00:00+00:00, run_after=2025-05-30 00:00:00+00:00
[2025-05-30T04:41:07.193+0000] {processor.py:183} INFO - Processing /home/airflow/.local/lib/python3.12/site-packages/airflow/example_dags/example_branch_datetime_operator.py took 0.114 seconds
[2025-05-30T04:41:37.881+0000] {processor.py:161} INFO - Started process (PID=834) to work on /home/airflow/.local/lib/python3.12/site-packages/airflow/example_dags/example_branch_datetime_operator.py
[2025-05-30T04:41:37.882+0000] {processor.py:830} INFO - Processing file /home/airflow/.local/lib/python3.12/site-packages/airflow/example_dags/example_branch_datetime_operator.py for tasks to queue
[2025-05-30T04:41:37.884+0000] {logging_mixin.py:188} INFO - [2025-05-30T04:41:37.884+0000] {dagbag.py:545} INFO - Filling up the DagBag from /home/airflow/.local/lib/python3.12/site-packages/airflow/example_dags/example_branch_datetime_operator.py
[2025-05-30T04:41:37.895+0000] {processor.py:840} INFO - DAG(s) 'example_branch_datetime_operator_3', 'example_branch_datetime_operator', 'example_branch_datetime_operator_2' retrieved from /home/airflow/.local/lib/python3.12/site-packages/airflow/example_dags/example_branch_datetime_operator.py
[2025-05-30T04:41:37.921+0000] {logging_mixin.py:188} INFO - [2025-05-30T04:41:37.921+0000] {dag.py:3096} INFO - Sync 3 DAGs
[2025-05-30T04:41:37.942+0000] {logging_mixin.py:188} INFO - [2025-05-30T04:41:37.941+0000] {dag.py:3954} INFO - Setting next_dagrun for example_branch_datetime_operator to 2025-05-29 00:00:00+00:00, run_after=2025-05-30 00:00:00+00:00
[2025-05-30T04:41:37.946+0000] {logging_mixin.py:188} INFO - [2025-05-30T04:41:37.946+0000] {dag.py:3954} INFO - Setting next_dagrun for example_branch_datetime_operator_2 to 2025-05-29 00:00:00+00:00, run_after=2025-05-30 00:00:00+00:00
[2025-05-30T04:41:37.949+0000] {logging_mixin.py:188} INFO - [2025-05-30T04:41:37.949+0000] {dag.py:3954} INFO - Setting next_dagrun for example_branch_datetime_operator_3 to 2025-05-29 00:00:00+00:00, run_after=2025-05-30 00:00:00+00:00
[2025-05-30T04:41:37.965+0000] {processor.py:183} INFO - Processing /home/airflow/.local/lib/python3.12/site-packages/airflow/example_dags/example_branch_datetime_operator.py took 0.091 seconds
[2025-05-30T04:42:09.332+0000] {processor.py:161} INFO - Started process (PID=1106) to work on /home/airflow/.local/lib/python3.12/site-packages/airflow/example_dags/example_branch_datetime_operator.py
[2025-05-30T04:42:09.333+0000] {processor.py:830} INFO - Processing file /home/airflow/.local/lib/python3.12/site-packages/airflow/example_dags/example_branch_datetime_operator.py for tasks to queue
[2025-05-30T04:42:09.337+0000] {logging_mixin.py:188} INFO - [2025-05-30T04:42:09.336+0000] {dagbag.py:545} INFO - Filling up the DagBag from /home/airflow/.local/lib/python3.12/site-packages/airflow/example_dags/example_branch_datetime_operator.py
[2025-05-30T04:42:09.348+0000] {processor.py:840} INFO - DAG(s) 'example_branch_datetime_operator_3', 'example_branch_datetime_operator', 'example_branch_datetime_operator_2' retrieved from /home/airflow/.local/lib/python3.12/site-packages/airflow/example_dags/example_branch_datetime_operator.py
[2025-05-30T04:42:09.388+0000] {logging_mixin.py:188} INFO - [2025-05-30T04:42:09.388+0000] {dag.py:3096} INFO - Sync 3 DAGs
[2025-05-30T04:42:09.408+0000] {logging_mixin.py:188} INFO - [2025-05-30T04:42:09.408+0000] {dag.py:3954} INFO - Setting next_dagrun for example_branch_datetime_operator to 2025-05-29 00:00:00+00:00, run_after=2025-05-30 00:00:00+00:00
[2025-05-30T04:42:09.413+0000] {logging_mixin.py:188} INFO - [2025-05-30T04:42:09.413+0000] {dag.py:3954} INFO - Setting next_dagrun for example_branch_datetime_operator_2 to 2025-05-29 00:00:00+00:00, run_after=2025-05-30 00:00:00+00:00
[2025-05-30T04:42:09.415+0000] {logging_mixin.py:188} INFO - [2025-05-30T04:42:09.415+0000] {dag.py:3954} INFO - Setting next_dagrun for example_branch_datetime_operator_3 to 2025-05-29 00:00:00+00:00, run_after=2025-05-30 00:00:00+00:00
[2025-05-30T04:42:09.435+0000] {processor.py:183} INFO - Processing /home/airflow/.local/lib/python3.12/site-packages/airflow/example_dags/example_branch_datetime_operator.py took 0.107 seconds
[2025-05-30T04:42:40.537+0000] {processor.py:161} INFO - Started process (PID=1379) to work on /home/airflow/.local/lib/python3.12/site-packages/airflow/example_dags/example_branch_datetime_operator.py
[2025-05-30T04:42:40.539+0000] {processor.py:830} INFO - Processing file /home/airflow/.local/lib/python3.12/site-packages/airflow/example_dags/example_branch_datetime_operator.py for tasks to queue
[2025-05-30T04:42:40.541+0000] {logging_mixin.py:188} INFO - [2025-05-30T04:42:40.541+0000] {dagbag.py:545} INFO - Filling up the DagBag from /home/airflow/.local/lib/python3.12/site-packages/airflow/example_dags/example_branch_datetime_operator.py
[2025-05-30T04:42:40.553+0000] {processor.py:840} INFO - DAG(s) 'example_branch_datetime_operator_3', 'example_branch_datetime_operator_2', 'example_branch_datetime_operator' retrieved from /home/airflow/.local/lib/python3.12/site-packages/airflow/example_dags/example_branch_datetime_operator.py
[2025-05-30T04:42:40.590+0000] {logging_mixin.py:188} INFO - [2025-05-30T04:42:40.590+0000] {dag.py:3096} INFO - Sync 3 DAGs
[2025-05-30T04:42:40.624+0000] {logging_mixin.py:188} INFO - [2025-05-30T04:42:40.624+0000] {dag.py:3954} INFO - Setting next_dagrun for example_branch_datetime_operator to 2025-05-29 00:00:00+00:00, run_after=2025-05-30 00:00:00+00:00
[2025-05-30T04:42:40.632+0000] {logging_mixin.py:188} INFO - [2025-05-30T04:42:40.632+0000] {dag.py:3954} INFO - Setting next_dagrun for example_branch_datetime_operator_2 to 2025-05-29 00:00:00+00:00, run_after=2025-05-30 00:00:00+00:00
[2025-05-30T04:42:40.636+0000] {logging_mixin.py:188} INFO - [2025-05-30T04:42:40.636+0000] {dag.py:3954} INFO - Setting next_dagrun for example_branch_datetime_operator_3 to 2025-05-29 00:00:00+00:00, run_after=2025-05-30 00:00:00+00:00
[2025-05-30T04:42:40.667+0000] {processor.py:183} INFO - Processing /home/airflow/.local/lib/python3.12/site-packages/airflow/example_dags/example_branch_datetime_operator.py took 0.135 seconds
[2025-05-30T04:43:11.197+0000] {processor.py:161} INFO - Started process (PID=1654) to work on /home/airflow/.local/lib/python3.12/site-packages/airflow/example_dags/example_branch_datetime_operator.py
[2025-05-30T04:43:11.198+0000] {processor.py:830} INFO - Processing file /home/airflow/.local/lib/python3.12/site-packages/airflow/example_dags/example_branch_datetime_operator.py for tasks to queue
[2025-05-30T04:43:11.201+0000] {logging_mixin.py:188} INFO - [2025-05-30T04:43:11.200+0000] {dagbag.py:545} INFO - Filling up the DagBag from /home/airflow/.local/lib/python3.12/site-packages/airflow/example_dags/example_branch_datetime_operator.py
[2025-05-30T04:43:11.215+0000] {processor.py:840} INFO - DAG(s) 'example_branch_datetime_operator', 'example_branch_datetime_operator_2', 'example_branch_datetime_operator_3' retrieved from /home/airflow/.local/lib/python3.12/site-packages/airflow/example_dags/example_branch_datetime_operator.py
[2025-05-30T04:43:11.258+0000] {logging_mixin.py:188} INFO - [2025-05-30T04:43:11.258+0000] {dag.py:3096} INFO - Sync 3 DAGs
[2025-05-30T04:43:11.284+0000] {logging_mixin.py:188} INFO - [2025-05-30T04:43:11.284+0000] {dag.py:3954} INFO - Setting next_dagrun for example_branch_datetime_operator to 2025-05-29 00:00:00+00:00, run_after=2025-05-30 00:00:00+00:00
[2025-05-30T04:43:11.290+0000] {logging_mixin.py:188} INFO - [2025-05-30T04:43:11.290+0000] {dag.py:3954} INFO - Setting next_dagrun for example_branch_datetime_operator_2 to 2025-05-29 00:00:00+00:00, run_after=2025-05-30 00:00:00+00:00
[2025-05-30T04:43:11.294+0000] {logging_mixin.py:188} INFO - [2025-05-30T04:43:11.294+0000] {dag.py:3954} INFO - Setting next_dagrun for example_branch_datetime_operator_3 to 2025-05-29 00:00:00+00:00, run_after=2025-05-30 00:00:00+00:00
[2025-05-30T04:43:11.312+0000] {processor.py:183} INFO - Processing /home/airflow/.local/lib/python3.12/site-packages/airflow/example_dags/example_branch_datetime_operator.py took 0.119 seconds
[2025-05-30T04:43:41.841+0000] {processor.py:161} INFO - Started process (PID=1924) to work on /home/airflow/.local/lib/python3.12/site-packages/airflow/example_dags/example_branch_datetime_operator.py
[2025-05-30T04:43:41.842+0000] {processor.py:830} INFO - Processing file /home/airflow/.local/lib/python3.12/site-packages/airflow/example_dags/example_branch_datetime_operator.py for tasks to queue
[2025-05-30T04:43:41.844+0000] {logging_mixin.py:188} INFO - [2025-05-30T04:43:41.843+0000] {dagbag.py:545} INFO - Filling up the DagBag from /home/airflow/.local/lib/python3.12/site-packages/airflow/example_dags/example_branch_datetime_operator.py
[2025-05-30T04:43:41.852+0000] {processor.py:840} INFO - DAG(s) 'example_branch_datetime_operator_2', 'example_branch_datetime_operator_3', 'example_branch_datetime_operator' retrieved from /home/airflow/.local/lib/python3.12/site-packages/airflow/example_dags/example_branch_datetime_operator.py
[2025-05-30T04:43:41.877+0000] {logging_mixin.py:188} INFO - [2025-05-30T04:43:41.877+0000] {dag.py:3096} INFO - Sync 3 DAGs
[2025-05-30T04:43:41.899+0000] {logging_mixin.py:188} INFO - [2025-05-30T04:43:41.899+0000] {dag.py:3954} INFO - Setting next_dagrun for example_branch_datetime_operator to 2025-05-29 00:00:00+00:00, run_after=2025-05-30 00:00:00+00:00
[2025-05-30T04:43:41.904+0000] {logging_mixin.py:188} INFO - [2025-05-30T04:43:41.904+0000] {dag.py:3954} INFO - Setting next_dagrun for example_branch_datetime_operator_2 to 2025-05-29 00:00:00+00:00, run_after=2025-05-30 00:00:00+00:00
[2025-05-30T04:43:41.907+0000] {logging_mixin.py:188} INFO - [2025-05-30T04:43:41.907+0000] {dag.py:3954} INFO - Setting next_dagrun for example_branch_datetime_operator_3 to 2025-05-29 00:00:00+00:00, run_after=2025-05-30 00:00:00+00:00
[2025-05-30T04:43:41.922+0000] {processor.py:183} INFO - Processing /home/airflow/.local/lib/python3.12/site-packages/airflow/example_dags/example_branch_datetime_operator.py took 0.086 seconds
[2025-05-30T04:44:12.283+0000] {processor.py:161} INFO - Started process (PID=2197) to work on /home/airflow/.local/lib/python3.12/site-packages/airflow/example_dags/example_branch_datetime_operator.py
[2025-05-30T04:44:12.285+0000] {processor.py:830} INFO - Processing file /home/airflow/.local/lib/python3.12/site-packages/airflow/example_dags/example_branch_datetime_operator.py for tasks to queue
[2025-05-30T04:44:12.287+0000] {logging_mixin.py:188} INFO - [2025-05-30T04:44:12.286+0000] {dagbag.py:545} INFO - Filling up the DagBag from /home/airflow/.local/lib/python3.12/site-packages/airflow/example_dags/example_branch_datetime_operator.py
[2025-05-30T04:44:12.298+0000] {processor.py:840} INFO - DAG(s) 'example_branch_datetime_operator_3', 'example_branch_datetime_operator', 'example_branch_datetime_operator_2' retrieved from /home/airflow/.local/lib/python3.12/site-packages/airflow/example_dags/example_branch_datetime_operator.py
[2025-05-30T04:44:12.330+0000] {logging_mixin.py:188} INFO - [2025-05-30T04:44:12.330+0000] {dag.py:3096} INFO - Sync 3 DAGs
[2025-05-30T04:44:12.357+0000] {logging_mixin.py:188} INFO - [2025-05-30T04:44:12.357+0000] {dag.py:3954} INFO - Setting next_dagrun for example_branch_datetime_operator to 2025-05-29 00:00:00+00:00, run_after=2025-05-30 00:00:00+00:00
[2025-05-30T04:44:12.364+0000] {logging_mixin.py:188} INFO - [2025-05-30T04:44:12.364+0000] {dag.py:3954} INFO - Setting next_dagrun for example_branch_datetime_operator_2 to 2025-05-29 00:00:00+00:00, run_after=2025-05-30 00:00:00+00:00
[2025-05-30T04:44:12.367+0000] {logging_mixin.py:188} INFO - [2025-05-30T04:44:12.367+0000] {dag.py:3954} INFO - Setting next_dagrun for example_branch_datetime_operator_3 to 2025-05-29 00:00:00+00:00, run_after=2025-05-30 00:00:00+00:00
[2025-05-30T04:44:12.389+0000] {processor.py:183} INFO - Processing /home/airflow/.local/lib/python3.12/site-packages/airflow/example_dags/example_branch_datetime_operator.py took 0.112 seconds
[2025-05-30T04:44:43.172+0000] {processor.py:161} INFO - Started process (PID=2472) to work on /home/airflow/.local/lib/python3.12/site-packages/airflow/example_dags/example_branch_datetime_operator.py
[2025-05-30T04:44:43.173+0000] {processor.py:830} INFO - Processing file /home/airflow/.local/lib/python3.12/site-packages/airflow/example_dags/example_branch_datetime_operator.py for tasks to queue
[2025-05-30T04:44:43.175+0000] {logging_mixin.py:188} INFO - [2025-05-30T04:44:43.174+0000] {dagbag.py:545} INFO - Filling up the DagBag from /home/airflow/.local/lib/python3.12/site-packages/airflow/example_dags/example_branch_datetime_operator.py
[2025-05-30T04:44:43.186+0000] {processor.py:840} INFO - DAG(s) 'example_branch_datetime_operator_2', 'example_branch_datetime_operator_3', 'example_branch_datetime_operator' retrieved from /home/airflow/.local/lib/python3.12/site-packages/airflow/example_dags/example_branch_datetime_operator.py
[2025-05-30T04:44:43.218+0000] {logging_mixin.py:188} INFO - [2025-05-30T04:44:43.217+0000] {dag.py:3096} INFO - Sync 3 DAGs
[2025-05-30T04:44:43.248+0000] {logging_mixin.py:188} INFO - [2025-05-30T04:44:43.248+0000] {dag.py:3954} INFO - Setting next_dagrun for example_branch_datetime_operator to 2025-05-29 00:00:00+00:00, run_after=2025-05-30 00:00:00+00:00
[2025-05-30T04:44:43.254+0000] {logging_mixin.py:188} INFO - [2025-05-30T04:44:43.254+0000] {dag.py:3954} INFO - Setting next_dagrun for example_branch_datetime_operator_2 to 2025-05-29 00:00:00+00:00, run_after=2025-05-30 00:00:00+00:00
[2025-05-30T04:44:43.257+0000] {logging_mixin.py:188} INFO - [2025-05-30T04:44:43.257+0000] {dag.py:3954} INFO - Setting next_dagrun for example_branch_datetime_operator_3 to 2025-05-29 00:00:00+00:00, run_after=2025-05-30 00:00:00+00:00
[2025-05-30T04:44:43.274+0000] {processor.py:183} INFO - Processing /home/airflow/.local/lib/python3.12/site-packages/airflow/example_dags/example_branch_datetime_operator.py took 0.107 seconds
[2025-05-30T04:45:13.823+0000] {processor.py:161} INFO - Started process (PID=2742) to work on /home/airflow/.local/lib/python3.12/site-packages/airflow/example_dags/example_branch_datetime_operator.py
[2025-05-30T04:45:13.824+0000] {processor.py:830} INFO - Processing file /home/airflow/.local/lib/python3.12/site-packages/airflow/example_dags/example_branch_datetime_operator.py for tasks to queue
[2025-05-30T04:45:13.826+0000] {logging_mixin.py:188} INFO - [2025-05-30T04:45:13.826+0000] {dagbag.py:545} INFO - Filling up the DagBag from /home/airflow/.local/lib/python3.12/site-packages/airflow/example_dags/example_branch_datetime_operator.py
[2025-05-30T04:45:13.835+0000] {processor.py:840} INFO - DAG(s) 'example_branch_datetime_operator', 'example_branch_datetime_operator_2', 'example_branch_datetime_operator_3' retrieved from /home/airflow/.local/lib/python3.12/site-packages/airflow/example_dags/example_branch_datetime_operator.py
[2025-05-30T04:45:13.863+0000] {logging_mixin.py:188} INFO - [2025-05-30T04:45:13.863+0000] {dag.py:3096} INFO - Sync 3 DAGs
[2025-05-30T04:45:13.897+0000] {logging_mixin.py:188} INFO - [2025-05-30T04:45:13.897+0000] {dag.py:3954} INFO - Setting next_dagrun for example_branch_datetime_operator to 2025-05-29 00:00:00+00:00, run_after=2025-05-30 00:00:00+00:00
[2025-05-30T04:45:13.906+0000] {logging_mixin.py:188} INFO - [2025-05-30T04:45:13.906+0000] {dag.py:3954} INFO - Setting next_dagrun for example_branch_datetime_operator_2 to 2025-05-29 00:00:00+00:00, run_after=2025-05-30 00:00:00+00:00
[2025-05-30T04:45:13.910+0000] {logging_mixin.py:188} INFO - [2025-05-30T04:45:13.910+0000] {dag.py:3954} INFO - Setting next_dagrun for example_branch_datetime_operator_3 to 2025-05-29 00:00:00+00:00, run_after=2025-05-30 00:00:00+00:00
[2025-05-30T04:45:13.975+0000] {processor.py:183} INFO - Processing /home/airflow/.local/lib/python3.12/site-packages/airflow/example_dags/example_branch_datetime_operator.py took 0.159 seconds
[2025-05-30T04:45:44.817+0000] {processor.py:161} INFO - Started process (PID=3015) to work on /home/airflow/.local/lib/python3.12/site-packages/airflow/example_dags/example_branch_datetime_operator.py
[2025-05-30T04:45:44.818+0000] {processor.py:830} INFO - Processing file /home/airflow/.local/lib/python3.12/site-packages/airflow/example_dags/example_branch_datetime_operator.py for tasks to queue
[2025-05-30T04:45:44.820+0000] {logging_mixin.py:188} INFO - [2025-05-30T04:45:44.820+0000] {dagbag.py:545} INFO - Filling up the DagBag from /home/airflow/.local/lib/python3.12/site-packages/airflow/example_dags/example_branch_datetime_operator.py
[2025-05-30T04:45:44.830+0000] {processor.py:840} INFO - DAG(s) 'example_branch_datetime_operator_3', 'example_branch_datetime_operator_2', 'example_branch_datetime_operator' retrieved from /home/airflow/.local/lib/python3.12/site-packages/airflow/example_dags/example_branch_datetime_operator.py
[2025-05-30T04:45:44.855+0000] {logging_mixin.py:188} INFO - [2025-05-30T04:45:44.855+0000] {dag.py:3096} INFO - Sync 3 DAGs
[2025-05-30T04:45:44.876+0000] {logging_mixin.py:188} INFO - [2025-05-30T04:45:44.875+0000] {dag.py:3954} INFO - Setting next_dagrun for example_branch_datetime_operator to 2025-05-29 00:00:00+00:00, run_after=2025-05-30 00:00:00+00:00
[2025-05-30T04:45:44.881+0000] {logging_mixin.py:188} INFO - [2025-05-30T04:45:44.881+0000] {dag.py:3954} INFO - Setting next_dagrun for example_branch_datetime_operator_2 to 2025-05-29 00:00:00+00:00, run_after=2025-05-30 00:00:00+00:00
[2025-05-30T04:45:44.884+0000] {logging_mixin.py:188} INFO - [2025-05-30T04:45:44.884+0000] {dag.py:3954} INFO - Setting next_dagrun for example_branch_datetime_operator_3 to 2025-05-29 00:00:00+00:00, run_after=2025-05-30 00:00:00+00:00
[2025-05-30T04:45:44.900+0000] {processor.py:183} INFO - Processing /home/airflow/.local/lib/python3.12/site-packages/airflow/example_dags/example_branch_datetime_operator.py took 0.088 seconds
[2025-05-30T04:46:15.164+0000] {processor.py:161} INFO - Started process (PID=3282) to work on /home/airflow/.local/lib/python3.12/site-packages/airflow/example_dags/example_branch_datetime_operator.py
[2025-05-30T04:46:15.166+0000] {processor.py:830} INFO - Processing file /home/airflow/.local/lib/python3.12/site-packages/airflow/example_dags/example_branch_datetime_operator.py for tasks to queue
[2025-05-30T04:46:15.175+0000] {logging_mixin.py:188} INFO - [2025-05-30T04:46:15.171+0000] {dagbag.py:545} INFO - Filling up the DagBag from /home/airflow/.local/lib/python3.12/site-packages/airflow/example_dags/example_branch_datetime_operator.py
[2025-05-30T04:46:15.212+0000] {processor.py:840} INFO - DAG(s) 'example_branch_datetime_operator', 'example_branch_datetime_operator_3', 'example_branch_datetime_operator_2' retrieved from /home/airflow/.local/lib/python3.12/site-packages/airflow/example_dags/example_branch_datetime_operator.py
[2025-05-30T04:46:15.300+0000] {logging_mixin.py:188} INFO - [2025-05-30T04:46:15.299+0000] {dag.py:3096} INFO - Sync 3 DAGs
[2025-05-30T04:46:15.402+0000] {logging_mixin.py:188} INFO - [2025-05-30T04:46:15.402+0000] {dag.py:3954} INFO - Setting next_dagrun for example_branch_datetime_operator to 2025-05-29 00:00:00+00:00, run_after=2025-05-30 00:00:00+00:00
[2025-05-30T04:46:15.411+0000] {logging_mixin.py:188} INFO - [2025-05-30T04:46:15.411+0000] {dag.py:3954} INFO - Setting next_dagrun for example_branch_datetime_operator_2 to 2025-05-29 00:00:00+00:00, run_after=2025-05-30 00:00:00+00:00
[2025-05-30T04:46:15.416+0000] {logging_mixin.py:188} INFO - [2025-05-30T04:46:15.416+0000] {dag.py:3954} INFO - Setting next_dagrun for example_branch_datetime_operator_3 to 2025-05-29 00:00:00+00:00, run_after=2025-05-30 00:00:00+00:00
[2025-05-30T04:46:15.458+0000] {processor.py:183} INFO - Processing /home/airflow/.local/lib/python3.12/site-packages/airflow/example_dags/example_branch_datetime_operator.py took 0.325 seconds
[2025-05-30T04:46:45.795+0000] {processor.py:161} INFO - Started process (PID=3557) to work on /home/airflow/.local/lib/python3.12/site-packages/airflow/example_dags/example_branch_datetime_operator.py
[2025-05-30T04:46:45.796+0000] {processor.py:830} INFO - Processing file /home/airflow/.local/lib/python3.12/site-packages/airflow/example_dags/example_branch_datetime_operator.py for tasks to queue
[2025-05-30T04:46:45.798+0000] {logging_mixin.py:188} INFO - [2025-05-30T04:46:45.797+0000] {dagbag.py:545} INFO - Filling up the DagBag from /home/airflow/.local/lib/python3.12/site-packages/airflow/example_dags/example_branch_datetime_operator.py
[2025-05-30T04:46:45.806+0000] {processor.py:840} INFO - DAG(s) 'example_branch_datetime_operator_2', 'example_branch_datetime_operator_3', 'example_branch_datetime_operator' retrieved from /home/airflow/.local/lib/python3.12/site-packages/airflow/example_dags/example_branch_datetime_operator.py
[2025-05-30T04:46:45.816+0000] {logging_mixin.py:188} INFO - [2025-05-30T04:46:45.816+0000] {dag.py:3096} INFO - Sync 3 DAGs
[2025-05-30T04:46:45.838+0000] {logging_mixin.py:188} INFO - [2025-05-30T04:46:45.838+0000] {dag.py:3954} INFO - Setting next_dagrun for example_branch_datetime_operator to 2025-05-29 00:00:00+00:00, run_after=2025-05-30 00:00:00+00:00
[2025-05-30T04:46:45.842+0000] {logging_mixin.py:188} INFO - [2025-05-30T04:46:45.842+0000] {dag.py:3954} INFO - Setting next_dagrun for example_branch_datetime_operator_2 to 2025-05-29 00:00:00+00:00, run_after=2025-05-30 00:00:00+00:00
[2025-05-30T04:46:45.845+0000] {logging_mixin.py:188} INFO - [2025-05-30T04:46:45.845+0000] {dag.py:3954} INFO - Setting next_dagrun for example_branch_datetime_operator_3 to 2025-05-29 00:00:00+00:00, run_after=2025-05-30 00:00:00+00:00
[2025-05-30T04:46:45.858+0000] {processor.py:183} INFO - Processing /home/airflow/.local/lib/python3.12/site-packages/airflow/example_dags/example_branch_datetime_operator.py took 0.067 seconds
[2025-05-30T04:47:16.544+0000] {processor.py:161} INFO - Started process (PID=3827) to work on /home/airflow/.local/lib/python3.12/site-packages/airflow/example_dags/example_branch_datetime_operator.py
[2025-05-30T04:47:16.545+0000] {processor.py:830} INFO - Processing file /home/airflow/.local/lib/python3.12/site-packages/airflow/example_dags/example_branch_datetime_operator.py for tasks to queue
[2025-05-30T04:47:16.546+0000] {logging_mixin.py:188} INFO - [2025-05-30T04:47:16.546+0000] {dagbag.py:545} INFO - Filling up the DagBag from /home/airflow/.local/lib/python3.12/site-packages/airflow/example_dags/example_branch_datetime_operator.py
[2025-05-30T04:47:16.556+0000] {processor.py:840} INFO - DAG(s) 'example_branch_datetime_operator_2', 'example_branch_datetime_operator', 'example_branch_datetime_operator_3' retrieved from /home/airflow/.local/lib/python3.12/site-packages/airflow/example_dags/example_branch_datetime_operator.py
[2025-05-30T04:47:16.684+0000] {logging_mixin.py:188} INFO - [2025-05-30T04:47:16.684+0000] {dag.py:3096} INFO - Sync 3 DAGs
[2025-05-30T04:47:16.701+0000] {logging_mixin.py:188} INFO - [2025-05-30T04:47:16.700+0000] {dag.py:3954} INFO - Setting next_dagrun for example_branch_datetime_operator to 2025-05-29 00:00:00+00:00, run_after=2025-05-30 00:00:00+00:00
[2025-05-30T04:47:16.706+0000] {logging_mixin.py:188} INFO - [2025-05-30T04:47:16.705+0000] {dag.py:3954} INFO - Setting next_dagrun for example_branch_datetime_operator_2 to 2025-05-29 00:00:00+00:00, run_after=2025-05-30 00:00:00+00:00
[2025-05-30T04:47:16.709+0000] {logging_mixin.py:188} INFO - [2025-05-30T04:47:16.709+0000] {dag.py:3954} INFO - Setting next_dagrun for example_branch_datetime_operator_3 to 2025-05-29 00:00:00+00:00, run_after=2025-05-30 00:00:00+00:00
[2025-05-30T04:47:16.727+0000] {processor.py:183} INFO - Processing /home/airflow/.local/lib/python3.12/site-packages/airflow/example_dags/example_branch_datetime_operator.py took 0.190 seconds
[2025-05-30T04:47:47.608+0000] {processor.py:161} INFO - Started process (PID=4100) to work on /home/airflow/.local/lib/python3.12/site-packages/airflow/example_dags/example_branch_datetime_operator.py
[2025-05-30T04:47:47.609+0000] {processor.py:830} INFO - Processing file /home/airflow/.local/lib/python3.12/site-packages/airflow/example_dags/example_branch_datetime_operator.py for tasks to queue
[2025-05-30T04:47:47.610+0000] {logging_mixin.py:188} INFO - [2025-05-30T04:47:47.610+0000] {dagbag.py:545} INFO - Filling up the DagBag from /home/airflow/.local/lib/python3.12/site-packages/airflow/example_dags/example_branch_datetime_operator.py
[2025-05-30T04:47:47.621+0000] {processor.py:840} INFO - DAG(s) 'example_branch_datetime_operator', 'example_branch_datetime_operator_2', 'example_branch_datetime_operator_3' retrieved from /home/airflow/.local/lib/python3.12/site-packages/airflow/example_dags/example_branch_datetime_operator.py
[2025-05-30T04:47:47.656+0000] {logging_mixin.py:188} INFO - [2025-05-30T04:47:47.656+0000] {dag.py:3096} INFO - Sync 3 DAGs
[2025-05-30T04:47:47.685+0000] {logging_mixin.py:188} INFO - [2025-05-30T04:47:47.684+0000] {dag.py:3954} INFO - Setting next_dagrun for example_branch_datetime_operator to 2025-05-29 00:00:00+00:00, run_after=2025-05-30 00:00:00+00:00
[2025-05-30T04:47:47.690+0000] {logging_mixin.py:188} INFO - [2025-05-30T04:47:47.690+0000] {dag.py:3954} INFO - Setting next_dagrun for example_branch_datetime_operator_2 to 2025-05-29 00:00:00+00:00, run_after=2025-05-30 00:00:00+00:00
[2025-05-30T04:47:47.693+0000] {logging_mixin.py:188} INFO - [2025-05-30T04:47:47.693+0000] {dag.py:3954} INFO - Setting next_dagrun for example_branch_datetime_operator_3 to 2025-05-29 00:00:00+00:00, run_after=2025-05-30 00:00:00+00:00
[2025-05-30T04:47:47.713+0000] {processor.py:183} INFO - Processing /home/airflow/.local/lib/python3.12/site-packages/airflow/example_dags/example_branch_datetime_operator.py took 0.111 seconds
[2025-05-30T04:48:18.058+0000] {processor.py:161} INFO - Started process (PID=4373) to work on /home/airflow/.local/lib/python3.12/site-packages/airflow/example_dags/example_branch_datetime_operator.py
[2025-05-30T04:48:18.061+0000] {processor.py:830} INFO - Processing file /home/airflow/.local/lib/python3.12/site-packages/airflow/example_dags/example_branch_datetime_operator.py for tasks to queue
[2025-05-30T04:48:18.063+0000] {logging_mixin.py:188} INFO - [2025-05-30T04:48:18.062+0000] {dagbag.py:545} INFO - Filling up the DagBag from /home/airflow/.local/lib/python3.12/site-packages/airflow/example_dags/example_branch_datetime_operator.py
[2025-05-30T04:48:18.071+0000] {processor.py:840} INFO - DAG(s) 'example_branch_datetime_operator_2', 'example_branch_datetime_operator_3', 'example_branch_datetime_operator' retrieved from /home/airflow/.local/lib/python3.12/site-packages/airflow/example_dags/example_branch_datetime_operator.py
[2025-05-30T04:48:18.104+0000] {logging_mixin.py:188} INFO - [2025-05-30T04:48:18.103+0000] {dag.py:3096} INFO - Sync 3 DAGs
[2025-05-30T04:48:18.126+0000] {logging_mixin.py:188} INFO - [2025-05-30T04:48:18.126+0000] {dag.py:3954} INFO - Setting next_dagrun for example_branch_datetime_operator to 2025-05-29 00:00:00+00:00, run_after=2025-05-30 00:00:00+00:00
[2025-05-30T04:48:18.133+0000] {logging_mixin.py:188} INFO - [2025-05-30T04:48:18.133+0000] {dag.py:3954} INFO - Setting next_dagrun for example_branch_datetime_operator_2 to 2025-05-29 00:00:00+00:00, run_after=2025-05-30 00:00:00+00:00
[2025-05-30T04:48:18.137+0000] {logging_mixin.py:188} INFO - [2025-05-30T04:48:18.137+0000] {dag.py:3954} INFO - Setting next_dagrun for example_branch_datetime_operator_3 to 2025-05-29 00:00:00+00:00, run_after=2025-05-30 00:00:00+00:00
[2025-05-30T04:48:18.153+0000] {processor.py:183} INFO - Processing /home/airflow/.local/lib/python3.12/site-packages/airflow/example_dags/example_branch_datetime_operator.py took 0.100 seconds
[2025-05-30T04:48:48.523+0000] {processor.py:161} INFO - Started process (PID=4646) to work on /home/airflow/.local/lib/python3.12/site-packages/airflow/example_dags/example_branch_datetime_operator.py
[2025-05-30T04:48:48.524+0000] {processor.py:830} INFO - Processing file /home/airflow/.local/lib/python3.12/site-packages/airflow/example_dags/example_branch_datetime_operator.py for tasks to queue
[2025-05-30T04:48:48.526+0000] {logging_mixin.py:188} INFO - [2025-05-30T04:48:48.525+0000] {dagbag.py:545} INFO - Filling up the DagBag from /home/airflow/.local/lib/python3.12/site-packages/airflow/example_dags/example_branch_datetime_operator.py
[2025-05-30T04:48:48.538+0000] {processor.py:840} INFO - DAG(s) 'example_branch_datetime_operator', 'example_branch_datetime_operator_2', 'example_branch_datetime_operator_3' retrieved from /home/airflow/.local/lib/python3.12/site-packages/airflow/example_dags/example_branch_datetime_operator.py
[2025-05-30T04:48:48.570+0000] {logging_mixin.py:188} INFO - [2025-05-30T04:48:48.570+0000] {dag.py:3096} INFO - Sync 3 DAGs
[2025-05-30T04:48:48.610+0000] {logging_mixin.py:188} INFO - [2025-05-30T04:48:48.610+0000] {dag.py:3954} INFO - Setting next_dagrun for example_branch_datetime_operator to 2025-05-29 00:00:00+00:00, run_after=2025-05-30 00:00:00+00:00
[2025-05-30T04:48:48.628+0000] {logging_mixin.py:188} INFO - [2025-05-30T04:48:48.628+0000] {dag.py:3954} INFO - Setting next_dagrun for example_branch_datetime_operator_2 to 2025-05-29 00:00:00+00:00, run_after=2025-05-30 00:00:00+00:00
[2025-05-30T04:48:48.637+0000] {logging_mixin.py:188} INFO - [2025-05-30T04:48:48.637+0000] {dag.py:3954} INFO - Setting next_dagrun for example_branch_datetime_operator_3 to 2025-05-29 00:00:00+00:00, run_after=2025-05-30 00:00:00+00:00
[2025-05-30T04:48:48.674+0000] {processor.py:183} INFO - Processing /home/airflow/.local/lib/python3.12/site-packages/airflow/example_dags/example_branch_datetime_operator.py took 0.157 seconds
[2025-05-30T04:49:18.871+0000] {processor.py:161} INFO - Started process (PID=4919) to work on /home/airflow/.local/lib/python3.12/site-packages/airflow/example_dags/example_branch_datetime_operator.py
[2025-05-30T04:49:18.872+0000] {processor.py:830} INFO - Processing file /home/airflow/.local/lib/python3.12/site-packages/airflow/example_dags/example_branch_datetime_operator.py for tasks to queue
[2025-05-30T04:49:18.873+0000] {logging_mixin.py:188} INFO - [2025-05-30T04:49:18.873+0000] {dagbag.py:545} INFO - Filling up the DagBag from /home/airflow/.local/lib/python3.12/site-packages/airflow/example_dags/example_branch_datetime_operator.py
[2025-05-30T04:49:18.882+0000] {processor.py:840} INFO - DAG(s) 'example_branch_datetime_operator_2', 'example_branch_datetime_operator_3', 'example_branch_datetime_operator' retrieved from /home/airflow/.local/lib/python3.12/site-packages/airflow/example_dags/example_branch_datetime_operator.py
[2025-05-30T04:49:18.904+0000] {logging_mixin.py:188} INFO - [2025-05-30T04:49:18.904+0000] {dag.py:3096} INFO - Sync 3 DAGs
[2025-05-30T04:49:18.925+0000] {logging_mixin.py:188} INFO - [2025-05-30T04:49:18.925+0000] {dag.py:3954} INFO - Setting next_dagrun for example_branch_datetime_operator to 2025-05-29 00:00:00+00:00, run_after=2025-05-30 00:00:00+00:00
[2025-05-30T04:49:18.929+0000] {logging_mixin.py:188} INFO - [2025-05-30T04:49:18.929+0000] {dag.py:3954} INFO - Setting next_dagrun for example_branch_datetime_operator_2 to 2025-05-29 00:00:00+00:00, run_after=2025-05-30 00:00:00+00:00
[2025-05-30T04:49:18.932+0000] {logging_mixin.py:188} INFO - [2025-05-30T04:49:18.931+0000] {dag.py:3954} INFO - Setting next_dagrun for example_branch_datetime_operator_3 to 2025-05-29 00:00:00+00:00, run_after=2025-05-30 00:00:00+00:00
[2025-05-30T04:49:18.948+0000] {processor.py:183} INFO - Processing /home/airflow/.local/lib/python3.12/site-packages/airflow/example_dags/example_branch_datetime_operator.py took 0.082 seconds
[2025-05-30T05:20:45.500+0000] {processor.py:161} INFO - Started process (PID=5217) to work on /home/airflow/.local/lib/python3.12/site-packages/airflow/example_dags/example_branch_datetime_operator.py
[2025-05-30T05:20:45.500+0000] {processor.py:830} INFO - Processing file /home/airflow/.local/lib/python3.12/site-packages/airflow/example_dags/example_branch_datetime_operator.py for tasks to queue
[2025-05-30T05:20:45.502+0000] {logging_mixin.py:188} INFO - [2025-05-30T05:20:45.502+0000] {dagbag.py:545} INFO - Filling up the DagBag from /home/airflow/.local/lib/python3.12/site-packages/airflow/example_dags/example_branch_datetime_operator.py
[2025-05-30T05:20:45.514+0000] {processor.py:840} INFO - DAG(s) 'example_branch_datetime_operator_2', 'example_branch_datetime_operator_3', 'example_branch_datetime_operator' retrieved from /home/airflow/.local/lib/python3.12/site-packages/airflow/example_dags/example_branch_datetime_operator.py
[2025-05-30T05:20:45.542+0000] {logging_mixin.py:188} INFO - [2025-05-30T05:20:45.542+0000] {dag.py:3096} INFO - Sync 3 DAGs
[2025-05-30T05:20:45.567+0000] {logging_mixin.py:188} INFO - [2025-05-30T05:20:45.567+0000] {dag.py:3954} INFO - Setting next_dagrun for example_branch_datetime_operator to 2025-05-29 00:00:00+00:00, run_after=2025-05-30 00:00:00+00:00
[2025-05-30T05:20:45.572+0000] {logging_mixin.py:188} INFO - [2025-05-30T05:20:45.572+0000] {dag.py:3954} INFO - Setting next_dagrun for example_branch_datetime_operator_2 to 2025-05-29 00:00:00+00:00, run_after=2025-05-30 00:00:00+00:00
[2025-05-30T05:20:45.575+0000] {logging_mixin.py:188} INFO - [2025-05-30T05:20:45.575+0000] {dag.py:3954} INFO - Setting next_dagrun for example_branch_datetime_operator_3 to 2025-05-29 00:00:00+00:00, run_after=2025-05-30 00:00:00+00:00
[2025-05-30T05:20:45.592+0000] {processor.py:183} INFO - Processing /home/airflow/.local/lib/python3.12/site-packages/airflow/example_dags/example_branch_datetime_operator.py took 0.098 seconds
[2025-05-30T05:21:16.534+0000] {processor.py:161} INFO - Started process (PID=5488) to work on /home/airflow/.local/lib/python3.12/site-packages/airflow/example_dags/example_branch_datetime_operator.py
[2025-05-30T05:21:16.535+0000] {processor.py:830} INFO - Processing file /home/airflow/.local/lib/python3.12/site-packages/airflow/example_dags/example_branch_datetime_operator.py for tasks to queue
[2025-05-30T05:21:16.537+0000] {logging_mixin.py:188} INFO - [2025-05-30T05:21:16.536+0000] {dagbag.py:545} INFO - Filling up the DagBag from /home/airflow/.local/lib/python3.12/site-packages/airflow/example_dags/example_branch_datetime_operator.py
[2025-05-30T05:21:16.546+0000] {processor.py:840} INFO - DAG(s) 'example_branch_datetime_operator_2', 'example_branch_datetime_operator_3', 'example_branch_datetime_operator' retrieved from /home/airflow/.local/lib/python3.12/site-packages/airflow/example_dags/example_branch_datetime_operator.py
[2025-05-30T05:21:16.571+0000] {logging_mixin.py:188} INFO - [2025-05-30T05:21:16.570+0000] {dag.py:3096} INFO - Sync 3 DAGs
[2025-05-30T05:21:16.596+0000] {logging_mixin.py:188} INFO - [2025-05-30T05:21:16.596+0000] {dag.py:3954} INFO - Setting next_dagrun for example_branch_datetime_operator to 2025-05-29 00:00:00+00:00, run_after=2025-05-30 00:00:00+00:00
[2025-05-30T05:21:16.601+0000] {logging_mixin.py:188} INFO - [2025-05-30T05:21:16.601+0000] {dag.py:3954} INFO - Setting next_dagrun for example_branch_datetime_operator_2 to 2025-05-29 00:00:00+00:00, run_after=2025-05-30 00:00:00+00:00
[2025-05-30T05:21:16.604+0000] {logging_mixin.py:188} INFO - [2025-05-30T05:21:16.604+0000] {dag.py:3954} INFO - Setting next_dagrun for example_branch_datetime_operator_3 to 2025-05-29 00:00:00+00:00, run_after=2025-05-30 00:00:00+00:00
[2025-05-30T05:21:16.620+0000] {processor.py:183} INFO - Processing /home/airflow/.local/lib/python3.12/site-packages/airflow/example_dags/example_branch_datetime_operator.py took 0.091 seconds
[2025-05-30T05:21:47.057+0000] {processor.py:161} INFO - Started process (PID=5761) to work on /home/airflow/.local/lib/python3.12/site-packages/airflow/example_dags/example_branch_datetime_operator.py
[2025-05-30T05:21:47.058+0000] {processor.py:830} INFO - Processing file /home/airflow/.local/lib/python3.12/site-packages/airflow/example_dags/example_branch_datetime_operator.py for tasks to queue
[2025-05-30T05:21:47.060+0000] {logging_mixin.py:188} INFO - [2025-05-30T05:21:47.060+0000] {dagbag.py:545} INFO - Filling up the DagBag from /home/airflow/.local/lib/python3.12/site-packages/airflow/example_dags/example_branch_datetime_operator.py
[2025-05-30T05:21:47.074+0000] {processor.py:840} INFO - DAG(s) 'example_branch_datetime_operator_3', 'example_branch_datetime_operator', 'example_branch_datetime_operator_2' retrieved from /home/airflow/.local/lib/python3.12/site-packages/airflow/example_dags/example_branch_datetime_operator.py
[2025-05-30T05:21:47.110+0000] {logging_mixin.py:188} INFO - [2025-05-30T05:21:47.109+0000] {dag.py:3096} INFO - Sync 3 DAGs
[2025-05-30T05:21:47.139+0000] {logging_mixin.py:188} INFO - [2025-05-30T05:21:47.139+0000] {dag.py:3954} INFO - Setting next_dagrun for example_branch_datetime_operator to 2025-05-29 00:00:00+00:00, run_after=2025-05-30 00:00:00+00:00
[2025-05-30T05:21:47.149+0000] {logging_mixin.py:188} INFO - [2025-05-30T05:21:47.148+0000] {dag.py:3954} INFO - Setting next_dagrun for example_branch_datetime_operator_2 to 2025-05-29 00:00:00+00:00, run_after=2025-05-30 00:00:00+00:00
[2025-05-30T05:21:47.154+0000] {logging_mixin.py:188} INFO - [2025-05-30T05:21:47.153+0000] {dag.py:3954} INFO - Setting next_dagrun for example_branch_datetime_operator_3 to 2025-05-29 00:00:00+00:00, run_after=2025-05-30 00:00:00+00:00
[2025-05-30T05:21:47.335+0000] {processor.py:183} INFO - Processing /home/airflow/.local/lib/python3.12/site-packages/airflow/example_dags/example_branch_datetime_operator.py took 0.285 seconds
[2025-05-30T05:22:17.939+0000] {processor.py:161} INFO - Started process (PID=6034) to work on /home/airflow/.local/lib/python3.12/site-packages/airflow/example_dags/example_branch_datetime_operator.py
[2025-05-30T05:22:17.940+0000] {processor.py:830} INFO - Processing file /home/airflow/.local/lib/python3.12/site-packages/airflow/example_dags/example_branch_datetime_operator.py for tasks to queue
[2025-05-30T05:22:17.943+0000] {logging_mixin.py:188} INFO - [2025-05-30T05:22:17.942+0000] {dagbag.py:545} INFO - Filling up the DagBag from /home/airflow/.local/lib/python3.12/site-packages/airflow/example_dags/example_branch_datetime_operator.py
[2025-05-30T05:22:17.953+0000] {processor.py:840} INFO - DAG(s) 'example_branch_datetime_operator', 'example_branch_datetime_operator_2', 'example_branch_datetime_operator_3' retrieved from /home/airflow/.local/lib/python3.12/site-packages/airflow/example_dags/example_branch_datetime_operator.py
[2025-05-30T05:22:17.986+0000] {logging_mixin.py:188} INFO - [2025-05-30T05:22:17.986+0000] {dag.py:3096} INFO - Sync 3 DAGs
[2025-05-30T05:22:18.017+0000] {logging_mixin.py:188} INFO - [2025-05-30T05:22:18.017+0000] {dag.py:3954} INFO - Setting next_dagrun for example_branch_datetime_operator to 2025-05-29 00:00:00+00:00, run_after=2025-05-30 00:00:00+00:00
[2025-05-30T05:22:18.028+0000] {logging_mixin.py:188} INFO - [2025-05-30T05:22:18.027+0000] {dag.py:3954} INFO - Setting next_dagrun for example_branch_datetime_operator_2 to 2025-05-29 00:00:00+00:00, run_after=2025-05-30 00:00:00+00:00
[2025-05-30T05:22:18.035+0000] {logging_mixin.py:188} INFO - [2025-05-30T05:22:18.034+0000] {dag.py:3954} INFO - Setting next_dagrun for example_branch_datetime_operator_3 to 2025-05-29 00:00:00+00:00, run_after=2025-05-30 00:00:00+00:00
[2025-05-30T05:22:18.063+0000] {processor.py:183} INFO - Processing /home/airflow/.local/lib/python3.12/site-packages/airflow/example_dags/example_branch_datetime_operator.py took 0.130 seconds
[2025-05-30T05:22:49.264+0000] {processor.py:161} INFO - Started process (PID=6307) to work on /home/airflow/.local/lib/python3.12/site-packages/airflow/example_dags/example_branch_datetime_operator.py
[2025-05-30T05:22:49.265+0000] {processor.py:830} INFO - Processing file /home/airflow/.local/lib/python3.12/site-packages/airflow/example_dags/example_branch_datetime_operator.py for tasks to queue
[2025-05-30T05:22:49.267+0000] {logging_mixin.py:188} INFO - [2025-05-30T05:22:49.267+0000] {dagbag.py:545} INFO - Filling up the DagBag from /home/airflow/.local/lib/python3.12/site-packages/airflow/example_dags/example_branch_datetime_operator.py
[2025-05-30T05:22:49.277+0000] {processor.py:840} INFO - DAG(s) 'example_branch_datetime_operator_3', 'example_branch_datetime_operator', 'example_branch_datetime_operator_2' retrieved from /home/airflow/.local/lib/python3.12/site-packages/airflow/example_dags/example_branch_datetime_operator.py
[2025-05-30T05:22:49.304+0000] {logging_mixin.py:188} INFO - [2025-05-30T05:22:49.304+0000] {dag.py:3096} INFO - Sync 3 DAGs
[2025-05-30T05:22:49.327+0000] {logging_mixin.py:188} INFO - [2025-05-30T05:22:49.327+0000] {dag.py:3954} INFO - Setting next_dagrun for example_branch_datetime_operator to 2025-05-29 00:00:00+00:00, run_after=2025-05-30 00:00:00+00:00
[2025-05-30T05:22:49.332+0000] {logging_mixin.py:188} INFO - [2025-05-30T05:22:49.332+0000] {dag.py:3954} INFO - Setting next_dagrun for example_branch_datetime_operator_2 to 2025-05-29 00:00:00+00:00, run_after=2025-05-30 00:00:00+00:00
[2025-05-30T05:22:49.335+0000] {logging_mixin.py:188} INFO - [2025-05-30T05:22:49.335+0000] {dag.py:3954} INFO - Setting next_dagrun for example_branch_datetime_operator_3 to 2025-05-29 00:00:00+00:00, run_after=2025-05-30 00:00:00+00:00
[2025-05-30T05:22:49.352+0000] {processor.py:183} INFO - Processing /home/airflow/.local/lib/python3.12/site-packages/airflow/example_dags/example_branch_datetime_operator.py took 0.093 seconds
[2025-05-30T05:23:20.962+0000] {processor.py:161} INFO - Started process (PID=6580) to work on /home/airflow/.local/lib/python3.12/site-packages/airflow/example_dags/example_branch_datetime_operator.py
[2025-05-30T05:23:20.962+0000] {processor.py:830} INFO - Processing file /home/airflow/.local/lib/python3.12/site-packages/airflow/example_dags/example_branch_datetime_operator.py for tasks to queue
[2025-05-30T05:23:20.964+0000] {logging_mixin.py:188} INFO - [2025-05-30T05:23:20.964+0000] {dagbag.py:545} INFO - Filling up the DagBag from /home/airflow/.local/lib/python3.12/site-packages/airflow/example_dags/example_branch_datetime_operator.py
[2025-05-30T05:23:20.972+0000] {processor.py:840} INFO - DAG(s) 'example_branch_datetime_operator', 'example_branch_datetime_operator_2', 'example_branch_datetime_operator_3' retrieved from /home/airflow/.local/lib/python3.12/site-packages/airflow/example_dags/example_branch_datetime_operator.py
[2025-05-30T05:23:20.995+0000] {logging_mixin.py:188} INFO - [2025-05-30T05:23:20.994+0000] {dag.py:3096} INFO - Sync 3 DAGs
[2025-05-30T05:23:21.118+0000] {logging_mixin.py:188} INFO - [2025-05-30T05:23:21.117+0000] {dag.py:3954} INFO - Setting next_dagrun for example_branch_datetime_operator to 2025-05-29 00:00:00+00:00, run_after=2025-05-30 00:00:00+00:00
[2025-05-30T05:23:21.122+0000] {logging_mixin.py:188} INFO - [2025-05-30T05:23:21.122+0000] {dag.py:3954} INFO - Setting next_dagrun for example_branch_datetime_operator_2 to 2025-05-29 00:00:00+00:00, run_after=2025-05-30 00:00:00+00:00
[2025-05-30T05:23:21.124+0000] {logging_mixin.py:188} INFO - [2025-05-30T05:23:21.124+0000] {dag.py:3954} INFO - Setting next_dagrun for example_branch_datetime_operator_3 to 2025-05-29 00:00:00+00:00, run_after=2025-05-30 00:00:00+00:00
[2025-05-30T05:23:21.139+0000] {processor.py:183} INFO - Processing /home/airflow/.local/lib/python3.12/site-packages/airflow/example_dags/example_branch_datetime_operator.py took 0.182 seconds
[2025-05-30T05:23:52.187+0000] {processor.py:161} INFO - Started process (PID=6854) to work on /home/airflow/.local/lib/python3.12/site-packages/airflow/example_dags/example_branch_datetime_operator.py
[2025-05-30T05:23:52.192+0000] {processor.py:830} INFO - Processing file /home/airflow/.local/lib/python3.12/site-packages/airflow/example_dags/example_branch_datetime_operator.py for tasks to queue
[2025-05-30T05:23:52.198+0000] {logging_mixin.py:188} INFO - [2025-05-30T05:23:52.195+0000] {dagbag.py:545} INFO - Filling up the DagBag from /home/airflow/.local/lib/python3.12/site-packages/airflow/example_dags/example_branch_datetime_operator.py
[2025-05-30T05:23:52.225+0000] {processor.py:840} INFO - DAG(s) 'example_branch_datetime_operator_3', 'example_branch_datetime_operator_2', 'example_branch_datetime_operator' retrieved from /home/airflow/.local/lib/python3.12/site-packages/airflow/example_dags/example_branch_datetime_operator.py
[2025-05-30T05:23:52.268+0000] {logging_mixin.py:188} INFO - [2025-05-30T05:23:52.268+0000] {dag.py:3096} INFO - Sync 3 DAGs
[2025-05-30T05:23:52.303+0000] {logging_mixin.py:188} INFO - [2025-05-30T05:23:52.302+0000] {dag.py:3954} INFO - Setting next_dagrun for example_branch_datetime_operator to 2025-05-29 00:00:00+00:00, run_after=2025-05-30 00:00:00+00:00
[2025-05-30T05:23:52.544+0000] {logging_mixin.py:188} INFO - [2025-05-30T05:23:52.543+0000] {dag.py:3954} INFO - Setting next_dagrun for example_branch_datetime_operator_2 to 2025-05-29 00:00:00+00:00, run_after=2025-05-30 00:00:00+00:00
[2025-05-30T05:23:52.549+0000] {logging_mixin.py:188} INFO - [2025-05-30T05:23:52.549+0000] {dag.py:3954} INFO - Setting next_dagrun for example_branch_datetime_operator_3 to 2025-05-29 00:00:00+00:00, run_after=2025-05-30 00:00:00+00:00
[2025-05-30T05:23:52.588+0000] {processor.py:183} INFO - Processing /home/airflow/.local/lib/python3.12/site-packages/airflow/example_dags/example_branch_datetime_operator.py took 0.411 seconds
[2025-05-30T05:24:23.598+0000] {processor.py:161} INFO - Started process (PID=7128) to work on /home/airflow/.local/lib/python3.12/site-packages/airflow/example_dags/example_branch_datetime_operator.py
[2025-05-30T05:24:23.598+0000] {processor.py:830} INFO - Processing file /home/airflow/.local/lib/python3.12/site-packages/airflow/example_dags/example_branch_datetime_operator.py for tasks to queue
[2025-05-30T05:24:23.601+0000] {logging_mixin.py:188} INFO - [2025-05-30T05:24:23.600+0000] {dagbag.py:545} INFO - Filling up the DagBag from /home/airflow/.local/lib/python3.12/site-packages/airflow/example_dags/example_branch_datetime_operator.py
[2025-05-30T05:24:23.611+0000] {processor.py:840} INFO - DAG(s) 'example_branch_datetime_operator', 'example_branch_datetime_operator_3', 'example_branch_datetime_operator_2' retrieved from /home/airflow/.local/lib/python3.12/site-packages/airflow/example_dags/example_branch_datetime_operator.py
[2025-05-30T05:24:23.636+0000] {logging_mixin.py:188} INFO - [2025-05-30T05:24:23.636+0000] {dag.py:3096} INFO - Sync 3 DAGs
[2025-05-30T05:24:23.657+0000] {logging_mixin.py:188} INFO - [2025-05-30T05:24:23.656+0000] {dag.py:3954} INFO - Setting next_dagrun for example_branch_datetime_operator to 2025-05-29 00:00:00+00:00, run_after=2025-05-30 00:00:00+00:00
[2025-05-30T05:24:23.661+0000] {logging_mixin.py:188} INFO - [2025-05-30T05:24:23.661+0000] {dag.py:3954} INFO - Setting next_dagrun for example_branch_datetime_operator_2 to 2025-05-29 00:00:00+00:00, run_after=2025-05-30 00:00:00+00:00
[2025-05-30T05:24:23.663+0000] {logging_mixin.py:188} INFO - [2025-05-30T05:24:23.663+0000] {dag.py:3954} INFO - Setting next_dagrun for example_branch_datetime_operator_3 to 2025-05-29 00:00:00+00:00, run_after=2025-05-30 00:00:00+00:00
[2025-05-30T05:24:23.677+0000] {processor.py:183} INFO - Processing /home/airflow/.local/lib/python3.12/site-packages/airflow/example_dags/example_branch_datetime_operator.py took 0.085 seconds
[2025-05-30T05:24:54.474+0000] {processor.py:161} INFO - Started process (PID=7401) to work on /home/airflow/.local/lib/python3.12/site-packages/airflow/example_dags/example_branch_datetime_operator.py
[2025-05-30T05:24:54.474+0000] {processor.py:830} INFO - Processing file /home/airflow/.local/lib/python3.12/site-packages/airflow/example_dags/example_branch_datetime_operator.py for tasks to queue
[2025-05-30T05:24:54.476+0000] {logging_mixin.py:188} INFO - [2025-05-30T05:24:54.476+0000] {dagbag.py:545} INFO - Filling up the DagBag from /home/airflow/.local/lib/python3.12/site-packages/airflow/example_dags/example_branch_datetime_operator.py
[2025-05-30T05:24:54.484+0000] {processor.py:840} INFO - DAG(s) 'example_branch_datetime_operator', 'example_branch_datetime_operator_2', 'example_branch_datetime_operator_3' retrieved from /home/airflow/.local/lib/python3.12/site-packages/airflow/example_dags/example_branch_datetime_operator.py
[2025-05-30T05:24:54.508+0000] {logging_mixin.py:188} INFO - [2025-05-30T05:24:54.508+0000] {dag.py:3096} INFO - Sync 3 DAGs
[2025-05-30T05:24:54.531+0000] {logging_mixin.py:188} INFO - [2025-05-30T05:24:54.531+0000] {dag.py:3954} INFO - Setting next_dagrun for example_branch_datetime_operator to 2025-05-29 00:00:00+00:00, run_after=2025-05-30 00:00:00+00:00
[2025-05-30T05:24:54.536+0000] {logging_mixin.py:188} INFO - [2025-05-30T05:24:54.536+0000] {dag.py:3954} INFO - Setting next_dagrun for example_branch_datetime_operator_2 to 2025-05-29 00:00:00+00:00, run_after=2025-05-30 00:00:00+00:00
[2025-05-30T05:24:54.539+0000] {logging_mixin.py:188} INFO - [2025-05-30T05:24:54.538+0000] {dag.py:3954} INFO - Setting next_dagrun for example_branch_datetime_operator_3 to 2025-05-29 00:00:00+00:00, run_after=2025-05-30 00:00:00+00:00
[2025-05-30T05:24:54.556+0000] {processor.py:183} INFO - Processing /home/airflow/.local/lib/python3.12/site-packages/airflow/example_dags/example_branch_datetime_operator.py took 0.088 seconds
[2025-05-30T05:25:25.001+0000] {processor.py:161} INFO - Started process (PID=7674) to work on /home/airflow/.local/lib/python3.12/site-packages/airflow/example_dags/example_branch_datetime_operator.py
[2025-05-30T05:25:25.005+0000] {processor.py:830} INFO - Processing file /home/airflow/.local/lib/python3.12/site-packages/airflow/example_dags/example_branch_datetime_operator.py for tasks to queue
[2025-05-30T05:25:25.007+0000] {logging_mixin.py:188} INFO - [2025-05-30T05:25:25.006+0000] {dagbag.py:545} INFO - Filling up the DagBag from /home/airflow/.local/lib/python3.12/site-packages/airflow/example_dags/example_branch_datetime_operator.py
[2025-05-30T05:25:25.022+0000] {processor.py:840} INFO - DAG(s) 'example_branch_datetime_operator', 'example_branch_datetime_operator_3', 'example_branch_datetime_operator_2' retrieved from /home/airflow/.local/lib/python3.12/site-packages/airflow/example_dags/example_branch_datetime_operator.py
[2025-05-30T05:25:25.058+0000] {logging_mixin.py:188} INFO - [2025-05-30T05:25:25.057+0000] {dag.py:3096} INFO - Sync 3 DAGs
[2025-05-30T05:25:25.096+0000] {logging_mixin.py:188} INFO - [2025-05-30T05:25:25.096+0000] {dag.py:3954} INFO - Setting next_dagrun for example_branch_datetime_operator to 2025-05-29 00:00:00+00:00, run_after=2025-05-30 00:00:00+00:00
[2025-05-30T05:25:25.106+0000] {logging_mixin.py:188} INFO - [2025-05-30T05:25:25.105+0000] {dag.py:3954} INFO - Setting next_dagrun for example_branch_datetime_operator_2 to 2025-05-29 00:00:00+00:00, run_after=2025-05-30 00:00:00+00:00
[2025-05-30T05:25:25.113+0000] {logging_mixin.py:188} INFO - [2025-05-30T05:25:25.112+0000] {dag.py:3954} INFO - Setting next_dagrun for example_branch_datetime_operator_3 to 2025-05-29 00:00:00+00:00, run_after=2025-05-30 00:00:00+00:00
[2025-05-30T05:25:25.143+0000] {processor.py:183} INFO - Processing /home/airflow/.local/lib/python3.12/site-packages/airflow/example_dags/example_branch_datetime_operator.py took 0.150 seconds
[2025-05-30T05:25:55.758+0000] {processor.py:161} INFO - Started process (PID=7947) to work on /home/airflow/.local/lib/python3.12/site-packages/airflow/example_dags/example_branch_datetime_operator.py
[2025-05-30T05:25:55.761+0000] {processor.py:830} INFO - Processing file /home/airflow/.local/lib/python3.12/site-packages/airflow/example_dags/example_branch_datetime_operator.py for tasks to queue
[2025-05-30T05:25:55.764+0000] {logging_mixin.py:188} INFO - [2025-05-30T05:25:55.763+0000] {dagbag.py:545} INFO - Filling up the DagBag from /home/airflow/.local/lib/python3.12/site-packages/airflow/example_dags/example_branch_datetime_operator.py
[2025-05-30T05:25:55.775+0000] {processor.py:840} INFO - DAG(s) 'example_branch_datetime_operator_2', 'example_branch_datetime_operator', 'example_branch_datetime_operator_3' retrieved from /home/airflow/.local/lib/python3.12/site-packages/airflow/example_dags/example_branch_datetime_operator.py
[2025-05-30T05:25:55.802+0000] {logging_mixin.py:188} INFO - [2025-05-30T05:25:55.802+0000] {dag.py:3096} INFO - Sync 3 DAGs
[2025-05-30T05:25:55.828+0000] {logging_mixin.py:188} INFO - [2025-05-30T05:25:55.828+0000] {dag.py:3954} INFO - Setting next_dagrun for example_branch_datetime_operator to 2025-05-29 00:00:00+00:00, run_after=2025-05-30 00:00:00+00:00
[2025-05-30T05:25:55.834+0000] {logging_mixin.py:188} INFO - [2025-05-30T05:25:55.833+0000] {dag.py:3954} INFO - Setting next_dagrun for example_branch_datetime_operator_2 to 2025-05-29 00:00:00+00:00, run_after=2025-05-30 00:00:00+00:00
[2025-05-30T05:25:55.836+0000] {logging_mixin.py:188} INFO - [2025-05-30T05:25:55.836+0000] {dag.py:3954} INFO - Setting next_dagrun for example_branch_datetime_operator_3 to 2025-05-29 00:00:00+00:00, run_after=2025-05-30 00:00:00+00:00
[2025-05-30T05:25:55.855+0000] {processor.py:183} INFO - Processing /home/airflow/.local/lib/python3.12/site-packages/airflow/example_dags/example_branch_datetime_operator.py took 0.103 seconds
[2025-05-30T05:26:26.265+0000] {processor.py:161} INFO - Started process (PID=8220) to work on /home/airflow/.local/lib/python3.12/site-packages/airflow/example_dags/example_branch_datetime_operator.py
[2025-05-30T05:26:26.266+0000] {processor.py:830} INFO - Processing file /home/airflow/.local/lib/python3.12/site-packages/airflow/example_dags/example_branch_datetime_operator.py for tasks to queue
[2025-05-30T05:26:26.268+0000] {logging_mixin.py:188} INFO - [2025-05-30T05:26:26.268+0000] {dagbag.py:545} INFO - Filling up the DagBag from /home/airflow/.local/lib/python3.12/site-packages/airflow/example_dags/example_branch_datetime_operator.py
[2025-05-30T05:26:26.281+0000] {processor.py:840} INFO - DAG(s) 'example_branch_datetime_operator_2', 'example_branch_datetime_operator', 'example_branch_datetime_operator_3' retrieved from /home/airflow/.local/lib/python3.12/site-packages/airflow/example_dags/example_branch_datetime_operator.py
[2025-05-30T05:26:26.310+0000] {logging_mixin.py:188} INFO - [2025-05-30T05:26:26.310+0000] {dag.py:3096} INFO - Sync 3 DAGs
[2025-05-30T05:26:26.332+0000] {logging_mixin.py:188} INFO - [2025-05-30T05:26:26.332+0000] {dag.py:3954} INFO - Setting next_dagrun for example_branch_datetime_operator to 2025-05-29 00:00:00+00:00, run_after=2025-05-30 00:00:00+00:00
[2025-05-30T05:26:26.339+0000] {logging_mixin.py:188} INFO - [2025-05-30T05:26:26.339+0000] {dag.py:3954} INFO - Setting next_dagrun for example_branch_datetime_operator_2 to 2025-05-29 00:00:00+00:00, run_after=2025-05-30 00:00:00+00:00
[2025-05-30T05:26:26.342+0000] {logging_mixin.py:188} INFO - [2025-05-30T05:26:26.342+0000] {dag.py:3954} INFO - Setting next_dagrun for example_branch_datetime_operator_3 to 2025-05-29 00:00:00+00:00, run_after=2025-05-30 00:00:00+00:00
[2025-05-30T05:26:26.359+0000] {processor.py:183} INFO - Processing /home/airflow/.local/lib/python3.12/site-packages/airflow/example_dags/example_branch_datetime_operator.py took 0.100 seconds
[2025-05-30T05:26:57.012+0000] {processor.py:161} INFO - Started process (PID=8492) to work on /home/airflow/.local/lib/python3.12/site-packages/airflow/example_dags/example_branch_datetime_operator.py
[2025-05-30T05:26:57.013+0000] {processor.py:830} INFO - Processing file /home/airflow/.local/lib/python3.12/site-packages/airflow/example_dags/example_branch_datetime_operator.py for tasks to queue
[2025-05-30T05:26:57.015+0000] {logging_mixin.py:188} INFO - [2025-05-30T05:26:57.015+0000] {dagbag.py:545} INFO - Filling up the DagBag from /home/airflow/.local/lib/python3.12/site-packages/airflow/example_dags/example_branch_datetime_operator.py
[2025-05-30T05:26:57.029+0000] {processor.py:840} INFO - DAG(s) 'example_branch_datetime_operator', 'example_branch_datetime_operator_2', 'example_branch_datetime_operator_3' retrieved from /home/airflow/.local/lib/python3.12/site-packages/airflow/example_dags/example_branch_datetime_operator.py
[2025-05-30T05:26:57.059+0000] {logging_mixin.py:188} INFO - [2025-05-30T05:26:57.058+0000] {dag.py:3096} INFO - Sync 3 DAGs
[2025-05-30T05:26:57.088+0000] {logging_mixin.py:188} INFO - [2025-05-30T05:26:57.088+0000] {dag.py:3954} INFO - Setting next_dagrun for example_branch_datetime_operator to 2025-05-29 00:00:00+00:00, run_after=2025-05-30 00:00:00+00:00
[2025-05-30T05:26:57.096+0000] {logging_mixin.py:188} INFO - [2025-05-30T05:26:57.096+0000] {dag.py:3954} INFO - Setting next_dagrun for example_branch_datetime_operator_2 to 2025-05-29 00:00:00+00:00, run_after=2025-05-30 00:00:00+00:00
[2025-05-30T05:26:57.101+0000] {logging_mixin.py:188} INFO - [2025-05-30T05:26:57.100+0000] {dag.py:3954} INFO - Setting next_dagrun for example_branch_datetime_operator_3 to 2025-05-29 00:00:00+00:00, run_after=2025-05-30 00:00:00+00:00
[2025-05-30T05:26:57.125+0000] {processor.py:183} INFO - Processing /home/airflow/.local/lib/python3.12/site-packages/airflow/example_dags/example_branch_datetime_operator.py took 0.118 seconds
[2025-05-30T05:27:27.908+0000] {processor.py:161} INFO - Started process (PID=8765) to work on /home/airflow/.local/lib/python3.12/site-packages/airflow/example_dags/example_branch_datetime_operator.py
[2025-05-30T05:27:27.909+0000] {processor.py:830} INFO - Processing file /home/airflow/.local/lib/python3.12/site-packages/airflow/example_dags/example_branch_datetime_operator.py for tasks to queue
[2025-05-30T05:27:27.912+0000] {logging_mixin.py:188} INFO - [2025-05-30T05:27:27.911+0000] {dagbag.py:545} INFO - Filling up the DagBag from /home/airflow/.local/lib/python3.12/site-packages/airflow/example_dags/example_branch_datetime_operator.py
[2025-05-30T05:27:27.925+0000] {processor.py:840} INFO - DAG(s) 'example_branch_datetime_operator_2', 'example_branch_datetime_operator_3', 'example_branch_datetime_operator' retrieved from /home/airflow/.local/lib/python3.12/site-packages/airflow/example_dags/example_branch_datetime_operator.py
[2025-05-30T05:27:27.959+0000] {logging_mixin.py:188} INFO - [2025-05-30T05:27:27.959+0000] {dag.py:3096} INFO - Sync 3 DAGs
[2025-05-30T05:27:27.991+0000] {logging_mixin.py:188} INFO - [2025-05-30T05:27:27.990+0000] {dag.py:3954} INFO - Setting next_dagrun for example_branch_datetime_operator to 2025-05-29 00:00:00+00:00, run_after=2025-05-30 00:00:00+00:00
[2025-05-30T05:27:27.997+0000] {logging_mixin.py:188} INFO - [2025-05-30T05:27:27.997+0000] {dag.py:3954} INFO - Setting next_dagrun for example_branch_datetime_operator_2 to 2025-05-29 00:00:00+00:00, run_after=2025-05-30 00:00:00+00:00
[2025-05-30T05:27:28.001+0000] {logging_mixin.py:188} INFO - [2025-05-30T05:27:28.000+0000] {dag.py:3954} INFO - Setting next_dagrun for example_branch_datetime_operator_3 to 2025-05-29 00:00:00+00:00, run_after=2025-05-30 00:00:00+00:00
[2025-05-30T05:27:28.022+0000] {processor.py:183} INFO - Processing /home/airflow/.local/lib/python3.12/site-packages/airflow/example_dags/example_branch_datetime_operator.py took 0.120 seconds
[2025-05-30T05:27:58.687+0000] {processor.py:161} INFO - Started process (PID=9038) to work on /home/airflow/.local/lib/python3.12/site-packages/airflow/example_dags/example_branch_datetime_operator.py
[2025-05-30T05:27:58.687+0000] {processor.py:830} INFO - Processing file /home/airflow/.local/lib/python3.12/site-packages/airflow/example_dags/example_branch_datetime_operator.py for tasks to queue
[2025-05-30T05:27:58.689+0000] {logging_mixin.py:188} INFO - [2025-05-30T05:27:58.689+0000] {dagbag.py:545} INFO - Filling up the DagBag from /home/airflow/.local/lib/python3.12/site-packages/airflow/example_dags/example_branch_datetime_operator.py
[2025-05-30T05:27:58.698+0000] {processor.py:840} INFO - DAG(s) 'example_branch_datetime_operator', 'example_branch_datetime_operator_3', 'example_branch_datetime_operator_2' retrieved from /home/airflow/.local/lib/python3.12/site-packages/airflow/example_dags/example_branch_datetime_operator.py
[2025-05-30T05:27:58.722+0000] {logging_mixin.py:188} INFO - [2025-05-30T05:27:58.721+0000] {dag.py:3096} INFO - Sync 3 DAGs
[2025-05-30T05:27:58.745+0000] {logging_mixin.py:188} INFO - [2025-05-30T05:27:58.745+0000] {dag.py:3954} INFO - Setting next_dagrun for example_branch_datetime_operator to 2025-05-29 00:00:00+00:00, run_after=2025-05-30 00:00:00+00:00
[2025-05-30T05:27:58.750+0000] {logging_mixin.py:188} INFO - [2025-05-30T05:27:58.750+0000] {dag.py:3954} INFO - Setting next_dagrun for example_branch_datetime_operator_2 to 2025-05-29 00:00:00+00:00, run_after=2025-05-30 00:00:00+00:00
[2025-05-30T05:27:58.753+0000] {logging_mixin.py:188} INFO - [2025-05-30T05:27:58.752+0000] {dag.py:3954} INFO - Setting next_dagrun for example_branch_datetime_operator_3 to 2025-05-29 00:00:00+00:00, run_after=2025-05-30 00:00:00+00:00
[2025-05-30T05:27:58.767+0000] {processor.py:183} INFO - Processing /home/airflow/.local/lib/python3.12/site-packages/airflow/example_dags/example_branch_datetime_operator.py took 0.085 seconds
[2025-05-30T05:28:29.309+0000] {processor.py:161} INFO - Started process (PID=9311) to work on /home/airflow/.local/lib/python3.12/site-packages/airflow/example_dags/example_branch_datetime_operator.py
[2025-05-30T05:28:29.310+0000] {processor.py:830} INFO - Processing file /home/airflow/.local/lib/python3.12/site-packages/airflow/example_dags/example_branch_datetime_operator.py for tasks to queue
[2025-05-30T05:28:29.312+0000] {logging_mixin.py:188} INFO - [2025-05-30T05:28:29.311+0000] {dagbag.py:545} INFO - Filling up the DagBag from /home/airflow/.local/lib/python3.12/site-packages/airflow/example_dags/example_branch_datetime_operator.py
[2025-05-30T05:28:29.325+0000] {processor.py:840} INFO - DAG(s) 'example_branch_datetime_operator_2', 'example_branch_datetime_operator_3', 'example_branch_datetime_operator' retrieved from /home/airflow/.local/lib/python3.12/site-packages/airflow/example_dags/example_branch_datetime_operator.py
[2025-05-30T05:28:29.354+0000] {logging_mixin.py:188} INFO - [2025-05-30T05:28:29.354+0000] {dag.py:3096} INFO - Sync 3 DAGs
[2025-05-30T05:28:29.380+0000] {logging_mixin.py:188} INFO - [2025-05-30T05:28:29.380+0000] {dag.py:3954} INFO - Setting next_dagrun for example_branch_datetime_operator to 2025-05-29 00:00:00+00:00, run_after=2025-05-30 00:00:00+00:00
[2025-05-30T05:28:29.386+0000] {logging_mixin.py:188} INFO - [2025-05-30T05:28:29.386+0000] {dag.py:3954} INFO - Setting next_dagrun for example_branch_datetime_operator_2 to 2025-05-29 00:00:00+00:00, run_after=2025-05-30 00:00:00+00:00
[2025-05-30T05:28:29.389+0000] {logging_mixin.py:188} INFO - [2025-05-30T05:28:29.389+0000] {dag.py:3954} INFO - Setting next_dagrun for example_branch_datetime_operator_3 to 2025-05-29 00:00:00+00:00, run_after=2025-05-30 00:00:00+00:00
[2025-05-30T05:28:29.410+0000] {processor.py:183} INFO - Processing /home/airflow/.local/lib/python3.12/site-packages/airflow/example_dags/example_branch_datetime_operator.py took 0.108 seconds
[2025-05-30T05:28:59.859+0000] {processor.py:161} INFO - Started process (PID=9584) to work on /home/airflow/.local/lib/python3.12/site-packages/airflow/example_dags/example_branch_datetime_operator.py
[2025-05-30T05:28:59.860+0000] {processor.py:830} INFO - Processing file /home/airflow/.local/lib/python3.12/site-packages/airflow/example_dags/example_branch_datetime_operator.py for tasks to queue
[2025-05-30T05:28:59.862+0000] {logging_mixin.py:188} INFO - [2025-05-30T05:28:59.861+0000] {dagbag.py:545} INFO - Filling up the DagBag from /home/airflow/.local/lib/python3.12/site-packages/airflow/example_dags/example_branch_datetime_operator.py
[2025-05-30T05:28:59.874+0000] {processor.py:840} INFO - DAG(s) 'example_branch_datetime_operator_2', 'example_branch_datetime_operator', 'example_branch_datetime_operator_3' retrieved from /home/airflow/.local/lib/python3.12/site-packages/airflow/example_dags/example_branch_datetime_operator.py
[2025-05-30T05:28:59.898+0000] {logging_mixin.py:188} INFO - [2025-05-30T05:28:59.898+0000] {dag.py:3096} INFO - Sync 3 DAGs
[2025-05-30T05:28:59.918+0000] {logging_mixin.py:188} INFO - [2025-05-30T05:28:59.918+0000] {dag.py:3954} INFO - Setting next_dagrun for example_branch_datetime_operator to 2025-05-29 00:00:00+00:00, run_after=2025-05-30 00:00:00+00:00
[2025-05-30T05:28:59.924+0000] {logging_mixin.py:188} INFO - [2025-05-30T05:28:59.924+0000] {dag.py:3954} INFO - Setting next_dagrun for example_branch_datetime_operator_2 to 2025-05-29 00:00:00+00:00, run_after=2025-05-30 00:00:00+00:00
[2025-05-30T05:28:59.927+0000] {logging_mixin.py:188} INFO - [2025-05-30T05:28:59.927+0000] {dag.py:3954} INFO - Setting next_dagrun for example_branch_datetime_operator_3 to 2025-05-29 00:00:00+00:00, run_after=2025-05-30 00:00:00+00:00
[2025-05-30T05:28:59.945+0000] {processor.py:183} INFO - Processing /home/airflow/.local/lib/python3.12/site-packages/airflow/example_dags/example_branch_datetime_operator.py took 0.093 seconds
[2025-05-30T05:29:30.062+0000] {processor.py:161} INFO - Started process (PID=9857) to work on /home/airflow/.local/lib/python3.12/site-packages/airflow/example_dags/example_branch_datetime_operator.py
[2025-05-30T05:29:30.064+0000] {processor.py:830} INFO - Processing file /home/airflow/.local/lib/python3.12/site-packages/airflow/example_dags/example_branch_datetime_operator.py for tasks to queue
[2025-05-30T05:29:30.066+0000] {logging_mixin.py:188} INFO - [2025-05-30T05:29:30.066+0000] {dagbag.py:545} INFO - Filling up the DagBag from /home/airflow/.local/lib/python3.12/site-packages/airflow/example_dags/example_branch_datetime_operator.py
[2025-05-30T05:29:30.076+0000] {processor.py:840} INFO - DAG(s) 'example_branch_datetime_operator_3', 'example_branch_datetime_operator_2', 'example_branch_datetime_operator' retrieved from /home/airflow/.local/lib/python3.12/site-packages/airflow/example_dags/example_branch_datetime_operator.py
[2025-05-30T05:29:30.101+0000] {logging_mixin.py:188} INFO - [2025-05-30T05:29:30.101+0000] {dag.py:3096} INFO - Sync 3 DAGs
[2025-05-30T05:29:30.123+0000] {logging_mixin.py:188} INFO - [2025-05-30T05:29:30.123+0000] {dag.py:3954} INFO - Setting next_dagrun for example_branch_datetime_operator to 2025-05-29 00:00:00+00:00, run_after=2025-05-30 00:00:00+00:00
[2025-05-30T05:29:30.128+0000] {logging_mixin.py:188} INFO - [2025-05-30T05:29:30.128+0000] {dag.py:3954} INFO - Setting next_dagrun for example_branch_datetime_operator_2 to 2025-05-29 00:00:00+00:00, run_after=2025-05-30 00:00:00+00:00
[2025-05-30T05:29:30.131+0000] {logging_mixin.py:188} INFO - [2025-05-30T05:29:30.131+0000] {dag.py:3954} INFO - Setting next_dagrun for example_branch_datetime_operator_3 to 2025-05-29 00:00:00+00:00, run_after=2025-05-30 00:00:00+00:00
[2025-05-30T05:29:30.147+0000] {processor.py:183} INFO - Processing /home/airflow/.local/lib/python3.12/site-packages/airflow/example_dags/example_branch_datetime_operator.py took 0.091 seconds
[2025-05-30T05:30:00.263+0000] {processor.py:161} INFO - Started process (PID=10132) to work on /home/airflow/.local/lib/python3.12/site-packages/airflow/example_dags/example_branch_datetime_operator.py
[2025-05-30T05:30:00.264+0000] {processor.py:830} INFO - Processing file /home/airflow/.local/lib/python3.12/site-packages/airflow/example_dags/example_branch_datetime_operator.py for tasks to queue
[2025-05-30T05:30:00.265+0000] {logging_mixin.py:188} INFO - [2025-05-30T05:30:00.265+0000] {dagbag.py:545} INFO - Filling up the DagBag from /home/airflow/.local/lib/python3.12/site-packages/airflow/example_dags/example_branch_datetime_operator.py
[2025-05-30T05:30:00.275+0000] {processor.py:840} INFO - DAG(s) 'example_branch_datetime_operator', 'example_branch_datetime_operator_3', 'example_branch_datetime_operator_2' retrieved from /home/airflow/.local/lib/python3.12/site-packages/airflow/example_dags/example_branch_datetime_operator.py
[2025-05-30T05:30:00.298+0000] {logging_mixin.py:188} INFO - [2025-05-30T05:30:00.298+0000] {dag.py:3096} INFO - Sync 3 DAGs
[2025-05-30T05:30:00.319+0000] {logging_mixin.py:188} INFO - [2025-05-30T05:30:00.319+0000] {dag.py:3954} INFO - Setting next_dagrun for example_branch_datetime_operator to 2025-05-29 00:00:00+00:00, run_after=2025-05-30 00:00:00+00:00
[2025-05-30T05:30:00.326+0000] {logging_mixin.py:188} INFO - [2025-05-30T05:30:00.326+0000] {dag.py:3954} INFO - Setting next_dagrun for example_branch_datetime_operator_2 to 2025-05-29 00:00:00+00:00, run_after=2025-05-30 00:00:00+00:00
[2025-05-30T05:30:00.329+0000] {logging_mixin.py:188} INFO - [2025-05-30T05:30:00.329+0000] {dag.py:3954} INFO - Setting next_dagrun for example_branch_datetime_operator_3 to 2025-05-29 00:00:00+00:00, run_after=2025-05-30 00:00:00+00:00
[2025-05-30T05:30:00.343+0000] {processor.py:183} INFO - Processing /home/airflow/.local/lib/python3.12/site-packages/airflow/example_dags/example_branch_datetime_operator.py took 0.085 seconds
[2025-05-30T05:30:30.460+0000] {processor.py:161} INFO - Started process (PID=10401) to work on /home/airflow/.local/lib/python3.12/site-packages/airflow/example_dags/example_branch_datetime_operator.py
[2025-05-30T05:30:30.461+0000] {processor.py:830} INFO - Processing file /home/airflow/.local/lib/python3.12/site-packages/airflow/example_dags/example_branch_datetime_operator.py for tasks to queue
[2025-05-30T05:30:30.464+0000] {logging_mixin.py:188} INFO - [2025-05-30T05:30:30.463+0000] {dagbag.py:545} INFO - Filling up the DagBag from /home/airflow/.local/lib/python3.12/site-packages/airflow/example_dags/example_branch_datetime_operator.py
[2025-05-30T05:30:30.478+0000] {processor.py:840} INFO - DAG(s) 'example_branch_datetime_operator_2', 'example_branch_datetime_operator_3', 'example_branch_datetime_operator' retrieved from /home/airflow/.local/lib/python3.12/site-packages/airflow/example_dags/example_branch_datetime_operator.py
[2025-05-30T05:30:30.516+0000] {logging_mixin.py:188} INFO - [2025-05-30T05:30:30.515+0000] {dag.py:3096} INFO - Sync 3 DAGs
[2025-05-30T05:30:30.547+0000] {logging_mixin.py:188} INFO - [2025-05-30T05:30:30.547+0000] {dag.py:3954} INFO - Setting next_dagrun for example_branch_datetime_operator to 2025-05-29 00:00:00+00:00, run_after=2025-05-30 00:00:00+00:00
[2025-05-30T05:30:30.555+0000] {logging_mixin.py:188} INFO - [2025-05-30T05:30:30.554+0000] {dag.py:3954} INFO - Setting next_dagrun for example_branch_datetime_operator_2 to 2025-05-29 00:00:00+00:00, run_after=2025-05-30 00:00:00+00:00
[2025-05-30T05:30:30.558+0000] {logging_mixin.py:188} INFO - [2025-05-30T05:30:30.558+0000] {dag.py:3954} INFO - Setting next_dagrun for example_branch_datetime_operator_3 to 2025-05-29 00:00:00+00:00, run_after=2025-05-30 00:00:00+00:00
[2025-05-30T05:30:30.581+0000] {processor.py:183} INFO - Processing /home/airflow/.local/lib/python3.12/site-packages/airflow/example_dags/example_branch_datetime_operator.py took 0.129 seconds
[2025-05-30T05:31:00.712+0000] {processor.py:161} INFO - Started process (PID=10669) to work on /home/airflow/.local/lib/python3.12/site-packages/airflow/example_dags/example_branch_datetime_operator.py
[2025-05-30T05:31:00.714+0000] {processor.py:830} INFO - Processing file /home/airflow/.local/lib/python3.12/site-packages/airflow/example_dags/example_branch_datetime_operator.py for tasks to queue
[2025-05-30T05:31:00.717+0000] {logging_mixin.py:188} INFO - [2025-05-30T05:31:00.716+0000] {dagbag.py:545} INFO - Filling up the DagBag from /home/airflow/.local/lib/python3.12/site-packages/airflow/example_dags/example_branch_datetime_operator.py
[2025-05-30T05:31:00.734+0000] {processor.py:840} INFO - DAG(s) 'example_branch_datetime_operator_3', 'example_branch_datetime_operator_2', 'example_branch_datetime_operator' retrieved from /home/airflow/.local/lib/python3.12/site-packages/airflow/example_dags/example_branch_datetime_operator.py
[2025-05-30T05:31:00.786+0000] {logging_mixin.py:188} INFO - [2025-05-30T05:31:00.786+0000] {dag.py:3096} INFO - Sync 3 DAGs
[2025-05-30T05:31:00.826+0000] {logging_mixin.py:188} INFO - [2025-05-30T05:31:00.825+0000] {dag.py:3954} INFO - Setting next_dagrun for example_branch_datetime_operator to 2025-05-29 00:00:00+00:00, run_after=2025-05-30 00:00:00+00:00
[2025-05-30T05:31:00.836+0000] {logging_mixin.py:188} INFO - [2025-05-30T05:31:00.836+0000] {dag.py:3954} INFO - Setting next_dagrun for example_branch_datetime_operator_2 to 2025-05-29 00:00:00+00:00, run_after=2025-05-30 00:00:00+00:00
[2025-05-30T05:31:00.845+0000] {logging_mixin.py:188} INFO - [2025-05-30T05:31:00.844+0000] {dag.py:3954} INFO - Setting next_dagrun for example_branch_datetime_operator_3 to 2025-05-29 00:00:00+00:00, run_after=2025-05-30 00:00:00+00:00
[2025-05-30T05:31:00.927+0000] {processor.py:183} INFO - Processing /home/airflow/.local/lib/python3.12/site-packages/airflow/example_dags/example_branch_datetime_operator.py took 0.224 seconds
[2025-05-30T05:31:31.826+0000] {processor.py:161} INFO - Started process (PID=10942) to work on /home/airflow/.local/lib/python3.12/site-packages/airflow/example_dags/example_branch_datetime_operator.py
[2025-05-30T05:31:31.826+0000] {processor.py:830} INFO - Processing file /home/airflow/.local/lib/python3.12/site-packages/airflow/example_dags/example_branch_datetime_operator.py for tasks to queue
[2025-05-30T05:31:31.828+0000] {logging_mixin.py:188} INFO - [2025-05-30T05:31:31.828+0000] {dagbag.py:545} INFO - Filling up the DagBag from /home/airflow/.local/lib/python3.12/site-packages/airflow/example_dags/example_branch_datetime_operator.py
[2025-05-30T05:31:31.836+0000] {processor.py:840} INFO - DAG(s) 'example_branch_datetime_operator_3', 'example_branch_datetime_operator_2', 'example_branch_datetime_operator' retrieved from /home/airflow/.local/lib/python3.12/site-packages/airflow/example_dags/example_branch_datetime_operator.py
[2025-05-30T05:31:31.858+0000] {logging_mixin.py:188} INFO - [2025-05-30T05:31:31.858+0000] {dag.py:3096} INFO - Sync 3 DAGs
[2025-05-30T05:31:31.880+0000] {logging_mixin.py:188} INFO - [2025-05-30T05:31:31.880+0000] {dag.py:3954} INFO - Setting next_dagrun for example_branch_datetime_operator to 2025-05-29 00:00:00+00:00, run_after=2025-05-30 00:00:00+00:00
[2025-05-30T05:31:31.885+0000] {logging_mixin.py:188} INFO - [2025-05-30T05:31:31.885+0000] {dag.py:3954} INFO - Setting next_dagrun for example_branch_datetime_operator_2 to 2025-05-29 00:00:00+00:00, run_after=2025-05-30 00:00:00+00:00
[2025-05-30T05:31:31.888+0000] {logging_mixin.py:188} INFO - [2025-05-30T05:31:31.888+0000] {dag.py:3954} INFO - Setting next_dagrun for example_branch_datetime_operator_3 to 2025-05-29 00:00:00+00:00, run_after=2025-05-30 00:00:00+00:00
[2025-05-30T05:31:31.903+0000] {processor.py:183} INFO - Processing /home/airflow/.local/lib/python3.12/site-packages/airflow/example_dags/example_branch_datetime_operator.py took 0.084 seconds
[2025-05-30T05:32:02.064+0000] {processor.py:161} INFO - Started process (PID=11215) to work on /home/airflow/.local/lib/python3.12/site-packages/airflow/example_dags/example_branch_datetime_operator.py
[2025-05-30T05:32:02.068+0000] {processor.py:830} INFO - Processing file /home/airflow/.local/lib/python3.12/site-packages/airflow/example_dags/example_branch_datetime_operator.py for tasks to queue
[2025-05-30T05:32:02.070+0000] {logging_mixin.py:188} INFO - [2025-05-30T05:32:02.070+0000] {dagbag.py:545} INFO - Filling up the DagBag from /home/airflow/.local/lib/python3.12/site-packages/airflow/example_dags/example_branch_datetime_operator.py
[2025-05-30T05:32:02.084+0000] {processor.py:840} INFO - DAG(s) 'example_branch_datetime_operator_2', 'example_branch_datetime_operator_3', 'example_branch_datetime_operator' retrieved from /home/airflow/.local/lib/python3.12/site-packages/airflow/example_dags/example_branch_datetime_operator.py
[2025-05-30T05:32:02.108+0000] {logging_mixin.py:188} INFO - [2025-05-30T05:32:02.108+0000] {dag.py:3096} INFO - Sync 3 DAGs
[2025-05-30T05:32:02.131+0000] {logging_mixin.py:188} INFO - [2025-05-30T05:32:02.131+0000] {dag.py:3954} INFO - Setting next_dagrun for example_branch_datetime_operator to 2025-05-29 00:00:00+00:00, run_after=2025-05-30 00:00:00+00:00
[2025-05-30T05:32:02.136+0000] {logging_mixin.py:188} INFO - [2025-05-30T05:32:02.136+0000] {dag.py:3954} INFO - Setting next_dagrun for example_branch_datetime_operator_2 to 2025-05-29 00:00:00+00:00, run_after=2025-05-30 00:00:00+00:00
[2025-05-30T05:32:02.139+0000] {logging_mixin.py:188} INFO - [2025-05-30T05:32:02.139+0000] {dag.py:3954} INFO - Setting next_dagrun for example_branch_datetime_operator_3 to 2025-05-29 00:00:00+00:00, run_after=2025-05-30 00:00:00+00:00
[2025-05-30T05:32:02.156+0000] {processor.py:183} INFO - Processing /home/airflow/.local/lib/python3.12/site-packages/airflow/example_dags/example_branch_datetime_operator.py took 0.098 seconds
[2025-05-30T05:32:32.302+0000] {processor.py:161} INFO - Started process (PID=11488) to work on /home/airflow/.local/lib/python3.12/site-packages/airflow/example_dags/example_branch_datetime_operator.py
[2025-05-30T05:32:32.303+0000] {processor.py:830} INFO - Processing file /home/airflow/.local/lib/python3.12/site-packages/airflow/example_dags/example_branch_datetime_operator.py for tasks to queue
[2025-05-30T05:32:32.305+0000] {logging_mixin.py:188} INFO - [2025-05-30T05:32:32.305+0000] {dagbag.py:545} INFO - Filling up the DagBag from /home/airflow/.local/lib/python3.12/site-packages/airflow/example_dags/example_branch_datetime_operator.py
[2025-05-30T05:32:32.314+0000] {processor.py:840} INFO - DAG(s) 'example_branch_datetime_operator_3', 'example_branch_datetime_operator_2', 'example_branch_datetime_operator' retrieved from /home/airflow/.local/lib/python3.12/site-packages/airflow/example_dags/example_branch_datetime_operator.py
[2025-05-30T05:32:32.339+0000] {logging_mixin.py:188} INFO - [2025-05-30T05:32:32.338+0000] {dag.py:3096} INFO - Sync 3 DAGs
[2025-05-30T05:32:32.364+0000] {logging_mixin.py:188} INFO - [2025-05-30T05:32:32.364+0000] {dag.py:3954} INFO - Setting next_dagrun for example_branch_datetime_operator to 2025-05-29 00:00:00+00:00, run_after=2025-05-30 00:00:00+00:00
[2025-05-30T05:32:32.369+0000] {logging_mixin.py:188} INFO - [2025-05-30T05:32:32.369+0000] {dag.py:3954} INFO - Setting next_dagrun for example_branch_datetime_operator_2 to 2025-05-29 00:00:00+00:00, run_after=2025-05-30 00:00:00+00:00
[2025-05-30T05:32:32.371+0000] {logging_mixin.py:188} INFO - [2025-05-30T05:32:32.371+0000] {dag.py:3954} INFO - Setting next_dagrun for example_branch_datetime_operator_3 to 2025-05-29 00:00:00+00:00, run_after=2025-05-30 00:00:00+00:00
[2025-05-30T05:32:32.389+0000] {processor.py:183} INFO - Processing /home/airflow/.local/lib/python3.12/site-packages/airflow/example_dags/example_branch_datetime_operator.py took 0.092 seconds
[2025-05-30T05:40:02.035+0000] {processor.py:161} INFO - Started process (PID=289) to work on /home/airflow/.local/lib/python3.12/site-packages/airflow/example_dags/example_branch_datetime_operator.py
[2025-05-30T05:40:02.036+0000] {processor.py:830} INFO - Processing file /home/airflow/.local/lib/python3.12/site-packages/airflow/example_dags/example_branch_datetime_operator.py for tasks to queue
[2025-05-30T05:40:02.038+0000] {logging_mixin.py:188} INFO - [2025-05-30T05:40:02.038+0000] {dagbag.py:545} INFO - Filling up the DagBag from /home/airflow/.local/lib/python3.12/site-packages/airflow/example_dags/example_branch_datetime_operator.py
[2025-05-30T05:40:02.055+0000] {processor.py:840} INFO - DAG(s) 'example_branch_datetime_operator_2', 'example_branch_datetime_operator_3', 'example_branch_datetime_operator' retrieved from /home/airflow/.local/lib/python3.12/site-packages/airflow/example_dags/example_branch_datetime_operator.py
[2025-05-30T05:40:02.074+0000] {logging_mixin.py:188} INFO - [2025-05-30T05:40:02.073+0000] {dag.py:3096} INFO - Sync 3 DAGs
[2025-05-30T05:40:02.114+0000] {logging_mixin.py:188} INFO - [2025-05-30T05:40:02.113+0000] {dag.py:3954} INFO - Setting next_dagrun for example_branch_datetime_operator to 2025-05-29 00:00:00+00:00, run_after=2025-05-30 00:00:00+00:00
[2025-05-30T05:40:02.124+0000] {logging_mixin.py:188} INFO - [2025-05-30T05:40:02.123+0000] {dag.py:3954} INFO - Setting next_dagrun for example_branch_datetime_operator_2 to 2025-05-29 00:00:00+00:00, run_after=2025-05-30 00:00:00+00:00
[2025-05-30T05:40:02.131+0000] {logging_mixin.py:188} INFO - [2025-05-30T05:40:02.131+0000] {dag.py:3954} INFO - Setting next_dagrun for example_branch_datetime_operator_3 to 2025-05-29 00:00:00+00:00, run_after=2025-05-30 00:00:00+00:00
[2025-05-30T05:40:02.154+0000] {processor.py:183} INFO - Processing /home/airflow/.local/lib/python3.12/site-packages/airflow/example_dags/example_branch_datetime_operator.py took 0.125 seconds
[2025-05-30T05:40:34.180+0000] {processor.py:161} INFO - Started process (PID=562) to work on /home/airflow/.local/lib/python3.12/site-packages/airflow/example_dags/example_branch_datetime_operator.py
[2025-05-30T05:40:34.181+0000] {processor.py:830} INFO - Processing file /home/airflow/.local/lib/python3.12/site-packages/airflow/example_dags/example_branch_datetime_operator.py for tasks to queue
[2025-05-30T05:40:34.182+0000] {logging_mixin.py:188} INFO - [2025-05-30T05:40:34.182+0000] {dagbag.py:545} INFO - Filling up the DagBag from /home/airflow/.local/lib/python3.12/site-packages/airflow/example_dags/example_branch_datetime_operator.py
[2025-05-30T05:40:34.191+0000] {processor.py:840} INFO - DAG(s) 'example_branch_datetime_operator_2', 'example_branch_datetime_operator_3', 'example_branch_datetime_operator' retrieved from /home/airflow/.local/lib/python3.12/site-packages/airflow/example_dags/example_branch_datetime_operator.py
[2025-05-30T05:40:34.308+0000] {logging_mixin.py:188} INFO - [2025-05-30T05:40:34.307+0000] {dag.py:3096} INFO - Sync 3 DAGs
[2025-05-30T05:40:34.325+0000] {logging_mixin.py:188} INFO - [2025-05-30T05:40:34.325+0000] {dag.py:3954} INFO - Setting next_dagrun for example_branch_datetime_operator to 2025-05-29 00:00:00+00:00, run_after=2025-05-30 00:00:00+00:00
[2025-05-30T05:40:34.329+0000] {logging_mixin.py:188} INFO - [2025-05-30T05:40:34.329+0000] {dag.py:3954} INFO - Setting next_dagrun for example_branch_datetime_operator_2 to 2025-05-29 00:00:00+00:00, run_after=2025-05-30 00:00:00+00:00
[2025-05-30T05:40:34.331+0000] {logging_mixin.py:188} INFO - [2025-05-30T05:40:34.331+0000] {dag.py:3954} INFO - Setting next_dagrun for example_branch_datetime_operator_3 to 2025-05-29 00:00:00+00:00, run_after=2025-05-30 00:00:00+00:00
[2025-05-30T05:40:34.350+0000] {processor.py:183} INFO - Processing /home/airflow/.local/lib/python3.12/site-packages/airflow/example_dags/example_branch_datetime_operator.py took 0.175 seconds
[2025-05-30T05:41:04.641+0000] {processor.py:161} INFO - Started process (PID=835) to work on /home/airflow/.local/lib/python3.12/site-packages/airflow/example_dags/example_branch_datetime_operator.py
[2025-05-30T05:41:04.642+0000] {processor.py:830} INFO - Processing file /home/airflow/.local/lib/python3.12/site-packages/airflow/example_dags/example_branch_datetime_operator.py for tasks to queue
[2025-05-30T05:41:04.644+0000] {logging_mixin.py:188} INFO - [2025-05-30T05:41:04.643+0000] {dagbag.py:545} INFO - Filling up the DagBag from /home/airflow/.local/lib/python3.12/site-packages/airflow/example_dags/example_branch_datetime_operator.py
[2025-05-30T05:41:04.652+0000] {processor.py:840} INFO - DAG(s) 'example_branch_datetime_operator_3', 'example_branch_datetime_operator', 'example_branch_datetime_operator_2' retrieved from /home/airflow/.local/lib/python3.12/site-packages/airflow/example_dags/example_branch_datetime_operator.py
[2025-05-30T05:41:04.678+0000] {logging_mixin.py:188} INFO - [2025-05-30T05:41:04.678+0000] {dag.py:3096} INFO - Sync 3 DAGs
[2025-05-30T05:41:04.702+0000] {logging_mixin.py:188} INFO - [2025-05-30T05:41:04.701+0000] {dag.py:3954} INFO - Setting next_dagrun for example_branch_datetime_operator to 2025-05-29 00:00:00+00:00, run_after=2025-05-30 00:00:00+00:00
[2025-05-30T05:41:04.706+0000] {logging_mixin.py:188} INFO - [2025-05-30T05:41:04.706+0000] {dag.py:3954} INFO - Setting next_dagrun for example_branch_datetime_operator_2 to 2025-05-29 00:00:00+00:00, run_after=2025-05-30 00:00:00+00:00
[2025-05-30T05:41:04.709+0000] {logging_mixin.py:188} INFO - [2025-05-30T05:41:04.709+0000] {dag.py:3954} INFO - Setting next_dagrun for example_branch_datetime_operator_3 to 2025-05-29 00:00:00+00:00, run_after=2025-05-30 00:00:00+00:00
[2025-05-30T05:41:04.724+0000] {processor.py:183} INFO - Processing /home/airflow/.local/lib/python3.12/site-packages/airflow/example_dags/example_branch_datetime_operator.py took 0.087 seconds
