[2025-05-30T04:40:35.045+0000] {processor.py:161} INFO - Started process (PID=243) to work on /home/airflow/.local/lib/python3.12/site-packages/airflow/example_dags/example_latest_only.py
[2025-05-30T04:40:35.046+0000] {processor.py:830} INFO - Processing file /home/airflow/.local/lib/python3.12/site-packages/airflow/example_dags/example_latest_only.py for tasks to queue
[2025-05-30T04:40:35.048+0000] {logging_mixin.py:188} INFO - [2025-05-30T04:40:35.047+0000] {dagbag.py:545} INFO - Filling up the DagBag from /home/airflow/.local/lib/python3.12/site-packages/airflow/example_dags/example_latest_only.py
[2025-05-30T04:40:35.056+0000] {processor.py:840} INFO - DAG(s) 'latest_only' retrieved from /home/airflow/.local/lib/python3.12/site-packages/airflow/example_dags/example_latest_only.py
[2025-05-30T04:40:35.088+0000] {logging_mixin.py:188} INFO - [2025-05-30T04:40:35.088+0000] {dag.py:3096} INFO - Sync 1 DAGs
[2025-05-30T04:40:35.114+0000] {logging_mixin.py:188} INFO - [2025-05-30T04:40:35.113+0000] {dag.py:3954} INFO - Setting next_dagrun for latest_only to 2025-05-30 00:00:00+00:00, run_after=2025-05-30 04:00:00+00:00
[2025-05-30T04:40:35.136+0000] {processor.py:183} INFO - Processing /home/airflow/.local/lib/python3.12/site-packages/airflow/example_dags/example_latest_only.py took 0.096 seconds
[2025-05-30T04:41:06.494+0000] {processor.py:161} INFO - Started process (PID=516) to work on /home/airflow/.local/lib/python3.12/site-packages/airflow/example_dags/example_latest_only.py
[2025-05-30T04:41:06.495+0000] {processor.py:830} INFO - Processing file /home/airflow/.local/lib/python3.12/site-packages/airflow/example_dags/example_latest_only.py for tasks to queue
[2025-05-30T04:41:06.499+0000] {logging_mixin.py:188} INFO - [2025-05-30T04:41:06.498+0000] {dagbag.py:545} INFO - Filling up the DagBag from /home/airflow/.local/lib/python3.12/site-packages/airflow/example_dags/example_latest_only.py
[2025-05-30T04:41:06.506+0000] {processor.py:840} INFO - DAG(s) 'latest_only' retrieved from /home/airflow/.local/lib/python3.12/site-packages/airflow/example_dags/example_latest_only.py
[2025-05-30T04:41:06.529+0000] {logging_mixin.py:188} INFO - [2025-05-30T04:41:06.529+0000] {dag.py:3096} INFO - Sync 1 DAGs
[2025-05-30T04:41:06.558+0000] {logging_mixin.py:188} INFO - [2025-05-30T04:41:06.557+0000] {dag.py:3954} INFO - Setting next_dagrun for latest_only to 2025-05-30 00:00:00+00:00, run_after=2025-05-30 04:00:00+00:00
[2025-05-30T04:41:06.581+0000] {processor.py:183} INFO - Processing /home/airflow/.local/lib/python3.12/site-packages/airflow/example_dags/example_latest_only.py took 0.094 seconds
[2025-05-30T04:41:37.401+0000] {processor.py:161} INFO - Started process (PID=789) to work on /home/airflow/.local/lib/python3.12/site-packages/airflow/example_dags/example_latest_only.py
[2025-05-30T04:41:37.402+0000] {processor.py:830} INFO - Processing file /home/airflow/.local/lib/python3.12/site-packages/airflow/example_dags/example_latest_only.py for tasks to queue
[2025-05-30T04:41:37.404+0000] {logging_mixin.py:188} INFO - [2025-05-30T04:41:37.404+0000] {dagbag.py:545} INFO - Filling up the DagBag from /home/airflow/.local/lib/python3.12/site-packages/airflow/example_dags/example_latest_only.py
[2025-05-30T04:41:37.409+0000] {processor.py:840} INFO - DAG(s) 'latest_only' retrieved from /home/airflow/.local/lib/python3.12/site-packages/airflow/example_dags/example_latest_only.py
[2025-05-30T04:41:37.430+0000] {logging_mixin.py:188} INFO - [2025-05-30T04:41:37.430+0000] {dag.py:3096} INFO - Sync 1 DAGs
[2025-05-30T04:41:37.452+0000] {logging_mixin.py:188} INFO - [2025-05-30T04:41:37.452+0000] {dag.py:3954} INFO - Setting next_dagrun for latest_only to 2025-05-30 00:00:00+00:00, run_after=2025-05-30 04:00:00+00:00
[2025-05-30T04:41:37.474+0000] {processor.py:183} INFO - Processing /home/airflow/.local/lib/python3.12/site-packages/airflow/example_dags/example_latest_only.py took 0.078 seconds
[2025-05-30T04:42:08.372+0000] {processor.py:161} INFO - Started process (PID=1061) to work on /home/airflow/.local/lib/python3.12/site-packages/airflow/example_dags/example_latest_only.py
[2025-05-30T04:42:08.373+0000] {processor.py:830} INFO - Processing file /home/airflow/.local/lib/python3.12/site-packages/airflow/example_dags/example_latest_only.py for tasks to queue
[2025-05-30T04:42:08.377+0000] {logging_mixin.py:188} INFO - [2025-05-30T04:42:08.376+0000] {dagbag.py:545} INFO - Filling up the DagBag from /home/airflow/.local/lib/python3.12/site-packages/airflow/example_dags/example_latest_only.py
[2025-05-30T04:42:08.384+0000] {processor.py:840} INFO - DAG(s) 'latest_only' retrieved from /home/airflow/.local/lib/python3.12/site-packages/airflow/example_dags/example_latest_only.py
[2025-05-30T04:42:08.464+0000] {logging_mixin.py:188} INFO - [2025-05-30T04:42:08.464+0000] {dag.py:3096} INFO - Sync 1 DAGs
[2025-05-30T04:42:08.528+0000] {logging_mixin.py:188} INFO - [2025-05-30T04:42:08.528+0000] {dag.py:3954} INFO - Setting next_dagrun for latest_only to 2025-05-30 00:00:00+00:00, run_after=2025-05-30 04:00:00+00:00
[2025-05-30T04:42:08.565+0000] {processor.py:183} INFO - Processing /home/airflow/.local/lib/python3.12/site-packages/airflow/example_dags/example_latest_only.py took 0.205 seconds
[2025-05-30T04:42:39.416+0000] {processor.py:161} INFO - Started process (PID=1334) to work on /home/airflow/.local/lib/python3.12/site-packages/airflow/example_dags/example_latest_only.py
[2025-05-30T04:42:39.417+0000] {processor.py:830} INFO - Processing file /home/airflow/.local/lib/python3.12/site-packages/airflow/example_dags/example_latest_only.py for tasks to queue
[2025-05-30T04:42:39.420+0000] {logging_mixin.py:188} INFO - [2025-05-30T04:42:39.420+0000] {dagbag.py:545} INFO - Filling up the DagBag from /home/airflow/.local/lib/python3.12/site-packages/airflow/example_dags/example_latest_only.py
[2025-05-30T04:42:39.427+0000] {processor.py:840} INFO - DAG(s) 'latest_only' retrieved from /home/airflow/.local/lib/python3.12/site-packages/airflow/example_dags/example_latest_only.py
[2025-05-30T04:42:39.454+0000] {logging_mixin.py:188} INFO - [2025-05-30T04:42:39.454+0000] {dag.py:3096} INFO - Sync 1 DAGs
[2025-05-30T04:42:39.482+0000] {logging_mixin.py:188} INFO - [2025-05-30T04:42:39.482+0000] {dag.py:3954} INFO - Setting next_dagrun for latest_only to 2025-05-30 00:00:00+00:00, run_after=2025-05-30 04:00:00+00:00
[2025-05-30T04:42:39.513+0000] {processor.py:183} INFO - Processing /home/airflow/.local/lib/python3.12/site-packages/airflow/example_dags/example_latest_only.py took 0.103 seconds
[2025-05-30T04:43:10.374+0000] {processor.py:161} INFO - Started process (PID=1606) to work on /home/airflow/.local/lib/python3.12/site-packages/airflow/example_dags/example_latest_only.py
[2025-05-30T04:43:10.374+0000] {processor.py:830} INFO - Processing file /home/airflow/.local/lib/python3.12/site-packages/airflow/example_dags/example_latest_only.py for tasks to queue
[2025-05-30T04:43:10.376+0000] {logging_mixin.py:188} INFO - [2025-05-30T04:43:10.376+0000] {dagbag.py:545} INFO - Filling up the DagBag from /home/airflow/.local/lib/python3.12/site-packages/airflow/example_dags/example_latest_only.py
[2025-05-30T04:43:10.381+0000] {processor.py:840} INFO - DAG(s) 'latest_only' retrieved from /home/airflow/.local/lib/python3.12/site-packages/airflow/example_dags/example_latest_only.py
[2025-05-30T04:43:10.398+0000] {logging_mixin.py:188} INFO - [2025-05-30T04:43:10.398+0000] {dag.py:3096} INFO - Sync 1 DAGs
[2025-05-30T04:43:10.418+0000] {logging_mixin.py:188} INFO - [2025-05-30T04:43:10.418+0000] {dag.py:3954} INFO - Setting next_dagrun for latest_only to 2025-05-30 00:00:00+00:00, run_after=2025-05-30 04:00:00+00:00
[2025-05-30T04:43:10.443+0000] {processor.py:183} INFO - Processing /home/airflow/.local/lib/python3.12/site-packages/airflow/example_dags/example_latest_only.py took 0.074 seconds
[2025-05-30T04:43:40.701+0000] {processor.py:161} INFO - Started process (PID=1873) to work on /home/airflow/.local/lib/python3.12/site-packages/airflow/example_dags/example_latest_only.py
[2025-05-30T04:43:40.702+0000] {processor.py:830} INFO - Processing file /home/airflow/.local/lib/python3.12/site-packages/airflow/example_dags/example_latest_only.py for tasks to queue
[2025-05-30T04:43:40.704+0000] {logging_mixin.py:188} INFO - [2025-05-30T04:43:40.704+0000] {dagbag.py:545} INFO - Filling up the DagBag from /home/airflow/.local/lib/python3.12/site-packages/airflow/example_dags/example_latest_only.py
[2025-05-30T04:43:40.708+0000] {processor.py:840} INFO - DAG(s) 'latest_only' retrieved from /home/airflow/.local/lib/python3.12/site-packages/airflow/example_dags/example_latest_only.py
[2025-05-30T04:43:40.725+0000] {logging_mixin.py:188} INFO - [2025-05-30T04:43:40.724+0000] {dag.py:3096} INFO - Sync 1 DAGs
[2025-05-30T04:43:40.743+0000] {logging_mixin.py:188} INFO - [2025-05-30T04:43:40.743+0000] {dag.py:3954} INFO - Setting next_dagrun for latest_only to 2025-05-30 00:00:00+00:00, run_after=2025-05-30 04:00:00+00:00
[2025-05-30T04:43:40.768+0000] {processor.py:183} INFO - Processing /home/airflow/.local/lib/python3.12/site-packages/airflow/example_dags/example_latest_only.py took 0.074 seconds
[2025-05-30T04:44:11.401+0000] {processor.py:161} INFO - Started process (PID=2146) to work on /home/airflow/.local/lib/python3.12/site-packages/airflow/example_dags/example_latest_only.py
[2025-05-30T04:44:11.402+0000] {processor.py:830} INFO - Processing file /home/airflow/.local/lib/python3.12/site-packages/airflow/example_dags/example_latest_only.py for tasks to queue
[2025-05-30T04:44:11.404+0000] {logging_mixin.py:188} INFO - [2025-05-30T04:44:11.403+0000] {dagbag.py:545} INFO - Filling up the DagBag from /home/airflow/.local/lib/python3.12/site-packages/airflow/example_dags/example_latest_only.py
[2025-05-30T04:44:11.409+0000] {processor.py:840} INFO - DAG(s) 'latest_only' retrieved from /home/airflow/.local/lib/python3.12/site-packages/airflow/example_dags/example_latest_only.py
[2025-05-30T04:44:11.432+0000] {logging_mixin.py:188} INFO - [2025-05-30T04:44:11.431+0000] {dag.py:3096} INFO - Sync 1 DAGs
[2025-05-30T04:44:11.460+0000] {logging_mixin.py:188} INFO - [2025-05-30T04:44:11.459+0000] {dag.py:3954} INFO - Setting next_dagrun for latest_only to 2025-05-30 00:00:00+00:00, run_after=2025-05-30 04:00:00+00:00
[2025-05-30T04:44:11.494+0000] {processor.py:183} INFO - Processing /home/airflow/.local/lib/python3.12/site-packages/airflow/example_dags/example_latest_only.py took 0.101 seconds
[2025-05-30T04:44:41.556+0000] {processor.py:161} INFO - Started process (PID=2419) to work on /home/airflow/.local/lib/python3.12/site-packages/airflow/example_dags/example_latest_only.py
[2025-05-30T04:44:41.557+0000] {processor.py:830} INFO - Processing file /home/airflow/.local/lib/python3.12/site-packages/airflow/example_dags/example_latest_only.py for tasks to queue
[2025-05-30T04:44:41.559+0000] {logging_mixin.py:188} INFO - [2025-05-30T04:44:41.558+0000] {dagbag.py:545} INFO - Filling up the DagBag from /home/airflow/.local/lib/python3.12/site-packages/airflow/example_dags/example_latest_only.py
[2025-05-30T04:44:41.563+0000] {processor.py:840} INFO - DAG(s) 'latest_only' retrieved from /home/airflow/.local/lib/python3.12/site-packages/airflow/example_dags/example_latest_only.py
[2025-05-30T04:44:41.578+0000] {logging_mixin.py:188} INFO - [2025-05-30T04:44:41.578+0000] {dag.py:3096} INFO - Sync 1 DAGs
[2025-05-30T04:44:41.597+0000] {logging_mixin.py:188} INFO - [2025-05-30T04:44:41.597+0000] {dag.py:3954} INFO - Setting next_dagrun for latest_only to 2025-05-30 00:00:00+00:00, run_after=2025-05-30 04:00:00+00:00
[2025-05-30T04:44:41.624+0000] {processor.py:183} INFO - Processing /home/airflow/.local/lib/python3.12/site-packages/airflow/example_dags/example_latest_only.py took 0.074 seconds
[2025-05-30T04:45:12.165+0000] {processor.py:161} INFO - Started process (PID=2692) to work on /home/airflow/.local/lib/python3.12/site-packages/airflow/example_dags/example_latest_only.py
[2025-05-30T04:45:12.165+0000] {processor.py:830} INFO - Processing file /home/airflow/.local/lib/python3.12/site-packages/airflow/example_dags/example_latest_only.py for tasks to queue
[2025-05-30T04:45:12.167+0000] {logging_mixin.py:188} INFO - [2025-05-30T04:45:12.167+0000] {dagbag.py:545} INFO - Filling up the DagBag from /home/airflow/.local/lib/python3.12/site-packages/airflow/example_dags/example_latest_only.py
[2025-05-30T04:45:12.171+0000] {processor.py:840} INFO - DAG(s) 'latest_only' retrieved from /home/airflow/.local/lib/python3.12/site-packages/airflow/example_dags/example_latest_only.py
[2025-05-30T04:45:12.186+0000] {logging_mixin.py:188} INFO - [2025-05-30T04:45:12.185+0000] {dag.py:3096} INFO - Sync 1 DAGs
[2025-05-30T04:45:12.205+0000] {logging_mixin.py:188} INFO - [2025-05-30T04:45:12.205+0000] {dag.py:3954} INFO - Setting next_dagrun for latest_only to 2025-05-30 00:00:00+00:00, run_after=2025-05-30 04:00:00+00:00
[2025-05-30T04:45:12.225+0000] {processor.py:183} INFO - Processing /home/airflow/.local/lib/python3.12/site-packages/airflow/example_dags/example_latest_only.py took 0.065 seconds
[2025-05-30T04:45:42.319+0000] {processor.py:161} INFO - Started process (PID=2965) to work on /home/airflow/.local/lib/python3.12/site-packages/airflow/example_dags/example_latest_only.py
[2025-05-30T04:45:42.320+0000] {processor.py:830} INFO - Processing file /home/airflow/.local/lib/python3.12/site-packages/airflow/example_dags/example_latest_only.py for tasks to queue
[2025-05-30T04:45:42.321+0000] {logging_mixin.py:188} INFO - [2025-05-30T04:45:42.321+0000] {dagbag.py:545} INFO - Filling up the DagBag from /home/airflow/.local/lib/python3.12/site-packages/airflow/example_dags/example_latest_only.py
[2025-05-30T04:45:42.326+0000] {processor.py:840} INFO - DAG(s) 'latest_only' retrieved from /home/airflow/.local/lib/python3.12/site-packages/airflow/example_dags/example_latest_only.py
[2025-05-30T04:45:42.342+0000] {logging_mixin.py:188} INFO - [2025-05-30T04:45:42.342+0000] {dag.py:3096} INFO - Sync 1 DAGs
[2025-05-30T04:45:42.362+0000] {logging_mixin.py:188} INFO - [2025-05-30T04:45:42.361+0000] {dag.py:3954} INFO - Setting next_dagrun for latest_only to 2025-05-30 00:00:00+00:00, run_after=2025-05-30 04:00:00+00:00
[2025-05-30T04:45:42.390+0000] {processor.py:183} INFO - Processing /home/airflow/.local/lib/python3.12/site-packages/airflow/example_dags/example_latest_only.py took 0.078 seconds
[2025-05-30T04:46:13.007+0000] {processor.py:161} INFO - Started process (PID=3237) to work on /home/airflow/.local/lib/python3.12/site-packages/airflow/example_dags/example_latest_only.py
[2025-05-30T04:46:13.010+0000] {processor.py:830} INFO - Processing file /home/airflow/.local/lib/python3.12/site-packages/airflow/example_dags/example_latest_only.py for tasks to queue
[2025-05-30T04:46:13.019+0000] {logging_mixin.py:188} INFO - [2025-05-30T04:46:13.018+0000] {dagbag.py:545} INFO - Filling up the DagBag from /home/airflow/.local/lib/python3.12/site-packages/airflow/example_dags/example_latest_only.py
[2025-05-30T04:46:13.041+0000] {processor.py:840} INFO - DAG(s) 'latest_only' retrieved from /home/airflow/.local/lib/python3.12/site-packages/airflow/example_dags/example_latest_only.py
[2025-05-30T04:46:13.139+0000] {logging_mixin.py:188} INFO - [2025-05-30T04:46:13.139+0000] {dag.py:3096} INFO - Sync 1 DAGs
[2025-05-30T04:46:13.247+0000] {logging_mixin.py:188} INFO - [2025-05-30T04:46:13.246+0000] {dag.py:3954} INFO - Setting next_dagrun for latest_only to 2025-05-30 00:00:00+00:00, run_after=2025-05-30 04:00:00+00:00
[2025-05-30T04:46:13.356+0000] {processor.py:183} INFO - Processing /home/airflow/.local/lib/python3.12/site-packages/airflow/example_dags/example_latest_only.py took 0.376 seconds
[2025-05-30T04:46:43.498+0000] {processor.py:161} INFO - Started process (PID=3512) to work on /home/airflow/.local/lib/python3.12/site-packages/airflow/example_dags/example_latest_only.py
[2025-05-30T04:46:43.499+0000] {processor.py:830} INFO - Processing file /home/airflow/.local/lib/python3.12/site-packages/airflow/example_dags/example_latest_only.py for tasks to queue
[2025-05-30T04:46:43.500+0000] {logging_mixin.py:188} INFO - [2025-05-30T04:46:43.500+0000] {dagbag.py:545} INFO - Filling up the DagBag from /home/airflow/.local/lib/python3.12/site-packages/airflow/example_dags/example_latest_only.py
[2025-05-30T04:46:43.506+0000] {processor.py:840} INFO - DAG(s) 'latest_only' retrieved from /home/airflow/.local/lib/python3.12/site-packages/airflow/example_dags/example_latest_only.py
[2025-05-30T04:46:43.517+0000] {logging_mixin.py:188} INFO - [2025-05-30T04:46:43.516+0000] {dag.py:3096} INFO - Sync 1 DAGs
[2025-05-30T04:46:43.536+0000] {logging_mixin.py:188} INFO - [2025-05-30T04:46:43.536+0000] {dag.py:3954} INFO - Setting next_dagrun for latest_only to 2025-05-30 00:00:00+00:00, run_after=2025-05-30 04:00:00+00:00
[2025-05-30T04:46:43.551+0000] {processor.py:183} INFO - Processing /home/airflow/.local/lib/python3.12/site-packages/airflow/example_dags/example_latest_only.py took 0.059 seconds
[2025-05-30T04:47:14.602+0000] {processor.py:161} INFO - Started process (PID=3784) to work on /home/airflow/.local/lib/python3.12/site-packages/airflow/example_dags/example_latest_only.py
[2025-05-30T04:47:14.602+0000] {processor.py:830} INFO - Processing file /home/airflow/.local/lib/python3.12/site-packages/airflow/example_dags/example_latest_only.py for tasks to queue
[2025-05-30T04:47:14.604+0000] {logging_mixin.py:188} INFO - [2025-05-30T04:47:14.604+0000] {dagbag.py:545} INFO - Filling up the DagBag from /home/airflow/.local/lib/python3.12/site-packages/airflow/example_dags/example_latest_only.py
[2025-05-30T04:47:14.608+0000] {processor.py:840} INFO - DAG(s) 'latest_only' retrieved from /home/airflow/.local/lib/python3.12/site-packages/airflow/example_dags/example_latest_only.py
[2025-05-30T04:47:14.704+0000] {logging_mixin.py:188} INFO - [2025-05-30T04:47:14.704+0000] {dag.py:3096} INFO - Sync 1 DAGs
[2025-05-30T04:47:14.721+0000] {logging_mixin.py:188} INFO - [2025-05-30T04:47:14.721+0000] {dag.py:3954} INFO - Setting next_dagrun for latest_only to 2025-05-30 00:00:00+00:00, run_after=2025-05-30 04:00:00+00:00
[2025-05-30T04:47:14.739+0000] {processor.py:183} INFO - Processing /home/airflow/.local/lib/python3.12/site-packages/airflow/example_dags/example_latest_only.py took 0.142 seconds
[2025-05-30T04:47:45.136+0000] {processor.py:161} INFO - Started process (PID=4057) to work on /home/airflow/.local/lib/python3.12/site-packages/airflow/example_dags/example_latest_only.py
[2025-05-30T04:47:45.137+0000] {processor.py:830} INFO - Processing file /home/airflow/.local/lib/python3.12/site-packages/airflow/example_dags/example_latest_only.py for tasks to queue
[2025-05-30T04:47:45.139+0000] {logging_mixin.py:188} INFO - [2025-05-30T04:47:45.139+0000] {dagbag.py:545} INFO - Filling up the DagBag from /home/airflow/.local/lib/python3.12/site-packages/airflow/example_dags/example_latest_only.py
[2025-05-30T04:47:45.143+0000] {processor.py:840} INFO - DAG(s) 'latest_only' retrieved from /home/airflow/.local/lib/python3.12/site-packages/airflow/example_dags/example_latest_only.py
[2025-05-30T04:47:45.162+0000] {logging_mixin.py:188} INFO - [2025-05-30T04:47:45.162+0000] {dag.py:3096} INFO - Sync 1 DAGs
[2025-05-30T04:47:45.181+0000] {logging_mixin.py:188} INFO - [2025-05-30T04:47:45.181+0000] {dag.py:3954} INFO - Setting next_dagrun for latest_only to 2025-05-30 00:00:00+00:00, run_after=2025-05-30 04:00:00+00:00
[2025-05-30T04:47:45.202+0000] {processor.py:183} INFO - Processing /home/airflow/.local/lib/python3.12/site-packages/airflow/example_dags/example_latest_only.py took 0.070 seconds
[2025-05-30T04:48:15.594+0000] {processor.py:161} INFO - Started process (PID=4328) to work on /home/airflow/.local/lib/python3.12/site-packages/airflow/example_dags/example_latest_only.py
[2025-05-30T04:48:15.595+0000] {processor.py:830} INFO - Processing file /home/airflow/.local/lib/python3.12/site-packages/airflow/example_dags/example_latest_only.py for tasks to queue
[2025-05-30T04:48:15.598+0000] {logging_mixin.py:188} INFO - [2025-05-30T04:48:15.597+0000] {dagbag.py:545} INFO - Filling up the DagBag from /home/airflow/.local/lib/python3.12/site-packages/airflow/example_dags/example_latest_only.py
[2025-05-30T04:48:15.603+0000] {processor.py:840} INFO - DAG(s) 'latest_only' retrieved from /home/airflow/.local/lib/python3.12/site-packages/airflow/example_dags/example_latest_only.py
[2025-05-30T04:48:15.625+0000] {logging_mixin.py:188} INFO - [2025-05-30T04:48:15.625+0000] {dag.py:3096} INFO - Sync 1 DAGs
[2025-05-30T04:48:15.648+0000] {logging_mixin.py:188} INFO - [2025-05-30T04:48:15.648+0000] {dag.py:3954} INFO - Setting next_dagrun for latest_only to 2025-05-30 00:00:00+00:00, run_after=2025-05-30 04:00:00+00:00
[2025-05-30T04:48:15.666+0000] {processor.py:183} INFO - Processing /home/airflow/.local/lib/python3.12/site-packages/airflow/example_dags/example_latest_only.py took 0.077 seconds
[2025-05-30T04:48:46.033+0000] {processor.py:161} INFO - Started process (PID=4601) to work on /home/airflow/.local/lib/python3.12/site-packages/airflow/example_dags/example_latest_only.py
[2025-05-30T04:48:46.034+0000] {processor.py:830} INFO - Processing file /home/airflow/.local/lib/python3.12/site-packages/airflow/example_dags/example_latest_only.py for tasks to queue
[2025-05-30T04:48:46.035+0000] {logging_mixin.py:188} INFO - [2025-05-30T04:48:46.035+0000] {dagbag.py:545} INFO - Filling up the DagBag from /home/airflow/.local/lib/python3.12/site-packages/airflow/example_dags/example_latest_only.py
[2025-05-30T04:48:46.040+0000] {processor.py:840} INFO - DAG(s) 'latest_only' retrieved from /home/airflow/.local/lib/python3.12/site-packages/airflow/example_dags/example_latest_only.py
[2025-05-30T04:48:46.065+0000] {logging_mixin.py:188} INFO - [2025-05-30T04:48:46.064+0000] {dag.py:3096} INFO - Sync 1 DAGs
[2025-05-30T04:48:46.089+0000] {logging_mixin.py:188} INFO - [2025-05-30T04:48:46.088+0000] {dag.py:3954} INFO - Setting next_dagrun for latest_only to 2025-05-30 00:00:00+00:00, run_after=2025-05-30 04:00:00+00:00
[2025-05-30T04:48:46.107+0000] {processor.py:183} INFO - Processing /home/airflow/.local/lib/python3.12/site-packages/airflow/example_dags/example_latest_only.py took 0.081 seconds
[2025-05-30T04:49:16.524+0000] {processor.py:161} INFO - Started process (PID=4875) to work on /home/airflow/.local/lib/python3.12/site-packages/airflow/example_dags/example_latest_only.py
[2025-05-30T04:49:16.525+0000] {processor.py:830} INFO - Processing file /home/airflow/.local/lib/python3.12/site-packages/airflow/example_dags/example_latest_only.py for tasks to queue
[2025-05-30T04:49:16.527+0000] {logging_mixin.py:188} INFO - [2025-05-30T04:49:16.526+0000] {dagbag.py:545} INFO - Filling up the DagBag from /home/airflow/.local/lib/python3.12/site-packages/airflow/example_dags/example_latest_only.py
[2025-05-30T04:49:16.530+0000] {processor.py:840} INFO - DAG(s) 'latest_only' retrieved from /home/airflow/.local/lib/python3.12/site-packages/airflow/example_dags/example_latest_only.py
[2025-05-30T04:49:16.547+0000] {logging_mixin.py:188} INFO - [2025-05-30T04:49:16.547+0000] {dag.py:3096} INFO - Sync 1 DAGs
[2025-05-30T04:49:16.567+0000] {logging_mixin.py:188} INFO - [2025-05-30T04:49:16.567+0000] {dag.py:3954} INFO - Setting next_dagrun for latest_only to 2025-05-30 00:00:00+00:00, run_after=2025-05-30 04:00:00+00:00
[2025-05-30T04:49:16.583+0000] {processor.py:183} INFO - Processing /home/airflow/.local/lib/python3.12/site-packages/airflow/example_dags/example_latest_only.py took 0.063 seconds
[2025-05-30T05:20:44.809+0000] {processor.py:161} INFO - Started process (PID=5172) to work on /home/airflow/.local/lib/python3.12/site-packages/airflow/example_dags/example_latest_only.py
[2025-05-30T05:20:44.810+0000] {processor.py:830} INFO - Processing file /home/airflow/.local/lib/python3.12/site-packages/airflow/example_dags/example_latest_only.py for tasks to queue
[2025-05-30T05:20:44.812+0000] {logging_mixin.py:188} INFO - [2025-05-30T05:20:44.811+0000] {dagbag.py:545} INFO - Filling up the DagBag from /home/airflow/.local/lib/python3.12/site-packages/airflow/example_dags/example_latest_only.py
[2025-05-30T05:20:44.817+0000] {processor.py:840} INFO - DAG(s) 'latest_only' retrieved from /home/airflow/.local/lib/python3.12/site-packages/airflow/example_dags/example_latest_only.py
[2025-05-30T05:20:44.840+0000] {logging_mixin.py:188} INFO - [2025-05-30T05:20:44.840+0000] {dag.py:3096} INFO - Sync 1 DAGs
[2025-05-30T05:20:44.870+0000] {logging_mixin.py:188} INFO - [2025-05-30T05:20:44.870+0000] {dag.py:3954} INFO - Setting next_dagrun for latest_only to 2025-05-30 00:00:00+00:00, run_after=2025-05-30 04:00:00+00:00
[2025-05-30T05:20:44.892+0000] {processor.py:183} INFO - Processing /home/airflow/.local/lib/python3.12/site-packages/airflow/example_dags/example_latest_only.py took 0.090 seconds
[2025-05-30T05:21:15.826+0000] {processor.py:161} INFO - Started process (PID=5443) to work on /home/airflow/.local/lib/python3.12/site-packages/airflow/example_dags/example_latest_only.py
[2025-05-30T05:21:15.827+0000] {processor.py:830} INFO - Processing file /home/airflow/.local/lib/python3.12/site-packages/airflow/example_dags/example_latest_only.py for tasks to queue
[2025-05-30T05:21:15.829+0000] {logging_mixin.py:188} INFO - [2025-05-30T05:21:15.828+0000] {dagbag.py:545} INFO - Filling up the DagBag from /home/airflow/.local/lib/python3.12/site-packages/airflow/example_dags/example_latest_only.py
[2025-05-30T05:21:15.835+0000] {processor.py:840} INFO - DAG(s) 'latest_only' retrieved from /home/airflow/.local/lib/python3.12/site-packages/airflow/example_dags/example_latest_only.py
[2025-05-30T05:21:15.854+0000] {logging_mixin.py:188} INFO - [2025-05-30T05:21:15.854+0000] {dag.py:3096} INFO - Sync 1 DAGs
[2025-05-30T05:21:15.875+0000] {logging_mixin.py:188} INFO - [2025-05-30T05:21:15.875+0000] {dag.py:3954} INFO - Setting next_dagrun for latest_only to 2025-05-30 00:00:00+00:00, run_after=2025-05-30 04:00:00+00:00
[2025-05-30T05:21:15.895+0000] {processor.py:183} INFO - Processing /home/airflow/.local/lib/python3.12/site-packages/airflow/example_dags/example_latest_only.py took 0.075 seconds
[2025-05-30T05:21:46.343+0000] {processor.py:161} INFO - Started process (PID=5716) to work on /home/airflow/.local/lib/python3.12/site-packages/airflow/example_dags/example_latest_only.py
[2025-05-30T05:21:46.344+0000] {processor.py:830} INFO - Processing file /home/airflow/.local/lib/python3.12/site-packages/airflow/example_dags/example_latest_only.py for tasks to queue
[2025-05-30T05:21:46.347+0000] {logging_mixin.py:188} INFO - [2025-05-30T05:21:46.346+0000] {dagbag.py:545} INFO - Filling up the DagBag from /home/airflow/.local/lib/python3.12/site-packages/airflow/example_dags/example_latest_only.py
[2025-05-30T05:21:46.352+0000] {processor.py:840} INFO - DAG(s) 'latest_only' retrieved from /home/airflow/.local/lib/python3.12/site-packages/airflow/example_dags/example_latest_only.py
[2025-05-30T05:21:46.378+0000] {logging_mixin.py:188} INFO - [2025-05-30T05:21:46.378+0000] {dag.py:3096} INFO - Sync 1 DAGs
[2025-05-30T05:21:46.407+0000] {logging_mixin.py:188} INFO - [2025-05-30T05:21:46.407+0000] {dag.py:3954} INFO - Setting next_dagrun for latest_only to 2025-05-30 00:00:00+00:00, run_after=2025-05-30 04:00:00+00:00
[2025-05-30T05:21:46.427+0000] {processor.py:183} INFO - Processing /home/airflow/.local/lib/python3.12/site-packages/airflow/example_dags/example_latest_only.py took 0.090 seconds
[2025-05-30T05:22:17.389+0000] {processor.py:161} INFO - Started process (PID=5989) to work on /home/airflow/.local/lib/python3.12/site-packages/airflow/example_dags/example_latest_only.py
[2025-05-30T05:22:17.390+0000] {processor.py:830} INFO - Processing file /home/airflow/.local/lib/python3.12/site-packages/airflow/example_dags/example_latest_only.py for tasks to queue
[2025-05-30T05:22:17.392+0000] {logging_mixin.py:188} INFO - [2025-05-30T05:22:17.392+0000] {dagbag.py:545} INFO - Filling up the DagBag from /home/airflow/.local/lib/python3.12/site-packages/airflow/example_dags/example_latest_only.py
[2025-05-30T05:22:17.397+0000] {processor.py:840} INFO - DAG(s) 'latest_only' retrieved from /home/airflow/.local/lib/python3.12/site-packages/airflow/example_dags/example_latest_only.py
[2025-05-30T05:22:17.419+0000] {logging_mixin.py:188} INFO - [2025-05-30T05:22:17.418+0000] {dag.py:3096} INFO - Sync 1 DAGs
[2025-05-30T05:22:17.441+0000] {logging_mixin.py:188} INFO - [2025-05-30T05:22:17.441+0000] {dag.py:3954} INFO - Setting next_dagrun for latest_only to 2025-05-30 00:00:00+00:00, run_after=2025-05-30 04:00:00+00:00
[2025-05-30T05:22:17.462+0000] {processor.py:183} INFO - Processing /home/airflow/.local/lib/python3.12/site-packages/airflow/example_dags/example_latest_only.py took 0.079 seconds
[2025-05-30T05:22:48.776+0000] {processor.py:161} INFO - Started process (PID=6262) to work on /home/airflow/.local/lib/python3.12/site-packages/airflow/example_dags/example_latest_only.py
[2025-05-30T05:22:48.777+0000] {processor.py:830} INFO - Processing file /home/airflow/.local/lib/python3.12/site-packages/airflow/example_dags/example_latest_only.py for tasks to queue
[2025-05-30T05:22:48.779+0000] {logging_mixin.py:188} INFO - [2025-05-30T05:22:48.779+0000] {dagbag.py:545} INFO - Filling up the DagBag from /home/airflow/.local/lib/python3.12/site-packages/airflow/example_dags/example_latest_only.py
[2025-05-30T05:22:48.784+0000] {processor.py:840} INFO - DAG(s) 'latest_only' retrieved from /home/airflow/.local/lib/python3.12/site-packages/airflow/example_dags/example_latest_only.py
[2025-05-30T05:22:48.805+0000] {logging_mixin.py:188} INFO - [2025-05-30T05:22:48.805+0000] {dag.py:3096} INFO - Sync 1 DAGs
[2025-05-30T05:22:48.829+0000] {logging_mixin.py:188} INFO - [2025-05-30T05:22:48.829+0000] {dag.py:3954} INFO - Setting next_dagrun for latest_only to 2025-05-30 00:00:00+00:00, run_after=2025-05-30 04:00:00+00:00
[2025-05-30T05:22:48.851+0000] {processor.py:183} INFO - Processing /home/airflow/.local/lib/python3.12/site-packages/airflow/example_dags/example_latest_only.py took 0.080 seconds
[2025-05-30T05:23:19.900+0000] {processor.py:161} INFO - Started process (PID=6535) to work on /home/airflow/.local/lib/python3.12/site-packages/airflow/example_dags/example_latest_only.py
[2025-05-30T05:23:19.901+0000] {processor.py:830} INFO - Processing file /home/airflow/.local/lib/python3.12/site-packages/airflow/example_dags/example_latest_only.py for tasks to queue
[2025-05-30T05:23:19.903+0000] {logging_mixin.py:188} INFO - [2025-05-30T05:23:19.902+0000] {dagbag.py:545} INFO - Filling up the DagBag from /home/airflow/.local/lib/python3.12/site-packages/airflow/example_dags/example_latest_only.py
[2025-05-30T05:23:19.908+0000] {processor.py:840} INFO - DAG(s) 'latest_only' retrieved from /home/airflow/.local/lib/python3.12/site-packages/airflow/example_dags/example_latest_only.py
[2025-05-30T05:23:19.927+0000] {logging_mixin.py:188} INFO - [2025-05-30T05:23:19.927+0000] {dag.py:3096} INFO - Sync 1 DAGs
[2025-05-30T05:23:19.947+0000] {logging_mixin.py:188} INFO - [2025-05-30T05:23:19.947+0000] {dag.py:3954} INFO - Setting next_dagrun for latest_only to 2025-05-30 00:00:00+00:00, run_after=2025-05-30 04:00:00+00:00
[2025-05-30T05:23:20.072+0000] {processor.py:183} INFO - Processing /home/airflow/.local/lib/python3.12/site-packages/airflow/example_dags/example_latest_only.py took 0.179 seconds
[2025-05-30T05:23:50.123+0000] {processor.py:161} INFO - Started process (PID=6808) to work on /home/airflow/.local/lib/python3.12/site-packages/airflow/example_dags/example_latest_only.py
[2025-05-30T05:23:50.124+0000] {processor.py:830} INFO - Processing file /home/airflow/.local/lib/python3.12/site-packages/airflow/example_dags/example_latest_only.py for tasks to queue
[2025-05-30T05:23:50.127+0000] {logging_mixin.py:188} INFO - [2025-05-30T05:23:50.127+0000] {dagbag.py:545} INFO - Filling up the DagBag from /home/airflow/.local/lib/python3.12/site-packages/airflow/example_dags/example_latest_only.py
[2025-05-30T05:23:50.134+0000] {processor.py:840} INFO - DAG(s) 'latest_only' retrieved from /home/airflow/.local/lib/python3.12/site-packages/airflow/example_dags/example_latest_only.py
[2025-05-30T05:23:50.161+0000] {logging_mixin.py:188} INFO - [2025-05-30T05:23:50.161+0000] {dag.py:3096} INFO - Sync 1 DAGs
[2025-05-30T05:23:50.190+0000] {logging_mixin.py:188} INFO - [2025-05-30T05:23:50.190+0000] {dag.py:3954} INFO - Setting next_dagrun for latest_only to 2025-05-30 00:00:00+00:00, run_after=2025-05-30 04:00:00+00:00
[2025-05-30T05:23:50.219+0000] {processor.py:183} INFO - Processing /home/airflow/.local/lib/python3.12/site-packages/airflow/example_dags/example_latest_only.py took 0.103 seconds
[2025-05-30T05:24:21.080+0000] {processor.py:161} INFO - Started process (PID=7081) to work on /home/airflow/.local/lib/python3.12/site-packages/airflow/example_dags/example_latest_only.py
[2025-05-30T05:24:21.081+0000] {processor.py:830} INFO - Processing file /home/airflow/.local/lib/python3.12/site-packages/airflow/example_dags/example_latest_only.py for tasks to queue
[2025-05-30T05:24:21.084+0000] {logging_mixin.py:188} INFO - [2025-05-30T05:24:21.083+0000] {dagbag.py:545} INFO - Filling up the DagBag from /home/airflow/.local/lib/python3.12/site-packages/airflow/example_dags/example_latest_only.py
[2025-05-30T05:24:21.088+0000] {processor.py:840} INFO - DAG(s) 'latest_only' retrieved from /home/airflow/.local/lib/python3.12/site-packages/airflow/example_dags/example_latest_only.py
[2025-05-30T05:24:21.105+0000] {logging_mixin.py:188} INFO - [2025-05-30T05:24:21.105+0000] {dag.py:3096} INFO - Sync 1 DAGs
[2025-05-30T05:24:21.126+0000] {logging_mixin.py:188} INFO - [2025-05-30T05:24:21.126+0000] {dag.py:3954} INFO - Setting next_dagrun for latest_only to 2025-05-30 00:00:00+00:00, run_after=2025-05-30 04:00:00+00:00
[2025-05-30T05:24:21.143+0000] {processor.py:183} INFO - Processing /home/airflow/.local/lib/python3.12/site-packages/airflow/example_dags/example_latest_only.py took 0.069 seconds
[2025-05-30T05:24:51.970+0000] {processor.py:161} INFO - Started process (PID=7354) to work on /home/airflow/.local/lib/python3.12/site-packages/airflow/example_dags/example_latest_only.py
[2025-05-30T05:24:51.970+0000] {processor.py:830} INFO - Processing file /home/airflow/.local/lib/python3.12/site-packages/airflow/example_dags/example_latest_only.py for tasks to queue
[2025-05-30T05:24:51.972+0000] {logging_mixin.py:188} INFO - [2025-05-30T05:24:51.972+0000] {dagbag.py:545} INFO - Filling up the DagBag from /home/airflow/.local/lib/python3.12/site-packages/airflow/example_dags/example_latest_only.py
[2025-05-30T05:24:51.977+0000] {processor.py:840} INFO - DAG(s) 'latest_only' retrieved from /home/airflow/.local/lib/python3.12/site-packages/airflow/example_dags/example_latest_only.py
[2025-05-30T05:24:51.997+0000] {logging_mixin.py:188} INFO - [2025-05-30T05:24:51.997+0000] {dag.py:3096} INFO - Sync 1 DAGs
[2025-05-30T05:24:52.020+0000] {logging_mixin.py:188} INFO - [2025-05-30T05:24:52.020+0000] {dag.py:3954} INFO - Setting next_dagrun for latest_only to 2025-05-30 00:00:00+00:00, run_after=2025-05-30 04:00:00+00:00
[2025-05-30T05:24:52.039+0000] {processor.py:183} INFO - Processing /home/airflow/.local/lib/python3.12/site-packages/airflow/example_dags/example_latest_only.py took 0.075 seconds
[2025-05-30T05:25:23.429+0000] {processor.py:161} INFO - Started process (PID=7627) to work on /home/airflow/.local/lib/python3.12/site-packages/airflow/example_dags/example_latest_only.py
[2025-05-30T05:25:23.430+0000] {processor.py:830} INFO - Processing file /home/airflow/.local/lib/python3.12/site-packages/airflow/example_dags/example_latest_only.py for tasks to queue
[2025-05-30T05:25:23.432+0000] {logging_mixin.py:188} INFO - [2025-05-30T05:25:23.432+0000] {dagbag.py:545} INFO - Filling up the DagBag from /home/airflow/.local/lib/python3.12/site-packages/airflow/example_dags/example_latest_only.py
[2025-05-30T05:25:23.438+0000] {processor.py:840} INFO - DAG(s) 'latest_only' retrieved from /home/airflow/.local/lib/python3.12/site-packages/airflow/example_dags/example_latest_only.py
[2025-05-30T05:25:23.466+0000] {logging_mixin.py:188} INFO - [2025-05-30T05:25:23.466+0000] {dag.py:3096} INFO - Sync 1 DAGs
[2025-05-30T05:25:23.495+0000] {logging_mixin.py:188} INFO - [2025-05-30T05:25:23.495+0000] {dag.py:3954} INFO - Setting next_dagrun for latest_only to 2025-05-30 00:00:00+00:00, run_after=2025-05-30 04:00:00+00:00
[2025-05-30T05:25:23.522+0000] {processor.py:183} INFO - Processing /home/airflow/.local/lib/python3.12/site-packages/airflow/example_dags/example_latest_only.py took 0.101 seconds
[2025-05-30T05:25:54.272+0000] {processor.py:161} INFO - Started process (PID=7900) to work on /home/airflow/.local/lib/python3.12/site-packages/airflow/example_dags/example_latest_only.py
[2025-05-30T05:25:54.273+0000] {processor.py:830} INFO - Processing file /home/airflow/.local/lib/python3.12/site-packages/airflow/example_dags/example_latest_only.py for tasks to queue
[2025-05-30T05:25:54.278+0000] {logging_mixin.py:188} INFO - [2025-05-30T05:25:54.277+0000] {dagbag.py:545} INFO - Filling up the DagBag from /home/airflow/.local/lib/python3.12/site-packages/airflow/example_dags/example_latest_only.py
[2025-05-30T05:25:54.285+0000] {processor.py:840} INFO - DAG(s) 'latest_only' retrieved from /home/airflow/.local/lib/python3.12/site-packages/airflow/example_dags/example_latest_only.py
[2025-05-30T05:25:54.309+0000] {logging_mixin.py:188} INFO - [2025-05-30T05:25:54.309+0000] {dag.py:3096} INFO - Sync 1 DAGs
[2025-05-30T05:25:54.333+0000] {logging_mixin.py:188} INFO - [2025-05-30T05:25:54.333+0000] {dag.py:3954} INFO - Setting next_dagrun for latest_only to 2025-05-30 00:00:00+00:00, run_after=2025-05-30 04:00:00+00:00
[2025-05-30T05:25:54.351+0000] {processor.py:183} INFO - Processing /home/airflow/.local/lib/python3.12/site-packages/airflow/example_dags/example_latest_only.py took 0.087 seconds
[2025-05-30T05:26:24.790+0000] {processor.py:161} INFO - Started process (PID=8175) to work on /home/airflow/.local/lib/python3.12/site-packages/airflow/example_dags/example_latest_only.py
[2025-05-30T05:26:24.791+0000] {processor.py:830} INFO - Processing file /home/airflow/.local/lib/python3.12/site-packages/airflow/example_dags/example_latest_only.py for tasks to queue
[2025-05-30T05:26:24.793+0000] {logging_mixin.py:188} INFO - [2025-05-30T05:26:24.792+0000] {dagbag.py:545} INFO - Filling up the DagBag from /home/airflow/.local/lib/python3.12/site-packages/airflow/example_dags/example_latest_only.py
[2025-05-30T05:26:24.797+0000] {processor.py:840} INFO - DAG(s) 'latest_only' retrieved from /home/airflow/.local/lib/python3.12/site-packages/airflow/example_dags/example_latest_only.py
[2025-05-30T05:26:24.817+0000] {logging_mixin.py:188} INFO - [2025-05-30T05:26:24.817+0000] {dag.py:3096} INFO - Sync 1 DAGs
[2025-05-30T05:26:24.840+0000] {logging_mixin.py:188} INFO - [2025-05-30T05:26:24.840+0000] {dag.py:3954} INFO - Setting next_dagrun for latest_only to 2025-05-30 00:00:00+00:00, run_after=2025-05-30 04:00:00+00:00
[2025-05-30T05:26:24.861+0000] {processor.py:183} INFO - Processing /home/airflow/.local/lib/python3.12/site-packages/airflow/example_dags/example_latest_only.py took 0.077 seconds
[2025-05-30T05:26:55.491+0000] {processor.py:161} INFO - Started process (PID=8447) to work on /home/airflow/.local/lib/python3.12/site-packages/airflow/example_dags/example_latest_only.py
[2025-05-30T05:26:55.492+0000] {processor.py:830} INFO - Processing file /home/airflow/.local/lib/python3.12/site-packages/airflow/example_dags/example_latest_only.py for tasks to queue
[2025-05-30T05:26:55.494+0000] {logging_mixin.py:188} INFO - [2025-05-30T05:26:55.494+0000] {dagbag.py:545} INFO - Filling up the DagBag from /home/airflow/.local/lib/python3.12/site-packages/airflow/example_dags/example_latest_only.py
[2025-05-30T05:26:55.500+0000] {processor.py:840} INFO - DAG(s) 'latest_only' retrieved from /home/airflow/.local/lib/python3.12/site-packages/airflow/example_dags/example_latest_only.py
[2025-05-30T05:26:55.521+0000] {logging_mixin.py:188} INFO - [2025-05-30T05:26:55.520+0000] {dag.py:3096} INFO - Sync 1 DAGs
[2025-05-30T05:26:55.547+0000] {logging_mixin.py:188} INFO - [2025-05-30T05:26:55.547+0000] {dag.py:3954} INFO - Setting next_dagrun for latest_only to 2025-05-30 00:00:00+00:00, run_after=2025-05-30 04:00:00+00:00
[2025-05-30T05:26:55.564+0000] {processor.py:183} INFO - Processing /home/airflow/.local/lib/python3.12/site-packages/airflow/example_dags/example_latest_only.py took 0.079 seconds
[2025-05-30T05:27:26.344+0000] {processor.py:161} INFO - Started process (PID=8720) to work on /home/airflow/.local/lib/python3.12/site-packages/airflow/example_dags/example_latest_only.py
[2025-05-30T05:27:26.345+0000] {processor.py:830} INFO - Processing file /home/airflow/.local/lib/python3.12/site-packages/airflow/example_dags/example_latest_only.py for tasks to queue
[2025-05-30T05:27:26.347+0000] {logging_mixin.py:188} INFO - [2025-05-30T05:27:26.347+0000] {dagbag.py:545} INFO - Filling up the DagBag from /home/airflow/.local/lib/python3.12/site-packages/airflow/example_dags/example_latest_only.py
[2025-05-30T05:27:26.353+0000] {processor.py:840} INFO - DAG(s) 'latest_only' retrieved from /home/airflow/.local/lib/python3.12/site-packages/airflow/example_dags/example_latest_only.py
[2025-05-30T05:27:26.373+0000] {logging_mixin.py:188} INFO - [2025-05-30T05:27:26.373+0000] {dag.py:3096} INFO - Sync 1 DAGs
[2025-05-30T05:27:26.396+0000] {logging_mixin.py:188} INFO - [2025-05-30T05:27:26.396+0000] {dag.py:3954} INFO - Setting next_dagrun for latest_only to 2025-05-30 00:00:00+00:00, run_after=2025-05-30 04:00:00+00:00
[2025-05-30T05:27:26.415+0000] {processor.py:183} INFO - Processing /home/airflow/.local/lib/python3.12/site-packages/airflow/example_dags/example_latest_only.py took 0.077 seconds
[2025-05-30T05:27:56.981+0000] {processor.py:161} INFO - Started process (PID=8991) to work on /home/airflow/.local/lib/python3.12/site-packages/airflow/example_dags/example_latest_only.py
[2025-05-30T05:27:56.982+0000] {processor.py:830} INFO - Processing file /home/airflow/.local/lib/python3.12/site-packages/airflow/example_dags/example_latest_only.py for tasks to queue
[2025-05-30T05:27:56.985+0000] {logging_mixin.py:188} INFO - [2025-05-30T05:27:56.985+0000] {dagbag.py:545} INFO - Filling up the DagBag from /home/airflow/.local/lib/python3.12/site-packages/airflow/example_dags/example_latest_only.py
[2025-05-30T05:27:56.992+0000] {processor.py:840} INFO - DAG(s) 'latest_only' retrieved from /home/airflow/.local/lib/python3.12/site-packages/airflow/example_dags/example_latest_only.py
[2025-05-30T05:27:57.020+0000] {logging_mixin.py:188} INFO - [2025-05-30T05:27:57.019+0000] {dag.py:3096} INFO - Sync 1 DAGs
[2025-05-30T05:27:57.057+0000] {logging_mixin.py:188} INFO - [2025-05-30T05:27:57.057+0000] {dag.py:3954} INFO - Setting next_dagrun for latest_only to 2025-05-30 00:00:00+00:00, run_after=2025-05-30 04:00:00+00:00
[2025-05-30T05:27:57.089+0000] {processor.py:183} INFO - Processing /home/airflow/.local/lib/python3.12/site-packages/airflow/example_dags/example_latest_only.py took 0.116 seconds
[2025-05-30T05:28:27.560+0000] {processor.py:161} INFO - Started process (PID=9263) to work on /home/airflow/.local/lib/python3.12/site-packages/airflow/example_dags/example_latest_only.py
[2025-05-30T05:28:27.561+0000] {processor.py:830} INFO - Processing file /home/airflow/.local/lib/python3.12/site-packages/airflow/example_dags/example_latest_only.py for tasks to queue
[2025-05-30T05:28:27.563+0000] {logging_mixin.py:188} INFO - [2025-05-30T05:28:27.563+0000] {dagbag.py:545} INFO - Filling up the DagBag from /home/airflow/.local/lib/python3.12/site-packages/airflow/example_dags/example_latest_only.py
[2025-05-30T05:28:27.567+0000] {processor.py:840} INFO - DAG(s) 'latest_only' retrieved from /home/airflow/.local/lib/python3.12/site-packages/airflow/example_dags/example_latest_only.py
[2025-05-30T05:28:27.591+0000] {logging_mixin.py:188} INFO - [2025-05-30T05:28:27.591+0000] {dag.py:3096} INFO - Sync 1 DAGs
[2025-05-30T05:28:27.617+0000] {logging_mixin.py:188} INFO - [2025-05-30T05:28:27.617+0000] {dag.py:3954} INFO - Setting next_dagrun for latest_only to 2025-05-30 00:00:00+00:00, run_after=2025-05-30 04:00:00+00:00
[2025-05-30T05:28:27.636+0000] {processor.py:183} INFO - Processing /home/airflow/.local/lib/python3.12/site-packages/airflow/example_dags/example_latest_only.py took 0.082 seconds
[2025-05-30T05:28:57.941+0000] {processor.py:161} INFO - Started process (PID=9531) to work on /home/airflow/.local/lib/python3.12/site-packages/airflow/example_dags/example_latest_only.py
[2025-05-30T05:28:57.942+0000] {processor.py:830} INFO - Processing file /home/airflow/.local/lib/python3.12/site-packages/airflow/example_dags/example_latest_only.py for tasks to queue
[2025-05-30T05:28:57.945+0000] {logging_mixin.py:188} INFO - [2025-05-30T05:28:57.944+0000] {dagbag.py:545} INFO - Filling up the DagBag from /home/airflow/.local/lib/python3.12/site-packages/airflow/example_dags/example_latest_only.py
[2025-05-30T05:28:57.952+0000] {processor.py:840} INFO - DAG(s) 'latest_only' retrieved from /home/airflow/.local/lib/python3.12/site-packages/airflow/example_dags/example_latest_only.py
[2025-05-30T05:28:57.975+0000] {logging_mixin.py:188} INFO - [2025-05-30T05:28:57.974+0000] {dag.py:3096} INFO - Sync 1 DAGs
[2025-05-30T05:28:58.006+0000] {logging_mixin.py:188} INFO - [2025-05-30T05:28:58.006+0000] {dag.py:3954} INFO - Setting next_dagrun for latest_only to 2025-05-30 00:00:00+00:00, run_after=2025-05-30 04:00:00+00:00
[2025-05-30T05:28:58.031+0000] {processor.py:183} INFO - Processing /home/airflow/.local/lib/python3.12/site-packages/airflow/example_dags/example_latest_only.py took 0.098 seconds
[2025-05-30T05:29:28.218+0000] {processor.py:161} INFO - Started process (PID=9804) to work on /home/airflow/.local/lib/python3.12/site-packages/airflow/example_dags/example_latest_only.py
[2025-05-30T05:29:28.219+0000] {processor.py:830} INFO - Processing file /home/airflow/.local/lib/python3.12/site-packages/airflow/example_dags/example_latest_only.py for tasks to queue
[2025-05-30T05:29:28.221+0000] {logging_mixin.py:188} INFO - [2025-05-30T05:29:28.220+0000] {dagbag.py:545} INFO - Filling up the DagBag from /home/airflow/.local/lib/python3.12/site-packages/airflow/example_dags/example_latest_only.py
[2025-05-30T05:29:28.226+0000] {processor.py:840} INFO - DAG(s) 'latest_only' retrieved from /home/airflow/.local/lib/python3.12/site-packages/airflow/example_dags/example_latest_only.py
[2025-05-30T05:29:28.246+0000] {logging_mixin.py:188} INFO - [2025-05-30T05:29:28.245+0000] {dag.py:3096} INFO - Sync 1 DAGs
[2025-05-30T05:29:28.272+0000] {logging_mixin.py:188} INFO - [2025-05-30T05:29:28.271+0000] {dag.py:3954} INFO - Setting next_dagrun for latest_only to 2025-05-30 00:00:00+00:00, run_after=2025-05-30 04:00:00+00:00
[2025-05-30T05:29:28.291+0000] {processor.py:183} INFO - Processing /home/airflow/.local/lib/python3.12/site-packages/airflow/example_dags/example_latest_only.py took 0.080 seconds
[2025-05-30T05:29:58.604+0000] {processor.py:161} INFO - Started process (PID=10077) to work on /home/airflow/.local/lib/python3.12/site-packages/airflow/example_dags/example_latest_only.py
[2025-05-30T05:29:58.605+0000] {processor.py:830} INFO - Processing file /home/airflow/.local/lib/python3.12/site-packages/airflow/example_dags/example_latest_only.py for tasks to queue
[2025-05-30T05:29:58.606+0000] {logging_mixin.py:188} INFO - [2025-05-30T05:29:58.606+0000] {dagbag.py:545} INFO - Filling up the DagBag from /home/airflow/.local/lib/python3.12/site-packages/airflow/example_dags/example_latest_only.py
[2025-05-30T05:29:58.610+0000] {processor.py:840} INFO - DAG(s) 'latest_only' retrieved from /home/airflow/.local/lib/python3.12/site-packages/airflow/example_dags/example_latest_only.py
[2025-05-30T05:29:58.627+0000] {logging_mixin.py:188} INFO - [2025-05-30T05:29:58.627+0000] {dag.py:3096} INFO - Sync 1 DAGs
[2025-05-30T05:29:58.646+0000] {logging_mixin.py:188} INFO - [2025-05-30T05:29:58.645+0000] {dag.py:3954} INFO - Setting next_dagrun for latest_only to 2025-05-30 00:00:00+00:00, run_after=2025-05-30 04:00:00+00:00
[2025-05-30T05:29:58.665+0000] {processor.py:183} INFO - Processing /home/airflow/.local/lib/python3.12/site-packages/airflow/example_dags/example_latest_only.py took 0.067 seconds
[2025-05-30T05:30:28.773+0000] {processor.py:161} INFO - Started process (PID=10349) to work on /home/airflow/.local/lib/python3.12/site-packages/airflow/example_dags/example_latest_only.py
[2025-05-30T05:30:28.775+0000] {processor.py:830} INFO - Processing file /home/airflow/.local/lib/python3.12/site-packages/airflow/example_dags/example_latest_only.py for tasks to queue
[2025-05-30T05:30:28.777+0000] {logging_mixin.py:188} INFO - [2025-05-30T05:30:28.776+0000] {dagbag.py:545} INFO - Filling up the DagBag from /home/airflow/.local/lib/python3.12/site-packages/airflow/example_dags/example_latest_only.py
[2025-05-30T05:30:28.783+0000] {processor.py:840} INFO - DAG(s) 'latest_only' retrieved from /home/airflow/.local/lib/python3.12/site-packages/airflow/example_dags/example_latest_only.py
[2025-05-30T05:30:28.803+0000] {logging_mixin.py:188} INFO - [2025-05-30T05:30:28.803+0000] {dag.py:3096} INFO - Sync 1 DAGs
[2025-05-30T05:30:28.828+0000] {logging_mixin.py:188} INFO - [2025-05-30T05:30:28.828+0000] {dag.py:3954} INFO - Setting next_dagrun for latest_only to 2025-05-30 00:00:00+00:00, run_after=2025-05-30 04:00:00+00:00
[2025-05-30T05:30:28.847+0000] {processor.py:183} INFO - Processing /home/airflow/.local/lib/python3.12/site-packages/airflow/example_dags/example_latest_only.py took 0.080 seconds
[2025-05-30T05:30:59.076+0000] {processor.py:161} INFO - Started process (PID=10624) to work on /home/airflow/.local/lib/python3.12/site-packages/airflow/example_dags/example_latest_only.py
[2025-05-30T05:30:59.076+0000] {processor.py:830} INFO - Processing file /home/airflow/.local/lib/python3.12/site-packages/airflow/example_dags/example_latest_only.py for tasks to queue
[2025-05-30T05:30:59.079+0000] {logging_mixin.py:188} INFO - [2025-05-30T05:30:59.078+0000] {dagbag.py:545} INFO - Filling up the DagBag from /home/airflow/.local/lib/python3.12/site-packages/airflow/example_dags/example_latest_only.py
[2025-05-30T05:30:59.083+0000] {processor.py:840} INFO - DAG(s) 'latest_only' retrieved from /home/airflow/.local/lib/python3.12/site-packages/airflow/example_dags/example_latest_only.py
[2025-05-30T05:30:59.102+0000] {logging_mixin.py:188} INFO - [2025-05-30T05:30:59.102+0000] {dag.py:3096} INFO - Sync 1 DAGs
[2025-05-30T05:30:59.123+0000] {logging_mixin.py:188} INFO - [2025-05-30T05:30:59.123+0000] {dag.py:3954} INFO - Setting next_dagrun for latest_only to 2025-05-30 00:00:00+00:00, run_after=2025-05-30 04:00:00+00:00
[2025-05-30T05:30:59.142+0000] {processor.py:183} INFO - Processing /home/airflow/.local/lib/python3.12/site-packages/airflow/example_dags/example_latest_only.py took 0.072 seconds
[2025-05-30T05:31:29.316+0000] {processor.py:161} INFO - Started process (PID=10895) to work on /home/airflow/.local/lib/python3.12/site-packages/airflow/example_dags/example_latest_only.py
[2025-05-30T05:31:29.317+0000] {processor.py:830} INFO - Processing file /home/airflow/.local/lib/python3.12/site-packages/airflow/example_dags/example_latest_only.py for tasks to queue
[2025-05-30T05:31:29.318+0000] {logging_mixin.py:188} INFO - [2025-05-30T05:31:29.318+0000] {dagbag.py:545} INFO - Filling up the DagBag from /home/airflow/.local/lib/python3.12/site-packages/airflow/example_dags/example_latest_only.py
[2025-05-30T05:31:29.323+0000] {processor.py:840} INFO - DAG(s) 'latest_only' retrieved from /home/airflow/.local/lib/python3.12/site-packages/airflow/example_dags/example_latest_only.py
[2025-05-30T05:31:29.341+0000] {logging_mixin.py:188} INFO - [2025-05-30T05:31:29.340+0000] {dag.py:3096} INFO - Sync 1 DAGs
[2025-05-30T05:31:29.361+0000] {logging_mixin.py:188} INFO - [2025-05-30T05:31:29.361+0000] {dag.py:3954} INFO - Setting next_dagrun for latest_only to 2025-05-30 00:00:00+00:00, run_after=2025-05-30 04:00:00+00:00
[2025-05-30T05:31:29.379+0000] {processor.py:183} INFO - Processing /home/airflow/.local/lib/python3.12/site-packages/airflow/example_dags/example_latest_only.py took 0.068 seconds
[2025-05-30T05:31:59.545+0000] {processor.py:161} INFO - Started process (PID=11168) to work on /home/airflow/.local/lib/python3.12/site-packages/airflow/example_dags/example_latest_only.py
[2025-05-30T05:31:59.546+0000] {processor.py:830} INFO - Processing file /home/airflow/.local/lib/python3.12/site-packages/airflow/example_dags/example_latest_only.py for tasks to queue
[2025-05-30T05:31:59.548+0000] {logging_mixin.py:188} INFO - [2025-05-30T05:31:59.548+0000] {dagbag.py:545} INFO - Filling up the DagBag from /home/airflow/.local/lib/python3.12/site-packages/airflow/example_dags/example_latest_only.py
[2025-05-30T05:31:59.552+0000] {processor.py:840} INFO - DAG(s) 'latest_only' retrieved from /home/airflow/.local/lib/python3.12/site-packages/airflow/example_dags/example_latest_only.py
[2025-05-30T05:31:59.575+0000] {logging_mixin.py:188} INFO - [2025-05-30T05:31:59.574+0000] {dag.py:3096} INFO - Sync 1 DAGs
[2025-05-30T05:31:59.601+0000] {logging_mixin.py:188} INFO - [2025-05-30T05:31:59.600+0000] {dag.py:3954} INFO - Setting next_dagrun for latest_only to 2025-05-30 00:00:00+00:00, run_after=2025-05-30 04:00:00+00:00
[2025-05-30T05:31:59.619+0000] {processor.py:183} INFO - Processing /home/airflow/.local/lib/python3.12/site-packages/airflow/example_dags/example_latest_only.py took 0.079 seconds
[2025-05-30T05:32:29.798+0000] {processor.py:161} INFO - Started process (PID=11441) to work on /home/airflow/.local/lib/python3.12/site-packages/airflow/example_dags/example_latest_only.py
[2025-05-30T05:32:29.799+0000] {processor.py:830} INFO - Processing file /home/airflow/.local/lib/python3.12/site-packages/airflow/example_dags/example_latest_only.py for tasks to queue
[2025-05-30T05:32:29.800+0000] {logging_mixin.py:188} INFO - [2025-05-30T05:32:29.800+0000] {dagbag.py:545} INFO - Filling up the DagBag from /home/airflow/.local/lib/python3.12/site-packages/airflow/example_dags/example_latest_only.py
[2025-05-30T05:32:29.805+0000] {processor.py:840} INFO - DAG(s) 'latest_only' retrieved from /home/airflow/.local/lib/python3.12/site-packages/airflow/example_dags/example_latest_only.py
[2025-05-30T05:32:29.823+0000] {logging_mixin.py:188} INFO - [2025-05-30T05:32:29.823+0000] {dag.py:3096} INFO - Sync 1 DAGs
[2025-05-30T05:32:29.843+0000] {logging_mixin.py:188} INFO - [2025-05-30T05:32:29.843+0000] {dag.py:3954} INFO - Setting next_dagrun for latest_only to 2025-05-30 00:00:00+00:00, run_after=2025-05-30 04:00:00+00:00
[2025-05-30T05:32:29.861+0000] {processor.py:183} INFO - Processing /home/airflow/.local/lib/python3.12/site-packages/airflow/example_dags/example_latest_only.py took 0.069 seconds
[2025-05-30T05:40:01.431+0000] {processor.py:161} INFO - Started process (PID=244) to work on /home/airflow/.local/lib/python3.12/site-packages/airflow/example_dags/example_latest_only.py
[2025-05-30T05:40:01.433+0000] {processor.py:830} INFO - Processing file /home/airflow/.local/lib/python3.12/site-packages/airflow/example_dags/example_latest_only.py for tasks to queue
[2025-05-30T05:40:01.436+0000] {logging_mixin.py:188} INFO - [2025-05-30T05:40:01.436+0000] {dagbag.py:545} INFO - Filling up the DagBag from /home/airflow/.local/lib/python3.12/site-packages/airflow/example_dags/example_latest_only.py
[2025-05-30T05:40:01.448+0000] {processor.py:840} INFO - DAG(s) 'latest_only' retrieved from /home/airflow/.local/lib/python3.12/site-packages/airflow/example_dags/example_latest_only.py
[2025-05-30T05:40:01.467+0000] {logging_mixin.py:188} INFO - [2025-05-30T05:40:01.466+0000] {dag.py:3096} INFO - Sync 1 DAGs
[2025-05-30T05:40:01.495+0000] {logging_mixin.py:188} INFO - [2025-05-30T05:40:01.495+0000] {dag.py:3954} INFO - Setting next_dagrun for latest_only to 2025-05-30 00:00:00+00:00, run_after=2025-05-30 04:00:00+00:00
[2025-05-30T05:40:01.527+0000] {processor.py:183} INFO - Processing /home/airflow/.local/lib/python3.12/site-packages/airflow/example_dags/example_latest_only.py took 0.103 seconds
[2025-05-30T05:40:33.195+0000] {processor.py:161} INFO - Started process (PID=519) to work on /home/airflow/.local/lib/python3.12/site-packages/airflow/example_dags/example_latest_only.py
[2025-05-30T05:40:33.196+0000] {processor.py:830} INFO - Processing file /home/airflow/.local/lib/python3.12/site-packages/airflow/example_dags/example_latest_only.py for tasks to queue
[2025-05-30T05:40:33.197+0000] {logging_mixin.py:188} INFO - [2025-05-30T05:40:33.197+0000] {dagbag.py:545} INFO - Filling up the DagBag from /home/airflow/.local/lib/python3.12/site-packages/airflow/example_dags/example_latest_only.py
[2025-05-30T05:40:33.202+0000] {processor.py:840} INFO - DAG(s) 'latest_only' retrieved from /home/airflow/.local/lib/python3.12/site-packages/airflow/example_dags/example_latest_only.py
[2025-05-30T05:40:33.305+0000] {logging_mixin.py:188} INFO - [2025-05-30T05:40:33.305+0000] {dag.py:3096} INFO - Sync 1 DAGs
[2025-05-30T05:40:33.321+0000] {logging_mixin.py:188} INFO - [2025-05-30T05:40:33.321+0000] {dag.py:3954} INFO - Setting next_dagrun for latest_only to 2025-05-30 00:00:00+00:00, run_after=2025-05-30 04:00:00+00:00
[2025-05-30T05:40:33.349+0000] {processor.py:183} INFO - Processing /home/airflow/.local/lib/python3.12/site-packages/airflow/example_dags/example_latest_only.py took 0.159 seconds
[2025-05-30T05:41:04.067+0000] {processor.py:161} INFO - Started process (PID=790) to work on /home/airflow/.local/lib/python3.12/site-packages/airflow/example_dags/example_latest_only.py
[2025-05-30T05:41:04.068+0000] {processor.py:830} INFO - Processing file /home/airflow/.local/lib/python3.12/site-packages/airflow/example_dags/example_latest_only.py for tasks to queue
[2025-05-30T05:41:04.070+0000] {logging_mixin.py:188} INFO - [2025-05-30T05:41:04.069+0000] {dagbag.py:545} INFO - Filling up the DagBag from /home/airflow/.local/lib/python3.12/site-packages/airflow/example_dags/example_latest_only.py
[2025-05-30T05:41:04.074+0000] {processor.py:840} INFO - DAG(s) 'latest_only' retrieved from /home/airflow/.local/lib/python3.12/site-packages/airflow/example_dags/example_latest_only.py
[2025-05-30T05:41:04.091+0000] {logging_mixin.py:188} INFO - [2025-05-30T05:41:04.090+0000] {dag.py:3096} INFO - Sync 1 DAGs
[2025-05-30T05:41:04.110+0000] {logging_mixin.py:188} INFO - [2025-05-30T05:41:04.109+0000] {dag.py:3954} INFO - Setting next_dagrun for latest_only to 2025-05-30 00:00:00+00:00, run_after=2025-05-30 04:00:00+00:00
[2025-05-30T05:41:04.128+0000] {processor.py:183} INFO - Processing /home/airflow/.local/lib/python3.12/site-packages/airflow/example_dags/example_latest_only.py took 0.066 seconds
