[2025-05-30T04:40:35.405+0000] {processor.py:161} INFO - Started process (PID=265) to work on /home/airflow/.local/lib/python3.12/site-packages/airflow/example_dags/example_python_operator.py
[2025-05-30T04:40:35.406+0000] {processor.py:830} INFO - Processing file /home/airflow/.local/lib/python3.12/site-packages/airflow/example_dags/example_python_operator.py for tasks to queue
[2025-05-30T04:40:35.408+0000] {logging_mixin.py:188} INFO - [2025-05-30T04:40:35.408+0000] {dagbag.py:545} INFO - Filling up the DagBag from /home/airflow/.local/lib/python3.12/site-packages/airflow/example_dags/example_python_operator.py
[2025-05-30T04:40:35.426+0000] {processor.py:840} INFO - DAG(s) 'example_python_operator' retrieved from /home/airflow/.local/lib/python3.12/site-packages/airflow/example_dags/example_python_operator.py
[2025-05-30T04:40:35.553+0000] {logging_mixin.py:188} INFO - [2025-05-30T04:40:35.552+0000] {dag.py:3096} INFO - Sync 1 DAGs
[2025-05-30T04:40:35.567+0000] {logging_mixin.py:188} INFO - [2025-05-30T04:40:35.567+0000] {dag.py:3954} INFO - Setting next_dagrun for example_python_operator to None, run_after=None
[2025-05-30T04:40:35.596+0000] {processor.py:183} INFO - Processing /home/airflow/.local/lib/python3.12/site-packages/airflow/example_dags/example_python_operator.py took 0.196 seconds
[2025-05-30T04:41:06.768+0000] {processor.py:161} INFO - Started process (PID=536) to work on /home/airflow/.local/lib/python3.12/site-packages/airflow/example_dags/example_python_operator.py
[2025-05-30T04:41:06.770+0000] {processor.py:830} INFO - Processing file /home/airflow/.local/lib/python3.12/site-packages/airflow/example_dags/example_python_operator.py for tasks to queue
[2025-05-30T04:41:06.773+0000] {logging_mixin.py:188} INFO - [2025-05-30T04:41:06.772+0000] {dagbag.py:545} INFO - Filling up the DagBag from /home/airflow/.local/lib/python3.12/site-packages/airflow/example_dags/example_python_operator.py
[2025-05-30T04:41:06.796+0000] {processor.py:840} INFO - DAG(s) 'example_python_operator' retrieved from /home/airflow/.local/lib/python3.12/site-packages/airflow/example_dags/example_python_operator.py
[2025-05-30T04:41:06.817+0000] {logging_mixin.py:188} INFO - [2025-05-30T04:41:06.817+0000] {dag.py:3096} INFO - Sync 1 DAGs
[2025-05-30T04:41:06.831+0000] {logging_mixin.py:188} INFO - [2025-05-30T04:41:06.831+0000] {dag.py:3954} INFO - Setting next_dagrun for example_python_operator to None, run_after=None
[2025-05-30T04:41:06.860+0000] {processor.py:183} INFO - Processing /home/airflow/.local/lib/python3.12/site-packages/airflow/example_dags/example_python_operator.py took 0.098 seconds
[2025-05-30T04:41:37.615+0000] {processor.py:161} INFO - Started process (PID=809) to work on /home/airflow/.local/lib/python3.12/site-packages/airflow/example_dags/example_python_operator.py
[2025-05-30T04:41:37.616+0000] {processor.py:830} INFO - Processing file /home/airflow/.local/lib/python3.12/site-packages/airflow/example_dags/example_python_operator.py for tasks to queue
[2025-05-30T04:41:37.618+0000] {logging_mixin.py:188} INFO - [2025-05-30T04:41:37.617+0000] {dagbag.py:545} INFO - Filling up the DagBag from /home/airflow/.local/lib/python3.12/site-packages/airflow/example_dags/example_python_operator.py
[2025-05-30T04:41:37.636+0000] {processor.py:840} INFO - DAG(s) 'example_python_operator' retrieved from /home/airflow/.local/lib/python3.12/site-packages/airflow/example_dags/example_python_operator.py
[2025-05-30T04:41:37.656+0000] {logging_mixin.py:188} INFO - [2025-05-30T04:41:37.656+0000] {dag.py:3096} INFO - Sync 1 DAGs
[2025-05-30T04:41:37.667+0000] {logging_mixin.py:188} INFO - [2025-05-30T04:41:37.667+0000] {dag.py:3954} INFO - Setting next_dagrun for example_python_operator to None, run_after=None
[2025-05-30T04:41:37.685+0000] {processor.py:183} INFO - Processing /home/airflow/.local/lib/python3.12/site-packages/airflow/example_dags/example_python_operator.py took 0.076 seconds
[2025-05-30T04:42:08.846+0000] {processor.py:161} INFO - Started process (PID=1081) to work on /home/airflow/.local/lib/python3.12/site-packages/airflow/example_dags/example_python_operator.py
[2025-05-30T04:42:08.848+0000] {processor.py:830} INFO - Processing file /home/airflow/.local/lib/python3.12/site-packages/airflow/example_dags/example_python_operator.py for tasks to queue
[2025-05-30T04:42:08.851+0000] {logging_mixin.py:188} INFO - [2025-05-30T04:42:08.851+0000] {dagbag.py:545} INFO - Filling up the DagBag from /home/airflow/.local/lib/python3.12/site-packages/airflow/example_dags/example_python_operator.py
[2025-05-30T04:42:08.880+0000] {processor.py:840} INFO - DAG(s) 'example_python_operator' retrieved from /home/airflow/.local/lib/python3.12/site-packages/airflow/example_dags/example_python_operator.py
[2025-05-30T04:42:08.915+0000] {logging_mixin.py:188} INFO - [2025-05-30T04:42:08.915+0000] {dag.py:3096} INFO - Sync 1 DAGs
[2025-05-30T04:42:08.933+0000] {logging_mixin.py:188} INFO - [2025-05-30T04:42:08.933+0000] {dag.py:3954} INFO - Setting next_dagrun for example_python_operator to None, run_after=None
[2025-05-30T04:42:08.984+0000] {processor.py:183} INFO - Processing /home/airflow/.local/lib/python3.12/site-packages/airflow/example_dags/example_python_operator.py took 0.146 seconds
[2025-05-30T04:42:40.071+0000] {processor.py:161} INFO - Started process (PID=1354) to work on /home/airflow/.local/lib/python3.12/site-packages/airflow/example_dags/example_python_operator.py
[2025-05-30T04:42:40.072+0000] {processor.py:830} INFO - Processing file /home/airflow/.local/lib/python3.12/site-packages/airflow/example_dags/example_python_operator.py for tasks to queue
[2025-05-30T04:42:40.077+0000] {logging_mixin.py:188} INFO - [2025-05-30T04:42:40.076+0000] {dagbag.py:545} INFO - Filling up the DagBag from /home/airflow/.local/lib/python3.12/site-packages/airflow/example_dags/example_python_operator.py
[2025-05-30T04:42:40.105+0000] {processor.py:840} INFO - DAG(s) 'example_python_operator' retrieved from /home/airflow/.local/lib/python3.12/site-packages/airflow/example_dags/example_python_operator.py
[2025-05-30T04:42:40.154+0000] {logging_mixin.py:188} INFO - [2025-05-30T04:42:40.154+0000] {dag.py:3096} INFO - Sync 1 DAGs
[2025-05-30T04:42:40.187+0000] {logging_mixin.py:188} INFO - [2025-05-30T04:42:40.186+0000] {dag.py:3954} INFO - Setting next_dagrun for example_python_operator to None, run_after=None
[2025-05-30T04:42:40.230+0000] {processor.py:183} INFO - Processing /home/airflow/.local/lib/python3.12/site-packages/airflow/example_dags/example_python_operator.py took 0.170 seconds
[2025-05-30T04:43:10.811+0000] {processor.py:161} INFO - Started process (PID=1627) to work on /home/airflow/.local/lib/python3.12/site-packages/airflow/example_dags/example_python_operator.py
[2025-05-30T04:43:10.812+0000] {processor.py:830} INFO - Processing file /home/airflow/.local/lib/python3.12/site-packages/airflow/example_dags/example_python_operator.py for tasks to queue
[2025-05-30T04:43:10.814+0000] {logging_mixin.py:188} INFO - [2025-05-30T04:43:10.813+0000] {dagbag.py:545} INFO - Filling up the DagBag from /home/airflow/.local/lib/python3.12/site-packages/airflow/example_dags/example_python_operator.py
[2025-05-30T04:43:10.828+0000] {processor.py:840} INFO - DAG(s) 'example_python_operator' retrieved from /home/airflow/.local/lib/python3.12/site-packages/airflow/example_dags/example_python_operator.py
[2025-05-30T04:43:10.847+0000] {logging_mixin.py:188} INFO - [2025-05-30T04:43:10.846+0000] {dag.py:3096} INFO - Sync 1 DAGs
[2025-05-30T04:43:10.859+0000] {logging_mixin.py:188} INFO - [2025-05-30T04:43:10.858+0000] {dag.py:3954} INFO - Setting next_dagrun for example_python_operator to None, run_after=None
[2025-05-30T04:43:10.876+0000] {processor.py:183} INFO - Processing /home/airflow/.local/lib/python3.12/site-packages/airflow/example_dags/example_python_operator.py took 0.070 seconds
[2025-05-30T04:43:41.631+0000] {processor.py:161} INFO - Started process (PID=1901) to work on /home/airflow/.local/lib/python3.12/site-packages/airflow/example_dags/example_python_operator.py
[2025-05-30T04:43:41.632+0000] {processor.py:830} INFO - Processing file /home/airflow/.local/lib/python3.12/site-packages/airflow/example_dags/example_python_operator.py for tasks to queue
[2025-05-30T04:43:41.634+0000] {logging_mixin.py:188} INFO - [2025-05-30T04:43:41.634+0000] {dagbag.py:545} INFO - Filling up the DagBag from /home/airflow/.local/lib/python3.12/site-packages/airflow/example_dags/example_python_operator.py
[2025-05-30T04:43:41.654+0000] {processor.py:840} INFO - DAG(s) 'example_python_operator' retrieved from /home/airflow/.local/lib/python3.12/site-packages/airflow/example_dags/example_python_operator.py
[2025-05-30T04:43:41.676+0000] {logging_mixin.py:188} INFO - [2025-05-30T04:43:41.675+0000] {dag.py:3096} INFO - Sync 1 DAGs
[2025-05-30T04:43:41.686+0000] {logging_mixin.py:188} INFO - [2025-05-30T04:43:41.686+0000] {dag.py:3954} INFO - Setting next_dagrun for example_python_operator to None, run_after=None
[2025-05-30T04:43:41.703+0000] {processor.py:183} INFO - Processing /home/airflow/.local/lib/python3.12/site-packages/airflow/example_dags/example_python_operator.py took 0.077 seconds
[2025-05-30T04:44:11.756+0000] {processor.py:161} INFO - Started process (PID=2171) to work on /home/airflow/.local/lib/python3.12/site-packages/airflow/example_dags/example_python_operator.py
[2025-05-30T04:44:11.757+0000] {processor.py:830} INFO - Processing file /home/airflow/.local/lib/python3.12/site-packages/airflow/example_dags/example_python_operator.py for tasks to queue
[2025-05-30T04:44:11.759+0000] {logging_mixin.py:188} INFO - [2025-05-30T04:44:11.759+0000] {dagbag.py:545} INFO - Filling up the DagBag from /home/airflow/.local/lib/python3.12/site-packages/airflow/example_dags/example_python_operator.py
[2025-05-30T04:44:11.776+0000] {processor.py:840} INFO - DAG(s) 'example_python_operator' retrieved from /home/airflow/.local/lib/python3.12/site-packages/airflow/example_dags/example_python_operator.py
[2025-05-30T04:44:11.796+0000] {logging_mixin.py:188} INFO - [2025-05-30T04:44:11.795+0000] {dag.py:3096} INFO - Sync 1 DAGs
[2025-05-30T04:44:11.806+0000] {logging_mixin.py:188} INFO - [2025-05-30T04:44:11.806+0000] {dag.py:3954} INFO - Setting next_dagrun for example_python_operator to None, run_after=None
[2025-05-30T04:44:11.823+0000] {processor.py:183} INFO - Processing /home/airflow/.local/lib/python3.12/site-packages/airflow/example_dags/example_python_operator.py took 0.072 seconds
[2025-05-30T04:44:41.911+0000] {processor.py:161} INFO - Started process (PID=2441) to work on /home/airflow/.local/lib/python3.12/site-packages/airflow/example_dags/example_python_operator.py
[2025-05-30T04:44:41.911+0000] {processor.py:830} INFO - Processing file /home/airflow/.local/lib/python3.12/site-packages/airflow/example_dags/example_python_operator.py for tasks to queue
[2025-05-30T04:44:41.913+0000] {logging_mixin.py:188} INFO - [2025-05-30T04:44:41.912+0000] {dagbag.py:545} INFO - Filling up the DagBag from /home/airflow/.local/lib/python3.12/site-packages/airflow/example_dags/example_python_operator.py
[2025-05-30T04:44:41.926+0000] {processor.py:840} INFO - DAG(s) 'example_python_operator' retrieved from /home/airflow/.local/lib/python3.12/site-packages/airflow/example_dags/example_python_operator.py
[2025-05-30T04:44:41.943+0000] {logging_mixin.py:188} INFO - [2025-05-30T04:44:41.943+0000] {dag.py:3096} INFO - Sync 1 DAGs
[2025-05-30T04:44:41.953+0000] {logging_mixin.py:188} INFO - [2025-05-30T04:44:41.953+0000] {dag.py:3954} INFO - Setting next_dagrun for example_python_operator to None, run_after=None
[2025-05-30T04:44:41.967+0000] {processor.py:183} INFO - Processing /home/airflow/.local/lib/python3.12/site-packages/airflow/example_dags/example_python_operator.py took 0.061 seconds
[2025-05-30T04:45:12.465+0000] {processor.py:161} INFO - Started process (PID=2714) to work on /home/airflow/.local/lib/python3.12/site-packages/airflow/example_dags/example_python_operator.py
[2025-05-30T04:45:12.466+0000] {processor.py:830} INFO - Processing file /home/airflow/.local/lib/python3.12/site-packages/airflow/example_dags/example_python_operator.py for tasks to queue
[2025-05-30T04:45:12.469+0000] {logging_mixin.py:188} INFO - [2025-05-30T04:45:12.468+0000] {dagbag.py:545} INFO - Filling up the DagBag from /home/airflow/.local/lib/python3.12/site-packages/airflow/example_dags/example_python_operator.py
[2025-05-30T04:45:12.490+0000] {processor.py:840} INFO - DAG(s) 'example_python_operator' retrieved from /home/airflow/.local/lib/python3.12/site-packages/airflow/example_dags/example_python_operator.py
[2025-05-30T04:45:12.518+0000] {logging_mixin.py:188} INFO - [2025-05-30T04:45:12.517+0000] {dag.py:3096} INFO - Sync 1 DAGs
[2025-05-30T04:45:12.535+0000] {logging_mixin.py:188} INFO - [2025-05-30T04:45:12.535+0000] {dag.py:3954} INFO - Setting next_dagrun for example_python_operator to None, run_after=None
[2025-05-30T04:45:12.557+0000] {processor.py:183} INFO - Processing /home/airflow/.local/lib/python3.12/site-packages/airflow/example_dags/example_python_operator.py took 0.098 seconds
[2025-05-30T04:45:42.593+0000] {processor.py:161} INFO - Started process (PID=2987) to work on /home/airflow/.local/lib/python3.12/site-packages/airflow/example_dags/example_python_operator.py
[2025-05-30T04:45:42.594+0000] {processor.py:830} INFO - Processing file /home/airflow/.local/lib/python3.12/site-packages/airflow/example_dags/example_python_operator.py for tasks to queue
[2025-05-30T04:45:42.595+0000] {logging_mixin.py:188} INFO - [2025-05-30T04:45:42.595+0000] {dagbag.py:545} INFO - Filling up the DagBag from /home/airflow/.local/lib/python3.12/site-packages/airflow/example_dags/example_python_operator.py
[2025-05-30T04:45:42.609+0000] {processor.py:840} INFO - DAG(s) 'example_python_operator' retrieved from /home/airflow/.local/lib/python3.12/site-packages/airflow/example_dags/example_python_operator.py
[2025-05-30T04:45:42.627+0000] {logging_mixin.py:188} INFO - [2025-05-30T04:45:42.626+0000] {dag.py:3096} INFO - Sync 1 DAGs
[2025-05-30T04:45:42.638+0000] {logging_mixin.py:188} INFO - [2025-05-30T04:45:42.638+0000] {dag.py:3954} INFO - Setting next_dagrun for example_python_operator to None, run_after=None
[2025-05-30T04:45:42.653+0000] {processor.py:183} INFO - Processing /home/airflow/.local/lib/python3.12/site-packages/airflow/example_dags/example_python_operator.py took 0.064 seconds
[2025-05-30T04:46:14.196+0000] {processor.py:161} INFO - Started process (PID=3259) to work on /home/airflow/.local/lib/python3.12/site-packages/airflow/example_dags/example_python_operator.py
[2025-05-30T04:46:14.203+0000] {processor.py:830} INFO - Processing file /home/airflow/.local/lib/python3.12/site-packages/airflow/example_dags/example_python_operator.py for tasks to queue
[2025-05-30T04:46:14.220+0000] {logging_mixin.py:188} INFO - [2025-05-30T04:46:14.216+0000] {dagbag.py:545} INFO - Filling up the DagBag from /home/airflow/.local/lib/python3.12/site-packages/airflow/example_dags/example_python_operator.py
[2025-05-30T04:46:14.258+0000] {processor.py:840} INFO - DAG(s) 'example_python_operator' retrieved from /home/airflow/.local/lib/python3.12/site-packages/airflow/example_dags/example_python_operator.py
[2025-05-30T04:46:14.348+0000] {logging_mixin.py:188} INFO - [2025-05-30T04:46:14.347+0000] {dag.py:3096} INFO - Sync 1 DAGs
[2025-05-30T04:46:14.396+0000] {logging_mixin.py:188} INFO - [2025-05-30T04:46:14.396+0000] {dag.py:3954} INFO - Setting next_dagrun for example_python_operator to None, run_after=None
[2025-05-30T04:46:14.438+0000] {processor.py:183} INFO - Processing /home/airflow/.local/lib/python3.12/site-packages/airflow/example_dags/example_python_operator.py took 0.264 seconds
[2025-05-30T04:46:44.611+0000] {processor.py:161} INFO - Started process (PID=3530) to work on /home/airflow/.local/lib/python3.12/site-packages/airflow/example_dags/example_python_operator.py
[2025-05-30T04:46:44.612+0000] {processor.py:830} INFO - Processing file /home/airflow/.local/lib/python3.12/site-packages/airflow/example_dags/example_python_operator.py for tasks to queue
[2025-05-30T04:46:44.613+0000] {logging_mixin.py:188} INFO - [2025-05-30T04:46:44.613+0000] {dagbag.py:545} INFO - Filling up the DagBag from /home/airflow/.local/lib/python3.12/site-packages/airflow/example_dags/example_python_operator.py
[2025-05-30T04:46:44.631+0000] {processor.py:840} INFO - DAG(s) 'example_python_operator' retrieved from /home/airflow/.local/lib/python3.12/site-packages/airflow/example_dags/example_python_operator.py
[2025-05-30T04:46:44.641+0000] {logging_mixin.py:188} INFO - [2025-05-30T04:46:44.641+0000] {dag.py:3096} INFO - Sync 1 DAGs
[2025-05-30T04:46:44.654+0000] {logging_mixin.py:188} INFO - [2025-05-30T04:46:44.653+0000] {dag.py:3954} INFO - Setting next_dagrun for example_python_operator to None, run_after=None
[2025-05-30T04:46:44.674+0000] {processor.py:183} INFO - Processing /home/airflow/.local/lib/python3.12/site-packages/airflow/example_dags/example_python_operator.py took 0.067 seconds
[2025-05-30T04:47:15.008+0000] {processor.py:161} INFO - Started process (PID=3802) to work on /home/airflow/.local/lib/python3.12/site-packages/airflow/example_dags/example_python_operator.py
[2025-05-30T04:47:15.009+0000] {processor.py:830} INFO - Processing file /home/airflow/.local/lib/python3.12/site-packages/airflow/example_dags/example_python_operator.py for tasks to queue
[2025-05-30T04:47:15.011+0000] {logging_mixin.py:188} INFO - [2025-05-30T04:47:15.010+0000] {dagbag.py:545} INFO - Filling up the DagBag from /home/airflow/.local/lib/python3.12/site-packages/airflow/example_dags/example_python_operator.py
[2025-05-30T04:47:15.031+0000] {processor.py:840} INFO - DAG(s) 'example_python_operator' retrieved from /home/airflow/.local/lib/python3.12/site-packages/airflow/example_dags/example_python_operator.py
[2025-05-30T04:47:15.157+0000] {logging_mixin.py:188} INFO - [2025-05-30T04:47:15.157+0000] {dag.py:3096} INFO - Sync 1 DAGs
[2025-05-30T04:47:15.171+0000] {logging_mixin.py:188} INFO - [2025-05-30T04:47:15.171+0000] {dag.py:3954} INFO - Setting next_dagrun for example_python_operator to None, run_after=None
[2025-05-30T04:47:15.192+0000] {processor.py:183} INFO - Processing /home/airflow/.local/lib/python3.12/site-packages/airflow/example_dags/example_python_operator.py took 0.192 seconds
[2025-05-30T04:47:45.372+0000] {processor.py:161} INFO - Started process (PID=4075) to work on /home/airflow/.local/lib/python3.12/site-packages/airflow/example_dags/example_python_operator.py
[2025-05-30T04:47:45.373+0000] {processor.py:830} INFO - Processing file /home/airflow/.local/lib/python3.12/site-packages/airflow/example_dags/example_python_operator.py for tasks to queue
[2025-05-30T04:47:45.376+0000] {logging_mixin.py:188} INFO - [2025-05-30T04:47:45.375+0000] {dagbag.py:545} INFO - Filling up the DagBag from /home/airflow/.local/lib/python3.12/site-packages/airflow/example_dags/example_python_operator.py
[2025-05-30T04:47:45.392+0000] {processor.py:840} INFO - DAG(s) 'example_python_operator' retrieved from /home/airflow/.local/lib/python3.12/site-packages/airflow/example_dags/example_python_operator.py
[2025-05-30T04:47:45.413+0000] {logging_mixin.py:188} INFO - [2025-05-30T04:47:45.413+0000] {dag.py:3096} INFO - Sync 1 DAGs
[2025-05-30T04:47:45.426+0000] {logging_mixin.py:188} INFO - [2025-05-30T04:47:45.426+0000] {dag.py:3954} INFO - Setting next_dagrun for example_python_operator to None, run_after=None
[2025-05-30T04:47:45.447+0000] {processor.py:183} INFO - Processing /home/airflow/.local/lib/python3.12/site-packages/airflow/example_dags/example_python_operator.py took 0.079 seconds
[2025-05-30T04:48:15.820+0000] {processor.py:161} INFO - Started process (PID=4348) to work on /home/airflow/.local/lib/python3.12/site-packages/airflow/example_dags/example_python_operator.py
[2025-05-30T04:48:15.821+0000] {processor.py:830} INFO - Processing file /home/airflow/.local/lib/python3.12/site-packages/airflow/example_dags/example_python_operator.py for tasks to queue
[2025-05-30T04:48:15.823+0000] {logging_mixin.py:188} INFO - [2025-05-30T04:48:15.823+0000] {dagbag.py:545} INFO - Filling up the DagBag from /home/airflow/.local/lib/python3.12/site-packages/airflow/example_dags/example_python_operator.py
[2025-05-30T04:48:15.846+0000] {processor.py:840} INFO - DAG(s) 'example_python_operator' retrieved from /home/airflow/.local/lib/python3.12/site-packages/airflow/example_dags/example_python_operator.py
[2025-05-30T04:48:15.870+0000] {logging_mixin.py:188} INFO - [2025-05-30T04:48:15.870+0000] {dag.py:3096} INFO - Sync 1 DAGs
[2025-05-30T04:48:15.889+0000] {logging_mixin.py:188} INFO - [2025-05-30T04:48:15.889+0000] {dag.py:3954} INFO - Setting next_dagrun for example_python_operator to None, run_after=None
[2025-05-30T04:48:15.913+0000] {processor.py:183} INFO - Processing /home/airflow/.local/lib/python3.12/site-packages/airflow/example_dags/example_python_operator.py took 0.100 seconds
[2025-05-30T04:48:46.283+0000] {processor.py:161} INFO - Started process (PID=4621) to work on /home/airflow/.local/lib/python3.12/site-packages/airflow/example_dags/example_python_operator.py
[2025-05-30T04:48:46.285+0000] {processor.py:830} INFO - Processing file /home/airflow/.local/lib/python3.12/site-packages/airflow/example_dags/example_python_operator.py for tasks to queue
[2025-05-30T04:48:46.287+0000] {logging_mixin.py:188} INFO - [2025-05-30T04:48:46.286+0000] {dagbag.py:545} INFO - Filling up the DagBag from /home/airflow/.local/lib/python3.12/site-packages/airflow/example_dags/example_python_operator.py
[2025-05-30T04:48:46.304+0000] {processor.py:840} INFO - DAG(s) 'example_python_operator' retrieved from /home/airflow/.local/lib/python3.12/site-packages/airflow/example_dags/example_python_operator.py
[2025-05-30T04:48:46.326+0000] {logging_mixin.py:188} INFO - [2025-05-30T04:48:46.325+0000] {dag.py:3096} INFO - Sync 1 DAGs
[2025-05-30T04:48:46.340+0000] {logging_mixin.py:188} INFO - [2025-05-30T04:48:46.340+0000] {dag.py:3954} INFO - Setting next_dagrun for example_python_operator to None, run_after=None
[2025-05-30T04:48:46.371+0000] {processor.py:183} INFO - Processing /home/airflow/.local/lib/python3.12/site-packages/airflow/example_dags/example_python_operator.py took 0.094 seconds
[2025-05-30T04:49:16.724+0000] {processor.py:161} INFO - Started process (PID=4894) to work on /home/airflow/.local/lib/python3.12/site-packages/airflow/example_dags/example_python_operator.py
[2025-05-30T04:49:16.725+0000] {processor.py:830} INFO - Processing file /home/airflow/.local/lib/python3.12/site-packages/airflow/example_dags/example_python_operator.py for tasks to queue
[2025-05-30T04:49:16.727+0000] {logging_mixin.py:188} INFO - [2025-05-30T04:49:16.726+0000] {dagbag.py:545} INFO - Filling up the DagBag from /home/airflow/.local/lib/python3.12/site-packages/airflow/example_dags/example_python_operator.py
[2025-05-30T04:49:16.740+0000] {processor.py:840} INFO - DAG(s) 'example_python_operator' retrieved from /home/airflow/.local/lib/python3.12/site-packages/airflow/example_dags/example_python_operator.py
[2025-05-30T04:49:16.757+0000] {logging_mixin.py:188} INFO - [2025-05-30T04:49:16.756+0000] {dag.py:3096} INFO - Sync 1 DAGs
[2025-05-30T04:49:16.767+0000] {logging_mixin.py:188} INFO - [2025-05-30T04:49:16.767+0000] {dag.py:3954} INFO - Setting next_dagrun for example_python_operator to None, run_after=None
[2025-05-30T04:49:16.781+0000] {processor.py:183} INFO - Processing /home/airflow/.local/lib/python3.12/site-packages/airflow/example_dags/example_python_operator.py took 0.062 seconds
[2025-05-30T05:20:45.074+0000] {processor.py:161} INFO - Started process (PID=5190) to work on /home/airflow/.local/lib/python3.12/site-packages/airflow/example_dags/example_python_operator.py
[2025-05-30T05:20:45.080+0000] {processor.py:830} INFO - Processing file /home/airflow/.local/lib/python3.12/site-packages/airflow/example_dags/example_python_operator.py for tasks to queue
[2025-05-30T05:20:45.083+0000] {logging_mixin.py:188} INFO - [2025-05-30T05:20:45.082+0000] {dagbag.py:545} INFO - Filling up the DagBag from /home/airflow/.local/lib/python3.12/site-packages/airflow/example_dags/example_python_operator.py
[2025-05-30T05:20:45.107+0000] {processor.py:840} INFO - DAG(s) 'example_python_operator' retrieved from /home/airflow/.local/lib/python3.12/site-packages/airflow/example_dags/example_python_operator.py
[2025-05-30T05:20:45.138+0000] {logging_mixin.py:188} INFO - [2025-05-30T05:20:45.138+0000] {dag.py:3096} INFO - Sync 1 DAGs
[2025-05-30T05:20:45.152+0000] {logging_mixin.py:188} INFO - [2025-05-30T05:20:45.152+0000] {dag.py:3954} INFO - Setting next_dagrun for example_python_operator to None, run_after=None
[2025-05-30T05:20:45.170+0000] {processor.py:183} INFO - Processing /home/airflow/.local/lib/python3.12/site-packages/airflow/example_dags/example_python_operator.py took 0.101 seconds
[2025-05-30T05:21:16.173+0000] {processor.py:161} INFO - Started process (PID=5463) to work on /home/airflow/.local/lib/python3.12/site-packages/airflow/example_dags/example_python_operator.py
[2025-05-30T05:21:16.174+0000] {processor.py:830} INFO - Processing file /home/airflow/.local/lib/python3.12/site-packages/airflow/example_dags/example_python_operator.py for tasks to queue
[2025-05-30T05:21:16.176+0000] {logging_mixin.py:188} INFO - [2025-05-30T05:21:16.175+0000] {dagbag.py:545} INFO - Filling up the DagBag from /home/airflow/.local/lib/python3.12/site-packages/airflow/example_dags/example_python_operator.py
[2025-05-30T05:21:16.192+0000] {processor.py:840} INFO - DAG(s) 'example_python_operator' retrieved from /home/airflow/.local/lib/python3.12/site-packages/airflow/example_dags/example_python_operator.py
[2025-05-30T05:21:16.212+0000] {logging_mixin.py:188} INFO - [2025-05-30T05:21:16.212+0000] {dag.py:3096} INFO - Sync 1 DAGs
[2025-05-30T05:21:16.227+0000] {logging_mixin.py:188} INFO - [2025-05-30T05:21:16.227+0000] {dag.py:3954} INFO - Setting next_dagrun for example_python_operator to None, run_after=None
[2025-05-30T05:21:16.250+0000] {processor.py:183} INFO - Processing /home/airflow/.local/lib/python3.12/site-packages/airflow/example_dags/example_python_operator.py took 0.082 seconds
[2025-05-30T05:21:46.583+0000] {processor.py:161} INFO - Started process (PID=5736) to work on /home/airflow/.local/lib/python3.12/site-packages/airflow/example_dags/example_python_operator.py
[2025-05-30T05:21:46.584+0000] {processor.py:830} INFO - Processing file /home/airflow/.local/lib/python3.12/site-packages/airflow/example_dags/example_python_operator.py for tasks to queue
[2025-05-30T05:21:46.585+0000] {logging_mixin.py:188} INFO - [2025-05-30T05:21:46.585+0000] {dagbag.py:545} INFO - Filling up the DagBag from /home/airflow/.local/lib/python3.12/site-packages/airflow/example_dags/example_python_operator.py
[2025-05-30T05:21:46.602+0000] {processor.py:840} INFO - DAG(s) 'example_python_operator' retrieved from /home/airflow/.local/lib/python3.12/site-packages/airflow/example_dags/example_python_operator.py
[2025-05-30T05:21:46.623+0000] {logging_mixin.py:188} INFO - [2025-05-30T05:21:46.623+0000] {dag.py:3096} INFO - Sync 1 DAGs
[2025-05-30T05:21:46.637+0000] {logging_mixin.py:188} INFO - [2025-05-30T05:21:46.637+0000] {dag.py:3954} INFO - Setting next_dagrun for example_python_operator to None, run_after=None
[2025-05-30T05:21:46.661+0000] {processor.py:183} INFO - Processing /home/airflow/.local/lib/python3.12/site-packages/airflow/example_dags/example_python_operator.py took 0.085 seconds
[2025-05-30T05:22:17.716+0000] {processor.py:161} INFO - Started process (PID=6011) to work on /home/airflow/.local/lib/python3.12/site-packages/airflow/example_dags/example_python_operator.py
[2025-05-30T05:22:17.717+0000] {processor.py:830} INFO - Processing file /home/airflow/.local/lib/python3.12/site-packages/airflow/example_dags/example_python_operator.py for tasks to queue
[2025-05-30T05:22:17.719+0000] {logging_mixin.py:188} INFO - [2025-05-30T05:22:17.719+0000] {dagbag.py:545} INFO - Filling up the DagBag from /home/airflow/.local/lib/python3.12/site-packages/airflow/example_dags/example_python_operator.py
[2025-05-30T05:22:17.735+0000] {processor.py:840} INFO - DAG(s) 'example_python_operator' retrieved from /home/airflow/.local/lib/python3.12/site-packages/airflow/example_dags/example_python_operator.py
[2025-05-30T05:22:17.757+0000] {logging_mixin.py:188} INFO - [2025-05-30T05:22:17.756+0000] {dag.py:3096} INFO - Sync 1 DAGs
[2025-05-30T05:22:17.770+0000] {logging_mixin.py:188} INFO - [2025-05-30T05:22:17.770+0000] {dag.py:3954} INFO - Setting next_dagrun for example_python_operator to None, run_after=None
[2025-05-30T05:22:17.789+0000] {processor.py:183} INFO - Processing /home/airflow/.local/lib/python3.12/site-packages/airflow/example_dags/example_python_operator.py took 0.079 seconds
[2025-05-30T05:22:49.029+0000] {processor.py:161} INFO - Started process (PID=6284) to work on /home/airflow/.local/lib/python3.12/site-packages/airflow/example_dags/example_python_operator.py
[2025-05-30T05:22:49.030+0000] {processor.py:830} INFO - Processing file /home/airflow/.local/lib/python3.12/site-packages/airflow/example_dags/example_python_operator.py for tasks to queue
[2025-05-30T05:22:49.032+0000] {logging_mixin.py:188} INFO - [2025-05-30T05:22:49.032+0000] {dagbag.py:545} INFO - Filling up the DagBag from /home/airflow/.local/lib/python3.12/site-packages/airflow/example_dags/example_python_operator.py
[2025-05-30T05:22:49.051+0000] {processor.py:840} INFO - DAG(s) 'example_python_operator' retrieved from /home/airflow/.local/lib/python3.12/site-packages/airflow/example_dags/example_python_operator.py
[2025-05-30T05:22:49.075+0000] {logging_mixin.py:188} INFO - [2025-05-30T05:22:49.075+0000] {dag.py:3096} INFO - Sync 1 DAGs
[2025-05-30T05:22:49.093+0000] {logging_mixin.py:188} INFO - [2025-05-30T05:22:49.093+0000] {dag.py:3954} INFO - Setting next_dagrun for example_python_operator to None, run_after=None
[2025-05-30T05:22:49.117+0000] {processor.py:183} INFO - Processing /home/airflow/.local/lib/python3.12/site-packages/airflow/example_dags/example_python_operator.py took 0.093 seconds
[2025-05-30T05:23:20.326+0000] {processor.py:161} INFO - Started process (PID=6555) to work on /home/airflow/.local/lib/python3.12/site-packages/airflow/example_dags/example_python_operator.py
[2025-05-30T05:23:20.327+0000] {processor.py:830} INFO - Processing file /home/airflow/.local/lib/python3.12/site-packages/airflow/example_dags/example_python_operator.py for tasks to queue
[2025-05-30T05:23:20.329+0000] {logging_mixin.py:188} INFO - [2025-05-30T05:23:20.328+0000] {dagbag.py:545} INFO - Filling up the DagBag from /home/airflow/.local/lib/python3.12/site-packages/airflow/example_dags/example_python_operator.py
[2025-05-30T05:23:20.349+0000] {processor.py:840} INFO - DAG(s) 'example_python_operator' retrieved from /home/airflow/.local/lib/python3.12/site-packages/airflow/example_dags/example_python_operator.py
[2025-05-30T05:23:20.369+0000] {logging_mixin.py:188} INFO - [2025-05-30T05:23:20.369+0000] {dag.py:3096} INFO - Sync 1 DAGs
[2025-05-30T05:23:20.497+0000] {logging_mixin.py:188} INFO - [2025-05-30T05:23:20.497+0000] {dag.py:3954} INFO - Setting next_dagrun for example_python_operator to None, run_after=None
[2025-05-30T05:23:20.514+0000] {processor.py:183} INFO - Processing /home/airflow/.local/lib/python3.12/site-packages/airflow/example_dags/example_python_operator.py took 0.193 seconds
[2025-05-30T05:23:51.383+0000] {processor.py:161} INFO - Started process (PID=6828) to work on /home/airflow/.local/lib/python3.12/site-packages/airflow/example_dags/example_python_operator.py
[2025-05-30T05:23:51.384+0000] {processor.py:830} INFO - Processing file /home/airflow/.local/lib/python3.12/site-packages/airflow/example_dags/example_python_operator.py for tasks to queue
[2025-05-30T05:23:51.385+0000] {logging_mixin.py:188} INFO - [2025-05-30T05:23:51.385+0000] {dagbag.py:545} INFO - Filling up the DagBag from /home/airflow/.local/lib/python3.12/site-packages/airflow/example_dags/example_python_operator.py
[2025-05-30T05:23:51.400+0000] {processor.py:840} INFO - DAG(s) 'example_python_operator' retrieved from /home/airflow/.local/lib/python3.12/site-packages/airflow/example_dags/example_python_operator.py
[2025-05-30T05:23:51.418+0000] {logging_mixin.py:188} INFO - [2025-05-30T05:23:51.418+0000] {dag.py:3096} INFO - Sync 1 DAGs
[2025-05-30T05:23:51.430+0000] {logging_mixin.py:188} INFO - [2025-05-30T05:23:51.430+0000] {dag.py:3954} INFO - Setting next_dagrun for example_python_operator to None, run_after=None
[2025-05-30T05:23:51.448+0000] {processor.py:183} INFO - Processing /home/airflow/.local/lib/python3.12/site-packages/airflow/example_dags/example_python_operator.py took 0.070 seconds
[2025-05-30T05:24:22.284+0000] {processor.py:161} INFO - Started process (PID=7101) to work on /home/airflow/.local/lib/python3.12/site-packages/airflow/example_dags/example_python_operator.py
[2025-05-30T05:24:22.285+0000] {processor.py:830} INFO - Processing file /home/airflow/.local/lib/python3.12/site-packages/airflow/example_dags/example_python_operator.py for tasks to queue
[2025-05-30T05:24:22.287+0000] {logging_mixin.py:188} INFO - [2025-05-30T05:24:22.286+0000] {dagbag.py:545} INFO - Filling up the DagBag from /home/airflow/.local/lib/python3.12/site-packages/airflow/example_dags/example_python_operator.py
[2025-05-30T05:24:22.303+0000] {processor.py:840} INFO - DAG(s) 'example_python_operator' retrieved from /home/airflow/.local/lib/python3.12/site-packages/airflow/example_dags/example_python_operator.py
[2025-05-30T05:24:22.323+0000] {logging_mixin.py:188} INFO - [2025-05-30T05:24:22.323+0000] {dag.py:3096} INFO - Sync 1 DAGs
[2025-05-30T05:24:22.336+0000] {logging_mixin.py:188} INFO - [2025-05-30T05:24:22.335+0000] {dag.py:3954} INFO - Setting next_dagrun for example_python_operator to None, run_after=None
[2025-05-30T05:24:22.354+0000] {processor.py:183} INFO - Processing /home/airflow/.local/lib/python3.12/site-packages/airflow/example_dags/example_python_operator.py took 0.076 seconds
[2025-05-30T05:24:53.181+0000] {processor.py:161} INFO - Started process (PID=7374) to work on /home/airflow/.local/lib/python3.12/site-packages/airflow/example_dags/example_python_operator.py
[2025-05-30T05:24:53.182+0000] {processor.py:830} INFO - Processing file /home/airflow/.local/lib/python3.12/site-packages/airflow/example_dags/example_python_operator.py for tasks to queue
[2025-05-30T05:24:53.183+0000] {logging_mixin.py:188} INFO - [2025-05-30T05:24:53.183+0000] {dagbag.py:545} INFO - Filling up the DagBag from /home/airflow/.local/lib/python3.12/site-packages/airflow/example_dags/example_python_operator.py
[2025-05-30T05:24:53.200+0000] {processor.py:840} INFO - DAG(s) 'example_python_operator' retrieved from /home/airflow/.local/lib/python3.12/site-packages/airflow/example_dags/example_python_operator.py
[2025-05-30T05:24:53.221+0000] {logging_mixin.py:188} INFO - [2025-05-30T05:24:53.221+0000] {dag.py:3096} INFO - Sync 1 DAGs
[2025-05-30T05:24:53.235+0000] {logging_mixin.py:188} INFO - [2025-05-30T05:24:53.235+0000] {dag.py:3954} INFO - Setting next_dagrun for example_python_operator to None, run_after=None
[2025-05-30T05:24:53.252+0000] {processor.py:183} INFO - Processing /home/airflow/.local/lib/python3.12/site-packages/airflow/example_dags/example_python_operator.py took 0.076 seconds
[2025-05-30T05:25:23.701+0000] {processor.py:161} INFO - Started process (PID=7647) to work on /home/airflow/.local/lib/python3.12/site-packages/airflow/example_dags/example_python_operator.py
[2025-05-30T05:25:23.702+0000] {processor.py:830} INFO - Processing file /home/airflow/.local/lib/python3.12/site-packages/airflow/example_dags/example_python_operator.py for tasks to queue
[2025-05-30T05:25:23.705+0000] {logging_mixin.py:188} INFO - [2025-05-30T05:25:23.704+0000] {dagbag.py:545} INFO - Filling up the DagBag from /home/airflow/.local/lib/python3.12/site-packages/airflow/example_dags/example_python_operator.py
[2025-05-30T05:25:23.728+0000] {processor.py:840} INFO - DAG(s) 'example_python_operator' retrieved from /home/airflow/.local/lib/python3.12/site-packages/airflow/example_dags/example_python_operator.py
[2025-05-30T05:25:23.755+0000] {logging_mixin.py:188} INFO - [2025-05-30T05:25:23.755+0000] {dag.py:3096} INFO - Sync 1 DAGs
[2025-05-30T05:25:23.770+0000] {logging_mixin.py:188} INFO - [2025-05-30T05:25:23.770+0000] {dag.py:3954} INFO - Setting next_dagrun for example_python_operator to None, run_after=None
[2025-05-30T05:25:23.790+0000] {processor.py:183} INFO - Processing /home/airflow/.local/lib/python3.12/site-packages/airflow/example_dags/example_python_operator.py took 0.094 seconds
[2025-05-30T05:25:54.504+0000] {processor.py:161} INFO - Started process (PID=7920) to work on /home/airflow/.local/lib/python3.12/site-packages/airflow/example_dags/example_python_operator.py
[2025-05-30T05:25:54.505+0000] {processor.py:830} INFO - Processing file /home/airflow/.local/lib/python3.12/site-packages/airflow/example_dags/example_python_operator.py for tasks to queue
[2025-05-30T05:25:54.507+0000] {logging_mixin.py:188} INFO - [2025-05-30T05:25:54.507+0000] {dagbag.py:545} INFO - Filling up the DagBag from /home/airflow/.local/lib/python3.12/site-packages/airflow/example_dags/example_python_operator.py
[2025-05-30T05:25:54.523+0000] {processor.py:840} INFO - DAG(s) 'example_python_operator' retrieved from /home/airflow/.local/lib/python3.12/site-packages/airflow/example_dags/example_python_operator.py
[2025-05-30T05:25:54.543+0000] {logging_mixin.py:188} INFO - [2025-05-30T05:25:54.542+0000] {dag.py:3096} INFO - Sync 1 DAGs
[2025-05-30T05:25:54.555+0000] {logging_mixin.py:188} INFO - [2025-05-30T05:25:54.555+0000] {dag.py:3954} INFO - Setting next_dagrun for example_python_operator to None, run_after=None
[2025-05-30T05:25:54.573+0000] {processor.py:183} INFO - Processing /home/airflow/.local/lib/python3.12/site-packages/airflow/example_dags/example_python_operator.py took 0.074 seconds
[2025-05-30T05:26:25.017+0000] {processor.py:161} INFO - Started process (PID=8195) to work on /home/airflow/.local/lib/python3.12/site-packages/airflow/example_dags/example_python_operator.py
[2025-05-30T05:26:25.018+0000] {processor.py:830} INFO - Processing file /home/airflow/.local/lib/python3.12/site-packages/airflow/example_dags/example_python_operator.py for tasks to queue
[2025-05-30T05:26:25.020+0000] {logging_mixin.py:188} INFO - [2025-05-30T05:26:25.019+0000] {dagbag.py:545} INFO - Filling up the DagBag from /home/airflow/.local/lib/python3.12/site-packages/airflow/example_dags/example_python_operator.py
[2025-05-30T05:26:25.038+0000] {processor.py:840} INFO - DAG(s) 'example_python_operator' retrieved from /home/airflow/.local/lib/python3.12/site-packages/airflow/example_dags/example_python_operator.py
[2025-05-30T05:26:25.059+0000] {logging_mixin.py:188} INFO - [2025-05-30T05:26:25.059+0000] {dag.py:3096} INFO - Sync 1 DAGs
[2025-05-30T05:26:25.075+0000] {logging_mixin.py:188} INFO - [2025-05-30T05:26:25.075+0000] {dag.py:3954} INFO - Setting next_dagrun for example_python_operator to None, run_after=None
[2025-05-30T05:26:25.097+0000] {processor.py:183} INFO - Processing /home/airflow/.local/lib/python3.12/site-packages/airflow/example_dags/example_python_operator.py took 0.085 seconds
[2025-05-30T05:26:55.712+0000] {processor.py:161} INFO - Started process (PID=8467) to work on /home/airflow/.local/lib/python3.12/site-packages/airflow/example_dags/example_python_operator.py
[2025-05-30T05:26:55.713+0000] {processor.py:830} INFO - Processing file /home/airflow/.local/lib/python3.12/site-packages/airflow/example_dags/example_python_operator.py for tasks to queue
[2025-05-30T05:26:55.715+0000] {logging_mixin.py:188} INFO - [2025-05-30T05:26:55.714+0000] {dagbag.py:545} INFO - Filling up the DagBag from /home/airflow/.local/lib/python3.12/site-packages/airflow/example_dags/example_python_operator.py
[2025-05-30T05:26:55.729+0000] {processor.py:840} INFO - DAG(s) 'example_python_operator' retrieved from /home/airflow/.local/lib/python3.12/site-packages/airflow/example_dags/example_python_operator.py
[2025-05-30T05:26:55.753+0000] {logging_mixin.py:188} INFO - [2025-05-30T05:26:55.752+0000] {dag.py:3096} INFO - Sync 1 DAGs
[2025-05-30T05:26:55.765+0000] {logging_mixin.py:188} INFO - [2025-05-30T05:26:55.764+0000] {dag.py:3954} INFO - Setting next_dagrun for example_python_operator to None, run_after=None
[2025-05-30T05:26:55.782+0000] {processor.py:183} INFO - Processing /home/airflow/.local/lib/python3.12/site-packages/airflow/example_dags/example_python_operator.py took 0.075 seconds
[2025-05-30T05:27:26.590+0000] {processor.py:161} INFO - Started process (PID=8740) to work on /home/airflow/.local/lib/python3.12/site-packages/airflow/example_dags/example_python_operator.py
[2025-05-30T05:27:26.592+0000] {processor.py:830} INFO - Processing file /home/airflow/.local/lib/python3.12/site-packages/airflow/example_dags/example_python_operator.py for tasks to queue
[2025-05-30T05:27:26.595+0000] {logging_mixin.py:188} INFO - [2025-05-30T05:27:26.594+0000] {dagbag.py:545} INFO - Filling up the DagBag from /home/airflow/.local/lib/python3.12/site-packages/airflow/example_dags/example_python_operator.py
[2025-05-30T05:27:26.615+0000] {processor.py:840} INFO - DAG(s) 'example_python_operator' retrieved from /home/airflow/.local/lib/python3.12/site-packages/airflow/example_dags/example_python_operator.py
[2025-05-30T05:27:26.641+0000] {logging_mixin.py:188} INFO - [2025-05-30T05:27:26.641+0000] {dag.py:3096} INFO - Sync 1 DAGs
[2025-05-30T05:27:26.660+0000] {logging_mixin.py:188} INFO - [2025-05-30T05:27:26.660+0000] {dag.py:3954} INFO - Setting next_dagrun for example_python_operator to None, run_after=None
[2025-05-30T05:27:26.692+0000] {processor.py:183} INFO - Processing /home/airflow/.local/lib/python3.12/site-packages/airflow/example_dags/example_python_operator.py took 0.108 seconds
[2025-05-30T05:27:57.346+0000] {processor.py:161} INFO - Started process (PID=9011) to work on /home/airflow/.local/lib/python3.12/site-packages/airflow/example_dags/example_python_operator.py
[2025-05-30T05:27:57.350+0000] {processor.py:830} INFO - Processing file /home/airflow/.local/lib/python3.12/site-packages/airflow/example_dags/example_python_operator.py for tasks to queue
[2025-05-30T05:27:57.356+0000] {logging_mixin.py:188} INFO - [2025-05-30T05:27:57.355+0000] {dagbag.py:545} INFO - Filling up the DagBag from /home/airflow/.local/lib/python3.12/site-packages/airflow/example_dags/example_python_operator.py
[2025-05-30T05:27:57.380+0000] {processor.py:840} INFO - DAG(s) 'example_python_operator' retrieved from /home/airflow/.local/lib/python3.12/site-packages/airflow/example_dags/example_python_operator.py
[2025-05-30T05:27:57.413+0000] {logging_mixin.py:188} INFO - [2025-05-30T05:27:57.412+0000] {dag.py:3096} INFO - Sync 1 DAGs
[2025-05-30T05:27:57.435+0000] {logging_mixin.py:188} INFO - [2025-05-30T05:27:57.435+0000] {dag.py:3954} INFO - Setting next_dagrun for example_python_operator to None, run_after=None
[2025-05-30T05:27:57.461+0000] {processor.py:183} INFO - Processing /home/airflow/.local/lib/python3.12/site-packages/airflow/example_dags/example_python_operator.py took 0.122 seconds
[2025-05-30T05:28:28.005+0000] {processor.py:161} INFO - Started process (PID=9284) to work on /home/airflow/.local/lib/python3.12/site-packages/airflow/example_dags/example_python_operator.py
[2025-05-30T05:28:28.006+0000] {processor.py:830} INFO - Processing file /home/airflow/.local/lib/python3.12/site-packages/airflow/example_dags/example_python_operator.py for tasks to queue
[2025-05-30T05:28:28.008+0000] {logging_mixin.py:188} INFO - [2025-05-30T05:28:28.008+0000] {dagbag.py:545} INFO - Filling up the DagBag from /home/airflow/.local/lib/python3.12/site-packages/airflow/example_dags/example_python_operator.py
[2025-05-30T05:28:28.028+0000] {processor.py:840} INFO - DAG(s) 'example_python_operator' retrieved from /home/airflow/.local/lib/python3.12/site-packages/airflow/example_dags/example_python_operator.py
[2025-05-30T05:28:28.047+0000] {logging_mixin.py:188} INFO - [2025-05-30T05:28:28.047+0000] {dag.py:3096} INFO - Sync 1 DAGs
[2025-05-30T05:28:28.059+0000] {logging_mixin.py:188} INFO - [2025-05-30T05:28:28.058+0000] {dag.py:3954} INFO - Setting next_dagrun for example_python_operator to None, run_after=None
[2025-05-30T05:28:28.077+0000] {processor.py:183} INFO - Processing /home/airflow/.local/lib/python3.12/site-packages/airflow/example_dags/example_python_operator.py took 0.079 seconds
[2025-05-30T05:28:58.427+0000] {processor.py:161} INFO - Started process (PID=9557) to work on /home/airflow/.local/lib/python3.12/site-packages/airflow/example_dags/example_python_operator.py
[2025-05-30T05:28:58.428+0000] {processor.py:830} INFO - Processing file /home/airflow/.local/lib/python3.12/site-packages/airflow/example_dags/example_python_operator.py for tasks to queue
[2025-05-30T05:28:58.431+0000] {logging_mixin.py:188} INFO - [2025-05-30T05:28:58.431+0000] {dagbag.py:545} INFO - Filling up the DagBag from /home/airflow/.local/lib/python3.12/site-packages/airflow/example_dags/example_python_operator.py
[2025-05-30T05:28:58.450+0000] {processor.py:840} INFO - DAG(s) 'example_python_operator' retrieved from /home/airflow/.local/lib/python3.12/site-packages/airflow/example_dags/example_python_operator.py
[2025-05-30T05:28:58.472+0000] {logging_mixin.py:188} INFO - [2025-05-30T05:28:58.472+0000] {dag.py:3096} INFO - Sync 1 DAGs
[2025-05-30T05:28:58.485+0000] {logging_mixin.py:188} INFO - [2025-05-30T05:28:58.484+0000] {dag.py:3954} INFO - Setting next_dagrun for example_python_operator to None, run_after=None
[2025-05-30T05:28:58.504+0000] {processor.py:183} INFO - Processing /home/airflow/.local/lib/python3.12/site-packages/airflow/example_dags/example_python_operator.py took 0.083 seconds
[2025-05-30T05:29:28.571+0000] {processor.py:161} INFO - Started process (PID=9826) to work on /home/airflow/.local/lib/python3.12/site-packages/airflow/example_dags/example_python_operator.py
[2025-05-30T05:29:28.572+0000] {processor.py:830} INFO - Processing file /home/airflow/.local/lib/python3.12/site-packages/airflow/example_dags/example_python_operator.py for tasks to queue
[2025-05-30T05:29:28.574+0000] {logging_mixin.py:188} INFO - [2025-05-30T05:29:28.574+0000] {dagbag.py:545} INFO - Filling up the DagBag from /home/airflow/.local/lib/python3.12/site-packages/airflow/example_dags/example_python_operator.py
[2025-05-30T05:29:28.591+0000] {processor.py:840} INFO - DAG(s) 'example_python_operator' retrieved from /home/airflow/.local/lib/python3.12/site-packages/airflow/example_dags/example_python_operator.py
[2025-05-30T05:29:28.611+0000] {logging_mixin.py:188} INFO - [2025-05-30T05:29:28.610+0000] {dag.py:3096} INFO - Sync 1 DAGs
[2025-05-30T05:29:28.622+0000] {logging_mixin.py:188} INFO - [2025-05-30T05:29:28.622+0000] {dag.py:3954} INFO - Setting next_dagrun for example_python_operator to None, run_after=None
[2025-05-30T05:29:28.639+0000] {processor.py:183} INFO - Processing /home/airflow/.local/lib/python3.12/site-packages/airflow/example_dags/example_python_operator.py took 0.073 seconds
[2025-05-30T05:29:58.881+0000] {processor.py:161} INFO - Started process (PID=10099) to work on /home/airflow/.local/lib/python3.12/site-packages/airflow/example_dags/example_python_operator.py
[2025-05-30T05:29:58.882+0000] {processor.py:830} INFO - Processing file /home/airflow/.local/lib/python3.12/site-packages/airflow/example_dags/example_python_operator.py for tasks to queue
[2025-05-30T05:29:58.884+0000] {logging_mixin.py:188} INFO - [2025-05-30T05:29:58.884+0000] {dagbag.py:545} INFO - Filling up the DagBag from /home/airflow/.local/lib/python3.12/site-packages/airflow/example_dags/example_python_operator.py
[2025-05-30T05:29:58.902+0000] {processor.py:840} INFO - DAG(s) 'example_python_operator' retrieved from /home/airflow/.local/lib/python3.12/site-packages/airflow/example_dags/example_python_operator.py
[2025-05-30T05:29:58.922+0000] {logging_mixin.py:188} INFO - [2025-05-30T05:29:58.921+0000] {dag.py:3096} INFO - Sync 1 DAGs
[2025-05-30T05:29:58.933+0000] {logging_mixin.py:188} INFO - [2025-05-30T05:29:58.933+0000] {dag.py:3954} INFO - Setting next_dagrun for example_python_operator to None, run_after=None
[2025-05-30T05:29:58.950+0000] {processor.py:183} INFO - Processing /home/airflow/.local/lib/python3.12/site-packages/airflow/example_dags/example_python_operator.py took 0.074 seconds
[2025-05-30T05:30:29.057+0000] {processor.py:161} INFO - Started process (PID=10371) to work on /home/airflow/.local/lib/python3.12/site-packages/airflow/example_dags/example_python_operator.py
[2025-05-30T05:30:29.058+0000] {processor.py:830} INFO - Processing file /home/airflow/.local/lib/python3.12/site-packages/airflow/example_dags/example_python_operator.py for tasks to queue
[2025-05-30T05:30:29.060+0000] {logging_mixin.py:188} INFO - [2025-05-30T05:30:29.059+0000] {dagbag.py:545} INFO - Filling up the DagBag from /home/airflow/.local/lib/python3.12/site-packages/airflow/example_dags/example_python_operator.py
[2025-05-30T05:30:29.074+0000] {processor.py:840} INFO - DAG(s) 'example_python_operator' retrieved from /home/airflow/.local/lib/python3.12/site-packages/airflow/example_dags/example_python_operator.py
[2025-05-30T05:30:29.090+0000] {logging_mixin.py:188} INFO - [2025-05-30T05:30:29.090+0000] {dag.py:3096} INFO - Sync 1 DAGs
[2025-05-30T05:30:29.101+0000] {logging_mixin.py:188} INFO - [2025-05-30T05:30:29.100+0000] {dag.py:3954} INFO - Setting next_dagrun for example_python_operator to None, run_after=None
[2025-05-30T05:30:29.115+0000] {processor.py:183} INFO - Processing /home/airflow/.local/lib/python3.12/site-packages/airflow/example_dags/example_python_operator.py took 0.063 seconds
[2025-05-30T05:30:59.341+0000] {processor.py:161} INFO - Started process (PID=10642) to work on /home/airflow/.local/lib/python3.12/site-packages/airflow/example_dags/example_python_operator.py
[2025-05-30T05:30:59.343+0000] {processor.py:830} INFO - Processing file /home/airflow/.local/lib/python3.12/site-packages/airflow/example_dags/example_python_operator.py for tasks to queue
[2025-05-30T05:30:59.345+0000] {logging_mixin.py:188} INFO - [2025-05-30T05:30:59.345+0000] {dagbag.py:545} INFO - Filling up the DagBag from /home/airflow/.local/lib/python3.12/site-packages/airflow/example_dags/example_python_operator.py
[2025-05-30T05:30:59.371+0000] {processor.py:840} INFO - DAG(s) 'example_python_operator' retrieved from /home/airflow/.local/lib/python3.12/site-packages/airflow/example_dags/example_python_operator.py
[2025-05-30T05:30:59.398+0000] {logging_mixin.py:188} INFO - [2025-05-30T05:30:59.397+0000] {dag.py:3096} INFO - Sync 1 DAGs
[2025-05-30T05:30:59.414+0000] {logging_mixin.py:188} INFO - [2025-05-30T05:30:59.413+0000] {dag.py:3954} INFO - Setting next_dagrun for example_python_operator to None, run_after=None
[2025-05-30T05:30:59.434+0000] {processor.py:183} INFO - Processing /home/airflow/.local/lib/python3.12/site-packages/airflow/example_dags/example_python_operator.py took 0.101 seconds
[2025-05-30T05:31:29.507+0000] {processor.py:161} INFO - Started process (PID=10915) to work on /home/airflow/.local/lib/python3.12/site-packages/airflow/example_dags/example_python_operator.py
[2025-05-30T05:31:29.508+0000] {processor.py:830} INFO - Processing file /home/airflow/.local/lib/python3.12/site-packages/airflow/example_dags/example_python_operator.py for tasks to queue
[2025-05-30T05:31:29.510+0000] {logging_mixin.py:188} INFO - [2025-05-30T05:31:29.510+0000] {dagbag.py:545} INFO - Filling up the DagBag from /home/airflow/.local/lib/python3.12/site-packages/airflow/example_dags/example_python_operator.py
[2025-05-30T05:31:29.525+0000] {processor.py:840} INFO - DAG(s) 'example_python_operator' retrieved from /home/airflow/.local/lib/python3.12/site-packages/airflow/example_dags/example_python_operator.py
[2025-05-30T05:31:29.543+0000] {logging_mixin.py:188} INFO - [2025-05-30T05:31:29.543+0000] {dag.py:3096} INFO - Sync 1 DAGs
[2025-05-30T05:31:29.554+0000] {logging_mixin.py:188} INFO - [2025-05-30T05:31:29.554+0000] {dag.py:3954} INFO - Setting next_dagrun for example_python_operator to None, run_after=None
[2025-05-30T05:31:29.572+0000] {processor.py:183} INFO - Processing /home/airflow/.local/lib/python3.12/site-packages/airflow/example_dags/example_python_operator.py took 0.069 seconds
[2025-05-30T05:31:59.776+0000] {processor.py:161} INFO - Started process (PID=11188) to work on /home/airflow/.local/lib/python3.12/site-packages/airflow/example_dags/example_python_operator.py
[2025-05-30T05:31:59.777+0000] {processor.py:830} INFO - Processing file /home/airflow/.local/lib/python3.12/site-packages/airflow/example_dags/example_python_operator.py for tasks to queue
[2025-05-30T05:31:59.779+0000] {logging_mixin.py:188} INFO - [2025-05-30T05:31:59.779+0000] {dagbag.py:545} INFO - Filling up the DagBag from /home/airflow/.local/lib/python3.12/site-packages/airflow/example_dags/example_python_operator.py
[2025-05-30T05:31:59.799+0000] {processor.py:840} INFO - DAG(s) 'example_python_operator' retrieved from /home/airflow/.local/lib/python3.12/site-packages/airflow/example_dags/example_python_operator.py
[2025-05-30T05:31:59.823+0000] {logging_mixin.py:188} INFO - [2025-05-30T05:31:59.823+0000] {dag.py:3096} INFO - Sync 1 DAGs
[2025-05-30T05:31:59.836+0000] {logging_mixin.py:188} INFO - [2025-05-30T05:31:59.836+0000] {dag.py:3954} INFO - Setting next_dagrun for example_python_operator to None, run_after=None
[2025-05-30T05:31:59.855+0000] {processor.py:183} INFO - Processing /home/airflow/.local/lib/python3.12/site-packages/airflow/example_dags/example_python_operator.py took 0.086 seconds
[2025-05-30T05:32:30.010+0000] {processor.py:161} INFO - Started process (PID=11461) to work on /home/airflow/.local/lib/python3.12/site-packages/airflow/example_dags/example_python_operator.py
[2025-05-30T05:32:30.011+0000] {processor.py:830} INFO - Processing file /home/airflow/.local/lib/python3.12/site-packages/airflow/example_dags/example_python_operator.py for tasks to queue
[2025-05-30T05:32:30.013+0000] {logging_mixin.py:188} INFO - [2025-05-30T05:32:30.013+0000] {dagbag.py:545} INFO - Filling up the DagBag from /home/airflow/.local/lib/python3.12/site-packages/airflow/example_dags/example_python_operator.py
[2025-05-30T05:32:30.028+0000] {processor.py:840} INFO - DAG(s) 'example_python_operator' retrieved from /home/airflow/.local/lib/python3.12/site-packages/airflow/example_dags/example_python_operator.py
[2025-05-30T05:32:30.047+0000] {logging_mixin.py:188} INFO - [2025-05-30T05:32:30.047+0000] {dag.py:3096} INFO - Sync 1 DAGs
[2025-05-30T05:32:30.059+0000] {logging_mixin.py:188} INFO - [2025-05-30T05:32:30.059+0000] {dag.py:3954} INFO - Setting next_dagrun for example_python_operator to None, run_after=None
[2025-05-30T05:32:30.077+0000] {processor.py:183} INFO - Processing /home/airflow/.local/lib/python3.12/site-packages/airflow/example_dags/example_python_operator.py took 0.071 seconds
[2025-05-30T05:40:01.699+0000] {processor.py:161} INFO - Started process (PID=264) to work on /home/airflow/.local/lib/python3.12/site-packages/airflow/example_dags/example_python_operator.py
[2025-05-30T05:40:01.701+0000] {processor.py:830} INFO - Processing file /home/airflow/.local/lib/python3.12/site-packages/airflow/example_dags/example_python_operator.py for tasks to queue
[2025-05-30T05:40:01.703+0000] {logging_mixin.py:188} INFO - [2025-05-30T05:40:01.703+0000] {dagbag.py:545} INFO - Filling up the DagBag from /home/airflow/.local/lib/python3.12/site-packages/airflow/example_dags/example_python_operator.py
[2025-05-30T05:40:01.725+0000] {processor.py:840} INFO - DAG(s) 'example_python_operator' retrieved from /home/airflow/.local/lib/python3.12/site-packages/airflow/example_dags/example_python_operator.py
[2025-05-30T05:40:01.738+0000] {logging_mixin.py:188} INFO - [2025-05-30T05:40:01.738+0000] {dag.py:3096} INFO - Sync 1 DAGs
[2025-05-30T05:40:01.755+0000] {logging_mixin.py:188} INFO - [2025-05-30T05:40:01.754+0000] {dag.py:3954} INFO - Setting next_dagrun for example_python_operator to None, run_after=None
[2025-05-30T05:40:01.779+0000] {processor.py:183} INFO - Processing /home/airflow/.local/lib/python3.12/site-packages/airflow/example_dags/example_python_operator.py took 0.085 seconds
[2025-05-30T05:40:33.607+0000] {processor.py:161} INFO - Started process (PID=537) to work on /home/airflow/.local/lib/python3.12/site-packages/airflow/example_dags/example_python_operator.py
[2025-05-30T05:40:33.608+0000] {processor.py:830} INFO - Processing file /home/airflow/.local/lib/python3.12/site-packages/airflow/example_dags/example_python_operator.py for tasks to queue
[2025-05-30T05:40:33.610+0000] {logging_mixin.py:188} INFO - [2025-05-30T05:40:33.610+0000] {dagbag.py:545} INFO - Filling up the DagBag from /home/airflow/.local/lib/python3.12/site-packages/airflow/example_dags/example_python_operator.py
[2025-05-30T05:40:33.626+0000] {processor.py:840} INFO - DAG(s) 'example_python_operator' retrieved from /home/airflow/.local/lib/python3.12/site-packages/airflow/example_dags/example_python_operator.py
[2025-05-30T05:40:33.749+0000] {logging_mixin.py:188} INFO - [2025-05-30T05:40:33.749+0000] {dag.py:3096} INFO - Sync 1 DAGs
[2025-05-30T05:40:33.758+0000] {logging_mixin.py:188} INFO - [2025-05-30T05:40:33.758+0000] {dag.py:3954} INFO - Setting next_dagrun for example_python_operator to None, run_after=None
[2025-05-30T05:40:33.786+0000] {processor.py:183} INFO - Processing /home/airflow/.local/lib/python3.12/site-packages/airflow/example_dags/example_python_operator.py took 0.183 seconds
[2025-05-30T05:41:04.384+0000] {processor.py:161} INFO - Started process (PID=812) to work on /home/airflow/.local/lib/python3.12/site-packages/airflow/example_dags/example_python_operator.py
[2025-05-30T05:41:04.385+0000] {processor.py:830} INFO - Processing file /home/airflow/.local/lib/python3.12/site-packages/airflow/example_dags/example_python_operator.py for tasks to queue
[2025-05-30T05:41:04.386+0000] {logging_mixin.py:188} INFO - [2025-05-30T05:41:04.386+0000] {dagbag.py:545} INFO - Filling up the DagBag from /home/airflow/.local/lib/python3.12/site-packages/airflow/example_dags/example_python_operator.py
[2025-05-30T05:41:04.401+0000] {processor.py:840} INFO - DAG(s) 'example_python_operator' retrieved from /home/airflow/.local/lib/python3.12/site-packages/airflow/example_dags/example_python_operator.py
[2025-05-30T05:41:04.418+0000] {logging_mixin.py:188} INFO - [2025-05-30T05:41:04.418+0000] {dag.py:3096} INFO - Sync 1 DAGs
[2025-05-30T05:41:04.429+0000] {logging_mixin.py:188} INFO - [2025-05-30T05:41:04.429+0000] {dag.py:3954} INFO - Setting next_dagrun for example_python_operator to None, run_after=None
[2025-05-30T05:41:04.443+0000] {processor.py:183} INFO - Processing /home/airflow/.local/lib/python3.12/site-packages/airflow/example_dags/example_python_operator.py took 0.064 seconds
