[2025-05-30T04:40:35.071+0000] {processor.py:161} INFO - Started process (PID=248) to work on /home/airflow/.local/lib/python3.12/site-packages/airflow/example_dags/example_sla_dag.py
[2025-05-30T04:40:35.072+0000] {processor.py:830} INFO - Processing file /home/airflow/.local/lib/python3.12/site-packages/airflow/example_dags/example_sla_dag.py for tasks to queue
[2025-05-30T04:40:35.075+0000] {logging_mixin.py:188} INFO - [2025-05-30T04:40:35.074+0000] {dagbag.py:545} INFO - Filling up the DagBag from /home/airflow/.local/lib/python3.12/site-packages/airflow/example_dags/example_sla_dag.py
[2025-05-30T04:40:35.087+0000] {processor.py:840} INFO - DAG(s) 'example_sla_dag' retrieved from /home/airflow/.local/lib/python3.12/site-packages/airflow/example_dags/example_sla_dag.py
[2025-05-30T04:40:35.118+0000] {logging_mixin.py:188} INFO - [2025-05-30T04:40:35.117+0000] {dag.py:3096} INFO - Sync 1 DAGs
[2025-05-30T04:40:35.146+0000] {logging_mixin.py:188} INFO - [2025-05-30T04:40:35.146+0000] {dag.py:3954} INFO - Setting next_dagrun for example_sla_dag to 2025-05-30 04:38:00+00:00, run_after=2025-05-30 04:40:00+00:00
[2025-05-30T04:40:35.169+0000] {processor.py:183} INFO - Processing /home/airflow/.local/lib/python3.12/site-packages/airflow/example_dags/example_sla_dag.py took 0.104 seconds
[2025-05-30T04:41:06.563+0000] {processor.py:161} INFO - Started process (PID=521) to work on /home/airflow/.local/lib/python3.12/site-packages/airflow/example_dags/example_sla_dag.py
[2025-05-30T04:41:06.564+0000] {processor.py:830} INFO - Processing file /home/airflow/.local/lib/python3.12/site-packages/airflow/example_dags/example_sla_dag.py for tasks to queue
[2025-05-30T04:41:06.567+0000] {logging_mixin.py:188} INFO - [2025-05-30T04:41:06.567+0000] {dagbag.py:545} INFO - Filling up the DagBag from /home/airflow/.local/lib/python3.12/site-packages/airflow/example_dags/example_sla_dag.py
[2025-05-30T04:41:06.577+0000] {processor.py:840} INFO - DAG(s) 'example_sla_dag' retrieved from /home/airflow/.local/lib/python3.12/site-packages/airflow/example_dags/example_sla_dag.py
[2025-05-30T04:41:06.599+0000] {logging_mixin.py:188} INFO - [2025-05-30T04:41:06.599+0000] {dag.py:3096} INFO - Sync 1 DAGs
[2025-05-30T04:41:06.626+0000] {logging_mixin.py:188} INFO - [2025-05-30T04:41:06.626+0000] {dag.py:3954} INFO - Setting next_dagrun for example_sla_dag to 2025-05-30 04:38:00+00:00, run_after=2025-05-30 04:40:00+00:00
[2025-05-30T04:41:06.647+0000] {processor.py:183} INFO - Processing /home/airflow/.local/lib/python3.12/site-packages/airflow/example_dags/example_sla_dag.py took 0.090 seconds
[2025-05-30T04:41:37.463+0000] {processor.py:161} INFO - Started process (PID=794) to work on /home/airflow/.local/lib/python3.12/site-packages/airflow/example_dags/example_sla_dag.py
[2025-05-30T04:41:37.464+0000] {processor.py:830} INFO - Processing file /home/airflow/.local/lib/python3.12/site-packages/airflow/example_dags/example_sla_dag.py for tasks to queue
[2025-05-30T04:41:37.465+0000] {logging_mixin.py:188} INFO - [2025-05-30T04:41:37.465+0000] {dagbag.py:545} INFO - Filling up the DagBag from /home/airflow/.local/lib/python3.12/site-packages/airflow/example_dags/example_sla_dag.py
[2025-05-30T04:41:37.474+0000] {processor.py:840} INFO - DAG(s) 'example_sla_dag' retrieved from /home/airflow/.local/lib/python3.12/site-packages/airflow/example_dags/example_sla_dag.py
[2025-05-30T04:41:37.493+0000] {logging_mixin.py:188} INFO - [2025-05-30T04:41:37.493+0000] {dag.py:3096} INFO - Sync 1 DAGs
[2025-05-30T04:41:37.515+0000] {logging_mixin.py:188} INFO - [2025-05-30T04:41:37.515+0000] {dag.py:3954} INFO - Setting next_dagrun for example_sla_dag to 2025-05-30 04:38:00+00:00, run_after=2025-05-30 04:40:00+00:00
[2025-05-30T04:41:37.532+0000] {processor.py:183} INFO - Processing /home/airflow/.local/lib/python3.12/site-packages/airflow/example_dags/example_sla_dag.py took 0.075 seconds
[2025-05-30T04:42:08.588+0000] {processor.py:161} INFO - Started process (PID=1066) to work on /home/airflow/.local/lib/python3.12/site-packages/airflow/example_dags/example_sla_dag.py
[2025-05-30T04:42:08.589+0000] {processor.py:830} INFO - Processing file /home/airflow/.local/lib/python3.12/site-packages/airflow/example_dags/example_sla_dag.py for tasks to queue
[2025-05-30T04:42:08.592+0000] {logging_mixin.py:188} INFO - [2025-05-30T04:42:08.591+0000] {dagbag.py:545} INFO - Filling up the DagBag from /home/airflow/.local/lib/python3.12/site-packages/airflow/example_dags/example_sla_dag.py
[2025-05-30T04:42:08.609+0000] {processor.py:840} INFO - DAG(s) 'example_sla_dag' retrieved from /home/airflow/.local/lib/python3.12/site-packages/airflow/example_dags/example_sla_dag.py
[2025-05-30T04:42:08.658+0000] {logging_mixin.py:188} INFO - [2025-05-30T04:42:08.657+0000] {dag.py:3096} INFO - Sync 1 DAGs
[2025-05-30T04:42:08.711+0000] {logging_mixin.py:188} INFO - [2025-05-30T04:42:08.710+0000] {dag.py:3954} INFO - Setting next_dagrun for example_sla_dag to 2025-05-30 04:40:00+00:00, run_after=2025-05-30 04:42:00+00:00
[2025-05-30T04:42:08.753+0000] {processor.py:183} INFO - Processing /home/airflow/.local/lib/python3.12/site-packages/airflow/example_dags/example_sla_dag.py took 0.175 seconds
[2025-05-30T04:42:39.537+0000] {processor.py:161} INFO - Started process (PID=1339) to work on /home/airflow/.local/lib/python3.12/site-packages/airflow/example_dags/example_sla_dag.py
[2025-05-30T04:42:39.538+0000] {processor.py:830} INFO - Processing file /home/airflow/.local/lib/python3.12/site-packages/airflow/example_dags/example_sla_dag.py for tasks to queue
[2025-05-30T04:42:39.540+0000] {logging_mixin.py:188} INFO - [2025-05-30T04:42:39.539+0000] {dagbag.py:545} INFO - Filling up the DagBag from /home/airflow/.local/lib/python3.12/site-packages/airflow/example_dags/example_sla_dag.py
[2025-05-30T04:42:39.548+0000] {processor.py:840} INFO - DAG(s) 'example_sla_dag' retrieved from /home/airflow/.local/lib/python3.12/site-packages/airflow/example_dags/example_sla_dag.py
[2025-05-30T04:42:39.570+0000] {logging_mixin.py:188} INFO - [2025-05-30T04:42:39.569+0000] {dag.py:3096} INFO - Sync 1 DAGs
[2025-05-30T04:42:39.623+0000] {logging_mixin.py:188} INFO - [2025-05-30T04:42:39.623+0000] {dag.py:3954} INFO - Setting next_dagrun for example_sla_dag to 2025-05-30 04:40:00+00:00, run_after=2025-05-30 04:42:00+00:00
[2025-05-30T04:42:39.696+0000] {processor.py:183} INFO - Processing /home/airflow/.local/lib/python3.12/site-packages/airflow/example_dags/example_sla_dag.py took 0.164 seconds
[2025-05-30T04:43:10.470+0000] {processor.py:161} INFO - Started process (PID=1612) to work on /home/airflow/.local/lib/python3.12/site-packages/airflow/example_dags/example_sla_dag.py
[2025-05-30T04:43:10.471+0000] {processor.py:830} INFO - Processing file /home/airflow/.local/lib/python3.12/site-packages/airflow/example_dags/example_sla_dag.py for tasks to queue
[2025-05-30T04:43:10.473+0000] {logging_mixin.py:188} INFO - [2025-05-30T04:43:10.473+0000] {dagbag.py:545} INFO - Filling up the DagBag from /home/airflow/.local/lib/python3.12/site-packages/airflow/example_dags/example_sla_dag.py
[2025-05-30T04:43:10.484+0000] {processor.py:840} INFO - DAG(s) 'example_sla_dag' retrieved from /home/airflow/.local/lib/python3.12/site-packages/airflow/example_dags/example_sla_dag.py
[2025-05-30T04:43:10.508+0000] {logging_mixin.py:188} INFO - [2025-05-30T04:43:10.508+0000] {dag.py:3096} INFO - Sync 1 DAGs
[2025-05-30T04:43:10.535+0000] {logging_mixin.py:188} INFO - [2025-05-30T04:43:10.535+0000] {dag.py:3954} INFO - Setting next_dagrun for example_sla_dag to 2025-05-30 04:40:00+00:00, run_after=2025-05-30 04:42:00+00:00
[2025-05-30T04:43:10.560+0000] {processor.py:183} INFO - Processing /home/airflow/.local/lib/python3.12/site-packages/airflow/example_dags/example_sla_dag.py took 0.096 seconds
[2025-05-30T04:43:40.788+0000] {processor.py:161} INFO - Started process (PID=1880) to work on /home/airflow/.local/lib/python3.12/site-packages/airflow/example_dags/example_sla_dag.py
[2025-05-30T04:43:40.788+0000] {processor.py:830} INFO - Processing file /home/airflow/.local/lib/python3.12/site-packages/airflow/example_dags/example_sla_dag.py for tasks to queue
[2025-05-30T04:43:40.790+0000] {logging_mixin.py:188} INFO - [2025-05-30T04:43:40.790+0000] {dagbag.py:545} INFO - Filling up the DagBag from /home/airflow/.local/lib/python3.12/site-packages/airflow/example_dags/example_sla_dag.py
[2025-05-30T04:43:40.797+0000] {processor.py:840} INFO - DAG(s) 'example_sla_dag' retrieved from /home/airflow/.local/lib/python3.12/site-packages/airflow/example_dags/example_sla_dag.py
[2025-05-30T04:43:40.813+0000] {logging_mixin.py:188} INFO - [2025-05-30T04:43:40.813+0000] {dag.py:3096} INFO - Sync 1 DAGs
[2025-05-30T04:43:40.833+0000] {logging_mixin.py:188} INFO - [2025-05-30T04:43:40.832+0000] {dag.py:3954} INFO - Setting next_dagrun for example_sla_dag to 2025-05-30 04:40:00+00:00, run_after=2025-05-30 04:42:00+00:00
[2025-05-30T04:43:40.847+0000] {processor.py:183} INFO - Processing /home/airflow/.local/lib/python3.12/site-packages/airflow/example_dags/example_sla_dag.py took 0.065 seconds
[2025-05-30T04:44:11.520+0000] {processor.py:161} INFO - Started process (PID=2153) to work on /home/airflow/.local/lib/python3.12/site-packages/airflow/example_dags/example_sla_dag.py
[2025-05-30T04:44:11.521+0000] {processor.py:830} INFO - Processing file /home/airflow/.local/lib/python3.12/site-packages/airflow/example_dags/example_sla_dag.py for tasks to queue
[2025-05-30T04:44:11.523+0000] {logging_mixin.py:188} INFO - [2025-05-30T04:44:11.523+0000] {dagbag.py:545} INFO - Filling up the DagBag from /home/airflow/.local/lib/python3.12/site-packages/airflow/example_dags/example_sla_dag.py
[2025-05-30T04:44:11.534+0000] {processor.py:840} INFO - DAG(s) 'example_sla_dag' retrieved from /home/airflow/.local/lib/python3.12/site-packages/airflow/example_dags/example_sla_dag.py
[2025-05-30T04:44:11.552+0000] {logging_mixin.py:188} INFO - [2025-05-30T04:44:11.552+0000] {dag.py:3096} INFO - Sync 1 DAGs
[2025-05-30T04:44:11.580+0000] {logging_mixin.py:188} INFO - [2025-05-30T04:44:11.580+0000] {dag.py:3954} INFO - Setting next_dagrun for example_sla_dag to 2025-05-30 04:42:00+00:00, run_after=2025-05-30 04:44:00+00:00
[2025-05-30T04:44:11.602+0000] {processor.py:183} INFO - Processing /home/airflow/.local/lib/python3.12/site-packages/airflow/example_dags/example_sla_dag.py took 0.087 seconds
[2025-05-30T04:44:41.641+0000] {processor.py:161} INFO - Started process (PID=2426) to work on /home/airflow/.local/lib/python3.12/site-packages/airflow/example_dags/example_sla_dag.py
[2025-05-30T04:44:41.642+0000] {processor.py:830} INFO - Processing file /home/airflow/.local/lib/python3.12/site-packages/airflow/example_dags/example_sla_dag.py for tasks to queue
[2025-05-30T04:44:41.643+0000] {logging_mixin.py:188} INFO - [2025-05-30T04:44:41.643+0000] {dagbag.py:545} INFO - Filling up the DagBag from /home/airflow/.local/lib/python3.12/site-packages/airflow/example_dags/example_sla_dag.py
[2025-05-30T04:44:41.650+0000] {processor.py:840} INFO - DAG(s) 'example_sla_dag' retrieved from /home/airflow/.local/lib/python3.12/site-packages/airflow/example_dags/example_sla_dag.py
[2025-05-30T04:44:41.665+0000] {logging_mixin.py:188} INFO - [2025-05-30T04:44:41.664+0000] {dag.py:3096} INFO - Sync 1 DAGs
[2025-05-30T04:44:41.683+0000] {logging_mixin.py:188} INFO - [2025-05-30T04:44:41.683+0000] {dag.py:3954} INFO - Setting next_dagrun for example_sla_dag to 2025-05-30 04:42:00+00:00, run_after=2025-05-30 04:44:00+00:00
[2025-05-30T04:44:41.696+0000] {processor.py:183} INFO - Processing /home/airflow/.local/lib/python3.12/site-packages/airflow/example_dags/example_sla_dag.py took 0.059 seconds
[2025-05-30T04:45:12.244+0000] {processor.py:161} INFO - Started process (PID=2699) to work on /home/airflow/.local/lib/python3.12/site-packages/airflow/example_dags/example_sla_dag.py
[2025-05-30T04:45:12.244+0000] {processor.py:830} INFO - Processing file /home/airflow/.local/lib/python3.12/site-packages/airflow/example_dags/example_sla_dag.py for tasks to queue
[2025-05-30T04:45:12.246+0000] {logging_mixin.py:188} INFO - [2025-05-30T04:45:12.246+0000] {dagbag.py:545} INFO - Filling up the DagBag from /home/airflow/.local/lib/python3.12/site-packages/airflow/example_dags/example_sla_dag.py
[2025-05-30T04:45:12.253+0000] {processor.py:840} INFO - DAG(s) 'example_sla_dag' retrieved from /home/airflow/.local/lib/python3.12/site-packages/airflow/example_dags/example_sla_dag.py
[2025-05-30T04:45:12.269+0000] {logging_mixin.py:188} INFO - [2025-05-30T04:45:12.268+0000] {dag.py:3096} INFO - Sync 1 DAGs
[2025-05-30T04:45:12.290+0000] {logging_mixin.py:188} INFO - [2025-05-30T04:45:12.290+0000] {dag.py:3954} INFO - Setting next_dagrun for example_sla_dag to 2025-05-30 04:42:00+00:00, run_after=2025-05-30 04:44:00+00:00
[2025-05-30T04:45:12.307+0000] {processor.py:183} INFO - Processing /home/airflow/.local/lib/python3.12/site-packages/airflow/example_dags/example_sla_dag.py took 0.068 seconds
[2025-05-30T04:45:42.409+0000] {processor.py:161} INFO - Started process (PID=2972) to work on /home/airflow/.local/lib/python3.12/site-packages/airflow/example_dags/example_sla_dag.py
[2025-05-30T04:45:42.410+0000] {processor.py:830} INFO - Processing file /home/airflow/.local/lib/python3.12/site-packages/airflow/example_dags/example_sla_dag.py for tasks to queue
[2025-05-30T04:45:42.411+0000] {logging_mixin.py:188} INFO - [2025-05-30T04:45:42.411+0000] {dagbag.py:545} INFO - Filling up the DagBag from /home/airflow/.local/lib/python3.12/site-packages/airflow/example_dags/example_sla_dag.py
[2025-05-30T04:45:42.418+0000] {processor.py:840} INFO - DAG(s) 'example_sla_dag' retrieved from /home/airflow/.local/lib/python3.12/site-packages/airflow/example_dags/example_sla_dag.py
[2025-05-30T04:45:42.433+0000] {logging_mixin.py:188} INFO - [2025-05-30T04:45:42.433+0000] {dag.py:3096} INFO - Sync 1 DAGs
[2025-05-30T04:45:42.452+0000] {logging_mixin.py:188} INFO - [2025-05-30T04:45:42.452+0000] {dag.py:3954} INFO - Setting next_dagrun for example_sla_dag to 2025-05-30 04:42:00+00:00, run_after=2025-05-30 04:44:00+00:00
[2025-05-30T04:45:42.468+0000] {processor.py:183} INFO - Processing /home/airflow/.local/lib/python3.12/site-packages/airflow/example_dags/example_sla_dag.py took 0.064 seconds
[2025-05-30T04:46:13.308+0000] {processor.py:161} INFO - Started process (PID=3242) to work on /home/airflow/.local/lib/python3.12/site-packages/airflow/example_dags/example_sla_dag.py
[2025-05-30T04:46:13.316+0000] {processor.py:830} INFO - Processing file /home/airflow/.local/lib/python3.12/site-packages/airflow/example_dags/example_sla_dag.py for tasks to queue
[2025-05-30T04:46:13.322+0000] {logging_mixin.py:188} INFO - [2025-05-30T04:46:13.321+0000] {dagbag.py:545} INFO - Filling up the DagBag from /home/airflow/.local/lib/python3.12/site-packages/airflow/example_dags/example_sla_dag.py
[2025-05-30T04:46:13.383+0000] {processor.py:840} INFO - DAG(s) 'example_sla_dag' retrieved from /home/airflow/.local/lib/python3.12/site-packages/airflow/example_dags/example_sla_dag.py
[2025-05-30T04:46:13.493+0000] {logging_mixin.py:188} INFO - [2025-05-30T04:46:13.493+0000] {dag.py:3096} INFO - Sync 1 DAGs
[2025-05-30T04:46:13.588+0000] {logging_mixin.py:188} INFO - [2025-05-30T04:46:13.588+0000] {dag.py:3954} INFO - Setting next_dagrun for example_sla_dag to 2025-05-30 04:44:00+00:00, run_after=2025-05-30 04:46:00+00:00
[2025-05-30T04:46:13.638+0000] {processor.py:183} INFO - Processing /home/airflow/.local/lib/python3.12/site-packages/airflow/example_dags/example_sla_dag.py took 0.362 seconds
[2025-05-30T04:46:44.506+0000] {processor.py:161} INFO - Started process (PID=3517) to work on /home/airflow/.local/lib/python3.12/site-packages/airflow/example_dags/example_sla_dag.py
[2025-05-30T04:46:44.506+0000] {processor.py:830} INFO - Processing file /home/airflow/.local/lib/python3.12/site-packages/airflow/example_dags/example_sla_dag.py for tasks to queue
[2025-05-30T04:46:44.508+0000] {logging_mixin.py:188} INFO - [2025-05-30T04:46:44.508+0000] {dagbag.py:545} INFO - Filling up the DagBag from /home/airflow/.local/lib/python3.12/site-packages/airflow/example_dags/example_sla_dag.py
[2025-05-30T04:46:44.515+0000] {processor.py:840} INFO - DAG(s) 'example_sla_dag' retrieved from /home/airflow/.local/lib/python3.12/site-packages/airflow/example_dags/example_sla_dag.py
[2025-05-30T04:46:44.524+0000] {logging_mixin.py:188} INFO - [2025-05-30T04:46:44.524+0000] {dag.py:3096} INFO - Sync 1 DAGs
[2025-05-30T04:46:44.549+0000] {logging_mixin.py:188} INFO - [2025-05-30T04:46:44.548+0000] {dag.py:3954} INFO - Setting next_dagrun for example_sla_dag to 2025-05-30 04:44:00+00:00, run_after=2025-05-30 04:46:00+00:00
[2025-05-30T04:46:44.577+0000] {processor.py:183} INFO - Processing /home/airflow/.local/lib/python3.12/site-packages/airflow/example_dags/example_sla_dag.py took 0.076 seconds
[2025-05-30T04:47:14.759+0000] {processor.py:161} INFO - Started process (PID=3789) to work on /home/airflow/.local/lib/python3.12/site-packages/airflow/example_dags/example_sla_dag.py
[2025-05-30T04:47:14.760+0000] {processor.py:830} INFO - Processing file /home/airflow/.local/lib/python3.12/site-packages/airflow/example_dags/example_sla_dag.py for tasks to queue
[2025-05-30T04:47:14.762+0000] {logging_mixin.py:188} INFO - [2025-05-30T04:47:14.761+0000] {dagbag.py:545} INFO - Filling up the DagBag from /home/airflow/.local/lib/python3.12/site-packages/airflow/example_dags/example_sla_dag.py
[2025-05-30T04:47:14.769+0000] {processor.py:840} INFO - DAG(s) 'example_sla_dag' retrieved from /home/airflow/.local/lib/python3.12/site-packages/airflow/example_dags/example_sla_dag.py
[2025-05-30T04:47:14.870+0000] {logging_mixin.py:188} INFO - [2025-05-30T04:47:14.870+0000] {dag.py:3096} INFO - Sync 1 DAGs
[2025-05-30T04:47:14.889+0000] {logging_mixin.py:188} INFO - [2025-05-30T04:47:14.889+0000] {dag.py:3954} INFO - Setting next_dagrun for example_sla_dag to 2025-05-30 04:44:00+00:00, run_after=2025-05-30 04:46:00+00:00
[2025-05-30T04:47:14.919+0000] {processor.py:183} INFO - Processing /home/airflow/.local/lib/python3.12/site-packages/airflow/example_dags/example_sla_dag.py took 0.164 seconds
[2025-05-30T04:47:45.230+0000] {processor.py:161} INFO - Started process (PID=4062) to work on /home/airflow/.local/lib/python3.12/site-packages/airflow/example_dags/example_sla_dag.py
[2025-05-30T04:47:45.231+0000] {processor.py:830} INFO - Processing file /home/airflow/.local/lib/python3.12/site-packages/airflow/example_dags/example_sla_dag.py for tasks to queue
[2025-05-30T04:47:45.233+0000] {logging_mixin.py:188} INFO - [2025-05-30T04:47:45.232+0000] {dagbag.py:545} INFO - Filling up the DagBag from /home/airflow/.local/lib/python3.12/site-packages/airflow/example_dags/example_sla_dag.py
[2025-05-30T04:47:45.241+0000] {processor.py:840} INFO - DAG(s) 'example_sla_dag' retrieved from /home/airflow/.local/lib/python3.12/site-packages/airflow/example_dags/example_sla_dag.py
[2025-05-30T04:47:45.273+0000] {logging_mixin.py:188} INFO - [2025-05-30T04:47:45.272+0000] {dag.py:3096} INFO - Sync 1 DAGs
[2025-05-30T04:47:45.298+0000] {logging_mixin.py:188} INFO - [2025-05-30T04:47:45.297+0000] {dag.py:3954} INFO - Setting next_dagrun for example_sla_dag to 2025-05-30 04:44:00+00:00, run_after=2025-05-30 04:46:00+00:00
[2025-05-30T04:47:45.328+0000] {processor.py:183} INFO - Processing /home/airflow/.local/lib/python3.12/site-packages/airflow/example_dags/example_sla_dag.py took 0.103 seconds
[2025-05-30T04:48:15.678+0000] {processor.py:161} INFO - Started process (PID=4335) to work on /home/airflow/.local/lib/python3.12/site-packages/airflow/example_dags/example_sla_dag.py
[2025-05-30T04:48:15.679+0000] {processor.py:830} INFO - Processing file /home/airflow/.local/lib/python3.12/site-packages/airflow/example_dags/example_sla_dag.py for tasks to queue
[2025-05-30T04:48:15.681+0000] {logging_mixin.py:188} INFO - [2025-05-30T04:48:15.681+0000] {dagbag.py:545} INFO - Filling up the DagBag from /home/airflow/.local/lib/python3.12/site-packages/airflow/example_dags/example_sla_dag.py
[2025-05-30T04:48:15.689+0000] {processor.py:840} INFO - DAG(s) 'example_sla_dag' retrieved from /home/airflow/.local/lib/python3.12/site-packages/airflow/example_dags/example_sla_dag.py
[2025-05-30T04:48:15.708+0000] {logging_mixin.py:188} INFO - [2025-05-30T04:48:15.708+0000] {dag.py:3096} INFO - Sync 1 DAGs
[2025-05-30T04:48:15.732+0000] {logging_mixin.py:188} INFO - [2025-05-30T04:48:15.732+0000] {dag.py:3954} INFO - Setting next_dagrun for example_sla_dag to 2025-05-30 04:46:00+00:00, run_after=2025-05-30 04:48:00+00:00
[2025-05-30T04:48:15.754+0000] {processor.py:183} INFO - Processing /home/airflow/.local/lib/python3.12/site-packages/airflow/example_dags/example_sla_dag.py took 0.080 seconds
[2025-05-30T04:48:46.133+0000] {processor.py:161} INFO - Started process (PID=4608) to work on /home/airflow/.local/lib/python3.12/site-packages/airflow/example_dags/example_sla_dag.py
[2025-05-30T04:48:46.134+0000] {processor.py:830} INFO - Processing file /home/airflow/.local/lib/python3.12/site-packages/airflow/example_dags/example_sla_dag.py for tasks to queue
[2025-05-30T04:48:46.136+0000] {logging_mixin.py:188} INFO - [2025-05-30T04:48:46.136+0000] {dagbag.py:545} INFO - Filling up the DagBag from /home/airflow/.local/lib/python3.12/site-packages/airflow/example_dags/example_sla_dag.py
[2025-05-30T04:48:46.145+0000] {processor.py:840} INFO - DAG(s) 'example_sla_dag' retrieved from /home/airflow/.local/lib/python3.12/site-packages/airflow/example_dags/example_sla_dag.py
[2025-05-30T04:48:46.164+0000] {logging_mixin.py:188} INFO - [2025-05-30T04:48:46.164+0000] {dag.py:3096} INFO - Sync 1 DAGs
[2025-05-30T04:48:46.190+0000] {logging_mixin.py:188} INFO - [2025-05-30T04:48:46.189+0000] {dag.py:3954} INFO - Setting next_dagrun for example_sla_dag to 2025-05-30 04:46:00+00:00, run_after=2025-05-30 04:48:00+00:00
[2025-05-30T04:48:46.213+0000] {processor.py:183} INFO - Processing /home/airflow/.local/lib/python3.12/site-packages/airflow/example_dags/example_sla_dag.py took 0.086 seconds
[2025-05-30T04:49:16.535+0000] {processor.py:161} INFO - Started process (PID=4879) to work on /home/airflow/.local/lib/python3.12/site-packages/airflow/example_dags/example_sla_dag.py
[2025-05-30T04:49:16.536+0000] {processor.py:830} INFO - Processing file /home/airflow/.local/lib/python3.12/site-packages/airflow/example_dags/example_sla_dag.py for tasks to queue
[2025-05-30T04:49:16.538+0000] {logging_mixin.py:188} INFO - [2025-05-30T04:49:16.537+0000] {dagbag.py:545} INFO - Filling up the DagBag from /home/airflow/.local/lib/python3.12/site-packages/airflow/example_dags/example_sla_dag.py
[2025-05-30T04:49:16.545+0000] {processor.py:840} INFO - DAG(s) 'example_sla_dag' retrieved from /home/airflow/.local/lib/python3.12/site-packages/airflow/example_dags/example_sla_dag.py
[2025-05-30T04:49:16.562+0000] {logging_mixin.py:188} INFO - [2025-05-30T04:49:16.562+0000] {dag.py:3096} INFO - Sync 1 DAGs
[2025-05-30T04:49:16.582+0000] {logging_mixin.py:188} INFO - [2025-05-30T04:49:16.581+0000] {dag.py:3954} INFO - Setting next_dagrun for example_sla_dag to 2025-05-30 04:46:00+00:00, run_after=2025-05-30 04:48:00+00:00
[2025-05-30T04:49:16.600+0000] {processor.py:183} INFO - Processing /home/airflow/.local/lib/python3.12/site-packages/airflow/example_dags/example_sla_dag.py took 0.070 seconds
[2025-05-30T05:20:44.918+0000] {processor.py:161} INFO - Started process (PID=5177) to work on /home/airflow/.local/lib/python3.12/site-packages/airflow/example_dags/example_sla_dag.py
[2025-05-30T05:20:44.919+0000] {processor.py:830} INFO - Processing file /home/airflow/.local/lib/python3.12/site-packages/airflow/example_dags/example_sla_dag.py for tasks to queue
[2025-05-30T05:20:44.922+0000] {logging_mixin.py:188} INFO - [2025-05-30T05:20:44.921+0000] {dagbag.py:545} INFO - Filling up the DagBag from /home/airflow/.local/lib/python3.12/site-packages/airflow/example_dags/example_sla_dag.py
[2025-05-30T05:20:44.936+0000] {processor.py:840} INFO - DAG(s) 'example_sla_dag' retrieved from /home/airflow/.local/lib/python3.12/site-packages/airflow/example_dags/example_sla_dag.py
[2025-05-30T05:20:44.957+0000] {logging_mixin.py:188} INFO - [2025-05-30T05:20:44.956+0000] {dag.py:3096} INFO - Sync 1 DAGs
[2025-05-30T05:20:44.988+0000] {logging_mixin.py:188} INFO - [2025-05-30T05:20:44.988+0000] {dag.py:3954} INFO - Setting next_dagrun for example_sla_dag to 2025-05-30 05:18:00+00:00, run_after=2025-05-30 05:20:00+00:00
[2025-05-30T05:20:45.021+0000] {processor.py:183} INFO - Processing /home/airflow/.local/lib/python3.12/site-packages/airflow/example_dags/example_sla_dag.py took 0.109 seconds
[2025-05-30T05:21:15.894+0000] {processor.py:161} INFO - Started process (PID=5448) to work on /home/airflow/.local/lib/python3.12/site-packages/airflow/example_dags/example_sla_dag.py
[2025-05-30T05:21:15.895+0000] {processor.py:830} INFO - Processing file /home/airflow/.local/lib/python3.12/site-packages/airflow/example_dags/example_sla_dag.py for tasks to queue
[2025-05-30T05:21:15.897+0000] {logging_mixin.py:188} INFO - [2025-05-30T05:21:15.897+0000] {dagbag.py:545} INFO - Filling up the DagBag from /home/airflow/.local/lib/python3.12/site-packages/airflow/example_dags/example_sla_dag.py
[2025-05-30T05:21:15.905+0000] {processor.py:840} INFO - DAG(s) 'example_sla_dag' retrieved from /home/airflow/.local/lib/python3.12/site-packages/airflow/example_dags/example_sla_dag.py
[2025-05-30T05:21:15.925+0000] {logging_mixin.py:188} INFO - [2025-05-30T05:21:15.925+0000] {dag.py:3096} INFO - Sync 1 DAGs
[2025-05-30T05:21:15.951+0000] {logging_mixin.py:188} INFO - [2025-05-30T05:21:15.951+0000] {dag.py:3954} INFO - Setting next_dagrun for example_sla_dag to 2025-05-30 05:18:00+00:00, run_after=2025-05-30 05:20:00+00:00
[2025-05-30T05:21:15.980+0000] {processor.py:183} INFO - Processing /home/airflow/.local/lib/python3.12/site-packages/airflow/example_dags/example_sla_dag.py took 0.092 seconds
[2025-05-30T05:21:46.431+0000] {processor.py:161} INFO - Started process (PID=5721) to work on /home/airflow/.local/lib/python3.12/site-packages/airflow/example_dags/example_sla_dag.py
[2025-05-30T05:21:46.432+0000] {processor.py:830} INFO - Processing file /home/airflow/.local/lib/python3.12/site-packages/airflow/example_dags/example_sla_dag.py for tasks to queue
[2025-05-30T05:21:46.434+0000] {logging_mixin.py:188} INFO - [2025-05-30T05:21:46.434+0000] {dagbag.py:545} INFO - Filling up the DagBag from /home/airflow/.local/lib/python3.12/site-packages/airflow/example_dags/example_sla_dag.py
[2025-05-30T05:21:46.442+0000] {processor.py:840} INFO - DAG(s) 'example_sla_dag' retrieved from /home/airflow/.local/lib/python3.12/site-packages/airflow/example_dags/example_sla_dag.py
[2025-05-30T05:21:46.463+0000] {logging_mixin.py:188} INFO - [2025-05-30T05:21:46.463+0000] {dag.py:3096} INFO - Sync 1 DAGs
[2025-05-30T05:21:46.485+0000] {logging_mixin.py:188} INFO - [2025-05-30T05:21:46.484+0000] {dag.py:3954} INFO - Setting next_dagrun for example_sla_dag to 2025-05-30 05:18:00+00:00, run_after=2025-05-30 05:20:00+00:00
[2025-05-30T05:21:46.503+0000] {processor.py:183} INFO - Processing /home/airflow/.local/lib/python3.12/site-packages/airflow/example_dags/example_sla_dag.py took 0.077 seconds
[2025-05-30T05:22:17.485+0000] {processor.py:161} INFO - Started process (PID=5996) to work on /home/airflow/.local/lib/python3.12/site-packages/airflow/example_dags/example_sla_dag.py
[2025-05-30T05:22:17.485+0000] {processor.py:830} INFO - Processing file /home/airflow/.local/lib/python3.12/site-packages/airflow/example_dags/example_sla_dag.py for tasks to queue
[2025-05-30T05:22:17.488+0000] {logging_mixin.py:188} INFO - [2025-05-30T05:22:17.487+0000] {dagbag.py:545} INFO - Filling up the DagBag from /home/airflow/.local/lib/python3.12/site-packages/airflow/example_dags/example_sla_dag.py
[2025-05-30T05:22:17.496+0000] {processor.py:840} INFO - DAG(s) 'example_sla_dag' retrieved from /home/airflow/.local/lib/python3.12/site-packages/airflow/example_dags/example_sla_dag.py
[2025-05-30T05:22:17.515+0000] {logging_mixin.py:188} INFO - [2025-05-30T05:22:17.515+0000] {dag.py:3096} INFO - Sync 1 DAGs
[2025-05-30T05:22:17.538+0000] {logging_mixin.py:188} INFO - [2025-05-30T05:22:17.537+0000] {dag.py:3954} INFO - Setting next_dagrun for example_sla_dag to 2025-05-30 05:20:00+00:00, run_after=2025-05-30 05:22:00+00:00
[2025-05-30T05:22:17.555+0000] {processor.py:183} INFO - Processing /home/airflow/.local/lib/python3.12/site-packages/airflow/example_dags/example_sla_dag.py took 0.076 seconds
[2025-05-30T05:22:48.792+0000] {processor.py:161} INFO - Started process (PID=6267) to work on /home/airflow/.local/lib/python3.12/site-packages/airflow/example_dags/example_sla_dag.py
[2025-05-30T05:22:48.793+0000] {processor.py:830} INFO - Processing file /home/airflow/.local/lib/python3.12/site-packages/airflow/example_dags/example_sla_dag.py for tasks to queue
[2025-05-30T05:22:48.795+0000] {logging_mixin.py:188} INFO - [2025-05-30T05:22:48.794+0000] {dagbag.py:545} INFO - Filling up the DagBag from /home/airflow/.local/lib/python3.12/site-packages/airflow/example_dags/example_sla_dag.py
[2025-05-30T05:22:48.804+0000] {processor.py:840} INFO - DAG(s) 'example_sla_dag' retrieved from /home/airflow/.local/lib/python3.12/site-packages/airflow/example_dags/example_sla_dag.py
[2025-05-30T05:22:48.824+0000] {logging_mixin.py:188} INFO - [2025-05-30T05:22:48.823+0000] {dag.py:3096} INFO - Sync 1 DAGs
[2025-05-30T05:22:48.850+0000] {logging_mixin.py:188} INFO - [2025-05-30T05:22:48.849+0000] {dag.py:3954} INFO - Setting next_dagrun for example_sla_dag to 2025-05-30 05:20:00+00:00, run_after=2025-05-30 05:22:00+00:00
[2025-05-30T05:22:48.873+0000] {processor.py:183} INFO - Processing /home/airflow/.local/lib/python3.12/site-packages/airflow/example_dags/example_sla_dag.py took 0.088 seconds
[2025-05-30T05:23:20.080+0000] {processor.py:161} INFO - Started process (PID=6540) to work on /home/airflow/.local/lib/python3.12/site-packages/airflow/example_dags/example_sla_dag.py
[2025-05-30T05:23:20.082+0000] {processor.py:830} INFO - Processing file /home/airflow/.local/lib/python3.12/site-packages/airflow/example_dags/example_sla_dag.py for tasks to queue
[2025-05-30T05:23:20.087+0000] {logging_mixin.py:188} INFO - [2025-05-30T05:23:20.087+0000] {dagbag.py:545} INFO - Filling up the DagBag from /home/airflow/.local/lib/python3.12/site-packages/airflow/example_dags/example_sla_dag.py
[2025-05-30T05:23:20.097+0000] {processor.py:840} INFO - DAG(s) 'example_sla_dag' retrieved from /home/airflow/.local/lib/python3.12/site-packages/airflow/example_dags/example_sla_dag.py
[2025-05-30T05:23:20.115+0000] {logging_mixin.py:188} INFO - [2025-05-30T05:23:20.114+0000] {dag.py:3096} INFO - Sync 1 DAGs
[2025-05-30T05:23:20.138+0000] {logging_mixin.py:188} INFO - [2025-05-30T05:23:20.138+0000] {dag.py:3954} INFO - Setting next_dagrun for example_sla_dag to 2025-05-30 05:20:00+00:00, run_after=2025-05-30 05:22:00+00:00
[2025-05-30T05:23:20.283+0000] {processor.py:183} INFO - Processing /home/airflow/.local/lib/python3.12/site-packages/airflow/example_dags/example_sla_dag.py took 0.209 seconds
[2025-05-30T05:23:51.140+0000] {processor.py:161} INFO - Started process (PID=6815) to work on /home/airflow/.local/lib/python3.12/site-packages/airflow/example_dags/example_sla_dag.py
[2025-05-30T05:23:51.143+0000] {processor.py:830} INFO - Processing file /home/airflow/.local/lib/python3.12/site-packages/airflow/example_dags/example_sla_dag.py for tasks to queue
[2025-05-30T05:23:51.145+0000] {logging_mixin.py:188} INFO - [2025-05-30T05:23:51.144+0000] {dagbag.py:545} INFO - Filling up the DagBag from /home/airflow/.local/lib/python3.12/site-packages/airflow/example_dags/example_sla_dag.py
[2025-05-30T05:23:51.156+0000] {processor.py:840} INFO - DAG(s) 'example_sla_dag' retrieved from /home/airflow/.local/lib/python3.12/site-packages/airflow/example_dags/example_sla_dag.py
[2025-05-30T05:23:51.176+0000] {logging_mixin.py:188} INFO - [2025-05-30T05:23:51.176+0000] {dag.py:3096} INFO - Sync 1 DAGs
[2025-05-30T05:23:51.203+0000] {logging_mixin.py:188} INFO - [2025-05-30T05:23:51.203+0000] {dag.py:3954} INFO - Setting next_dagrun for example_sla_dag to 2025-05-30 05:20:00+00:00, run_after=2025-05-30 05:22:00+00:00
[2025-05-30T05:23:51.233+0000] {processor.py:183} INFO - Processing /home/airflow/.local/lib/python3.12/site-packages/airflow/example_dags/example_sla_dag.py took 0.099 seconds
[2025-05-30T05:24:22.154+0000] {processor.py:161} INFO - Started process (PID=7088) to work on /home/airflow/.local/lib/python3.12/site-packages/airflow/example_dags/example_sla_dag.py
[2025-05-30T05:24:22.156+0000] {processor.py:830} INFO - Processing file /home/airflow/.local/lib/python3.12/site-packages/airflow/example_dags/example_sla_dag.py for tasks to queue
[2025-05-30T05:24:22.158+0000] {logging_mixin.py:188} INFO - [2025-05-30T05:24:22.158+0000] {dagbag.py:545} INFO - Filling up the DagBag from /home/airflow/.local/lib/python3.12/site-packages/airflow/example_dags/example_sla_dag.py
[2025-05-30T05:24:22.166+0000] {processor.py:840} INFO - DAG(s) 'example_sla_dag' retrieved from /home/airflow/.local/lib/python3.12/site-packages/airflow/example_dags/example_sla_dag.py
[2025-05-30T05:24:22.184+0000] {logging_mixin.py:188} INFO - [2025-05-30T05:24:22.183+0000] {dag.py:3096} INFO - Sync 1 DAGs
[2025-05-30T05:24:22.207+0000] {logging_mixin.py:188} INFO - [2025-05-30T05:24:22.207+0000] {dag.py:3954} INFO - Setting next_dagrun for example_sla_dag to 2025-05-30 05:22:00+00:00, run_after=2025-05-30 05:24:00+00:00
[2025-05-30T05:24:22.236+0000] {processor.py:183} INFO - Processing /home/airflow/.local/lib/python3.12/site-packages/airflow/example_dags/example_sla_dag.py took 0.089 seconds
[2025-05-30T05:24:53.060+0000] {processor.py:161} INFO - Started process (PID=7361) to work on /home/airflow/.local/lib/python3.12/site-packages/airflow/example_dags/example_sla_dag.py
[2025-05-30T05:24:53.061+0000] {processor.py:830} INFO - Processing file /home/airflow/.local/lib/python3.12/site-packages/airflow/example_dags/example_sla_dag.py for tasks to queue
[2025-05-30T05:24:53.063+0000] {logging_mixin.py:188} INFO - [2025-05-30T05:24:53.062+0000] {dagbag.py:545} INFO - Filling up the DagBag from /home/airflow/.local/lib/python3.12/site-packages/airflow/example_dags/example_sla_dag.py
[2025-05-30T05:24:53.072+0000] {processor.py:840} INFO - DAG(s) 'example_sla_dag' retrieved from /home/airflow/.local/lib/python3.12/site-packages/airflow/example_dags/example_sla_dag.py
[2025-05-30T05:24:53.089+0000] {logging_mixin.py:188} INFO - [2025-05-30T05:24:53.089+0000] {dag.py:3096} INFO - Sync 1 DAGs
[2025-05-30T05:24:53.111+0000] {logging_mixin.py:188} INFO - [2025-05-30T05:24:53.111+0000] {dag.py:3954} INFO - Setting next_dagrun for example_sla_dag to 2025-05-30 05:22:00+00:00, run_after=2025-05-30 05:24:00+00:00
[2025-05-30T05:24:53.139+0000] {processor.py:183} INFO - Processing /home/airflow/.local/lib/python3.12/site-packages/airflow/example_dags/example_sla_dag.py took 0.086 seconds
[2025-05-30T05:25:23.516+0000] {processor.py:161} INFO - Started process (PID=7632) to work on /home/airflow/.local/lib/python3.12/site-packages/airflow/example_dags/example_sla_dag.py
[2025-05-30T05:25:23.517+0000] {processor.py:830} INFO - Processing file /home/airflow/.local/lib/python3.12/site-packages/airflow/example_dags/example_sla_dag.py for tasks to queue
[2025-05-30T05:25:23.520+0000] {logging_mixin.py:188} INFO - [2025-05-30T05:25:23.519+0000] {dagbag.py:545} INFO - Filling up the DagBag from /home/airflow/.local/lib/python3.12/site-packages/airflow/example_dags/example_sla_dag.py
[2025-05-30T05:25:23.531+0000] {processor.py:840} INFO - DAG(s) 'example_sla_dag' retrieved from /home/airflow/.local/lib/python3.12/site-packages/airflow/example_dags/example_sla_dag.py
[2025-05-30T05:25:23.552+0000] {logging_mixin.py:188} INFO - [2025-05-30T05:25:23.551+0000] {dag.py:3096} INFO - Sync 1 DAGs
[2025-05-30T05:25:23.580+0000] {logging_mixin.py:188} INFO - [2025-05-30T05:25:23.579+0000] {dag.py:3954} INFO - Setting next_dagrun for example_sla_dag to 2025-05-30 05:22:00+00:00, run_after=2025-05-30 05:24:00+00:00
[2025-05-30T05:25:23.599+0000] {processor.py:183} INFO - Processing /home/airflow/.local/lib/python3.12/site-packages/airflow/example_dags/example_sla_dag.py took 0.091 seconds
[2025-05-30T05:25:54.318+0000] {processor.py:161} INFO - Started process (PID=7905) to work on /home/airflow/.local/lib/python3.12/site-packages/airflow/example_dags/example_sla_dag.py
[2025-05-30T05:25:54.319+0000] {processor.py:830} INFO - Processing file /home/airflow/.local/lib/python3.12/site-packages/airflow/example_dags/example_sla_dag.py for tasks to queue
[2025-05-30T05:25:54.321+0000] {logging_mixin.py:188} INFO - [2025-05-30T05:25:54.321+0000] {dagbag.py:545} INFO - Filling up the DagBag from /home/airflow/.local/lib/python3.12/site-packages/airflow/example_dags/example_sla_dag.py
[2025-05-30T05:25:54.328+0000] {processor.py:840} INFO - DAG(s) 'example_sla_dag' retrieved from /home/airflow/.local/lib/python3.12/site-packages/airflow/example_dags/example_sla_dag.py
[2025-05-30T05:25:54.346+0000] {logging_mixin.py:188} INFO - [2025-05-30T05:25:54.346+0000] {dag.py:3096} INFO - Sync 1 DAGs
[2025-05-30T05:25:54.368+0000] {logging_mixin.py:188} INFO - [2025-05-30T05:25:54.368+0000] {dag.py:3954} INFO - Setting next_dagrun for example_sla_dag to 2025-05-30 05:22:00+00:00, run_after=2025-05-30 05:24:00+00:00
[2025-05-30T05:25:54.385+0000] {processor.py:183} INFO - Processing /home/airflow/.local/lib/python3.12/site-packages/airflow/example_dags/example_sla_dag.py took 0.072 seconds
[2025-05-30T05:26:24.807+0000] {processor.py:161} INFO - Started process (PID=8178) to work on /home/airflow/.local/lib/python3.12/site-packages/airflow/example_dags/example_sla_dag.py
[2025-05-30T05:26:24.808+0000] {processor.py:830} INFO - Processing file /home/airflow/.local/lib/python3.12/site-packages/airflow/example_dags/example_sla_dag.py for tasks to queue
[2025-05-30T05:26:24.810+0000] {logging_mixin.py:188} INFO - [2025-05-30T05:26:24.809+0000] {dagbag.py:545} INFO - Filling up the DagBag from /home/airflow/.local/lib/python3.12/site-packages/airflow/example_dags/example_sla_dag.py
[2025-05-30T05:26:24.819+0000] {processor.py:840} INFO - DAG(s) 'example_sla_dag' retrieved from /home/airflow/.local/lib/python3.12/site-packages/airflow/example_dags/example_sla_dag.py
[2025-05-30T05:26:24.840+0000] {logging_mixin.py:188} INFO - [2025-05-30T05:26:24.839+0000] {dag.py:3096} INFO - Sync 1 DAGs
[2025-05-30T05:26:24.866+0000] {logging_mixin.py:188} INFO - [2025-05-30T05:26:24.866+0000] {dag.py:3954} INFO - Setting next_dagrun for example_sla_dag to 2025-05-30 05:24:00+00:00, run_after=2025-05-30 05:26:00+00:00
[2025-05-30T05:26:24.887+0000] {processor.py:183} INFO - Processing /home/airflow/.local/lib/python3.12/site-packages/airflow/example_dags/example_sla_dag.py took 0.087 seconds
[2025-05-30T05:26:55.497+0000] {processor.py:161} INFO - Started process (PID=8450) to work on /home/airflow/.local/lib/python3.12/site-packages/airflow/example_dags/example_sla_dag.py
[2025-05-30T05:26:55.498+0000] {processor.py:830} INFO - Processing file /home/airflow/.local/lib/python3.12/site-packages/airflow/example_dags/example_sla_dag.py for tasks to queue
[2025-05-30T05:26:55.500+0000] {logging_mixin.py:188} INFO - [2025-05-30T05:26:55.499+0000] {dagbag.py:545} INFO - Filling up the DagBag from /home/airflow/.local/lib/python3.12/site-packages/airflow/example_dags/example_sla_dag.py
[2025-05-30T05:26:55.509+0000] {processor.py:840} INFO - DAG(s) 'example_sla_dag' retrieved from /home/airflow/.local/lib/python3.12/site-packages/airflow/example_dags/example_sla_dag.py
[2025-05-30T05:26:55.529+0000] {logging_mixin.py:188} INFO - [2025-05-30T05:26:55.529+0000] {dag.py:3096} INFO - Sync 1 DAGs
[2025-05-30T05:26:55.557+0000] {logging_mixin.py:188} INFO - [2025-05-30T05:26:55.557+0000] {dag.py:3954} INFO - Setting next_dagrun for example_sla_dag to 2025-05-30 05:24:00+00:00, run_after=2025-05-30 05:26:00+00:00
[2025-05-30T05:26:55.574+0000] {processor.py:183} INFO - Processing /home/airflow/.local/lib/python3.12/site-packages/airflow/example_dags/example_sla_dag.py took 0.085 seconds
[2025-05-30T05:27:26.349+0000] {processor.py:161} INFO - Started process (PID=8723) to work on /home/airflow/.local/lib/python3.12/site-packages/airflow/example_dags/example_sla_dag.py
[2025-05-30T05:27:26.351+0000] {processor.py:830} INFO - Processing file /home/airflow/.local/lib/python3.12/site-packages/airflow/example_dags/example_sla_dag.py for tasks to queue
[2025-05-30T05:27:26.352+0000] {logging_mixin.py:188} INFO - [2025-05-30T05:27:26.352+0000] {dagbag.py:545} INFO - Filling up the DagBag from /home/airflow/.local/lib/python3.12/site-packages/airflow/example_dags/example_sla_dag.py
[2025-05-30T05:27:26.362+0000] {processor.py:840} INFO - DAG(s) 'example_sla_dag' retrieved from /home/airflow/.local/lib/python3.12/site-packages/airflow/example_dags/example_sla_dag.py
[2025-05-30T05:27:26.382+0000] {logging_mixin.py:188} INFO - [2025-05-30T05:27:26.381+0000] {dag.py:3096} INFO - Sync 1 DAGs
[2025-05-30T05:27:26.407+0000] {logging_mixin.py:188} INFO - [2025-05-30T05:27:26.407+0000] {dag.py:3954} INFO - Setting next_dagrun for example_sla_dag to 2025-05-30 05:24:00+00:00, run_after=2025-05-30 05:26:00+00:00
[2025-05-30T05:27:26.427+0000] {processor.py:183} INFO - Processing /home/airflow/.local/lib/python3.12/site-packages/airflow/example_dags/example_sla_dag.py took 0.085 seconds
[2025-05-30T05:27:57.113+0000] {processor.py:161} INFO - Started process (PID=8996) to work on /home/airflow/.local/lib/python3.12/site-packages/airflow/example_dags/example_sla_dag.py
[2025-05-30T05:27:57.114+0000] {processor.py:830} INFO - Processing file /home/airflow/.local/lib/python3.12/site-packages/airflow/example_dags/example_sla_dag.py for tasks to queue
[2025-05-30T05:27:57.117+0000] {logging_mixin.py:188} INFO - [2025-05-30T05:27:57.116+0000] {dagbag.py:545} INFO - Filling up the DagBag from /home/airflow/.local/lib/python3.12/site-packages/airflow/example_dags/example_sla_dag.py
[2025-05-30T05:27:57.125+0000] {processor.py:840} INFO - DAG(s) 'example_sla_dag' retrieved from /home/airflow/.local/lib/python3.12/site-packages/airflow/example_dags/example_sla_dag.py
[2025-05-30T05:27:57.146+0000] {logging_mixin.py:188} INFO - [2025-05-30T05:27:57.145+0000] {dag.py:3096} INFO - Sync 1 DAGs
[2025-05-30T05:27:57.182+0000] {logging_mixin.py:188} INFO - [2025-05-30T05:27:57.182+0000] {dag.py:3954} INFO - Setting next_dagrun for example_sla_dag to 2025-05-30 05:24:00+00:00, run_after=2025-05-30 05:26:00+00:00
[2025-05-30T05:27:57.210+0000] {processor.py:183} INFO - Processing /home/airflow/.local/lib/python3.12/site-packages/airflow/example_dags/example_sla_dag.py took 0.102 seconds
[2025-05-30T05:28:27.659+0000] {processor.py:161} INFO - Started process (PID=9268) to work on /home/airflow/.local/lib/python3.12/site-packages/airflow/example_dags/example_sla_dag.py
[2025-05-30T05:28:27.660+0000] {processor.py:830} INFO - Processing file /home/airflow/.local/lib/python3.12/site-packages/airflow/example_dags/example_sla_dag.py for tasks to queue
[2025-05-30T05:28:27.662+0000] {logging_mixin.py:188} INFO - [2025-05-30T05:28:27.661+0000] {dagbag.py:545} INFO - Filling up the DagBag from /home/airflow/.local/lib/python3.12/site-packages/airflow/example_dags/example_sla_dag.py
[2025-05-30T05:28:27.669+0000] {processor.py:840} INFO - DAG(s) 'example_sla_dag' retrieved from /home/airflow/.local/lib/python3.12/site-packages/airflow/example_dags/example_sla_dag.py
[2025-05-30T05:28:27.689+0000] {logging_mixin.py:188} INFO - [2025-05-30T05:28:27.688+0000] {dag.py:3096} INFO - Sync 1 DAGs
[2025-05-30T05:28:27.713+0000] {logging_mixin.py:188} INFO - [2025-05-30T05:28:27.713+0000] {dag.py:3954} INFO - Setting next_dagrun for example_sla_dag to 2025-05-30 05:26:00+00:00, run_after=2025-05-30 05:28:00+00:00
[2025-05-30T05:28:27.733+0000] {processor.py:183} INFO - Processing /home/airflow/.local/lib/python3.12/site-packages/airflow/example_dags/example_sla_dag.py took 0.079 seconds
[2025-05-30T05:28:58.001+0000] {processor.py:161} INFO - Started process (PID=9536) to work on /home/airflow/.local/lib/python3.12/site-packages/airflow/example_dags/example_sla_dag.py
[2025-05-30T05:28:58.002+0000] {processor.py:830} INFO - Processing file /home/airflow/.local/lib/python3.12/site-packages/airflow/example_dags/example_sla_dag.py for tasks to queue
[2025-05-30T05:28:58.005+0000] {logging_mixin.py:188} INFO - [2025-05-30T05:28:58.004+0000] {dagbag.py:545} INFO - Filling up the DagBag from /home/airflow/.local/lib/python3.12/site-packages/airflow/example_dags/example_sla_dag.py
[2025-05-30T05:28:58.014+0000] {processor.py:840} INFO - DAG(s) 'example_sla_dag' retrieved from /home/airflow/.local/lib/python3.12/site-packages/airflow/example_dags/example_sla_dag.py
[2025-05-30T05:28:58.037+0000] {logging_mixin.py:188} INFO - [2025-05-30T05:28:58.036+0000] {dag.py:3096} INFO - Sync 1 DAGs
[2025-05-30T05:28:58.079+0000] {logging_mixin.py:188} INFO - [2025-05-30T05:28:58.079+0000] {dag.py:3954} INFO - Setting next_dagrun for example_sla_dag to 2025-05-30 05:26:00+00:00, run_after=2025-05-30 05:28:00+00:00
[2025-05-30T05:28:58.118+0000] {processor.py:183} INFO - Processing /home/airflow/.local/lib/python3.12/site-packages/airflow/example_dags/example_sla_dag.py took 0.125 seconds
[2025-05-30T05:29:28.306+0000] {processor.py:161} INFO - Started process (PID=9811) to work on /home/airflow/.local/lib/python3.12/site-packages/airflow/example_dags/example_sla_dag.py
[2025-05-30T05:29:28.307+0000] {processor.py:830} INFO - Processing file /home/airflow/.local/lib/python3.12/site-packages/airflow/example_dags/example_sla_dag.py for tasks to queue
[2025-05-30T05:29:28.309+0000] {logging_mixin.py:188} INFO - [2025-05-30T05:29:28.309+0000] {dagbag.py:545} INFO - Filling up the DagBag from /home/airflow/.local/lib/python3.12/site-packages/airflow/example_dags/example_sla_dag.py
[2025-05-30T05:29:28.318+0000] {processor.py:840} INFO - DAG(s) 'example_sla_dag' retrieved from /home/airflow/.local/lib/python3.12/site-packages/airflow/example_dags/example_sla_dag.py
[2025-05-30T05:29:28.338+0000] {logging_mixin.py:188} INFO - [2025-05-30T05:29:28.337+0000] {dag.py:3096} INFO - Sync 1 DAGs
[2025-05-30T05:29:28.365+0000] {logging_mixin.py:188} INFO - [2025-05-30T05:29:28.364+0000] {dag.py:3954} INFO - Setting next_dagrun for example_sla_dag to 2025-05-30 05:26:00+00:00, run_after=2025-05-30 05:28:00+00:00
[2025-05-30T05:29:28.381+0000] {processor.py:183} INFO - Processing /home/airflow/.local/lib/python3.12/site-packages/airflow/example_dags/example_sla_dag.py took 0.081 seconds
[2025-05-30T05:29:58.687+0000] {processor.py:161} INFO - Started process (PID=10084) to work on /home/airflow/.local/lib/python3.12/site-packages/airflow/example_dags/example_sla_dag.py
[2025-05-30T05:29:58.688+0000] {processor.py:830} INFO - Processing file /home/airflow/.local/lib/python3.12/site-packages/airflow/example_dags/example_sla_dag.py for tasks to queue
[2025-05-30T05:29:58.690+0000] {logging_mixin.py:188} INFO - [2025-05-30T05:29:58.690+0000] {dagbag.py:545} INFO - Filling up the DagBag from /home/airflow/.local/lib/python3.12/site-packages/airflow/example_dags/example_sla_dag.py
[2025-05-30T05:29:58.697+0000] {processor.py:840} INFO - DAG(s) 'example_sla_dag' retrieved from /home/airflow/.local/lib/python3.12/site-packages/airflow/example_dags/example_sla_dag.py
[2025-05-30T05:29:58.713+0000] {logging_mixin.py:188} INFO - [2025-05-30T05:29:58.713+0000] {dag.py:3096} INFO - Sync 1 DAGs
[2025-05-30T05:29:58.734+0000] {logging_mixin.py:188} INFO - [2025-05-30T05:29:58.734+0000] {dag.py:3954} INFO - Setting next_dagrun for example_sla_dag to 2025-05-30 05:26:00+00:00, run_after=2025-05-30 05:28:00+00:00
[2025-05-30T05:29:58.749+0000] {processor.py:183} INFO - Processing /home/airflow/.local/lib/python3.12/site-packages/airflow/example_dags/example_sla_dag.py took 0.067 seconds
[2025-05-30T05:30:28.865+0000] {processor.py:161} INFO - Started process (PID=10356) to work on /home/airflow/.local/lib/python3.12/site-packages/airflow/example_dags/example_sla_dag.py
[2025-05-30T05:30:28.866+0000] {processor.py:830} INFO - Processing file /home/airflow/.local/lib/python3.12/site-packages/airflow/example_dags/example_sla_dag.py for tasks to queue
[2025-05-30T05:30:28.868+0000] {logging_mixin.py:188} INFO - [2025-05-30T05:30:28.867+0000] {dagbag.py:545} INFO - Filling up the DagBag from /home/airflow/.local/lib/python3.12/site-packages/airflow/example_dags/example_sla_dag.py
[2025-05-30T05:30:28.876+0000] {processor.py:840} INFO - DAG(s) 'example_sla_dag' retrieved from /home/airflow/.local/lib/python3.12/site-packages/airflow/example_dags/example_sla_dag.py
[2025-05-30T05:30:28.895+0000] {logging_mixin.py:188} INFO - [2025-05-30T05:30:28.895+0000] {dag.py:3096} INFO - Sync 1 DAGs
[2025-05-30T05:30:28.920+0000] {logging_mixin.py:188} INFO - [2025-05-30T05:30:28.920+0000] {dag.py:3954} INFO - Setting next_dagrun for example_sla_dag to 2025-05-30 05:28:00+00:00, run_after=2025-05-30 05:30:00+00:00
[2025-05-30T05:30:28.936+0000] {processor.py:183} INFO - Processing /home/airflow/.local/lib/python3.12/site-packages/airflow/example_dags/example_sla_dag.py took 0.076 seconds
[2025-05-30T05:30:59.167+0000] {processor.py:161} INFO - Started process (PID=10629) to work on /home/airflow/.local/lib/python3.12/site-packages/airflow/example_dags/example_sla_dag.py
[2025-05-30T05:30:59.168+0000] {processor.py:830} INFO - Processing file /home/airflow/.local/lib/python3.12/site-packages/airflow/example_dags/example_sla_dag.py for tasks to queue
[2025-05-30T05:30:59.171+0000] {logging_mixin.py:188} INFO - [2025-05-30T05:30:59.170+0000] {dagbag.py:545} INFO - Filling up the DagBag from /home/airflow/.local/lib/python3.12/site-packages/airflow/example_dags/example_sla_dag.py
[2025-05-30T05:30:59.182+0000] {processor.py:840} INFO - DAG(s) 'example_sla_dag' retrieved from /home/airflow/.local/lib/python3.12/site-packages/airflow/example_dags/example_sla_dag.py
[2025-05-30T05:30:59.201+0000] {logging_mixin.py:188} INFO - [2025-05-30T05:30:59.201+0000] {dag.py:3096} INFO - Sync 1 DAGs
[2025-05-30T05:30:59.232+0000] {logging_mixin.py:188} INFO - [2025-05-30T05:30:59.232+0000] {dag.py:3954} INFO - Setting next_dagrun for example_sla_dag to 2025-05-30 05:28:00+00:00, run_after=2025-05-30 05:30:00+00:00
[2025-05-30T05:30:59.259+0000] {processor.py:183} INFO - Processing /home/airflow/.local/lib/python3.12/site-packages/airflow/example_dags/example_sla_dag.py took 0.099 seconds
[2025-05-30T05:31:29.387+0000] {processor.py:161} INFO - Started process (PID=10900) to work on /home/airflow/.local/lib/python3.12/site-packages/airflow/example_dags/example_sla_dag.py
[2025-05-30T05:31:29.388+0000] {processor.py:830} INFO - Processing file /home/airflow/.local/lib/python3.12/site-packages/airflow/example_dags/example_sla_dag.py for tasks to queue
[2025-05-30T05:31:29.390+0000] {logging_mixin.py:188} INFO - [2025-05-30T05:31:29.389+0000] {dagbag.py:545} INFO - Filling up the DagBag from /home/airflow/.local/lib/python3.12/site-packages/airflow/example_dags/example_sla_dag.py
[2025-05-30T05:31:29.396+0000] {processor.py:840} INFO - DAG(s) 'example_sla_dag' retrieved from /home/airflow/.local/lib/python3.12/site-packages/airflow/example_dags/example_sla_dag.py
[2025-05-30T05:31:29.412+0000] {logging_mixin.py:188} INFO - [2025-05-30T05:31:29.412+0000] {dag.py:3096} INFO - Sync 1 DAGs
[2025-05-30T05:31:29.433+0000] {logging_mixin.py:188} INFO - [2025-05-30T05:31:29.433+0000] {dag.py:3954} INFO - Setting next_dagrun for example_sla_dag to 2025-05-30 05:28:00+00:00, run_after=2025-05-30 05:30:00+00:00
[2025-05-30T05:31:29.448+0000] {processor.py:183} INFO - Processing /home/airflow/.local/lib/python3.12/site-packages/airflow/example_dags/example_sla_dag.py took 0.066 seconds
[2025-05-30T05:31:59.645+0000] {processor.py:161} INFO - Started process (PID=11175) to work on /home/airflow/.local/lib/python3.12/site-packages/airflow/example_dags/example_sla_dag.py
[2025-05-30T05:31:59.647+0000] {processor.py:830} INFO - Processing file /home/airflow/.local/lib/python3.12/site-packages/airflow/example_dags/example_sla_dag.py for tasks to queue
[2025-05-30T05:31:59.649+0000] {logging_mixin.py:188} INFO - [2025-05-30T05:31:59.649+0000] {dagbag.py:545} INFO - Filling up the DagBag from /home/airflow/.local/lib/python3.12/site-packages/airflow/example_dags/example_sla_dag.py
[2025-05-30T05:31:59.658+0000] {processor.py:840} INFO - DAG(s) 'example_sla_dag' retrieved from /home/airflow/.local/lib/python3.12/site-packages/airflow/example_dags/example_sla_dag.py
[2025-05-30T05:31:59.676+0000] {logging_mixin.py:188} INFO - [2025-05-30T05:31:59.676+0000] {dag.py:3096} INFO - Sync 1 DAGs
[2025-05-30T05:31:59.704+0000] {logging_mixin.py:188} INFO - [2025-05-30T05:31:59.703+0000] {dag.py:3954} INFO - Setting next_dagrun for example_sla_dag to 2025-05-30 05:28:00+00:00, run_after=2025-05-30 05:30:00+00:00
[2025-05-30T05:31:59.720+0000] {processor.py:183} INFO - Processing /home/airflow/.local/lib/python3.12/site-packages/airflow/example_dags/example_sla_dag.py took 0.082 seconds
[2025-05-30T05:32:29.881+0000] {processor.py:161} INFO - Started process (PID=11448) to work on /home/airflow/.local/lib/python3.12/site-packages/airflow/example_dags/example_sla_dag.py
[2025-05-30T05:32:29.882+0000] {processor.py:830} INFO - Processing file /home/airflow/.local/lib/python3.12/site-packages/airflow/example_dags/example_sla_dag.py for tasks to queue
[2025-05-30T05:32:29.884+0000] {logging_mixin.py:188} INFO - [2025-05-30T05:32:29.884+0000] {dagbag.py:545} INFO - Filling up the DagBag from /home/airflow/.local/lib/python3.12/site-packages/airflow/example_dags/example_sla_dag.py
[2025-05-30T05:32:29.894+0000] {processor.py:840} INFO - DAG(s) 'example_sla_dag' retrieved from /home/airflow/.local/lib/python3.12/site-packages/airflow/example_dags/example_sla_dag.py
[2025-05-30T05:32:29.909+0000] {logging_mixin.py:188} INFO - [2025-05-30T05:32:29.909+0000] {dag.py:3096} INFO - Sync 1 DAGs
[2025-05-30T05:32:29.934+0000] {logging_mixin.py:188} INFO - [2025-05-30T05:32:29.933+0000] {dag.py:3954} INFO - Setting next_dagrun for example_sla_dag to 2025-05-30 05:30:00+00:00, run_after=2025-05-30 05:32:00+00:00
[2025-05-30T05:32:29.954+0000] {processor.py:183} INFO - Processing /home/airflow/.local/lib/python3.12/site-packages/airflow/example_dags/example_sla_dag.py took 0.077 seconds
[2025-05-30T05:40:01.530+0000] {processor.py:161} INFO - Started process (PID=249) to work on /home/airflow/.local/lib/python3.12/site-packages/airflow/example_dags/example_sla_dag.py
[2025-05-30T05:40:01.531+0000] {processor.py:830} INFO - Processing file /home/airflow/.local/lib/python3.12/site-packages/airflow/example_dags/example_sla_dag.py for tasks to queue
[2025-05-30T05:40:01.534+0000] {logging_mixin.py:188} INFO - [2025-05-30T05:40:01.533+0000] {dagbag.py:545} INFO - Filling up the DagBag from /home/airflow/.local/lib/python3.12/site-packages/airflow/example_dags/example_sla_dag.py
[2025-05-30T05:40:01.551+0000] {processor.py:840} INFO - DAG(s) 'example_sla_dag' retrieved from /home/airflow/.local/lib/python3.12/site-packages/airflow/example_dags/example_sla_dag.py
[2025-05-30T05:40:01.565+0000] {logging_mixin.py:188} INFO - [2025-05-30T05:40:01.565+0000] {dag.py:3096} INFO - Sync 1 DAGs
[2025-05-30T05:40:01.596+0000] {logging_mixin.py:188} INFO - [2025-05-30T05:40:01.596+0000] {dag.py:3954} INFO - Setting next_dagrun for example_sla_dag to 2025-05-30 05:38:00+00:00, run_after=2025-05-30 05:40:00+00:00
[2025-05-30T05:40:01.624+0000] {processor.py:183} INFO - Processing /home/airflow/.local/lib/python3.12/site-packages/airflow/example_dags/example_sla_dag.py took 0.101 seconds
[2025-05-30T05:40:33.370+0000] {processor.py:161} INFO - Started process (PID=524) to work on /home/airflow/.local/lib/python3.12/site-packages/airflow/example_dags/example_sla_dag.py
[2025-05-30T05:40:33.371+0000] {processor.py:830} INFO - Processing file /home/airflow/.local/lib/python3.12/site-packages/airflow/example_dags/example_sla_dag.py for tasks to queue
[2025-05-30T05:40:33.373+0000] {logging_mixin.py:188} INFO - [2025-05-30T05:40:33.372+0000] {dagbag.py:545} INFO - Filling up the DagBag from /home/airflow/.local/lib/python3.12/site-packages/airflow/example_dags/example_sla_dag.py
[2025-05-30T05:40:33.381+0000] {processor.py:840} INFO - DAG(s) 'example_sla_dag' retrieved from /home/airflow/.local/lib/python3.12/site-packages/airflow/example_dags/example_sla_dag.py
[2025-05-30T05:40:33.487+0000] {logging_mixin.py:188} INFO - [2025-05-30T05:40:33.487+0000] {dag.py:3096} INFO - Sync 1 DAGs
[2025-05-30T05:40:33.507+0000] {logging_mixin.py:188} INFO - [2025-05-30T05:40:33.507+0000] {dag.py:3954} INFO - Setting next_dagrun for example_sla_dag to 2025-05-30 05:38:00+00:00, run_after=2025-05-30 05:40:00+00:00
[2025-05-30T05:40:33.539+0000] {processor.py:183} INFO - Processing /home/airflow/.local/lib/python3.12/site-packages/airflow/example_dags/example_sla_dag.py took 0.174 seconds
[2025-05-30T05:41:04.146+0000] {processor.py:161} INFO - Started process (PID=797) to work on /home/airflow/.local/lib/python3.12/site-packages/airflow/example_dags/example_sla_dag.py
[2025-05-30T05:41:04.147+0000] {processor.py:830} INFO - Processing file /home/airflow/.local/lib/python3.12/site-packages/airflow/example_dags/example_sla_dag.py for tasks to queue
[2025-05-30T05:41:04.149+0000] {logging_mixin.py:188} INFO - [2025-05-30T05:41:04.148+0000] {dagbag.py:545} INFO - Filling up the DagBag from /home/airflow/.local/lib/python3.12/site-packages/airflow/example_dags/example_sla_dag.py
[2025-05-30T05:41:04.157+0000] {processor.py:840} INFO - DAG(s) 'example_sla_dag' retrieved from /home/airflow/.local/lib/python3.12/site-packages/airflow/example_dags/example_sla_dag.py
[2025-05-30T05:41:04.177+0000] {logging_mixin.py:188} INFO - [2025-05-30T05:41:04.177+0000] {dag.py:3096} INFO - Sync 1 DAGs
[2025-05-30T05:41:04.208+0000] {logging_mixin.py:188} INFO - [2025-05-30T05:41:04.208+0000] {dag.py:3954} INFO - Setting next_dagrun for example_sla_dag to 2025-05-30 05:38:00+00:00, run_after=2025-05-30 05:40:00+00:00
[2025-05-30T05:41:04.227+0000] {processor.py:183} INFO - Processing /home/airflow/.local/lib/python3.12/site-packages/airflow/example_dags/example_sla_dag.py took 0.087 seconds
