[2025-05-30T04:40:34.469+0000] {processor.py:161} INFO - Started process (PID=195) to work on /home/airflow/.local/lib/python3.12/site-packages/airflow/example_dags/example_task_group_decorator.py
[2025-05-30T04:40:34.470+0000] {processor.py:830} INFO - Processing file /home/airflow/.local/lib/python3.12/site-packages/airflow/example_dags/example_task_group_decorator.py for tasks to queue
[2025-05-30T04:40:34.473+0000] {logging_mixin.py:188} INFO - [2025-05-30T04:40:34.473+0000] {dagbag.py:545} INFO - Filling up the DagBag from /home/airflow/.local/lib/python3.12/site-packages/airflow/example_dags/example_task_group_decorator.py
[2025-05-30T04:40:34.490+0000] {processor.py:840} INFO - DAG(s) 'example_task_group_decorator' retrieved from /home/airflow/.local/lib/python3.12/site-packages/airflow/example_dags/example_task_group_decorator.py
[2025-05-30T04:40:34.525+0000] {logging_mixin.py:188} INFO - [2025-05-30T04:40:34.525+0000] {dag.py:3096} INFO - Sync 1 DAGs
[2025-05-30T04:40:34.546+0000] {logging_mixin.py:188} INFO - [2025-05-30T04:40:34.546+0000] {dag.py:3954} INFO - Setting next_dagrun for example_task_group_decorator to 2025-05-29 00:00:00+00:00, run_after=2025-05-30 00:00:00+00:00
[2025-05-30T04:40:34.562+0000] {processor.py:183} INFO - Processing /home/airflow/.local/lib/python3.12/site-packages/airflow/example_dags/example_task_group_decorator.py took 0.100 seconds
[2025-05-30T04:41:05.551+0000] {processor.py:161} INFO - Started process (PID=466) to work on /home/airflow/.local/lib/python3.12/site-packages/airflow/example_dags/example_task_group_decorator.py
[2025-05-30T04:41:05.556+0000] {processor.py:830} INFO - Processing file /home/airflow/.local/lib/python3.12/site-packages/airflow/example_dags/example_task_group_decorator.py for tasks to queue
[2025-05-30T04:41:05.560+0000] {logging_mixin.py:188} INFO - [2025-05-30T04:41:05.559+0000] {dagbag.py:545} INFO - Filling up the DagBag from /home/airflow/.local/lib/python3.12/site-packages/airflow/example_dags/example_task_group_decorator.py
[2025-05-30T04:41:05.591+0000] {processor.py:840} INFO - DAG(s) 'example_task_group_decorator' retrieved from /home/airflow/.local/lib/python3.12/site-packages/airflow/example_dags/example_task_group_decorator.py
[2025-05-30T04:41:05.631+0000] {logging_mixin.py:188} INFO - [2025-05-30T04:41:05.630+0000] {dag.py:3096} INFO - Sync 1 DAGs
[2025-05-30T04:41:05.660+0000] {logging_mixin.py:188} INFO - [2025-05-30T04:41:05.660+0000] {dag.py:3954} INFO - Setting next_dagrun for example_task_group_decorator to 2025-05-29 00:00:00+00:00, run_after=2025-05-30 00:00:00+00:00
[2025-05-30T04:41:05.701+0000] {processor.py:183} INFO - Processing /home/airflow/.local/lib/python3.12/site-packages/airflow/example_dags/example_task_group_decorator.py took 0.161 seconds
[2025-05-30T04:41:35.732+0000] {processor.py:161} INFO - Started process (PID=735) to work on /home/airflow/.local/lib/python3.12/site-packages/airflow/example_dags/example_task_group_decorator.py
[2025-05-30T04:41:35.733+0000] {processor.py:830} INFO - Processing file /home/airflow/.local/lib/python3.12/site-packages/airflow/example_dags/example_task_group_decorator.py for tasks to queue
[2025-05-30T04:41:35.736+0000] {logging_mixin.py:188} INFO - [2025-05-30T04:41:35.735+0000] {dagbag.py:545} INFO - Filling up the DagBag from /home/airflow/.local/lib/python3.12/site-packages/airflow/example_dags/example_task_group_decorator.py
[2025-05-30T04:41:35.751+0000] {processor.py:840} INFO - DAG(s) 'example_task_group_decorator' retrieved from /home/airflow/.local/lib/python3.12/site-packages/airflow/example_dags/example_task_group_decorator.py
[2025-05-30T04:41:35.775+0000] {logging_mixin.py:188} INFO - [2025-05-30T04:41:35.775+0000] {dag.py:3096} INFO - Sync 1 DAGs
[2025-05-30T04:41:35.798+0000] {logging_mixin.py:188} INFO - [2025-05-30T04:41:35.798+0000] {dag.py:3954} INFO - Setting next_dagrun for example_task_group_decorator to 2025-05-29 00:00:00+00:00, run_after=2025-05-30 00:00:00+00:00
[2025-05-30T04:41:35.820+0000] {processor.py:183} INFO - Processing /home/airflow/.local/lib/python3.12/site-packages/airflow/example_dags/example_task_group_decorator.py took 0.094 seconds
[2025-05-30T04:42:05.870+0000] {processor.py:161} INFO - Started process (PID=1005) to work on /home/airflow/.local/lib/python3.12/site-packages/airflow/example_dags/example_task_group_decorator.py
[2025-05-30T04:42:05.871+0000] {processor.py:830} INFO - Processing file /home/airflow/.local/lib/python3.12/site-packages/airflow/example_dags/example_task_group_decorator.py for tasks to queue
[2025-05-30T04:42:05.873+0000] {logging_mixin.py:188} INFO - [2025-05-30T04:42:05.872+0000] {dagbag.py:545} INFO - Filling up the DagBag from /home/airflow/.local/lib/python3.12/site-packages/airflow/example_dags/example_task_group_decorator.py
[2025-05-30T04:42:05.888+0000] {processor.py:840} INFO - DAG(s) 'example_task_group_decorator' retrieved from /home/airflow/.local/lib/python3.12/site-packages/airflow/example_dags/example_task_group_decorator.py
[2025-05-30T04:42:05.918+0000] {logging_mixin.py:188} INFO - [2025-05-30T04:42:05.918+0000] {dag.py:3096} INFO - Sync 1 DAGs
[2025-05-30T04:42:05.940+0000] {logging_mixin.py:188} INFO - [2025-05-30T04:42:05.940+0000] {dag.py:3954} INFO - Setting next_dagrun for example_task_group_decorator to 2025-05-29 00:00:00+00:00, run_after=2025-05-30 00:00:00+00:00
[2025-05-30T04:42:05.956+0000] {processor.py:183} INFO - Processing /home/airflow/.local/lib/python3.12/site-packages/airflow/example_dags/example_task_group_decorator.py took 0.093 seconds
[2025-05-30T04:42:36.562+0000] {processor.py:161} INFO - Started process (PID=1280) to work on /home/airflow/.local/lib/python3.12/site-packages/airflow/example_dags/example_task_group_decorator.py
[2025-05-30T04:42:36.563+0000] {processor.py:830} INFO - Processing file /home/airflow/.local/lib/python3.12/site-packages/airflow/example_dags/example_task_group_decorator.py for tasks to queue
[2025-05-30T04:42:36.566+0000] {logging_mixin.py:188} INFO - [2025-05-30T04:42:36.565+0000] {dagbag.py:545} INFO - Filling up the DagBag from /home/airflow/.local/lib/python3.12/site-packages/airflow/example_dags/example_task_group_decorator.py
[2025-05-30T04:42:36.587+0000] {processor.py:840} INFO - DAG(s) 'example_task_group_decorator' retrieved from /home/airflow/.local/lib/python3.12/site-packages/airflow/example_dags/example_task_group_decorator.py
[2025-05-30T04:42:36.632+0000] {logging_mixin.py:188} INFO - [2025-05-30T04:42:36.631+0000] {dag.py:3096} INFO - Sync 1 DAGs
[2025-05-30T04:42:36.677+0000] {logging_mixin.py:188} INFO - [2025-05-30T04:42:36.676+0000] {dag.py:3954} INFO - Setting next_dagrun for example_task_group_decorator to 2025-05-29 00:00:00+00:00, run_after=2025-05-30 00:00:00+00:00
[2025-05-30T04:42:36.717+0000] {processor.py:183} INFO - Processing /home/airflow/.local/lib/python3.12/site-packages/airflow/example_dags/example_task_group_decorator.py took 0.167 seconds
[2025-05-30T04:43:06.861+0000] {processor.py:161} INFO - Started process (PID=1551) to work on /home/airflow/.local/lib/python3.12/site-packages/airflow/example_dags/example_task_group_decorator.py
[2025-05-30T04:43:06.862+0000] {processor.py:830} INFO - Processing file /home/airflow/.local/lib/python3.12/site-packages/airflow/example_dags/example_task_group_decorator.py for tasks to queue
[2025-05-30T04:43:06.863+0000] {logging_mixin.py:188} INFO - [2025-05-30T04:43:06.863+0000] {dagbag.py:545} INFO - Filling up the DagBag from /home/airflow/.local/lib/python3.12/site-packages/airflow/example_dags/example_task_group_decorator.py
[2025-05-30T04:43:06.877+0000] {processor.py:840} INFO - DAG(s) 'example_task_group_decorator' retrieved from /home/airflow/.local/lib/python3.12/site-packages/airflow/example_dags/example_task_group_decorator.py
[2025-05-30T04:43:06.899+0000] {logging_mixin.py:188} INFO - [2025-05-30T04:43:06.899+0000] {dag.py:3096} INFO - Sync 1 DAGs
[2025-05-30T04:43:06.919+0000] {logging_mixin.py:188} INFO - [2025-05-30T04:43:06.919+0000] {dag.py:3954} INFO - Setting next_dagrun for example_task_group_decorator to 2025-05-29 00:00:00+00:00, run_after=2025-05-30 00:00:00+00:00
[2025-05-30T04:43:06.934+0000] {processor.py:183} INFO - Processing /home/airflow/.local/lib/python3.12/site-packages/airflow/example_dags/example_task_group_decorator.py took 0.079 seconds
[2025-05-30T04:43:37.130+0000] {processor.py:161} INFO - Started process (PID=1823) to work on /home/airflow/.local/lib/python3.12/site-packages/airflow/example_dags/example_task_group_decorator.py
[2025-05-30T04:43:37.131+0000] {processor.py:830} INFO - Processing file /home/airflow/.local/lib/python3.12/site-packages/airflow/example_dags/example_task_group_decorator.py for tasks to queue
[2025-05-30T04:43:37.133+0000] {logging_mixin.py:188} INFO - [2025-05-30T04:43:37.132+0000] {dagbag.py:545} INFO - Filling up the DagBag from /home/airflow/.local/lib/python3.12/site-packages/airflow/example_dags/example_task_group_decorator.py
[2025-05-30T04:43:37.144+0000] {processor.py:840} INFO - DAG(s) 'example_task_group_decorator' retrieved from /home/airflow/.local/lib/python3.12/site-packages/airflow/example_dags/example_task_group_decorator.py
[2025-05-30T04:43:37.165+0000] {logging_mixin.py:188} INFO - [2025-05-30T04:43:37.164+0000] {dag.py:3096} INFO - Sync 1 DAGs
[2025-05-30T04:43:37.183+0000] {logging_mixin.py:188} INFO - [2025-05-30T04:43:37.183+0000] {dag.py:3954} INFO - Setting next_dagrun for example_task_group_decorator to 2025-05-29 00:00:00+00:00, run_after=2025-05-30 00:00:00+00:00
[2025-05-30T04:43:37.200+0000] {processor.py:183} INFO - Processing /home/airflow/.local/lib/python3.12/site-packages/airflow/example_dags/example_task_group_decorator.py took 0.074 seconds
[2025-05-30T04:44:07.825+0000] {processor.py:161} INFO - Started process (PID=2096) to work on /home/airflow/.local/lib/python3.12/site-packages/airflow/example_dags/example_task_group_decorator.py
[2025-05-30T04:44:07.826+0000] {processor.py:830} INFO - Processing file /home/airflow/.local/lib/python3.12/site-packages/airflow/example_dags/example_task_group_decorator.py for tasks to queue
[2025-05-30T04:44:07.828+0000] {logging_mixin.py:188} INFO - [2025-05-30T04:44:07.828+0000] {dagbag.py:545} INFO - Filling up the DagBag from /home/airflow/.local/lib/python3.12/site-packages/airflow/example_dags/example_task_group_decorator.py
[2025-05-30T04:44:07.841+0000] {processor.py:840} INFO - DAG(s) 'example_task_group_decorator' retrieved from /home/airflow/.local/lib/python3.12/site-packages/airflow/example_dags/example_task_group_decorator.py
[2025-05-30T04:44:07.865+0000] {logging_mixin.py:188} INFO - [2025-05-30T04:44:07.865+0000] {dag.py:3096} INFO - Sync 1 DAGs
[2025-05-30T04:44:07.895+0000] {logging_mixin.py:188} INFO - [2025-05-30T04:44:07.894+0000] {dag.py:3954} INFO - Setting next_dagrun for example_task_group_decorator to 2025-05-29 00:00:00+00:00, run_after=2025-05-30 00:00:00+00:00
[2025-05-30T04:44:07.918+0000] {processor.py:183} INFO - Processing /home/airflow/.local/lib/python3.12/site-packages/airflow/example_dags/example_task_group_decorator.py took 0.098 seconds
[2025-05-30T04:44:37.975+0000] {processor.py:161} INFO - Started process (PID=2369) to work on /home/airflow/.local/lib/python3.12/site-packages/airflow/example_dags/example_task_group_decorator.py
[2025-05-30T04:44:37.976+0000] {processor.py:830} INFO - Processing file /home/airflow/.local/lib/python3.12/site-packages/airflow/example_dags/example_task_group_decorator.py for tasks to queue
[2025-05-30T04:44:37.978+0000] {logging_mixin.py:188} INFO - [2025-05-30T04:44:37.977+0000] {dagbag.py:545} INFO - Filling up the DagBag from /home/airflow/.local/lib/python3.12/site-packages/airflow/example_dags/example_task_group_decorator.py
[2025-05-30T04:44:37.989+0000] {processor.py:840} INFO - DAG(s) 'example_task_group_decorator' retrieved from /home/airflow/.local/lib/python3.12/site-packages/airflow/example_dags/example_task_group_decorator.py
[2025-05-30T04:44:38.011+0000] {logging_mixin.py:188} INFO - [2025-05-30T04:44:38.010+0000] {dag.py:3096} INFO - Sync 1 DAGs
[2025-05-30T04:44:38.030+0000] {logging_mixin.py:188} INFO - [2025-05-30T04:44:38.029+0000] {dag.py:3954} INFO - Setting next_dagrun for example_task_group_decorator to 2025-05-29 00:00:00+00:00, run_after=2025-05-30 00:00:00+00:00
[2025-05-30T04:44:38.049+0000] {processor.py:183} INFO - Processing /home/airflow/.local/lib/python3.12/site-packages/airflow/example_dags/example_task_group_decorator.py took 0.079 seconds
[2025-05-30T04:45:08.671+0000] {processor.py:161} INFO - Started process (PID=2642) to work on /home/airflow/.local/lib/python3.12/site-packages/airflow/example_dags/example_task_group_decorator.py
[2025-05-30T04:45:08.672+0000] {processor.py:830} INFO - Processing file /home/airflow/.local/lib/python3.12/site-packages/airflow/example_dags/example_task_group_decorator.py for tasks to queue
[2025-05-30T04:45:08.674+0000] {logging_mixin.py:188} INFO - [2025-05-30T04:45:08.673+0000] {dagbag.py:545} INFO - Filling up the DagBag from /home/airflow/.local/lib/python3.12/site-packages/airflow/example_dags/example_task_group_decorator.py
[2025-05-30T04:45:08.685+0000] {processor.py:840} INFO - DAG(s) 'example_task_group_decorator' retrieved from /home/airflow/.local/lib/python3.12/site-packages/airflow/example_dags/example_task_group_decorator.py
[2025-05-30T04:45:08.714+0000] {logging_mixin.py:188} INFO - [2025-05-30T04:45:08.714+0000] {dag.py:3096} INFO - Sync 1 DAGs
[2025-05-30T04:45:08.737+0000] {logging_mixin.py:188} INFO - [2025-05-30T04:45:08.736+0000] {dag.py:3954} INFO - Setting next_dagrun for example_task_group_decorator to 2025-05-29 00:00:00+00:00, run_after=2025-05-30 00:00:00+00:00
[2025-05-30T04:45:08.754+0000] {processor.py:183} INFO - Processing /home/airflow/.local/lib/python3.12/site-packages/airflow/example_dags/example_task_group_decorator.py took 0.087 seconds
[2025-05-30T04:45:39.742+0000] {processor.py:161} INFO - Started process (PID=2915) to work on /home/airflow/.local/lib/python3.12/site-packages/airflow/example_dags/example_task_group_decorator.py
[2025-05-30T04:45:39.743+0000] {processor.py:830} INFO - Processing file /home/airflow/.local/lib/python3.12/site-packages/airflow/example_dags/example_task_group_decorator.py for tasks to queue
[2025-05-30T04:45:39.745+0000] {logging_mixin.py:188} INFO - [2025-05-30T04:45:39.744+0000] {dagbag.py:545} INFO - Filling up the DagBag from /home/airflow/.local/lib/python3.12/site-packages/airflow/example_dags/example_task_group_decorator.py
[2025-05-30T04:45:39.763+0000] {processor.py:840} INFO - DAG(s) 'example_task_group_decorator' retrieved from /home/airflow/.local/lib/python3.12/site-packages/airflow/example_dags/example_task_group_decorator.py
[2025-05-30T04:45:39.790+0000] {logging_mixin.py:188} INFO - [2025-05-30T04:45:39.789+0000] {dag.py:3096} INFO - Sync 1 DAGs
[2025-05-30T04:45:39.814+0000] {logging_mixin.py:188} INFO - [2025-05-30T04:45:39.814+0000] {dag.py:3954} INFO - Setting next_dagrun for example_task_group_decorator to 2025-05-29 00:00:00+00:00, run_after=2025-05-30 00:00:00+00:00
[2025-05-30T04:45:39.837+0000] {processor.py:183} INFO - Processing /home/airflow/.local/lib/python3.12/site-packages/airflow/example_dags/example_task_group_decorator.py took 0.103 seconds
[2025-05-30T04:46:10.312+0000] {processor.py:161} INFO - Started process (PID=3187) to work on /home/airflow/.local/lib/python3.12/site-packages/airflow/example_dags/example_task_group_decorator.py
[2025-05-30T04:46:10.317+0000] {processor.py:830} INFO - Processing file /home/airflow/.local/lib/python3.12/site-packages/airflow/example_dags/example_task_group_decorator.py for tasks to queue
[2025-05-30T04:46:10.354+0000] {logging_mixin.py:188} INFO - [2025-05-30T04:46:10.347+0000] {dagbag.py:545} INFO - Filling up the DagBag from /home/airflow/.local/lib/python3.12/site-packages/airflow/example_dags/example_task_group_decorator.py
[2025-05-30T04:46:10.439+0000] {processor.py:840} INFO - DAG(s) 'example_task_group_decorator' retrieved from /home/airflow/.local/lib/python3.12/site-packages/airflow/example_dags/example_task_group_decorator.py
[2025-05-30T04:46:10.501+0000] {logging_mixin.py:188} INFO - [2025-05-30T04:46:10.500+0000] {dag.py:3096} INFO - Sync 1 DAGs
[2025-05-30T04:46:10.580+0000] {logging_mixin.py:188} INFO - [2025-05-30T04:46:10.579+0000] {dag.py:3954} INFO - Setting next_dagrun for example_task_group_decorator to 2025-05-29 00:00:00+00:00, run_after=2025-05-30 00:00:00+00:00
[2025-05-30T04:46:10.661+0000] {processor.py:183} INFO - Processing /home/airflow/.local/lib/python3.12/site-packages/airflow/example_dags/example_task_group_decorator.py took 0.366 seconds
[2025-05-30T04:46:40.964+0000] {processor.py:161} INFO - Started process (PID=3457) to work on /home/airflow/.local/lib/python3.12/site-packages/airflow/example_dags/example_task_group_decorator.py
[2025-05-30T04:46:40.965+0000] {processor.py:830} INFO - Processing file /home/airflow/.local/lib/python3.12/site-packages/airflow/example_dags/example_task_group_decorator.py for tasks to queue
[2025-05-30T04:46:40.967+0000] {logging_mixin.py:188} INFO - [2025-05-30T04:46:40.966+0000] {dagbag.py:545} INFO - Filling up the DagBag from /home/airflow/.local/lib/python3.12/site-packages/airflow/example_dags/example_task_group_decorator.py
[2025-05-30T04:46:40.980+0000] {processor.py:840} INFO - DAG(s) 'example_task_group_decorator' retrieved from /home/airflow/.local/lib/python3.12/site-packages/airflow/example_dags/example_task_group_decorator.py
[2025-05-30T04:46:40.991+0000] {logging_mixin.py:188} INFO - [2025-05-30T04:46:40.990+0000] {dag.py:3096} INFO - Sync 1 DAGs
[2025-05-30T04:46:41.015+0000] {logging_mixin.py:188} INFO - [2025-05-30T04:46:41.014+0000] {dag.py:3954} INFO - Setting next_dagrun for example_task_group_decorator to 2025-05-29 00:00:00+00:00, run_after=2025-05-30 00:00:00+00:00
[2025-05-30T04:46:41.030+0000] {processor.py:183} INFO - Processing /home/airflow/.local/lib/python3.12/site-packages/airflow/example_dags/example_task_group_decorator.py took 0.071 seconds
[2025-05-30T04:47:12.006+0000] {processor.py:161} INFO - Started process (PID=3727) to work on /home/airflow/.local/lib/python3.12/site-packages/airflow/example_dags/example_task_group_decorator.py
[2025-05-30T04:47:12.006+0000] {processor.py:830} INFO - Processing file /home/airflow/.local/lib/python3.12/site-packages/airflow/example_dags/example_task_group_decorator.py for tasks to queue
[2025-05-30T04:47:12.008+0000] {logging_mixin.py:188} INFO - [2025-05-30T04:47:12.008+0000] {dagbag.py:545} INFO - Filling up the DagBag from /home/airflow/.local/lib/python3.12/site-packages/airflow/example_dags/example_task_group_decorator.py
[2025-05-30T04:47:12.021+0000] {processor.py:840} INFO - DAG(s) 'example_task_group_decorator' retrieved from /home/airflow/.local/lib/python3.12/site-packages/airflow/example_dags/example_task_group_decorator.py
[2025-05-30T04:47:12.123+0000] {logging_mixin.py:188} INFO - [2025-05-30T04:47:12.123+0000] {dag.py:3096} INFO - Sync 1 DAGs
[2025-05-30T04:47:12.251+0000] {logging_mixin.py:188} INFO - [2025-05-30T04:47:12.251+0000] {dag.py:3954} INFO - Setting next_dagrun for example_task_group_decorator to 2025-05-29 00:00:00+00:00, run_after=2025-05-30 00:00:00+00:00
[2025-05-30T04:47:12.277+0000] {processor.py:183} INFO - Processing /home/airflow/.local/lib/python3.12/site-packages/airflow/example_dags/example_task_group_decorator.py took 0.276 seconds
[2025-05-30T04:47:42.453+0000] {processor.py:161} INFO - Started process (PID=4000) to work on /home/airflow/.local/lib/python3.12/site-packages/airflow/example_dags/example_task_group_decorator.py
[2025-05-30T04:47:42.454+0000] {processor.py:830} INFO - Processing file /home/airflow/.local/lib/python3.12/site-packages/airflow/example_dags/example_task_group_decorator.py for tasks to queue
[2025-05-30T04:47:42.456+0000] {logging_mixin.py:188} INFO - [2025-05-30T04:47:42.456+0000] {dagbag.py:545} INFO - Filling up the DagBag from /home/airflow/.local/lib/python3.12/site-packages/airflow/example_dags/example_task_group_decorator.py
[2025-05-30T04:47:42.470+0000] {processor.py:840} INFO - DAG(s) 'example_task_group_decorator' retrieved from /home/airflow/.local/lib/python3.12/site-packages/airflow/example_dags/example_task_group_decorator.py
[2025-05-30T04:47:42.495+0000] {logging_mixin.py:188} INFO - [2025-05-30T04:47:42.495+0000] {dag.py:3096} INFO - Sync 1 DAGs
[2025-05-30T04:47:42.522+0000] {logging_mixin.py:188} INFO - [2025-05-30T04:47:42.521+0000] {dag.py:3954} INFO - Setting next_dagrun for example_task_group_decorator to 2025-05-29 00:00:00+00:00, run_after=2025-05-30 00:00:00+00:00
[2025-05-30T04:47:42.542+0000] {processor.py:183} INFO - Processing /home/airflow/.local/lib/python3.12/site-packages/airflow/example_dags/example_task_group_decorator.py took 0.095 seconds
[2025-05-30T04:48:12.699+0000] {processor.py:161} INFO - Started process (PID=4273) to work on /home/airflow/.local/lib/python3.12/site-packages/airflow/example_dags/example_task_group_decorator.py
[2025-05-30T04:48:12.700+0000] {processor.py:830} INFO - Processing file /home/airflow/.local/lib/python3.12/site-packages/airflow/example_dags/example_task_group_decorator.py for tasks to queue
[2025-05-30T04:48:12.702+0000] {logging_mixin.py:188} INFO - [2025-05-30T04:48:12.701+0000] {dagbag.py:545} INFO - Filling up the DagBag from /home/airflow/.local/lib/python3.12/site-packages/airflow/example_dags/example_task_group_decorator.py
[2025-05-30T04:48:12.715+0000] {processor.py:840} INFO - DAG(s) 'example_task_group_decorator' retrieved from /home/airflow/.local/lib/python3.12/site-packages/airflow/example_dags/example_task_group_decorator.py
[2025-05-30T04:48:12.735+0000] {logging_mixin.py:188} INFO - [2025-05-30T04:48:12.735+0000] {dag.py:3096} INFO - Sync 1 DAGs
[2025-05-30T04:48:12.754+0000] {logging_mixin.py:188} INFO - [2025-05-30T04:48:12.754+0000] {dag.py:3954} INFO - Setting next_dagrun for example_task_group_decorator to 2025-05-29 00:00:00+00:00, run_after=2025-05-30 00:00:00+00:00
[2025-05-30T04:48:12.770+0000] {processor.py:183} INFO - Processing /home/airflow/.local/lib/python3.12/site-packages/airflow/example_dags/example_task_group_decorator.py took 0.076 seconds
[2025-05-30T04:48:43.022+0000] {processor.py:161} INFO - Started process (PID=4546) to work on /home/airflow/.local/lib/python3.12/site-packages/airflow/example_dags/example_task_group_decorator.py
[2025-05-30T04:48:43.023+0000] {processor.py:830} INFO - Processing file /home/airflow/.local/lib/python3.12/site-packages/airflow/example_dags/example_task_group_decorator.py for tasks to queue
[2025-05-30T04:48:43.025+0000] {logging_mixin.py:188} INFO - [2025-05-30T04:48:43.025+0000] {dagbag.py:545} INFO - Filling up the DagBag from /home/airflow/.local/lib/python3.12/site-packages/airflow/example_dags/example_task_group_decorator.py
[2025-05-30T04:48:43.038+0000] {processor.py:840} INFO - DAG(s) 'example_task_group_decorator' retrieved from /home/airflow/.local/lib/python3.12/site-packages/airflow/example_dags/example_task_group_decorator.py
[2025-05-30T04:48:43.059+0000] {logging_mixin.py:188} INFO - [2025-05-30T04:48:43.059+0000] {dag.py:3096} INFO - Sync 1 DAGs
[2025-05-30T04:48:43.088+0000] {logging_mixin.py:188} INFO - [2025-05-30T04:48:43.087+0000] {dag.py:3954} INFO - Setting next_dagrun for example_task_group_decorator to 2025-05-29 00:00:00+00:00, run_after=2025-05-30 00:00:00+00:00
[2025-05-30T04:48:43.107+0000] {processor.py:183} INFO - Processing /home/airflow/.local/lib/python3.12/site-packages/airflow/example_dags/example_task_group_decorator.py took 0.090 seconds
[2025-05-30T04:49:13.971+0000] {processor.py:161} INFO - Started process (PID=4819) to work on /home/airflow/.local/lib/python3.12/site-packages/airflow/example_dags/example_task_group_decorator.py
[2025-05-30T04:49:13.972+0000] {processor.py:830} INFO - Processing file /home/airflow/.local/lib/python3.12/site-packages/airflow/example_dags/example_task_group_decorator.py for tasks to queue
[2025-05-30T04:49:13.974+0000] {logging_mixin.py:188} INFO - [2025-05-30T04:49:13.973+0000] {dagbag.py:545} INFO - Filling up the DagBag from /home/airflow/.local/lib/python3.12/site-packages/airflow/example_dags/example_task_group_decorator.py
[2025-05-30T04:49:13.985+0000] {processor.py:840} INFO - DAG(s) 'example_task_group_decorator' retrieved from /home/airflow/.local/lib/python3.12/site-packages/airflow/example_dags/example_task_group_decorator.py
[2025-05-30T04:49:14.005+0000] {logging_mixin.py:188} INFO - [2025-05-30T04:49:14.004+0000] {dag.py:3096} INFO - Sync 1 DAGs
[2025-05-30T04:49:14.022+0000] {logging_mixin.py:188} INFO - [2025-05-30T04:49:14.022+0000] {dag.py:3954} INFO - Setting next_dagrun for example_task_group_decorator to 2025-05-29 00:00:00+00:00, run_after=2025-05-30 00:00:00+00:00
[2025-05-30T04:49:14.036+0000] {processor.py:183} INFO - Processing /home/airflow/.local/lib/python3.12/site-packages/airflow/example_dags/example_task_group_decorator.py took 0.071 seconds
[2025-05-30T05:20:43.915+0000] {processor.py:161} INFO - Started process (PID=5120) to work on /home/airflow/.local/lib/python3.12/site-packages/airflow/example_dags/example_task_group_decorator.py
[2025-05-30T05:20:43.916+0000] {processor.py:830} INFO - Processing file /home/airflow/.local/lib/python3.12/site-packages/airflow/example_dags/example_task_group_decorator.py for tasks to queue
[2025-05-30T05:20:43.918+0000] {logging_mixin.py:188} INFO - [2025-05-30T05:20:43.918+0000] {dagbag.py:545} INFO - Filling up the DagBag from /home/airflow/.local/lib/python3.12/site-packages/airflow/example_dags/example_task_group_decorator.py
[2025-05-30T05:20:43.930+0000] {processor.py:840} INFO - DAG(s) 'example_task_group_decorator' retrieved from /home/airflow/.local/lib/python3.12/site-packages/airflow/example_dags/example_task_group_decorator.py
[2025-05-30T05:20:43.952+0000] {logging_mixin.py:188} INFO - [2025-05-30T05:20:43.951+0000] {dag.py:3096} INFO - Sync 1 DAGs
[2025-05-30T05:20:43.980+0000] {logging_mixin.py:188} INFO - [2025-05-30T05:20:43.979+0000] {dag.py:3954} INFO - Setting next_dagrun for example_task_group_decorator to 2025-05-29 00:00:00+00:00, run_after=2025-05-30 00:00:00+00:00
[2025-05-30T05:20:44.128+0000] {processor.py:183} INFO - Processing /home/airflow/.local/lib/python3.12/site-packages/airflow/example_dags/example_task_group_decorator.py took 0.217 seconds
[2025-05-30T05:21:15.090+0000] {processor.py:161} INFO - Started process (PID=5395) to work on /home/airflow/.local/lib/python3.12/site-packages/airflow/example_dags/example_task_group_decorator.py
[2025-05-30T05:21:15.091+0000] {processor.py:830} INFO - Processing file /home/airflow/.local/lib/python3.12/site-packages/airflow/example_dags/example_task_group_decorator.py for tasks to queue
[2025-05-30T05:21:15.093+0000] {logging_mixin.py:188} INFO - [2025-05-30T05:21:15.093+0000] {dagbag.py:545} INFO - Filling up the DagBag from /home/airflow/.local/lib/python3.12/site-packages/airflow/example_dags/example_task_group_decorator.py
[2025-05-30T05:21:15.107+0000] {processor.py:840} INFO - DAG(s) 'example_task_group_decorator' retrieved from /home/airflow/.local/lib/python3.12/site-packages/airflow/example_dags/example_task_group_decorator.py
[2025-05-30T05:21:15.138+0000] {logging_mixin.py:188} INFO - [2025-05-30T05:21:15.137+0000] {dag.py:3096} INFO - Sync 1 DAGs
[2025-05-30T05:21:15.167+0000] {logging_mixin.py:188} INFO - [2025-05-30T05:21:15.166+0000] {dag.py:3954} INFO - Setting next_dagrun for example_task_group_decorator to 2025-05-29 00:00:00+00:00, run_after=2025-05-30 00:00:00+00:00
[2025-05-30T05:21:15.189+0000] {processor.py:183} INFO - Processing /home/airflow/.local/lib/python3.12/site-packages/airflow/example_dags/example_task_group_decorator.py took 0.104 seconds
[2025-05-30T05:21:45.882+0000] {processor.py:161} INFO - Started process (PID=5666) to work on /home/airflow/.local/lib/python3.12/site-packages/airflow/example_dags/example_task_group_decorator.py
[2025-05-30T05:21:45.883+0000] {processor.py:830} INFO - Processing file /home/airflow/.local/lib/python3.12/site-packages/airflow/example_dags/example_task_group_decorator.py for tasks to queue
[2025-05-30T05:21:45.885+0000] {logging_mixin.py:188} INFO - [2025-05-30T05:21:45.884+0000] {dagbag.py:545} INFO - Filling up the DagBag from /home/airflow/.local/lib/python3.12/site-packages/airflow/example_dags/example_task_group_decorator.py
[2025-05-30T05:21:45.896+0000] {processor.py:840} INFO - DAG(s) 'example_task_group_decorator' retrieved from /home/airflow/.local/lib/python3.12/site-packages/airflow/example_dags/example_task_group_decorator.py
[2025-05-30T05:21:45.917+0000] {logging_mixin.py:188} INFO - [2025-05-30T05:21:45.916+0000] {dag.py:3096} INFO - Sync 1 DAGs
[2025-05-30T05:21:45.937+0000] {logging_mixin.py:188} INFO - [2025-05-30T05:21:45.937+0000] {dag.py:3954} INFO - Setting next_dagrun for example_task_group_decorator to 2025-05-29 00:00:00+00:00, run_after=2025-05-30 00:00:00+00:00
[2025-05-30T05:21:45.953+0000] {processor.py:183} INFO - Processing /home/airflow/.local/lib/python3.12/site-packages/airflow/example_dags/example_task_group_decorator.py took 0.077 seconds
[2025-05-30T05:22:16.865+0000] {processor.py:161} INFO - Started process (PID=5939) to work on /home/airflow/.local/lib/python3.12/site-packages/airflow/example_dags/example_task_group_decorator.py
[2025-05-30T05:22:16.866+0000] {processor.py:830} INFO - Processing file /home/airflow/.local/lib/python3.12/site-packages/airflow/example_dags/example_task_group_decorator.py for tasks to queue
[2025-05-30T05:22:16.868+0000] {logging_mixin.py:188} INFO - [2025-05-30T05:22:16.868+0000] {dagbag.py:545} INFO - Filling up the DagBag from /home/airflow/.local/lib/python3.12/site-packages/airflow/example_dags/example_task_group_decorator.py
[2025-05-30T05:22:16.882+0000] {processor.py:840} INFO - DAG(s) 'example_task_group_decorator' retrieved from /home/airflow/.local/lib/python3.12/site-packages/airflow/example_dags/example_task_group_decorator.py
[2025-05-30T05:22:16.904+0000] {logging_mixin.py:188} INFO - [2025-05-30T05:22:16.904+0000] {dag.py:3096} INFO - Sync 1 DAGs
[2025-05-30T05:22:16.925+0000] {logging_mixin.py:188} INFO - [2025-05-30T05:22:16.925+0000] {dag.py:3954} INFO - Setting next_dagrun for example_task_group_decorator to 2025-05-29 00:00:00+00:00, run_after=2025-05-30 00:00:00+00:00
[2025-05-30T05:22:16.942+0000] {processor.py:183} INFO - Processing /home/airflow/.local/lib/python3.12/site-packages/airflow/example_dags/example_task_group_decorator.py took 0.083 seconds
[2025-05-30T05:22:48.159+0000] {processor.py:161} INFO - Started process (PID=6212) to work on /home/airflow/.local/lib/python3.12/site-packages/airflow/example_dags/example_task_group_decorator.py
[2025-05-30T05:22:48.161+0000] {processor.py:830} INFO - Processing file /home/airflow/.local/lib/python3.12/site-packages/airflow/example_dags/example_task_group_decorator.py for tasks to queue
[2025-05-30T05:22:48.163+0000] {logging_mixin.py:188} INFO - [2025-05-30T05:22:48.163+0000] {dagbag.py:545} INFO - Filling up the DagBag from /home/airflow/.local/lib/python3.12/site-packages/airflow/example_dags/example_task_group_decorator.py
[2025-05-30T05:22:48.184+0000] {processor.py:840} INFO - DAG(s) 'example_task_group_decorator' retrieved from /home/airflow/.local/lib/python3.12/site-packages/airflow/example_dags/example_task_group_decorator.py
[2025-05-30T05:22:48.212+0000] {logging_mixin.py:188} INFO - [2025-05-30T05:22:48.211+0000] {dag.py:3096} INFO - Sync 1 DAGs
[2025-05-30T05:22:48.236+0000] {logging_mixin.py:188} INFO - [2025-05-30T05:22:48.236+0000] {dag.py:3954} INFO - Setting next_dagrun for example_task_group_decorator to 2025-05-29 00:00:00+00:00, run_after=2025-05-30 00:00:00+00:00
[2025-05-30T05:22:48.262+0000] {processor.py:183} INFO - Processing /home/airflow/.local/lib/python3.12/site-packages/airflow/example_dags/example_task_group_decorator.py took 0.110 seconds
[2025-05-30T05:23:18.922+0000] {processor.py:161} INFO - Started process (PID=6485) to work on /home/airflow/.local/lib/python3.12/site-packages/airflow/example_dags/example_task_group_decorator.py
[2025-05-30T05:23:18.923+0000] {processor.py:830} INFO - Processing file /home/airflow/.local/lib/python3.12/site-packages/airflow/example_dags/example_task_group_decorator.py for tasks to queue
[2025-05-30T05:23:18.925+0000] {logging_mixin.py:188} INFO - [2025-05-30T05:23:18.925+0000] {dagbag.py:545} INFO - Filling up the DagBag from /home/airflow/.local/lib/python3.12/site-packages/airflow/example_dags/example_task_group_decorator.py
[2025-05-30T05:23:18.936+0000] {processor.py:840} INFO - DAG(s) 'example_task_group_decorator' retrieved from /home/airflow/.local/lib/python3.12/site-packages/airflow/example_dags/example_task_group_decorator.py
[2025-05-30T05:23:18.957+0000] {logging_mixin.py:188} INFO - [2025-05-30T05:23:18.957+0000] {dag.py:3096} INFO - Sync 1 DAGs
[2025-05-30T05:23:18.982+0000] {logging_mixin.py:188} INFO - [2025-05-30T05:23:18.981+0000] {dag.py:3954} INFO - Setting next_dagrun for example_task_group_decorator to 2025-05-29 00:00:00+00:00, run_after=2025-05-30 00:00:00+00:00
[2025-05-30T05:23:19.108+0000] {processor.py:183} INFO - Processing /home/airflow/.local/lib/python3.12/site-packages/airflow/example_dags/example_task_group_decorator.py took 0.190 seconds
[2025-05-30T05:23:49.447+0000] {processor.py:161} INFO - Started process (PID=6758) to work on /home/airflow/.local/lib/python3.12/site-packages/airflow/example_dags/example_task_group_decorator.py
[2025-05-30T05:23:49.448+0000] {processor.py:830} INFO - Processing file /home/airflow/.local/lib/python3.12/site-packages/airflow/example_dags/example_task_group_decorator.py for tasks to queue
[2025-05-30T05:23:49.449+0000] {logging_mixin.py:188} INFO - [2025-05-30T05:23:49.449+0000] {dagbag.py:545} INFO - Filling up the DagBag from /home/airflow/.local/lib/python3.12/site-packages/airflow/example_dags/example_task_group_decorator.py
[2025-05-30T05:23:49.461+0000] {processor.py:840} INFO - DAG(s) 'example_task_group_decorator' retrieved from /home/airflow/.local/lib/python3.12/site-packages/airflow/example_dags/example_task_group_decorator.py
[2025-05-30T05:23:49.484+0000] {logging_mixin.py:188} INFO - [2025-05-30T05:23:49.483+0000] {dag.py:3096} INFO - Sync 1 DAGs
[2025-05-30T05:23:49.505+0000] {logging_mixin.py:188} INFO - [2025-05-30T05:23:49.505+0000] {dag.py:3954} INFO - Setting next_dagrun for example_task_group_decorator to 2025-05-29 00:00:00+00:00, run_after=2025-05-30 00:00:00+00:00
[2025-05-30T05:23:49.522+0000] {processor.py:183} INFO - Processing /home/airflow/.local/lib/python3.12/site-packages/airflow/example_dags/example_task_group_decorator.py took 0.080 seconds
[2025-05-30T05:24:19.966+0000] {processor.py:161} INFO - Started process (PID=7030) to work on /home/airflow/.local/lib/python3.12/site-packages/airflow/example_dags/example_task_group_decorator.py
[2025-05-30T05:24:19.967+0000] {processor.py:830} INFO - Processing file /home/airflow/.local/lib/python3.12/site-packages/airflow/example_dags/example_task_group_decorator.py for tasks to queue
[2025-05-30T05:24:19.969+0000] {logging_mixin.py:188} INFO - [2025-05-30T05:24:19.969+0000] {dagbag.py:545} INFO - Filling up the DagBag from /home/airflow/.local/lib/python3.12/site-packages/airflow/example_dags/example_task_group_decorator.py
[2025-05-30T05:24:20.120+0000] {processor.py:840} INFO - DAG(s) 'example_task_group_decorator' retrieved from /home/airflow/.local/lib/python3.12/site-packages/airflow/example_dags/example_task_group_decorator.py
[2025-05-30T05:24:20.150+0000] {logging_mixin.py:188} INFO - [2025-05-30T05:24:20.149+0000] {dag.py:3096} INFO - Sync 1 DAGs
[2025-05-30T05:24:20.174+0000] {logging_mixin.py:188} INFO - [2025-05-30T05:24:20.174+0000] {dag.py:3954} INFO - Setting next_dagrun for example_task_group_decorator to 2025-05-29 00:00:00+00:00, run_after=2025-05-30 00:00:00+00:00
[2025-05-30T05:24:20.208+0000] {processor.py:183} INFO - Processing /home/airflow/.local/lib/python3.12/site-packages/airflow/example_dags/example_task_group_decorator.py took 0.247 seconds
[2025-05-30T05:24:50.287+0000] {processor.py:161} INFO - Started process (PID=7300) to work on /home/airflow/.local/lib/python3.12/site-packages/airflow/example_dags/example_task_group_decorator.py
[2025-05-30T05:24:50.288+0000] {processor.py:830} INFO - Processing file /home/airflow/.local/lib/python3.12/site-packages/airflow/example_dags/example_task_group_decorator.py for tasks to queue
[2025-05-30T05:24:50.290+0000] {logging_mixin.py:188} INFO - [2025-05-30T05:24:50.290+0000] {dagbag.py:545} INFO - Filling up the DagBag from /home/airflow/.local/lib/python3.12/site-packages/airflow/example_dags/example_task_group_decorator.py
[2025-05-30T05:24:50.306+0000] {processor.py:840} INFO - DAG(s) 'example_task_group_decorator' retrieved from /home/airflow/.local/lib/python3.12/site-packages/airflow/example_dags/example_task_group_decorator.py
[2025-05-30T05:24:50.327+0000] {logging_mixin.py:188} INFO - [2025-05-30T05:24:50.327+0000] {dag.py:3096} INFO - Sync 1 DAGs
[2025-05-30T05:24:50.348+0000] {logging_mixin.py:188} INFO - [2025-05-30T05:24:50.347+0000] {dag.py:3954} INFO - Setting next_dagrun for example_task_group_decorator to 2025-05-29 00:00:00+00:00, run_after=2025-05-30 00:00:00+00:00
[2025-05-30T05:24:50.370+0000] {processor.py:183} INFO - Processing /home/airflow/.local/lib/python3.12/site-packages/airflow/example_dags/example_task_group_decorator.py took 0.090 seconds
[2025-05-30T05:25:20.406+0000] {processor.py:161} INFO - Started process (PID=7573) to work on /home/airflow/.local/lib/python3.12/site-packages/airflow/example_dags/example_task_group_decorator.py
[2025-05-30T05:25:20.407+0000] {processor.py:830} INFO - Processing file /home/airflow/.local/lib/python3.12/site-packages/airflow/example_dags/example_task_group_decorator.py for tasks to queue
[2025-05-30T05:25:20.408+0000] {logging_mixin.py:188} INFO - [2025-05-30T05:25:20.408+0000] {dagbag.py:545} INFO - Filling up the DagBag from /home/airflow/.local/lib/python3.12/site-packages/airflow/example_dags/example_task_group_decorator.py
[2025-05-30T05:25:20.420+0000] {processor.py:840} INFO - DAG(s) 'example_task_group_decorator' retrieved from /home/airflow/.local/lib/python3.12/site-packages/airflow/example_dags/example_task_group_decorator.py
[2025-05-30T05:25:20.440+0000] {logging_mixin.py:188} INFO - [2025-05-30T05:25:20.440+0000] {dag.py:3096} INFO - Sync 1 DAGs
[2025-05-30T05:25:20.459+0000] {logging_mixin.py:188} INFO - [2025-05-30T05:25:20.459+0000] {dag.py:3954} INFO - Setting next_dagrun for example_task_group_decorator to 2025-05-29 00:00:00+00:00, run_after=2025-05-30 00:00:00+00:00
[2025-05-30T05:25:20.475+0000] {processor.py:183} INFO - Processing /home/airflow/.local/lib/python3.12/site-packages/airflow/example_dags/example_task_group_decorator.py took 0.074 seconds
[2025-05-30T05:25:51.359+0000] {processor.py:161} INFO - Started process (PID=7844) to work on /home/airflow/.local/lib/python3.12/site-packages/airflow/example_dags/example_task_group_decorator.py
[2025-05-30T05:25:51.360+0000] {processor.py:830} INFO - Processing file /home/airflow/.local/lib/python3.12/site-packages/airflow/example_dags/example_task_group_decorator.py for tasks to queue
[2025-05-30T05:25:51.362+0000] {logging_mixin.py:188} INFO - [2025-05-30T05:25:51.361+0000] {dagbag.py:545} INFO - Filling up the DagBag from /home/airflow/.local/lib/python3.12/site-packages/airflow/example_dags/example_task_group_decorator.py
[2025-05-30T05:25:51.375+0000] {processor.py:840} INFO - DAG(s) 'example_task_group_decorator' retrieved from /home/airflow/.local/lib/python3.12/site-packages/airflow/example_dags/example_task_group_decorator.py
[2025-05-30T05:25:51.401+0000] {logging_mixin.py:188} INFO - [2025-05-30T05:25:51.400+0000] {dag.py:3096} INFO - Sync 1 DAGs
[2025-05-30T05:25:51.422+0000] {logging_mixin.py:188} INFO - [2025-05-30T05:25:51.422+0000] {dag.py:3954} INFO - Setting next_dagrun for example_task_group_decorator to 2025-05-29 00:00:00+00:00, run_after=2025-05-30 00:00:00+00:00
[2025-05-30T05:25:51.438+0000] {processor.py:183} INFO - Processing /home/airflow/.local/lib/python3.12/site-packages/airflow/example_dags/example_task_group_decorator.py took 0.085 seconds
[2025-05-30T05:26:22.094+0000] {processor.py:161} INFO - Started process (PID=8117) to work on /home/airflow/.local/lib/python3.12/site-packages/airflow/example_dags/example_task_group_decorator.py
[2025-05-30T05:26:22.095+0000] {processor.py:830} INFO - Processing file /home/airflow/.local/lib/python3.12/site-packages/airflow/example_dags/example_task_group_decorator.py for tasks to queue
[2025-05-30T05:26:22.097+0000] {logging_mixin.py:188} INFO - [2025-05-30T05:26:22.097+0000] {dagbag.py:545} INFO - Filling up the DagBag from /home/airflow/.local/lib/python3.12/site-packages/airflow/example_dags/example_task_group_decorator.py
[2025-05-30T05:26:22.116+0000] {processor.py:840} INFO - DAG(s) 'example_task_group_decorator' retrieved from /home/airflow/.local/lib/python3.12/site-packages/airflow/example_dags/example_task_group_decorator.py
[2025-05-30T05:26:22.145+0000] {logging_mixin.py:188} INFO - [2025-05-30T05:26:22.145+0000] {dag.py:3096} INFO - Sync 1 DAGs
[2025-05-30T05:26:22.168+0000] {logging_mixin.py:188} INFO - [2025-05-30T05:26:22.167+0000] {dag.py:3954} INFO - Setting next_dagrun for example_task_group_decorator to 2025-05-29 00:00:00+00:00, run_after=2025-05-30 00:00:00+00:00
[2025-05-30T05:26:22.187+0000] {processor.py:183} INFO - Processing /home/airflow/.local/lib/python3.12/site-packages/airflow/example_dags/example_task_group_decorator.py took 0.099 seconds
[2025-05-30T05:26:52.420+0000] {processor.py:161} INFO - Started process (PID=8389) to work on /home/airflow/.local/lib/python3.12/site-packages/airflow/example_dags/example_task_group_decorator.py
[2025-05-30T05:26:52.421+0000] {processor.py:830} INFO - Processing file /home/airflow/.local/lib/python3.12/site-packages/airflow/example_dags/example_task_group_decorator.py for tasks to queue
[2025-05-30T05:26:52.423+0000] {logging_mixin.py:188} INFO - [2025-05-30T05:26:52.423+0000] {dagbag.py:545} INFO - Filling up the DagBag from /home/airflow/.local/lib/python3.12/site-packages/airflow/example_dags/example_task_group_decorator.py
[2025-05-30T05:26:52.443+0000] {processor.py:840} INFO - DAG(s) 'example_task_group_decorator' retrieved from /home/airflow/.local/lib/python3.12/site-packages/airflow/example_dags/example_task_group_decorator.py
[2025-05-30T05:26:52.466+0000] {logging_mixin.py:188} INFO - [2025-05-30T05:26:52.466+0000] {dag.py:3096} INFO - Sync 1 DAGs
[2025-05-30T05:26:52.489+0000] {logging_mixin.py:188} INFO - [2025-05-30T05:26:52.489+0000] {dag.py:3954} INFO - Setting next_dagrun for example_task_group_decorator to 2025-05-29 00:00:00+00:00, run_after=2025-05-30 00:00:00+00:00
[2025-05-30T05:26:52.509+0000] {processor.py:183} INFO - Processing /home/airflow/.local/lib/python3.12/site-packages/airflow/example_dags/example_task_group_decorator.py took 0.097 seconds
[2025-05-30T05:27:22.963+0000] {processor.py:161} INFO - Started process (PID=8662) to work on /home/airflow/.local/lib/python3.12/site-packages/airflow/example_dags/example_task_group_decorator.py
[2025-05-30T05:27:22.964+0000] {processor.py:830} INFO - Processing file /home/airflow/.local/lib/python3.12/site-packages/airflow/example_dags/example_task_group_decorator.py for tasks to queue
[2025-05-30T05:27:22.966+0000] {logging_mixin.py:188} INFO - [2025-05-30T05:27:22.966+0000] {dagbag.py:545} INFO - Filling up the DagBag from /home/airflow/.local/lib/python3.12/site-packages/airflow/example_dags/example_task_group_decorator.py
[2025-05-30T05:27:22.982+0000] {processor.py:840} INFO - DAG(s) 'example_task_group_decorator' retrieved from /home/airflow/.local/lib/python3.12/site-packages/airflow/example_dags/example_task_group_decorator.py
[2025-05-30T05:27:23.008+0000] {logging_mixin.py:188} INFO - [2025-05-30T05:27:23.007+0000] {dag.py:3096} INFO - Sync 1 DAGs
[2025-05-30T05:27:23.038+0000] {logging_mixin.py:188} INFO - [2025-05-30T05:27:23.038+0000] {dag.py:3954} INFO - Setting next_dagrun for example_task_group_decorator to 2025-05-29 00:00:00+00:00, run_after=2025-05-30 00:00:00+00:00
[2025-05-30T05:27:23.062+0000] {processor.py:183} INFO - Processing /home/airflow/.local/lib/python3.12/site-packages/airflow/example_dags/example_task_group_decorator.py took 0.104 seconds
[2025-05-30T05:27:53.730+0000] {processor.py:161} INFO - Started process (PID=8935) to work on /home/airflow/.local/lib/python3.12/site-packages/airflow/example_dags/example_task_group_decorator.py
[2025-05-30T05:27:53.731+0000] {processor.py:830} INFO - Processing file /home/airflow/.local/lib/python3.12/site-packages/airflow/example_dags/example_task_group_decorator.py for tasks to queue
[2025-05-30T05:27:53.733+0000] {logging_mixin.py:188} INFO - [2025-05-30T05:27:53.732+0000] {dagbag.py:545} INFO - Filling up the DagBag from /home/airflow/.local/lib/python3.12/site-packages/airflow/example_dags/example_task_group_decorator.py
[2025-05-30T05:27:53.746+0000] {processor.py:840} INFO - DAG(s) 'example_task_group_decorator' retrieved from /home/airflow/.local/lib/python3.12/site-packages/airflow/example_dags/example_task_group_decorator.py
[2025-05-30T05:27:53.782+0000] {logging_mixin.py:188} INFO - [2025-05-30T05:27:53.781+0000] {dag.py:3096} INFO - Sync 1 DAGs
[2025-05-30T05:27:53.806+0000] {logging_mixin.py:188} INFO - [2025-05-30T05:27:53.806+0000] {dag.py:3954} INFO - Setting next_dagrun for example_task_group_decorator to 2025-05-29 00:00:00+00:00, run_after=2025-05-30 00:00:00+00:00
[2025-05-30T05:27:53.830+0000] {processor.py:183} INFO - Processing /home/airflow/.local/lib/python3.12/site-packages/airflow/example_dags/example_task_group_decorator.py took 0.106 seconds
[2025-05-30T05:28:24.820+0000] {processor.py:161} INFO - Started process (PID=9208) to work on /home/airflow/.local/lib/python3.12/site-packages/airflow/example_dags/example_task_group_decorator.py
[2025-05-30T05:28:24.821+0000] {processor.py:830} INFO - Processing file /home/airflow/.local/lib/python3.12/site-packages/airflow/example_dags/example_task_group_decorator.py for tasks to queue
[2025-05-30T05:28:24.824+0000] {logging_mixin.py:188} INFO - [2025-05-30T05:28:24.823+0000] {dagbag.py:545} INFO - Filling up the DagBag from /home/airflow/.local/lib/python3.12/site-packages/airflow/example_dags/example_task_group_decorator.py
[2025-05-30T05:28:24.841+0000] {processor.py:840} INFO - DAG(s) 'example_task_group_decorator' retrieved from /home/airflow/.local/lib/python3.12/site-packages/airflow/example_dags/example_task_group_decorator.py
[2025-05-30T05:28:24.872+0000] {logging_mixin.py:188} INFO - [2025-05-30T05:28:24.872+0000] {dag.py:3096} INFO - Sync 1 DAGs
[2025-05-30T05:28:24.905+0000] {logging_mixin.py:188} INFO - [2025-05-30T05:28:24.905+0000] {dag.py:3954} INFO - Setting next_dagrun for example_task_group_decorator to 2025-05-29 00:00:00+00:00, run_after=2025-05-30 00:00:00+00:00
[2025-05-30T05:28:24.941+0000] {processor.py:183} INFO - Processing /home/airflow/.local/lib/python3.12/site-packages/airflow/example_dags/example_task_group_decorator.py took 0.128 seconds
[2025-05-30T05:28:55.280+0000] {processor.py:161} INFO - Started process (PID=9483) to work on /home/airflow/.local/lib/python3.12/site-packages/airflow/example_dags/example_task_group_decorator.py
[2025-05-30T05:28:55.281+0000] {processor.py:830} INFO - Processing file /home/airflow/.local/lib/python3.12/site-packages/airflow/example_dags/example_task_group_decorator.py for tasks to queue
[2025-05-30T05:28:55.283+0000] {logging_mixin.py:188} INFO - [2025-05-30T05:28:55.283+0000] {dagbag.py:545} INFO - Filling up the DagBag from /home/airflow/.local/lib/python3.12/site-packages/airflow/example_dags/example_task_group_decorator.py
[2025-05-30T05:28:55.296+0000] {processor.py:840} INFO - DAG(s) 'example_task_group_decorator' retrieved from /home/airflow/.local/lib/python3.12/site-packages/airflow/example_dags/example_task_group_decorator.py
[2025-05-30T05:28:55.320+0000] {logging_mixin.py:188} INFO - [2025-05-30T05:28:55.319+0000] {dag.py:3096} INFO - Sync 1 DAGs
[2025-05-30T05:28:55.344+0000] {logging_mixin.py:188} INFO - [2025-05-30T05:28:55.344+0000] {dag.py:3954} INFO - Setting next_dagrun for example_task_group_decorator to 2025-05-29 00:00:00+00:00, run_after=2025-05-30 00:00:00+00:00
[2025-05-30T05:28:55.361+0000] {processor.py:183} INFO - Processing /home/airflow/.local/lib/python3.12/site-packages/airflow/example_dags/example_task_group_decorator.py took 0.087 seconds
[2025-05-30T05:29:25.753+0000] {processor.py:161} INFO - Started process (PID=9754) to work on /home/airflow/.local/lib/python3.12/site-packages/airflow/example_dags/example_task_group_decorator.py
[2025-05-30T05:29:25.754+0000] {processor.py:830} INFO - Processing file /home/airflow/.local/lib/python3.12/site-packages/airflow/example_dags/example_task_group_decorator.py for tasks to queue
[2025-05-30T05:29:25.755+0000] {logging_mixin.py:188} INFO - [2025-05-30T05:29:25.755+0000] {dagbag.py:545} INFO - Filling up the DagBag from /home/airflow/.local/lib/python3.12/site-packages/airflow/example_dags/example_task_group_decorator.py
[2025-05-30T05:29:25.768+0000] {processor.py:840} INFO - DAG(s) 'example_task_group_decorator' retrieved from /home/airflow/.local/lib/python3.12/site-packages/airflow/example_dags/example_task_group_decorator.py
[2025-05-30T05:29:25.789+0000] {logging_mixin.py:188} INFO - [2025-05-30T05:29:25.789+0000] {dag.py:3096} INFO - Sync 1 DAGs
[2025-05-30T05:29:25.809+0000] {logging_mixin.py:188} INFO - [2025-05-30T05:29:25.809+0000] {dag.py:3954} INFO - Setting next_dagrun for example_task_group_decorator to 2025-05-29 00:00:00+00:00, run_after=2025-05-30 00:00:00+00:00
[2025-05-30T05:29:25.824+0000] {processor.py:183} INFO - Processing /home/airflow/.local/lib/python3.12/site-packages/airflow/example_dags/example_task_group_decorator.py took 0.077 seconds
[2025-05-30T05:29:56.096+0000] {processor.py:161} INFO - Started process (PID=10027) to work on /home/airflow/.local/lib/python3.12/site-packages/airflow/example_dags/example_task_group_decorator.py
[2025-05-30T05:29:56.097+0000] {processor.py:830} INFO - Processing file /home/airflow/.local/lib/python3.12/site-packages/airflow/example_dags/example_task_group_decorator.py for tasks to queue
[2025-05-30T05:29:56.099+0000] {logging_mixin.py:188} INFO - [2025-05-30T05:29:56.099+0000] {dagbag.py:545} INFO - Filling up the DagBag from /home/airflow/.local/lib/python3.12/site-packages/airflow/example_dags/example_task_group_decorator.py
[2025-05-30T05:29:56.116+0000] {processor.py:840} INFO - DAG(s) 'example_task_group_decorator' retrieved from /home/airflow/.local/lib/python3.12/site-packages/airflow/example_dags/example_task_group_decorator.py
[2025-05-30T05:29:56.137+0000] {logging_mixin.py:188} INFO - [2025-05-30T05:29:56.137+0000] {dag.py:3096} INFO - Sync 1 DAGs
[2025-05-30T05:29:56.156+0000] {logging_mixin.py:188} INFO - [2025-05-30T05:29:56.155+0000] {dag.py:3954} INFO - Setting next_dagrun for example_task_group_decorator to 2025-05-29 00:00:00+00:00, run_after=2025-05-30 00:00:00+00:00
[2025-05-30T05:29:56.171+0000] {processor.py:183} INFO - Processing /home/airflow/.local/lib/python3.12/site-packages/airflow/example_dags/example_task_group_decorator.py took 0.083 seconds
[2025-05-30T05:30:26.210+0000] {processor.py:161} INFO - Started process (PID=10299) to work on /home/airflow/.local/lib/python3.12/site-packages/airflow/example_dags/example_task_group_decorator.py
[2025-05-30T05:30:26.211+0000] {processor.py:830} INFO - Processing file /home/airflow/.local/lib/python3.12/site-packages/airflow/example_dags/example_task_group_decorator.py for tasks to queue
[2025-05-30T05:30:26.213+0000] {logging_mixin.py:188} INFO - [2025-05-30T05:30:26.213+0000] {dagbag.py:545} INFO - Filling up the DagBag from /home/airflow/.local/lib/python3.12/site-packages/airflow/example_dags/example_task_group_decorator.py
[2025-05-30T05:30:26.225+0000] {processor.py:840} INFO - DAG(s) 'example_task_group_decorator' retrieved from /home/airflow/.local/lib/python3.12/site-packages/airflow/example_dags/example_task_group_decorator.py
[2025-05-30T05:30:26.244+0000] {logging_mixin.py:188} INFO - [2025-05-30T05:30:26.244+0000] {dag.py:3096} INFO - Sync 1 DAGs
[2025-05-30T05:30:26.262+0000] {logging_mixin.py:188} INFO - [2025-05-30T05:30:26.262+0000] {dag.py:3954} INFO - Setting next_dagrun for example_task_group_decorator to 2025-05-29 00:00:00+00:00, run_after=2025-05-30 00:00:00+00:00
[2025-05-30T05:30:26.280+0000] {processor.py:183} INFO - Processing /home/airflow/.local/lib/python3.12/site-packages/airflow/example_dags/example_task_group_decorator.py took 0.074 seconds
[2025-05-30T05:30:56.434+0000] {processor.py:161} INFO - Started process (PID=10572) to work on /home/airflow/.local/lib/python3.12/site-packages/airflow/example_dags/example_task_group_decorator.py
[2025-05-30T05:30:56.435+0000] {processor.py:830} INFO - Processing file /home/airflow/.local/lib/python3.12/site-packages/airflow/example_dags/example_task_group_decorator.py for tasks to queue
[2025-05-30T05:30:56.437+0000] {logging_mixin.py:188} INFO - [2025-05-30T05:30:56.436+0000] {dagbag.py:545} INFO - Filling up the DagBag from /home/airflow/.local/lib/python3.12/site-packages/airflow/example_dags/example_task_group_decorator.py
[2025-05-30T05:30:56.448+0000] {processor.py:840} INFO - DAG(s) 'example_task_group_decorator' retrieved from /home/airflow/.local/lib/python3.12/site-packages/airflow/example_dags/example_task_group_decorator.py
[2025-05-30T05:30:56.467+0000] {logging_mixin.py:188} INFO - [2025-05-30T05:30:56.467+0000] {dag.py:3096} INFO - Sync 1 DAGs
[2025-05-30T05:30:56.485+0000] {logging_mixin.py:188} INFO - [2025-05-30T05:30:56.485+0000] {dag.py:3954} INFO - Setting next_dagrun for example_task_group_decorator to 2025-05-29 00:00:00+00:00, run_after=2025-05-30 00:00:00+00:00
[2025-05-30T05:30:56.499+0000] {processor.py:183} INFO - Processing /home/airflow/.local/lib/python3.12/site-packages/airflow/example_dags/example_task_group_decorator.py took 0.070 seconds
[2025-05-30T05:31:26.797+0000] {processor.py:161} INFO - Started process (PID=10845) to work on /home/airflow/.local/lib/python3.12/site-packages/airflow/example_dags/example_task_group_decorator.py
[2025-05-30T05:31:26.798+0000] {processor.py:830} INFO - Processing file /home/airflow/.local/lib/python3.12/site-packages/airflow/example_dags/example_task_group_decorator.py for tasks to queue
[2025-05-30T05:31:26.800+0000] {logging_mixin.py:188} INFO - [2025-05-30T05:31:26.800+0000] {dagbag.py:545} INFO - Filling up the DagBag from /home/airflow/.local/lib/python3.12/site-packages/airflow/example_dags/example_task_group_decorator.py
[2025-05-30T05:31:26.819+0000] {processor.py:840} INFO - DAG(s) 'example_task_group_decorator' retrieved from /home/airflow/.local/lib/python3.12/site-packages/airflow/example_dags/example_task_group_decorator.py
[2025-05-30T05:31:26.842+0000] {logging_mixin.py:188} INFO - [2025-05-30T05:31:26.842+0000] {dag.py:3096} INFO - Sync 1 DAGs
[2025-05-30T05:31:26.869+0000] {logging_mixin.py:188} INFO - [2025-05-30T05:31:26.869+0000] {dag.py:3954} INFO - Setting next_dagrun for example_task_group_decorator to 2025-05-29 00:00:00+00:00, run_after=2025-05-30 00:00:00+00:00
[2025-05-30T05:31:26.889+0000] {processor.py:183} INFO - Processing /home/airflow/.local/lib/python3.12/site-packages/airflow/example_dags/example_task_group_decorator.py took 0.097 seconds
[2025-05-30T05:31:57.040+0000] {processor.py:161} INFO - Started process (PID=11118) to work on /home/airflow/.local/lib/python3.12/site-packages/airflow/example_dags/example_task_group_decorator.py
[2025-05-30T05:31:57.041+0000] {processor.py:830} INFO - Processing file /home/airflow/.local/lib/python3.12/site-packages/airflow/example_dags/example_task_group_decorator.py for tasks to queue
[2025-05-30T05:31:57.043+0000] {logging_mixin.py:188} INFO - [2025-05-30T05:31:57.042+0000] {dagbag.py:545} INFO - Filling up the DagBag from /home/airflow/.local/lib/python3.12/site-packages/airflow/example_dags/example_task_group_decorator.py
[2025-05-30T05:31:57.059+0000] {processor.py:840} INFO - DAG(s) 'example_task_group_decorator' retrieved from /home/airflow/.local/lib/python3.12/site-packages/airflow/example_dags/example_task_group_decorator.py
[2025-05-30T05:31:57.084+0000] {logging_mixin.py:188} INFO - [2025-05-30T05:31:57.083+0000] {dag.py:3096} INFO - Sync 1 DAGs
[2025-05-30T05:31:57.106+0000] {logging_mixin.py:188} INFO - [2025-05-30T05:31:57.106+0000] {dag.py:3954} INFO - Setting next_dagrun for example_task_group_decorator to 2025-05-29 00:00:00+00:00, run_after=2025-05-30 00:00:00+00:00
[2025-05-30T05:31:57.126+0000] {processor.py:183} INFO - Processing /home/airflow/.local/lib/python3.12/site-packages/airflow/example_dags/example_task_group_decorator.py took 0.093 seconds
[2025-05-30T05:32:27.315+0000] {processor.py:161} INFO - Started process (PID=11391) to work on /home/airflow/.local/lib/python3.12/site-packages/airflow/example_dags/example_task_group_decorator.py
[2025-05-30T05:32:27.316+0000] {processor.py:830} INFO - Processing file /home/airflow/.local/lib/python3.12/site-packages/airflow/example_dags/example_task_group_decorator.py for tasks to queue
[2025-05-30T05:32:27.317+0000] {logging_mixin.py:188} INFO - [2025-05-30T05:32:27.317+0000] {dagbag.py:545} INFO - Filling up the DagBag from /home/airflow/.local/lib/python3.12/site-packages/airflow/example_dags/example_task_group_decorator.py
[2025-05-30T05:32:27.329+0000] {processor.py:840} INFO - DAG(s) 'example_task_group_decorator' retrieved from /home/airflow/.local/lib/python3.12/site-packages/airflow/example_dags/example_task_group_decorator.py
[2025-05-30T05:32:27.350+0000] {logging_mixin.py:188} INFO - [2025-05-30T05:32:27.350+0000] {dag.py:3096} INFO - Sync 1 DAGs
[2025-05-30T05:32:27.370+0000] {logging_mixin.py:188} INFO - [2025-05-30T05:32:27.370+0000] {dag.py:3954} INFO - Setting next_dagrun for example_task_group_decorator to 2025-05-29 00:00:00+00:00, run_after=2025-05-30 00:00:00+00:00
[2025-05-30T05:32:27.389+0000] {processor.py:183} INFO - Processing /home/airflow/.local/lib/python3.12/site-packages/airflow/example_dags/example_task_group_decorator.py took 0.080 seconds
[2025-05-30T05:40:00.884+0000] {processor.py:161} INFO - Started process (PID=194) to work on /home/airflow/.local/lib/python3.12/site-packages/airflow/example_dags/example_task_group_decorator.py
[2025-05-30T05:40:00.885+0000] {processor.py:830} INFO - Processing file /home/airflow/.local/lib/python3.12/site-packages/airflow/example_dags/example_task_group_decorator.py for tasks to queue
[2025-05-30T05:40:00.887+0000] {logging_mixin.py:188} INFO - [2025-05-30T05:40:00.886+0000] {dagbag.py:545} INFO - Filling up the DagBag from /home/airflow/.local/lib/python3.12/site-packages/airflow/example_dags/example_task_group_decorator.py
[2025-05-30T05:40:00.905+0000] {processor.py:840} INFO - DAG(s) 'example_task_group_decorator' retrieved from /home/airflow/.local/lib/python3.12/site-packages/airflow/example_dags/example_task_group_decorator.py
[2025-05-30T05:40:00.918+0000] {logging_mixin.py:188} INFO - [2025-05-30T05:40:00.918+0000] {dag.py:3096} INFO - Sync 1 DAGs
[2025-05-30T05:40:00.946+0000] {logging_mixin.py:188} INFO - [2025-05-30T05:40:00.946+0000] {dag.py:3954} INFO - Setting next_dagrun for example_task_group_decorator to 2025-05-29 00:00:00+00:00, run_after=2025-05-30 00:00:00+00:00
[2025-05-30T05:40:00.972+0000] {processor.py:183} INFO - Processing /home/airflow/.local/lib/python3.12/site-packages/airflow/example_dags/example_task_group_decorator.py took 0.094 seconds
[2025-05-30T05:40:32.060+0000] {processor.py:161} INFO - Started process (PID=467) to work on /home/airflow/.local/lib/python3.12/site-packages/airflow/example_dags/example_task_group_decorator.py
[2025-05-30T05:40:32.060+0000] {processor.py:830} INFO - Processing file /home/airflow/.local/lib/python3.12/site-packages/airflow/example_dags/example_task_group_decorator.py for tasks to queue
[2025-05-30T05:40:32.062+0000] {logging_mixin.py:188} INFO - [2025-05-30T05:40:32.062+0000] {dagbag.py:545} INFO - Filling up the DagBag from /home/airflow/.local/lib/python3.12/site-packages/airflow/example_dags/example_task_group_decorator.py
[2025-05-30T05:40:32.075+0000] {processor.py:840} INFO - DAG(s) 'example_task_group_decorator' retrieved from /home/airflow/.local/lib/python3.12/site-packages/airflow/example_dags/example_task_group_decorator.py
[2025-05-30T05:40:32.207+0000] {logging_mixin.py:188} INFO - [2025-05-30T05:40:32.207+0000] {dag.py:3096} INFO - Sync 1 DAGs
[2025-05-30T05:40:32.224+0000] {logging_mixin.py:188} INFO - [2025-05-30T05:40:32.224+0000] {dag.py:3954} INFO - Setting next_dagrun for example_task_group_decorator to 2025-05-29 00:00:00+00:00, run_after=2025-05-30 00:00:00+00:00
[2025-05-30T05:40:32.255+0000] {processor.py:183} INFO - Processing /home/airflow/.local/lib/python3.12/site-packages/airflow/example_dags/example_task_group_decorator.py took 0.200 seconds
[2025-05-30T05:41:02.596+0000] {processor.py:161} INFO - Started process (PID=740) to work on /home/airflow/.local/lib/python3.12/site-packages/airflow/example_dags/example_task_group_decorator.py
[2025-05-30T05:41:02.597+0000] {processor.py:830} INFO - Processing file /home/airflow/.local/lib/python3.12/site-packages/airflow/example_dags/example_task_group_decorator.py for tasks to queue
[2025-05-30T05:41:02.599+0000] {logging_mixin.py:188} INFO - [2025-05-30T05:41:02.598+0000] {dagbag.py:545} INFO - Filling up the DagBag from /home/airflow/.local/lib/python3.12/site-packages/airflow/example_dags/example_task_group_decorator.py
[2025-05-30T05:41:02.611+0000] {processor.py:840} INFO - DAG(s) 'example_task_group_decorator' retrieved from /home/airflow/.local/lib/python3.12/site-packages/airflow/example_dags/example_task_group_decorator.py
[2025-05-30T05:41:02.635+0000] {logging_mixin.py:188} INFO - [2025-05-30T05:41:02.635+0000] {dag.py:3096} INFO - Sync 1 DAGs
[2025-05-30T05:41:02.661+0000] {logging_mixin.py:188} INFO - [2025-05-30T05:41:02.661+0000] {dag.py:3954} INFO - Setting next_dagrun for example_task_group_decorator to 2025-05-29 00:00:00+00:00, run_after=2025-05-30 00:00:00+00:00
[2025-05-30T05:41:02.680+0000] {processor.py:183} INFO - Processing /home/airflow/.local/lib/python3.12/site-packages/airflow/example_dags/example_task_group_decorator.py took 0.089 seconds
