[2025-05-30T04:40:36.638+0000] {processor.py:161} INFO - Started process (PID=353) to work on /home/airflow/.local/lib/python3.12/site-packages/airflow/example_dags/example_task_group.py
[2025-05-30T04:40:36.639+0000] {processor.py:830} INFO - Processing file /home/airflow/.local/lib/python3.12/site-packages/airflow/example_dags/example_task_group.py for tasks to queue
[2025-05-30T04:40:36.641+0000] {logging_mixin.py:188} INFO - [2025-05-30T04:40:36.640+0000] {dagbag.py:545} INFO - Filling up the DagBag from /home/airflow/.local/lib/python3.12/site-packages/airflow/example_dags/example_task_group.py
[2025-05-30T04:40:36.651+0000] {processor.py:840} INFO - DAG(s) 'example_task_group' retrieved from /home/airflow/.local/lib/python3.12/site-packages/airflow/example_dags/example_task_group.py
[2025-05-30T04:40:36.669+0000] {logging_mixin.py:188} INFO - [2025-05-30T04:40:36.669+0000] {dag.py:3096} INFO - Sync 1 DAGs
[2025-05-30T04:40:36.694+0000] {logging_mixin.py:188} INFO - [2025-05-30T04:40:36.694+0000] {dag.py:3954} INFO - Setting next_dagrun for example_task_group to 2025-05-29 00:00:00+00:00, run_after=2025-05-30 00:00:00+00:00
[2025-05-30T04:40:36.715+0000] {processor.py:183} INFO - Processing /home/airflow/.local/lib/python3.12/site-packages/airflow/example_dags/example_task_group.py took 0.083 seconds
[2025-05-30T04:41:07.933+0000] {processor.py:161} INFO - Started process (PID=626) to work on /home/airflow/.local/lib/python3.12/site-packages/airflow/example_dags/example_task_group.py
[2025-05-30T04:41:07.933+0000] {processor.py:830} INFO - Processing file /home/airflow/.local/lib/python3.12/site-packages/airflow/example_dags/example_task_group.py for tasks to queue
[2025-05-30T04:41:07.936+0000] {logging_mixin.py:188} INFO - [2025-05-30T04:41:07.936+0000] {dagbag.py:545} INFO - Filling up the DagBag from /home/airflow/.local/lib/python3.12/site-packages/airflow/example_dags/example_task_group.py
[2025-05-30T04:41:07.947+0000] {processor.py:840} INFO - DAG(s) 'example_task_group' retrieved from /home/airflow/.local/lib/python3.12/site-packages/airflow/example_dags/example_task_group.py
[2025-05-30T04:41:07.985+0000] {logging_mixin.py:188} INFO - [2025-05-30T04:41:07.984+0000] {dag.py:3096} INFO - Sync 1 DAGs
[2025-05-30T04:41:08.018+0000] {logging_mixin.py:188} INFO - [2025-05-30T04:41:08.018+0000] {dag.py:3954} INFO - Setting next_dagrun for example_task_group to 2025-05-29 00:00:00+00:00, run_after=2025-05-30 00:00:00+00:00
[2025-05-30T04:41:08.046+0000] {processor.py:183} INFO - Processing /home/airflow/.local/lib/python3.12/site-packages/airflow/example_dags/example_task_group.py took 0.119 seconds
[2025-05-30T04:41:39.034+0000] {processor.py:161} INFO - Started process (PID=899) to work on /home/airflow/.local/lib/python3.12/site-packages/airflow/example_dags/example_task_group.py
[2025-05-30T04:41:39.036+0000] {processor.py:830} INFO - Processing file /home/airflow/.local/lib/python3.12/site-packages/airflow/example_dags/example_task_group.py for tasks to queue
[2025-05-30T04:41:39.039+0000] {logging_mixin.py:188} INFO - [2025-05-30T04:41:39.039+0000] {dagbag.py:545} INFO - Filling up the DagBag from /home/airflow/.local/lib/python3.12/site-packages/airflow/example_dags/example_task_group.py
[2025-05-30T04:41:39.052+0000] {processor.py:840} INFO - DAG(s) 'example_task_group' retrieved from /home/airflow/.local/lib/python3.12/site-packages/airflow/example_dags/example_task_group.py
[2025-05-30T04:41:39.084+0000] {logging_mixin.py:188} INFO - [2025-05-30T04:41:39.084+0000] {dag.py:3096} INFO - Sync 1 DAGs
[2025-05-30T04:41:39.122+0000] {logging_mixin.py:188} INFO - [2025-05-30T04:41:39.119+0000] {dag.py:3954} INFO - Setting next_dagrun for example_task_group to 2025-05-29 00:00:00+00:00, run_after=2025-05-30 00:00:00+00:00
[2025-05-30T04:41:39.161+0000] {processor.py:183} INFO - Processing /home/airflow/.local/lib/python3.12/site-packages/airflow/example_dags/example_task_group.py took 0.137 seconds
[2025-05-30T04:42:10.211+0000] {processor.py:161} INFO - Started process (PID=1171) to work on /home/airflow/.local/lib/python3.12/site-packages/airflow/example_dags/example_task_group.py
[2025-05-30T04:42:10.214+0000] {processor.py:830} INFO - Processing file /home/airflow/.local/lib/python3.12/site-packages/airflow/example_dags/example_task_group.py for tasks to queue
[2025-05-30T04:42:10.217+0000] {logging_mixin.py:188} INFO - [2025-05-30T04:42:10.216+0000] {dagbag.py:545} INFO - Filling up the DagBag from /home/airflow/.local/lib/python3.12/site-packages/airflow/example_dags/example_task_group.py
[2025-05-30T04:42:10.227+0000] {processor.py:840} INFO - DAG(s) 'example_task_group' retrieved from /home/airflow/.local/lib/python3.12/site-packages/airflow/example_dags/example_task_group.py
[2025-05-30T04:42:10.250+0000] {logging_mixin.py:188} INFO - [2025-05-30T04:42:10.249+0000] {dag.py:3096} INFO - Sync 1 DAGs
[2025-05-30T04:42:10.278+0000] {logging_mixin.py:188} INFO - [2025-05-30T04:42:10.278+0000] {dag.py:3954} INFO - Setting next_dagrun for example_task_group to 2025-05-29 00:00:00+00:00, run_after=2025-05-30 00:00:00+00:00
[2025-05-30T04:42:10.305+0000] {processor.py:183} INFO - Processing /home/airflow/.local/lib/python3.12/site-packages/airflow/example_dags/example_task_group.py took 0.102 seconds
[2025-05-30T04:42:41.307+0000] {processor.py:161} INFO - Started process (PID=1444) to work on /home/airflow/.local/lib/python3.12/site-packages/airflow/example_dags/example_task_group.py
[2025-05-30T04:42:41.308+0000] {processor.py:830} INFO - Processing file /home/airflow/.local/lib/python3.12/site-packages/airflow/example_dags/example_task_group.py for tasks to queue
[2025-05-30T04:42:41.310+0000] {logging_mixin.py:188} INFO - [2025-05-30T04:42:41.310+0000] {dagbag.py:545} INFO - Filling up the DagBag from /home/airflow/.local/lib/python3.12/site-packages/airflow/example_dags/example_task_group.py
[2025-05-30T04:42:41.319+0000] {processor.py:840} INFO - DAG(s) 'example_task_group' retrieved from /home/airflow/.local/lib/python3.12/site-packages/airflow/example_dags/example_task_group.py
[2025-05-30T04:42:41.336+0000] {logging_mixin.py:188} INFO - [2025-05-30T04:42:41.336+0000] {dag.py:3096} INFO - Sync 1 DAGs
[2025-05-30T04:42:41.354+0000] {logging_mixin.py:188} INFO - [2025-05-30T04:42:41.354+0000] {dag.py:3954} INFO - Setting next_dagrun for example_task_group to 2025-05-29 00:00:00+00:00, run_after=2025-05-30 00:00:00+00:00
[2025-05-30T04:42:41.375+0000] {processor.py:183} INFO - Processing /home/airflow/.local/lib/python3.12/site-packages/airflow/example_dags/example_task_group.py took 0.073 seconds
[2025-05-30T04:43:11.792+0000] {processor.py:161} INFO - Started process (PID=1712) to work on /home/airflow/.local/lib/python3.12/site-packages/airflow/example_dags/example_task_group.py
[2025-05-30T04:43:11.793+0000] {processor.py:830} INFO - Processing file /home/airflow/.local/lib/python3.12/site-packages/airflow/example_dags/example_task_group.py for tasks to queue
[2025-05-30T04:43:11.794+0000] {logging_mixin.py:188} INFO - [2025-05-30T04:43:11.794+0000] {dagbag.py:545} INFO - Filling up the DagBag from /home/airflow/.local/lib/python3.12/site-packages/airflow/example_dags/example_task_group.py
[2025-05-30T04:43:11.800+0000] {processor.py:840} INFO - DAG(s) 'example_task_group' retrieved from /home/airflow/.local/lib/python3.12/site-packages/airflow/example_dags/example_task_group.py
[2025-05-30T04:43:11.820+0000] {logging_mixin.py:188} INFO - [2025-05-30T04:43:11.819+0000] {dag.py:3096} INFO - Sync 1 DAGs
[2025-05-30T04:43:11.846+0000] {logging_mixin.py:188} INFO - [2025-05-30T04:43:11.846+0000] {dag.py:3954} INFO - Setting next_dagrun for example_task_group to 2025-05-29 00:00:00+00:00, run_after=2025-05-30 00:00:00+00:00
[2025-05-30T04:43:11.867+0000] {processor.py:183} INFO - Processing /home/airflow/.local/lib/python3.12/site-packages/airflow/example_dags/example_task_group.py took 0.080 seconds
[2025-05-30T04:43:42.607+0000] {processor.py:161} INFO - Started process (PID=1989) to work on /home/airflow/.local/lib/python3.12/site-packages/airflow/example_dags/example_task_group.py
[2025-05-30T04:43:42.608+0000] {processor.py:830} INFO - Processing file /home/airflow/.local/lib/python3.12/site-packages/airflow/example_dags/example_task_group.py for tasks to queue
[2025-05-30T04:43:42.610+0000] {logging_mixin.py:188} INFO - [2025-05-30T04:43:42.609+0000] {dagbag.py:545} INFO - Filling up the DagBag from /home/airflow/.local/lib/python3.12/site-packages/airflow/example_dags/example_task_group.py
[2025-05-30T04:43:42.618+0000] {processor.py:840} INFO - DAG(s) 'example_task_group' retrieved from /home/airflow/.local/lib/python3.12/site-packages/airflow/example_dags/example_task_group.py
[2025-05-30T04:43:42.636+0000] {logging_mixin.py:188} INFO - [2025-05-30T04:43:42.636+0000] {dag.py:3096} INFO - Sync 1 DAGs
[2025-05-30T04:43:42.661+0000] {logging_mixin.py:188} INFO - [2025-05-30T04:43:42.661+0000] {dag.py:3954} INFO - Setting next_dagrun for example_task_group to 2025-05-29 00:00:00+00:00, run_after=2025-05-30 00:00:00+00:00
[2025-05-30T04:43:42.681+0000] {processor.py:183} INFO - Processing /home/airflow/.local/lib/python3.12/site-packages/airflow/example_dags/example_task_group.py took 0.080 seconds
[2025-05-30T04:44:13.019+0000] {processor.py:161} INFO - Started process (PID=2259) to work on /home/airflow/.local/lib/python3.12/site-packages/airflow/example_dags/example_task_group.py
[2025-05-30T04:44:13.020+0000] {processor.py:830} INFO - Processing file /home/airflow/.local/lib/python3.12/site-packages/airflow/example_dags/example_task_group.py for tasks to queue
[2025-05-30T04:44:13.023+0000] {logging_mixin.py:188} INFO - [2025-05-30T04:44:13.022+0000] {dagbag.py:545} INFO - Filling up the DagBag from /home/airflow/.local/lib/python3.12/site-packages/airflow/example_dags/example_task_group.py
[2025-05-30T04:44:13.029+0000] {processor.py:840} INFO - DAG(s) 'example_task_group' retrieved from /home/airflow/.local/lib/python3.12/site-packages/airflow/example_dags/example_task_group.py
[2025-05-30T04:44:13.050+0000] {logging_mixin.py:188} INFO - [2025-05-30T04:44:13.050+0000] {dag.py:3096} INFO - Sync 1 DAGs
[2025-05-30T04:44:13.071+0000] {logging_mixin.py:188} INFO - [2025-05-30T04:44:13.071+0000] {dag.py:3954} INFO - Setting next_dagrun for example_task_group to 2025-05-29 00:00:00+00:00, run_after=2025-05-30 00:00:00+00:00
[2025-05-30T04:44:13.090+0000] {processor.py:183} INFO - Processing /home/airflow/.local/lib/python3.12/site-packages/airflow/example_dags/example_task_group.py took 0.075 seconds
[2025-05-30T04:44:43.824+0000] {processor.py:161} INFO - Started process (PID=2530) to work on /home/airflow/.local/lib/python3.12/site-packages/airflow/example_dags/example_task_group.py
[2025-05-30T04:44:43.824+0000] {processor.py:830} INFO - Processing file /home/airflow/.local/lib/python3.12/site-packages/airflow/example_dags/example_task_group.py for tasks to queue
[2025-05-30T04:44:43.826+0000] {logging_mixin.py:188} INFO - [2025-05-30T04:44:43.826+0000] {dagbag.py:545} INFO - Filling up the DagBag from /home/airflow/.local/lib/python3.12/site-packages/airflow/example_dags/example_task_group.py
[2025-05-30T04:44:43.835+0000] {processor.py:840} INFO - DAG(s) 'example_task_group' retrieved from /home/airflow/.local/lib/python3.12/site-packages/airflow/example_dags/example_task_group.py
[2025-05-30T04:44:43.858+0000] {logging_mixin.py:188} INFO - [2025-05-30T04:44:43.857+0000] {dag.py:3096} INFO - Sync 1 DAGs
[2025-05-30T04:44:43.881+0000] {logging_mixin.py:188} INFO - [2025-05-30T04:44:43.881+0000] {dag.py:3954} INFO - Setting next_dagrun for example_task_group to 2025-05-29 00:00:00+00:00, run_after=2025-05-30 00:00:00+00:00
[2025-05-30T04:44:43.900+0000] {processor.py:183} INFO - Processing /home/airflow/.local/lib/python3.12/site-packages/airflow/example_dags/example_task_group.py took 0.082 seconds
[2025-05-30T04:45:15.220+0000] {processor.py:161} INFO - Started process (PID=2808) to work on /home/airflow/.local/lib/python3.12/site-packages/airflow/example_dags/example_task_group.py
[2025-05-30T04:45:15.221+0000] {processor.py:830} INFO - Processing file /home/airflow/.local/lib/python3.12/site-packages/airflow/example_dags/example_task_group.py for tasks to queue
[2025-05-30T04:45:15.224+0000] {logging_mixin.py:188} INFO - [2025-05-30T04:45:15.223+0000] {dagbag.py:545} INFO - Filling up the DagBag from /home/airflow/.local/lib/python3.12/site-packages/airflow/example_dags/example_task_group.py
[2025-05-30T04:45:15.236+0000] {processor.py:840} INFO - DAG(s) 'example_task_group' retrieved from /home/airflow/.local/lib/python3.12/site-packages/airflow/example_dags/example_task_group.py
[2025-05-30T04:45:15.293+0000] {logging_mixin.py:188} INFO - [2025-05-30T04:45:15.293+0000] {dag.py:3096} INFO - Sync 1 DAGs
[2025-05-30T04:45:15.348+0000] {logging_mixin.py:188} INFO - [2025-05-30T04:45:15.348+0000] {dag.py:3954} INFO - Setting next_dagrun for example_task_group to 2025-05-29 00:00:00+00:00, run_after=2025-05-30 00:00:00+00:00
[2025-05-30T04:45:15.384+0000] {processor.py:183} INFO - Processing /home/airflow/.local/lib/python3.12/site-packages/airflow/example_dags/example_task_group.py took 0.171 seconds
[2025-05-30T04:45:45.699+0000] {processor.py:161} INFO - Started process (PID=3076) to work on /home/airflow/.local/lib/python3.12/site-packages/airflow/example_dags/example_task_group.py
[2025-05-30T04:45:45.699+0000] {processor.py:830} INFO - Processing file /home/airflow/.local/lib/python3.12/site-packages/airflow/example_dags/example_task_group.py for tasks to queue
[2025-05-30T04:45:45.701+0000] {logging_mixin.py:188} INFO - [2025-05-30T04:45:45.701+0000] {dagbag.py:545} INFO - Filling up the DagBag from /home/airflow/.local/lib/python3.12/site-packages/airflow/example_dags/example_task_group.py
[2025-05-30T04:45:45.709+0000] {processor.py:840} INFO - DAG(s) 'example_task_group' retrieved from /home/airflow/.local/lib/python3.12/site-packages/airflow/example_dags/example_task_group.py
[2025-05-30T04:45:45.734+0000] {logging_mixin.py:188} INFO - [2025-05-30T04:45:45.733+0000] {dag.py:3096} INFO - Sync 1 DAGs
[2025-05-30T04:45:45.759+0000] {logging_mixin.py:188} INFO - [2025-05-30T04:45:45.759+0000] {dag.py:3954} INFO - Setting next_dagrun for example_task_group to 2025-05-29 00:00:00+00:00, run_after=2025-05-30 00:00:00+00:00
[2025-05-30T04:45:45.781+0000] {processor.py:183} INFO - Processing /home/airflow/.local/lib/python3.12/site-packages/airflow/example_dags/example_task_group.py took 0.090 seconds
[2025-05-30T04:46:19.583+0000] {processor.py:161} INFO - Started process (PID=3353) to work on /home/airflow/.local/lib/python3.12/site-packages/airflow/example_dags/example_task_group.py
[2025-05-30T04:46:19.587+0000] {processor.py:830} INFO - Processing file /home/airflow/.local/lib/python3.12/site-packages/airflow/example_dags/example_task_group.py for tasks to queue
[2025-05-30T04:46:19.595+0000] {logging_mixin.py:188} INFO - [2025-05-30T04:46:19.593+0000] {dagbag.py:545} INFO - Filling up the DagBag from /home/airflow/.local/lib/python3.12/site-packages/airflow/example_dags/example_task_group.py
[2025-05-30T04:46:19.633+0000] {processor.py:840} INFO - DAG(s) 'example_task_group' retrieved from /home/airflow/.local/lib/python3.12/site-packages/airflow/example_dags/example_task_group.py
[2025-05-30T04:46:19.754+0000] {logging_mixin.py:188} INFO - [2025-05-30T04:46:19.753+0000] {dag.py:3096} INFO - Sync 1 DAGs
[2025-05-30T04:46:19.940+0000] {logging_mixin.py:188} INFO - [2025-05-30T04:46:19.939+0000] {dag.py:3954} INFO - Setting next_dagrun for example_task_group to 2025-05-29 00:00:00+00:00, run_after=2025-05-30 00:00:00+00:00
[2025-05-30T04:46:20.064+0000] {processor.py:183} INFO - Processing /home/airflow/.local/lib/python3.12/site-packages/airflow/example_dags/example_task_group.py took 0.519 seconds
[2025-05-30T04:46:50.691+0000] {processor.py:161} INFO - Started process (PID=3623) to work on /home/airflow/.local/lib/python3.12/site-packages/airflow/example_dags/example_task_group.py
[2025-05-30T04:46:50.692+0000] {processor.py:830} INFO - Processing file /home/airflow/.local/lib/python3.12/site-packages/airflow/example_dags/example_task_group.py for tasks to queue
[2025-05-30T04:46:50.694+0000] {logging_mixin.py:188} INFO - [2025-05-30T04:46:50.694+0000] {dagbag.py:545} INFO - Filling up the DagBag from /home/airflow/.local/lib/python3.12/site-packages/airflow/example_dags/example_task_group.py
[2025-05-30T04:46:50.703+0000] {processor.py:840} INFO - DAG(s) 'example_task_group' retrieved from /home/airflow/.local/lib/python3.12/site-packages/airflow/example_dags/example_task_group.py
[2025-05-30T04:46:50.713+0000] {logging_mixin.py:188} INFO - [2025-05-30T04:46:50.713+0000] {dag.py:3096} INFO - Sync 1 DAGs
[2025-05-30T04:46:50.734+0000] {logging_mixin.py:188} INFO - [2025-05-30T04:46:50.734+0000] {dag.py:3954} INFO - Setting next_dagrun for example_task_group to 2025-05-29 00:00:00+00:00, run_after=2025-05-30 00:00:00+00:00
[2025-05-30T04:46:50.762+0000] {processor.py:183} INFO - Processing /home/airflow/.local/lib/python3.12/site-packages/airflow/example_dags/example_task_group.py took 0.076 seconds
[2025-05-30T04:47:21.041+0000] {processor.py:161} INFO - Started process (PID=3895) to work on /home/airflow/.local/lib/python3.12/site-packages/airflow/example_dags/example_task_group.py
[2025-05-30T04:47:21.042+0000] {processor.py:830} INFO - Processing file /home/airflow/.local/lib/python3.12/site-packages/airflow/example_dags/example_task_group.py for tasks to queue
[2025-05-30T04:47:21.044+0000] {logging_mixin.py:188} INFO - [2025-05-30T04:47:21.043+0000] {dagbag.py:545} INFO - Filling up the DagBag from /home/airflow/.local/lib/python3.12/site-packages/airflow/example_dags/example_task_group.py
[2025-05-30T04:47:21.050+0000] {processor.py:840} INFO - DAG(s) 'example_task_group' retrieved from /home/airflow/.local/lib/python3.12/site-packages/airflow/example_dags/example_task_group.py
[2025-05-30T04:47:21.181+0000] {logging_mixin.py:188} INFO - [2025-05-30T04:47:21.180+0000] {dag.py:3096} INFO - Sync 1 DAGs
[2025-05-30T04:47:21.211+0000] {logging_mixin.py:188} INFO - [2025-05-30T04:47:21.210+0000] {dag.py:3954} INFO - Setting next_dagrun for example_task_group to 2025-05-29 00:00:00+00:00, run_after=2025-05-30 00:00:00+00:00
[2025-05-30T04:47:21.240+0000] {processor.py:183} INFO - Processing /home/airflow/.local/lib/python3.12/site-packages/airflow/example_dags/example_task_group.py took 0.204 seconds
[2025-05-30T04:47:51.276+0000] {processor.py:161} INFO - Started process (PID=4165) to work on /home/airflow/.local/lib/python3.12/site-packages/airflow/example_dags/example_task_group.py
[2025-05-30T04:47:51.277+0000] {processor.py:830} INFO - Processing file /home/airflow/.local/lib/python3.12/site-packages/airflow/example_dags/example_task_group.py for tasks to queue
[2025-05-30T04:47:51.280+0000] {logging_mixin.py:188} INFO - [2025-05-30T04:47:51.279+0000] {dagbag.py:545} INFO - Filling up the DagBag from /home/airflow/.local/lib/python3.12/site-packages/airflow/example_dags/example_task_group.py
[2025-05-30T04:47:51.287+0000] {processor.py:840} INFO - DAG(s) 'example_task_group' retrieved from /home/airflow/.local/lib/python3.12/site-packages/airflow/example_dags/example_task_group.py
[2025-05-30T04:47:51.309+0000] {logging_mixin.py:188} INFO - [2025-05-30T04:47:51.308+0000] {dag.py:3096} INFO - Sync 1 DAGs
[2025-05-30T04:47:51.331+0000] {logging_mixin.py:188} INFO - [2025-05-30T04:47:51.331+0000] {dag.py:3954} INFO - Setting next_dagrun for example_task_group to 2025-05-29 00:00:00+00:00, run_after=2025-05-30 00:00:00+00:00
[2025-05-30T04:47:51.357+0000] {processor.py:183} INFO - Processing /home/airflow/.local/lib/python3.12/site-packages/airflow/example_dags/example_task_group.py took 0.089 seconds
[2025-05-30T04:48:21.733+0000] {processor.py:161} INFO - Started process (PID=4435) to work on /home/airflow/.local/lib/python3.12/site-packages/airflow/example_dags/example_task_group.py
[2025-05-30T04:48:21.734+0000] {processor.py:830} INFO - Processing file /home/airflow/.local/lib/python3.12/site-packages/airflow/example_dags/example_task_group.py for tasks to queue
[2025-05-30T04:48:21.736+0000] {logging_mixin.py:188} INFO - [2025-05-30T04:48:21.736+0000] {dagbag.py:545} INFO - Filling up the DagBag from /home/airflow/.local/lib/python3.12/site-packages/airflow/example_dags/example_task_group.py
[2025-05-30T04:48:21.745+0000] {processor.py:840} INFO - DAG(s) 'example_task_group' retrieved from /home/airflow/.local/lib/python3.12/site-packages/airflow/example_dags/example_task_group.py
[2025-05-30T04:48:21.763+0000] {logging_mixin.py:188} INFO - [2025-05-30T04:48:21.762+0000] {dag.py:3096} INFO - Sync 1 DAGs
[2025-05-30T04:48:21.780+0000] {logging_mixin.py:188} INFO - [2025-05-30T04:48:21.780+0000] {dag.py:3954} INFO - Setting next_dagrun for example_task_group to 2025-05-29 00:00:00+00:00, run_after=2025-05-30 00:00:00+00:00
[2025-05-30T04:48:21.797+0000] {processor.py:183} INFO - Processing /home/airflow/.local/lib/python3.12/site-packages/airflow/example_dags/example_task_group.py took 0.070 seconds
[2025-05-30T04:48:52.341+0000] {processor.py:161} INFO - Started process (PID=4708) to work on /home/airflow/.local/lib/python3.12/site-packages/airflow/example_dags/example_task_group.py
[2025-05-30T04:48:52.344+0000] {processor.py:830} INFO - Processing file /home/airflow/.local/lib/python3.12/site-packages/airflow/example_dags/example_task_group.py for tasks to queue
[2025-05-30T04:48:52.345+0000] {logging_mixin.py:188} INFO - [2025-05-30T04:48:52.345+0000] {dagbag.py:545} INFO - Filling up the DagBag from /home/airflow/.local/lib/python3.12/site-packages/airflow/example_dags/example_task_group.py
[2025-05-30T04:48:52.357+0000] {processor.py:840} INFO - DAG(s) 'example_task_group' retrieved from /home/airflow/.local/lib/python3.12/site-packages/airflow/example_dags/example_task_group.py
[2025-05-30T04:48:52.376+0000] {logging_mixin.py:188} INFO - [2025-05-30T04:48:52.376+0000] {dag.py:3096} INFO - Sync 1 DAGs
[2025-05-30T04:48:52.399+0000] {logging_mixin.py:188} INFO - [2025-05-30T04:48:52.399+0000] {dag.py:3954} INFO - Setting next_dagrun for example_task_group to 2025-05-29 00:00:00+00:00, run_after=2025-05-30 00:00:00+00:00
[2025-05-30T04:48:52.419+0000] {processor.py:183} INFO - Processing /home/airflow/.local/lib/python3.12/site-packages/airflow/example_dags/example_task_group.py took 0.083 seconds
[2025-05-30T04:49:22.496+0000] {processor.py:161} INFO - Started process (PID=4981) to work on /home/airflow/.local/lib/python3.12/site-packages/airflow/example_dags/example_task_group.py
[2025-05-30T04:49:22.496+0000] {processor.py:830} INFO - Processing file /home/airflow/.local/lib/python3.12/site-packages/airflow/example_dags/example_task_group.py for tasks to queue
[2025-05-30T04:49:22.499+0000] {logging_mixin.py:188} INFO - [2025-05-30T04:49:22.498+0000] {dagbag.py:545} INFO - Filling up the DagBag from /home/airflow/.local/lib/python3.12/site-packages/airflow/example_dags/example_task_group.py
[2025-05-30T04:49:22.506+0000] {processor.py:840} INFO - DAG(s) 'example_task_group' retrieved from /home/airflow/.local/lib/python3.12/site-packages/airflow/example_dags/example_task_group.py
[2025-05-30T04:49:22.525+0000] {logging_mixin.py:188} INFO - [2025-05-30T04:49:22.525+0000] {dag.py:3096} INFO - Sync 1 DAGs
[2025-05-30T04:49:22.544+0000] {logging_mixin.py:188} INFO - [2025-05-30T04:49:22.544+0000] {dag.py:3954} INFO - Setting next_dagrun for example_task_group to 2025-05-29 00:00:00+00:00, run_after=2025-05-30 00:00:00+00:00
[2025-05-30T04:49:22.565+0000] {processor.py:183} INFO - Processing /home/airflow/.local/lib/python3.12/site-packages/airflow/example_dags/example_task_group.py took 0.074 seconds
[2025-05-30T05:20:46.274+0000] {processor.py:161} INFO - Started process (PID=5280) to work on /home/airflow/.local/lib/python3.12/site-packages/airflow/example_dags/example_task_group.py
[2025-05-30T05:20:46.275+0000] {processor.py:830} INFO - Processing file /home/airflow/.local/lib/python3.12/site-packages/airflow/example_dags/example_task_group.py for tasks to queue
[2025-05-30T05:20:46.278+0000] {logging_mixin.py:188} INFO - [2025-05-30T05:20:46.277+0000] {dagbag.py:545} INFO - Filling up the DagBag from /home/airflow/.local/lib/python3.12/site-packages/airflow/example_dags/example_task_group.py
[2025-05-30T05:20:46.287+0000] {processor.py:840} INFO - DAG(s) 'example_task_group' retrieved from /home/airflow/.local/lib/python3.12/site-packages/airflow/example_dags/example_task_group.py
[2025-05-30T05:20:46.311+0000] {logging_mixin.py:188} INFO - [2025-05-30T05:20:46.311+0000] {dag.py:3096} INFO - Sync 1 DAGs
[2025-05-30T05:20:46.333+0000] {logging_mixin.py:188} INFO - [2025-05-30T05:20:46.333+0000] {dag.py:3954} INFO - Setting next_dagrun for example_task_group to 2025-05-29 00:00:00+00:00, run_after=2025-05-30 00:00:00+00:00
[2025-05-30T05:20:46.350+0000] {processor.py:183} INFO - Processing /home/airflow/.local/lib/python3.12/site-packages/airflow/example_dags/example_task_group.py took 0.082 seconds
[2025-05-30T05:21:17.194+0000] {processor.py:161} INFO - Started process (PID=5548) to work on /home/airflow/.local/lib/python3.12/site-packages/airflow/example_dags/example_task_group.py
[2025-05-30T05:21:17.195+0000] {processor.py:830} INFO - Processing file /home/airflow/.local/lib/python3.12/site-packages/airflow/example_dags/example_task_group.py for tasks to queue
[2025-05-30T05:21:17.197+0000] {logging_mixin.py:188} INFO - [2025-05-30T05:21:17.197+0000] {dagbag.py:545} INFO - Filling up the DagBag from /home/airflow/.local/lib/python3.12/site-packages/airflow/example_dags/example_task_group.py
[2025-05-30T05:21:17.203+0000] {processor.py:840} INFO - DAG(s) 'example_task_group' retrieved from /home/airflow/.local/lib/python3.12/site-packages/airflow/example_dags/example_task_group.py
[2025-05-30T05:21:17.222+0000] {logging_mixin.py:188} INFO - [2025-05-30T05:21:17.222+0000] {dag.py:3096} INFO - Sync 1 DAGs
[2025-05-30T05:21:17.241+0000] {logging_mixin.py:188} INFO - [2025-05-30T05:21:17.241+0000] {dag.py:3954} INFO - Setting next_dagrun for example_task_group to 2025-05-29 00:00:00+00:00, run_after=2025-05-30 00:00:00+00:00
[2025-05-30T05:21:17.258+0000] {processor.py:183} INFO - Processing /home/airflow/.local/lib/python3.12/site-packages/airflow/example_dags/example_task_group.py took 0.070 seconds
[2025-05-30T05:21:48.354+0000] {processor.py:161} INFO - Started process (PID=5826) to work on /home/airflow/.local/lib/python3.12/site-packages/airflow/example_dags/example_task_group.py
[2025-05-30T05:21:48.355+0000] {processor.py:830} INFO - Processing file /home/airflow/.local/lib/python3.12/site-packages/airflow/example_dags/example_task_group.py for tasks to queue
[2025-05-30T05:21:48.357+0000] {logging_mixin.py:188} INFO - [2025-05-30T05:21:48.357+0000] {dagbag.py:545} INFO - Filling up the DagBag from /home/airflow/.local/lib/python3.12/site-packages/airflow/example_dags/example_task_group.py
[2025-05-30T05:21:48.365+0000] {processor.py:840} INFO - DAG(s) 'example_task_group' retrieved from /home/airflow/.local/lib/python3.12/site-packages/airflow/example_dags/example_task_group.py
[2025-05-30T05:21:48.389+0000] {logging_mixin.py:188} INFO - [2025-05-30T05:21:48.389+0000] {dag.py:3096} INFO - Sync 1 DAGs
[2025-05-30T05:21:48.414+0000] {logging_mixin.py:188} INFO - [2025-05-30T05:21:48.414+0000] {dag.py:3954} INFO - Setting next_dagrun for example_task_group to 2025-05-29 00:00:00+00:00, run_after=2025-05-30 00:00:00+00:00
[2025-05-30T05:21:48.434+0000] {processor.py:183} INFO - Processing /home/airflow/.local/lib/python3.12/site-packages/airflow/example_dags/example_task_group.py took 0.085 seconds
[2025-05-30T05:22:18.891+0000] {processor.py:161} INFO - Started process (PID=6099) to work on /home/airflow/.local/lib/python3.12/site-packages/airflow/example_dags/example_task_group.py
[2025-05-30T05:22:18.892+0000] {processor.py:830} INFO - Processing file /home/airflow/.local/lib/python3.12/site-packages/airflow/example_dags/example_task_group.py for tasks to queue
[2025-05-30T05:22:18.894+0000] {logging_mixin.py:188} INFO - [2025-05-30T05:22:18.893+0000] {dagbag.py:545} INFO - Filling up the DagBag from /home/airflow/.local/lib/python3.12/site-packages/airflow/example_dags/example_task_group.py
[2025-05-30T05:22:18.900+0000] {processor.py:840} INFO - DAG(s) 'example_task_group' retrieved from /home/airflow/.local/lib/python3.12/site-packages/airflow/example_dags/example_task_group.py
[2025-05-30T05:22:18.917+0000] {logging_mixin.py:188} INFO - [2025-05-30T05:22:18.917+0000] {dag.py:3096} INFO - Sync 1 DAGs
[2025-05-30T05:22:18.936+0000] {logging_mixin.py:188} INFO - [2025-05-30T05:22:18.936+0000] {dag.py:3954} INFO - Setting next_dagrun for example_task_group to 2025-05-29 00:00:00+00:00, run_after=2025-05-30 00:00:00+00:00
[2025-05-30T05:22:18.953+0000] {processor.py:183} INFO - Processing /home/airflow/.local/lib/python3.12/site-packages/airflow/example_dags/example_task_group.py took 0.067 seconds
[2025-05-30T05:22:50.102+0000] {processor.py:161} INFO - Started process (PID=6372) to work on /home/airflow/.local/lib/python3.12/site-packages/airflow/example_dags/example_task_group.py
[2025-05-30T05:22:50.103+0000] {processor.py:830} INFO - Processing file /home/airflow/.local/lib/python3.12/site-packages/airflow/example_dags/example_task_group.py for tasks to queue
[2025-05-30T05:22:50.104+0000] {logging_mixin.py:188} INFO - [2025-05-30T05:22:50.104+0000] {dagbag.py:545} INFO - Filling up the DagBag from /home/airflow/.local/lib/python3.12/site-packages/airflow/example_dags/example_task_group.py
[2025-05-30T05:22:50.111+0000] {processor.py:840} INFO - DAG(s) 'example_task_group' retrieved from /home/airflow/.local/lib/python3.12/site-packages/airflow/example_dags/example_task_group.py
[2025-05-30T05:22:50.128+0000] {logging_mixin.py:188} INFO - [2025-05-30T05:22:50.128+0000] {dag.py:3096} INFO - Sync 1 DAGs
[2025-05-30T05:22:50.151+0000] {logging_mixin.py:188} INFO - [2025-05-30T05:22:50.151+0000] {dag.py:3954} INFO - Setting next_dagrun for example_task_group to 2025-05-29 00:00:00+00:00, run_after=2025-05-30 00:00:00+00:00
[2025-05-30T05:22:50.171+0000] {processor.py:183} INFO - Processing /home/airflow/.local/lib/python3.12/site-packages/airflow/example_dags/example_task_group.py took 0.074 seconds
[2025-05-30T05:23:21.940+0000] {processor.py:161} INFO - Started process (PID=6645) to work on /home/airflow/.local/lib/python3.12/site-packages/airflow/example_dags/example_task_group.py
[2025-05-30T05:23:21.941+0000] {processor.py:830} INFO - Processing file /home/airflow/.local/lib/python3.12/site-packages/airflow/example_dags/example_task_group.py for tasks to queue
[2025-05-30T05:23:21.943+0000] {logging_mixin.py:188} INFO - [2025-05-30T05:23:21.943+0000] {dagbag.py:545} INFO - Filling up the DagBag from /home/airflow/.local/lib/python3.12/site-packages/airflow/example_dags/example_task_group.py
[2025-05-30T05:23:21.949+0000] {processor.py:840} INFO - DAG(s) 'example_task_group' retrieved from /home/airflow/.local/lib/python3.12/site-packages/airflow/example_dags/example_task_group.py
[2025-05-30T05:23:21.967+0000] {logging_mixin.py:188} INFO - [2025-05-30T05:23:21.966+0000] {dag.py:3096} INFO - Sync 1 DAGs
[2025-05-30T05:23:21.985+0000] {logging_mixin.py:188} INFO - [2025-05-30T05:23:21.985+0000] {dag.py:3954} INFO - Setting next_dagrun for example_task_group to 2025-05-29 00:00:00+00:00, run_after=2025-05-30 00:00:00+00:00
[2025-05-30T05:23:22.000+0000] {processor.py:183} INFO - Processing /home/airflow/.local/lib/python3.12/site-packages/airflow/example_dags/example_task_group.py took 0.065 seconds
[2025-05-30T05:23:54.169+0000] {processor.py:161} INFO - Started process (PID=6918) to work on /home/airflow/.local/lib/python3.12/site-packages/airflow/example_dags/example_task_group.py
[2025-05-30T05:23:54.170+0000] {processor.py:830} INFO - Processing file /home/airflow/.local/lib/python3.12/site-packages/airflow/example_dags/example_task_group.py for tasks to queue
[2025-05-30T05:23:54.172+0000] {logging_mixin.py:188} INFO - [2025-05-30T05:23:54.172+0000] {dagbag.py:545} INFO - Filling up the DagBag from /home/airflow/.local/lib/python3.12/site-packages/airflow/example_dags/example_task_group.py
[2025-05-30T05:23:54.180+0000] {processor.py:840} INFO - DAG(s) 'example_task_group' retrieved from /home/airflow/.local/lib/python3.12/site-packages/airflow/example_dags/example_task_group.py
[2025-05-30T05:23:54.199+0000] {logging_mixin.py:188} INFO - [2025-05-30T05:23:54.199+0000] {dag.py:3096} INFO - Sync 1 DAGs
[2025-05-30T05:23:54.333+0000] {logging_mixin.py:188} INFO - [2025-05-30T05:23:54.333+0000] {dag.py:3954} INFO - Setting next_dagrun for example_task_group to 2025-05-29 00:00:00+00:00, run_after=2025-05-30 00:00:00+00:00
[2025-05-30T05:23:54.349+0000] {processor.py:183} INFO - Processing /home/airflow/.local/lib/python3.12/site-packages/airflow/example_dags/example_task_group.py took 0.186 seconds
[2025-05-30T05:24:24.490+0000] {processor.py:161} INFO - Started process (PID=7191) to work on /home/airflow/.local/lib/python3.12/site-packages/airflow/example_dags/example_task_group.py
[2025-05-30T05:24:24.491+0000] {processor.py:830} INFO - Processing file /home/airflow/.local/lib/python3.12/site-packages/airflow/example_dags/example_task_group.py for tasks to queue
[2025-05-30T05:24:24.493+0000] {logging_mixin.py:188} INFO - [2025-05-30T05:24:24.493+0000] {dagbag.py:545} INFO - Filling up the DagBag from /home/airflow/.local/lib/python3.12/site-packages/airflow/example_dags/example_task_group.py
[2025-05-30T05:24:24.500+0000] {processor.py:840} INFO - DAG(s) 'example_task_group' retrieved from /home/airflow/.local/lib/python3.12/site-packages/airflow/example_dags/example_task_group.py
[2025-05-30T05:24:24.522+0000] {logging_mixin.py:188} INFO - [2025-05-30T05:24:24.522+0000] {dag.py:3096} INFO - Sync 1 DAGs
[2025-05-30T05:24:24.546+0000] {logging_mixin.py:188} INFO - [2025-05-30T05:24:24.545+0000] {dag.py:3954} INFO - Setting next_dagrun for example_task_group to 2025-05-29 00:00:00+00:00, run_after=2025-05-30 00:00:00+00:00
[2025-05-30T05:24:24.566+0000] {processor.py:183} INFO - Processing /home/airflow/.local/lib/python3.12/site-packages/airflow/example_dags/example_task_group.py took 0.082 seconds
[2025-05-30T05:24:55.183+0000] {processor.py:161} INFO - Started process (PID=7464) to work on /home/airflow/.local/lib/python3.12/site-packages/airflow/example_dags/example_task_group.py
[2025-05-30T05:24:55.184+0000] {processor.py:830} INFO - Processing file /home/airflow/.local/lib/python3.12/site-packages/airflow/example_dags/example_task_group.py for tasks to queue
[2025-05-30T05:24:55.186+0000] {logging_mixin.py:188} INFO - [2025-05-30T05:24:55.186+0000] {dagbag.py:545} INFO - Filling up the DagBag from /home/airflow/.local/lib/python3.12/site-packages/airflow/example_dags/example_task_group.py
[2025-05-30T05:24:55.194+0000] {processor.py:840} INFO - DAG(s) 'example_task_group' retrieved from /home/airflow/.local/lib/python3.12/site-packages/airflow/example_dags/example_task_group.py
[2025-05-30T05:24:55.220+0000] {logging_mixin.py:188} INFO - [2025-05-30T05:24:55.219+0000] {dag.py:3096} INFO - Sync 1 DAGs
[2025-05-30T05:24:55.247+0000] {logging_mixin.py:188} INFO - [2025-05-30T05:24:55.246+0000] {dag.py:3954} INFO - Setting next_dagrun for example_task_group to 2025-05-29 00:00:00+00:00, run_after=2025-05-30 00:00:00+00:00
[2025-05-30T05:24:55.271+0000] {processor.py:183} INFO - Processing /home/airflow/.local/lib/python3.12/site-packages/airflow/example_dags/example_task_group.py took 0.095 seconds
[2025-05-30T05:25:26.005+0000] {processor.py:161} INFO - Started process (PID=7737) to work on /home/airflow/.local/lib/python3.12/site-packages/airflow/example_dags/example_task_group.py
[2025-05-30T05:25:26.007+0000] {processor.py:830} INFO - Processing file /home/airflow/.local/lib/python3.12/site-packages/airflow/example_dags/example_task_group.py for tasks to queue
[2025-05-30T05:25:26.009+0000] {logging_mixin.py:188} INFO - [2025-05-30T05:25:26.009+0000] {dagbag.py:545} INFO - Filling up the DagBag from /home/airflow/.local/lib/python3.12/site-packages/airflow/example_dags/example_task_group.py
[2025-05-30T05:25:26.020+0000] {processor.py:840} INFO - DAG(s) 'example_task_group' retrieved from /home/airflow/.local/lib/python3.12/site-packages/airflow/example_dags/example_task_group.py
[2025-05-30T05:25:26.062+0000] {logging_mixin.py:188} INFO - [2025-05-30T05:25:26.062+0000] {dag.py:3096} INFO - Sync 1 DAGs
[2025-05-30T05:25:26.090+0000] {logging_mixin.py:188} INFO - [2025-05-30T05:25:26.089+0000] {dag.py:3954} INFO - Setting next_dagrun for example_task_group to 2025-05-29 00:00:00+00:00, run_after=2025-05-30 00:00:00+00:00
[2025-05-30T05:25:26.107+0000] {processor.py:183} INFO - Processing /home/airflow/.local/lib/python3.12/site-packages/airflow/example_dags/example_task_group.py took 0.108 seconds
[2025-05-30T05:25:56.802+0000] {processor.py:161} INFO - Started process (PID=8010) to work on /home/airflow/.local/lib/python3.12/site-packages/airflow/example_dags/example_task_group.py
[2025-05-30T05:25:56.804+0000] {processor.py:830} INFO - Processing file /home/airflow/.local/lib/python3.12/site-packages/airflow/example_dags/example_task_group.py for tasks to queue
[2025-05-30T05:25:56.806+0000] {logging_mixin.py:188} INFO - [2025-05-30T05:25:56.806+0000] {dagbag.py:545} INFO - Filling up the DagBag from /home/airflow/.local/lib/python3.12/site-packages/airflow/example_dags/example_task_group.py
[2025-05-30T05:25:56.818+0000] {processor.py:840} INFO - DAG(s) 'example_task_group' retrieved from /home/airflow/.local/lib/python3.12/site-packages/airflow/example_dags/example_task_group.py
[2025-05-30T05:25:56.852+0000] {logging_mixin.py:188} INFO - [2025-05-30T05:25:56.852+0000] {dag.py:3096} INFO - Sync 1 DAGs
[2025-05-30T05:25:56.898+0000] {logging_mixin.py:188} INFO - [2025-05-30T05:25:56.897+0000] {dag.py:3954} INFO - Setting next_dagrun for example_task_group to 2025-05-29 00:00:00+00:00, run_after=2025-05-30 00:00:00+00:00
[2025-05-30T05:25:56.926+0000] {processor.py:183} INFO - Processing /home/airflow/.local/lib/python3.12/site-packages/airflow/example_dags/example_task_group.py took 0.132 seconds
[2025-05-30T05:26:27.872+0000] {processor.py:161} INFO - Started process (PID=8283) to work on /home/airflow/.local/lib/python3.12/site-packages/airflow/example_dags/example_task_group.py
[2025-05-30T05:26:27.873+0000] {processor.py:830} INFO - Processing file /home/airflow/.local/lib/python3.12/site-packages/airflow/example_dags/example_task_group.py for tasks to queue
[2025-05-30T05:26:27.876+0000] {logging_mixin.py:188} INFO - [2025-05-30T05:26:27.875+0000] {dagbag.py:545} INFO - Filling up the DagBag from /home/airflow/.local/lib/python3.12/site-packages/airflow/example_dags/example_task_group.py
[2025-05-30T05:26:27.886+0000] {processor.py:840} INFO - DAG(s) 'example_task_group' retrieved from /home/airflow/.local/lib/python3.12/site-packages/airflow/example_dags/example_task_group.py
[2025-05-30T05:26:27.916+0000] {logging_mixin.py:188} INFO - [2025-05-30T05:26:27.916+0000] {dag.py:3096} INFO - Sync 1 DAGs
[2025-05-30T05:26:27.948+0000] {logging_mixin.py:188} INFO - [2025-05-30T05:26:27.947+0000] {dag.py:3954} INFO - Setting next_dagrun for example_task_group to 2025-05-29 00:00:00+00:00, run_after=2025-05-30 00:00:00+00:00
[2025-05-30T05:26:27.971+0000] {processor.py:183} INFO - Processing /home/airflow/.local/lib/python3.12/site-packages/airflow/example_dags/example_task_group.py took 0.106 seconds
[2025-05-30T05:26:58.784+0000] {processor.py:161} INFO - Started process (PID=8555) to work on /home/airflow/.local/lib/python3.12/site-packages/airflow/example_dags/example_task_group.py
[2025-05-30T05:26:58.785+0000] {processor.py:830} INFO - Processing file /home/airflow/.local/lib/python3.12/site-packages/airflow/example_dags/example_task_group.py for tasks to queue
[2025-05-30T05:26:58.787+0000] {logging_mixin.py:188} INFO - [2025-05-30T05:26:58.786+0000] {dagbag.py:545} INFO - Filling up the DagBag from /home/airflow/.local/lib/python3.12/site-packages/airflow/example_dags/example_task_group.py
[2025-05-30T05:26:58.795+0000] {processor.py:840} INFO - DAG(s) 'example_task_group' retrieved from /home/airflow/.local/lib/python3.12/site-packages/airflow/example_dags/example_task_group.py
[2025-05-30T05:26:58.817+0000] {logging_mixin.py:188} INFO - [2025-05-30T05:26:58.816+0000] {dag.py:3096} INFO - Sync 1 DAGs
[2025-05-30T05:26:58.842+0000] {logging_mixin.py:188} INFO - [2025-05-30T05:26:58.842+0000] {dag.py:3954} INFO - Setting next_dagrun for example_task_group to 2025-05-29 00:00:00+00:00, run_after=2025-05-30 00:00:00+00:00
[2025-05-30T05:26:58.863+0000] {processor.py:183} INFO - Processing /home/airflow/.local/lib/python3.12/site-packages/airflow/example_dags/example_task_group.py took 0.084 seconds
[2025-05-30T05:27:29.738+0000] {processor.py:161} INFO - Started process (PID=8828) to work on /home/airflow/.local/lib/python3.12/site-packages/airflow/example_dags/example_task_group.py
[2025-05-30T05:27:29.740+0000] {processor.py:830} INFO - Processing file /home/airflow/.local/lib/python3.12/site-packages/airflow/example_dags/example_task_group.py for tasks to queue
[2025-05-30T05:27:29.742+0000] {logging_mixin.py:188} INFO - [2025-05-30T05:27:29.742+0000] {dagbag.py:545} INFO - Filling up the DagBag from /home/airflow/.local/lib/python3.12/site-packages/airflow/example_dags/example_task_group.py
[2025-05-30T05:27:29.755+0000] {processor.py:840} INFO - DAG(s) 'example_task_group' retrieved from /home/airflow/.local/lib/python3.12/site-packages/airflow/example_dags/example_task_group.py
[2025-05-30T05:27:29.785+0000] {logging_mixin.py:188} INFO - [2025-05-30T05:27:29.785+0000] {dag.py:3096} INFO - Sync 1 DAGs
[2025-05-30T05:27:29.818+0000] {logging_mixin.py:188} INFO - [2025-05-30T05:27:29.818+0000] {dag.py:3954} INFO - Setting next_dagrun for example_task_group to 2025-05-29 00:00:00+00:00, run_after=2025-05-30 00:00:00+00:00
[2025-05-30T05:27:29.857+0000] {processor.py:183} INFO - Processing /home/airflow/.local/lib/python3.12/site-packages/airflow/example_dags/example_task_group.py took 0.126 seconds
[2025-05-30T05:28:00.233+0000] {processor.py:161} INFO - Started process (PID=9098) to work on /home/airflow/.local/lib/python3.12/site-packages/airflow/example_dags/example_task_group.py
[2025-05-30T05:28:00.234+0000] {processor.py:830} INFO - Processing file /home/airflow/.local/lib/python3.12/site-packages/airflow/example_dags/example_task_group.py for tasks to queue
[2025-05-30T05:28:00.237+0000] {logging_mixin.py:188} INFO - [2025-05-30T05:28:00.236+0000] {dagbag.py:545} INFO - Filling up the DagBag from /home/airflow/.local/lib/python3.12/site-packages/airflow/example_dags/example_task_group.py
[2025-05-30T05:28:00.247+0000] {processor.py:840} INFO - DAG(s) 'example_task_group' retrieved from /home/airflow/.local/lib/python3.12/site-packages/airflow/example_dags/example_task_group.py
[2025-05-30T05:28:00.277+0000] {logging_mixin.py:188} INFO - [2025-05-30T05:28:00.277+0000] {dag.py:3096} INFO - Sync 1 DAGs
[2025-05-30T05:28:00.302+0000] {logging_mixin.py:188} INFO - [2025-05-30T05:28:00.302+0000] {dag.py:3954} INFO - Setting next_dagrun for example_task_group to 2025-05-29 00:00:00+00:00, run_after=2025-05-30 00:00:00+00:00
[2025-05-30T05:28:00.333+0000] {processor.py:183} INFO - Processing /home/airflow/.local/lib/python3.12/site-packages/airflow/example_dags/example_task_group.py took 0.106 seconds
[2025-05-30T05:28:30.956+0000] {processor.py:161} INFO - Started process (PID=9374) to work on /home/airflow/.local/lib/python3.12/site-packages/airflow/example_dags/example_task_group.py
[2025-05-30T05:28:30.957+0000] {processor.py:830} INFO - Processing file /home/airflow/.local/lib/python3.12/site-packages/airflow/example_dags/example_task_group.py for tasks to queue
[2025-05-30T05:28:30.958+0000] {logging_mixin.py:188} INFO - [2025-05-30T05:28:30.958+0000] {dagbag.py:545} INFO - Filling up the DagBag from /home/airflow/.local/lib/python3.12/site-packages/airflow/example_dags/example_task_group.py
[2025-05-30T05:28:30.964+0000] {processor.py:840} INFO - DAG(s) 'example_task_group' retrieved from /home/airflow/.local/lib/python3.12/site-packages/airflow/example_dags/example_task_group.py
[2025-05-30T05:28:30.984+0000] {logging_mixin.py:188} INFO - [2025-05-30T05:28:30.984+0000] {dag.py:3096} INFO - Sync 1 DAGs
[2025-05-30T05:28:31.002+0000] {logging_mixin.py:188} INFO - [2025-05-30T05:28:31.002+0000] {dag.py:3954} INFO - Setting next_dagrun for example_task_group to 2025-05-29 00:00:00+00:00, run_after=2025-05-30 00:00:00+00:00
[2025-05-30T05:28:31.018+0000] {processor.py:183} INFO - Processing /home/airflow/.local/lib/python3.12/site-packages/airflow/example_dags/example_task_group.py took 0.067 seconds
[2025-05-30T05:29:01.740+0000] {processor.py:161} INFO - Started process (PID=9647) to work on /home/airflow/.local/lib/python3.12/site-packages/airflow/example_dags/example_task_group.py
[2025-05-30T05:29:01.741+0000] {processor.py:830} INFO - Processing file /home/airflow/.local/lib/python3.12/site-packages/airflow/example_dags/example_task_group.py for tasks to queue
[2025-05-30T05:29:01.744+0000] {logging_mixin.py:188} INFO - [2025-05-30T05:29:01.743+0000] {dagbag.py:545} INFO - Filling up the DagBag from /home/airflow/.local/lib/python3.12/site-packages/airflow/example_dags/example_task_group.py
[2025-05-30T05:29:01.753+0000] {processor.py:840} INFO - DAG(s) 'example_task_group' retrieved from /home/airflow/.local/lib/python3.12/site-packages/airflow/example_dags/example_task_group.py
[2025-05-30T05:29:01.779+0000] {logging_mixin.py:188} INFO - [2025-05-30T05:29:01.778+0000] {dag.py:3096} INFO - Sync 1 DAGs
[2025-05-30T05:29:01.808+0000] {logging_mixin.py:188} INFO - [2025-05-30T05:29:01.807+0000] {dag.py:3954} INFO - Setting next_dagrun for example_task_group to 2025-05-29 00:00:00+00:00, run_after=2025-05-30 00:00:00+00:00
[2025-05-30T05:29:01.833+0000] {processor.py:183} INFO - Processing /home/airflow/.local/lib/python3.12/site-packages/airflow/example_dags/example_task_group.py took 0.101 seconds
[2025-05-30T05:29:32.639+0000] {processor.py:161} INFO - Started process (PID=9920) to work on /home/airflow/.local/lib/python3.12/site-packages/airflow/example_dags/example_task_group.py
[2025-05-30T05:29:32.640+0000] {processor.py:830} INFO - Processing file /home/airflow/.local/lib/python3.12/site-packages/airflow/example_dags/example_task_group.py for tasks to queue
[2025-05-30T05:29:32.642+0000] {logging_mixin.py:188} INFO - [2025-05-30T05:29:32.642+0000] {dagbag.py:545} INFO - Filling up the DagBag from /home/airflow/.local/lib/python3.12/site-packages/airflow/example_dags/example_task_group.py
[2025-05-30T05:29:32.650+0000] {processor.py:840} INFO - DAG(s) 'example_task_group' retrieved from /home/airflow/.local/lib/python3.12/site-packages/airflow/example_dags/example_task_group.py
[2025-05-30T05:29:32.673+0000] {logging_mixin.py:188} INFO - [2025-05-30T05:29:32.673+0000] {dag.py:3096} INFO - Sync 1 DAGs
[2025-05-30T05:29:32.701+0000] {logging_mixin.py:188} INFO - [2025-05-30T05:29:32.700+0000] {dag.py:3954} INFO - Setting next_dagrun for example_task_group to 2025-05-29 00:00:00+00:00, run_after=2025-05-30 00:00:00+00:00
[2025-05-30T05:29:32.727+0000] {processor.py:183} INFO - Processing /home/airflow/.local/lib/python3.12/site-packages/airflow/example_dags/example_task_group.py took 0.095 seconds
[2025-05-30T05:30:02.956+0000] {processor.py:161} INFO - Started process (PID=10193) to work on /home/airflow/.local/lib/python3.12/site-packages/airflow/example_dags/example_task_group.py
[2025-05-30T05:30:02.957+0000] {processor.py:830} INFO - Processing file /home/airflow/.local/lib/python3.12/site-packages/airflow/example_dags/example_task_group.py for tasks to queue
[2025-05-30T05:30:02.960+0000] {logging_mixin.py:188} INFO - [2025-05-30T05:30:02.959+0000] {dagbag.py:545} INFO - Filling up the DagBag from /home/airflow/.local/lib/python3.12/site-packages/airflow/example_dags/example_task_group.py
[2025-05-30T05:30:02.968+0000] {processor.py:840} INFO - DAG(s) 'example_task_group' retrieved from /home/airflow/.local/lib/python3.12/site-packages/airflow/example_dags/example_task_group.py
[2025-05-30T05:30:02.995+0000] {logging_mixin.py:188} INFO - [2025-05-30T05:30:02.995+0000] {dag.py:3096} INFO - Sync 1 DAGs
[2025-05-30T05:30:03.020+0000] {logging_mixin.py:188} INFO - [2025-05-30T05:30:03.020+0000] {dag.py:3954} INFO - Setting next_dagrun for example_task_group to 2025-05-29 00:00:00+00:00, run_after=2025-05-30 00:00:00+00:00
[2025-05-30T05:30:03.053+0000] {processor.py:183} INFO - Processing /home/airflow/.local/lib/python3.12/site-packages/airflow/example_dags/example_task_group.py took 0.104 seconds
[2025-05-30T05:30:33.220+0000] {processor.py:161} INFO - Started process (PID=10465) to work on /home/airflow/.local/lib/python3.12/site-packages/airflow/example_dags/example_task_group.py
[2025-05-30T05:30:33.221+0000] {processor.py:830} INFO - Processing file /home/airflow/.local/lib/python3.12/site-packages/airflow/example_dags/example_task_group.py for tasks to queue
[2025-05-30T05:30:33.223+0000] {logging_mixin.py:188} INFO - [2025-05-30T05:30:33.223+0000] {dagbag.py:545} INFO - Filling up the DagBag from /home/airflow/.local/lib/python3.12/site-packages/airflow/example_dags/example_task_group.py
[2025-05-30T05:30:33.229+0000] {processor.py:840} INFO - DAG(s) 'example_task_group' retrieved from /home/airflow/.local/lib/python3.12/site-packages/airflow/example_dags/example_task_group.py
[2025-05-30T05:30:33.247+0000] {logging_mixin.py:188} INFO - [2025-05-30T05:30:33.246+0000] {dag.py:3096} INFO - Sync 1 DAGs
[2025-05-30T05:30:33.266+0000] {logging_mixin.py:188} INFO - [2025-05-30T05:30:33.265+0000] {dag.py:3954} INFO - Setting next_dagrun for example_task_group to 2025-05-29 00:00:00+00:00, run_after=2025-05-30 00:00:00+00:00
[2025-05-30T05:30:33.292+0000] {processor.py:183} INFO - Processing /home/airflow/.local/lib/python3.12/site-packages/airflow/example_dags/example_task_group.py took 0.078 seconds
[2025-05-30T05:31:03.461+0000] {processor.py:161} INFO - Started process (PID=10735) to work on /home/airflow/.local/lib/python3.12/site-packages/airflow/example_dags/example_task_group.py
[2025-05-30T05:31:03.462+0000] {processor.py:830} INFO - Processing file /home/airflow/.local/lib/python3.12/site-packages/airflow/example_dags/example_task_group.py for tasks to queue
[2025-05-30T05:31:03.464+0000] {logging_mixin.py:188} INFO - [2025-05-30T05:31:03.464+0000] {dagbag.py:545} INFO - Filling up the DagBag from /home/airflow/.local/lib/python3.12/site-packages/airflow/example_dags/example_task_group.py
[2025-05-30T05:31:03.472+0000] {processor.py:840} INFO - DAG(s) 'example_task_group' retrieved from /home/airflow/.local/lib/python3.12/site-packages/airflow/example_dags/example_task_group.py
[2025-05-30T05:31:03.496+0000] {logging_mixin.py:188} INFO - [2025-05-30T05:31:03.495+0000] {dag.py:3096} INFO - Sync 1 DAGs
[2025-05-30T05:31:03.527+0000] {logging_mixin.py:188} INFO - [2025-05-30T05:31:03.527+0000] {dag.py:3954} INFO - Setting next_dagrun for example_task_group to 2025-05-29 00:00:00+00:00, run_after=2025-05-30 00:00:00+00:00
[2025-05-30T05:31:03.561+0000] {processor.py:183} INFO - Processing /home/airflow/.local/lib/python3.12/site-packages/airflow/example_dags/example_task_group.py took 0.108 seconds
[2025-05-30T05:31:33.784+0000] {processor.py:161} INFO - Started process (PID=11008) to work on /home/airflow/.local/lib/python3.12/site-packages/airflow/example_dags/example_task_group.py
[2025-05-30T05:31:33.787+0000] {processor.py:830} INFO - Processing file /home/airflow/.local/lib/python3.12/site-packages/airflow/example_dags/example_task_group.py for tasks to queue
[2025-05-30T05:31:33.791+0000] {logging_mixin.py:188} INFO - [2025-05-30T05:31:33.791+0000] {dagbag.py:545} INFO - Filling up the DagBag from /home/airflow/.local/lib/python3.12/site-packages/airflow/example_dags/example_task_group.py
[2025-05-30T05:31:33.798+0000] {processor.py:840} INFO - DAG(s) 'example_task_group' retrieved from /home/airflow/.local/lib/python3.12/site-packages/airflow/example_dags/example_task_group.py
[2025-05-30T05:31:33.821+0000] {logging_mixin.py:188} INFO - [2025-05-30T05:31:33.821+0000] {dag.py:3096} INFO - Sync 1 DAGs
[2025-05-30T05:31:33.846+0000] {logging_mixin.py:188} INFO - [2025-05-30T05:31:33.846+0000] {dag.py:3954} INFO - Setting next_dagrun for example_task_group to 2025-05-29 00:00:00+00:00, run_after=2025-05-30 00:00:00+00:00
[2025-05-30T05:31:33.871+0000] {processor.py:183} INFO - Processing /home/airflow/.local/lib/python3.12/site-packages/airflow/example_dags/example_task_group.py took 0.093 seconds
[2025-05-30T05:32:03.926+0000] {processor.py:161} INFO - Started process (PID=11279) to work on /home/airflow/.local/lib/python3.12/site-packages/airflow/example_dags/example_task_group.py
[2025-05-30T05:32:03.926+0000] {processor.py:830} INFO - Processing file /home/airflow/.local/lib/python3.12/site-packages/airflow/example_dags/example_task_group.py for tasks to queue
[2025-05-30T05:32:03.928+0000] {logging_mixin.py:188} INFO - [2025-05-30T05:32:03.928+0000] {dagbag.py:545} INFO - Filling up the DagBag from /home/airflow/.local/lib/python3.12/site-packages/airflow/example_dags/example_task_group.py
[2025-05-30T05:32:03.934+0000] {processor.py:840} INFO - DAG(s) 'example_task_group' retrieved from /home/airflow/.local/lib/python3.12/site-packages/airflow/example_dags/example_task_group.py
[2025-05-30T05:32:03.957+0000] {logging_mixin.py:188} INFO - [2025-05-30T05:32:03.956+0000] {dag.py:3096} INFO - Sync 1 DAGs
[2025-05-30T05:32:03.984+0000] {logging_mixin.py:188} INFO - [2025-05-30T05:32:03.984+0000] {dag.py:3954} INFO - Setting next_dagrun for example_task_group to 2025-05-29 00:00:00+00:00, run_after=2025-05-30 00:00:00+00:00
[2025-05-30T05:32:04.021+0000] {processor.py:183} INFO - Processing /home/airflow/.local/lib/python3.12/site-packages/airflow/example_dags/example_task_group.py took 0.100 seconds
[2025-05-30T05:32:35.220+0000] {processor.py:161} INFO - Started process (PID=11557) to work on /home/airflow/.local/lib/python3.12/site-packages/airflow/example_dags/example_task_group.py
[2025-05-30T05:32:35.220+0000] {processor.py:830} INFO - Processing file /home/airflow/.local/lib/python3.12/site-packages/airflow/example_dags/example_task_group.py for tasks to queue
[2025-05-30T05:32:35.222+0000] {logging_mixin.py:188} INFO - [2025-05-30T05:32:35.222+0000] {dagbag.py:545} INFO - Filling up the DagBag from /home/airflow/.local/lib/python3.12/site-packages/airflow/example_dags/example_task_group.py
[2025-05-30T05:32:35.229+0000] {processor.py:840} INFO - DAG(s) 'example_task_group' retrieved from /home/airflow/.local/lib/python3.12/site-packages/airflow/example_dags/example_task_group.py
[2025-05-30T05:32:35.254+0000] {logging_mixin.py:188} INFO - [2025-05-30T05:32:35.253+0000] {dag.py:3096} INFO - Sync 1 DAGs
[2025-05-30T05:32:35.273+0000] {logging_mixin.py:188} INFO - [2025-05-30T05:32:35.273+0000] {dag.py:3954} INFO - Setting next_dagrun for example_task_group to 2025-05-29 00:00:00+00:00, run_after=2025-05-30 00:00:00+00:00
[2025-05-30T05:32:35.291+0000] {processor.py:183} INFO - Processing /home/airflow/.local/lib/python3.12/site-packages/airflow/example_dags/example_task_group.py took 0.076 seconds
[2025-05-30T05:40:03.279+0000] {processor.py:161} INFO - Started process (PID=354) to work on /home/airflow/.local/lib/python3.12/site-packages/airflow/example_dags/example_task_group.py
[2025-05-30T05:40:03.281+0000] {processor.py:830} INFO - Processing file /home/airflow/.local/lib/python3.12/site-packages/airflow/example_dags/example_task_group.py for tasks to queue
[2025-05-30T05:40:03.285+0000] {logging_mixin.py:188} INFO - [2025-05-30T05:40:03.284+0000] {dagbag.py:545} INFO - Filling up the DagBag from /home/airflow/.local/lib/python3.12/site-packages/airflow/example_dags/example_task_group.py
[2025-05-30T05:40:03.304+0000] {processor.py:840} INFO - DAG(s) 'example_task_group' retrieved from /home/airflow/.local/lib/python3.12/site-packages/airflow/example_dags/example_task_group.py
[2025-05-30T05:40:03.352+0000] {logging_mixin.py:188} INFO - [2025-05-30T05:40:03.351+0000] {dag.py:3096} INFO - Sync 1 DAGs
[2025-05-30T05:40:03.435+0000] {logging_mixin.py:188} INFO - [2025-05-30T05:40:03.435+0000] {dag.py:3954} INFO - Setting next_dagrun for example_task_group to 2025-05-29 00:00:00+00:00, run_after=2025-05-30 00:00:00+00:00
[2025-05-30T05:40:03.544+0000] {processor.py:183} INFO - Processing /home/airflow/.local/lib/python3.12/site-packages/airflow/example_dags/example_task_group.py took 0.274 seconds
[2025-05-30T05:40:35.601+0000] {processor.py:161} INFO - Started process (PID=627) to work on /home/airflow/.local/lib/python3.12/site-packages/airflow/example_dags/example_task_group.py
[2025-05-30T05:40:35.602+0000] {processor.py:830} INFO - Processing file /home/airflow/.local/lib/python3.12/site-packages/airflow/example_dags/example_task_group.py for tasks to queue
[2025-05-30T05:40:35.604+0000] {logging_mixin.py:188} INFO - [2025-05-30T05:40:35.603+0000] {dagbag.py:545} INFO - Filling up the DagBag from /home/airflow/.local/lib/python3.12/site-packages/airflow/example_dags/example_task_group.py
[2025-05-30T05:40:35.610+0000] {processor.py:840} INFO - DAG(s) 'example_task_group' retrieved from /home/airflow/.local/lib/python3.12/site-packages/airflow/example_dags/example_task_group.py
[2025-05-30T05:40:35.715+0000] {logging_mixin.py:188} INFO - [2025-05-30T05:40:35.715+0000] {dag.py:3096} INFO - Sync 1 DAGs
[2025-05-30T05:40:35.733+0000] {logging_mixin.py:188} INFO - [2025-05-30T05:40:35.733+0000] {dag.py:3954} INFO - Setting next_dagrun for example_task_group to 2025-05-29 00:00:00+00:00, run_after=2025-05-30 00:00:00+00:00
[2025-05-30T05:40:35.749+0000] {processor.py:183} INFO - Processing /home/airflow/.local/lib/python3.12/site-packages/airflow/example_dags/example_task_group.py took 0.154 seconds
[2025-05-30T05:41:06.350+0000] {processor.py:161} INFO - Started process (PID=900) to work on /home/airflow/.local/lib/python3.12/site-packages/airflow/example_dags/example_task_group.py
[2025-05-30T05:41:06.351+0000] {processor.py:830} INFO - Processing file /home/airflow/.local/lib/python3.12/site-packages/airflow/example_dags/example_task_group.py for tasks to queue
[2025-05-30T05:41:06.353+0000] {logging_mixin.py:188} INFO - [2025-05-30T05:41:06.353+0000] {dagbag.py:545} INFO - Filling up the DagBag from /home/airflow/.local/lib/python3.12/site-packages/airflow/example_dags/example_task_group.py
[2025-05-30T05:41:06.359+0000] {processor.py:840} INFO - DAG(s) 'example_task_group' retrieved from /home/airflow/.local/lib/python3.12/site-packages/airflow/example_dags/example_task_group.py
[2025-05-30T05:41:06.378+0000] {logging_mixin.py:188} INFO - [2025-05-30T05:41:06.377+0000] {dag.py:3096} INFO - Sync 1 DAGs
[2025-05-30T05:41:06.399+0000] {logging_mixin.py:188} INFO - [2025-05-30T05:41:06.399+0000] {dag.py:3954} INFO - Setting next_dagrun for example_task_group to 2025-05-29 00:00:00+00:00, run_after=2025-05-30 00:00:00+00:00
[2025-05-30T05:41:06.418+0000] {processor.py:183} INFO - Processing /home/airflow/.local/lib/python3.12/site-packages/airflow/example_dags/example_task_group.py took 0.072 seconds
