[2025-05-30T04:40:35.555+0000] {processor.py:161} INFO - Started process (PID=273) to work on /home/airflow/.local/lib/python3.12/site-packages/airflow/example_dags/example_complex.py
[2025-05-30T04:40:35.555+0000] {processor.py:830} INFO - Processing file /home/airflow/.local/lib/python3.12/site-packages/airflow/example_dags/example_complex.py for tasks to queue
[2025-05-30T04:40:35.557+0000] {logging_mixin.py:188} INFO - [2025-05-30T04:40:35.557+0000] {dagbag.py:545} INFO - Filling up the DagBag from /home/airflow/.local/lib/python3.12/site-packages/airflow/example_dags/example_complex.py
[2025-05-30T04:40:35.571+0000] {processor.py:840} INFO - DAG(s) 'example_complex' retrieved from /home/airflow/.local/lib/python3.12/site-packages/airflow/example_dags/example_complex.py
[2025-05-30T04:40:35.617+0000] {logging_mixin.py:188} INFO - [2025-05-30T04:40:35.616+0000] {dag.py:3096} INFO - Sync 1 DAGs
[2025-05-30T04:40:35.629+0000] {logging_mixin.py:188} INFO - [2025-05-30T04:40:35.629+0000] {dag.py:3954} INFO - Setting next_dagrun for example_complex to None, run_after=None
[2025-05-30T04:40:35.647+0000] {processor.py:183} INFO - Processing /home/airflow/.local/lib/python3.12/site-packages/airflow/example_dags/example_complex.py took 0.098 seconds
[2025-05-30T04:41:06.890+0000] {processor.py:161} INFO - Started process (PID=546) to work on /home/airflow/.local/lib/python3.12/site-packages/airflow/example_dags/example_complex.py
[2025-05-30T04:41:06.891+0000] {processor.py:830} INFO - Processing file /home/airflow/.local/lib/python3.12/site-packages/airflow/example_dags/example_complex.py for tasks to queue
[2025-05-30T04:41:06.893+0000] {logging_mixin.py:188} INFO - [2025-05-30T04:41:06.892+0000] {dagbag.py:545} INFO - Filling up the DagBag from /home/airflow/.local/lib/python3.12/site-packages/airflow/example_dags/example_complex.py
[2025-05-30T04:41:06.906+0000] {processor.py:840} INFO - DAG(s) 'example_complex' retrieved from /home/airflow/.local/lib/python3.12/site-packages/airflow/example_dags/example_complex.py
[2025-05-30T04:41:06.936+0000] {logging_mixin.py:188} INFO - [2025-05-30T04:41:06.936+0000] {dag.py:3096} INFO - Sync 1 DAGs
[2025-05-30T04:41:06.948+0000] {logging_mixin.py:188} INFO - [2025-05-30T04:41:06.948+0000] {dag.py:3954} INFO - Setting next_dagrun for example_complex to None, run_after=None
[2025-05-30T04:41:06.972+0000] {processor.py:183} INFO - Processing /home/airflow/.local/lib/python3.12/site-packages/airflow/example_dags/example_complex.py took 0.089 seconds
[2025-05-30T04:41:37.707+0000] {processor.py:161} INFO - Started process (PID=819) to work on /home/airflow/.local/lib/python3.12/site-packages/airflow/example_dags/example_complex.py
[2025-05-30T04:41:37.708+0000] {processor.py:830} INFO - Processing file /home/airflow/.local/lib/python3.12/site-packages/airflow/example_dags/example_complex.py for tasks to queue
[2025-05-30T04:41:37.709+0000] {logging_mixin.py:188} INFO - [2025-05-30T04:41:37.709+0000] {dagbag.py:545} INFO - Filling up the DagBag from /home/airflow/.local/lib/python3.12/site-packages/airflow/example_dags/example_complex.py
[2025-05-30T04:41:37.718+0000] {processor.py:840} INFO - DAG(s) 'example_complex' retrieved from /home/airflow/.local/lib/python3.12/site-packages/airflow/example_dags/example_complex.py
[2025-05-30T04:41:37.744+0000] {logging_mixin.py:188} INFO - [2025-05-30T04:41:37.744+0000] {dag.py:3096} INFO - Sync 1 DAGs
[2025-05-30T04:41:37.755+0000] {logging_mixin.py:188} INFO - [2025-05-30T04:41:37.755+0000] {dag.py:3954} INFO - Setting next_dagrun for example_complex to None, run_after=None
[2025-05-30T04:41:37.774+0000] {processor.py:183} INFO - Processing /home/airflow/.local/lib/python3.12/site-packages/airflow/example_dags/example_complex.py took 0.073 seconds
[2025-05-30T04:42:09.070+0000] {processor.py:161} INFO - Started process (PID=1091) to work on /home/airflow/.local/lib/python3.12/site-packages/airflow/example_dags/example_complex.py
[2025-05-30T04:42:09.072+0000] {processor.py:830} INFO - Processing file /home/airflow/.local/lib/python3.12/site-packages/airflow/example_dags/example_complex.py for tasks to queue
[2025-05-30T04:42:09.076+0000] {logging_mixin.py:188} INFO - [2025-05-30T04:42:09.076+0000] {dagbag.py:545} INFO - Filling up the DagBag from /home/airflow/.local/lib/python3.12/site-packages/airflow/example_dags/example_complex.py
[2025-05-30T04:42:09.092+0000] {processor.py:840} INFO - DAG(s) 'example_complex' retrieved from /home/airflow/.local/lib/python3.12/site-packages/airflow/example_dags/example_complex.py
[2025-05-30T04:42:09.139+0000] {logging_mixin.py:188} INFO - [2025-05-30T04:42:09.138+0000] {dag.py:3096} INFO - Sync 1 DAGs
[2025-05-30T04:42:09.160+0000] {logging_mixin.py:188} INFO - [2025-05-30T04:42:09.159+0000] {dag.py:3954} INFO - Setting next_dagrun for example_complex to None, run_after=None
[2025-05-30T04:42:09.193+0000] {processor.py:183} INFO - Processing /home/airflow/.local/lib/python3.12/site-packages/airflow/example_dags/example_complex.py took 0.132 seconds
[2025-05-30T04:42:40.305+0000] {processor.py:161} INFO - Started process (PID=1364) to work on /home/airflow/.local/lib/python3.12/site-packages/airflow/example_dags/example_complex.py
[2025-05-30T04:42:40.308+0000] {processor.py:830} INFO - Processing file /home/airflow/.local/lib/python3.12/site-packages/airflow/example_dags/example_complex.py for tasks to queue
[2025-05-30T04:42:40.311+0000] {logging_mixin.py:188} INFO - [2025-05-30T04:42:40.310+0000] {dagbag.py:545} INFO - Filling up the DagBag from /home/airflow/.local/lib/python3.12/site-packages/airflow/example_dags/example_complex.py
[2025-05-30T04:42:40.328+0000] {processor.py:840} INFO - DAG(s) 'example_complex' retrieved from /home/airflow/.local/lib/python3.12/site-packages/airflow/example_dags/example_complex.py
[2025-05-30T04:42:40.369+0000] {logging_mixin.py:188} INFO - [2025-05-30T04:42:40.369+0000] {dag.py:3096} INFO - Sync 1 DAGs
[2025-05-30T04:42:40.382+0000] {logging_mixin.py:188} INFO - [2025-05-30T04:42:40.382+0000] {dag.py:3954} INFO - Setting next_dagrun for example_complex to None, run_after=None
[2025-05-30T04:42:40.402+0000] {processor.py:183} INFO - Processing /home/airflow/.local/lib/python3.12/site-packages/airflow/example_dags/example_complex.py took 0.105 seconds
[2025-05-30T04:43:10.997+0000] {processor.py:161} INFO - Started process (PID=1639) to work on /home/airflow/.local/lib/python3.12/site-packages/airflow/example_dags/example_complex.py
[2025-05-30T04:43:10.998+0000] {processor.py:830} INFO - Processing file /home/airflow/.local/lib/python3.12/site-packages/airflow/example_dags/example_complex.py for tasks to queue
[2025-05-30T04:43:11.000+0000] {logging_mixin.py:188} INFO - [2025-05-30T04:43:10.999+0000] {dagbag.py:545} INFO - Filling up the DagBag from /home/airflow/.local/lib/python3.12/site-packages/airflow/example_dags/example_complex.py
[2025-05-30T04:43:11.012+0000] {processor.py:840} INFO - DAG(s) 'example_complex' retrieved from /home/airflow/.local/lib/python3.12/site-packages/airflow/example_dags/example_complex.py
[2025-05-30T04:43:11.050+0000] {logging_mixin.py:188} INFO - [2025-05-30T04:43:11.050+0000] {dag.py:3096} INFO - Sync 1 DAGs
[2025-05-30T04:43:11.066+0000] {logging_mixin.py:188} INFO - [2025-05-30T04:43:11.066+0000] {dag.py:3954} INFO - Setting next_dagrun for example_complex to None, run_after=None
[2025-05-30T04:43:11.090+0000] {processor.py:183} INFO - Processing /home/airflow/.local/lib/python3.12/site-packages/airflow/example_dags/example_complex.py took 0.099 seconds
[2025-05-30T04:43:41.724+0000] {processor.py:161} INFO - Started process (PID=1909) to work on /home/airflow/.local/lib/python3.12/site-packages/airflow/example_dags/example_complex.py
[2025-05-30T04:43:41.725+0000] {processor.py:830} INFO - Processing file /home/airflow/.local/lib/python3.12/site-packages/airflow/example_dags/example_complex.py for tasks to queue
[2025-05-30T04:43:41.727+0000] {logging_mixin.py:188} INFO - [2025-05-30T04:43:41.727+0000] {dagbag.py:545} INFO - Filling up the DagBag from /home/airflow/.local/lib/python3.12/site-packages/airflow/example_dags/example_complex.py
[2025-05-30T04:43:41.736+0000] {processor.py:840} INFO - DAG(s) 'example_complex' retrieved from /home/airflow/.local/lib/python3.12/site-packages/airflow/example_dags/example_complex.py
[2025-05-30T04:43:41.765+0000] {logging_mixin.py:188} INFO - [2025-05-30T04:43:41.764+0000] {dag.py:3096} INFO - Sync 1 DAGs
[2025-05-30T04:43:41.776+0000] {logging_mixin.py:188} INFO - [2025-05-30T04:43:41.776+0000] {dag.py:3954} INFO - Setting next_dagrun for example_complex to None, run_after=None
[2025-05-30T04:43:41.797+0000] {processor.py:183} INFO - Processing /home/airflow/.local/lib/python3.12/site-packages/airflow/example_dags/example_complex.py took 0.077 seconds
[2025-05-30T04:44:11.960+0000] {processor.py:161} INFO - Started process (PID=2182) to work on /home/airflow/.local/lib/python3.12/site-packages/airflow/example_dags/example_complex.py
[2025-05-30T04:44:11.961+0000] {processor.py:830} INFO - Processing file /home/airflow/.local/lib/python3.12/site-packages/airflow/example_dags/example_complex.py for tasks to queue
[2025-05-30T04:44:11.963+0000] {logging_mixin.py:188} INFO - [2025-05-30T04:44:11.963+0000] {dagbag.py:545} INFO - Filling up the DagBag from /home/airflow/.local/lib/python3.12/site-packages/airflow/example_dags/example_complex.py
[2025-05-30T04:44:11.972+0000] {processor.py:840} INFO - DAG(s) 'example_complex' retrieved from /home/airflow/.local/lib/python3.12/site-packages/airflow/example_dags/example_complex.py
[2025-05-30T04:44:12.000+0000] {logging_mixin.py:188} INFO - [2025-05-30T04:44:12.000+0000] {dag.py:3096} INFO - Sync 1 DAGs
[2025-05-30T04:44:12.014+0000] {logging_mixin.py:188} INFO - [2025-05-30T04:44:12.014+0000] {dag.py:3954} INFO - Setting next_dagrun for example_complex to None, run_after=None
[2025-05-30T04:44:12.034+0000] {processor.py:183} INFO - Processing /home/airflow/.local/lib/python3.12/site-packages/airflow/example_dags/example_complex.py took 0.079 seconds
[2025-05-30T04:44:42.096+0000] {processor.py:161} INFO - Started process (PID=2451) to work on /home/airflow/.local/lib/python3.12/site-packages/airflow/example_dags/example_complex.py
[2025-05-30T04:44:42.096+0000] {processor.py:830} INFO - Processing file /home/airflow/.local/lib/python3.12/site-packages/airflow/example_dags/example_complex.py for tasks to queue
[2025-05-30T04:44:42.099+0000] {logging_mixin.py:188} INFO - [2025-05-30T04:44:42.098+0000] {dagbag.py:545} INFO - Filling up the DagBag from /home/airflow/.local/lib/python3.12/site-packages/airflow/example_dags/example_complex.py
[2025-05-30T04:44:42.107+0000] {processor.py:840} INFO - DAG(s) 'example_complex' retrieved from /home/airflow/.local/lib/python3.12/site-packages/airflow/example_dags/example_complex.py
[2025-05-30T04:44:42.133+0000] {logging_mixin.py:188} INFO - [2025-05-30T04:44:42.133+0000] {dag.py:3096} INFO - Sync 1 DAGs
[2025-05-30T04:44:42.145+0000] {logging_mixin.py:188} INFO - [2025-05-30T04:44:42.145+0000] {dag.py:3954} INFO - Setting next_dagrun for example_complex to None, run_after=None
[2025-05-30T04:44:42.161+0000] {processor.py:183} INFO - Processing /home/airflow/.local/lib/python3.12/site-packages/airflow/example_dags/example_complex.py took 0.072 seconds
[2025-05-30T04:45:12.700+0000] {processor.py:161} INFO - Started process (PID=2724) to work on /home/airflow/.local/lib/python3.12/site-packages/airflow/example_dags/example_complex.py
[2025-05-30T04:45:12.701+0000] {processor.py:830} INFO - Processing file /home/airflow/.local/lib/python3.12/site-packages/airflow/example_dags/example_complex.py for tasks to queue
[2025-05-30T04:45:12.703+0000] {logging_mixin.py:188} INFO - [2025-05-30T04:45:12.703+0000] {dagbag.py:545} INFO - Filling up the DagBag from /home/airflow/.local/lib/python3.12/site-packages/airflow/example_dags/example_complex.py
[2025-05-30T04:45:12.715+0000] {processor.py:840} INFO - DAG(s) 'example_complex' retrieved from /home/airflow/.local/lib/python3.12/site-packages/airflow/example_dags/example_complex.py
[2025-05-30T04:45:12.752+0000] {logging_mixin.py:188} INFO - [2025-05-30T04:45:12.752+0000] {dag.py:3096} INFO - Sync 1 DAGs
[2025-05-30T04:45:12.766+0000] {logging_mixin.py:188} INFO - [2025-05-30T04:45:12.766+0000] {dag.py:3954} INFO - Setting next_dagrun for example_complex to None, run_after=None
[2025-05-30T04:45:12.784+0000] {processor.py:183} INFO - Processing /home/airflow/.local/lib/python3.12/site-packages/airflow/example_dags/example_complex.py took 0.090 seconds
[2025-05-30T04:45:43.609+0000] {processor.py:161} INFO - Started process (PID=2995) to work on /home/airflow/.local/lib/python3.12/site-packages/airflow/example_dags/example_complex.py
[2025-05-30T04:45:43.610+0000] {processor.py:830} INFO - Processing file /home/airflow/.local/lib/python3.12/site-packages/airflow/example_dags/example_complex.py for tasks to queue
[2025-05-30T04:45:43.612+0000] {logging_mixin.py:188} INFO - [2025-05-30T04:45:43.612+0000] {dagbag.py:545} INFO - Filling up the DagBag from /home/airflow/.local/lib/python3.12/site-packages/airflow/example_dags/example_complex.py
[2025-05-30T04:45:43.620+0000] {processor.py:840} INFO - DAG(s) 'example_complex' retrieved from /home/airflow/.local/lib/python3.12/site-packages/airflow/example_dags/example_complex.py
[2025-05-30T04:45:43.655+0000] {logging_mixin.py:188} INFO - [2025-05-30T04:45:43.655+0000] {dag.py:3096} INFO - Sync 1 DAGs
[2025-05-30T04:45:43.671+0000] {logging_mixin.py:188} INFO - [2025-05-30T04:45:43.670+0000] {dag.py:3954} INFO - Setting next_dagrun for example_complex to None, run_after=None
[2025-05-30T04:45:43.700+0000] {processor.py:183} INFO - Processing /home/airflow/.local/lib/python3.12/site-packages/airflow/example_dags/example_complex.py took 0.096 seconds
[2025-05-30T04:46:14.555+0000] {processor.py:161} INFO - Started process (PID=3267) to work on /home/airflow/.local/lib/python3.12/site-packages/airflow/example_dags/example_complex.py
[2025-05-30T04:46:14.557+0000] {processor.py:830} INFO - Processing file /home/airflow/.local/lib/python3.12/site-packages/airflow/example_dags/example_complex.py for tasks to queue
[2025-05-30T04:46:14.563+0000] {logging_mixin.py:188} INFO - [2025-05-30T04:46:14.563+0000] {dagbag.py:545} INFO - Filling up the DagBag from /home/airflow/.local/lib/python3.12/site-packages/airflow/example_dags/example_complex.py
[2025-05-30T04:46:14.602+0000] {processor.py:840} INFO - DAG(s) 'example_complex' retrieved from /home/airflow/.local/lib/python3.12/site-packages/airflow/example_dags/example_complex.py
[2025-05-30T04:46:14.800+0000] {logging_mixin.py:188} INFO - [2025-05-30T04:46:14.799+0000] {dag.py:3096} INFO - Sync 1 DAGs
[2025-05-30T04:46:14.831+0000] {logging_mixin.py:188} INFO - [2025-05-30T04:46:14.831+0000] {dag.py:3954} INFO - Setting next_dagrun for example_complex to None, run_after=None
[2025-05-30T04:46:14.969+0000] {processor.py:183} INFO - Processing /home/airflow/.local/lib/python3.12/site-packages/airflow/example_dags/example_complex.py took 0.442 seconds
[2025-05-30T04:46:45.627+0000] {processor.py:161} INFO - Started process (PID=3540) to work on /home/airflow/.local/lib/python3.12/site-packages/airflow/example_dags/example_complex.py
[2025-05-30T04:46:45.628+0000] {processor.py:830} INFO - Processing file /home/airflow/.local/lib/python3.12/site-packages/airflow/example_dags/example_complex.py for tasks to queue
[2025-05-30T04:46:45.630+0000] {logging_mixin.py:188} INFO - [2025-05-30T04:46:45.629+0000] {dagbag.py:545} INFO - Filling up the DagBag from /home/airflow/.local/lib/python3.12/site-packages/airflow/example_dags/example_complex.py
[2025-05-30T04:46:45.639+0000] {processor.py:840} INFO - DAG(s) 'example_complex' retrieved from /home/airflow/.local/lib/python3.12/site-packages/airflow/example_dags/example_complex.py
[2025-05-30T04:46:45.648+0000] {logging_mixin.py:188} INFO - [2025-05-30T04:46:45.648+0000] {dag.py:3096} INFO - Sync 1 DAGs
[2025-05-30T04:46:45.662+0000] {logging_mixin.py:188} INFO - [2025-05-30T04:46:45.661+0000] {dag.py:3954} INFO - Setting next_dagrun for example_complex to None, run_after=None
[2025-05-30T04:46:45.689+0000] {processor.py:183} INFO - Processing /home/airflow/.local/lib/python3.12/site-packages/airflow/example_dags/example_complex.py took 0.068 seconds
[2025-05-30T04:47:16.207+0000] {processor.py:161} INFO - Started process (PID=3812) to work on /home/airflow/.local/lib/python3.12/site-packages/airflow/example_dags/example_complex.py
[2025-05-30T04:47:16.208+0000] {processor.py:830} INFO - Processing file /home/airflow/.local/lib/python3.12/site-packages/airflow/example_dags/example_complex.py for tasks to queue
[2025-05-30T04:47:16.210+0000] {logging_mixin.py:188} INFO - [2025-05-30T04:47:16.210+0000] {dagbag.py:545} INFO - Filling up the DagBag from /home/airflow/.local/lib/python3.12/site-packages/airflow/example_dags/example_complex.py
[2025-05-30T04:47:16.218+0000] {processor.py:840} INFO - DAG(s) 'example_complex' retrieved from /home/airflow/.local/lib/python3.12/site-packages/airflow/example_dags/example_complex.py
[2025-05-30T04:47:16.325+0000] {logging_mixin.py:188} INFO - [2025-05-30T04:47:16.325+0000] {dag.py:3096} INFO - Sync 1 DAGs
[2025-05-30T04:47:16.334+0000] {logging_mixin.py:188} INFO - [2025-05-30T04:47:16.334+0000] {dag.py:3954} INFO - Setting next_dagrun for example_complex to None, run_after=None
[2025-05-30T04:47:16.361+0000] {processor.py:183} INFO - Processing /home/airflow/.local/lib/python3.12/site-packages/airflow/example_dags/example_complex.py took 0.159 seconds
[2025-05-30T04:47:46.484+0000] {processor.py:161} INFO - Started process (PID=4085) to work on /home/airflow/.local/lib/python3.12/site-packages/airflow/example_dags/example_complex.py
[2025-05-30T04:47:46.485+0000] {processor.py:830} INFO - Processing file /home/airflow/.local/lib/python3.12/site-packages/airflow/example_dags/example_complex.py for tasks to queue
[2025-05-30T04:47:46.487+0000] {logging_mixin.py:188} INFO - [2025-05-30T04:47:46.487+0000] {dagbag.py:545} INFO - Filling up the DagBag from /home/airflow/.local/lib/python3.12/site-packages/airflow/example_dags/example_complex.py
[2025-05-30T04:47:46.497+0000] {processor.py:840} INFO - DAG(s) 'example_complex' retrieved from /home/airflow/.local/lib/python3.12/site-packages/airflow/example_dags/example_complex.py
[2025-05-30T04:47:46.533+0000] {logging_mixin.py:188} INFO - [2025-05-30T04:47:46.533+0000] {dag.py:3096} INFO - Sync 1 DAGs
[2025-05-30T04:47:46.545+0000] {logging_mixin.py:188} INFO - [2025-05-30T04:47:46.545+0000] {dag.py:3954} INFO - Setting next_dagrun for example_complex to None, run_after=None
[2025-05-30T04:47:46.569+0000] {processor.py:183} INFO - Processing /home/airflow/.local/lib/python3.12/site-packages/airflow/example_dags/example_complex.py took 0.090 seconds
[2025-05-30T04:48:16.933+0000] {processor.py:161} INFO - Started process (PID=4358) to work on /home/airflow/.local/lib/python3.12/site-packages/airflow/example_dags/example_complex.py
[2025-05-30T04:48:16.934+0000] {processor.py:830} INFO - Processing file /home/airflow/.local/lib/python3.12/site-packages/airflow/example_dags/example_complex.py for tasks to queue
[2025-05-30T04:48:16.935+0000] {logging_mixin.py:188} INFO - [2025-05-30T04:48:16.935+0000] {dagbag.py:545} INFO - Filling up the DagBag from /home/airflow/.local/lib/python3.12/site-packages/airflow/example_dags/example_complex.py
[2025-05-30T04:48:16.943+0000] {processor.py:840} INFO - DAG(s) 'example_complex' retrieved from /home/airflow/.local/lib/python3.12/site-packages/airflow/example_dags/example_complex.py
[2025-05-30T04:48:16.969+0000] {logging_mixin.py:188} INFO - [2025-05-30T04:48:16.968+0000] {dag.py:3096} INFO - Sync 1 DAGs
[2025-05-30T04:48:16.980+0000] {logging_mixin.py:188} INFO - [2025-05-30T04:48:16.980+0000] {dag.py:3954} INFO - Setting next_dagrun for example_complex to None, run_after=None
[2025-05-30T04:48:16.998+0000] {processor.py:183} INFO - Processing /home/airflow/.local/lib/python3.12/site-packages/airflow/example_dags/example_complex.py took 0.069 seconds
[2025-05-30T04:48:47.409+0000] {processor.py:161} INFO - Started process (PID=4631) to work on /home/airflow/.local/lib/python3.12/site-packages/airflow/example_dags/example_complex.py
[2025-05-30T04:48:47.414+0000] {processor.py:830} INFO - Processing file /home/airflow/.local/lib/python3.12/site-packages/airflow/example_dags/example_complex.py for tasks to queue
[2025-05-30T04:48:47.415+0000] {logging_mixin.py:188} INFO - [2025-05-30T04:48:47.415+0000] {dagbag.py:545} INFO - Filling up the DagBag from /home/airflow/.local/lib/python3.12/site-packages/airflow/example_dags/example_complex.py
[2025-05-30T04:48:47.424+0000] {processor.py:840} INFO - DAG(s) 'example_complex' retrieved from /home/airflow/.local/lib/python3.12/site-packages/airflow/example_dags/example_complex.py
[2025-05-30T04:48:47.452+0000] {logging_mixin.py:188} INFO - [2025-05-30T04:48:47.452+0000] {dag.py:3096} INFO - Sync 1 DAGs
[2025-05-30T04:48:47.465+0000] {logging_mixin.py:188} INFO - [2025-05-30T04:48:47.465+0000] {dag.py:3954} INFO - Setting next_dagrun for example_complex to None, run_after=None
[2025-05-30T04:48:47.482+0000] {processor.py:183} INFO - Processing /home/airflow/.local/lib/python3.12/site-packages/airflow/example_dags/example_complex.py took 0.078 seconds
[2025-05-30T04:49:17.749+0000] {processor.py:161} INFO - Started process (PID=4904) to work on /home/airflow/.local/lib/python3.12/site-packages/airflow/example_dags/example_complex.py
[2025-05-30T04:49:17.750+0000] {processor.py:830} INFO - Processing file /home/airflow/.local/lib/python3.12/site-packages/airflow/example_dags/example_complex.py for tasks to queue
[2025-05-30T04:49:17.752+0000] {logging_mixin.py:188} INFO - [2025-05-30T04:49:17.751+0000] {dagbag.py:545} INFO - Filling up the DagBag from /home/airflow/.local/lib/python3.12/site-packages/airflow/example_dags/example_complex.py
[2025-05-30T04:49:17.760+0000] {processor.py:840} INFO - DAG(s) 'example_complex' retrieved from /home/airflow/.local/lib/python3.12/site-packages/airflow/example_dags/example_complex.py
[2025-05-30T04:49:17.787+0000] {logging_mixin.py:188} INFO - [2025-05-30T04:49:17.787+0000] {dag.py:3096} INFO - Sync 1 DAGs
[2025-05-30T04:49:17.798+0000] {logging_mixin.py:188} INFO - [2025-05-30T04:49:17.798+0000] {dag.py:3954} INFO - Setting next_dagrun for example_complex to None, run_after=None
[2025-05-30T04:49:17.827+0000] {processor.py:183} INFO - Processing /home/airflow/.local/lib/python3.12/site-packages/airflow/example_dags/example_complex.py took 0.083 seconds
[2025-05-30T05:20:45.306+0000] {processor.py:161} INFO - Started process (PID=5202) to work on /home/airflow/.local/lib/python3.12/site-packages/airflow/example_dags/example_complex.py
[2025-05-30T05:20:45.307+0000] {processor.py:830} INFO - Processing file /home/airflow/.local/lib/python3.12/site-packages/airflow/example_dags/example_complex.py for tasks to queue
[2025-05-30T05:20:45.308+0000] {logging_mixin.py:188} INFO - [2025-05-30T05:20:45.308+0000] {dagbag.py:545} INFO - Filling up the DagBag from /home/airflow/.local/lib/python3.12/site-packages/airflow/example_dags/example_complex.py
[2025-05-30T05:20:45.317+0000] {processor.py:840} INFO - DAG(s) 'example_complex' retrieved from /home/airflow/.local/lib/python3.12/site-packages/airflow/example_dags/example_complex.py
[2025-05-30T05:20:45.346+0000] {logging_mixin.py:188} INFO - [2025-05-30T05:20:45.345+0000] {dag.py:3096} INFO - Sync 1 DAGs
[2025-05-30T05:20:45.359+0000] {logging_mixin.py:188} INFO - [2025-05-30T05:20:45.358+0000] {dag.py:3954} INFO - Setting next_dagrun for example_complex to None, run_after=None
[2025-05-30T05:20:45.381+0000] {processor.py:183} INFO - Processing /home/airflow/.local/lib/python3.12/site-packages/airflow/example_dags/example_complex.py took 0.080 seconds
[2025-05-30T05:21:16.287+0000] {processor.py:161} INFO - Started process (PID=5473) to work on /home/airflow/.local/lib/python3.12/site-packages/airflow/example_dags/example_complex.py
[2025-05-30T05:21:16.287+0000] {processor.py:830} INFO - Processing file /home/airflow/.local/lib/python3.12/site-packages/airflow/example_dags/example_complex.py for tasks to queue
[2025-05-30T05:21:16.290+0000] {logging_mixin.py:188} INFO - [2025-05-30T05:21:16.289+0000] {dagbag.py:545} INFO - Filling up the DagBag from /home/airflow/.local/lib/python3.12/site-packages/airflow/example_dags/example_complex.py
[2025-05-30T05:21:16.302+0000] {processor.py:840} INFO - DAG(s) 'example_complex' retrieved from /home/airflow/.local/lib/python3.12/site-packages/airflow/example_dags/example_complex.py
[2025-05-30T05:21:16.339+0000] {logging_mixin.py:188} INFO - [2025-05-30T05:21:16.338+0000] {dag.py:3096} INFO - Sync 1 DAGs
[2025-05-30T05:21:16.350+0000] {logging_mixin.py:188} INFO - [2025-05-30T05:21:16.350+0000] {dag.py:3954} INFO - Setting next_dagrun for example_complex to None, run_after=None
[2025-05-30T05:21:16.365+0000] {processor.py:183} INFO - Processing /home/airflow/.local/lib/python3.12/site-packages/airflow/example_dags/example_complex.py took 0.085 seconds
[2025-05-30T05:21:46.692+0000] {processor.py:161} INFO - Started process (PID=5746) to work on /home/airflow/.local/lib/python3.12/site-packages/airflow/example_dags/example_complex.py
[2025-05-30T05:21:46.693+0000] {processor.py:830} INFO - Processing file /home/airflow/.local/lib/python3.12/site-packages/airflow/example_dags/example_complex.py for tasks to queue
[2025-05-30T05:21:46.696+0000] {logging_mixin.py:188} INFO - [2025-05-30T05:21:46.695+0000] {dagbag.py:545} INFO - Filling up the DagBag from /home/airflow/.local/lib/python3.12/site-packages/airflow/example_dags/example_complex.py
[2025-05-30T05:21:46.705+0000] {processor.py:840} INFO - DAG(s) 'example_complex' retrieved from /home/airflow/.local/lib/python3.12/site-packages/airflow/example_dags/example_complex.py
[2025-05-30T05:21:46.735+0000] {logging_mixin.py:188} INFO - [2025-05-30T05:21:46.735+0000] {dag.py:3096} INFO - Sync 1 DAGs
[2025-05-30T05:21:46.749+0000] {logging_mixin.py:188} INFO - [2025-05-30T05:21:46.749+0000] {dag.py:3954} INFO - Setting next_dagrun for example_complex to None, run_after=None
[2025-05-30T05:21:46.771+0000] {processor.py:183} INFO - Processing /home/airflow/.local/lib/python3.12/site-packages/airflow/example_dags/example_complex.py took 0.084 seconds
[2025-05-30T05:22:17.813+0000] {processor.py:161} INFO - Started process (PID=6019) to work on /home/airflow/.local/lib/python3.12/site-packages/airflow/example_dags/example_complex.py
[2025-05-30T05:22:17.814+0000] {processor.py:830} INFO - Processing file /home/airflow/.local/lib/python3.12/site-packages/airflow/example_dags/example_complex.py for tasks to queue
[2025-05-30T05:22:17.816+0000] {logging_mixin.py:188} INFO - [2025-05-30T05:22:17.816+0000] {dagbag.py:545} INFO - Filling up the DagBag from /home/airflow/.local/lib/python3.12/site-packages/airflow/example_dags/example_complex.py
[2025-05-30T05:22:17.826+0000] {processor.py:840} INFO - DAG(s) 'example_complex' retrieved from /home/airflow/.local/lib/python3.12/site-packages/airflow/example_dags/example_complex.py
[2025-05-30T05:22:17.856+0000] {logging_mixin.py:188} INFO - [2025-05-30T05:22:17.856+0000] {dag.py:3096} INFO - Sync 1 DAGs
[2025-05-30T05:22:17.870+0000] {logging_mixin.py:188} INFO - [2025-05-30T05:22:17.870+0000] {dag.py:3954} INFO - Setting next_dagrun for example_complex to None, run_after=None
[2025-05-30T05:22:17.891+0000] {processor.py:183} INFO - Processing /home/airflow/.local/lib/python3.12/site-packages/airflow/example_dags/example_complex.py took 0.083 seconds
[2025-05-30T05:22:49.148+0000] {processor.py:161} INFO - Started process (PID=6292) to work on /home/airflow/.local/lib/python3.12/site-packages/airflow/example_dags/example_complex.py
[2025-05-30T05:22:49.149+0000] {processor.py:830} INFO - Processing file /home/airflow/.local/lib/python3.12/site-packages/airflow/example_dags/example_complex.py for tasks to queue
[2025-05-30T05:22:49.150+0000] {logging_mixin.py:188} INFO - [2025-05-30T05:22:49.150+0000] {dagbag.py:545} INFO - Filling up the DagBag from /home/airflow/.local/lib/python3.12/site-packages/airflow/example_dags/example_complex.py
[2025-05-30T05:22:49.161+0000] {processor.py:840} INFO - DAG(s) 'example_complex' retrieved from /home/airflow/.local/lib/python3.12/site-packages/airflow/example_dags/example_complex.py
[2025-05-30T05:22:49.187+0000] {logging_mixin.py:188} INFO - [2025-05-30T05:22:49.187+0000] {dag.py:3096} INFO - Sync 1 DAGs
[2025-05-30T05:22:49.198+0000] {logging_mixin.py:188} INFO - [2025-05-30T05:22:49.198+0000] {dag.py:3954} INFO - Setting next_dagrun for example_complex to None, run_after=None
[2025-05-30T05:22:49.214+0000] {processor.py:183} INFO - Processing /home/airflow/.local/lib/python3.12/site-packages/airflow/example_dags/example_complex.py took 0.073 seconds
[2025-05-30T05:23:20.550+0000] {processor.py:161} INFO - Started process (PID=6565) to work on /home/airflow/.local/lib/python3.12/site-packages/airflow/example_dags/example_complex.py
[2025-05-30T05:23:20.551+0000] {processor.py:830} INFO - Processing file /home/airflow/.local/lib/python3.12/site-packages/airflow/example_dags/example_complex.py for tasks to queue
[2025-05-30T05:23:20.553+0000] {logging_mixin.py:188} INFO - [2025-05-30T05:23:20.552+0000] {dagbag.py:545} INFO - Filling up the DagBag from /home/airflow/.local/lib/python3.12/site-packages/airflow/example_dags/example_complex.py
[2025-05-30T05:23:20.564+0000] {processor.py:840} INFO - DAG(s) 'example_complex' retrieved from /home/airflow/.local/lib/python3.12/site-packages/airflow/example_dags/example_complex.py
[2025-05-30T05:23:20.706+0000] {logging_mixin.py:188} INFO - [2025-05-30T05:23:20.706+0000] {dag.py:3096} INFO - Sync 1 DAGs
[2025-05-30T05:23:20.716+0000] {logging_mixin.py:188} INFO - [2025-05-30T05:23:20.716+0000] {dag.py:3954} INFO - Setting next_dagrun for example_complex to None, run_after=None
[2025-05-30T05:23:20.744+0000] {processor.py:183} INFO - Processing /home/airflow/.local/lib/python3.12/site-packages/airflow/example_dags/example_complex.py took 0.199 seconds
[2025-05-30T05:23:51.484+0000] {processor.py:161} INFO - Started process (PID=6838) to work on /home/airflow/.local/lib/python3.12/site-packages/airflow/example_dags/example_complex.py
[2025-05-30T05:23:51.484+0000] {processor.py:830} INFO - Processing file /home/airflow/.local/lib/python3.12/site-packages/airflow/example_dags/example_complex.py for tasks to queue
[2025-05-30T05:23:51.486+0000] {logging_mixin.py:188} INFO - [2025-05-30T05:23:51.486+0000] {dagbag.py:545} INFO - Filling up the DagBag from /home/airflow/.local/lib/python3.12/site-packages/airflow/example_dags/example_complex.py
[2025-05-30T05:23:51.496+0000] {processor.py:840} INFO - DAG(s) 'example_complex' retrieved from /home/airflow/.local/lib/python3.12/site-packages/airflow/example_dags/example_complex.py
[2025-05-30T05:23:51.533+0000] {logging_mixin.py:188} INFO - [2025-05-30T05:23:51.533+0000] {dag.py:3096} INFO - Sync 1 DAGs
[2025-05-30T05:23:51.546+0000] {logging_mixin.py:188} INFO - [2025-05-30T05:23:51.546+0000] {dag.py:3954} INFO - Setting next_dagrun for example_complex to None, run_after=None
[2025-05-30T05:23:51.784+0000] {processor.py:183} INFO - Processing /home/airflow/.local/lib/python3.12/site-packages/airflow/example_dags/example_complex.py took 0.305 seconds
[2025-05-30T05:24:22.391+0000] {processor.py:161} INFO - Started process (PID=7111) to work on /home/airflow/.local/lib/python3.12/site-packages/airflow/example_dags/example_complex.py
[2025-05-30T05:24:22.392+0000] {processor.py:830} INFO - Processing file /home/airflow/.local/lib/python3.12/site-packages/airflow/example_dags/example_complex.py for tasks to queue
[2025-05-30T05:24:22.395+0000] {logging_mixin.py:188} INFO - [2025-05-30T05:24:22.394+0000] {dagbag.py:545} INFO - Filling up the DagBag from /home/airflow/.local/lib/python3.12/site-packages/airflow/example_dags/example_complex.py
[2025-05-30T05:24:22.407+0000] {processor.py:840} INFO - DAG(s) 'example_complex' retrieved from /home/airflow/.local/lib/python3.12/site-packages/airflow/example_dags/example_complex.py
[2025-05-30T05:24:22.436+0000] {logging_mixin.py:188} INFO - [2025-05-30T05:24:22.435+0000] {dag.py:3096} INFO - Sync 1 DAGs
[2025-05-30T05:24:22.449+0000] {logging_mixin.py:188} INFO - [2025-05-30T05:24:22.449+0000] {dag.py:3954} INFO - Setting next_dagrun for example_complex to None, run_after=None
[2025-05-30T05:24:22.468+0000] {processor.py:183} INFO - Processing /home/airflow/.local/lib/python3.12/site-packages/airflow/example_dags/example_complex.py took 0.084 seconds
[2025-05-30T05:24:53.377+0000] {processor.py:161} INFO - Started process (PID=7386) to work on /home/airflow/.local/lib/python3.12/site-packages/airflow/example_dags/example_complex.py
[2025-05-30T05:24:53.377+0000] {processor.py:830} INFO - Processing file /home/airflow/.local/lib/python3.12/site-packages/airflow/example_dags/example_complex.py for tasks to queue
[2025-05-30T05:24:53.379+0000] {logging_mixin.py:188} INFO - [2025-05-30T05:24:53.379+0000] {dagbag.py:545} INFO - Filling up the DagBag from /home/airflow/.local/lib/python3.12/site-packages/airflow/example_dags/example_complex.py
[2025-05-30T05:24:53.388+0000] {processor.py:840} INFO - DAG(s) 'example_complex' retrieved from /home/airflow/.local/lib/python3.12/site-packages/airflow/example_dags/example_complex.py
[2025-05-30T05:24:53.414+0000] {logging_mixin.py:188} INFO - [2025-05-30T05:24:53.413+0000] {dag.py:3096} INFO - Sync 1 DAGs
[2025-05-30T05:24:53.424+0000] {logging_mixin.py:188} INFO - [2025-05-30T05:24:53.424+0000] {dag.py:3954} INFO - Setting next_dagrun for example_complex to None, run_after=None
[2025-05-30T05:24:53.443+0000] {processor.py:183} INFO - Processing /home/airflow/.local/lib/python3.12/site-packages/airflow/example_dags/example_complex.py took 0.072 seconds
[2025-05-30T05:25:23.815+0000] {processor.py:161} INFO - Started process (PID=7657) to work on /home/airflow/.local/lib/python3.12/site-packages/airflow/example_dags/example_complex.py
[2025-05-30T05:25:23.816+0000] {processor.py:830} INFO - Processing file /home/airflow/.local/lib/python3.12/site-packages/airflow/example_dags/example_complex.py for tasks to queue
[2025-05-30T05:25:23.818+0000] {logging_mixin.py:188} INFO - [2025-05-30T05:25:23.818+0000] {dagbag.py:545} INFO - Filling up the DagBag from /home/airflow/.local/lib/python3.12/site-packages/airflow/example_dags/example_complex.py
[2025-05-30T05:25:23.827+0000] {processor.py:840} INFO - DAG(s) 'example_complex' retrieved from /home/airflow/.local/lib/python3.12/site-packages/airflow/example_dags/example_complex.py
[2025-05-30T05:25:23.855+0000] {logging_mixin.py:188} INFO - [2025-05-30T05:25:23.855+0000] {dag.py:3096} INFO - Sync 1 DAGs
[2025-05-30T05:25:23.868+0000] {logging_mixin.py:188} INFO - [2025-05-30T05:25:23.867+0000] {dag.py:3954} INFO - Setting next_dagrun for example_complex to None, run_after=None
[2025-05-30T05:25:23.884+0000] {processor.py:183} INFO - Processing /home/airflow/.local/lib/python3.12/site-packages/airflow/example_dags/example_complex.py took 0.076 seconds
[2025-05-30T05:25:54.598+0000] {processor.py:161} INFO - Started process (PID=7930) to work on /home/airflow/.local/lib/python3.12/site-packages/airflow/example_dags/example_complex.py
[2025-05-30T05:25:54.599+0000] {processor.py:830} INFO - Processing file /home/airflow/.local/lib/python3.12/site-packages/airflow/example_dags/example_complex.py for tasks to queue
[2025-05-30T05:25:54.602+0000] {logging_mixin.py:188} INFO - [2025-05-30T05:25:54.601+0000] {dagbag.py:545} INFO - Filling up the DagBag from /home/airflow/.local/lib/python3.12/site-packages/airflow/example_dags/example_complex.py
[2025-05-30T05:25:54.612+0000] {processor.py:840} INFO - DAG(s) 'example_complex' retrieved from /home/airflow/.local/lib/python3.12/site-packages/airflow/example_dags/example_complex.py
[2025-05-30T05:25:54.656+0000] {logging_mixin.py:188} INFO - [2025-05-30T05:25:54.655+0000] {dag.py:3096} INFO - Sync 1 DAGs
[2025-05-30T05:25:54.673+0000] {logging_mixin.py:188} INFO - [2025-05-30T05:25:54.673+0000] {dag.py:3954} INFO - Setting next_dagrun for example_complex to None, run_after=None
[2025-05-30T05:25:54.695+0000] {processor.py:183} INFO - Processing /home/airflow/.local/lib/python3.12/site-packages/airflow/example_dags/example_complex.py took 0.103 seconds
[2025-05-30T05:26:25.123+0000] {processor.py:161} INFO - Started process (PID=8203) to work on /home/airflow/.local/lib/python3.12/site-packages/airflow/example_dags/example_complex.py
[2025-05-30T05:26:25.125+0000] {processor.py:830} INFO - Processing file /home/airflow/.local/lib/python3.12/site-packages/airflow/example_dags/example_complex.py for tasks to queue
[2025-05-30T05:26:25.127+0000] {logging_mixin.py:188} INFO - [2025-05-30T05:26:25.126+0000] {dagbag.py:545} INFO - Filling up the DagBag from /home/airflow/.local/lib/python3.12/site-packages/airflow/example_dags/example_complex.py
[2025-05-30T05:26:25.136+0000] {processor.py:840} INFO - DAG(s) 'example_complex' retrieved from /home/airflow/.local/lib/python3.12/site-packages/airflow/example_dags/example_complex.py
[2025-05-30T05:26:25.164+0000] {logging_mixin.py:188} INFO - [2025-05-30T05:26:25.164+0000] {dag.py:3096} INFO - Sync 1 DAGs
[2025-05-30T05:26:25.177+0000] {logging_mixin.py:188} INFO - [2025-05-30T05:26:25.176+0000] {dag.py:3954} INFO - Setting next_dagrun for example_complex to None, run_after=None
[2025-05-30T05:26:25.194+0000] {processor.py:183} INFO - Processing /home/airflow/.local/lib/python3.12/site-packages/airflow/example_dags/example_complex.py took 0.076 seconds
[2025-05-30T05:26:55.811+0000] {processor.py:161} INFO - Started process (PID=8475) to work on /home/airflow/.local/lib/python3.12/site-packages/airflow/example_dags/example_complex.py
[2025-05-30T05:26:55.812+0000] {processor.py:830} INFO - Processing file /home/airflow/.local/lib/python3.12/site-packages/airflow/example_dags/example_complex.py for tasks to queue
[2025-05-30T05:26:55.814+0000] {logging_mixin.py:188} INFO - [2025-05-30T05:26:55.814+0000] {dagbag.py:545} INFO - Filling up the DagBag from /home/airflow/.local/lib/python3.12/site-packages/airflow/example_dags/example_complex.py
[2025-05-30T05:26:55.827+0000] {processor.py:840} INFO - DAG(s) 'example_complex' retrieved from /home/airflow/.local/lib/python3.12/site-packages/airflow/example_dags/example_complex.py
[2025-05-30T05:26:55.859+0000] {logging_mixin.py:188} INFO - [2025-05-30T05:26:55.858+0000] {dag.py:3096} INFO - Sync 1 DAGs
[2025-05-30T05:26:55.874+0000] {logging_mixin.py:188} INFO - [2025-05-30T05:26:55.873+0000] {dag.py:3954} INFO - Setting next_dagrun for example_complex to None, run_after=None
[2025-05-30T05:26:55.891+0000] {processor.py:183} INFO - Processing /home/airflow/.local/lib/python3.12/site-packages/airflow/example_dags/example_complex.py took 0.087 seconds
[2025-05-30T05:27:26.725+0000] {processor.py:161} INFO - Started process (PID=8748) to work on /home/airflow/.local/lib/python3.12/site-packages/airflow/example_dags/example_complex.py
[2025-05-30T05:27:26.726+0000] {processor.py:830} INFO - Processing file /home/airflow/.local/lib/python3.12/site-packages/airflow/example_dags/example_complex.py for tasks to queue
[2025-05-30T05:27:26.728+0000] {logging_mixin.py:188} INFO - [2025-05-30T05:27:26.727+0000] {dagbag.py:545} INFO - Filling up the DagBag from /home/airflow/.local/lib/python3.12/site-packages/airflow/example_dags/example_complex.py
[2025-05-30T05:27:26.740+0000] {processor.py:840} INFO - DAG(s) 'example_complex' retrieved from /home/airflow/.local/lib/python3.12/site-packages/airflow/example_dags/example_complex.py
[2025-05-30T05:27:26.782+0000] {logging_mixin.py:188} INFO - [2025-05-30T05:27:26.782+0000] {dag.py:3096} INFO - Sync 1 DAGs
[2025-05-30T05:27:26.800+0000] {logging_mixin.py:188} INFO - [2025-05-30T05:27:26.800+0000] {dag.py:3954} INFO - Setting next_dagrun for example_complex to None, run_after=None
[2025-05-30T05:27:26.829+0000] {processor.py:183} INFO - Processing /home/airflow/.local/lib/python3.12/site-packages/airflow/example_dags/example_complex.py took 0.112 seconds
[2025-05-30T05:27:57.492+0000] {processor.py:161} INFO - Started process (PID=9021) to work on /home/airflow/.local/lib/python3.12/site-packages/airflow/example_dags/example_complex.py
[2025-05-30T05:27:57.493+0000] {processor.py:830} INFO - Processing file /home/airflow/.local/lib/python3.12/site-packages/airflow/example_dags/example_complex.py for tasks to queue
[2025-05-30T05:27:57.495+0000] {logging_mixin.py:188} INFO - [2025-05-30T05:27:57.495+0000] {dagbag.py:545} INFO - Filling up the DagBag from /home/airflow/.local/lib/python3.12/site-packages/airflow/example_dags/example_complex.py
[2025-05-30T05:27:57.507+0000] {processor.py:840} INFO - DAG(s) 'example_complex' retrieved from /home/airflow/.local/lib/python3.12/site-packages/airflow/example_dags/example_complex.py
[2025-05-30T05:27:57.540+0000] {logging_mixin.py:188} INFO - [2025-05-30T05:27:57.540+0000] {dag.py:3096} INFO - Sync 1 DAGs
[2025-05-30T05:27:57.553+0000] {logging_mixin.py:188} INFO - [2025-05-30T05:27:57.553+0000] {dag.py:3954} INFO - Setting next_dagrun for example_complex to None, run_after=None
[2025-05-30T05:27:57.574+0000] {processor.py:183} INFO - Processing /home/airflow/.local/lib/python3.12/site-packages/airflow/example_dags/example_complex.py took 0.090 seconds
[2025-05-30T05:28:28.106+0000] {processor.py:161} INFO - Started process (PID=9294) to work on /home/airflow/.local/lib/python3.12/site-packages/airflow/example_dags/example_complex.py
[2025-05-30T05:28:28.107+0000] {processor.py:830} INFO - Processing file /home/airflow/.local/lib/python3.12/site-packages/airflow/example_dags/example_complex.py for tasks to queue
[2025-05-30T05:28:28.109+0000] {logging_mixin.py:188} INFO - [2025-05-30T05:28:28.109+0000] {dagbag.py:545} INFO - Filling up the DagBag from /home/airflow/.local/lib/python3.12/site-packages/airflow/example_dags/example_complex.py
[2025-05-30T05:28:28.122+0000] {processor.py:840} INFO - DAG(s) 'example_complex' retrieved from /home/airflow/.local/lib/python3.12/site-packages/airflow/example_dags/example_complex.py
[2025-05-30T05:28:28.149+0000] {logging_mixin.py:188} INFO - [2025-05-30T05:28:28.149+0000] {dag.py:3096} INFO - Sync 1 DAGs
[2025-05-30T05:28:28.163+0000] {logging_mixin.py:188} INFO - [2025-05-30T05:28:28.162+0000] {dag.py:3954} INFO - Setting next_dagrun for example_complex to None, run_after=None
[2025-05-30T05:28:28.185+0000] {processor.py:183} INFO - Processing /home/airflow/.local/lib/python3.12/site-packages/airflow/example_dags/example_complex.py took 0.086 seconds
[2025-05-30T05:28:58.641+0000] {processor.py:161} INFO - Started process (PID=9567) to work on /home/airflow/.local/lib/python3.12/site-packages/airflow/example_dags/example_complex.py
[2025-05-30T05:28:58.642+0000] {processor.py:830} INFO - Processing file /home/airflow/.local/lib/python3.12/site-packages/airflow/example_dags/example_complex.py for tasks to queue
[2025-05-30T05:28:58.643+0000] {logging_mixin.py:188} INFO - [2025-05-30T05:28:58.643+0000] {dagbag.py:545} INFO - Filling up the DagBag from /home/airflow/.local/lib/python3.12/site-packages/airflow/example_dags/example_complex.py
[2025-05-30T05:28:58.651+0000] {processor.py:840} INFO - DAG(s) 'example_complex' retrieved from /home/airflow/.local/lib/python3.12/site-packages/airflow/example_dags/example_complex.py
[2025-05-30T05:28:58.676+0000] {logging_mixin.py:188} INFO - [2025-05-30T05:28:58.676+0000] {dag.py:3096} INFO - Sync 1 DAGs
[2025-05-30T05:28:58.690+0000] {logging_mixin.py:188} INFO - [2025-05-30T05:28:58.690+0000] {dag.py:3954} INFO - Setting next_dagrun for example_complex to None, run_after=None
[2025-05-30T05:28:58.717+0000] {processor.py:183} INFO - Processing /home/airflow/.local/lib/python3.12/site-packages/airflow/example_dags/example_complex.py took 0.081 seconds
[2025-05-30T05:29:28.771+0000] {processor.py:161} INFO - Started process (PID=9836) to work on /home/airflow/.local/lib/python3.12/site-packages/airflow/example_dags/example_complex.py
[2025-05-30T05:29:28.772+0000] {processor.py:830} INFO - Processing file /home/airflow/.local/lib/python3.12/site-packages/airflow/example_dags/example_complex.py for tasks to queue
[2025-05-30T05:29:28.774+0000] {logging_mixin.py:188} INFO - [2025-05-30T05:29:28.773+0000] {dagbag.py:545} INFO - Filling up the DagBag from /home/airflow/.local/lib/python3.12/site-packages/airflow/example_dags/example_complex.py
[2025-05-30T05:29:28.783+0000] {processor.py:840} INFO - DAG(s) 'example_complex' retrieved from /home/airflow/.local/lib/python3.12/site-packages/airflow/example_dags/example_complex.py
[2025-05-30T05:29:28.820+0000] {logging_mixin.py:188} INFO - [2025-05-30T05:29:28.819+0000] {dag.py:3096} INFO - Sync 1 DAGs
[2025-05-30T05:29:28.831+0000] {logging_mixin.py:188} INFO - [2025-05-30T05:29:28.831+0000] {dag.py:3954} INFO - Setting next_dagrun for example_complex to None, run_after=None
[2025-05-30T05:29:28.847+0000] {processor.py:183} INFO - Processing /home/airflow/.local/lib/python3.12/site-packages/airflow/example_dags/example_complex.py took 0.081 seconds
[2025-05-30T05:29:58.977+0000] {processor.py:161} INFO - Started process (PID=10107) to work on /home/airflow/.local/lib/python3.12/site-packages/airflow/example_dags/example_complex.py
[2025-05-30T05:29:58.978+0000] {processor.py:830} INFO - Processing file /home/airflow/.local/lib/python3.12/site-packages/airflow/example_dags/example_complex.py for tasks to queue
[2025-05-30T05:29:58.980+0000] {logging_mixin.py:188} INFO - [2025-05-30T05:29:58.979+0000] {dagbag.py:545} INFO - Filling up the DagBag from /home/airflow/.local/lib/python3.12/site-packages/airflow/example_dags/example_complex.py
[2025-05-30T05:29:58.988+0000] {processor.py:840} INFO - DAG(s) 'example_complex' retrieved from /home/airflow/.local/lib/python3.12/site-packages/airflow/example_dags/example_complex.py
[2025-05-30T05:29:59.017+0000] {logging_mixin.py:188} INFO - [2025-05-30T05:29:59.017+0000] {dag.py:3096} INFO - Sync 1 DAGs
[2025-05-30T05:29:59.030+0000] {logging_mixin.py:188} INFO - [2025-05-30T05:29:59.030+0000] {dag.py:3954} INFO - Setting next_dagrun for example_complex to None, run_after=None
[2025-05-30T05:29:59.046+0000] {processor.py:183} INFO - Processing /home/airflow/.local/lib/python3.12/site-packages/airflow/example_dags/example_complex.py took 0.074 seconds
[2025-05-30T05:30:29.141+0000] {processor.py:161} INFO - Started process (PID=10379) to work on /home/airflow/.local/lib/python3.12/site-packages/airflow/example_dags/example_complex.py
[2025-05-30T05:30:29.142+0000] {processor.py:830} INFO - Processing file /home/airflow/.local/lib/python3.12/site-packages/airflow/example_dags/example_complex.py for tasks to queue
[2025-05-30T05:30:29.144+0000] {logging_mixin.py:188} INFO - [2025-05-30T05:30:29.143+0000] {dagbag.py:545} INFO - Filling up the DagBag from /home/airflow/.local/lib/python3.12/site-packages/airflow/example_dags/example_complex.py
[2025-05-30T05:30:29.152+0000] {processor.py:840} INFO - DAG(s) 'example_complex' retrieved from /home/airflow/.local/lib/python3.12/site-packages/airflow/example_dags/example_complex.py
[2025-05-30T05:30:29.176+0000] {logging_mixin.py:188} INFO - [2025-05-30T05:30:29.176+0000] {dag.py:3096} INFO - Sync 1 DAGs
[2025-05-30T05:30:29.191+0000] {logging_mixin.py:188} INFO - [2025-05-30T05:30:29.191+0000] {dag.py:3954} INFO - Setting next_dagrun for example_complex to None, run_after=None
[2025-05-30T05:30:29.210+0000] {processor.py:183} INFO - Processing /home/airflow/.local/lib/python3.12/site-packages/airflow/example_dags/example_complex.py took 0.074 seconds
[2025-05-30T05:30:59.471+0000] {processor.py:161} INFO - Started process (PID=10652) to work on /home/airflow/.local/lib/python3.12/site-packages/airflow/example_dags/example_complex.py
[2025-05-30T05:30:59.472+0000] {processor.py:830} INFO - Processing file /home/airflow/.local/lib/python3.12/site-packages/airflow/example_dags/example_complex.py for tasks to queue
[2025-05-30T05:30:59.474+0000] {logging_mixin.py:188} INFO - [2025-05-30T05:30:59.473+0000] {dagbag.py:545} INFO - Filling up the DagBag from /home/airflow/.local/lib/python3.12/site-packages/airflow/example_dags/example_complex.py
[2025-05-30T05:30:59.487+0000] {processor.py:840} INFO - DAG(s) 'example_complex' retrieved from /home/airflow/.local/lib/python3.12/site-packages/airflow/example_dags/example_complex.py
[2025-05-30T05:30:59.525+0000] {logging_mixin.py:188} INFO - [2025-05-30T05:30:59.525+0000] {dag.py:3096} INFO - Sync 1 DAGs
[2025-05-30T05:30:59.540+0000] {logging_mixin.py:188} INFO - [2025-05-30T05:30:59.540+0000] {dag.py:3954} INFO - Setting next_dagrun for example_complex to None, run_after=None
[2025-05-30T05:30:59.573+0000] {processor.py:183} INFO - Processing /home/airflow/.local/lib/python3.12/site-packages/airflow/example_dags/example_complex.py took 0.110 seconds
[2025-05-30T05:31:30.592+0000] {processor.py:161} INFO - Started process (PID=10925) to work on /home/airflow/.local/lib/python3.12/site-packages/airflow/example_dags/example_complex.py
[2025-05-30T05:31:30.593+0000] {processor.py:830} INFO - Processing file /home/airflow/.local/lib/python3.12/site-packages/airflow/example_dags/example_complex.py for tasks to queue
[2025-05-30T05:31:30.595+0000] {logging_mixin.py:188} INFO - [2025-05-30T05:31:30.594+0000] {dagbag.py:545} INFO - Filling up the DagBag from /home/airflow/.local/lib/python3.12/site-packages/airflow/example_dags/example_complex.py
[2025-05-30T05:31:30.608+0000] {processor.py:840} INFO - DAG(s) 'example_complex' retrieved from /home/airflow/.local/lib/python3.12/site-packages/airflow/example_dags/example_complex.py
[2025-05-30T05:31:30.639+0000] {logging_mixin.py:188} INFO - [2025-05-30T05:31:30.638+0000] {dag.py:3096} INFO - Sync 1 DAGs
[2025-05-30T05:31:30.652+0000] {logging_mixin.py:188} INFO - [2025-05-30T05:31:30.651+0000] {dag.py:3954} INFO - Setting next_dagrun for example_complex to None, run_after=None
[2025-05-30T05:31:30.683+0000] {processor.py:183} INFO - Processing /home/airflow/.local/lib/python3.12/site-packages/airflow/example_dags/example_complex.py took 0.098 seconds
[2025-05-30T05:32:00.873+0000] {processor.py:161} INFO - Started process (PID=11198) to work on /home/airflow/.local/lib/python3.12/site-packages/airflow/example_dags/example_complex.py
[2025-05-30T05:32:00.874+0000] {processor.py:830} INFO - Processing file /home/airflow/.local/lib/python3.12/site-packages/airflow/example_dags/example_complex.py for tasks to queue
[2025-05-30T05:32:00.876+0000] {logging_mixin.py:188} INFO - [2025-05-30T05:32:00.875+0000] {dagbag.py:545} INFO - Filling up the DagBag from /home/airflow/.local/lib/python3.12/site-packages/airflow/example_dags/example_complex.py
[2025-05-30T05:32:00.884+0000] {processor.py:840} INFO - DAG(s) 'example_complex' retrieved from /home/airflow/.local/lib/python3.12/site-packages/airflow/example_dags/example_complex.py
[2025-05-30T05:32:00.910+0000] {logging_mixin.py:188} INFO - [2025-05-30T05:32:00.910+0000] {dag.py:3096} INFO - Sync 1 DAGs
[2025-05-30T05:32:00.921+0000] {logging_mixin.py:188} INFO - [2025-05-30T05:32:00.921+0000] {dag.py:3954} INFO - Setting next_dagrun for example_complex to None, run_after=None
[2025-05-30T05:32:00.939+0000] {processor.py:183} INFO - Processing /home/airflow/.local/lib/python3.12/site-packages/airflow/example_dags/example_complex.py took 0.071 seconds
[2025-05-30T05:32:31.114+0000] {processor.py:161} INFO - Started process (PID=11471) to work on /home/airflow/.local/lib/python3.12/site-packages/airflow/example_dags/example_complex.py
[2025-05-30T05:32:31.117+0000] {processor.py:830} INFO - Processing file /home/airflow/.local/lib/python3.12/site-packages/airflow/example_dags/example_complex.py for tasks to queue
[2025-05-30T05:32:31.118+0000] {logging_mixin.py:188} INFO - [2025-05-30T05:32:31.118+0000] {dagbag.py:545} INFO - Filling up the DagBag from /home/airflow/.local/lib/python3.12/site-packages/airflow/example_dags/example_complex.py
[2025-05-30T05:32:31.127+0000] {processor.py:840} INFO - DAG(s) 'example_complex' retrieved from /home/airflow/.local/lib/python3.12/site-packages/airflow/example_dags/example_complex.py
[2025-05-30T05:32:31.151+0000] {logging_mixin.py:188} INFO - [2025-05-30T05:32:31.151+0000] {dag.py:3096} INFO - Sync 1 DAGs
[2025-05-30T05:32:31.162+0000] {logging_mixin.py:188} INFO - [2025-05-30T05:32:31.162+0000] {dag.py:3954} INFO - Setting next_dagrun for example_complex to None, run_after=None
[2025-05-30T05:32:31.179+0000] {processor.py:183} INFO - Processing /home/airflow/.local/lib/python3.12/site-packages/airflow/example_dags/example_complex.py took 0.070 seconds
[2025-05-30T05:40:01.819+0000] {processor.py:161} INFO - Started process (PID=274) to work on /home/airflow/.local/lib/python3.12/site-packages/airflow/example_dags/example_complex.py
[2025-05-30T05:40:01.821+0000] {processor.py:830} INFO - Processing file /home/airflow/.local/lib/python3.12/site-packages/airflow/example_dags/example_complex.py for tasks to queue
[2025-05-30T05:40:01.824+0000] {logging_mixin.py:188} INFO - [2025-05-30T05:40:01.823+0000] {dagbag.py:545} INFO - Filling up the DagBag from /home/airflow/.local/lib/python3.12/site-packages/airflow/example_dags/example_complex.py
[2025-05-30T05:40:01.841+0000] {processor.py:840} INFO - DAG(s) 'example_complex' retrieved from /home/airflow/.local/lib/python3.12/site-packages/airflow/example_dags/example_complex.py
[2025-05-30T05:40:01.857+0000] {logging_mixin.py:188} INFO - [2025-05-30T05:40:01.856+0000] {dag.py:3096} INFO - Sync 1 DAGs
[2025-05-30T05:40:01.880+0000] {logging_mixin.py:188} INFO - [2025-05-30T05:40:01.879+0000] {dag.py:3954} INFO - Setting next_dagrun for example_complex to None, run_after=None
[2025-05-30T05:40:01.907+0000] {processor.py:183} INFO - Processing /home/airflow/.local/lib/python3.12/site-packages/airflow/example_dags/example_complex.py took 0.095 seconds
[2025-05-30T05:40:33.819+0000] {processor.py:161} INFO - Started process (PID=547) to work on /home/airflow/.local/lib/python3.12/site-packages/airflow/example_dags/example_complex.py
[2025-05-30T05:40:33.820+0000] {processor.py:830} INFO - Processing file /home/airflow/.local/lib/python3.12/site-packages/airflow/example_dags/example_complex.py for tasks to queue
[2025-05-30T05:40:33.822+0000] {logging_mixin.py:188} INFO - [2025-05-30T05:40:33.821+0000] {dagbag.py:545} INFO - Filling up the DagBag from /home/airflow/.local/lib/python3.12/site-packages/airflow/example_dags/example_complex.py
[2025-05-30T05:40:33.834+0000] {processor.py:840} INFO - DAG(s) 'example_complex' retrieved from /home/airflow/.local/lib/python3.12/site-packages/airflow/example_dags/example_complex.py
[2025-05-30T05:40:33.953+0000] {logging_mixin.py:188} INFO - [2025-05-30T05:40:33.953+0000] {dag.py:3096} INFO - Sync 1 DAGs
[2025-05-30T05:40:33.964+0000] {logging_mixin.py:188} INFO - [2025-05-30T05:40:33.964+0000] {dag.py:3954} INFO - Setting next_dagrun for example_complex to None, run_after=None
[2025-05-30T05:40:33.991+0000] {processor.py:183} INFO - Processing /home/airflow/.local/lib/python3.12/site-packages/airflow/example_dags/example_complex.py took 0.179 seconds
[2025-05-30T05:41:04.470+0000] {processor.py:161} INFO - Started process (PID=820) to work on /home/airflow/.local/lib/python3.12/site-packages/airflow/example_dags/example_complex.py
[2025-05-30T05:41:04.471+0000] {processor.py:830} INFO - Processing file /home/airflow/.local/lib/python3.12/site-packages/airflow/example_dags/example_complex.py for tasks to queue
[2025-05-30T05:41:04.472+0000] {logging_mixin.py:188} INFO - [2025-05-30T05:41:04.472+0000] {dagbag.py:545} INFO - Filling up the DagBag from /home/airflow/.local/lib/python3.12/site-packages/airflow/example_dags/example_complex.py
[2025-05-30T05:41:04.481+0000] {processor.py:840} INFO - DAG(s) 'example_complex' retrieved from /home/airflow/.local/lib/python3.12/site-packages/airflow/example_dags/example_complex.py
[2025-05-30T05:41:04.507+0000] {logging_mixin.py:188} INFO - [2025-05-30T05:41:04.506+0000] {dag.py:3096} INFO - Sync 1 DAGs
[2025-05-30T05:41:04.517+0000] {logging_mixin.py:188} INFO - [2025-05-30T05:41:04.517+0000] {dag.py:3954} INFO - Setting next_dagrun for example_complex to None, run_after=None
[2025-05-30T05:41:04.534+0000] {processor.py:183} INFO - Processing /home/airflow/.local/lib/python3.12/site-packages/airflow/example_dags/example_complex.py took 0.069 seconds
