[2025-05-30T04:40:35.861+0000] {processor.py:161} INFO - Started process (PID=298) to work on /home/airflow/.local/lib/python3.12/site-packages/airflow/example_dags/example_time_delta_sensor_async.py
[2025-05-30T04:40:35.862+0000] {processor.py:830} INFO - Processing file /home/airflow/.local/lib/python3.12/site-packages/airflow/example_dags/example_time_delta_sensor_async.py for tasks to queue
[2025-05-30T04:40:35.864+0000] {logging_mixin.py:188} INFO - [2025-05-30T04:40:35.863+0000] {dagbag.py:545} INFO - Filling up the DagBag from /home/airflow/.local/lib/python3.12/site-packages/airflow/example_dags/example_time_delta_sensor_async.py
[2025-05-30T04:40:35.871+0000] {processor.py:840} INFO - DAG(s) 'example_time_delta_sensor_async' retrieved from /home/airflow/.local/lib/python3.12/site-packages/airflow/example_dags/example_time_delta_sensor_async.py
[2025-05-30T04:40:35.897+0000] {logging_mixin.py:188} INFO - [2025-05-30T04:40:35.897+0000] {dag.py:3096} INFO - Sync 1 DAGs
[2025-05-30T04:40:35.911+0000] {logging_mixin.py:188} INFO - [2025-05-30T04:40:35.910+0000] {dag.py:3954} INFO - Setting next_dagrun for example_time_delta_sensor_async to None, run_after=None
[2025-05-30T04:40:35.928+0000] {processor.py:183} INFO - Processing /home/airflow/.local/lib/python3.12/site-packages/airflow/example_dags/example_time_delta_sensor_async.py took 0.072 seconds
[2025-05-30T04:41:07.220+0000] {processor.py:161} INFO - Started process (PID=573) to work on /home/airflow/.local/lib/python3.12/site-packages/airflow/example_dags/example_time_delta_sensor_async.py
[2025-05-30T04:41:07.221+0000] {processor.py:830} INFO - Processing file /home/airflow/.local/lib/python3.12/site-packages/airflow/example_dags/example_time_delta_sensor_async.py for tasks to queue
[2025-05-30T04:41:07.224+0000] {logging_mixin.py:188} INFO - [2025-05-30T04:41:07.224+0000] {dagbag.py:545} INFO - Filling up the DagBag from /home/airflow/.local/lib/python3.12/site-packages/airflow/example_dags/example_time_delta_sensor_async.py
[2025-05-30T04:41:07.230+0000] {processor.py:840} INFO - DAG(s) 'example_time_delta_sensor_async' retrieved from /home/airflow/.local/lib/python3.12/site-packages/airflow/example_dags/example_time_delta_sensor_async.py
[2025-05-30T04:41:07.252+0000] {logging_mixin.py:188} INFO - [2025-05-30T04:41:07.252+0000] {dag.py:3096} INFO - Sync 1 DAGs
[2025-05-30T04:41:07.263+0000] {logging_mixin.py:188} INFO - [2025-05-30T04:41:07.263+0000] {dag.py:3954} INFO - Setting next_dagrun for example_time_delta_sensor_async to None, run_after=None
[2025-05-30T04:41:07.281+0000] {processor.py:183} INFO - Processing /home/airflow/.local/lib/python3.12/site-packages/airflow/example_dags/example_time_delta_sensor_async.py took 0.068 seconds
[2025-05-30T04:41:37.989+0000] {processor.py:161} INFO - Started process (PID=844) to work on /home/airflow/.local/lib/python3.12/site-packages/airflow/example_dags/example_time_delta_sensor_async.py
[2025-05-30T04:41:37.990+0000] {processor.py:830} INFO - Processing file /home/airflow/.local/lib/python3.12/site-packages/airflow/example_dags/example_time_delta_sensor_async.py for tasks to queue
[2025-05-30T04:41:37.992+0000] {logging_mixin.py:188} INFO - [2025-05-30T04:41:37.991+0000] {dagbag.py:545} INFO - Filling up the DagBag from /home/airflow/.local/lib/python3.12/site-packages/airflow/example_dags/example_time_delta_sensor_async.py
[2025-05-30T04:41:37.995+0000] {processor.py:840} INFO - DAG(s) 'example_time_delta_sensor_async' retrieved from /home/airflow/.local/lib/python3.12/site-packages/airflow/example_dags/example_time_delta_sensor_async.py
[2025-05-30T04:41:38.012+0000] {logging_mixin.py:188} INFO - [2025-05-30T04:41:38.012+0000] {dag.py:3096} INFO - Sync 1 DAGs
[2025-05-30T04:41:38.023+0000] {logging_mixin.py:188} INFO - [2025-05-30T04:41:38.023+0000] {dag.py:3954} INFO - Setting next_dagrun for example_time_delta_sensor_async to None, run_after=None
[2025-05-30T04:41:38.040+0000] {processor.py:183} INFO - Processing /home/airflow/.local/lib/python3.12/site-packages/airflow/example_dags/example_time_delta_sensor_async.py took 0.055 seconds
[2025-05-30T04:42:09.449+0000] {processor.py:161} INFO - Started process (PID=1118) to work on /home/airflow/.local/lib/python3.12/site-packages/airflow/example_dags/example_time_delta_sensor_async.py
[2025-05-30T04:42:09.450+0000] {processor.py:830} INFO - Processing file /home/airflow/.local/lib/python3.12/site-packages/airflow/example_dags/example_time_delta_sensor_async.py for tasks to queue
[2025-05-30T04:42:09.452+0000] {logging_mixin.py:188} INFO - [2025-05-30T04:42:09.452+0000] {dagbag.py:545} INFO - Filling up the DagBag from /home/airflow/.local/lib/python3.12/site-packages/airflow/example_dags/example_time_delta_sensor_async.py
[2025-05-30T04:42:09.458+0000] {processor.py:840} INFO - DAG(s) 'example_time_delta_sensor_async' retrieved from /home/airflow/.local/lib/python3.12/site-packages/airflow/example_dags/example_time_delta_sensor_async.py
[2025-05-30T04:42:09.477+0000] {logging_mixin.py:188} INFO - [2025-05-30T04:42:09.477+0000] {dag.py:3096} INFO - Sync 1 DAGs
[2025-05-30T04:42:09.492+0000] {logging_mixin.py:188} INFO - [2025-05-30T04:42:09.492+0000] {dag.py:3954} INFO - Setting next_dagrun for example_time_delta_sensor_async to None, run_after=None
[2025-05-30T04:42:09.518+0000] {processor.py:183} INFO - Processing /home/airflow/.local/lib/python3.12/site-packages/airflow/example_dags/example_time_delta_sensor_async.py took 0.074 seconds
[2025-05-30T04:42:40.679+0000] {processor.py:161} INFO - Started process (PID=1389) to work on /home/airflow/.local/lib/python3.12/site-packages/airflow/example_dags/example_time_delta_sensor_async.py
[2025-05-30T04:42:40.680+0000] {processor.py:830} INFO - Processing file /home/airflow/.local/lib/python3.12/site-packages/airflow/example_dags/example_time_delta_sensor_async.py for tasks to queue
[2025-05-30T04:42:40.681+0000] {logging_mixin.py:188} INFO - [2025-05-30T04:42:40.681+0000] {dagbag.py:545} INFO - Filling up the DagBag from /home/airflow/.local/lib/python3.12/site-packages/airflow/example_dags/example_time_delta_sensor_async.py
[2025-05-30T04:42:40.686+0000] {processor.py:840} INFO - DAG(s) 'example_time_delta_sensor_async' retrieved from /home/airflow/.local/lib/python3.12/site-packages/airflow/example_dags/example_time_delta_sensor_async.py
[2025-05-30T04:42:40.706+0000] {logging_mixin.py:188} INFO - [2025-05-30T04:42:40.706+0000] {dag.py:3096} INFO - Sync 1 DAGs
[2025-05-30T04:42:40.718+0000] {logging_mixin.py:188} INFO - [2025-05-30T04:42:40.717+0000] {dag.py:3954} INFO - Setting next_dagrun for example_time_delta_sensor_async to None, run_after=None
[2025-05-30T04:42:40.737+0000] {processor.py:183} INFO - Processing /home/airflow/.local/lib/python3.12/site-packages/airflow/example_dags/example_time_delta_sensor_async.py took 0.064 seconds
[2025-05-30T04:43:11.321+0000] {processor.py:161} INFO - Started process (PID=1662) to work on /home/airflow/.local/lib/python3.12/site-packages/airflow/example_dags/example_time_delta_sensor_async.py
[2025-05-30T04:43:11.322+0000] {processor.py:830} INFO - Processing file /home/airflow/.local/lib/python3.12/site-packages/airflow/example_dags/example_time_delta_sensor_async.py for tasks to queue
[2025-05-30T04:43:11.324+0000] {logging_mixin.py:188} INFO - [2025-05-30T04:43:11.323+0000] {dagbag.py:545} INFO - Filling up the DagBag from /home/airflow/.local/lib/python3.12/site-packages/airflow/example_dags/example_time_delta_sensor_async.py
[2025-05-30T04:43:11.328+0000] {processor.py:840} INFO - DAG(s) 'example_time_delta_sensor_async' retrieved from /home/airflow/.local/lib/python3.12/site-packages/airflow/example_dags/example_time_delta_sensor_async.py
[2025-05-30T04:43:11.346+0000] {logging_mixin.py:188} INFO - [2025-05-30T04:43:11.346+0000] {dag.py:3096} INFO - Sync 1 DAGs
[2025-05-30T04:43:11.358+0000] {logging_mixin.py:188} INFO - [2025-05-30T04:43:11.357+0000] {dag.py:3954} INFO - Setting next_dagrun for example_time_delta_sensor_async to None, run_after=None
[2025-05-30T04:43:11.378+0000] {processor.py:183} INFO - Processing /home/airflow/.local/lib/python3.12/site-packages/airflow/example_dags/example_time_delta_sensor_async.py took 0.062 seconds
[2025-05-30T04:43:41.941+0000] {processor.py:161} INFO - Started process (PID=1934) to work on /home/airflow/.local/lib/python3.12/site-packages/airflow/example_dags/example_time_delta_sensor_async.py
[2025-05-30T04:43:41.942+0000] {processor.py:830} INFO - Processing file /home/airflow/.local/lib/python3.12/site-packages/airflow/example_dags/example_time_delta_sensor_async.py for tasks to queue
[2025-05-30T04:43:41.943+0000] {logging_mixin.py:188} INFO - [2025-05-30T04:43:41.943+0000] {dagbag.py:545} INFO - Filling up the DagBag from /home/airflow/.local/lib/python3.12/site-packages/airflow/example_dags/example_time_delta_sensor_async.py
[2025-05-30T04:43:41.947+0000] {processor.py:840} INFO - DAG(s) 'example_time_delta_sensor_async' retrieved from /home/airflow/.local/lib/python3.12/site-packages/airflow/example_dags/example_time_delta_sensor_async.py
[2025-05-30T04:43:41.963+0000] {logging_mixin.py:188} INFO - [2025-05-30T04:43:41.963+0000] {dag.py:3096} INFO - Sync 1 DAGs
[2025-05-30T04:43:41.974+0000] {logging_mixin.py:188} INFO - [2025-05-30T04:43:41.974+0000] {dag.py:3954} INFO - Setting next_dagrun for example_time_delta_sensor_async to None, run_after=None
[2025-05-30T04:43:41.994+0000] {processor.py:183} INFO - Processing /home/airflow/.local/lib/python3.12/site-packages/airflow/example_dags/example_time_delta_sensor_async.py took 0.057 seconds
[2025-05-30T04:44:12.419+0000] {processor.py:161} INFO - Started process (PID=2207) to work on /home/airflow/.local/lib/python3.12/site-packages/airflow/example_dags/example_time_delta_sensor_async.py
[2025-05-30T04:44:12.420+0000] {processor.py:830} INFO - Processing file /home/airflow/.local/lib/python3.12/site-packages/airflow/example_dags/example_time_delta_sensor_async.py for tasks to queue
[2025-05-30T04:44:12.422+0000] {logging_mixin.py:188} INFO - [2025-05-30T04:44:12.421+0000] {dagbag.py:545} INFO - Filling up the DagBag from /home/airflow/.local/lib/python3.12/site-packages/airflow/example_dags/example_time_delta_sensor_async.py
[2025-05-30T04:44:12.427+0000] {processor.py:840} INFO - DAG(s) 'example_time_delta_sensor_async' retrieved from /home/airflow/.local/lib/python3.12/site-packages/airflow/example_dags/example_time_delta_sensor_async.py
[2025-05-30T04:44:12.451+0000] {logging_mixin.py:188} INFO - [2025-05-30T04:44:12.451+0000] {dag.py:3096} INFO - Sync 1 DAGs
[2025-05-30T04:44:12.469+0000] {logging_mixin.py:188} INFO - [2025-05-30T04:44:12.468+0000] {dag.py:3954} INFO - Setting next_dagrun for example_time_delta_sensor_async to None, run_after=None
[2025-05-30T04:44:12.497+0000] {processor.py:183} INFO - Processing /home/airflow/.local/lib/python3.12/site-packages/airflow/example_dags/example_time_delta_sensor_async.py took 0.085 seconds
[2025-05-30T04:44:43.285+0000] {processor.py:161} INFO - Started process (PID=2480) to work on /home/airflow/.local/lib/python3.12/site-packages/airflow/example_dags/example_time_delta_sensor_async.py
[2025-05-30T04:44:43.286+0000] {processor.py:830} INFO - Processing file /home/airflow/.local/lib/python3.12/site-packages/airflow/example_dags/example_time_delta_sensor_async.py for tasks to queue
[2025-05-30T04:44:43.287+0000] {logging_mixin.py:188} INFO - [2025-05-30T04:44:43.287+0000] {dagbag.py:545} INFO - Filling up the DagBag from /home/airflow/.local/lib/python3.12/site-packages/airflow/example_dags/example_time_delta_sensor_async.py
[2025-05-30T04:44:43.292+0000] {processor.py:840} INFO - DAG(s) 'example_time_delta_sensor_async' retrieved from /home/airflow/.local/lib/python3.12/site-packages/airflow/example_dags/example_time_delta_sensor_async.py
[2025-05-30T04:44:43.312+0000] {logging_mixin.py:188} INFO - [2025-05-30T04:44:43.311+0000] {dag.py:3096} INFO - Sync 1 DAGs
[2025-05-30T04:44:43.328+0000] {logging_mixin.py:188} INFO - [2025-05-30T04:44:43.328+0000] {dag.py:3954} INFO - Setting next_dagrun for example_time_delta_sensor_async to None, run_after=None
[2025-05-30T04:44:43.345+0000] {processor.py:183} INFO - Processing /home/airflow/.local/lib/python3.12/site-packages/airflow/example_dags/example_time_delta_sensor_async.py took 0.065 seconds
[2025-05-30T04:45:14.325+0000] {processor.py:161} INFO - Started process (PID=2753) to work on /home/airflow/.local/lib/python3.12/site-packages/airflow/example_dags/example_time_delta_sensor_async.py
[2025-05-30T04:45:14.326+0000] {processor.py:830} INFO - Processing file /home/airflow/.local/lib/python3.12/site-packages/airflow/example_dags/example_time_delta_sensor_async.py for tasks to queue
[2025-05-30T04:45:14.328+0000] {logging_mixin.py:188} INFO - [2025-05-30T04:45:14.328+0000] {dagbag.py:545} INFO - Filling up the DagBag from /home/airflow/.local/lib/python3.12/site-packages/airflow/example_dags/example_time_delta_sensor_async.py
[2025-05-30T04:45:14.334+0000] {processor.py:840} INFO - DAG(s) 'example_time_delta_sensor_async' retrieved from /home/airflow/.local/lib/python3.12/site-packages/airflow/example_dags/example_time_delta_sensor_async.py
[2025-05-30T04:45:14.359+0000] {logging_mixin.py:188} INFO - [2025-05-30T04:45:14.358+0000] {dag.py:3096} INFO - Sync 1 DAGs
[2025-05-30T04:45:14.376+0000] {logging_mixin.py:188} INFO - [2025-05-30T04:45:14.375+0000] {dag.py:3954} INFO - Setting next_dagrun for example_time_delta_sensor_async to None, run_after=None
[2025-05-30T04:45:14.398+0000] {processor.py:183} INFO - Processing /home/airflow/.local/lib/python3.12/site-packages/airflow/example_dags/example_time_delta_sensor_async.py took 0.082 seconds
[2025-05-30T04:45:44.997+0000] {processor.py:161} INFO - Started process (PID=3026) to work on /home/airflow/.local/lib/python3.12/site-packages/airflow/example_dags/example_time_delta_sensor_async.py
[2025-05-30T04:45:44.997+0000] {processor.py:830} INFO - Processing file /home/airflow/.local/lib/python3.12/site-packages/airflow/example_dags/example_time_delta_sensor_async.py for tasks to queue
[2025-05-30T04:45:44.999+0000] {logging_mixin.py:188} INFO - [2025-05-30T04:45:44.999+0000] {dagbag.py:545} INFO - Filling up the DagBag from /home/airflow/.local/lib/python3.12/site-packages/airflow/example_dags/example_time_delta_sensor_async.py
[2025-05-30T04:45:45.003+0000] {processor.py:840} INFO - DAG(s) 'example_time_delta_sensor_async' retrieved from /home/airflow/.local/lib/python3.12/site-packages/airflow/example_dags/example_time_delta_sensor_async.py
[2025-05-30T04:45:45.021+0000] {logging_mixin.py:188} INFO - [2025-05-30T04:45:45.020+0000] {dag.py:3096} INFO - Sync 1 DAGs
[2025-05-30T04:45:45.032+0000] {logging_mixin.py:188} INFO - [2025-05-30T04:45:45.032+0000] {dag.py:3954} INFO - Setting next_dagrun for example_time_delta_sensor_async to None, run_after=None
[2025-05-30T04:45:45.049+0000] {processor.py:183} INFO - Processing /home/airflow/.local/lib/python3.12/site-packages/airflow/example_dags/example_time_delta_sensor_async.py took 0.057 seconds
[2025-05-30T04:46:15.605+0000] {processor.py:161} INFO - Started process (PID=3292) to work on /home/airflow/.local/lib/python3.12/site-packages/airflow/example_dags/example_time_delta_sensor_async.py
[2025-05-30T04:46:15.608+0000] {processor.py:830} INFO - Processing file /home/airflow/.local/lib/python3.12/site-packages/airflow/example_dags/example_time_delta_sensor_async.py for tasks to queue
[2025-05-30T04:46:15.618+0000] {logging_mixin.py:188} INFO - [2025-05-30T04:46:15.617+0000] {dagbag.py:545} INFO - Filling up the DagBag from /home/airflow/.local/lib/python3.12/site-packages/airflow/example_dags/example_time_delta_sensor_async.py
[2025-05-30T04:46:15.638+0000] {processor.py:840} INFO - DAG(s) 'example_time_delta_sensor_async' retrieved from /home/airflow/.local/lib/python3.12/site-packages/airflow/example_dags/example_time_delta_sensor_async.py
[2025-05-30T04:46:15.747+0000] {logging_mixin.py:188} INFO - [2025-05-30T04:46:15.746+0000] {dag.py:3096} INFO - Sync 1 DAGs
[2025-05-30T04:46:15.808+0000] {logging_mixin.py:188} INFO - [2025-05-30T04:46:15.808+0000] {dag.py:3954} INFO - Setting next_dagrun for example_time_delta_sensor_async to None, run_after=None
[2025-05-30T04:46:15.867+0000] {processor.py:183} INFO - Processing /home/airflow/.local/lib/python3.12/site-packages/airflow/example_dags/example_time_delta_sensor_async.py took 0.289 seconds
[2025-05-30T04:46:45.952+0000] {processor.py:161} INFO - Started process (PID=3567) to work on /home/airflow/.local/lib/python3.12/site-packages/airflow/example_dags/example_time_delta_sensor_async.py
[2025-05-30T04:46:45.952+0000] {processor.py:830} INFO - Processing file /home/airflow/.local/lib/python3.12/site-packages/airflow/example_dags/example_time_delta_sensor_async.py for tasks to queue
[2025-05-30T04:46:45.954+0000] {logging_mixin.py:188} INFO - [2025-05-30T04:46:45.954+0000] {dagbag.py:545} INFO - Filling up the DagBag from /home/airflow/.local/lib/python3.12/site-packages/airflow/example_dags/example_time_delta_sensor_async.py
[2025-05-30T04:46:45.958+0000] {processor.py:840} INFO - DAG(s) 'example_time_delta_sensor_async' retrieved from /home/airflow/.local/lib/python3.12/site-packages/airflow/example_dags/example_time_delta_sensor_async.py
[2025-05-30T04:46:45.967+0000] {logging_mixin.py:188} INFO - [2025-05-30T04:46:45.967+0000] {dag.py:3096} INFO - Sync 1 DAGs
[2025-05-30T04:46:45.979+0000] {logging_mixin.py:188} INFO - [2025-05-30T04:46:45.979+0000] {dag.py:3954} INFO - Setting next_dagrun for example_time_delta_sensor_async to None, run_after=None
[2025-05-30T04:46:45.996+0000] {processor.py:183} INFO - Processing /home/airflow/.local/lib/python3.12/site-packages/airflow/example_dags/example_time_delta_sensor_async.py took 0.049 seconds
[2025-05-30T04:47:16.749+0000] {processor.py:161} INFO - Started process (PID=3837) to work on /home/airflow/.local/lib/python3.12/site-packages/airflow/example_dags/example_time_delta_sensor_async.py
[2025-05-30T04:47:16.749+0000] {processor.py:830} INFO - Processing file /home/airflow/.local/lib/python3.12/site-packages/airflow/example_dags/example_time_delta_sensor_async.py for tasks to queue
[2025-05-30T04:47:16.753+0000] {logging_mixin.py:188} INFO - [2025-05-30T04:47:16.753+0000] {dagbag.py:545} INFO - Filling up the DagBag from /home/airflow/.local/lib/python3.12/site-packages/airflow/example_dags/example_time_delta_sensor_async.py
[2025-05-30T04:47:16.760+0000] {processor.py:840} INFO - DAG(s) 'example_time_delta_sensor_async' retrieved from /home/airflow/.local/lib/python3.12/site-packages/airflow/example_dags/example_time_delta_sensor_async.py
[2025-05-30T04:47:16.869+0000] {logging_mixin.py:188} INFO - [2025-05-30T04:47:16.869+0000] {dag.py:3096} INFO - Sync 1 DAGs
[2025-05-30T04:47:16.879+0000] {logging_mixin.py:188} INFO - [2025-05-30T04:47:16.879+0000] {dag.py:3954} INFO - Setting next_dagrun for example_time_delta_sensor_async to None, run_after=None
[2025-05-30T04:47:16.901+0000] {processor.py:183} INFO - Processing /home/airflow/.local/lib/python3.12/site-packages/airflow/example_dags/example_time_delta_sensor_async.py took 0.157 seconds
[2025-05-30T04:47:47.743+0000] {processor.py:161} INFO - Started process (PID=4110) to work on /home/airflow/.local/lib/python3.12/site-packages/airflow/example_dags/example_time_delta_sensor_async.py
[2025-05-30T04:47:47.744+0000] {processor.py:830} INFO - Processing file /home/airflow/.local/lib/python3.12/site-packages/airflow/example_dags/example_time_delta_sensor_async.py for tasks to queue
[2025-05-30T04:47:47.746+0000] {logging_mixin.py:188} INFO - [2025-05-30T04:47:47.746+0000] {dagbag.py:545} INFO - Filling up the DagBag from /home/airflow/.local/lib/python3.12/site-packages/airflow/example_dags/example_time_delta_sensor_async.py
[2025-05-30T04:47:47.750+0000] {processor.py:840} INFO - DAG(s) 'example_time_delta_sensor_async' retrieved from /home/airflow/.local/lib/python3.12/site-packages/airflow/example_dags/example_time_delta_sensor_async.py
[2025-05-30T04:47:47.776+0000] {logging_mixin.py:188} INFO - [2025-05-30T04:47:47.776+0000] {dag.py:3096} INFO - Sync 1 DAGs
[2025-05-30T04:47:47.793+0000] {logging_mixin.py:188} INFO - [2025-05-30T04:47:47.793+0000] {dag.py:3954} INFO - Setting next_dagrun for example_time_delta_sensor_async to None, run_after=None
[2025-05-30T04:47:47.817+0000] {processor.py:183} INFO - Processing /home/airflow/.local/lib/python3.12/site-packages/airflow/example_dags/example_time_delta_sensor_async.py took 0.082 seconds
[2025-05-30T04:48:18.174+0000] {processor.py:161} INFO - Started process (PID=4383) to work on /home/airflow/.local/lib/python3.12/site-packages/airflow/example_dags/example_time_delta_sensor_async.py
[2025-05-30T04:48:18.175+0000] {processor.py:830} INFO - Processing file /home/airflow/.local/lib/python3.12/site-packages/airflow/example_dags/example_time_delta_sensor_async.py for tasks to queue
[2025-05-30T04:48:18.177+0000] {logging_mixin.py:188} INFO - [2025-05-30T04:48:18.176+0000] {dagbag.py:545} INFO - Filling up the DagBag from /home/airflow/.local/lib/python3.12/site-packages/airflow/example_dags/example_time_delta_sensor_async.py
[2025-05-30T04:48:18.181+0000] {processor.py:840} INFO - DAG(s) 'example_time_delta_sensor_async' retrieved from /home/airflow/.local/lib/python3.12/site-packages/airflow/example_dags/example_time_delta_sensor_async.py
[2025-05-30T04:48:18.197+0000] {logging_mixin.py:188} INFO - [2025-05-30T04:48:18.197+0000] {dag.py:3096} INFO - Sync 1 DAGs
[2025-05-30T04:48:18.209+0000] {logging_mixin.py:188} INFO - [2025-05-30T04:48:18.209+0000] {dag.py:3954} INFO - Setting next_dagrun for example_time_delta_sensor_async to None, run_after=None
[2025-05-30T04:48:18.227+0000] {processor.py:183} INFO - Processing /home/airflow/.local/lib/python3.12/site-packages/airflow/example_dags/example_time_delta_sensor_async.py took 0.057 seconds
[2025-05-30T04:48:48.710+0000] {processor.py:161} INFO - Started process (PID=4656) to work on /home/airflow/.local/lib/python3.12/site-packages/airflow/example_dags/example_time_delta_sensor_async.py
[2025-05-30T04:48:48.711+0000] {processor.py:830} INFO - Processing file /home/airflow/.local/lib/python3.12/site-packages/airflow/example_dags/example_time_delta_sensor_async.py for tasks to queue
[2025-05-30T04:48:48.713+0000] {logging_mixin.py:188} INFO - [2025-05-30T04:48:48.713+0000] {dagbag.py:545} INFO - Filling up the DagBag from /home/airflow/.local/lib/python3.12/site-packages/airflow/example_dags/example_time_delta_sensor_async.py
[2025-05-30T04:48:48.726+0000] {processor.py:840} INFO - DAG(s) 'example_time_delta_sensor_async' retrieved from /home/airflow/.local/lib/python3.12/site-packages/airflow/example_dags/example_time_delta_sensor_async.py
[2025-05-30T04:48:48.746+0000] {logging_mixin.py:188} INFO - [2025-05-30T04:48:48.745+0000] {dag.py:3096} INFO - Sync 1 DAGs
[2025-05-30T04:48:48.761+0000] {logging_mixin.py:188} INFO - [2025-05-30T04:48:48.761+0000] {dag.py:3954} INFO - Setting next_dagrun for example_time_delta_sensor_async to None, run_after=None
[2025-05-30T04:48:48.780+0000] {processor.py:183} INFO - Processing /home/airflow/.local/lib/python3.12/site-packages/airflow/example_dags/example_time_delta_sensor_async.py took 0.077 seconds
[2025-05-30T04:49:18.972+0000] {processor.py:161} INFO - Started process (PID=4929) to work on /home/airflow/.local/lib/python3.12/site-packages/airflow/example_dags/example_time_delta_sensor_async.py
[2025-05-30T04:49:18.973+0000] {processor.py:830} INFO - Processing file /home/airflow/.local/lib/python3.12/site-packages/airflow/example_dags/example_time_delta_sensor_async.py for tasks to queue
[2025-05-30T04:49:18.976+0000] {logging_mixin.py:188} INFO - [2025-05-30T04:49:18.975+0000] {dagbag.py:545} INFO - Filling up the DagBag from /home/airflow/.local/lib/python3.12/site-packages/airflow/example_dags/example_time_delta_sensor_async.py
[2025-05-30T04:49:18.983+0000] {processor.py:840} INFO - DAG(s) 'example_time_delta_sensor_async' retrieved from /home/airflow/.local/lib/python3.12/site-packages/airflow/example_dags/example_time_delta_sensor_async.py
[2025-05-30T04:49:18.998+0000] {logging_mixin.py:188} INFO - [2025-05-30T04:49:18.998+0000] {dag.py:3096} INFO - Sync 1 DAGs
[2025-05-30T04:49:19.011+0000] {logging_mixin.py:188} INFO - [2025-05-30T04:49:19.011+0000] {dag.py:3954} INFO - Setting next_dagrun for example_time_delta_sensor_async to None, run_after=None
[2025-05-30T04:49:19.028+0000] {processor.py:183} INFO - Processing /home/airflow/.local/lib/python3.12/site-packages/airflow/example_dags/example_time_delta_sensor_async.py took 0.061 seconds
[2025-05-30T05:20:45.600+0000] {processor.py:161} INFO - Started process (PID=5225) to work on /home/airflow/.local/lib/python3.12/site-packages/airflow/example_dags/example_time_delta_sensor_async.py
[2025-05-30T05:20:45.601+0000] {processor.py:830} INFO - Processing file /home/airflow/.local/lib/python3.12/site-packages/airflow/example_dags/example_time_delta_sensor_async.py for tasks to queue
[2025-05-30T05:20:45.603+0000] {logging_mixin.py:188} INFO - [2025-05-30T05:20:45.602+0000] {dagbag.py:545} INFO - Filling up the DagBag from /home/airflow/.local/lib/python3.12/site-packages/airflow/example_dags/example_time_delta_sensor_async.py
[2025-05-30T05:20:45.608+0000] {processor.py:840} INFO - DAG(s) 'example_time_delta_sensor_async' retrieved from /home/airflow/.local/lib/python3.12/site-packages/airflow/example_dags/example_time_delta_sensor_async.py
[2025-05-30T05:20:45.629+0000] {logging_mixin.py:188} INFO - [2025-05-30T05:20:45.629+0000] {dag.py:3096} INFO - Sync 1 DAGs
[2025-05-30T05:20:45.645+0000] {logging_mixin.py:188} INFO - [2025-05-30T05:20:45.644+0000] {dag.py:3954} INFO - Setting next_dagrun for example_time_delta_sensor_async to None, run_after=None
[2025-05-30T05:20:45.665+0000] {processor.py:183} INFO - Processing /home/airflow/.local/lib/python3.12/site-packages/airflow/example_dags/example_time_delta_sensor_async.py took 0.071 seconds
[2025-05-30T05:21:16.640+0000] {processor.py:161} INFO - Started process (PID=5498) to work on /home/airflow/.local/lib/python3.12/site-packages/airflow/example_dags/example_time_delta_sensor_async.py
[2025-05-30T05:21:16.641+0000] {processor.py:830} INFO - Processing file /home/airflow/.local/lib/python3.12/site-packages/airflow/example_dags/example_time_delta_sensor_async.py for tasks to queue
[2025-05-30T05:21:16.643+0000] {logging_mixin.py:188} INFO - [2025-05-30T05:21:16.643+0000] {dagbag.py:545} INFO - Filling up the DagBag from /home/airflow/.local/lib/python3.12/site-packages/airflow/example_dags/example_time_delta_sensor_async.py
[2025-05-30T05:21:16.647+0000] {processor.py:840} INFO - DAG(s) 'example_time_delta_sensor_async' retrieved from /home/airflow/.local/lib/python3.12/site-packages/airflow/example_dags/example_time_delta_sensor_async.py
[2025-05-30T05:21:16.669+0000] {logging_mixin.py:188} INFO - [2025-05-30T05:21:16.669+0000] {dag.py:3096} INFO - Sync 1 DAGs
[2025-05-30T05:21:16.685+0000] {logging_mixin.py:188} INFO - [2025-05-30T05:21:16.684+0000] {dag.py:3954} INFO - Setting next_dagrun for example_time_delta_sensor_async to None, run_after=None
[2025-05-30T05:21:16.709+0000] {processor.py:183} INFO - Processing /home/airflow/.local/lib/python3.12/site-packages/airflow/example_dags/example_time_delta_sensor_async.py took 0.073 seconds
[2025-05-30T05:21:47.357+0000] {processor.py:161} INFO - Started process (PID=5773) to work on /home/airflow/.local/lib/python3.12/site-packages/airflow/example_dags/example_time_delta_sensor_async.py
[2025-05-30T05:21:47.358+0000] {processor.py:830} INFO - Processing file /home/airflow/.local/lib/python3.12/site-packages/airflow/example_dags/example_time_delta_sensor_async.py for tasks to queue
[2025-05-30T05:21:47.361+0000] {logging_mixin.py:188} INFO - [2025-05-30T05:21:47.361+0000] {dagbag.py:545} INFO - Filling up the DagBag from /home/airflow/.local/lib/python3.12/site-packages/airflow/example_dags/example_time_delta_sensor_async.py
[2025-05-30T05:21:47.367+0000] {processor.py:840} INFO - DAG(s) 'example_time_delta_sensor_async' retrieved from /home/airflow/.local/lib/python3.12/site-packages/airflow/example_dags/example_time_delta_sensor_async.py
[2025-05-30T05:21:47.393+0000] {logging_mixin.py:188} INFO - [2025-05-30T05:21:47.393+0000] {dag.py:3096} INFO - Sync 1 DAGs
[2025-05-30T05:21:47.407+0000] {logging_mixin.py:188} INFO - [2025-05-30T05:21:47.407+0000] {dag.py:3954} INFO - Setting next_dagrun for example_time_delta_sensor_async to None, run_after=None
[2025-05-30T05:21:47.440+0000] {processor.py:183} INFO - Processing /home/airflow/.local/lib/python3.12/site-packages/airflow/example_dags/example_time_delta_sensor_async.py took 0.089 seconds
[2025-05-30T05:22:18.103+0000] {processor.py:161} INFO - Started process (PID=6044) to work on /home/airflow/.local/lib/python3.12/site-packages/airflow/example_dags/example_time_delta_sensor_async.py
[2025-05-30T05:22:18.104+0000] {processor.py:830} INFO - Processing file /home/airflow/.local/lib/python3.12/site-packages/airflow/example_dags/example_time_delta_sensor_async.py for tasks to queue
[2025-05-30T05:22:18.106+0000] {logging_mixin.py:188} INFO - [2025-05-30T05:22:18.106+0000] {dagbag.py:545} INFO - Filling up the DagBag from /home/airflow/.local/lib/python3.12/site-packages/airflow/example_dags/example_time_delta_sensor_async.py
[2025-05-30T05:22:18.113+0000] {processor.py:840} INFO - DAG(s) 'example_time_delta_sensor_async' retrieved from /home/airflow/.local/lib/python3.12/site-packages/airflow/example_dags/example_time_delta_sensor_async.py
[2025-05-30T05:22:18.140+0000] {logging_mixin.py:188} INFO - [2025-05-30T05:22:18.140+0000] {dag.py:3096} INFO - Sync 1 DAGs
[2025-05-30T05:22:18.157+0000] {logging_mixin.py:188} INFO - [2025-05-30T05:22:18.157+0000] {dag.py:3954} INFO - Setting next_dagrun for example_time_delta_sensor_async to None, run_after=None
[2025-05-30T05:22:18.184+0000] {processor.py:183} INFO - Processing /home/airflow/.local/lib/python3.12/site-packages/airflow/example_dags/example_time_delta_sensor_async.py took 0.091 seconds
[2025-05-30T05:22:49.372+0000] {processor.py:161} INFO - Started process (PID=6317) to work on /home/airflow/.local/lib/python3.12/site-packages/airflow/example_dags/example_time_delta_sensor_async.py
[2025-05-30T05:22:49.373+0000] {processor.py:830} INFO - Processing file /home/airflow/.local/lib/python3.12/site-packages/airflow/example_dags/example_time_delta_sensor_async.py for tasks to queue
[2025-05-30T05:22:49.375+0000] {logging_mixin.py:188} INFO - [2025-05-30T05:22:49.374+0000] {dagbag.py:545} INFO - Filling up the DagBag from /home/airflow/.local/lib/python3.12/site-packages/airflow/example_dags/example_time_delta_sensor_async.py
[2025-05-30T05:22:49.379+0000] {processor.py:840} INFO - DAG(s) 'example_time_delta_sensor_async' retrieved from /home/airflow/.local/lib/python3.12/site-packages/airflow/example_dags/example_time_delta_sensor_async.py
[2025-05-30T05:22:49.396+0000] {logging_mixin.py:188} INFO - [2025-05-30T05:22:49.396+0000] {dag.py:3096} INFO - Sync 1 DAGs
[2025-05-30T05:22:49.408+0000] {logging_mixin.py:188} INFO - [2025-05-30T05:22:49.407+0000] {dag.py:3954} INFO - Setting next_dagrun for example_time_delta_sensor_async to None, run_after=None
[2025-05-30T05:22:49.423+0000] {processor.py:183} INFO - Processing /home/airflow/.local/lib/python3.12/site-packages/airflow/example_dags/example_time_delta_sensor_async.py took 0.056 seconds
[2025-05-30T05:23:21.355+0000] {processor.py:161} INFO - Started process (PID=6592) to work on /home/airflow/.local/lib/python3.12/site-packages/airflow/example_dags/example_time_delta_sensor_async.py
[2025-05-30T05:23:21.356+0000] {processor.py:830} INFO - Processing file /home/airflow/.local/lib/python3.12/site-packages/airflow/example_dags/example_time_delta_sensor_async.py for tasks to queue
[2025-05-30T05:23:21.358+0000] {logging_mixin.py:188} INFO - [2025-05-30T05:23:21.357+0000] {dagbag.py:545} INFO - Filling up the DagBag from /home/airflow/.local/lib/python3.12/site-packages/airflow/example_dags/example_time_delta_sensor_async.py
[2025-05-30T05:23:21.362+0000] {processor.py:840} INFO - DAG(s) 'example_time_delta_sensor_async' retrieved from /home/airflow/.local/lib/python3.12/site-packages/airflow/example_dags/example_time_delta_sensor_async.py
[2025-05-30T05:23:21.380+0000] {logging_mixin.py:188} INFO - [2025-05-30T05:23:21.379+0000] {dag.py:3096} INFO - Sync 1 DAGs
[2025-05-30T05:23:21.390+0000] {logging_mixin.py:188} INFO - [2025-05-30T05:23:21.390+0000] {dag.py:3954} INFO - Setting next_dagrun for example_time_delta_sensor_async to None, run_after=None
[2025-05-30T05:23:21.405+0000] {processor.py:183} INFO - Processing /home/airflow/.local/lib/python3.12/site-packages/airflow/example_dags/example_time_delta_sensor_async.py took 0.054 seconds
[2025-05-30T05:23:52.626+0000] {processor.py:161} INFO - Started process (PID=6865) to work on /home/airflow/.local/lib/python3.12/site-packages/airflow/example_dags/example_time_delta_sensor_async.py
[2025-05-30T05:23:52.628+0000] {processor.py:830} INFO - Processing file /home/airflow/.local/lib/python3.12/site-packages/airflow/example_dags/example_time_delta_sensor_async.py for tasks to queue
[2025-05-30T05:23:52.631+0000] {logging_mixin.py:188} INFO - [2025-05-30T05:23:52.631+0000] {dagbag.py:545} INFO - Filling up the DagBag from /home/airflow/.local/lib/python3.12/site-packages/airflow/example_dags/example_time_delta_sensor_async.py
[2025-05-30T05:23:52.637+0000] {processor.py:840} INFO - DAG(s) 'example_time_delta_sensor_async' retrieved from /home/airflow/.local/lib/python3.12/site-packages/airflow/example_dags/example_time_delta_sensor_async.py
[2025-05-30T05:23:52.662+0000] {logging_mixin.py:188} INFO - [2025-05-30T05:23:52.661+0000] {dag.py:3096} INFO - Sync 1 DAGs
[2025-05-30T05:23:52.677+0000] {logging_mixin.py:188} INFO - [2025-05-30T05:23:52.676+0000] {dag.py:3954} INFO - Setting next_dagrun for example_time_delta_sensor_async to None, run_after=None
[2025-05-30T05:23:52.701+0000] {processor.py:183} INFO - Processing /home/airflow/.local/lib/python3.12/site-packages/airflow/example_dags/example_time_delta_sensor_async.py took 0.082 seconds
[2025-05-30T05:24:23.697+0000] {processor.py:161} INFO - Started process (PID=7138) to work on /home/airflow/.local/lib/python3.12/site-packages/airflow/example_dags/example_time_delta_sensor_async.py
[2025-05-30T05:24:23.697+0000] {processor.py:830} INFO - Processing file /home/airflow/.local/lib/python3.12/site-packages/airflow/example_dags/example_time_delta_sensor_async.py for tasks to queue
[2025-05-30T05:24:23.699+0000] {logging_mixin.py:188} INFO - [2025-05-30T05:24:23.699+0000] {dagbag.py:545} INFO - Filling up the DagBag from /home/airflow/.local/lib/python3.12/site-packages/airflow/example_dags/example_time_delta_sensor_async.py
[2025-05-30T05:24:23.704+0000] {processor.py:840} INFO - DAG(s) 'example_time_delta_sensor_async' retrieved from /home/airflow/.local/lib/python3.12/site-packages/airflow/example_dags/example_time_delta_sensor_async.py
[2025-05-30T05:24:23.720+0000] {logging_mixin.py:188} INFO - [2025-05-30T05:24:23.720+0000] {dag.py:3096} INFO - Sync 1 DAGs
[2025-05-30T05:24:23.730+0000] {logging_mixin.py:188} INFO - [2025-05-30T05:24:23.730+0000] {dag.py:3954} INFO - Setting next_dagrun for example_time_delta_sensor_async to None, run_after=None
[2025-05-30T05:24:23.746+0000] {processor.py:183} INFO - Processing /home/airflow/.local/lib/python3.12/site-packages/airflow/example_dags/example_time_delta_sensor_async.py took 0.055 seconds
[2025-05-30T05:24:54.576+0000] {processor.py:161} INFO - Started process (PID=7411) to work on /home/airflow/.local/lib/python3.12/site-packages/airflow/example_dags/example_time_delta_sensor_async.py
[2025-05-30T05:24:54.577+0000] {processor.py:830} INFO - Processing file /home/airflow/.local/lib/python3.12/site-packages/airflow/example_dags/example_time_delta_sensor_async.py for tasks to queue
[2025-05-30T05:24:54.579+0000] {logging_mixin.py:188} INFO - [2025-05-30T05:24:54.578+0000] {dagbag.py:545} INFO - Filling up the DagBag from /home/airflow/.local/lib/python3.12/site-packages/airflow/example_dags/example_time_delta_sensor_async.py
[2025-05-30T05:24:54.582+0000] {processor.py:840} INFO - DAG(s) 'example_time_delta_sensor_async' retrieved from /home/airflow/.local/lib/python3.12/site-packages/airflow/example_dags/example_time_delta_sensor_async.py
[2025-05-30T05:24:54.598+0000] {logging_mixin.py:188} INFO - [2025-05-30T05:24:54.598+0000] {dag.py:3096} INFO - Sync 1 DAGs
[2025-05-30T05:24:54.610+0000] {logging_mixin.py:188} INFO - [2025-05-30T05:24:54.609+0000] {dag.py:3954} INFO - Setting next_dagrun for example_time_delta_sensor_async to None, run_after=None
[2025-05-30T05:24:54.626+0000] {processor.py:183} INFO - Processing /home/airflow/.local/lib/python3.12/site-packages/airflow/example_dags/example_time_delta_sensor_async.py took 0.054 seconds
[2025-05-30T05:25:25.151+0000] {processor.py:161} INFO - Started process (PID=7682) to work on /home/airflow/.local/lib/python3.12/site-packages/airflow/example_dags/example_time_delta_sensor_async.py
[2025-05-30T05:25:25.152+0000] {processor.py:830} INFO - Processing file /home/airflow/.local/lib/python3.12/site-packages/airflow/example_dags/example_time_delta_sensor_async.py for tasks to queue
[2025-05-30T05:25:25.155+0000] {logging_mixin.py:188} INFO - [2025-05-30T05:25:25.154+0000] {dagbag.py:545} INFO - Filling up the DagBag from /home/airflow/.local/lib/python3.12/site-packages/airflow/example_dags/example_time_delta_sensor_async.py
[2025-05-30T05:25:25.162+0000] {processor.py:840} INFO - DAG(s) 'example_time_delta_sensor_async' retrieved from /home/airflow/.local/lib/python3.12/site-packages/airflow/example_dags/example_time_delta_sensor_async.py
[2025-05-30T05:25:25.189+0000] {logging_mixin.py:188} INFO - [2025-05-30T05:25:25.188+0000] {dag.py:3096} INFO - Sync 1 DAGs
[2025-05-30T05:25:25.205+0000] {logging_mixin.py:188} INFO - [2025-05-30T05:25:25.205+0000] {dag.py:3954} INFO - Setting next_dagrun for example_time_delta_sensor_async to None, run_after=None
[2025-05-30T05:25:25.230+0000] {processor.py:183} INFO - Processing /home/airflow/.local/lib/python3.12/site-packages/airflow/example_dags/example_time_delta_sensor_async.py took 0.087 seconds
[2025-05-30T05:25:55.863+0000] {processor.py:161} INFO - Started process (PID=7955) to work on /home/airflow/.local/lib/python3.12/site-packages/airflow/example_dags/example_time_delta_sensor_async.py
[2025-05-30T05:25:55.865+0000] {processor.py:830} INFO - Processing file /home/airflow/.local/lib/python3.12/site-packages/airflow/example_dags/example_time_delta_sensor_async.py for tasks to queue
[2025-05-30T05:25:55.867+0000] {logging_mixin.py:188} INFO - [2025-05-30T05:25:55.867+0000] {dagbag.py:545} INFO - Filling up the DagBag from /home/airflow/.local/lib/python3.12/site-packages/airflow/example_dags/example_time_delta_sensor_async.py
[2025-05-30T05:25:55.874+0000] {processor.py:840} INFO - DAG(s) 'example_time_delta_sensor_async' retrieved from /home/airflow/.local/lib/python3.12/site-packages/airflow/example_dags/example_time_delta_sensor_async.py
[2025-05-30T05:25:55.895+0000] {logging_mixin.py:188} INFO - [2025-05-30T05:25:55.895+0000] {dag.py:3096} INFO - Sync 1 DAGs
[2025-05-30T05:25:55.911+0000] {logging_mixin.py:188} INFO - [2025-05-30T05:25:55.911+0000] {dag.py:3954} INFO - Setting next_dagrun for example_time_delta_sensor_async to None, run_after=None
[2025-05-30T05:25:55.931+0000] {processor.py:183} INFO - Processing /home/airflow/.local/lib/python3.12/site-packages/airflow/example_dags/example_time_delta_sensor_async.py took 0.073 seconds
[2025-05-30T05:26:26.365+0000] {processor.py:161} INFO - Started process (PID=8228) to work on /home/airflow/.local/lib/python3.12/site-packages/airflow/example_dags/example_time_delta_sensor_async.py
[2025-05-30T05:26:26.366+0000] {processor.py:830} INFO - Processing file /home/airflow/.local/lib/python3.12/site-packages/airflow/example_dags/example_time_delta_sensor_async.py for tasks to queue
[2025-05-30T05:26:26.368+0000] {logging_mixin.py:188} INFO - [2025-05-30T05:26:26.367+0000] {dagbag.py:545} INFO - Filling up the DagBag from /home/airflow/.local/lib/python3.12/site-packages/airflow/example_dags/example_time_delta_sensor_async.py
[2025-05-30T05:26:26.372+0000] {processor.py:840} INFO - DAG(s) 'example_time_delta_sensor_async' retrieved from /home/airflow/.local/lib/python3.12/site-packages/airflow/example_dags/example_time_delta_sensor_async.py
[2025-05-30T05:26:26.391+0000] {logging_mixin.py:188} INFO - [2025-05-30T05:26:26.390+0000] {dag.py:3096} INFO - Sync 1 DAGs
[2025-05-30T05:26:26.402+0000] {logging_mixin.py:188} INFO - [2025-05-30T05:26:26.402+0000] {dag.py:3954} INFO - Setting next_dagrun for example_time_delta_sensor_async to None, run_after=None
[2025-05-30T05:26:26.418+0000] {processor.py:183} INFO - Processing /home/airflow/.local/lib/python3.12/site-packages/airflow/example_dags/example_time_delta_sensor_async.py took 0.058 seconds
[2025-05-30T05:26:57.130+0000] {processor.py:161} INFO - Started process (PID=8500) to work on /home/airflow/.local/lib/python3.12/site-packages/airflow/example_dags/example_time_delta_sensor_async.py
[2025-05-30T05:26:57.131+0000] {processor.py:830} INFO - Processing file /home/airflow/.local/lib/python3.12/site-packages/airflow/example_dags/example_time_delta_sensor_async.py for tasks to queue
[2025-05-30T05:26:57.134+0000] {logging_mixin.py:188} INFO - [2025-05-30T05:26:57.133+0000] {dagbag.py:545} INFO - Filling up the DagBag from /home/airflow/.local/lib/python3.12/site-packages/airflow/example_dags/example_time_delta_sensor_async.py
[2025-05-30T05:26:57.139+0000] {processor.py:840} INFO - DAG(s) 'example_time_delta_sensor_async' retrieved from /home/airflow/.local/lib/python3.12/site-packages/airflow/example_dags/example_time_delta_sensor_async.py
[2025-05-30T05:26:57.160+0000] {logging_mixin.py:188} INFO - [2025-05-30T05:26:57.160+0000] {dag.py:3096} INFO - Sync 1 DAGs
[2025-05-30T05:26:57.175+0000] {logging_mixin.py:188} INFO - [2025-05-30T05:26:57.175+0000] {dag.py:3954} INFO - Setting next_dagrun for example_time_delta_sensor_async to None, run_after=None
[2025-05-30T05:26:57.202+0000] {processor.py:183} INFO - Processing /home/airflow/.local/lib/python3.12/site-packages/airflow/example_dags/example_time_delta_sensor_async.py took 0.079 seconds
[2025-05-30T05:27:28.028+0000] {processor.py:161} INFO - Started process (PID=8773) to work on /home/airflow/.local/lib/python3.12/site-packages/airflow/example_dags/example_time_delta_sensor_async.py
[2025-05-30T05:27:28.029+0000] {processor.py:830} INFO - Processing file /home/airflow/.local/lib/python3.12/site-packages/airflow/example_dags/example_time_delta_sensor_async.py for tasks to queue
[2025-05-30T05:27:28.031+0000] {logging_mixin.py:188} INFO - [2025-05-30T05:27:28.031+0000] {dagbag.py:545} INFO - Filling up the DagBag from /home/airflow/.local/lib/python3.12/site-packages/airflow/example_dags/example_time_delta_sensor_async.py
[2025-05-30T05:27:28.036+0000] {processor.py:840} INFO - DAG(s) 'example_time_delta_sensor_async' retrieved from /home/airflow/.local/lib/python3.12/site-packages/airflow/example_dags/example_time_delta_sensor_async.py
[2025-05-30T05:27:28.056+0000] {logging_mixin.py:188} INFO - [2025-05-30T05:27:28.056+0000] {dag.py:3096} INFO - Sync 1 DAGs
[2025-05-30T05:27:28.070+0000] {logging_mixin.py:188} INFO - [2025-05-30T05:27:28.070+0000] {dag.py:3954} INFO - Setting next_dagrun for example_time_delta_sensor_async to None, run_after=None
[2025-05-30T05:27:28.089+0000] {processor.py:183} INFO - Processing /home/airflow/.local/lib/python3.12/site-packages/airflow/example_dags/example_time_delta_sensor_async.py took 0.067 seconds
[2025-05-30T05:27:58.780+0000] {processor.py:161} INFO - Started process (PID=9048) to work on /home/airflow/.local/lib/python3.12/site-packages/airflow/example_dags/example_time_delta_sensor_async.py
[2025-05-30T05:27:58.781+0000] {processor.py:830} INFO - Processing file /home/airflow/.local/lib/python3.12/site-packages/airflow/example_dags/example_time_delta_sensor_async.py for tasks to queue
[2025-05-30T05:27:58.782+0000] {logging_mixin.py:188} INFO - [2025-05-30T05:27:58.782+0000] {dagbag.py:545} INFO - Filling up the DagBag from /home/airflow/.local/lib/python3.12/site-packages/airflow/example_dags/example_time_delta_sensor_async.py
[2025-05-30T05:27:58.787+0000] {processor.py:840} INFO - DAG(s) 'example_time_delta_sensor_async' retrieved from /home/airflow/.local/lib/python3.12/site-packages/airflow/example_dags/example_time_delta_sensor_async.py
[2025-05-30T05:27:58.805+0000] {logging_mixin.py:188} INFO - [2025-05-30T05:27:58.804+0000] {dag.py:3096} INFO - Sync 1 DAGs
[2025-05-30T05:27:58.817+0000] {logging_mixin.py:188} INFO - [2025-05-30T05:27:58.817+0000] {dag.py:3954} INFO - Setting next_dagrun for example_time_delta_sensor_async to None, run_after=None
[2025-05-30T05:27:58.832+0000] {processor.py:183} INFO - Processing /home/airflow/.local/lib/python3.12/site-packages/airflow/example_dags/example_time_delta_sensor_async.py took 0.057 seconds
[2025-05-30T05:28:29.418+0000] {processor.py:161} INFO - Started process (PID=9319) to work on /home/airflow/.local/lib/python3.12/site-packages/airflow/example_dags/example_time_delta_sensor_async.py
[2025-05-30T05:28:29.420+0000] {processor.py:830} INFO - Processing file /home/airflow/.local/lib/python3.12/site-packages/airflow/example_dags/example_time_delta_sensor_async.py for tasks to queue
[2025-05-30T05:28:29.422+0000] {logging_mixin.py:188} INFO - [2025-05-30T05:28:29.422+0000] {dagbag.py:545} INFO - Filling up the DagBag from /home/airflow/.local/lib/python3.12/site-packages/airflow/example_dags/example_time_delta_sensor_async.py
[2025-05-30T05:28:29.429+0000] {processor.py:840} INFO - DAG(s) 'example_time_delta_sensor_async' retrieved from /home/airflow/.local/lib/python3.12/site-packages/airflow/example_dags/example_time_delta_sensor_async.py
[2025-05-30T05:28:29.450+0000] {logging_mixin.py:188} INFO - [2025-05-30T05:28:29.450+0000] {dag.py:3096} INFO - Sync 1 DAGs
[2025-05-30T05:28:29.463+0000] {logging_mixin.py:188} INFO - [2025-05-30T05:28:29.463+0000] {dag.py:3954} INFO - Setting next_dagrun for example_time_delta_sensor_async to None, run_after=None
[2025-05-30T05:28:29.486+0000] {processor.py:183} INFO - Processing /home/airflow/.local/lib/python3.12/site-packages/airflow/example_dags/example_time_delta_sensor_async.py took 0.074 seconds
[2025-05-30T05:28:59.964+0000] {processor.py:161} INFO - Started process (PID=9594) to work on /home/airflow/.local/lib/python3.12/site-packages/airflow/example_dags/example_time_delta_sensor_async.py
[2025-05-30T05:28:59.965+0000] {processor.py:830} INFO - Processing file /home/airflow/.local/lib/python3.12/site-packages/airflow/example_dags/example_time_delta_sensor_async.py for tasks to queue
[2025-05-30T05:28:59.967+0000] {logging_mixin.py:188} INFO - [2025-05-30T05:28:59.967+0000] {dagbag.py:545} INFO - Filling up the DagBag from /home/airflow/.local/lib/python3.12/site-packages/airflow/example_dags/example_time_delta_sensor_async.py
[2025-05-30T05:28:59.971+0000] {processor.py:840} INFO - DAG(s) 'example_time_delta_sensor_async' retrieved from /home/airflow/.local/lib/python3.12/site-packages/airflow/example_dags/example_time_delta_sensor_async.py
[2025-05-30T05:28:59.993+0000] {logging_mixin.py:188} INFO - [2025-05-30T05:28:59.993+0000] {dag.py:3096} INFO - Sync 1 DAGs
[2025-05-30T05:29:00.007+0000] {logging_mixin.py:188} INFO - [2025-05-30T05:29:00.007+0000] {dag.py:3954} INFO - Setting next_dagrun for example_time_delta_sensor_async to None, run_after=None
[2025-05-30T05:29:00.037+0000] {processor.py:183} INFO - Processing /home/airflow/.local/lib/python3.12/site-packages/airflow/example_dags/example_time_delta_sensor_async.py took 0.078 seconds
[2025-05-30T05:29:30.156+0000] {processor.py:161} INFO - Started process (PID=9865) to work on /home/airflow/.local/lib/python3.12/site-packages/airflow/example_dags/example_time_delta_sensor_async.py
[2025-05-30T05:29:30.157+0000] {processor.py:830} INFO - Processing file /home/airflow/.local/lib/python3.12/site-packages/airflow/example_dags/example_time_delta_sensor_async.py for tasks to queue
[2025-05-30T05:29:30.159+0000] {logging_mixin.py:188} INFO - [2025-05-30T05:29:30.159+0000] {dagbag.py:545} INFO - Filling up the DagBag from /home/airflow/.local/lib/python3.12/site-packages/airflow/example_dags/example_time_delta_sensor_async.py
[2025-05-30T05:29:30.163+0000] {processor.py:840} INFO - DAG(s) 'example_time_delta_sensor_async' retrieved from /home/airflow/.local/lib/python3.12/site-packages/airflow/example_dags/example_time_delta_sensor_async.py
[2025-05-30T05:29:30.183+0000] {logging_mixin.py:188} INFO - [2025-05-30T05:29:30.182+0000] {dag.py:3096} INFO - Sync 1 DAGs
[2025-05-30T05:29:30.194+0000] {logging_mixin.py:188} INFO - [2025-05-30T05:29:30.194+0000] {dag.py:3954} INFO - Setting next_dagrun for example_time_delta_sensor_async to None, run_after=None
[2025-05-30T05:29:30.210+0000] {processor.py:183} INFO - Processing /home/airflow/.local/lib/python3.12/site-packages/airflow/example_dags/example_time_delta_sensor_async.py took 0.060 seconds
[2025-05-30T05:30:00.364+0000] {processor.py:161} INFO - Started process (PID=10138) to work on /home/airflow/.local/lib/python3.12/site-packages/airflow/example_dags/example_time_delta_sensor_async.py
[2025-05-30T05:30:00.365+0000] {processor.py:830} INFO - Processing file /home/airflow/.local/lib/python3.12/site-packages/airflow/example_dags/example_time_delta_sensor_async.py for tasks to queue
[2025-05-30T05:30:00.368+0000] {logging_mixin.py:188} INFO - [2025-05-30T05:30:00.367+0000] {dagbag.py:545} INFO - Filling up the DagBag from /home/airflow/.local/lib/python3.12/site-packages/airflow/example_dags/example_time_delta_sensor_async.py
[2025-05-30T05:30:00.373+0000] {processor.py:840} INFO - DAG(s) 'example_time_delta_sensor_async' retrieved from /home/airflow/.local/lib/python3.12/site-packages/airflow/example_dags/example_time_delta_sensor_async.py
[2025-05-30T05:30:00.393+0000] {logging_mixin.py:188} INFO - [2025-05-30T05:30:00.393+0000] {dag.py:3096} INFO - Sync 1 DAGs
[2025-05-30T05:30:00.405+0000] {logging_mixin.py:188} INFO - [2025-05-30T05:30:00.405+0000] {dag.py:3954} INFO - Setting next_dagrun for example_time_delta_sensor_async to None, run_after=None
[2025-05-30T05:30:00.423+0000] {processor.py:183} INFO - Processing /home/airflow/.local/lib/python3.12/site-packages/airflow/example_dags/example_time_delta_sensor_async.py took 0.063 seconds
[2025-05-30T05:30:30.466+0000] {processor.py:161} INFO - Started process (PID=10404) to work on /home/airflow/.local/lib/python3.12/site-packages/airflow/example_dags/example_time_delta_sensor_async.py
[2025-05-30T05:30:30.467+0000] {processor.py:830} INFO - Processing file /home/airflow/.local/lib/python3.12/site-packages/airflow/example_dags/example_time_delta_sensor_async.py for tasks to queue
[2025-05-30T05:30:30.470+0000] {logging_mixin.py:188} INFO - [2025-05-30T05:30:30.469+0000] {dagbag.py:545} INFO - Filling up the DagBag from /home/airflow/.local/lib/python3.12/site-packages/airflow/example_dags/example_time_delta_sensor_async.py
[2025-05-30T05:30:30.475+0000] {processor.py:840} INFO - DAG(s) 'example_time_delta_sensor_async' retrieved from /home/airflow/.local/lib/python3.12/site-packages/airflow/example_dags/example_time_delta_sensor_async.py
[2025-05-30T05:30:30.500+0000] {logging_mixin.py:188} INFO - [2025-05-30T05:30:30.500+0000] {dag.py:3096} INFO - Sync 1 DAGs
[2025-05-30T05:30:30.518+0000] {logging_mixin.py:188} INFO - [2025-05-30T05:30:30.518+0000] {dag.py:3954} INFO - Setting next_dagrun for example_time_delta_sensor_async to None, run_after=None
[2025-05-30T05:30:30.545+0000] {processor.py:183} INFO - Processing /home/airflow/.local/lib/python3.12/site-packages/airflow/example_dags/example_time_delta_sensor_async.py took 0.087 seconds
[2025-05-30T05:31:00.954+0000] {processor.py:161} INFO - Started process (PID=10677) to work on /home/airflow/.local/lib/python3.12/site-packages/airflow/example_dags/example_time_delta_sensor_async.py
[2025-05-30T05:31:00.955+0000] {processor.py:830} INFO - Processing file /home/airflow/.local/lib/python3.12/site-packages/airflow/example_dags/example_time_delta_sensor_async.py for tasks to queue
[2025-05-30T05:31:00.961+0000] {logging_mixin.py:188} INFO - [2025-05-30T05:31:00.960+0000] {dagbag.py:545} INFO - Filling up the DagBag from /home/airflow/.local/lib/python3.12/site-packages/airflow/example_dags/example_time_delta_sensor_async.py
[2025-05-30T05:31:00.980+0000] {processor.py:840} INFO - DAG(s) 'example_time_delta_sensor_async' retrieved from /home/airflow/.local/lib/python3.12/site-packages/airflow/example_dags/example_time_delta_sensor_async.py
[2025-05-30T05:31:01.021+0000] {logging_mixin.py:188} INFO - [2025-05-30T05:31:01.020+0000] {dag.py:3096} INFO - Sync 1 DAGs
[2025-05-30T05:31:01.051+0000] {logging_mixin.py:188} INFO - [2025-05-30T05:31:01.051+0000] {dag.py:3954} INFO - Setting next_dagrun for example_time_delta_sensor_async to None, run_after=None
[2025-05-30T05:31:01.117+0000] {processor.py:183} INFO - Processing /home/airflow/.local/lib/python3.12/site-packages/airflow/example_dags/example_time_delta_sensor_async.py took 0.172 seconds
[2025-05-30T05:31:31.909+0000] {processor.py:161} INFO - Started process (PID=10950) to work on /home/airflow/.local/lib/python3.12/site-packages/airflow/example_dags/example_time_delta_sensor_async.py
[2025-05-30T05:31:31.910+0000] {processor.py:830} INFO - Processing file /home/airflow/.local/lib/python3.12/site-packages/airflow/example_dags/example_time_delta_sensor_async.py for tasks to queue
[2025-05-30T05:31:31.912+0000] {logging_mixin.py:188} INFO - [2025-05-30T05:31:31.911+0000] {dagbag.py:545} INFO - Filling up the DagBag from /home/airflow/.local/lib/python3.12/site-packages/airflow/example_dags/example_time_delta_sensor_async.py
[2025-05-30T05:31:31.916+0000] {processor.py:840} INFO - DAG(s) 'example_time_delta_sensor_async' retrieved from /home/airflow/.local/lib/python3.12/site-packages/airflow/example_dags/example_time_delta_sensor_async.py
[2025-05-30T05:31:31.935+0000] {logging_mixin.py:188} INFO - [2025-05-30T05:31:31.935+0000] {dag.py:3096} INFO - Sync 1 DAGs
[2025-05-30T05:31:31.950+0000] {logging_mixin.py:188} INFO - [2025-05-30T05:31:31.949+0000] {dag.py:3954} INFO - Setting next_dagrun for example_time_delta_sensor_async to None, run_after=None
[2025-05-30T05:31:31.968+0000] {processor.py:183} INFO - Processing /home/airflow/.local/lib/python3.12/site-packages/airflow/example_dags/example_time_delta_sensor_async.py took 0.064 seconds
[2025-05-30T05:32:02.165+0000] {processor.py:161} INFO - Started process (PID=11223) to work on /home/airflow/.local/lib/python3.12/site-packages/airflow/example_dags/example_time_delta_sensor_async.py
[2025-05-30T05:32:02.166+0000] {processor.py:830} INFO - Processing file /home/airflow/.local/lib/python3.12/site-packages/airflow/example_dags/example_time_delta_sensor_async.py for tasks to queue
[2025-05-30T05:32:02.168+0000] {logging_mixin.py:188} INFO - [2025-05-30T05:32:02.167+0000] {dagbag.py:545} INFO - Filling up the DagBag from /home/airflow/.local/lib/python3.12/site-packages/airflow/example_dags/example_time_delta_sensor_async.py
[2025-05-30T05:32:02.173+0000] {processor.py:840} INFO - DAG(s) 'example_time_delta_sensor_async' retrieved from /home/airflow/.local/lib/python3.12/site-packages/airflow/example_dags/example_time_delta_sensor_async.py
[2025-05-30T05:32:02.195+0000] {logging_mixin.py:188} INFO - [2025-05-30T05:32:02.195+0000] {dag.py:3096} INFO - Sync 1 DAGs
[2025-05-30T05:32:02.212+0000] {logging_mixin.py:188} INFO - [2025-05-30T05:32:02.212+0000] {dag.py:3954} INFO - Setting next_dagrun for example_time_delta_sensor_async to None, run_after=None
[2025-05-30T05:32:02.230+0000] {processor.py:183} INFO - Processing /home/airflow/.local/lib/python3.12/site-packages/airflow/example_dags/example_time_delta_sensor_async.py took 0.071 seconds
[2025-05-30T05:32:32.396+0000] {processor.py:161} INFO - Started process (PID=11496) to work on /home/airflow/.local/lib/python3.12/site-packages/airflow/example_dags/example_time_delta_sensor_async.py
[2025-05-30T05:32:32.397+0000] {processor.py:830} INFO - Processing file /home/airflow/.local/lib/python3.12/site-packages/airflow/example_dags/example_time_delta_sensor_async.py for tasks to queue
[2025-05-30T05:32:32.399+0000] {logging_mixin.py:188} INFO - [2025-05-30T05:32:32.398+0000] {dagbag.py:545} INFO - Filling up the DagBag from /home/airflow/.local/lib/python3.12/site-packages/airflow/example_dags/example_time_delta_sensor_async.py
[2025-05-30T05:32:32.402+0000] {processor.py:840} INFO - DAG(s) 'example_time_delta_sensor_async' retrieved from /home/airflow/.local/lib/python3.12/site-packages/airflow/example_dags/example_time_delta_sensor_async.py
[2025-05-30T05:32:32.421+0000] {logging_mixin.py:188} INFO - [2025-05-30T05:32:32.420+0000] {dag.py:3096} INFO - Sync 1 DAGs
[2025-05-30T05:32:32.436+0000] {logging_mixin.py:188} INFO - [2025-05-30T05:32:32.436+0000] {dag.py:3954} INFO - Setting next_dagrun for example_time_delta_sensor_async to None, run_after=None
[2025-05-30T05:32:32.454+0000] {processor.py:183} INFO - Processing /home/airflow/.local/lib/python3.12/site-packages/airflow/example_dags/example_time_delta_sensor_async.py took 0.063 seconds
[2025-05-30T05:40:02.185+0000] {processor.py:161} INFO - Started process (PID=301) to work on /home/airflow/.local/lib/python3.12/site-packages/airflow/example_dags/example_time_delta_sensor_async.py
[2025-05-30T05:40:02.186+0000] {processor.py:830} INFO - Processing file /home/airflow/.local/lib/python3.12/site-packages/airflow/example_dags/example_time_delta_sensor_async.py for tasks to queue
[2025-05-30T05:40:02.188+0000] {logging_mixin.py:188} INFO - [2025-05-30T05:40:02.188+0000] {dagbag.py:545} INFO - Filling up the DagBag from /home/airflow/.local/lib/python3.12/site-packages/airflow/example_dags/example_time_delta_sensor_async.py
[2025-05-30T05:40:02.196+0000] {processor.py:840} INFO - DAG(s) 'example_time_delta_sensor_async' retrieved from /home/airflow/.local/lib/python3.12/site-packages/airflow/example_dags/example_time_delta_sensor_async.py
[2025-05-30T05:40:02.210+0000] {logging_mixin.py:188} INFO - [2025-05-30T05:40:02.210+0000] {dag.py:3096} INFO - Sync 1 DAGs
[2025-05-30T05:40:02.226+0000] {logging_mixin.py:188} INFO - [2025-05-30T05:40:02.225+0000] {dag.py:3954} INFO - Setting next_dagrun for example_time_delta_sensor_async to None, run_after=None
[2025-05-30T05:40:02.251+0000] {processor.py:183} INFO - Processing /home/airflow/.local/lib/python3.12/site-packages/airflow/example_dags/example_time_delta_sensor_async.py took 0.072 seconds
[2025-05-30T05:40:34.373+0000] {processor.py:161} INFO - Started process (PID=572) to work on /home/airflow/.local/lib/python3.12/site-packages/airflow/example_dags/example_time_delta_sensor_async.py
[2025-05-30T05:40:34.374+0000] {processor.py:830} INFO - Processing file /home/airflow/.local/lib/python3.12/site-packages/airflow/example_dags/example_time_delta_sensor_async.py for tasks to queue
[2025-05-30T05:40:34.376+0000] {logging_mixin.py:188} INFO - [2025-05-30T05:40:34.375+0000] {dagbag.py:545} INFO - Filling up the DagBag from /home/airflow/.local/lib/python3.12/site-packages/airflow/example_dags/example_time_delta_sensor_async.py
[2025-05-30T05:40:34.380+0000] {processor.py:840} INFO - DAG(s) 'example_time_delta_sensor_async' retrieved from /home/airflow/.local/lib/python3.12/site-packages/airflow/example_dags/example_time_delta_sensor_async.py
[2025-05-30T05:40:34.478+0000] {logging_mixin.py:188} INFO - [2025-05-30T05:40:34.477+0000] {dag.py:3096} INFO - Sync 1 DAGs
[2025-05-30T05:40:34.487+0000] {logging_mixin.py:188} INFO - [2025-05-30T05:40:34.487+0000] {dag.py:3954} INFO - Setting next_dagrun for example_time_delta_sensor_async to None, run_after=None
[2025-05-30T05:40:34.513+0000] {processor.py:183} INFO - Processing /home/airflow/.local/lib/python3.12/site-packages/airflow/example_dags/example_time_delta_sensor_async.py took 0.145 seconds
[2025-05-30T05:41:04.745+0000] {processor.py:161} INFO - Started process (PID=845) to work on /home/airflow/.local/lib/python3.12/site-packages/airflow/example_dags/example_time_delta_sensor_async.py
[2025-05-30T05:41:04.746+0000] {processor.py:830} INFO - Processing file /home/airflow/.local/lib/python3.12/site-packages/airflow/example_dags/example_time_delta_sensor_async.py for tasks to queue
[2025-05-30T05:41:04.748+0000] {logging_mixin.py:188} INFO - [2025-05-30T05:41:04.748+0000] {dagbag.py:545} INFO - Filling up the DagBag from /home/airflow/.local/lib/python3.12/site-packages/airflow/example_dags/example_time_delta_sensor_async.py
[2025-05-30T05:41:04.752+0000] {processor.py:840} INFO - DAG(s) 'example_time_delta_sensor_async' retrieved from /home/airflow/.local/lib/python3.12/site-packages/airflow/example_dags/example_time_delta_sensor_async.py
[2025-05-30T05:41:04.769+0000] {logging_mixin.py:188} INFO - [2025-05-30T05:41:04.769+0000] {dag.py:3096} INFO - Sync 1 DAGs
[2025-05-30T05:41:04.780+0000] {logging_mixin.py:188} INFO - [2025-05-30T05:41:04.780+0000] {dag.py:3954} INFO - Setting next_dagrun for example_time_delta_sensor_async to None, run_after=None
[2025-05-30T05:41:04.796+0000] {processor.py:183} INFO - Processing /home/airflow/.local/lib/python3.12/site-packages/airflow/example_dags/example_time_delta_sensor_async.py took 0.056 seconds
