[2025-05-30T04:40:36.909+0000] {processor.py:161} INFO - Started process (PID=383) to work on /home/airflow/.local/lib/python3.12/site-packages/airflow/example_dags/example_branch_python_dop_operator_3.py
[2025-05-30T04:40:36.910+0000] {processor.py:830} INFO - Processing file /home/airflow/.local/lib/python3.12/site-packages/airflow/example_dags/example_branch_python_dop_operator_3.py for tasks to queue
[2025-05-30T04:40:36.912+0000] {logging_mixin.py:188} INFO - [2025-05-30T04:40:36.912+0000] {dagbag.py:545} INFO - Filling up the DagBag from /home/airflow/.local/lib/python3.12/site-packages/airflow/example_dags/example_branch_python_dop_operator_3.py
[2025-05-30T04:40:36.923+0000] {processor.py:840} INFO - DAG(s) 'example_branch_dop_operator_v3' retrieved from /home/airflow/.local/lib/python3.12/site-packages/airflow/example_dags/example_branch_python_dop_operator_3.py
[2025-05-30T04:40:36.943+0000] {logging_mixin.py:188} INFO - [2025-05-30T04:40:36.942+0000] {dag.py:3096} INFO - Sync 1 DAGs
[2025-05-30T04:40:36.970+0000] {logging_mixin.py:188} INFO - [2025-05-30T04:40:36.970+0000] {dag.py:3954} INFO - Setting next_dagrun for example_branch_dop_operator_v3 to 2025-05-30 04:39:00+00:00, run_after=2025-05-30 04:40:00+00:00
[2025-05-30T04:40:36.992+0000] {processor.py:183} INFO - Processing /home/airflow/.local/lib/python3.12/site-packages/airflow/example_dags/example_branch_python_dop_operator_3.py took 0.088 seconds
[2025-05-30T04:41:08.413+0000] {processor.py:161} INFO - Started process (PID=656) to work on /home/airflow/.local/lib/python3.12/site-packages/airflow/example_dags/example_branch_python_dop_operator_3.py
[2025-05-30T04:41:08.415+0000] {processor.py:830} INFO - Processing file /home/airflow/.local/lib/python3.12/site-packages/airflow/example_dags/example_branch_python_dop_operator_3.py for tasks to queue
[2025-05-30T04:41:08.418+0000] {logging_mixin.py:188} INFO - [2025-05-30T04:41:08.417+0000] {dagbag.py:545} INFO - Filling up the DagBag from /home/airflow/.local/lib/python3.12/site-packages/airflow/example_dags/example_branch_python_dop_operator_3.py
[2025-05-30T04:41:08.427+0000] {processor.py:840} INFO - DAG(s) 'example_branch_dop_operator_v3' retrieved from /home/airflow/.local/lib/python3.12/site-packages/airflow/example_dags/example_branch_python_dop_operator_3.py
[2025-05-30T04:41:08.452+0000] {logging_mixin.py:188} INFO - [2025-05-30T04:41:08.452+0000] {dag.py:3096} INFO - Sync 1 DAGs
[2025-05-30T04:41:08.481+0000] {logging_mixin.py:188} INFO - [2025-05-30T04:41:08.481+0000] {dag.py:3954} INFO - Setting next_dagrun for example_branch_dop_operator_v3 to 2025-05-30 04:40:00+00:00, run_after=2025-05-30 04:41:00+00:00
[2025-05-30T04:41:08.502+0000] {processor.py:183} INFO - Processing /home/airflow/.local/lib/python3.12/site-packages/airflow/example_dags/example_branch_python_dop_operator_3.py took 0.096 seconds
[2025-05-30T04:41:39.509+0000] {processor.py:161} INFO - Started process (PID=929) to work on /home/airflow/.local/lib/python3.12/site-packages/airflow/example_dags/example_branch_python_dop_operator_3.py
[2025-05-30T04:41:39.510+0000] {processor.py:830} INFO - Processing file /home/airflow/.local/lib/python3.12/site-packages/airflow/example_dags/example_branch_python_dop_operator_3.py for tasks to queue
[2025-05-30T04:41:39.512+0000] {logging_mixin.py:188} INFO - [2025-05-30T04:41:39.511+0000] {dagbag.py:545} INFO - Filling up the DagBag from /home/airflow/.local/lib/python3.12/site-packages/airflow/example_dags/example_branch_python_dop_operator_3.py
[2025-05-30T04:41:39.524+0000] {processor.py:840} INFO - DAG(s) 'example_branch_dop_operator_v3' retrieved from /home/airflow/.local/lib/python3.12/site-packages/airflow/example_dags/example_branch_python_dop_operator_3.py
[2025-05-30T04:41:39.547+0000] {logging_mixin.py:188} INFO - [2025-05-30T04:41:39.547+0000] {dag.py:3096} INFO - Sync 1 DAGs
[2025-05-30T04:41:39.581+0000] {logging_mixin.py:188} INFO - [2025-05-30T04:41:39.580+0000] {dag.py:3954} INFO - Setting next_dagrun for example_branch_dop_operator_v3 to 2025-05-30 04:40:00+00:00, run_after=2025-05-30 04:41:00+00:00
[2025-05-30T04:41:39.610+0000] {processor.py:183} INFO - Processing /home/airflow/.local/lib/python3.12/site-packages/airflow/example_dags/example_branch_python_dop_operator_3.py took 0.108 seconds
[2025-05-30T04:42:10.575+0000] {processor.py:161} INFO - Started process (PID=1201) to work on /home/airflow/.local/lib/python3.12/site-packages/airflow/example_dags/example_branch_python_dop_operator_3.py
[2025-05-30T04:42:10.576+0000] {processor.py:830} INFO - Processing file /home/airflow/.local/lib/python3.12/site-packages/airflow/example_dags/example_branch_python_dop_operator_3.py for tasks to queue
[2025-05-30T04:42:10.578+0000] {logging_mixin.py:188} INFO - [2025-05-30T04:42:10.577+0000] {dagbag.py:545} INFO - Filling up the DagBag from /home/airflow/.local/lib/python3.12/site-packages/airflow/example_dags/example_branch_python_dop_operator_3.py
[2025-05-30T04:42:10.587+0000] {processor.py:840} INFO - DAG(s) 'example_branch_dop_operator_v3' retrieved from /home/airflow/.local/lib/python3.12/site-packages/airflow/example_dags/example_branch_python_dop_operator_3.py
[2025-05-30T04:42:10.607+0000] {logging_mixin.py:188} INFO - [2025-05-30T04:42:10.607+0000] {dag.py:3096} INFO - Sync 1 DAGs
[2025-05-30T04:42:10.636+0000] {logging_mixin.py:188} INFO - [2025-05-30T04:42:10.636+0000] {dag.py:3954} INFO - Setting next_dagrun for example_branch_dop_operator_v3 to 2025-05-30 04:41:00+00:00, run_after=2025-05-30 04:42:00+00:00
[2025-05-30T04:42:10.659+0000] {processor.py:183} INFO - Processing /home/airflow/.local/lib/python3.12/site-packages/airflow/example_dags/example_branch_python_dop_operator_3.py took 0.089 seconds
[2025-05-30T04:42:41.741+0000] {processor.py:161} INFO - Started process (PID=1474) to work on /home/airflow/.local/lib/python3.12/site-packages/airflow/example_dags/example_branch_python_dop_operator_3.py
[2025-05-30T04:42:41.742+0000] {processor.py:830} INFO - Processing file /home/airflow/.local/lib/python3.12/site-packages/airflow/example_dags/example_branch_python_dop_operator_3.py for tasks to queue
[2025-05-30T04:42:41.744+0000] {logging_mixin.py:188} INFO - [2025-05-30T04:42:41.744+0000] {dagbag.py:545} INFO - Filling up the DagBag from /home/airflow/.local/lib/python3.12/site-packages/airflow/example_dags/example_branch_python_dop_operator_3.py
[2025-05-30T04:42:41.754+0000] {processor.py:840} INFO - DAG(s) 'example_branch_dop_operator_v3' retrieved from /home/airflow/.local/lib/python3.12/site-packages/airflow/example_dags/example_branch_python_dop_operator_3.py
[2025-05-30T04:42:41.774+0000] {logging_mixin.py:188} INFO - [2025-05-30T04:42:41.773+0000] {dag.py:3096} INFO - Sync 1 DAGs
[2025-05-30T04:42:41.806+0000] {logging_mixin.py:188} INFO - [2025-05-30T04:42:41.806+0000] {dag.py:3954} INFO - Setting next_dagrun for example_branch_dop_operator_v3 to 2025-05-30 04:41:00+00:00, run_after=2025-05-30 04:42:00+00:00
[2025-05-30T04:42:41.825+0000] {processor.py:183} INFO - Processing /home/airflow/.local/lib/python3.12/site-packages/airflow/example_dags/example_branch_python_dop_operator_3.py took 0.089 seconds
[2025-05-30T04:43:12.313+0000] {processor.py:161} INFO - Started process (PID=1747) to work on /home/airflow/.local/lib/python3.12/site-packages/airflow/example_dags/example_branch_python_dop_operator_3.py
[2025-05-30T04:43:12.315+0000] {processor.py:830} INFO - Processing file /home/airflow/.local/lib/python3.12/site-packages/airflow/example_dags/example_branch_python_dop_operator_3.py for tasks to queue
[2025-05-30T04:43:12.321+0000] {logging_mixin.py:188} INFO - [2025-05-30T04:43:12.320+0000] {dagbag.py:545} INFO - Filling up the DagBag from /home/airflow/.local/lib/python3.12/site-packages/airflow/example_dags/example_branch_python_dop_operator_3.py
[2025-05-30T04:43:12.336+0000] {processor.py:840} INFO - DAG(s) 'example_branch_dop_operator_v3' retrieved from /home/airflow/.local/lib/python3.12/site-packages/airflow/example_dags/example_branch_python_dop_operator_3.py
[2025-05-30T04:43:12.367+0000] {logging_mixin.py:188} INFO - [2025-05-30T04:43:12.366+0000] {dag.py:3096} INFO - Sync 1 DAGs
[2025-05-30T04:43:12.405+0000] {logging_mixin.py:188} INFO - [2025-05-30T04:43:12.404+0000] {dag.py:3954} INFO - Setting next_dagrun for example_branch_dop_operator_v3 to 2025-05-30 04:42:00+00:00, run_after=2025-05-30 04:43:00+00:00
[2025-05-30T04:43:12.444+0000] {processor.py:183} INFO - Processing /home/airflow/.local/lib/python3.12/site-packages/airflow/example_dags/example_branch_python_dop_operator_3.py took 0.140 seconds
[2025-05-30T04:43:42.953+0000] {processor.py:161} INFO - Started process (PID=2019) to work on /home/airflow/.local/lib/python3.12/site-packages/airflow/example_dags/example_branch_python_dop_operator_3.py
[2025-05-30T04:43:42.954+0000] {processor.py:830} INFO - Processing file /home/airflow/.local/lib/python3.12/site-packages/airflow/example_dags/example_branch_python_dop_operator_3.py for tasks to queue
[2025-05-30T04:43:42.957+0000] {logging_mixin.py:188} INFO - [2025-05-30T04:43:42.956+0000] {dagbag.py:545} INFO - Filling up the DagBag from /home/airflow/.local/lib/python3.12/site-packages/airflow/example_dags/example_branch_python_dop_operator_3.py
[2025-05-30T04:43:42.968+0000] {processor.py:840} INFO - DAG(s) 'example_branch_dop_operator_v3' retrieved from /home/airflow/.local/lib/python3.12/site-packages/airflow/example_dags/example_branch_python_dop_operator_3.py
[2025-05-30T04:43:42.992+0000] {logging_mixin.py:188} INFO - [2025-05-30T04:43:42.991+0000] {dag.py:3096} INFO - Sync 1 DAGs
[2025-05-30T04:43:43.023+0000] {logging_mixin.py:188} INFO - [2025-05-30T04:43:43.023+0000] {dag.py:3954} INFO - Setting next_dagrun for example_branch_dop_operator_v3 to 2025-05-30 04:42:00+00:00, run_after=2025-05-30 04:43:00+00:00
[2025-05-30T04:43:43.054+0000] {processor.py:183} INFO - Processing /home/airflow/.local/lib/python3.12/site-packages/airflow/example_dags/example_branch_python_dop_operator_3.py took 0.107 seconds
[2025-05-30T04:44:13.679+0000] {processor.py:161} INFO - Started process (PID=2292) to work on /home/airflow/.local/lib/python3.12/site-packages/airflow/example_dags/example_branch_python_dop_operator_3.py
[2025-05-30T04:44:13.681+0000] {processor.py:830} INFO - Processing file /home/airflow/.local/lib/python3.12/site-packages/airflow/example_dags/example_branch_python_dop_operator_3.py for tasks to queue
[2025-05-30T04:44:13.685+0000] {logging_mixin.py:188} INFO - [2025-05-30T04:44:13.684+0000] {dagbag.py:545} INFO - Filling up the DagBag from /home/airflow/.local/lib/python3.12/site-packages/airflow/example_dags/example_branch_python_dop_operator_3.py
[2025-05-30T04:44:13.695+0000] {processor.py:840} INFO - DAG(s) 'example_branch_dop_operator_v3' retrieved from /home/airflow/.local/lib/python3.12/site-packages/airflow/example_dags/example_branch_python_dop_operator_3.py
[2025-05-30T04:44:13.718+0000] {logging_mixin.py:188} INFO - [2025-05-30T04:44:13.717+0000] {dag.py:3096} INFO - Sync 1 DAGs
[2025-05-30T04:44:13.754+0000] {logging_mixin.py:188} INFO - [2025-05-30T04:44:13.754+0000] {dag.py:3954} INFO - Setting next_dagrun for example_branch_dop_operator_v3 to 2025-05-30 04:43:00+00:00, run_after=2025-05-30 04:44:00+00:00
[2025-05-30T04:44:13.780+0000] {processor.py:183} INFO - Processing /home/airflow/.local/lib/python3.12/site-packages/airflow/example_dags/example_branch_python_dop_operator_3.py took 0.109 seconds
[2025-05-30T04:44:44.638+0000] {processor.py:161} INFO - Started process (PID=2565) to work on /home/airflow/.local/lib/python3.12/site-packages/airflow/example_dags/example_branch_python_dop_operator_3.py
[2025-05-30T04:44:44.640+0000] {processor.py:830} INFO - Processing file /home/airflow/.local/lib/python3.12/site-packages/airflow/example_dags/example_branch_python_dop_operator_3.py for tasks to queue
[2025-05-30T04:44:44.642+0000] {logging_mixin.py:188} INFO - [2025-05-30T04:44:44.642+0000] {dagbag.py:545} INFO - Filling up the DagBag from /home/airflow/.local/lib/python3.12/site-packages/airflow/example_dags/example_branch_python_dop_operator_3.py
[2025-05-30T04:44:44.657+0000] {processor.py:840} INFO - DAG(s) 'example_branch_dop_operator_v3' retrieved from /home/airflow/.local/lib/python3.12/site-packages/airflow/example_dags/example_branch_python_dop_operator_3.py
[2025-05-30T04:44:44.694+0000] {logging_mixin.py:188} INFO - [2025-05-30T04:44:44.693+0000] {dag.py:3096} INFO - Sync 1 DAGs
[2025-05-30T04:44:44.723+0000] {logging_mixin.py:188} INFO - [2025-05-30T04:44:44.723+0000] {dag.py:3954} INFO - Setting next_dagrun for example_branch_dop_operator_v3 to 2025-05-30 04:43:00+00:00, run_after=2025-05-30 04:44:00+00:00
[2025-05-30T04:44:44.759+0000] {processor.py:183} INFO - Processing /home/airflow/.local/lib/python3.12/site-packages/airflow/example_dags/example_branch_python_dop_operator_3.py took 0.128 seconds
[2025-05-30T04:45:15.689+0000] {processor.py:161} INFO - Started process (PID=2838) to work on /home/airflow/.local/lib/python3.12/site-packages/airflow/example_dags/example_branch_python_dop_operator_3.py
[2025-05-30T04:45:15.689+0000] {processor.py:830} INFO - Processing file /home/airflow/.local/lib/python3.12/site-packages/airflow/example_dags/example_branch_python_dop_operator_3.py for tasks to queue
[2025-05-30T04:45:15.691+0000] {logging_mixin.py:188} INFO - [2025-05-30T04:45:15.691+0000] {dagbag.py:545} INFO - Filling up the DagBag from /home/airflow/.local/lib/python3.12/site-packages/airflow/example_dags/example_branch_python_dop_operator_3.py
[2025-05-30T04:45:15.699+0000] {processor.py:840} INFO - DAG(s) 'example_branch_dop_operator_v3' retrieved from /home/airflow/.local/lib/python3.12/site-packages/airflow/example_dags/example_branch_python_dop_operator_3.py
[2025-05-30T04:45:15.719+0000] {logging_mixin.py:188} INFO - [2025-05-30T04:45:15.718+0000] {dag.py:3096} INFO - Sync 1 DAGs
[2025-05-30T04:45:15.745+0000] {logging_mixin.py:188} INFO - [2025-05-30T04:45:15.744+0000] {dag.py:3954} INFO - Setting next_dagrun for example_branch_dop_operator_v3 to 2025-05-30 04:44:00+00:00, run_after=2025-05-30 04:45:00+00:00
[2025-05-30T04:45:15.763+0000] {processor.py:183} INFO - Processing /home/airflow/.local/lib/python3.12/site-packages/airflow/example_dags/example_branch_python_dop_operator_3.py took 0.080 seconds
[2025-05-30T04:45:46.201+0000] {processor.py:161} INFO - Started process (PID=3111) to work on /home/airflow/.local/lib/python3.12/site-packages/airflow/example_dags/example_branch_python_dop_operator_3.py
[2025-05-30T04:45:46.202+0000] {processor.py:830} INFO - Processing file /home/airflow/.local/lib/python3.12/site-packages/airflow/example_dags/example_branch_python_dop_operator_3.py for tasks to queue
[2025-05-30T04:45:46.204+0000] {logging_mixin.py:188} INFO - [2025-05-30T04:45:46.204+0000] {dagbag.py:545} INFO - Filling up the DagBag from /home/airflow/.local/lib/python3.12/site-packages/airflow/example_dags/example_branch_python_dop_operator_3.py
[2025-05-30T04:45:46.218+0000] {processor.py:840} INFO - DAG(s) 'example_branch_dop_operator_v3' retrieved from /home/airflow/.local/lib/python3.12/site-packages/airflow/example_dags/example_branch_python_dop_operator_3.py
[2025-05-30T04:45:46.241+0000] {logging_mixin.py:188} INFO - [2025-05-30T04:45:46.240+0000] {dag.py:3096} INFO - Sync 1 DAGs
[2025-05-30T04:45:46.270+0000] {logging_mixin.py:188} INFO - [2025-05-30T04:45:46.269+0000] {dag.py:3954} INFO - Setting next_dagrun for example_branch_dop_operator_v3 to 2025-05-30 04:44:00+00:00, run_after=2025-05-30 04:45:00+00:00
[2025-05-30T04:45:46.289+0000] {processor.py:183} INFO - Processing /home/airflow/.local/lib/python3.12/site-packages/airflow/example_dags/example_branch_python_dop_operator_3.py took 0.094 seconds
[2025-05-30T04:46:21.656+0000] {processor.py:161} INFO - Started process (PID=3383) to work on /home/airflow/.local/lib/python3.12/site-packages/airflow/example_dags/example_branch_python_dop_operator_3.py
[2025-05-30T04:46:21.657+0000] {processor.py:830} INFO - Processing file /home/airflow/.local/lib/python3.12/site-packages/airflow/example_dags/example_branch_python_dop_operator_3.py for tasks to queue
[2025-05-30T04:46:21.664+0000] {logging_mixin.py:188} INFO - [2025-05-30T04:46:21.664+0000] {dagbag.py:545} INFO - Filling up the DagBag from /home/airflow/.local/lib/python3.12/site-packages/airflow/example_dags/example_branch_python_dop_operator_3.py
[2025-05-30T04:46:21.688+0000] {processor.py:840} INFO - DAG(s) 'example_branch_dop_operator_v3' retrieved from /home/airflow/.local/lib/python3.12/site-packages/airflow/example_dags/example_branch_python_dop_operator_3.py
[2025-05-30T04:46:21.737+0000] {logging_mixin.py:188} INFO - [2025-05-30T04:46:21.736+0000] {dag.py:3096} INFO - Sync 1 DAGs
[2025-05-30T04:46:21.802+0000] {logging_mixin.py:188} INFO - [2025-05-30T04:46:21.802+0000] {dag.py:3954} INFO - Setting next_dagrun for example_branch_dop_operator_v3 to 2025-05-30 04:45:00+00:00, run_after=2025-05-30 04:46:00+00:00
[2025-05-30T04:46:21.847+0000] {processor.py:183} INFO - Processing /home/airflow/.local/lib/python3.12/site-packages/airflow/example_dags/example_branch_python_dop_operator_3.py took 0.207 seconds
[2025-05-30T04:46:51.998+0000] {processor.py:161} INFO - Started process (PID=3653) to work on /home/airflow/.local/lib/python3.12/site-packages/airflow/example_dags/example_branch_python_dop_operator_3.py
[2025-05-30T04:46:51.999+0000] {processor.py:830} INFO - Processing file /home/airflow/.local/lib/python3.12/site-packages/airflow/example_dags/example_branch_python_dop_operator_3.py for tasks to queue
[2025-05-30T04:46:52.001+0000] {logging_mixin.py:188} INFO - [2025-05-30T04:46:52.001+0000] {dagbag.py:545} INFO - Filling up the DagBag from /home/airflow/.local/lib/python3.12/site-packages/airflow/example_dags/example_branch_python_dop_operator_3.py
[2025-05-30T04:46:52.009+0000] {processor.py:840} INFO - DAG(s) 'example_branch_dop_operator_v3' retrieved from /home/airflow/.local/lib/python3.12/site-packages/airflow/example_dags/example_branch_python_dop_operator_3.py
[2025-05-30T04:46:52.020+0000] {logging_mixin.py:188} INFO - [2025-05-30T04:46:52.020+0000] {dag.py:3096} INFO - Sync 1 DAGs
[2025-05-30T04:46:52.044+0000] {logging_mixin.py:188} INFO - [2025-05-30T04:46:52.044+0000] {dag.py:3954} INFO - Setting next_dagrun for example_branch_dop_operator_v3 to 2025-05-30 04:45:00+00:00, run_after=2025-05-30 04:46:00+00:00
[2025-05-30T04:46:52.063+0000] {processor.py:183} INFO - Processing /home/airflow/.local/lib/python3.12/site-packages/airflow/example_dags/example_branch_python_dop_operator_3.py took 0.070 seconds
[2025-05-30T04:47:22.474+0000] {processor.py:161} INFO - Started process (PID=3923) to work on /home/airflow/.local/lib/python3.12/site-packages/airflow/example_dags/example_branch_python_dop_operator_3.py
[2025-05-30T04:47:22.475+0000] {processor.py:830} INFO - Processing file /home/airflow/.local/lib/python3.12/site-packages/airflow/example_dags/example_branch_python_dop_operator_3.py for tasks to queue
[2025-05-30T04:47:22.476+0000] {logging_mixin.py:188} INFO - [2025-05-30T04:47:22.476+0000] {dagbag.py:545} INFO - Filling up the DagBag from /home/airflow/.local/lib/python3.12/site-packages/airflow/example_dags/example_branch_python_dop_operator_3.py
[2025-05-30T04:47:22.485+0000] {processor.py:840} INFO - DAG(s) 'example_branch_dop_operator_v3' retrieved from /home/airflow/.local/lib/python3.12/site-packages/airflow/example_dags/example_branch_python_dop_operator_3.py
[2025-05-30T04:47:22.592+0000] {logging_mixin.py:188} INFO - [2025-05-30T04:47:22.592+0000] {dag.py:3096} INFO - Sync 1 DAGs
[2025-05-30T04:47:22.613+0000] {logging_mixin.py:188} INFO - [2025-05-30T04:47:22.613+0000] {dag.py:3954} INFO - Setting next_dagrun for example_branch_dop_operator_v3 to 2025-05-30 04:46:00+00:00, run_after=2025-05-30 04:47:00+00:00
[2025-05-30T04:47:22.631+0000] {processor.py:183} INFO - Processing /home/airflow/.local/lib/python3.12/site-packages/airflow/example_dags/example_branch_python_dop_operator_3.py took 0.163 seconds
[2025-05-30T04:47:52.793+0000] {processor.py:161} INFO - Started process (PID=4198) to work on /home/airflow/.local/lib/python3.12/site-packages/airflow/example_dags/example_branch_python_dop_operator_3.py
[2025-05-30T04:47:52.794+0000] {processor.py:830} INFO - Processing file /home/airflow/.local/lib/python3.12/site-packages/airflow/example_dags/example_branch_python_dop_operator_3.py for tasks to queue
[2025-05-30T04:47:52.797+0000] {logging_mixin.py:188} INFO - [2025-05-30T04:47:52.796+0000] {dagbag.py:545} INFO - Filling up the DagBag from /home/airflow/.local/lib/python3.12/site-packages/airflow/example_dags/example_branch_python_dop_operator_3.py
[2025-05-30T04:47:52.805+0000] {processor.py:840} INFO - DAG(s) 'example_branch_dop_operator_v3' retrieved from /home/airflow/.local/lib/python3.12/site-packages/airflow/example_dags/example_branch_python_dop_operator_3.py
[2025-05-30T04:47:52.821+0000] {logging_mixin.py:188} INFO - [2025-05-30T04:47:52.821+0000] {dag.py:3096} INFO - Sync 1 DAGs
[2025-05-30T04:47:52.844+0000] {logging_mixin.py:188} INFO - [2025-05-30T04:47:52.844+0000] {dag.py:3954} INFO - Setting next_dagrun for example_branch_dop_operator_v3 to 2025-05-30 04:46:00+00:00, run_after=2025-05-30 04:47:00+00:00
[2025-05-30T04:47:52.868+0000] {processor.py:183} INFO - Processing /home/airflow/.local/lib/python3.12/site-packages/airflow/example_dags/example_branch_python_dop_operator_3.py took 0.081 seconds
[2025-05-30T04:48:23.134+0000] {processor.py:161} INFO - Started process (PID=4469) to work on /home/airflow/.local/lib/python3.12/site-packages/airflow/example_dags/example_branch_python_dop_operator_3.py
[2025-05-30T04:48:23.135+0000] {processor.py:830} INFO - Processing file /home/airflow/.local/lib/python3.12/site-packages/airflow/example_dags/example_branch_python_dop_operator_3.py for tasks to queue
[2025-05-30T04:48:23.136+0000] {logging_mixin.py:188} INFO - [2025-05-30T04:48:23.136+0000] {dagbag.py:545} INFO - Filling up the DagBag from /home/airflow/.local/lib/python3.12/site-packages/airflow/example_dags/example_branch_python_dop_operator_3.py
[2025-05-30T04:48:23.144+0000] {processor.py:840} INFO - DAG(s) 'example_branch_dop_operator_v3' retrieved from /home/airflow/.local/lib/python3.12/site-packages/airflow/example_dags/example_branch_python_dop_operator_3.py
[2025-05-30T04:48:23.161+0000] {logging_mixin.py:188} INFO - [2025-05-30T04:48:23.161+0000] {dag.py:3096} INFO - Sync 1 DAGs
[2025-05-30T04:48:23.184+0000] {logging_mixin.py:188} INFO - [2025-05-30T04:48:23.184+0000] {dag.py:3954} INFO - Setting next_dagrun for example_branch_dop_operator_v3 to 2025-05-30 04:47:00+00:00, run_after=2025-05-30 04:48:00+00:00
[2025-05-30T04:48:23.202+0000] {processor.py:183} INFO - Processing /home/airflow/.local/lib/python3.12/site-packages/airflow/example_dags/example_branch_python_dop_operator_3.py took 0.073 seconds
[2025-05-30T04:48:53.788+0000] {processor.py:161} INFO - Started process (PID=4742) to work on /home/airflow/.local/lib/python3.12/site-packages/airflow/example_dags/example_branch_python_dop_operator_3.py
[2025-05-30T04:48:53.789+0000] {processor.py:830} INFO - Processing file /home/airflow/.local/lib/python3.12/site-packages/airflow/example_dags/example_branch_python_dop_operator_3.py for tasks to queue
[2025-05-30T04:48:53.790+0000] {logging_mixin.py:188} INFO - [2025-05-30T04:48:53.790+0000] {dagbag.py:545} INFO - Filling up the DagBag from /home/airflow/.local/lib/python3.12/site-packages/airflow/example_dags/example_branch_python_dop_operator_3.py
[2025-05-30T04:48:53.798+0000] {processor.py:840} INFO - DAG(s) 'example_branch_dop_operator_v3' retrieved from /home/airflow/.local/lib/python3.12/site-packages/airflow/example_dags/example_branch_python_dop_operator_3.py
[2025-05-30T04:48:53.817+0000] {logging_mixin.py:188} INFO - [2025-05-30T04:48:53.817+0000] {dag.py:3096} INFO - Sync 1 DAGs
[2025-05-30T04:48:53.848+0000] {logging_mixin.py:188} INFO - [2025-05-30T04:48:53.848+0000] {dag.py:3954} INFO - Setting next_dagrun for example_branch_dop_operator_v3 to 2025-05-30 04:47:00+00:00, run_after=2025-05-30 04:48:00+00:00
[2025-05-30T04:48:53.872+0000] {processor.py:183} INFO - Processing /home/airflow/.local/lib/python3.12/site-packages/airflow/example_dags/example_branch_python_dop_operator_3.py took 0.090 seconds
[2025-05-30T04:49:24.812+0000] {processor.py:161} INFO - Started process (PID=5014) to work on /home/airflow/.local/lib/python3.12/site-packages/airflow/example_dags/example_branch_python_dop_operator_3.py
[2025-05-30T04:49:24.813+0000] {processor.py:830} INFO - Processing file /home/airflow/.local/lib/python3.12/site-packages/airflow/example_dags/example_branch_python_dop_operator_3.py for tasks to queue
[2025-05-30T04:49:24.815+0000] {logging_mixin.py:188} INFO - [2025-05-30T04:49:24.814+0000] {dagbag.py:545} INFO - Filling up the DagBag from /home/airflow/.local/lib/python3.12/site-packages/airflow/example_dags/example_branch_python_dop_operator_3.py
[2025-05-30T04:49:24.822+0000] {processor.py:840} INFO - DAG(s) 'example_branch_dop_operator_v3' retrieved from /home/airflow/.local/lib/python3.12/site-packages/airflow/example_dags/example_branch_python_dop_operator_3.py
[2025-05-30T04:49:24.838+0000] {logging_mixin.py:188} INFO - [2025-05-30T04:49:24.838+0000] {dag.py:3096} INFO - Sync 1 DAGs
[2025-05-30T04:49:24.860+0000] {logging_mixin.py:188} INFO - [2025-05-30T04:49:24.860+0000] {dag.py:3954} INFO - Setting next_dagrun for example_branch_dop_operator_v3 to 2025-05-30 04:48:00+00:00, run_after=2025-05-30 04:49:00+00:00
[2025-05-30T04:49:24.876+0000] {processor.py:183} INFO - Processing /home/airflow/.local/lib/python3.12/site-packages/airflow/example_dags/example_branch_python_dop_operator_3.py took 0.069 seconds
[2025-05-30T05:20:46.586+0000] {processor.py:161} INFO - Started process (PID=5310) to work on /home/airflow/.local/lib/python3.12/site-packages/airflow/example_dags/example_branch_python_dop_operator_3.py
[2025-05-30T05:20:46.587+0000] {processor.py:830} INFO - Processing file /home/airflow/.local/lib/python3.12/site-packages/airflow/example_dags/example_branch_python_dop_operator_3.py for tasks to queue
[2025-05-30T05:20:46.588+0000] {logging_mixin.py:188} INFO - [2025-05-30T05:20:46.588+0000] {dagbag.py:545} INFO - Filling up the DagBag from /home/airflow/.local/lib/python3.12/site-packages/airflow/example_dags/example_branch_python_dop_operator_3.py
[2025-05-30T05:20:46.596+0000] {processor.py:840} INFO - DAG(s) 'example_branch_dop_operator_v3' retrieved from /home/airflow/.local/lib/python3.12/site-packages/airflow/example_dags/example_branch_python_dop_operator_3.py
[2025-05-30T05:20:46.613+0000] {logging_mixin.py:188} INFO - [2025-05-30T05:20:46.613+0000] {dag.py:3096} INFO - Sync 1 DAGs
[2025-05-30T05:20:46.636+0000] {logging_mixin.py:188} INFO - [2025-05-30T05:20:46.636+0000] {dag.py:3954} INFO - Setting next_dagrun for example_branch_dop_operator_v3 to 2025-05-30 05:19:00+00:00, run_after=2025-05-30 05:20:00+00:00
[2025-05-30T05:20:46.652+0000] {processor.py:183} INFO - Processing /home/airflow/.local/lib/python3.12/site-packages/airflow/example_dags/example_branch_python_dop_operator_3.py took 0.072 seconds
[2025-05-30T05:21:17.632+0000] {processor.py:161} INFO - Started process (PID=5583) to work on /home/airflow/.local/lib/python3.12/site-packages/airflow/example_dags/example_branch_python_dop_operator_3.py
[2025-05-30T05:21:17.632+0000] {processor.py:830} INFO - Processing file /home/airflow/.local/lib/python3.12/site-packages/airflow/example_dags/example_branch_python_dop_operator_3.py for tasks to queue
[2025-05-30T05:21:17.634+0000] {logging_mixin.py:188} INFO - [2025-05-30T05:21:17.634+0000] {dagbag.py:545} INFO - Filling up the DagBag from /home/airflow/.local/lib/python3.12/site-packages/airflow/example_dags/example_branch_python_dop_operator_3.py
[2025-05-30T05:21:17.643+0000] {processor.py:840} INFO - DAG(s) 'example_branch_dop_operator_v3' retrieved from /home/airflow/.local/lib/python3.12/site-packages/airflow/example_dags/example_branch_python_dop_operator_3.py
[2025-05-30T05:21:17.662+0000] {logging_mixin.py:188} INFO - [2025-05-30T05:21:17.661+0000] {dag.py:3096} INFO - Sync 1 DAGs
[2025-05-30T05:21:17.693+0000] {logging_mixin.py:188} INFO - [2025-05-30T05:21:17.693+0000] {dag.py:3954} INFO - Setting next_dagrun for example_branch_dop_operator_v3 to 2025-05-30 05:20:00+00:00, run_after=2025-05-30 05:21:00+00:00
[2025-05-30T05:21:17.719+0000] {processor.py:183} INFO - Processing /home/airflow/.local/lib/python3.12/site-packages/airflow/example_dags/example_branch_python_dop_operator_3.py took 0.093 seconds
[2025-05-30T05:21:48.750+0000] {processor.py:161} INFO - Started process (PID=5856) to work on /home/airflow/.local/lib/python3.12/site-packages/airflow/example_dags/example_branch_python_dop_operator_3.py
[2025-05-30T05:21:48.751+0000] {processor.py:830} INFO - Processing file /home/airflow/.local/lib/python3.12/site-packages/airflow/example_dags/example_branch_python_dop_operator_3.py for tasks to queue
[2025-05-30T05:21:48.752+0000] {logging_mixin.py:188} INFO - [2025-05-30T05:21:48.752+0000] {dagbag.py:545} INFO - Filling up the DagBag from /home/airflow/.local/lib/python3.12/site-packages/airflow/example_dags/example_branch_python_dop_operator_3.py
[2025-05-30T05:21:48.762+0000] {processor.py:840} INFO - DAG(s) 'example_branch_dop_operator_v3' retrieved from /home/airflow/.local/lib/python3.12/site-packages/airflow/example_dags/example_branch_python_dop_operator_3.py
[2025-05-30T05:21:48.781+0000] {logging_mixin.py:188} INFO - [2025-05-30T05:21:48.781+0000] {dag.py:3096} INFO - Sync 1 DAGs
[2025-05-30T05:21:48.805+0000] {logging_mixin.py:188} INFO - [2025-05-30T05:21:48.805+0000] {dag.py:3954} INFO - Setting next_dagrun for example_branch_dop_operator_v3 to 2025-05-30 05:20:00+00:00, run_after=2025-05-30 05:21:00+00:00
[2025-05-30T05:21:48.823+0000] {processor.py:183} INFO - Processing /home/airflow/.local/lib/python3.12/site-packages/airflow/example_dags/example_branch_python_dop_operator_3.py took 0.078 seconds
[2025-05-30T05:22:19.315+0000] {processor.py:161} INFO - Started process (PID=6129) to work on /home/airflow/.local/lib/python3.12/site-packages/airflow/example_dags/example_branch_python_dop_operator_3.py
[2025-05-30T05:22:19.316+0000] {processor.py:830} INFO - Processing file /home/airflow/.local/lib/python3.12/site-packages/airflow/example_dags/example_branch_python_dop_operator_3.py for tasks to queue
[2025-05-30T05:22:19.318+0000] {logging_mixin.py:188} INFO - [2025-05-30T05:22:19.317+0000] {dagbag.py:545} INFO - Filling up the DagBag from /home/airflow/.local/lib/python3.12/site-packages/airflow/example_dags/example_branch_python_dop_operator_3.py
[2025-05-30T05:22:19.325+0000] {processor.py:840} INFO - DAG(s) 'example_branch_dop_operator_v3' retrieved from /home/airflow/.local/lib/python3.12/site-packages/airflow/example_dags/example_branch_python_dop_operator_3.py
[2025-05-30T05:22:19.341+0000] {logging_mixin.py:188} INFO - [2025-05-30T05:22:19.341+0000] {dag.py:3096} INFO - Sync 1 DAGs
[2025-05-30T05:22:19.363+0000] {logging_mixin.py:188} INFO - [2025-05-30T05:22:19.363+0000] {dag.py:3954} INFO - Setting next_dagrun for example_branch_dop_operator_v3 to 2025-05-30 05:21:00+00:00, run_after=2025-05-30 05:22:00+00:00
[2025-05-30T05:22:19.380+0000] {processor.py:183} INFO - Processing /home/airflow/.local/lib/python3.12/site-packages/airflow/example_dags/example_branch_python_dop_operator_3.py took 0.070 seconds
[2025-05-30T05:22:50.445+0000] {processor.py:161} INFO - Started process (PID=6402) to work on /home/airflow/.local/lib/python3.12/site-packages/airflow/example_dags/example_branch_python_dop_operator_3.py
[2025-05-30T05:22:50.446+0000] {processor.py:830} INFO - Processing file /home/airflow/.local/lib/python3.12/site-packages/airflow/example_dags/example_branch_python_dop_operator_3.py for tasks to queue
[2025-05-30T05:22:50.449+0000] {logging_mixin.py:188} INFO - [2025-05-30T05:22:50.449+0000] {dagbag.py:545} INFO - Filling up the DagBag from /home/airflow/.local/lib/python3.12/site-packages/airflow/example_dags/example_branch_python_dop_operator_3.py
[2025-05-30T05:22:50.462+0000] {processor.py:840} INFO - DAG(s) 'example_branch_dop_operator_v3' retrieved from /home/airflow/.local/lib/python3.12/site-packages/airflow/example_dags/example_branch_python_dop_operator_3.py
[2025-05-30T05:22:50.496+0000] {logging_mixin.py:188} INFO - [2025-05-30T05:22:50.495+0000] {dag.py:3096} INFO - Sync 1 DAGs
[2025-05-30T05:22:50.532+0000] {logging_mixin.py:188} INFO - [2025-05-30T05:22:50.532+0000] {dag.py:3954} INFO - Setting next_dagrun for example_branch_dop_operator_v3 to 2025-05-30 05:21:00+00:00, run_after=2025-05-30 05:22:00+00:00
[2025-05-30T05:22:50.594+0000] {processor.py:183} INFO - Processing /home/airflow/.local/lib/python3.12/site-packages/airflow/example_dags/example_branch_python_dop_operator_3.py took 0.157 seconds
[2025-05-30T05:23:22.436+0000] {processor.py:161} INFO - Started process (PID=6675) to work on /home/airflow/.local/lib/python3.12/site-packages/airflow/example_dags/example_branch_python_dop_operator_3.py
[2025-05-30T05:23:22.437+0000] {processor.py:830} INFO - Processing file /home/airflow/.local/lib/python3.12/site-packages/airflow/example_dags/example_branch_python_dop_operator_3.py for tasks to queue
[2025-05-30T05:23:22.441+0000] {logging_mixin.py:188} INFO - [2025-05-30T05:23:22.440+0000] {dagbag.py:545} INFO - Filling up the DagBag from /home/airflow/.local/lib/python3.12/site-packages/airflow/example_dags/example_branch_python_dop_operator_3.py
[2025-05-30T05:23:22.452+0000] {processor.py:840} INFO - DAG(s) 'example_branch_dop_operator_v3' retrieved from /home/airflow/.local/lib/python3.12/site-packages/airflow/example_dags/example_branch_python_dop_operator_3.py
[2025-05-30T05:23:22.472+0000] {logging_mixin.py:188} INFO - [2025-05-30T05:23:22.472+0000] {dag.py:3096} INFO - Sync 1 DAGs
[2025-05-30T05:23:22.502+0000] {logging_mixin.py:188} INFO - [2025-05-30T05:23:22.502+0000] {dag.py:3954} INFO - Setting next_dagrun for example_branch_dop_operator_v3 to 2025-05-30 05:22:00+00:00, run_after=2025-05-30 05:23:00+00:00
[2025-05-30T05:23:22.528+0000] {processor.py:183} INFO - Processing /home/airflow/.local/lib/python3.12/site-packages/airflow/example_dags/example_branch_python_dop_operator_3.py took 0.099 seconds
[2025-05-30T05:23:55.198+0000] {processor.py:161} INFO - Started process (PID=6950) to work on /home/airflow/.local/lib/python3.12/site-packages/airflow/example_dags/example_branch_python_dop_operator_3.py
[2025-05-30T05:23:55.199+0000] {processor.py:830} INFO - Processing file /home/airflow/.local/lib/python3.12/site-packages/airflow/example_dags/example_branch_python_dop_operator_3.py for tasks to queue
[2025-05-30T05:23:55.201+0000] {logging_mixin.py:188} INFO - [2025-05-30T05:23:55.200+0000] {dagbag.py:545} INFO - Filling up the DagBag from /home/airflow/.local/lib/python3.12/site-packages/airflow/example_dags/example_branch_python_dop_operator_3.py
[2025-05-30T05:23:55.213+0000] {processor.py:840} INFO - DAG(s) 'example_branch_dop_operator_v3' retrieved from /home/airflow/.local/lib/python3.12/site-packages/airflow/example_dags/example_branch_python_dop_operator_3.py
[2025-05-30T05:23:55.244+0000] {logging_mixin.py:188} INFO - [2025-05-30T05:23:55.244+0000] {dag.py:3096} INFO - Sync 1 DAGs
[2025-05-30T05:23:55.474+0000] {logging_mixin.py:188} INFO - [2025-05-30T05:23:55.474+0000] {dag.py:3954} INFO - Setting next_dagrun for example_branch_dop_operator_v3 to 2025-05-30 05:22:00+00:00, run_after=2025-05-30 05:23:00+00:00
[2025-05-30T05:23:55.504+0000] {processor.py:183} INFO - Processing /home/airflow/.local/lib/python3.12/site-packages/airflow/example_dags/example_branch_python_dop_operator_3.py took 0.314 seconds
[2025-05-30T05:24:25.849+0000] {processor.py:161} INFO - Started process (PID=7221) to work on /home/airflow/.local/lib/python3.12/site-packages/airflow/example_dags/example_branch_python_dop_operator_3.py
[2025-05-30T05:24:25.850+0000] {processor.py:830} INFO - Processing file /home/airflow/.local/lib/python3.12/site-packages/airflow/example_dags/example_branch_python_dop_operator_3.py for tasks to queue
[2025-05-30T05:24:25.853+0000] {logging_mixin.py:188} INFO - [2025-05-30T05:24:25.853+0000] {dagbag.py:545} INFO - Filling up the DagBag from /home/airflow/.local/lib/python3.12/site-packages/airflow/example_dags/example_branch_python_dop_operator_3.py
[2025-05-30T05:24:25.861+0000] {processor.py:840} INFO - DAG(s) 'example_branch_dop_operator_v3' retrieved from /home/airflow/.local/lib/python3.12/site-packages/airflow/example_dags/example_branch_python_dop_operator_3.py
[2025-05-30T05:24:25.878+0000] {logging_mixin.py:188} INFO - [2025-05-30T05:24:25.878+0000] {dag.py:3096} INFO - Sync 1 DAGs
[2025-05-30T05:24:25.900+0000] {logging_mixin.py:188} INFO - [2025-05-30T05:24:25.900+0000] {dag.py:3954} INFO - Setting next_dagrun for example_branch_dop_operator_v3 to 2025-05-30 05:23:00+00:00, run_after=2025-05-30 05:24:00+00:00
[2025-05-30T05:24:25.916+0000] {processor.py:183} INFO - Processing /home/airflow/.local/lib/python3.12/site-packages/airflow/example_dags/example_branch_python_dop_operator_3.py took 0.072 seconds
[2025-05-30T05:24:56.515+0000] {processor.py:161} INFO - Started process (PID=7494) to work on /home/airflow/.local/lib/python3.12/site-packages/airflow/example_dags/example_branch_python_dop_operator_3.py
[2025-05-30T05:24:56.516+0000] {processor.py:830} INFO - Processing file /home/airflow/.local/lib/python3.12/site-packages/airflow/example_dags/example_branch_python_dop_operator_3.py for tasks to queue
[2025-05-30T05:24:56.519+0000] {logging_mixin.py:188} INFO - [2025-05-30T05:24:56.518+0000] {dagbag.py:545} INFO - Filling up the DagBag from /home/airflow/.local/lib/python3.12/site-packages/airflow/example_dags/example_branch_python_dop_operator_3.py
[2025-05-30T05:24:56.527+0000] {processor.py:840} INFO - DAG(s) 'example_branch_dop_operator_v3' retrieved from /home/airflow/.local/lib/python3.12/site-packages/airflow/example_dags/example_branch_python_dop_operator_3.py
[2025-05-30T05:24:56.544+0000] {logging_mixin.py:188} INFO - [2025-05-30T05:24:56.544+0000] {dag.py:3096} INFO - Sync 1 DAGs
[2025-05-30T05:24:56.570+0000] {logging_mixin.py:188} INFO - [2025-05-30T05:24:56.570+0000] {dag.py:3954} INFO - Setting next_dagrun for example_branch_dop_operator_v3 to 2025-05-30 05:23:00+00:00, run_after=2025-05-30 05:24:00+00:00
[2025-05-30T05:24:56.591+0000] {processor.py:183} INFO - Processing /home/airflow/.local/lib/python3.12/site-packages/airflow/example_dags/example_branch_python_dop_operator_3.py took 0.082 seconds
[2025-05-30T05:25:27.361+0000] {processor.py:161} INFO - Started process (PID=7767) to work on /home/airflow/.local/lib/python3.12/site-packages/airflow/example_dags/example_branch_python_dop_operator_3.py
[2025-05-30T05:25:27.363+0000] {processor.py:830} INFO - Processing file /home/airflow/.local/lib/python3.12/site-packages/airflow/example_dags/example_branch_python_dop_operator_3.py for tasks to queue
[2025-05-30T05:25:27.365+0000] {logging_mixin.py:188} INFO - [2025-05-30T05:25:27.365+0000] {dagbag.py:545} INFO - Filling up the DagBag from /home/airflow/.local/lib/python3.12/site-packages/airflow/example_dags/example_branch_python_dop_operator_3.py
[2025-05-30T05:25:27.375+0000] {processor.py:840} INFO - DAG(s) 'example_branch_dop_operator_v3' retrieved from /home/airflow/.local/lib/python3.12/site-packages/airflow/example_dags/example_branch_python_dop_operator_3.py
[2025-05-30T05:25:27.399+0000] {logging_mixin.py:188} INFO - [2025-05-30T05:25:27.399+0000] {dag.py:3096} INFO - Sync 1 DAGs
[2025-05-30T05:25:27.433+0000] {logging_mixin.py:188} INFO - [2025-05-30T05:25:27.433+0000] {dag.py:3954} INFO - Setting next_dagrun for example_branch_dop_operator_v3 to 2025-05-30 05:24:00+00:00, run_after=2025-05-30 05:25:00+00:00
[2025-05-30T05:25:27.460+0000] {processor.py:183} INFO - Processing /home/airflow/.local/lib/python3.12/site-packages/airflow/example_dags/example_branch_python_dop_operator_3.py took 0.106 seconds
[2025-05-30T05:25:58.220+0000] {processor.py:161} INFO - Started process (PID=8040) to work on /home/airflow/.local/lib/python3.12/site-packages/airflow/example_dags/example_branch_python_dop_operator_3.py
[2025-05-30T05:25:58.221+0000] {processor.py:830} INFO - Processing file /home/airflow/.local/lib/python3.12/site-packages/airflow/example_dags/example_branch_python_dop_operator_3.py for tasks to queue
[2025-05-30T05:25:58.223+0000] {logging_mixin.py:188} INFO - [2025-05-30T05:25:58.223+0000] {dagbag.py:545} INFO - Filling up the DagBag from /home/airflow/.local/lib/python3.12/site-packages/airflow/example_dags/example_branch_python_dop_operator_3.py
[2025-05-30T05:25:58.234+0000] {processor.py:840} INFO - DAG(s) 'example_branch_dop_operator_v3' retrieved from /home/airflow/.local/lib/python3.12/site-packages/airflow/example_dags/example_branch_python_dop_operator_3.py
[2025-05-30T05:25:58.256+0000] {logging_mixin.py:188} INFO - [2025-05-30T05:25:58.255+0000] {dag.py:3096} INFO - Sync 1 DAGs
[2025-05-30T05:25:58.289+0000] {logging_mixin.py:188} INFO - [2025-05-30T05:25:58.289+0000] {dag.py:3954} INFO - Setting next_dagrun for example_branch_dop_operator_v3 to 2025-05-30 05:24:00+00:00, run_after=2025-05-30 05:25:00+00:00
[2025-05-30T05:25:58.310+0000] {processor.py:183} INFO - Processing /home/airflow/.local/lib/python3.12/site-packages/airflow/example_dags/example_branch_python_dop_operator_3.py took 0.096 seconds
[2025-05-30T05:26:28.480+0000] {processor.py:161} INFO - Started process (PID=8313) to work on /home/airflow/.local/lib/python3.12/site-packages/airflow/example_dags/example_branch_python_dop_operator_3.py
[2025-05-30T05:26:28.481+0000] {processor.py:830} INFO - Processing file /home/airflow/.local/lib/python3.12/site-packages/airflow/example_dags/example_branch_python_dop_operator_3.py for tasks to queue
[2025-05-30T05:26:28.486+0000] {logging_mixin.py:188} INFO - [2025-05-30T05:26:28.485+0000] {dagbag.py:545} INFO - Filling up the DagBag from /home/airflow/.local/lib/python3.12/site-packages/airflow/example_dags/example_branch_python_dop_operator_3.py
[2025-05-30T05:26:28.497+0000] {processor.py:840} INFO - DAG(s) 'example_branch_dop_operator_v3' retrieved from /home/airflow/.local/lib/python3.12/site-packages/airflow/example_dags/example_branch_python_dop_operator_3.py
[2025-05-30T05:26:28.522+0000] {logging_mixin.py:188} INFO - [2025-05-30T05:26:28.522+0000] {dag.py:3096} INFO - Sync 1 DAGs
[2025-05-30T05:26:28.579+0000] {logging_mixin.py:188} INFO - [2025-05-30T05:26:28.579+0000] {dag.py:3954} INFO - Setting next_dagrun for example_branch_dop_operator_v3 to 2025-05-30 05:25:00+00:00, run_after=2025-05-30 05:26:00+00:00
[2025-05-30T05:26:28.613+0000] {processor.py:183} INFO - Processing /home/airflow/.local/lib/python3.12/site-packages/airflow/example_dags/example_branch_python_dop_operator_3.py took 0.141 seconds
[2025-05-30T05:26:59.168+0000] {processor.py:161} INFO - Started process (PID=8585) to work on /home/airflow/.local/lib/python3.12/site-packages/airflow/example_dags/example_branch_python_dop_operator_3.py
[2025-05-30T05:26:59.169+0000] {processor.py:830} INFO - Processing file /home/airflow/.local/lib/python3.12/site-packages/airflow/example_dags/example_branch_python_dop_operator_3.py for tasks to queue
[2025-05-30T05:26:59.172+0000] {logging_mixin.py:188} INFO - [2025-05-30T05:26:59.172+0000] {dagbag.py:545} INFO - Filling up the DagBag from /home/airflow/.local/lib/python3.12/site-packages/airflow/example_dags/example_branch_python_dop_operator_3.py
[2025-05-30T05:26:59.183+0000] {processor.py:840} INFO - DAG(s) 'example_branch_dop_operator_v3' retrieved from /home/airflow/.local/lib/python3.12/site-packages/airflow/example_dags/example_branch_python_dop_operator_3.py
[2025-05-30T05:26:59.204+0000] {logging_mixin.py:188} INFO - [2025-05-30T05:26:59.204+0000] {dag.py:3096} INFO - Sync 1 DAGs
[2025-05-30T05:26:59.231+0000] {logging_mixin.py:188} INFO - [2025-05-30T05:26:59.231+0000] {dag.py:3954} INFO - Setting next_dagrun for example_branch_dop_operator_v3 to 2025-05-30 05:25:00+00:00, run_after=2025-05-30 05:26:00+00:00
[2025-05-30T05:26:59.248+0000] {processor.py:183} INFO - Processing /home/airflow/.local/lib/python3.12/site-packages/airflow/example_dags/example_branch_python_dop_operator_3.py took 0.087 seconds
[2025-05-30T05:27:30.615+0000] {processor.py:161} INFO - Started process (PID=8860) to work on /home/airflow/.local/lib/python3.12/site-packages/airflow/example_dags/example_branch_python_dop_operator_3.py
[2025-05-30T05:27:30.616+0000] {processor.py:830} INFO - Processing file /home/airflow/.local/lib/python3.12/site-packages/airflow/example_dags/example_branch_python_dop_operator_3.py for tasks to queue
[2025-05-30T05:27:30.619+0000] {logging_mixin.py:188} INFO - [2025-05-30T05:27:30.618+0000] {dagbag.py:545} INFO - Filling up the DagBag from /home/airflow/.local/lib/python3.12/site-packages/airflow/example_dags/example_branch_python_dop_operator_3.py
[2025-05-30T05:27:30.630+0000] {processor.py:840} INFO - DAG(s) 'example_branch_dop_operator_v3' retrieved from /home/airflow/.local/lib/python3.12/site-packages/airflow/example_dags/example_branch_python_dop_operator_3.py
[2025-05-30T05:27:30.664+0000] {logging_mixin.py:188} INFO - [2025-05-30T05:27:30.663+0000] {dag.py:3096} INFO - Sync 1 DAGs
[2025-05-30T05:27:30.698+0000] {logging_mixin.py:188} INFO - [2025-05-30T05:27:30.697+0000] {dag.py:3954} INFO - Setting next_dagrun for example_branch_dop_operator_v3 to 2025-05-30 05:26:00+00:00, run_after=2025-05-30 05:27:00+00:00
[2025-05-30T05:27:30.729+0000] {processor.py:183} INFO - Processing /home/airflow/.local/lib/python3.12/site-packages/airflow/example_dags/example_branch_python_dop_operator_3.py took 0.120 seconds
[2025-05-30T05:28:00.782+0000] {processor.py:161} INFO - Started process (PID=9133) to work on /home/airflow/.local/lib/python3.12/site-packages/airflow/example_dags/example_branch_python_dop_operator_3.py
[2025-05-30T05:28:00.783+0000] {processor.py:830} INFO - Processing file /home/airflow/.local/lib/python3.12/site-packages/airflow/example_dags/example_branch_python_dop_operator_3.py for tasks to queue
[2025-05-30T05:28:00.785+0000] {logging_mixin.py:188} INFO - [2025-05-30T05:28:00.785+0000] {dagbag.py:545} INFO - Filling up the DagBag from /home/airflow/.local/lib/python3.12/site-packages/airflow/example_dags/example_branch_python_dop_operator_3.py
[2025-05-30T05:28:00.794+0000] {processor.py:840} INFO - DAG(s) 'example_branch_dop_operator_v3' retrieved from /home/airflow/.local/lib/python3.12/site-packages/airflow/example_dags/example_branch_python_dop_operator_3.py
[2025-05-30T05:28:00.813+0000] {logging_mixin.py:188} INFO - [2025-05-30T05:28:00.813+0000] {dag.py:3096} INFO - Sync 1 DAGs
[2025-05-30T05:28:00.836+0000] {logging_mixin.py:188} INFO - [2025-05-30T05:28:00.836+0000] {dag.py:3954} INFO - Setting next_dagrun for example_branch_dop_operator_v3 to 2025-05-30 05:27:00+00:00, run_after=2025-05-30 05:28:00+00:00
[2025-05-30T05:28:00.856+0000] {processor.py:183} INFO - Processing /home/airflow/.local/lib/python3.12/site-packages/airflow/example_dags/example_branch_python_dop_operator_3.py took 0.079 seconds
[2025-05-30T05:28:31.398+0000] {processor.py:161} INFO - Started process (PID=9404) to work on /home/airflow/.local/lib/python3.12/site-packages/airflow/example_dags/example_branch_python_dop_operator_3.py
[2025-05-30T05:28:31.400+0000] {processor.py:830} INFO - Processing file /home/airflow/.local/lib/python3.12/site-packages/airflow/example_dags/example_branch_python_dop_operator_3.py for tasks to queue
[2025-05-30T05:28:31.402+0000] {logging_mixin.py:188} INFO - [2025-05-30T05:28:31.401+0000] {dagbag.py:545} INFO - Filling up the DagBag from /home/airflow/.local/lib/python3.12/site-packages/airflow/example_dags/example_branch_python_dop_operator_3.py
[2025-05-30T05:28:31.413+0000] {processor.py:840} INFO - DAG(s) 'example_branch_dop_operator_v3' retrieved from /home/airflow/.local/lib/python3.12/site-packages/airflow/example_dags/example_branch_python_dop_operator_3.py
[2025-05-30T05:28:31.437+0000] {logging_mixin.py:188} INFO - [2025-05-30T05:28:31.436+0000] {dag.py:3096} INFO - Sync 1 DAGs
[2025-05-30T05:28:31.462+0000] {logging_mixin.py:188} INFO - [2025-05-30T05:28:31.462+0000] {dag.py:3954} INFO - Setting next_dagrun for example_branch_dop_operator_v3 to 2025-05-30 05:27:00+00:00, run_after=2025-05-30 05:28:00+00:00
[2025-05-30T05:28:31.481+0000] {processor.py:183} INFO - Processing /home/airflow/.local/lib/python3.12/site-packages/airflow/example_dags/example_branch_python_dop_operator_3.py took 0.092 seconds
[2025-05-30T05:29:02.578+0000] {processor.py:161} INFO - Started process (PID=9677) to work on /home/airflow/.local/lib/python3.12/site-packages/airflow/example_dags/example_branch_python_dop_operator_3.py
[2025-05-30T05:29:02.579+0000] {processor.py:830} INFO - Processing file /home/airflow/.local/lib/python3.12/site-packages/airflow/example_dags/example_branch_python_dop_operator_3.py for tasks to queue
[2025-05-30T05:29:02.582+0000] {logging_mixin.py:188} INFO - [2025-05-30T05:29:02.582+0000] {dagbag.py:545} INFO - Filling up the DagBag from /home/airflow/.local/lib/python3.12/site-packages/airflow/example_dags/example_branch_python_dop_operator_3.py
[2025-05-30T05:29:02.594+0000] {processor.py:840} INFO - DAG(s) 'example_branch_dop_operator_v3' retrieved from /home/airflow/.local/lib/python3.12/site-packages/airflow/example_dags/example_branch_python_dop_operator_3.py
[2025-05-30T05:29:02.621+0000] {logging_mixin.py:188} INFO - [2025-05-30T05:29:02.620+0000] {dag.py:3096} INFO - Sync 1 DAGs
[2025-05-30T05:29:02.659+0000] {logging_mixin.py:188} INFO - [2025-05-30T05:29:02.659+0000] {dag.py:3954} INFO - Setting next_dagrun for example_branch_dop_operator_v3 to 2025-05-30 05:28:00+00:00, run_after=2025-05-30 05:29:00+00:00
[2025-05-30T05:29:02.712+0000] {processor.py:183} INFO - Processing /home/airflow/.local/lib/python3.12/site-packages/airflow/example_dags/example_branch_python_dop_operator_3.py took 0.142 seconds
[2025-05-30T05:29:33.122+0000] {processor.py:161} INFO - Started process (PID=9950) to work on /home/airflow/.local/lib/python3.12/site-packages/airflow/example_dags/example_branch_python_dop_operator_3.py
[2025-05-30T05:29:33.124+0000] {processor.py:830} INFO - Processing file /home/airflow/.local/lib/python3.12/site-packages/airflow/example_dags/example_branch_python_dop_operator_3.py for tasks to queue
[2025-05-30T05:29:33.128+0000] {logging_mixin.py:188} INFO - [2025-05-30T05:29:33.127+0000] {dagbag.py:545} INFO - Filling up the DagBag from /home/airflow/.local/lib/python3.12/site-packages/airflow/example_dags/example_branch_python_dop_operator_3.py
[2025-05-30T05:29:33.143+0000] {processor.py:840} INFO - DAG(s) 'example_branch_dop_operator_v3' retrieved from /home/airflow/.local/lib/python3.12/site-packages/airflow/example_dags/example_branch_python_dop_operator_3.py
[2025-05-30T05:29:33.186+0000] {logging_mixin.py:188} INFO - [2025-05-30T05:29:33.186+0000] {dag.py:3096} INFO - Sync 1 DAGs
[2025-05-30T05:29:33.235+0000] {logging_mixin.py:188} INFO - [2025-05-30T05:29:33.234+0000] {dag.py:3954} INFO - Setting next_dagrun for example_branch_dop_operator_v3 to 2025-05-30 05:28:00+00:00, run_after=2025-05-30 05:29:00+00:00
[2025-05-30T05:29:33.308+0000] {processor.py:183} INFO - Processing /home/airflow/.local/lib/python3.12/site-packages/airflow/example_dags/example_branch_python_dop_operator_3.py took 0.194 seconds
[2025-05-30T05:30:03.390+0000] {processor.py:161} INFO - Started process (PID=10223) to work on /home/airflow/.local/lib/python3.12/site-packages/airflow/example_dags/example_branch_python_dop_operator_3.py
[2025-05-30T05:30:03.391+0000] {processor.py:830} INFO - Processing file /home/airflow/.local/lib/python3.12/site-packages/airflow/example_dags/example_branch_python_dop_operator_3.py for tasks to queue
[2025-05-30T05:30:03.393+0000] {logging_mixin.py:188} INFO - [2025-05-30T05:30:03.393+0000] {dagbag.py:545} INFO - Filling up the DagBag from /home/airflow/.local/lib/python3.12/site-packages/airflow/example_dags/example_branch_python_dop_operator_3.py
[2025-05-30T05:30:03.404+0000] {processor.py:840} INFO - DAG(s) 'example_branch_dop_operator_v3' retrieved from /home/airflow/.local/lib/python3.12/site-packages/airflow/example_dags/example_branch_python_dop_operator_3.py
[2025-05-30T05:30:03.424+0000] {logging_mixin.py:188} INFO - [2025-05-30T05:30:03.423+0000] {dag.py:3096} INFO - Sync 1 DAGs
[2025-05-30T05:30:03.454+0000] {logging_mixin.py:188} INFO - [2025-05-30T05:30:03.454+0000] {dag.py:3954} INFO - Setting next_dagrun for example_branch_dop_operator_v3 to 2025-05-30 05:29:00+00:00, run_after=2025-05-30 05:30:00+00:00
[2025-05-30T05:30:03.478+0000] {processor.py:183} INFO - Processing /home/airflow/.local/lib/python3.12/site-packages/airflow/example_dags/example_branch_python_dop_operator_3.py took 0.094 seconds
[2025-05-30T05:30:33.675+0000] {processor.py:161} INFO - Started process (PID=10497) to work on /home/airflow/.local/lib/python3.12/site-packages/airflow/example_dags/example_branch_python_dop_operator_3.py
[2025-05-30T05:30:33.675+0000] {processor.py:830} INFO - Processing file /home/airflow/.local/lib/python3.12/site-packages/airflow/example_dags/example_branch_python_dop_operator_3.py for tasks to queue
[2025-05-30T05:30:33.677+0000] {logging_mixin.py:188} INFO - [2025-05-30T05:30:33.677+0000] {dagbag.py:545} INFO - Filling up the DagBag from /home/airflow/.local/lib/python3.12/site-packages/airflow/example_dags/example_branch_python_dop_operator_3.py
[2025-05-30T05:30:33.685+0000] {processor.py:840} INFO - DAG(s) 'example_branch_dop_operator_v3' retrieved from /home/airflow/.local/lib/python3.12/site-packages/airflow/example_dags/example_branch_python_dop_operator_3.py
[2025-05-30T05:30:33.704+0000] {logging_mixin.py:188} INFO - [2025-05-30T05:30:33.704+0000] {dag.py:3096} INFO - Sync 1 DAGs
[2025-05-30T05:30:33.734+0000] {logging_mixin.py:188} INFO - [2025-05-30T05:30:33.733+0000] {dag.py:3954} INFO - Setting next_dagrun for example_branch_dop_operator_v3 to 2025-05-30 05:29:00+00:00, run_after=2025-05-30 05:30:00+00:00
[2025-05-30T05:30:33.755+0000] {processor.py:183} INFO - Processing /home/airflow/.local/lib/python3.12/site-packages/airflow/example_dags/example_branch_python_dop_operator_3.py took 0.086 seconds
[2025-05-30T05:31:03.918+0000] {processor.py:161} INFO - Started process (PID=10768) to work on /home/airflow/.local/lib/python3.12/site-packages/airflow/example_dags/example_branch_python_dop_operator_3.py
[2025-05-30T05:31:03.919+0000] {processor.py:830} INFO - Processing file /home/airflow/.local/lib/python3.12/site-packages/airflow/example_dags/example_branch_python_dop_operator_3.py for tasks to queue
[2025-05-30T05:31:03.922+0000] {logging_mixin.py:188} INFO - [2025-05-30T05:31:03.921+0000] {dagbag.py:545} INFO - Filling up the DagBag from /home/airflow/.local/lib/python3.12/site-packages/airflow/example_dags/example_branch_python_dop_operator_3.py
[2025-05-30T05:31:03.931+0000] {processor.py:840} INFO - DAG(s) 'example_branch_dop_operator_v3' retrieved from /home/airflow/.local/lib/python3.12/site-packages/airflow/example_dags/example_branch_python_dop_operator_3.py
[2025-05-30T05:31:03.951+0000] {logging_mixin.py:188} INFO - [2025-05-30T05:31:03.951+0000] {dag.py:3096} INFO - Sync 1 DAGs
[2025-05-30T05:31:03.978+0000] {logging_mixin.py:188} INFO - [2025-05-30T05:31:03.978+0000] {dag.py:3954} INFO - Setting next_dagrun for example_branch_dop_operator_v3 to 2025-05-30 05:30:00+00:00, run_after=2025-05-30 05:31:00+00:00
[2025-05-30T05:31:04.000+0000] {processor.py:183} INFO - Processing /home/airflow/.local/lib/python3.12/site-packages/airflow/example_dags/example_branch_python_dop_operator_3.py took 0.088 seconds
[2025-05-30T05:31:34.293+0000] {processor.py:161} INFO - Started process (PID=11043) to work on /home/airflow/.local/lib/python3.12/site-packages/airflow/example_dags/example_branch_python_dop_operator_3.py
[2025-05-30T05:31:34.293+0000] {processor.py:830} INFO - Processing file /home/airflow/.local/lib/python3.12/site-packages/airflow/example_dags/example_branch_python_dop_operator_3.py for tasks to queue
[2025-05-30T05:31:34.295+0000] {logging_mixin.py:188} INFO - [2025-05-30T05:31:34.295+0000] {dagbag.py:545} INFO - Filling up the DagBag from /home/airflow/.local/lib/python3.12/site-packages/airflow/example_dags/example_branch_python_dop_operator_3.py
[2025-05-30T05:31:34.302+0000] {processor.py:840} INFO - DAG(s) 'example_branch_dop_operator_v3' retrieved from /home/airflow/.local/lib/python3.12/site-packages/airflow/example_dags/example_branch_python_dop_operator_3.py
[2025-05-30T05:31:34.319+0000] {logging_mixin.py:188} INFO - [2025-05-30T05:31:34.319+0000] {dag.py:3096} INFO - Sync 1 DAGs
[2025-05-30T05:31:34.345+0000] {logging_mixin.py:188} INFO - [2025-05-30T05:31:34.345+0000] {dag.py:3954} INFO - Setting next_dagrun for example_branch_dop_operator_v3 to 2025-05-30 05:30:00+00:00, run_after=2025-05-30 05:31:00+00:00
[2025-05-30T05:31:34.362+0000] {processor.py:183} INFO - Processing /home/airflow/.local/lib/python3.12/site-packages/airflow/example_dags/example_branch_python_dop_operator_3.py took 0.073 seconds
[2025-05-30T05:32:04.414+0000] {processor.py:161} INFO - Started process (PID=11314) to work on /home/airflow/.local/lib/python3.12/site-packages/airflow/example_dags/example_branch_python_dop_operator_3.py
[2025-05-30T05:32:04.415+0000] {processor.py:830} INFO - Processing file /home/airflow/.local/lib/python3.12/site-packages/airflow/example_dags/example_branch_python_dop_operator_3.py for tasks to queue
[2025-05-30T05:32:04.417+0000] {logging_mixin.py:188} INFO - [2025-05-30T05:32:04.416+0000] {dagbag.py:545} INFO - Filling up the DagBag from /home/airflow/.local/lib/python3.12/site-packages/airflow/example_dags/example_branch_python_dop_operator_3.py
[2025-05-30T05:32:04.425+0000] {processor.py:840} INFO - DAG(s) 'example_branch_dop_operator_v3' retrieved from /home/airflow/.local/lib/python3.12/site-packages/airflow/example_dags/example_branch_python_dop_operator_3.py
[2025-05-30T05:32:04.444+0000] {logging_mixin.py:188} INFO - [2025-05-30T05:32:04.444+0000] {dag.py:3096} INFO - Sync 1 DAGs
[2025-05-30T05:32:04.470+0000] {logging_mixin.py:188} INFO - [2025-05-30T05:32:04.469+0000] {dag.py:3954} INFO - Setting next_dagrun for example_branch_dop_operator_v3 to 2025-05-30 05:31:00+00:00, run_after=2025-05-30 05:32:00+00:00
[2025-05-30T05:32:04.487+0000] {processor.py:183} INFO - Processing /home/airflow/.local/lib/python3.12/site-packages/airflow/example_dags/example_branch_python_dop_operator_3.py took 0.080 seconds
[2025-05-30T05:32:35.541+0000] {processor.py:161} INFO - Started process (PID=11587) to work on /home/airflow/.local/lib/python3.12/site-packages/airflow/example_dags/example_branch_python_dop_operator_3.py
[2025-05-30T05:32:35.542+0000] {processor.py:830} INFO - Processing file /home/airflow/.local/lib/python3.12/site-packages/airflow/example_dags/example_branch_python_dop_operator_3.py for tasks to queue
[2025-05-30T05:32:35.544+0000] {logging_mixin.py:188} INFO - [2025-05-30T05:32:35.543+0000] {dagbag.py:545} INFO - Filling up the DagBag from /home/airflow/.local/lib/python3.12/site-packages/airflow/example_dags/example_branch_python_dop_operator_3.py
[2025-05-30T05:32:35.553+0000] {processor.py:840} INFO - DAG(s) 'example_branch_dop_operator_v3' retrieved from /home/airflow/.local/lib/python3.12/site-packages/airflow/example_dags/example_branch_python_dop_operator_3.py
[2025-05-30T05:32:35.573+0000] {logging_mixin.py:188} INFO - [2025-05-30T05:32:35.573+0000] {dag.py:3096} INFO - Sync 1 DAGs
[2025-05-30T05:32:35.598+0000] {logging_mixin.py:188} INFO - [2025-05-30T05:32:35.597+0000] {dag.py:3954} INFO - Setting next_dagrun for example_branch_dop_operator_v3 to 2025-05-30 05:31:00+00:00, run_after=2025-05-30 05:32:00+00:00
[2025-05-30T05:32:35.615+0000] {processor.py:183} INFO - Processing /home/airflow/.local/lib/python3.12/site-packages/airflow/example_dags/example_branch_python_dop_operator_3.py took 0.079 seconds
[2025-05-30T05:40:04.051+0000] {processor.py:161} INFO - Started process (PID=384) to work on /home/airflow/.local/lib/python3.12/site-packages/airflow/example_dags/example_branch_python_dop_operator_3.py
[2025-05-30T05:40:04.054+0000] {processor.py:830} INFO - Processing file /home/airflow/.local/lib/python3.12/site-packages/airflow/example_dags/example_branch_python_dop_operator_3.py for tasks to queue
[2025-05-30T05:40:04.059+0000] {logging_mixin.py:188} INFO - [2025-05-30T05:40:04.059+0000] {dagbag.py:545} INFO - Filling up the DagBag from /home/airflow/.local/lib/python3.12/site-packages/airflow/example_dags/example_branch_python_dop_operator_3.py
[2025-05-30T05:40:04.079+0000] {processor.py:840} INFO - DAG(s) 'example_branch_dop_operator_v3' retrieved from /home/airflow/.local/lib/python3.12/site-packages/airflow/example_dags/example_branch_python_dop_operator_3.py
[2025-05-30T05:40:04.100+0000] {logging_mixin.py:188} INFO - [2025-05-30T05:40:04.099+0000] {dag.py:3096} INFO - Sync 1 DAGs
[2025-05-30T05:40:04.142+0000] {logging_mixin.py:188} INFO - [2025-05-30T05:40:04.141+0000] {dag.py:3954} INFO - Setting next_dagrun for example_branch_dop_operator_v3 to 2025-05-30 05:39:00+00:00, run_after=2025-05-30 05:40:00+00:00
[2025-05-30T05:40:04.191+0000] {processor.py:183} INFO - Processing /home/airflow/.local/lib/python3.12/site-packages/airflow/example_dags/example_branch_python_dop_operator_3.py took 0.148 seconds
[2025-05-30T05:40:36.173+0000] {processor.py:161} INFO - Started process (PID=657) to work on /home/airflow/.local/lib/python3.12/site-packages/airflow/example_dags/example_branch_python_dop_operator_3.py
[2025-05-30T05:40:36.174+0000] {processor.py:830} INFO - Processing file /home/airflow/.local/lib/python3.12/site-packages/airflow/example_dags/example_branch_python_dop_operator_3.py for tasks to queue
[2025-05-30T05:40:36.176+0000] {logging_mixin.py:188} INFO - [2025-05-30T05:40:36.175+0000] {dagbag.py:545} INFO - Filling up the DagBag from /home/airflow/.local/lib/python3.12/site-packages/airflow/example_dags/example_branch_python_dop_operator_3.py
[2025-05-30T05:40:36.187+0000] {processor.py:840} INFO - DAG(s) 'example_branch_dop_operator_v3' retrieved from /home/airflow/.local/lib/python3.12/site-packages/airflow/example_dags/example_branch_python_dop_operator_3.py
[2025-05-30T05:40:36.301+0000] {logging_mixin.py:188} INFO - [2025-05-30T05:40:36.301+0000] {dag.py:3096} INFO - Sync 1 DAGs
[2025-05-30T05:40:36.326+0000] {logging_mixin.py:188} INFO - [2025-05-30T05:40:36.326+0000] {dag.py:3954} INFO - Setting next_dagrun for example_branch_dop_operator_v3 to 2025-05-30 05:39:00+00:00, run_after=2025-05-30 05:40:00+00:00
[2025-05-30T05:40:36.342+0000] {processor.py:183} INFO - Processing /home/airflow/.local/lib/python3.12/site-packages/airflow/example_dags/example_branch_python_dop_operator_3.py took 0.176 seconds
[2025-05-30T05:41:06.683+0000] {processor.py:161} INFO - Started process (PID=930) to work on /home/airflow/.local/lib/python3.12/site-packages/airflow/example_dags/example_branch_python_dop_operator_3.py
[2025-05-30T05:41:06.684+0000] {processor.py:830} INFO - Processing file /home/airflow/.local/lib/python3.12/site-packages/airflow/example_dags/example_branch_python_dop_operator_3.py for tasks to queue
[2025-05-30T05:41:06.685+0000] {logging_mixin.py:188} INFO - [2025-05-30T05:41:06.685+0000] {dagbag.py:545} INFO - Filling up the DagBag from /home/airflow/.local/lib/python3.12/site-packages/airflow/example_dags/example_branch_python_dop_operator_3.py
[2025-05-30T05:41:06.693+0000] {processor.py:840} INFO - DAG(s) 'example_branch_dop_operator_v3' retrieved from /home/airflow/.local/lib/python3.12/site-packages/airflow/example_dags/example_branch_python_dop_operator_3.py
[2025-05-30T05:41:06.710+0000] {logging_mixin.py:188} INFO - [2025-05-30T05:41:06.709+0000] {dag.py:3096} INFO - Sync 1 DAGs
[2025-05-30T05:41:06.730+0000] {logging_mixin.py:188} INFO - [2025-05-30T05:41:06.730+0000] {dag.py:3954} INFO - Setting next_dagrun for example_branch_dop_operator_v3 to 2025-05-30 05:40:00+00:00, run_after=2025-05-30 05:41:00+00:00
[2025-05-30T05:41:06.747+0000] {processor.py:183} INFO - Processing /home/airflow/.local/lib/python3.12/site-packages/airflow/example_dags/example_branch_python_dop_operator_3.py took 0.069 seconds
