[2025-05-30T04:40:37.071+0000] {processor.py:161} INFO - Started process (PID=398) to work on /home/airflow/.local/lib/python3.12/site-packages/airflow/example_dags/example_python_decorator.py
[2025-05-30T04:40:37.072+0000] {processor.py:830} INFO - Processing file /home/airflow/.local/lib/python3.12/site-packages/airflow/example_dags/example_python_decorator.py for tasks to queue
[2025-05-30T04:40:37.074+0000] {logging_mixin.py:188} INFO - [2025-05-30T04:40:37.074+0000] {dagbag.py:545} INFO - Filling up the DagBag from /home/airflow/.local/lib/python3.12/site-packages/airflow/example_dags/example_python_decorator.py
[2025-05-30T04:40:37.098+0000] {processor.py:840} INFO - DAG(s) 'example_python_decorator' retrieved from /home/airflow/.local/lib/python3.12/site-packages/airflow/example_dags/example_python_decorator.py
[2025-05-30T04:40:37.271+0000] {logging_mixin.py:188} INFO - [2025-05-30T04:40:37.271+0000] {dag.py:3096} INFO - Sync 1 DAGs
[2025-05-30T04:40:37.285+0000] {logging_mixin.py:188} INFO - [2025-05-30T04:40:37.285+0000] {dag.py:3954} INFO - Setting next_dagrun for example_python_decorator to None, run_after=None
[2025-05-30T04:40:37.310+0000] {processor.py:183} INFO - Processing /home/airflow/.local/lib/python3.12/site-packages/airflow/example_dags/example_python_decorator.py took 0.245 seconds
[2025-05-30T04:41:08.569+0000] {processor.py:161} INFO - Started process (PID=671) to work on /home/airflow/.local/lib/python3.12/site-packages/airflow/example_dags/example_python_decorator.py
[2025-05-30T04:41:08.570+0000] {processor.py:830} INFO - Processing file /home/airflow/.local/lib/python3.12/site-packages/airflow/example_dags/example_python_decorator.py for tasks to queue
[2025-05-30T04:41:08.572+0000] {logging_mixin.py:188} INFO - [2025-05-30T04:41:08.571+0000] {dagbag.py:545} INFO - Filling up the DagBag from /home/airflow/.local/lib/python3.12/site-packages/airflow/example_dags/example_python_decorator.py
[2025-05-30T04:41:08.590+0000] {processor.py:840} INFO - DAG(s) 'example_python_decorator' retrieved from /home/airflow/.local/lib/python3.12/site-packages/airflow/example_dags/example_python_decorator.py
[2025-05-30T04:41:08.611+0000] {logging_mixin.py:188} INFO - [2025-05-30T04:41:08.610+0000] {dag.py:3096} INFO - Sync 1 DAGs
[2025-05-30T04:41:08.624+0000] {logging_mixin.py:188} INFO - [2025-05-30T04:41:08.624+0000] {dag.py:3954} INFO - Setting next_dagrun for example_python_decorator to None, run_after=None
[2025-05-30T04:41:08.644+0000] {processor.py:183} INFO - Processing /home/airflow/.local/lib/python3.12/site-packages/airflow/example_dags/example_python_decorator.py took 0.080 seconds
[2025-05-30T04:41:39.658+0000] {processor.py:161} INFO - Started process (PID=944) to work on /home/airflow/.local/lib/python3.12/site-packages/airflow/example_dags/example_python_decorator.py
[2025-05-30T04:41:39.659+0000] {processor.py:830} INFO - Processing file /home/airflow/.local/lib/python3.12/site-packages/airflow/example_dags/example_python_decorator.py for tasks to queue
[2025-05-30T04:41:39.661+0000] {logging_mixin.py:188} INFO - [2025-05-30T04:41:39.661+0000] {dagbag.py:545} INFO - Filling up the DagBag from /home/airflow/.local/lib/python3.12/site-packages/airflow/example_dags/example_python_decorator.py
[2025-05-30T04:41:39.683+0000] {processor.py:840} INFO - DAG(s) 'example_python_decorator' retrieved from /home/airflow/.local/lib/python3.12/site-packages/airflow/example_dags/example_python_decorator.py
[2025-05-30T04:41:39.706+0000] {logging_mixin.py:188} INFO - [2025-05-30T04:41:39.706+0000] {dag.py:3096} INFO - Sync 1 DAGs
[2025-05-30T04:41:39.720+0000] {logging_mixin.py:188} INFO - [2025-05-30T04:41:39.720+0000] {dag.py:3954} INFO - Setting next_dagrun for example_python_decorator to None, run_after=None
[2025-05-30T04:41:39.756+0000] {processor.py:183} INFO - Processing /home/airflow/.local/lib/python3.12/site-packages/airflow/example_dags/example_python_decorator.py took 0.105 seconds
[2025-05-30T04:42:10.772+0000] {processor.py:161} INFO - Started process (PID=1216) to work on /home/airflow/.local/lib/python3.12/site-packages/airflow/example_dags/example_python_decorator.py
[2025-05-30T04:42:10.773+0000] {processor.py:830} INFO - Processing file /home/airflow/.local/lib/python3.12/site-packages/airflow/example_dags/example_python_decorator.py for tasks to queue
[2025-05-30T04:42:10.776+0000] {logging_mixin.py:188} INFO - [2025-05-30T04:42:10.775+0000] {dagbag.py:545} INFO - Filling up the DagBag from /home/airflow/.local/lib/python3.12/site-packages/airflow/example_dags/example_python_decorator.py
[2025-05-30T04:42:10.799+0000] {processor.py:840} INFO - DAG(s) 'example_python_decorator' retrieved from /home/airflow/.local/lib/python3.12/site-packages/airflow/example_dags/example_python_decorator.py
[2025-05-30T04:42:10.826+0000] {logging_mixin.py:188} INFO - [2025-05-30T04:42:10.825+0000] {dag.py:3096} INFO - Sync 1 DAGs
[2025-05-30T04:42:10.841+0000] {logging_mixin.py:188} INFO - [2025-05-30T04:42:10.841+0000] {dag.py:3954} INFO - Setting next_dagrun for example_python_decorator to None, run_after=None
[2025-05-30T04:42:10.863+0000] {processor.py:183} INFO - Processing /home/airflow/.local/lib/python3.12/site-packages/airflow/example_dags/example_python_decorator.py took 0.098 seconds
[2025-05-30T04:42:41.879+0000] {processor.py:161} INFO - Started process (PID=1489) to work on /home/airflow/.local/lib/python3.12/site-packages/airflow/example_dags/example_python_decorator.py
[2025-05-30T04:42:41.880+0000] {processor.py:830} INFO - Processing file /home/airflow/.local/lib/python3.12/site-packages/airflow/example_dags/example_python_decorator.py for tasks to queue
[2025-05-30T04:42:41.882+0000] {logging_mixin.py:188} INFO - [2025-05-30T04:42:41.881+0000] {dagbag.py:545} INFO - Filling up the DagBag from /home/airflow/.local/lib/python3.12/site-packages/airflow/example_dags/example_python_decorator.py
[2025-05-30T04:42:41.900+0000] {processor.py:840} INFO - DAG(s) 'example_python_decorator' retrieved from /home/airflow/.local/lib/python3.12/site-packages/airflow/example_dags/example_python_decorator.py
[2025-05-30T04:42:41.929+0000] {logging_mixin.py:188} INFO - [2025-05-30T04:42:41.929+0000] {dag.py:3096} INFO - Sync 1 DAGs
[2025-05-30T04:42:41.944+0000] {logging_mixin.py:188} INFO - [2025-05-30T04:42:41.944+0000] {dag.py:3954} INFO - Setting next_dagrun for example_python_decorator to None, run_after=None
[2025-05-30T04:42:41.963+0000] {processor.py:183} INFO - Processing /home/airflow/.local/lib/python3.12/site-packages/airflow/example_dags/example_python_decorator.py took 0.089 seconds
[2025-05-30T04:43:12.537+0000] {processor.py:161} INFO - Started process (PID=1762) to work on /home/airflow/.local/lib/python3.12/site-packages/airflow/example_dags/example_python_decorator.py
[2025-05-30T04:43:12.538+0000] {processor.py:830} INFO - Processing file /home/airflow/.local/lib/python3.12/site-packages/airflow/example_dags/example_python_decorator.py for tasks to queue
[2025-05-30T04:43:12.543+0000] {logging_mixin.py:188} INFO - [2025-05-30T04:43:12.542+0000] {dagbag.py:545} INFO - Filling up the DagBag from /home/airflow/.local/lib/python3.12/site-packages/airflow/example_dags/example_python_decorator.py
[2025-05-30T04:43:12.570+0000] {processor.py:840} INFO - DAG(s) 'example_python_decorator' retrieved from /home/airflow/.local/lib/python3.12/site-packages/airflow/example_dags/example_python_decorator.py
[2025-05-30T04:43:12.598+0000] {logging_mixin.py:188} INFO - [2025-05-30T04:43:12.598+0000] {dag.py:3096} INFO - Sync 1 DAGs
[2025-05-30T04:43:12.614+0000] {logging_mixin.py:188} INFO - [2025-05-30T04:43:12.614+0000] {dag.py:3954} INFO - Setting next_dagrun for example_python_decorator to None, run_after=None
[2025-05-30T04:43:12.637+0000] {processor.py:183} INFO - Processing /home/airflow/.local/lib/python3.12/site-packages/airflow/example_dags/example_python_decorator.py took 0.107 seconds
[2025-05-30T04:43:43.139+0000] {processor.py:161} INFO - Started process (PID=2034) to work on /home/airflow/.local/lib/python3.12/site-packages/airflow/example_dags/example_python_decorator.py
[2025-05-30T04:43:43.140+0000] {processor.py:830} INFO - Processing file /home/airflow/.local/lib/python3.12/site-packages/airflow/example_dags/example_python_decorator.py for tasks to queue
[2025-05-30T04:43:43.142+0000] {logging_mixin.py:188} INFO - [2025-05-30T04:43:43.142+0000] {dagbag.py:545} INFO - Filling up the DagBag from /home/airflow/.local/lib/python3.12/site-packages/airflow/example_dags/example_python_decorator.py
[2025-05-30T04:43:43.165+0000] {processor.py:840} INFO - DAG(s) 'example_python_decorator' retrieved from /home/airflow/.local/lib/python3.12/site-packages/airflow/example_dags/example_python_decorator.py
[2025-05-30T04:43:43.189+0000] {logging_mixin.py:188} INFO - [2025-05-30T04:43:43.189+0000] {dag.py:3096} INFO - Sync 1 DAGs
[2025-05-30T04:43:43.206+0000] {logging_mixin.py:188} INFO - [2025-05-30T04:43:43.205+0000] {dag.py:3954} INFO - Setting next_dagrun for example_python_decorator to None, run_after=None
[2025-05-30T04:43:43.235+0000] {processor.py:183} INFO - Processing /home/airflow/.local/lib/python3.12/site-packages/airflow/example_dags/example_python_decorator.py took 0.103 seconds
[2025-05-30T04:44:13.838+0000] {processor.py:161} INFO - Started process (PID=2307) to work on /home/airflow/.local/lib/python3.12/site-packages/airflow/example_dags/example_python_decorator.py
[2025-05-30T04:44:13.839+0000] {processor.py:830} INFO - Processing file /home/airflow/.local/lib/python3.12/site-packages/airflow/example_dags/example_python_decorator.py for tasks to queue
[2025-05-30T04:44:13.841+0000] {logging_mixin.py:188} INFO - [2025-05-30T04:44:13.841+0000] {dagbag.py:545} INFO - Filling up the DagBag from /home/airflow/.local/lib/python3.12/site-packages/airflow/example_dags/example_python_decorator.py
[2025-05-30T04:44:13.867+0000] {processor.py:840} INFO - DAG(s) 'example_python_decorator' retrieved from /home/airflow/.local/lib/python3.12/site-packages/airflow/example_dags/example_python_decorator.py
[2025-05-30T04:44:13.896+0000] {logging_mixin.py:188} INFO - [2025-05-30T04:44:13.896+0000] {dag.py:3096} INFO - Sync 1 DAGs
[2025-05-30T04:44:13.915+0000] {logging_mixin.py:188} INFO - [2025-05-30T04:44:13.914+0000] {dag.py:3954} INFO - Setting next_dagrun for example_python_decorator to None, run_after=None
[2025-05-30T04:44:13.946+0000] {processor.py:183} INFO - Processing /home/airflow/.local/lib/python3.12/site-packages/airflow/example_dags/example_python_decorator.py took 0.115 seconds
[2025-05-30T04:44:44.831+0000] {processor.py:161} INFO - Started process (PID=2580) to work on /home/airflow/.local/lib/python3.12/site-packages/airflow/example_dags/example_python_decorator.py
[2025-05-30T04:44:44.832+0000] {processor.py:830} INFO - Processing file /home/airflow/.local/lib/python3.12/site-packages/airflow/example_dags/example_python_decorator.py for tasks to queue
[2025-05-30T04:44:44.835+0000] {logging_mixin.py:188} INFO - [2025-05-30T04:44:44.835+0000] {dagbag.py:545} INFO - Filling up the DagBag from /home/airflow/.local/lib/python3.12/site-packages/airflow/example_dags/example_python_decorator.py
[2025-05-30T04:44:44.859+0000] {processor.py:840} INFO - DAG(s) 'example_python_decorator' retrieved from /home/airflow/.local/lib/python3.12/site-packages/airflow/example_dags/example_python_decorator.py
[2025-05-30T04:44:44.894+0000] {logging_mixin.py:188} INFO - [2025-05-30T04:44:44.893+0000] {dag.py:3096} INFO - Sync 1 DAGs
[2025-05-30T04:44:44.915+0000] {logging_mixin.py:188} INFO - [2025-05-30T04:44:44.915+0000] {dag.py:3954} INFO - Setting next_dagrun for example_python_decorator to None, run_after=None
[2025-05-30T04:44:44.950+0000] {processor.py:183} INFO - Processing /home/airflow/.local/lib/python3.12/site-packages/airflow/example_dags/example_python_decorator.py took 0.127 seconds
[2025-05-30T04:45:15.853+0000] {processor.py:161} INFO - Started process (PID=2853) to work on /home/airflow/.local/lib/python3.12/site-packages/airflow/example_dags/example_python_decorator.py
[2025-05-30T04:45:15.854+0000] {processor.py:830} INFO - Processing file /home/airflow/.local/lib/python3.12/site-packages/airflow/example_dags/example_python_decorator.py for tasks to queue
[2025-05-30T04:45:15.856+0000] {logging_mixin.py:188} INFO - [2025-05-30T04:45:15.856+0000] {dagbag.py:545} INFO - Filling up the DagBag from /home/airflow/.local/lib/python3.12/site-packages/airflow/example_dags/example_python_decorator.py
[2025-05-30T04:45:15.878+0000] {processor.py:840} INFO - DAG(s) 'example_python_decorator' retrieved from /home/airflow/.local/lib/python3.12/site-packages/airflow/example_dags/example_python_decorator.py
[2025-05-30T04:45:15.906+0000] {logging_mixin.py:188} INFO - [2025-05-30T04:45:15.905+0000] {dag.py:3096} INFO - Sync 1 DAGs
[2025-05-30T04:45:15.920+0000] {logging_mixin.py:188} INFO - [2025-05-30T04:45:15.920+0000] {dag.py:3954} INFO - Setting next_dagrun for example_python_decorator to None, run_after=None
[2025-05-30T04:45:15.942+0000] {processor.py:183} INFO - Processing /home/airflow/.local/lib/python3.12/site-packages/airflow/example_dags/example_python_decorator.py took 0.095 seconds
[2025-05-30T04:45:46.363+0000] {processor.py:161} INFO - Started process (PID=3126) to work on /home/airflow/.local/lib/python3.12/site-packages/airflow/example_dags/example_python_decorator.py
[2025-05-30T04:45:46.364+0000] {processor.py:830} INFO - Processing file /home/airflow/.local/lib/python3.12/site-packages/airflow/example_dags/example_python_decorator.py for tasks to queue
[2025-05-30T04:45:46.365+0000] {logging_mixin.py:188} INFO - [2025-05-30T04:45:46.365+0000] {dagbag.py:545} INFO - Filling up the DagBag from /home/airflow/.local/lib/python3.12/site-packages/airflow/example_dags/example_python_decorator.py
[2025-05-30T04:45:46.385+0000] {processor.py:840} INFO - DAG(s) 'example_python_decorator' retrieved from /home/airflow/.local/lib/python3.12/site-packages/airflow/example_dags/example_python_decorator.py
[2025-05-30T04:45:46.408+0000] {logging_mixin.py:188} INFO - [2025-05-30T04:45:46.407+0000] {dag.py:3096} INFO - Sync 1 DAGs
[2025-05-30T04:45:46.420+0000] {logging_mixin.py:188} INFO - [2025-05-30T04:45:46.419+0000] {dag.py:3954} INFO - Setting next_dagrun for example_python_decorator to None, run_after=None
[2025-05-30T04:45:46.440+0000] {processor.py:183} INFO - Processing /home/airflow/.local/lib/python3.12/site-packages/airflow/example_dags/example_python_decorator.py took 0.083 seconds
[2025-05-30T04:46:22.322+0000] {processor.py:161} INFO - Started process (PID=3398) to work on /home/airflow/.local/lib/python3.12/site-packages/airflow/example_dags/example_python_decorator.py
[2025-05-30T04:46:22.324+0000] {processor.py:830} INFO - Processing file /home/airflow/.local/lib/python3.12/site-packages/airflow/example_dags/example_python_decorator.py for tasks to queue
[2025-05-30T04:46:22.327+0000] {logging_mixin.py:188} INFO - [2025-05-30T04:46:22.327+0000] {dagbag.py:545} INFO - Filling up the DagBag from /home/airflow/.local/lib/python3.12/site-packages/airflow/example_dags/example_python_decorator.py
[2025-05-30T04:46:22.357+0000] {processor.py:840} INFO - DAG(s) 'example_python_decorator' retrieved from /home/airflow/.local/lib/python3.12/site-packages/airflow/example_dags/example_python_decorator.py
[2025-05-30T04:46:22.396+0000] {logging_mixin.py:188} INFO - [2025-05-30T04:46:22.395+0000] {dag.py:3096} INFO - Sync 1 DAGs
[2025-05-30T04:46:22.416+0000] {logging_mixin.py:188} INFO - [2025-05-30T04:46:22.415+0000] {dag.py:3954} INFO - Setting next_dagrun for example_python_decorator to None, run_after=None
[2025-05-30T04:46:22.458+0000] {processor.py:183} INFO - Processing /home/airflow/.local/lib/python3.12/site-packages/airflow/example_dags/example_python_decorator.py took 0.144 seconds
[2025-05-30T04:46:53.084+0000] {processor.py:161} INFO - Started process (PID=3666) to work on /home/airflow/.local/lib/python3.12/site-packages/airflow/example_dags/example_python_decorator.py
[2025-05-30T04:46:53.085+0000] {processor.py:830} INFO - Processing file /home/airflow/.local/lib/python3.12/site-packages/airflow/example_dags/example_python_decorator.py for tasks to queue
[2025-05-30T04:46:53.087+0000] {logging_mixin.py:188} INFO - [2025-05-30T04:46:53.087+0000] {dagbag.py:545} INFO - Filling up the DagBag from /home/airflow/.local/lib/python3.12/site-packages/airflow/example_dags/example_python_decorator.py
[2025-05-30T04:46:53.105+0000] {processor.py:840} INFO - DAG(s) 'example_python_decorator' retrieved from /home/airflow/.local/lib/python3.12/site-packages/airflow/example_dags/example_python_decorator.py
[2025-05-30T04:46:53.116+0000] {logging_mixin.py:188} INFO - [2025-05-30T04:46:53.116+0000] {dag.py:3096} INFO - Sync 1 DAGs
[2025-05-30T04:46:53.131+0000] {logging_mixin.py:188} INFO - [2025-05-30T04:46:53.131+0000] {dag.py:3954} INFO - Setting next_dagrun for example_python_decorator to None, run_after=None
[2025-05-30T04:46:53.150+0000] {processor.py:183} INFO - Processing /home/airflow/.local/lib/python3.12/site-packages/airflow/example_dags/example_python_decorator.py took 0.071 seconds
[2025-05-30T04:47:23.695+0000] {processor.py:161} INFO - Started process (PID=3938) to work on /home/airflow/.local/lib/python3.12/site-packages/airflow/example_dags/example_python_decorator.py
[2025-05-30T04:47:23.696+0000] {processor.py:830} INFO - Processing file /home/airflow/.local/lib/python3.12/site-packages/airflow/example_dags/example_python_decorator.py for tasks to queue
[2025-05-30T04:47:23.698+0000] {logging_mixin.py:188} INFO - [2025-05-30T04:47:23.698+0000] {dagbag.py:545} INFO - Filling up the DagBag from /home/airflow/.local/lib/python3.12/site-packages/airflow/example_dags/example_python_decorator.py
[2025-05-30T04:47:23.726+0000] {processor.py:840} INFO - DAG(s) 'example_python_decorator' retrieved from /home/airflow/.local/lib/python3.12/site-packages/airflow/example_dags/example_python_decorator.py
[2025-05-30T04:47:23.849+0000] {logging_mixin.py:188} INFO - [2025-05-30T04:47:23.849+0000] {dag.py:3096} INFO - Sync 1 DAGs
[2025-05-30T04:47:23.859+0000] {logging_mixin.py:188} INFO - [2025-05-30T04:47:23.859+0000] {dag.py:3954} INFO - Setting next_dagrun for example_python_decorator to None, run_after=None
[2025-05-30T04:47:23.887+0000] {processor.py:183} INFO - Processing /home/airflow/.local/lib/python3.12/site-packages/airflow/example_dags/example_python_decorator.py took 0.198 seconds
[2025-05-30T04:47:53.945+0000] {processor.py:161} INFO - Started process (PID=4218) to work on /home/airflow/.local/lib/python3.12/site-packages/airflow/example_dags/example_python_decorator.py
[2025-05-30T04:47:53.946+0000] {processor.py:830} INFO - Processing file /home/airflow/.local/lib/python3.12/site-packages/airflow/example_dags/example_python_decorator.py for tasks to queue
[2025-05-30T04:47:53.948+0000] {logging_mixin.py:188} INFO - [2025-05-30T04:47:53.948+0000] {dagbag.py:545} INFO - Filling up the DagBag from /home/airflow/.local/lib/python3.12/site-packages/airflow/example_dags/example_python_decorator.py
[2025-05-30T04:47:53.964+0000] {processor.py:840} INFO - DAG(s) 'example_python_decorator' retrieved from /home/airflow/.local/lib/python3.12/site-packages/airflow/example_dags/example_python_decorator.py
[2025-05-30T04:47:53.981+0000] {logging_mixin.py:188} INFO - [2025-05-30T04:47:53.981+0000] {dag.py:3096} INFO - Sync 1 DAGs
[2025-05-30T04:47:53.993+0000] {logging_mixin.py:188} INFO - [2025-05-30T04:47:53.992+0000] {dag.py:3954} INFO - Setting next_dagrun for example_python_decorator to None, run_after=None
[2025-05-30T04:47:54.008+0000] {processor.py:183} INFO - Processing /home/airflow/.local/lib/python3.12/site-packages/airflow/example_dags/example_python_decorator.py took 0.068 seconds
[2025-05-30T04:48:24.310+0000] {processor.py:161} INFO - Started process (PID=4484) to work on /home/airflow/.local/lib/python3.12/site-packages/airflow/example_dags/example_python_decorator.py
[2025-05-30T04:48:24.311+0000] {processor.py:830} INFO - Processing file /home/airflow/.local/lib/python3.12/site-packages/airflow/example_dags/example_python_decorator.py for tasks to queue
[2025-05-30T04:48:24.312+0000] {logging_mixin.py:188} INFO - [2025-05-30T04:48:24.312+0000] {dagbag.py:545} INFO - Filling up the DagBag from /home/airflow/.local/lib/python3.12/site-packages/airflow/example_dags/example_python_decorator.py
[2025-05-30T04:48:24.331+0000] {processor.py:840} INFO - DAG(s) 'example_python_decorator' retrieved from /home/airflow/.local/lib/python3.12/site-packages/airflow/example_dags/example_python_decorator.py
[2025-05-30T04:48:24.349+0000] {logging_mixin.py:188} INFO - [2025-05-30T04:48:24.349+0000] {dag.py:3096} INFO - Sync 1 DAGs
[2025-05-30T04:48:24.360+0000] {logging_mixin.py:188} INFO - [2025-05-30T04:48:24.360+0000] {dag.py:3954} INFO - Setting next_dagrun for example_python_decorator to None, run_after=None
[2025-05-30T04:48:24.376+0000] {processor.py:183} INFO - Processing /home/airflow/.local/lib/python3.12/site-packages/airflow/example_dags/example_python_decorator.py took 0.071 seconds
[2025-05-30T04:48:55.002+0000] {processor.py:161} INFO - Started process (PID=4757) to work on /home/airflow/.local/lib/python3.12/site-packages/airflow/example_dags/example_python_decorator.py
[2025-05-30T04:48:55.003+0000] {processor.py:830} INFO - Processing file /home/airflow/.local/lib/python3.12/site-packages/airflow/example_dags/example_python_decorator.py for tasks to queue
[2025-05-30T04:48:55.005+0000] {logging_mixin.py:188} INFO - [2025-05-30T04:48:55.005+0000] {dagbag.py:545} INFO - Filling up the DagBag from /home/airflow/.local/lib/python3.12/site-packages/airflow/example_dags/example_python_decorator.py
[2025-05-30T04:48:55.026+0000] {processor.py:840} INFO - DAG(s) 'example_python_decorator' retrieved from /home/airflow/.local/lib/python3.12/site-packages/airflow/example_dags/example_python_decorator.py
[2025-05-30T04:48:55.048+0000] {logging_mixin.py:188} INFO - [2025-05-30T04:48:55.048+0000] {dag.py:3096} INFO - Sync 1 DAGs
[2025-05-30T04:48:55.059+0000] {logging_mixin.py:188} INFO - [2025-05-30T04:48:55.059+0000] {dag.py:3954} INFO - Setting next_dagrun for example_python_decorator to None, run_after=None
[2025-05-30T04:48:55.074+0000] {processor.py:183} INFO - Processing /home/airflow/.local/lib/python3.12/site-packages/airflow/example_dags/example_python_decorator.py took 0.078 seconds
[2025-05-30T04:49:25.367+0000] {processor.py:161} INFO - Started process (PID=5030) to work on /home/airflow/.local/lib/python3.12/site-packages/airflow/example_dags/example_python_decorator.py
[2025-05-30T04:49:25.368+0000] {processor.py:830} INFO - Processing file /home/airflow/.local/lib/python3.12/site-packages/airflow/example_dags/example_python_decorator.py for tasks to queue
[2025-05-30T04:49:25.370+0000] {logging_mixin.py:188} INFO - [2025-05-30T04:49:25.369+0000] {dagbag.py:545} INFO - Filling up the DagBag from /home/airflow/.local/lib/python3.12/site-packages/airflow/example_dags/example_python_decorator.py
[2025-05-30T04:49:25.388+0000] {processor.py:840} INFO - DAG(s) 'example_python_decorator' retrieved from /home/airflow/.local/lib/python3.12/site-packages/airflow/example_dags/example_python_decorator.py
[2025-05-30T04:49:25.407+0000] {logging_mixin.py:188} INFO - [2025-05-30T04:49:25.406+0000] {dag.py:3096} INFO - Sync 1 DAGs
[2025-05-30T04:49:25.418+0000] {logging_mixin.py:188} INFO - [2025-05-30T04:49:25.418+0000] {dag.py:3954} INFO - Setting next_dagrun for example_python_decorator to None, run_after=None
[2025-05-30T04:49:25.434+0000] {processor.py:183} INFO - Processing /home/airflow/.local/lib/python3.12/site-packages/airflow/example_dags/example_python_decorator.py took 0.074 seconds
[2025-05-30T05:20:46.733+0000] {processor.py:161} INFO - Started process (PID=5325) to work on /home/airflow/.local/lib/python3.12/site-packages/airflow/example_dags/example_python_decorator.py
[2025-05-30T05:20:46.734+0000] {processor.py:830} INFO - Processing file /home/airflow/.local/lib/python3.12/site-packages/airflow/example_dags/example_python_decorator.py for tasks to queue
[2025-05-30T05:20:46.735+0000] {logging_mixin.py:188} INFO - [2025-05-30T05:20:46.735+0000] {dagbag.py:545} INFO - Filling up the DagBag from /home/airflow/.local/lib/python3.12/site-packages/airflow/example_dags/example_python_decorator.py
[2025-05-30T05:20:46.755+0000] {processor.py:840} INFO - DAG(s) 'example_python_decorator' retrieved from /home/airflow/.local/lib/python3.12/site-packages/airflow/example_dags/example_python_decorator.py
[2025-05-30T05:20:46.774+0000] {logging_mixin.py:188} INFO - [2025-05-30T05:20:46.774+0000] {dag.py:3096} INFO - Sync 1 DAGs
[2025-05-30T05:20:46.785+0000] {logging_mixin.py:188} INFO - [2025-05-30T05:20:46.785+0000] {dag.py:3954} INFO - Setting next_dagrun for example_python_decorator to None, run_after=None
[2025-05-30T05:20:46.803+0000] {processor.py:183} INFO - Processing /home/airflow/.local/lib/python3.12/site-packages/airflow/example_dags/example_python_decorator.py took 0.075 seconds
[2025-05-30T05:21:17.759+0000] {processor.py:161} INFO - Started process (PID=5598) to work on /home/airflow/.local/lib/python3.12/site-packages/airflow/example_dags/example_python_decorator.py
[2025-05-30T05:21:17.760+0000] {processor.py:830} INFO - Processing file /home/airflow/.local/lib/python3.12/site-packages/airflow/example_dags/example_python_decorator.py for tasks to queue
[2025-05-30T05:21:17.763+0000] {logging_mixin.py:188} INFO - [2025-05-30T05:21:17.762+0000] {dagbag.py:545} INFO - Filling up the DagBag from /home/airflow/.local/lib/python3.12/site-packages/airflow/example_dags/example_python_decorator.py
[2025-05-30T05:21:17.781+0000] {processor.py:840} INFO - DAG(s) 'example_python_decorator' retrieved from /home/airflow/.local/lib/python3.12/site-packages/airflow/example_dags/example_python_decorator.py
[2025-05-30T05:21:17.805+0000] {logging_mixin.py:188} INFO - [2025-05-30T05:21:17.805+0000] {dag.py:3096} INFO - Sync 1 DAGs
[2025-05-30T05:21:17.820+0000] {logging_mixin.py:188} INFO - [2025-05-30T05:21:17.820+0000] {dag.py:3954} INFO - Setting next_dagrun for example_python_decorator to None, run_after=None
[2025-05-30T05:21:17.841+0000] {processor.py:183} INFO - Processing /home/airflow/.local/lib/python3.12/site-packages/airflow/example_dags/example_python_decorator.py took 0.090 seconds
[2025-05-30T05:21:48.917+0000] {processor.py:161} INFO - Started process (PID=5871) to work on /home/airflow/.local/lib/python3.12/site-packages/airflow/example_dags/example_python_decorator.py
[2025-05-30T05:21:48.917+0000] {processor.py:830} INFO - Processing file /home/airflow/.local/lib/python3.12/site-packages/airflow/example_dags/example_python_decorator.py for tasks to queue
[2025-05-30T05:21:48.919+0000] {logging_mixin.py:188} INFO - [2025-05-30T05:21:48.919+0000] {dagbag.py:545} INFO - Filling up the DagBag from /home/airflow/.local/lib/python3.12/site-packages/airflow/example_dags/example_python_decorator.py
[2025-05-30T05:21:48.937+0000] {processor.py:840} INFO - DAG(s) 'example_python_decorator' retrieved from /home/airflow/.local/lib/python3.12/site-packages/airflow/example_dags/example_python_decorator.py
[2025-05-30T05:21:48.958+0000] {logging_mixin.py:188} INFO - [2025-05-30T05:21:48.958+0000] {dag.py:3096} INFO - Sync 1 DAGs
[2025-05-30T05:21:48.971+0000] {logging_mixin.py:188} INFO - [2025-05-30T05:21:48.971+0000] {dag.py:3954} INFO - Setting next_dagrun for example_python_decorator to None, run_after=None
[2025-05-30T05:21:48.990+0000] {processor.py:183} INFO - Processing /home/airflow/.local/lib/python3.12/site-packages/airflow/example_dags/example_python_decorator.py took 0.079 seconds
[2025-05-30T05:22:19.443+0000] {processor.py:161} INFO - Started process (PID=6144) to work on /home/airflow/.local/lib/python3.12/site-packages/airflow/example_dags/example_python_decorator.py
[2025-05-30T05:22:19.444+0000] {processor.py:830} INFO - Processing file /home/airflow/.local/lib/python3.12/site-packages/airflow/example_dags/example_python_decorator.py for tasks to queue
[2025-05-30T05:22:19.445+0000] {logging_mixin.py:188} INFO - [2025-05-30T05:22:19.445+0000] {dagbag.py:545} INFO - Filling up the DagBag from /home/airflow/.local/lib/python3.12/site-packages/airflow/example_dags/example_python_decorator.py
[2025-05-30T05:22:19.463+0000] {processor.py:840} INFO - DAG(s) 'example_python_decorator' retrieved from /home/airflow/.local/lib/python3.12/site-packages/airflow/example_dags/example_python_decorator.py
[2025-05-30T05:22:19.481+0000] {logging_mixin.py:188} INFO - [2025-05-30T05:22:19.481+0000] {dag.py:3096} INFO - Sync 1 DAGs
[2025-05-30T05:22:19.493+0000] {logging_mixin.py:188} INFO - [2025-05-30T05:22:19.492+0000] {dag.py:3954} INFO - Setting next_dagrun for example_python_decorator to None, run_after=None
[2025-05-30T05:22:19.512+0000] {processor.py:183} INFO - Processing /home/airflow/.local/lib/python3.12/site-packages/airflow/example_dags/example_python_decorator.py took 0.074 seconds
[2025-05-30T05:22:50.728+0000] {processor.py:161} INFO - Started process (PID=6417) to work on /home/airflow/.local/lib/python3.12/site-packages/airflow/example_dags/example_python_decorator.py
[2025-05-30T05:22:50.729+0000] {processor.py:830} INFO - Processing file /home/airflow/.local/lib/python3.12/site-packages/airflow/example_dags/example_python_decorator.py for tasks to queue
[2025-05-30T05:22:50.732+0000] {logging_mixin.py:188} INFO - [2025-05-30T05:22:50.732+0000] {dagbag.py:545} INFO - Filling up the DagBag from /home/airflow/.local/lib/python3.12/site-packages/airflow/example_dags/example_python_decorator.py
[2025-05-30T05:22:50.760+0000] {processor.py:840} INFO - DAG(s) 'example_python_decorator' retrieved from /home/airflow/.local/lib/python3.12/site-packages/airflow/example_dags/example_python_decorator.py
[2025-05-30T05:22:50.792+0000] {logging_mixin.py:188} INFO - [2025-05-30T05:22:50.791+0000] {dag.py:3096} INFO - Sync 1 DAGs
[2025-05-30T05:22:50.811+0000] {logging_mixin.py:188} INFO - [2025-05-30T05:22:50.810+0000] {dag.py:3954} INFO - Setting next_dagrun for example_python_decorator to None, run_after=None
[2025-05-30T05:22:50.842+0000] {processor.py:183} INFO - Processing /home/airflow/.local/lib/python3.12/site-packages/airflow/example_dags/example_python_decorator.py took 0.121 seconds
[2025-05-30T05:23:22.641+0000] {processor.py:161} INFO - Started process (PID=6690) to work on /home/airflow/.local/lib/python3.12/site-packages/airflow/example_dags/example_python_decorator.py
[2025-05-30T05:23:22.642+0000] {processor.py:830} INFO - Processing file /home/airflow/.local/lib/python3.12/site-packages/airflow/example_dags/example_python_decorator.py for tasks to queue
[2025-05-30T05:23:22.644+0000] {logging_mixin.py:188} INFO - [2025-05-30T05:23:22.644+0000] {dagbag.py:545} INFO - Filling up the DagBag from /home/airflow/.local/lib/python3.12/site-packages/airflow/example_dags/example_python_decorator.py
[2025-05-30T05:23:22.663+0000] {processor.py:840} INFO - DAG(s) 'example_python_decorator' retrieved from /home/airflow/.local/lib/python3.12/site-packages/airflow/example_dags/example_python_decorator.py
[2025-05-30T05:23:22.687+0000] {logging_mixin.py:188} INFO - [2025-05-30T05:23:22.686+0000] {dag.py:3096} INFO - Sync 1 DAGs
[2025-05-30T05:23:22.704+0000] {logging_mixin.py:188} INFO - [2025-05-30T05:23:22.703+0000] {dag.py:3954} INFO - Setting next_dagrun for example_python_decorator to None, run_after=None
[2025-05-30T05:23:22.727+0000] {processor.py:183} INFO - Processing /home/airflow/.local/lib/python3.12/site-packages/airflow/example_dags/example_python_decorator.py took 0.093 seconds
[2025-05-30T05:23:55.841+0000] {processor.py:161} INFO - Started process (PID=6965) to work on /home/airflow/.local/lib/python3.12/site-packages/airflow/example_dags/example_python_decorator.py
[2025-05-30T05:23:55.842+0000] {processor.py:830} INFO - Processing file /home/airflow/.local/lib/python3.12/site-packages/airflow/example_dags/example_python_decorator.py for tasks to queue
[2025-05-30T05:23:55.844+0000] {logging_mixin.py:188} INFO - [2025-05-30T05:23:55.844+0000] {dagbag.py:545} INFO - Filling up the DagBag from /home/airflow/.local/lib/python3.12/site-packages/airflow/example_dags/example_python_decorator.py
[2025-05-30T05:23:55.866+0000] {processor.py:840} INFO - DAG(s) 'example_python_decorator' retrieved from /home/airflow/.local/lib/python3.12/site-packages/airflow/example_dags/example_python_decorator.py
[2025-05-30T05:23:55.890+0000] {logging_mixin.py:188} INFO - [2025-05-30T05:23:55.889+0000] {dag.py:3096} INFO - Sync 1 DAGs
[2025-05-30T05:23:56.046+0000] {logging_mixin.py:188} INFO - [2025-05-30T05:23:56.046+0000] {dag.py:3954} INFO - Setting next_dagrun for example_python_decorator to None, run_after=None
[2025-05-30T05:23:56.066+0000] {processor.py:183} INFO - Processing /home/airflow/.local/lib/python3.12/site-packages/airflow/example_dags/example_python_decorator.py took 0.231 seconds
[2025-05-30T05:24:27.048+0000] {processor.py:161} INFO - Started process (PID=7243) to work on /home/airflow/.local/lib/python3.12/site-packages/airflow/example_dags/example_python_decorator.py
[2025-05-30T05:24:27.048+0000] {processor.py:830} INFO - Processing file /home/airflow/.local/lib/python3.12/site-packages/airflow/example_dags/example_python_decorator.py for tasks to queue
[2025-05-30T05:24:27.053+0000] {logging_mixin.py:188} INFO - [2025-05-30T05:24:27.052+0000] {dagbag.py:545} INFO - Filling up the DagBag from /home/airflow/.local/lib/python3.12/site-packages/airflow/example_dags/example_python_decorator.py
[2025-05-30T05:24:27.074+0000] {processor.py:840} INFO - DAG(s) 'example_python_decorator' retrieved from /home/airflow/.local/lib/python3.12/site-packages/airflow/example_dags/example_python_decorator.py
[2025-05-30T05:24:27.096+0000] {logging_mixin.py:188} INFO - [2025-05-30T05:24:27.096+0000] {dag.py:3096} INFO - Sync 1 DAGs
[2025-05-30T05:24:27.108+0000] {logging_mixin.py:188} INFO - [2025-05-30T05:24:27.108+0000] {dag.py:3954} INFO - Setting next_dagrun for example_python_decorator to None, run_after=None
[2025-05-30T05:24:27.126+0000] {processor.py:183} INFO - Processing /home/airflow/.local/lib/python3.12/site-packages/airflow/example_dags/example_python_decorator.py took 0.083 seconds
[2025-05-30T05:24:57.751+0000] {processor.py:161} INFO - Started process (PID=7516) to work on /home/airflow/.local/lib/python3.12/site-packages/airflow/example_dags/example_python_decorator.py
[2025-05-30T05:24:57.752+0000] {processor.py:830} INFO - Processing file /home/airflow/.local/lib/python3.12/site-packages/airflow/example_dags/example_python_decorator.py for tasks to queue
[2025-05-30T05:24:57.755+0000] {logging_mixin.py:188} INFO - [2025-05-30T05:24:57.754+0000] {dagbag.py:545} INFO - Filling up the DagBag from /home/airflow/.local/lib/python3.12/site-packages/airflow/example_dags/example_python_decorator.py
[2025-05-30T05:24:57.773+0000] {processor.py:840} INFO - DAG(s) 'example_python_decorator' retrieved from /home/airflow/.local/lib/python3.12/site-packages/airflow/example_dags/example_python_decorator.py
[2025-05-30T05:24:57.792+0000] {logging_mixin.py:188} INFO - [2025-05-30T05:24:57.792+0000] {dag.py:3096} INFO - Sync 1 DAGs
[2025-05-30T05:24:57.804+0000] {logging_mixin.py:188} INFO - [2025-05-30T05:24:57.804+0000] {dag.py:3954} INFO - Setting next_dagrun for example_python_decorator to None, run_after=None
[2025-05-30T05:24:57.831+0000] {processor.py:183} INFO - Processing /home/airflow/.local/lib/python3.12/site-packages/airflow/example_dags/example_python_decorator.py took 0.086 seconds
[2025-05-30T05:25:28.635+0000] {processor.py:161} INFO - Started process (PID=7789) to work on /home/airflow/.local/lib/python3.12/site-packages/airflow/example_dags/example_python_decorator.py
[2025-05-30T05:25:28.639+0000] {processor.py:830} INFO - Processing file /home/airflow/.local/lib/python3.12/site-packages/airflow/example_dags/example_python_decorator.py for tasks to queue
[2025-05-30T05:25:28.641+0000] {logging_mixin.py:188} INFO - [2025-05-30T05:25:28.640+0000] {dagbag.py:545} INFO - Filling up the DagBag from /home/airflow/.local/lib/python3.12/site-packages/airflow/example_dags/example_python_decorator.py
[2025-05-30T05:25:28.661+0000] {processor.py:840} INFO - DAG(s) 'example_python_decorator' retrieved from /home/airflow/.local/lib/python3.12/site-packages/airflow/example_dags/example_python_decorator.py
[2025-05-30T05:25:28.688+0000] {logging_mixin.py:188} INFO - [2025-05-30T05:25:28.688+0000] {dag.py:3096} INFO - Sync 1 DAGs
[2025-05-30T05:25:28.703+0000] {logging_mixin.py:188} INFO - [2025-05-30T05:25:28.703+0000] {dag.py:3954} INFO - Setting next_dagrun for example_python_decorator to None, run_after=None
[2025-05-30T05:25:28.724+0000] {processor.py:183} INFO - Processing /home/airflow/.local/lib/python3.12/site-packages/airflow/example_dags/example_python_decorator.py took 0.096 seconds
[2025-05-30T05:25:59.440+0000] {processor.py:161} INFO - Started process (PID=8062) to work on /home/airflow/.local/lib/python3.12/site-packages/airflow/example_dags/example_python_decorator.py
[2025-05-30T05:25:59.441+0000] {processor.py:830} INFO - Processing file /home/airflow/.local/lib/python3.12/site-packages/airflow/example_dags/example_python_decorator.py for tasks to queue
[2025-05-30T05:25:59.444+0000] {logging_mixin.py:188} INFO - [2025-05-30T05:25:59.443+0000] {dagbag.py:545} INFO - Filling up the DagBag from /home/airflow/.local/lib/python3.12/site-packages/airflow/example_dags/example_python_decorator.py
[2025-05-30T05:25:59.463+0000] {processor.py:840} INFO - DAG(s) 'example_python_decorator' retrieved from /home/airflow/.local/lib/python3.12/site-packages/airflow/example_dags/example_python_decorator.py
[2025-05-30T05:25:59.481+0000] {logging_mixin.py:188} INFO - [2025-05-30T05:25:59.481+0000] {dag.py:3096} INFO - Sync 1 DAGs
[2025-05-30T05:25:59.492+0000] {logging_mixin.py:188} INFO - [2025-05-30T05:25:59.492+0000] {dag.py:3954} INFO - Setting next_dagrun for example_python_decorator to None, run_after=None
[2025-05-30T05:25:59.509+0000] {processor.py:183} INFO - Processing /home/airflow/.local/lib/python3.12/site-packages/airflow/example_dags/example_python_decorator.py took 0.075 seconds
[2025-05-30T05:26:29.716+0000] {processor.py:161} INFO - Started process (PID=8335) to work on /home/airflow/.local/lib/python3.12/site-packages/airflow/example_dags/example_python_decorator.py
[2025-05-30T05:26:29.717+0000] {processor.py:830} INFO - Processing file /home/airflow/.local/lib/python3.12/site-packages/airflow/example_dags/example_python_decorator.py for tasks to queue
[2025-05-30T05:26:29.720+0000] {logging_mixin.py:188} INFO - [2025-05-30T05:26:29.719+0000] {dagbag.py:545} INFO - Filling up the DagBag from /home/airflow/.local/lib/python3.12/site-packages/airflow/example_dags/example_python_decorator.py
[2025-05-30T05:26:29.744+0000] {processor.py:840} INFO - DAG(s) 'example_python_decorator' retrieved from /home/airflow/.local/lib/python3.12/site-packages/airflow/example_dags/example_python_decorator.py
[2025-05-30T05:26:29.765+0000] {logging_mixin.py:188} INFO - [2025-05-30T05:26:29.765+0000] {dag.py:3096} INFO - Sync 1 DAGs
[2025-05-30T05:26:29.777+0000] {logging_mixin.py:188} INFO - [2025-05-30T05:26:29.777+0000] {dag.py:3954} INFO - Setting next_dagrun for example_python_decorator to None, run_after=None
[2025-05-30T05:26:29.794+0000] {processor.py:183} INFO - Processing /home/airflow/.local/lib/python3.12/site-packages/airflow/example_dags/example_python_decorator.py took 0.085 seconds
[2025-05-30T05:27:00.330+0000] {processor.py:161} INFO - Started process (PID=8607) to work on /home/airflow/.local/lib/python3.12/site-packages/airflow/example_dags/example_python_decorator.py
[2025-05-30T05:27:00.331+0000] {processor.py:830} INFO - Processing file /home/airflow/.local/lib/python3.12/site-packages/airflow/example_dags/example_python_decorator.py for tasks to queue
[2025-05-30T05:27:00.333+0000] {logging_mixin.py:188} INFO - [2025-05-30T05:27:00.333+0000] {dagbag.py:545} INFO - Filling up the DagBag from /home/airflow/.local/lib/python3.12/site-packages/airflow/example_dags/example_python_decorator.py
[2025-05-30T05:27:00.356+0000] {processor.py:840} INFO - DAG(s) 'example_python_decorator' retrieved from /home/airflow/.local/lib/python3.12/site-packages/airflow/example_dags/example_python_decorator.py
[2025-05-30T05:27:00.384+0000] {logging_mixin.py:188} INFO - [2025-05-30T05:27:00.383+0000] {dag.py:3096} INFO - Sync 1 DAGs
[2025-05-30T05:27:00.401+0000] {logging_mixin.py:188} INFO - [2025-05-30T05:27:00.401+0000] {dag.py:3954} INFO - Setting next_dagrun for example_python_decorator to None, run_after=None
[2025-05-30T05:27:00.420+0000] {processor.py:183} INFO - Processing /home/airflow/.local/lib/python3.12/site-packages/airflow/example_dags/example_python_decorator.py took 0.095 seconds
[2025-05-30T05:27:30.836+0000] {processor.py:161} INFO - Started process (PID=8878) to work on /home/airflow/.local/lib/python3.12/site-packages/airflow/example_dags/example_python_decorator.py
[2025-05-30T05:27:30.837+0000] {processor.py:830} INFO - Processing file /home/airflow/.local/lib/python3.12/site-packages/airflow/example_dags/example_python_decorator.py for tasks to queue
[2025-05-30T05:27:30.840+0000] {logging_mixin.py:188} INFO - [2025-05-30T05:27:30.839+0000] {dagbag.py:545} INFO - Filling up the DagBag from /home/airflow/.local/lib/python3.12/site-packages/airflow/example_dags/example_python_decorator.py
[2025-05-30T05:27:30.865+0000] {processor.py:840} INFO - DAG(s) 'example_python_decorator' retrieved from /home/airflow/.local/lib/python3.12/site-packages/airflow/example_dags/example_python_decorator.py
[2025-05-30T05:27:30.895+0000] {logging_mixin.py:188} INFO - [2025-05-30T05:27:30.894+0000] {dag.py:3096} INFO - Sync 1 DAGs
[2025-05-30T05:27:30.911+0000] {logging_mixin.py:188} INFO - [2025-05-30T05:27:30.910+0000] {dag.py:3954} INFO - Setting next_dagrun for example_python_decorator to None, run_after=None
[2025-05-30T05:27:30.935+0000] {processor.py:183} INFO - Processing /home/airflow/.local/lib/python3.12/site-packages/airflow/example_dags/example_python_decorator.py took 0.108 seconds
[2025-05-30T05:28:01.896+0000] {processor.py:161} INFO - Started process (PID=9151) to work on /home/airflow/.local/lib/python3.12/site-packages/airflow/example_dags/example_python_decorator.py
[2025-05-30T05:28:01.897+0000] {processor.py:830} INFO - Processing file /home/airflow/.local/lib/python3.12/site-packages/airflow/example_dags/example_python_decorator.py for tasks to queue
[2025-05-30T05:28:01.899+0000] {logging_mixin.py:188} INFO - [2025-05-30T05:28:01.899+0000] {dagbag.py:545} INFO - Filling up the DagBag from /home/airflow/.local/lib/python3.12/site-packages/airflow/example_dags/example_python_decorator.py
[2025-05-30T05:28:01.925+0000] {processor.py:840} INFO - DAG(s) 'example_python_decorator' retrieved from /home/airflow/.local/lib/python3.12/site-packages/airflow/example_dags/example_python_decorator.py
[2025-05-30T05:28:01.954+0000] {logging_mixin.py:188} INFO - [2025-05-30T05:28:01.953+0000] {dag.py:3096} INFO - Sync 1 DAGs
[2025-05-30T05:28:01.971+0000] {logging_mixin.py:188} INFO - [2025-05-30T05:28:01.971+0000] {dag.py:3954} INFO - Setting next_dagrun for example_python_decorator to None, run_after=None
[2025-05-30T05:28:02.003+0000] {processor.py:183} INFO - Processing /home/airflow/.local/lib/python3.12/site-packages/airflow/example_dags/example_python_decorator.py took 0.114 seconds
[2025-05-30T05:28:32.543+0000] {processor.py:161} INFO - Started process (PID=9424) to work on /home/airflow/.local/lib/python3.12/site-packages/airflow/example_dags/example_python_decorator.py
[2025-05-30T05:28:32.544+0000] {processor.py:830} INFO - Processing file /home/airflow/.local/lib/python3.12/site-packages/airflow/example_dags/example_python_decorator.py for tasks to queue
[2025-05-30T05:28:32.546+0000] {logging_mixin.py:188} INFO - [2025-05-30T05:28:32.546+0000] {dagbag.py:545} INFO - Filling up the DagBag from /home/airflow/.local/lib/python3.12/site-packages/airflow/example_dags/example_python_decorator.py
[2025-05-30T05:28:32.566+0000] {processor.py:840} INFO - DAG(s) 'example_python_decorator' retrieved from /home/airflow/.local/lib/python3.12/site-packages/airflow/example_dags/example_python_decorator.py
[2025-05-30T05:28:32.595+0000] {logging_mixin.py:188} INFO - [2025-05-30T05:28:32.595+0000] {dag.py:3096} INFO - Sync 1 DAGs
[2025-05-30T05:28:32.609+0000] {logging_mixin.py:188} INFO - [2025-05-30T05:28:32.608+0000] {dag.py:3954} INFO - Setting next_dagrun for example_python_decorator to None, run_after=None
[2025-05-30T05:28:32.629+0000] {processor.py:183} INFO - Processing /home/airflow/.local/lib/python3.12/site-packages/airflow/example_dags/example_python_decorator.py took 0.094 seconds
[2025-05-30T05:29:02.904+0000] {processor.py:161} INFO - Started process (PID=9697) to work on /home/airflow/.local/lib/python3.12/site-packages/airflow/example_dags/example_python_decorator.py
[2025-05-30T05:29:02.907+0000] {processor.py:830} INFO - Processing file /home/airflow/.local/lib/python3.12/site-packages/airflow/example_dags/example_python_decorator.py for tasks to queue
[2025-05-30T05:29:02.917+0000] {logging_mixin.py:188} INFO - [2025-05-30T05:29:02.916+0000] {dagbag.py:545} INFO - Filling up the DagBag from /home/airflow/.local/lib/python3.12/site-packages/airflow/example_dags/example_python_decorator.py
[2025-05-30T05:29:02.946+0000] {processor.py:840} INFO - DAG(s) 'example_python_decorator' retrieved from /home/airflow/.local/lib/python3.12/site-packages/airflow/example_dags/example_python_decorator.py
[2025-05-30T05:29:03.019+0000] {logging_mixin.py:188} INFO - [2025-05-30T05:29:03.015+0000] {dag.py:3096} INFO - Sync 1 DAGs
[2025-05-30T05:29:03.079+0000] {logging_mixin.py:188} INFO - [2025-05-30T05:29:03.079+0000] {dag.py:3954} INFO - Setting next_dagrun for example_python_decorator to None, run_after=None
[2025-05-30T05:29:03.138+0000] {processor.py:183} INFO - Processing /home/airflow/.local/lib/python3.12/site-packages/airflow/example_dags/example_python_decorator.py took 0.243 seconds
[2025-05-30T05:29:33.438+0000] {processor.py:161} INFO - Started process (PID=9970) to work on /home/airflow/.local/lib/python3.12/site-packages/airflow/example_dags/example_python_decorator.py
[2025-05-30T05:29:33.439+0000] {processor.py:830} INFO - Processing file /home/airflow/.local/lib/python3.12/site-packages/airflow/example_dags/example_python_decorator.py for tasks to queue
[2025-05-30T05:29:33.441+0000] {logging_mixin.py:188} INFO - [2025-05-30T05:29:33.441+0000] {dagbag.py:545} INFO - Filling up the DagBag from /home/airflow/.local/lib/python3.12/site-packages/airflow/example_dags/example_python_decorator.py
[2025-05-30T05:29:33.462+0000] {processor.py:840} INFO - DAG(s) 'example_python_decorator' retrieved from /home/airflow/.local/lib/python3.12/site-packages/airflow/example_dags/example_python_decorator.py
[2025-05-30T05:29:33.486+0000] {logging_mixin.py:188} INFO - [2025-05-30T05:29:33.485+0000] {dag.py:3096} INFO - Sync 1 DAGs
[2025-05-30T05:29:33.499+0000] {logging_mixin.py:188} INFO - [2025-05-30T05:29:33.499+0000] {dag.py:3954} INFO - Setting next_dagrun for example_python_decorator to None, run_after=None
[2025-05-30T05:29:33.524+0000] {processor.py:183} INFO - Processing /home/airflow/.local/lib/python3.12/site-packages/airflow/example_dags/example_python_decorator.py took 0.092 seconds
[2025-05-30T05:30:03.558+0000] {processor.py:161} INFO - Started process (PID=10240) to work on /home/airflow/.local/lib/python3.12/site-packages/airflow/example_dags/example_python_decorator.py
[2025-05-30T05:30:03.559+0000] {processor.py:830} INFO - Processing file /home/airflow/.local/lib/python3.12/site-packages/airflow/example_dags/example_python_decorator.py for tasks to queue
[2025-05-30T05:30:03.561+0000] {logging_mixin.py:188} INFO - [2025-05-30T05:30:03.560+0000] {dagbag.py:545} INFO - Filling up the DagBag from /home/airflow/.local/lib/python3.12/site-packages/airflow/example_dags/example_python_decorator.py
[2025-05-30T05:30:03.579+0000] {processor.py:840} INFO - DAG(s) 'example_python_decorator' retrieved from /home/airflow/.local/lib/python3.12/site-packages/airflow/example_dags/example_python_decorator.py
[2025-05-30T05:30:03.599+0000] {logging_mixin.py:188} INFO - [2025-05-30T05:30:03.598+0000] {dag.py:3096} INFO - Sync 1 DAGs
[2025-05-30T05:30:03.611+0000] {logging_mixin.py:188} INFO - [2025-05-30T05:30:03.610+0000] {dag.py:3954} INFO - Setting next_dagrun for example_python_decorator to None, run_after=None
[2025-05-30T05:30:03.628+0000] {processor.py:183} INFO - Processing /home/airflow/.local/lib/python3.12/site-packages/airflow/example_dags/example_python_decorator.py took 0.076 seconds
[2025-05-30T05:30:33.855+0000] {processor.py:161} INFO - Started process (PID=10515) to work on /home/airflow/.local/lib/python3.12/site-packages/airflow/example_dags/example_python_decorator.py
[2025-05-30T05:30:33.856+0000] {processor.py:830} INFO - Processing file /home/airflow/.local/lib/python3.12/site-packages/airflow/example_dags/example_python_decorator.py for tasks to queue
[2025-05-30T05:30:33.858+0000] {logging_mixin.py:188} INFO - [2025-05-30T05:30:33.858+0000] {dagbag.py:545} INFO - Filling up the DagBag from /home/airflow/.local/lib/python3.12/site-packages/airflow/example_dags/example_python_decorator.py
[2025-05-30T05:30:33.875+0000] {processor.py:840} INFO - DAG(s) 'example_python_decorator' retrieved from /home/airflow/.local/lib/python3.12/site-packages/airflow/example_dags/example_python_decorator.py
[2025-05-30T05:30:33.893+0000] {logging_mixin.py:188} INFO - [2025-05-30T05:30:33.893+0000] {dag.py:3096} INFO - Sync 1 DAGs
[2025-05-30T05:30:33.904+0000] {logging_mixin.py:188} INFO - [2025-05-30T05:30:33.904+0000] {dag.py:3954} INFO - Setting next_dagrun for example_python_decorator to None, run_after=None
[2025-05-30T05:30:33.920+0000] {processor.py:183} INFO - Processing /home/airflow/.local/lib/python3.12/site-packages/airflow/example_dags/example_python_decorator.py took 0.072 seconds
[2025-05-30T05:31:04.113+0000] {processor.py:161} INFO - Started process (PID=10788) to work on /home/airflow/.local/lib/python3.12/site-packages/airflow/example_dags/example_python_decorator.py
[2025-05-30T05:31:04.115+0000] {processor.py:830} INFO - Processing file /home/airflow/.local/lib/python3.12/site-packages/airflow/example_dags/example_python_decorator.py for tasks to queue
[2025-05-30T05:31:04.117+0000] {logging_mixin.py:188} INFO - [2025-05-30T05:31:04.116+0000] {dagbag.py:545} INFO - Filling up the DagBag from /home/airflow/.local/lib/python3.12/site-packages/airflow/example_dags/example_python_decorator.py
[2025-05-30T05:31:04.140+0000] {processor.py:840} INFO - DAG(s) 'example_python_decorator' retrieved from /home/airflow/.local/lib/python3.12/site-packages/airflow/example_dags/example_python_decorator.py
[2025-05-30T05:31:04.165+0000] {logging_mixin.py:188} INFO - [2025-05-30T05:31:04.165+0000] {dag.py:3096} INFO - Sync 1 DAGs
[2025-05-30T05:31:04.184+0000] {logging_mixin.py:188} INFO - [2025-05-30T05:31:04.184+0000] {dag.py:3954} INFO - Setting next_dagrun for example_python_decorator to None, run_after=None
[2025-05-30T05:31:04.214+0000] {processor.py:183} INFO - Processing /home/airflow/.local/lib/python3.12/site-packages/airflow/example_dags/example_python_decorator.py took 0.108 seconds
[2025-05-30T05:31:34.475+0000] {processor.py:161} INFO - Started process (PID=11058) to work on /home/airflow/.local/lib/python3.12/site-packages/airflow/example_dags/example_python_decorator.py
[2025-05-30T05:31:34.478+0000] {processor.py:830} INFO - Processing file /home/airflow/.local/lib/python3.12/site-packages/airflow/example_dags/example_python_decorator.py for tasks to queue
[2025-05-30T05:31:34.480+0000] {logging_mixin.py:188} INFO - [2025-05-30T05:31:34.480+0000] {dagbag.py:545} INFO - Filling up the DagBag from /home/airflow/.local/lib/python3.12/site-packages/airflow/example_dags/example_python_decorator.py
[2025-05-30T05:31:34.500+0000] {processor.py:840} INFO - DAG(s) 'example_python_decorator' retrieved from /home/airflow/.local/lib/python3.12/site-packages/airflow/example_dags/example_python_decorator.py
[2025-05-30T05:31:34.523+0000] {logging_mixin.py:188} INFO - [2025-05-30T05:31:34.522+0000] {dag.py:3096} INFO - Sync 1 DAGs
[2025-05-30T05:31:34.537+0000] {logging_mixin.py:188} INFO - [2025-05-30T05:31:34.537+0000] {dag.py:3954} INFO - Setting next_dagrun for example_python_decorator to None, run_after=None
[2025-05-30T05:31:34.555+0000] {processor.py:183} INFO - Processing /home/airflow/.local/lib/python3.12/site-packages/airflow/example_dags/example_python_decorator.py took 0.085 seconds
[2025-05-30T05:32:04.712+0000] {processor.py:161} INFO - Started process (PID=11331) to work on /home/airflow/.local/lib/python3.12/site-packages/airflow/example_dags/example_python_decorator.py
[2025-05-30T05:32:04.713+0000] {processor.py:830} INFO - Processing file /home/airflow/.local/lib/python3.12/site-packages/airflow/example_dags/example_python_decorator.py for tasks to queue
[2025-05-30T05:32:04.715+0000] {logging_mixin.py:188} INFO - [2025-05-30T05:32:04.715+0000] {dagbag.py:545} INFO - Filling up the DagBag from /home/airflow/.local/lib/python3.12/site-packages/airflow/example_dags/example_python_decorator.py
[2025-05-30T05:32:04.732+0000] {processor.py:840} INFO - DAG(s) 'example_python_decorator' retrieved from /home/airflow/.local/lib/python3.12/site-packages/airflow/example_dags/example_python_decorator.py
[2025-05-30T05:32:04.752+0000] {logging_mixin.py:188} INFO - [2025-05-30T05:32:04.752+0000] {dag.py:3096} INFO - Sync 1 DAGs
[2025-05-30T05:32:04.764+0000] {logging_mixin.py:188} INFO - [2025-05-30T05:32:04.764+0000] {dag.py:3954} INFO - Setting next_dagrun for example_python_decorator to None, run_after=None
[2025-05-30T05:32:04.784+0000] {processor.py:183} INFO - Processing /home/airflow/.local/lib/python3.12/site-packages/airflow/example_dags/example_python_decorator.py took 0.079 seconds
[2025-05-30T05:32:35.710+0000] {processor.py:161} INFO - Started process (PID=11607) to work on /home/airflow/.local/lib/python3.12/site-packages/airflow/example_dags/example_python_decorator.py
[2025-05-30T05:32:35.711+0000] {processor.py:830} INFO - Processing file /home/airflow/.local/lib/python3.12/site-packages/airflow/example_dags/example_python_decorator.py for tasks to queue
[2025-05-30T05:32:35.713+0000] {logging_mixin.py:188} INFO - [2025-05-30T05:32:35.712+0000] {dagbag.py:545} INFO - Filling up the DagBag from /home/airflow/.local/lib/python3.12/site-packages/airflow/example_dags/example_python_decorator.py
[2025-05-30T05:32:35.732+0000] {processor.py:840} INFO - DAG(s) 'example_python_decorator' retrieved from /home/airflow/.local/lib/python3.12/site-packages/airflow/example_dags/example_python_decorator.py
[2025-05-30T05:32:35.752+0000] {logging_mixin.py:188} INFO - [2025-05-30T05:32:35.751+0000] {dag.py:3096} INFO - Sync 1 DAGs
[2025-05-30T05:32:35.764+0000] {logging_mixin.py:188} INFO - [2025-05-30T05:32:35.764+0000] {dag.py:3954} INFO - Setting next_dagrun for example_python_decorator to None, run_after=None
[2025-05-30T05:32:35.782+0000] {processor.py:183} INFO - Processing /home/airflow/.local/lib/python3.12/site-packages/airflow/example_dags/example_python_decorator.py took 0.077 seconds
[2025-05-30T05:40:04.334+0000] {processor.py:161} INFO - Started process (PID=399) to work on /home/airflow/.local/lib/python3.12/site-packages/airflow/example_dags/example_python_decorator.py
[2025-05-30T05:40:04.336+0000] {processor.py:830} INFO - Processing file /home/airflow/.local/lib/python3.12/site-packages/airflow/example_dags/example_python_decorator.py for tasks to queue
[2025-05-30T05:40:04.339+0000] {logging_mixin.py:188} INFO - [2025-05-30T05:40:04.339+0000] {dagbag.py:545} INFO - Filling up the DagBag from /home/airflow/.local/lib/python3.12/site-packages/airflow/example_dags/example_python_decorator.py
[2025-05-30T05:40:04.369+0000] {processor.py:840} INFO - DAG(s) 'example_python_decorator' retrieved from /home/airflow/.local/lib/python3.12/site-packages/airflow/example_dags/example_python_decorator.py
[2025-05-30T05:40:04.386+0000] {logging_mixin.py:188} INFO - [2025-05-30T05:40:04.385+0000] {dag.py:3096} INFO - Sync 1 DAGs
[2025-05-30T05:40:04.406+0000] {logging_mixin.py:188} INFO - [2025-05-30T05:40:04.406+0000] {dag.py:3954} INFO - Setting next_dagrun for example_python_decorator to None, run_after=None
[2025-05-30T05:40:04.450+0000] {processor.py:183} INFO - Processing /home/airflow/.local/lib/python3.12/site-packages/airflow/example_dags/example_python_decorator.py took 0.125 seconds
[2025-05-30T05:40:36.416+0000] {processor.py:161} INFO - Started process (PID=672) to work on /home/airflow/.local/lib/python3.12/site-packages/airflow/example_dags/example_python_decorator.py
[2025-05-30T05:40:36.417+0000] {processor.py:830} INFO - Processing file /home/airflow/.local/lib/python3.12/site-packages/airflow/example_dags/example_python_decorator.py for tasks to queue
[2025-05-30T05:40:36.420+0000] {logging_mixin.py:188} INFO - [2025-05-30T05:40:36.419+0000] {dagbag.py:545} INFO - Filling up the DagBag from /home/airflow/.local/lib/python3.12/site-packages/airflow/example_dags/example_python_decorator.py
[2025-05-30T05:40:36.436+0000] {processor.py:840} INFO - DAG(s) 'example_python_decorator' retrieved from /home/airflow/.local/lib/python3.12/site-packages/airflow/example_dags/example_python_decorator.py
[2025-05-30T05:40:36.538+0000] {logging_mixin.py:188} INFO - [2025-05-30T05:40:36.538+0000] {dag.py:3096} INFO - Sync 1 DAGs
[2025-05-30T05:40:36.549+0000] {logging_mixin.py:188} INFO - [2025-05-30T05:40:36.548+0000] {dag.py:3954} INFO - Setting next_dagrun for example_python_decorator to None, run_after=None
[2025-05-30T05:40:36.567+0000] {processor.py:183} INFO - Processing /home/airflow/.local/lib/python3.12/site-packages/airflow/example_dags/example_python_decorator.py took 0.155 seconds
[2025-05-30T05:41:06.827+0000] {processor.py:161} INFO - Started process (PID=945) to work on /home/airflow/.local/lib/python3.12/site-packages/airflow/example_dags/example_python_decorator.py
[2025-05-30T05:41:06.827+0000] {processor.py:830} INFO - Processing file /home/airflow/.local/lib/python3.12/site-packages/airflow/example_dags/example_python_decorator.py for tasks to queue
[2025-05-30T05:41:06.829+0000] {logging_mixin.py:188} INFO - [2025-05-30T05:41:06.829+0000] {dagbag.py:545} INFO - Filling up the DagBag from /home/airflow/.local/lib/python3.12/site-packages/airflow/example_dags/example_python_decorator.py
[2025-05-30T05:41:06.846+0000] {processor.py:840} INFO - DAG(s) 'example_python_decorator' retrieved from /home/airflow/.local/lib/python3.12/site-packages/airflow/example_dags/example_python_decorator.py
[2025-05-30T05:41:06.866+0000] {logging_mixin.py:188} INFO - [2025-05-30T05:41:06.865+0000] {dag.py:3096} INFO - Sync 1 DAGs
[2025-05-30T05:41:06.878+0000] {logging_mixin.py:188} INFO - [2025-05-30T05:41:06.878+0000] {dag.py:3954} INFO - Setting next_dagrun for example_python_decorator to None, run_after=None
[2025-05-30T05:41:06.894+0000] {processor.py:183} INFO - Processing /home/airflow/.local/lib/python3.12/site-packages/airflow/example_dags/example_python_decorator.py took 0.073 seconds
