[2025-05-30T04:40:34.589+0000] {processor.py:161} INFO - Started process (PID=203) to work on /home/airflow/.local/lib/python3.12/site-packages/airflow/example_dags/example_display_name.py
[2025-05-30T04:40:34.591+0000] {processor.py:830} INFO - Processing file /home/airflow/.local/lib/python3.12/site-packages/airflow/example_dags/example_display_name.py for tasks to queue
[2025-05-30T04:40:34.601+0000] {logging_mixin.py:188} INFO - [2025-05-30T04:40:34.601+0000] {dagbag.py:545} INFO - Filling up the DagBag from /home/airflow/.local/lib/python3.12/site-packages/airflow/example_dags/example_display_name.py
[2025-05-30T04:40:34.613+0000] {processor.py:840} INFO - DAG(s) 'example_display_name' retrieved from /home/airflow/.local/lib/python3.12/site-packages/airflow/example_dags/example_display_name.py
[2025-05-30T04:40:34.648+0000] {logging_mixin.py:188} INFO - [2025-05-30T04:40:34.648+0000] {dag.py:3096} INFO - Sync 1 DAGs
[2025-05-30T04:40:34.664+0000] {logging_mixin.py:188} INFO - [2025-05-30T04:40:34.664+0000] {dag.py:3954} INFO - Setting next_dagrun for example_display_name to None, run_after=None
[2025-05-30T04:40:34.686+0000] {processor.py:183} INFO - Processing /home/airflow/.local/lib/python3.12/site-packages/airflow/example_dags/example_display_name.py took 0.103 seconds
[2025-05-30T04:41:05.873+0000] {processor.py:161} INFO - Started process (PID=476) to work on /home/airflow/.local/lib/python3.12/site-packages/airflow/example_dags/example_display_name.py
[2025-05-30T04:41:05.873+0000] {processor.py:830} INFO - Processing file /home/airflow/.local/lib/python3.12/site-packages/airflow/example_dags/example_display_name.py for tasks to queue
[2025-05-30T04:41:05.875+0000] {logging_mixin.py:188} INFO - [2025-05-30T04:41:05.875+0000] {dagbag.py:545} INFO - Filling up the DagBag from /home/airflow/.local/lib/python3.12/site-packages/airflow/example_dags/example_display_name.py
[2025-05-30T04:41:05.881+0000] {processor.py:840} INFO - DAG(s) 'example_display_name' retrieved from /home/airflow/.local/lib/python3.12/site-packages/airflow/example_dags/example_display_name.py
[2025-05-30T04:41:05.902+0000] {logging_mixin.py:188} INFO - [2025-05-30T04:41:05.902+0000] {dag.py:3096} INFO - Sync 1 DAGs
[2025-05-30T04:41:05.920+0000] {logging_mixin.py:188} INFO - [2025-05-30T04:41:05.920+0000] {dag.py:3954} INFO - Setting next_dagrun for example_display_name to None, run_after=None
[2025-05-30T04:41:05.948+0000] {processor.py:183} INFO - Processing /home/airflow/.local/lib/python3.12/site-packages/airflow/example_dags/example_display_name.py took 0.081 seconds
[2025-05-30T04:41:36.844+0000] {processor.py:161} INFO - Started process (PID=748) to work on /home/airflow/.local/lib/python3.12/site-packages/airflow/example_dags/example_display_name.py
[2025-05-30T04:41:36.844+0000] {processor.py:830} INFO - Processing file /home/airflow/.local/lib/python3.12/site-packages/airflow/example_dags/example_display_name.py for tasks to queue
[2025-05-30T04:41:36.846+0000] {logging_mixin.py:188} INFO - [2025-05-30T04:41:36.846+0000] {dagbag.py:545} INFO - Filling up the DagBag from /home/airflow/.local/lib/python3.12/site-packages/airflow/example_dags/example_display_name.py
[2025-05-30T04:41:36.851+0000] {processor.py:840} INFO - DAG(s) 'example_display_name' retrieved from /home/airflow/.local/lib/python3.12/site-packages/airflow/example_dags/example_display_name.py
[2025-05-30T04:41:36.866+0000] {logging_mixin.py:188} INFO - [2025-05-30T04:41:36.866+0000] {dag.py:3096} INFO - Sync 1 DAGs
[2025-05-30T04:41:36.877+0000] {logging_mixin.py:188} INFO - [2025-05-30T04:41:36.877+0000] {dag.py:3954} INFO - Setting next_dagrun for example_display_name to None, run_after=None
[2025-05-30T04:41:36.893+0000] {processor.py:183} INFO - Processing /home/airflow/.local/lib/python3.12/site-packages/airflow/example_dags/example_display_name.py took 0.054 seconds
[2025-05-30T04:42:06.926+0000] {processor.py:161} INFO - Started process (PID=1015) to work on /home/airflow/.local/lib/python3.12/site-packages/airflow/example_dags/example_display_name.py
[2025-05-30T04:42:06.927+0000] {processor.py:830} INFO - Processing file /home/airflow/.local/lib/python3.12/site-packages/airflow/example_dags/example_display_name.py for tasks to queue
[2025-05-30T04:42:06.931+0000] {logging_mixin.py:188} INFO - [2025-05-30T04:42:06.930+0000] {dagbag.py:545} INFO - Filling up the DagBag from /home/airflow/.local/lib/python3.12/site-packages/airflow/example_dags/example_display_name.py
[2025-05-30T04:42:06.939+0000] {processor.py:840} INFO - DAG(s) 'example_display_name' retrieved from /home/airflow/.local/lib/python3.12/site-packages/airflow/example_dags/example_display_name.py
[2025-05-30T04:42:06.965+0000] {logging_mixin.py:188} INFO - [2025-05-30T04:42:06.963+0000] {dag.py:3096} INFO - Sync 1 DAGs
[2025-05-30T04:42:06.984+0000] {logging_mixin.py:188} INFO - [2025-05-30T04:42:06.984+0000] {dag.py:3954} INFO - Setting next_dagrun for example_display_name to None, run_after=None
[2025-05-30T04:42:07.013+0000] {processor.py:183} INFO - Processing /home/airflow/.local/lib/python3.12/site-packages/airflow/example_dags/example_display_name.py took 0.097 seconds
[2025-05-30T04:42:37.575+0000] {processor.py:161} INFO - Started process (PID=1288) to work on /home/airflow/.local/lib/python3.12/site-packages/airflow/example_dags/example_display_name.py
[2025-05-30T04:42:37.577+0000] {processor.py:830} INFO - Processing file /home/airflow/.local/lib/python3.12/site-packages/airflow/example_dags/example_display_name.py for tasks to queue
[2025-05-30T04:42:37.579+0000] {logging_mixin.py:188} INFO - [2025-05-30T04:42:37.579+0000] {dagbag.py:545} INFO - Filling up the DagBag from /home/airflow/.local/lib/python3.12/site-packages/airflow/example_dags/example_display_name.py
[2025-05-30T04:42:37.586+0000] {processor.py:840} INFO - DAG(s) 'example_display_name' retrieved from /home/airflow/.local/lib/python3.12/site-packages/airflow/example_dags/example_display_name.py
[2025-05-30T04:42:37.607+0000] {logging_mixin.py:188} INFO - [2025-05-30T04:42:37.607+0000] {dag.py:3096} INFO - Sync 1 DAGs
[2025-05-30T04:42:37.626+0000] {logging_mixin.py:188} INFO - [2025-05-30T04:42:37.626+0000] {dag.py:3954} INFO - Setting next_dagrun for example_display_name to None, run_after=None
[2025-05-30T04:42:37.664+0000] {processor.py:183} INFO - Processing /home/airflow/.local/lib/python3.12/site-packages/airflow/example_dags/example_display_name.py took 0.097 seconds
[2025-05-30T04:43:07.905+0000] {processor.py:161} INFO - Started process (PID=1561) to work on /home/airflow/.local/lib/python3.12/site-packages/airflow/example_dags/example_display_name.py
[2025-05-30T04:43:07.906+0000] {processor.py:830} INFO - Processing file /home/airflow/.local/lib/python3.12/site-packages/airflow/example_dags/example_display_name.py for tasks to queue
[2025-05-30T04:43:07.908+0000] {logging_mixin.py:188} INFO - [2025-05-30T04:43:07.908+0000] {dagbag.py:545} INFO - Filling up the DagBag from /home/airflow/.local/lib/python3.12/site-packages/airflow/example_dags/example_display_name.py
[2025-05-30T04:43:07.914+0000] {processor.py:840} INFO - DAG(s) 'example_display_name' retrieved from /home/airflow/.local/lib/python3.12/site-packages/airflow/example_dags/example_display_name.py
[2025-05-30T04:43:07.934+0000] {logging_mixin.py:188} INFO - [2025-05-30T04:43:07.933+0000] {dag.py:3096} INFO - Sync 1 DAGs
[2025-05-30T04:43:07.949+0000] {logging_mixin.py:188} INFO - [2025-05-30T04:43:07.949+0000] {dag.py:3954} INFO - Setting next_dagrun for example_display_name to None, run_after=None
[2025-05-30T04:43:07.972+0000] {processor.py:183} INFO - Processing /home/airflow/.local/lib/python3.12/site-packages/airflow/example_dags/example_display_name.py took 0.074 seconds
[2025-05-30T04:43:38.231+0000] {processor.py:161} INFO - Started process (PID=1833) to work on /home/airflow/.local/lib/python3.12/site-packages/airflow/example_dags/example_display_name.py
[2025-05-30T04:43:38.232+0000] {processor.py:830} INFO - Processing file /home/airflow/.local/lib/python3.12/site-packages/airflow/example_dags/example_display_name.py for tasks to queue
[2025-05-30T04:43:38.234+0000] {logging_mixin.py:188} INFO - [2025-05-30T04:43:38.233+0000] {dagbag.py:545} INFO - Filling up the DagBag from /home/airflow/.local/lib/python3.12/site-packages/airflow/example_dags/example_display_name.py
[2025-05-30T04:43:38.241+0000] {processor.py:840} INFO - DAG(s) 'example_display_name' retrieved from /home/airflow/.local/lib/python3.12/site-packages/airflow/example_dags/example_display_name.py
[2025-05-30T04:43:38.261+0000] {logging_mixin.py:188} INFO - [2025-05-30T04:43:38.261+0000] {dag.py:3096} INFO - Sync 1 DAGs
[2025-05-30T04:43:38.277+0000] {logging_mixin.py:188} INFO - [2025-05-30T04:43:38.277+0000] {dag.py:3954} INFO - Setting next_dagrun for example_display_name to None, run_after=None
[2025-05-30T04:43:38.310+0000] {processor.py:183} INFO - Processing /home/airflow/.local/lib/python3.12/site-packages/airflow/example_dags/example_display_name.py took 0.085 seconds
[2025-05-30T04:44:08.842+0000] {processor.py:161} INFO - Started process (PID=2106) to work on /home/airflow/.local/lib/python3.12/site-packages/airflow/example_dags/example_display_name.py
[2025-05-30T04:44:08.843+0000] {processor.py:830} INFO - Processing file /home/airflow/.local/lib/python3.12/site-packages/airflow/example_dags/example_display_name.py for tasks to queue
[2025-05-30T04:44:08.849+0000] {logging_mixin.py:188} INFO - [2025-05-30T04:44:08.848+0000] {dagbag.py:545} INFO - Filling up the DagBag from /home/airflow/.local/lib/python3.12/site-packages/airflow/example_dags/example_display_name.py
[2025-05-30T04:44:08.867+0000] {processor.py:840} INFO - DAG(s) 'example_display_name' retrieved from /home/airflow/.local/lib/python3.12/site-packages/airflow/example_dags/example_display_name.py
[2025-05-30T04:44:08.899+0000] {logging_mixin.py:188} INFO - [2025-05-30T04:44:08.899+0000] {dag.py:3096} INFO - Sync 1 DAGs
[2025-05-30T04:44:08.925+0000] {logging_mixin.py:188} INFO - [2025-05-30T04:44:08.924+0000] {dag.py:3954} INFO - Setting next_dagrun for example_display_name to None, run_after=None
[2025-05-30T04:44:08.961+0000] {processor.py:183} INFO - Processing /home/airflow/.local/lib/python3.12/site-packages/airflow/example_dags/example_display_name.py took 0.126 seconds
[2025-05-30T04:44:39.090+0000] {processor.py:161} INFO - Started process (PID=2379) to work on /home/airflow/.local/lib/python3.12/site-packages/airflow/example_dags/example_display_name.py
[2025-05-30T04:44:39.091+0000] {processor.py:830} INFO - Processing file /home/airflow/.local/lib/python3.12/site-packages/airflow/example_dags/example_display_name.py for tasks to queue
[2025-05-30T04:44:39.093+0000] {logging_mixin.py:188} INFO - [2025-05-30T04:44:39.093+0000] {dagbag.py:545} INFO - Filling up the DagBag from /home/airflow/.local/lib/python3.12/site-packages/airflow/example_dags/example_display_name.py
[2025-05-30T04:44:39.099+0000] {processor.py:840} INFO - DAG(s) 'example_display_name' retrieved from /home/airflow/.local/lib/python3.12/site-packages/airflow/example_dags/example_display_name.py
[2025-05-30T04:44:39.119+0000] {logging_mixin.py:188} INFO - [2025-05-30T04:44:39.118+0000] {dag.py:3096} INFO - Sync 1 DAGs
[2025-05-30T04:44:39.134+0000] {logging_mixin.py:188} INFO - [2025-05-30T04:44:39.134+0000] {dag.py:3954} INFO - Setting next_dagrun for example_display_name to None, run_after=None
[2025-05-30T04:44:39.163+0000] {processor.py:183} INFO - Processing /home/airflow/.local/lib/python3.12/site-packages/airflow/example_dags/example_display_name.py took 0.080 seconds
[2025-05-30T04:45:09.787+0000] {processor.py:161} INFO - Started process (PID=2652) to work on /home/airflow/.local/lib/python3.12/site-packages/airflow/example_dags/example_display_name.py
[2025-05-30T04:45:09.787+0000] {processor.py:830} INFO - Processing file /home/airflow/.local/lib/python3.12/site-packages/airflow/example_dags/example_display_name.py for tasks to queue
[2025-05-30T04:45:09.790+0000] {logging_mixin.py:188} INFO - [2025-05-30T04:45:09.789+0000] {dagbag.py:545} INFO - Filling up the DagBag from /home/airflow/.local/lib/python3.12/site-packages/airflow/example_dags/example_display_name.py
[2025-05-30T04:45:09.795+0000] {processor.py:840} INFO - DAG(s) 'example_display_name' retrieved from /home/airflow/.local/lib/python3.12/site-packages/airflow/example_dags/example_display_name.py
[2025-05-30T04:45:09.812+0000] {logging_mixin.py:188} INFO - [2025-05-30T04:45:09.811+0000] {dag.py:3096} INFO - Sync 1 DAGs
[2025-05-30T04:45:09.823+0000] {logging_mixin.py:188} INFO - [2025-05-30T04:45:09.822+0000] {dag.py:3954} INFO - Setting next_dagrun for example_display_name to None, run_after=None
[2025-05-30T04:45:09.845+0000] {processor.py:183} INFO - Processing /home/airflow/.local/lib/python3.12/site-packages/airflow/example_dags/example_display_name.py took 0.065 seconds
[2025-05-30T04:45:40.869+0000] {processor.py:161} INFO - Started process (PID=2925) to work on /home/airflow/.local/lib/python3.12/site-packages/airflow/example_dags/example_display_name.py
[2025-05-30T04:45:40.870+0000] {processor.py:830} INFO - Processing file /home/airflow/.local/lib/python3.12/site-packages/airflow/example_dags/example_display_name.py for tasks to queue
[2025-05-30T04:45:40.871+0000] {logging_mixin.py:188} INFO - [2025-05-30T04:45:40.871+0000] {dagbag.py:545} INFO - Filling up the DagBag from /home/airflow/.local/lib/python3.12/site-packages/airflow/example_dags/example_display_name.py
[2025-05-30T04:45:40.876+0000] {processor.py:840} INFO - DAG(s) 'example_display_name' retrieved from /home/airflow/.local/lib/python3.12/site-packages/airflow/example_dags/example_display_name.py
[2025-05-30T04:45:40.893+0000] {logging_mixin.py:188} INFO - [2025-05-30T04:45:40.893+0000] {dag.py:3096} INFO - Sync 1 DAGs
[2025-05-30T04:45:40.904+0000] {logging_mixin.py:188} INFO - [2025-05-30T04:45:40.904+0000] {dag.py:3954} INFO - Setting next_dagrun for example_display_name to None, run_after=None
[2025-05-30T04:45:40.931+0000] {processor.py:183} INFO - Processing /home/airflow/.local/lib/python3.12/site-packages/airflow/example_dags/example_display_name.py took 0.067 seconds
[2025-05-30T04:46:11.356+0000] {processor.py:161} INFO - Started process (PID=3197) to work on /home/airflow/.local/lib/python3.12/site-packages/airflow/example_dags/example_display_name.py
[2025-05-30T04:46:11.364+0000] {processor.py:830} INFO - Processing file /home/airflow/.local/lib/python3.12/site-packages/airflow/example_dags/example_display_name.py for tasks to queue
[2025-05-30T04:46:11.384+0000] {logging_mixin.py:188} INFO - [2025-05-30T04:46:11.383+0000] {dagbag.py:545} INFO - Filling up the DagBag from /home/airflow/.local/lib/python3.12/site-packages/airflow/example_dags/example_display_name.py
[2025-05-30T04:46:11.451+0000] {processor.py:840} INFO - DAG(s) 'example_display_name' retrieved from /home/airflow/.local/lib/python3.12/site-packages/airflow/example_dags/example_display_name.py
[2025-05-30T04:46:11.529+0000] {logging_mixin.py:188} INFO - [2025-05-30T04:46:11.527+0000] {dag.py:3096} INFO - Sync 1 DAGs
[2025-05-30T04:46:11.600+0000] {logging_mixin.py:188} INFO - [2025-05-30T04:46:11.599+0000] {dag.py:3954} INFO - Setting next_dagrun for example_display_name to None, run_after=None
[2025-05-30T04:46:11.752+0000] {processor.py:183} INFO - Processing /home/airflow/.local/lib/python3.12/site-packages/airflow/example_dags/example_display_name.py took 0.456 seconds
[2025-05-30T04:46:42.072+0000] {processor.py:161} INFO - Started process (PID=3470) to work on /home/airflow/.local/lib/python3.12/site-packages/airflow/example_dags/example_display_name.py
[2025-05-30T04:46:42.073+0000] {processor.py:830} INFO - Processing file /home/airflow/.local/lib/python3.12/site-packages/airflow/example_dags/example_display_name.py for tasks to queue
[2025-05-30T04:46:42.075+0000] {logging_mixin.py:188} INFO - [2025-05-30T04:46:42.074+0000] {dagbag.py:545} INFO - Filling up the DagBag from /home/airflow/.local/lib/python3.12/site-packages/airflow/example_dags/example_display_name.py
[2025-05-30T04:46:42.079+0000] {processor.py:840} INFO - DAG(s) 'example_display_name' retrieved from /home/airflow/.local/lib/python3.12/site-packages/airflow/example_dags/example_display_name.py
[2025-05-30T04:46:42.090+0000] {logging_mixin.py:188} INFO - [2025-05-30T04:46:42.090+0000] {dag.py:3096} INFO - Sync 1 DAGs
[2025-05-30T04:46:42.102+0000] {logging_mixin.py:188} INFO - [2025-05-30T04:46:42.102+0000] {dag.py:3954} INFO - Setting next_dagrun for example_display_name to None, run_after=None
[2025-05-30T04:46:42.119+0000] {processor.py:183} INFO - Processing /home/airflow/.local/lib/python3.12/site-packages/airflow/example_dags/example_display_name.py took 0.052 seconds
[2025-05-30T04:47:12.650+0000] {processor.py:161} INFO - Started process (PID=3742) to work on /home/airflow/.local/lib/python3.12/site-packages/airflow/example_dags/example_display_name.py
[2025-05-30T04:47:12.651+0000] {processor.py:830} INFO - Processing file /home/airflow/.local/lib/python3.12/site-packages/airflow/example_dags/example_display_name.py for tasks to queue
[2025-05-30T04:47:12.653+0000] {logging_mixin.py:188} INFO - [2025-05-30T04:47:12.653+0000] {dagbag.py:545} INFO - Filling up the DagBag from /home/airflow/.local/lib/python3.12/site-packages/airflow/example_dags/example_display_name.py
[2025-05-30T04:47:12.659+0000] {processor.py:840} INFO - DAG(s) 'example_display_name' retrieved from /home/airflow/.local/lib/python3.12/site-packages/airflow/example_dags/example_display_name.py
[2025-05-30T04:47:12.786+0000] {logging_mixin.py:188} INFO - [2025-05-30T04:47:12.786+0000] {dag.py:3096} INFO - Sync 1 DAGs
[2025-05-30T04:47:12.940+0000] {logging_mixin.py:188} INFO - [2025-05-30T04:47:12.939+0000] {dag.py:3954} INFO - Setting next_dagrun for example_display_name to None, run_after=None
[2025-05-30T04:47:12.965+0000] {processor.py:183} INFO - Processing /home/airflow/.local/lib/python3.12/site-packages/airflow/example_dags/example_display_name.py took 0.321 seconds
[2025-05-30T04:47:43.621+0000] {processor.py:161} INFO - Started process (PID=4015) to work on /home/airflow/.local/lib/python3.12/site-packages/airflow/example_dags/example_display_name.py
[2025-05-30T04:47:43.621+0000] {processor.py:830} INFO - Processing file /home/airflow/.local/lib/python3.12/site-packages/airflow/example_dags/example_display_name.py for tasks to queue
[2025-05-30T04:47:43.623+0000] {logging_mixin.py:188} INFO - [2025-05-30T04:47:43.623+0000] {dagbag.py:545} INFO - Filling up the DagBag from /home/airflow/.local/lib/python3.12/site-packages/airflow/example_dags/example_display_name.py
[2025-05-30T04:47:43.629+0000] {processor.py:840} INFO - DAG(s) 'example_display_name' retrieved from /home/airflow/.local/lib/python3.12/site-packages/airflow/example_dags/example_display_name.py
[2025-05-30T04:47:43.647+0000] {logging_mixin.py:188} INFO - [2025-05-30T04:47:43.646+0000] {dag.py:3096} INFO - Sync 1 DAGs
[2025-05-30T04:47:43.659+0000] {logging_mixin.py:188} INFO - [2025-05-30T04:47:43.659+0000] {dag.py:3954} INFO - Setting next_dagrun for example_display_name to None, run_after=None
[2025-05-30T04:47:43.678+0000] {processor.py:183} INFO - Processing /home/airflow/.local/lib/python3.12/site-packages/airflow/example_dags/example_display_name.py took 0.064 seconds
[2025-05-30T04:48:13.731+0000] {processor.py:161} INFO - Started process (PID=4283) to work on /home/airflow/.local/lib/python3.12/site-packages/airflow/example_dags/example_display_name.py
[2025-05-30T04:48:13.732+0000] {processor.py:830} INFO - Processing file /home/airflow/.local/lib/python3.12/site-packages/airflow/example_dags/example_display_name.py for tasks to queue
[2025-05-30T04:48:13.734+0000] {logging_mixin.py:188} INFO - [2025-05-30T04:48:13.734+0000] {dagbag.py:545} INFO - Filling up the DagBag from /home/airflow/.local/lib/python3.12/site-packages/airflow/example_dags/example_display_name.py
[2025-05-30T04:48:13.741+0000] {processor.py:840} INFO - DAG(s) 'example_display_name' retrieved from /home/airflow/.local/lib/python3.12/site-packages/airflow/example_dags/example_display_name.py
[2025-05-30T04:48:13.763+0000] {logging_mixin.py:188} INFO - [2025-05-30T04:48:13.763+0000] {dag.py:3096} INFO - Sync 1 DAGs
[2025-05-30T04:48:13.779+0000] {logging_mixin.py:188} INFO - [2025-05-30T04:48:13.779+0000] {dag.py:3954} INFO - Setting next_dagrun for example_display_name to None, run_after=None
[2025-05-30T04:48:13.813+0000] {processor.py:183} INFO - Processing /home/airflow/.local/lib/python3.12/site-packages/airflow/example_dags/example_display_name.py took 0.087 seconds
[2025-05-30T04:48:44.082+0000] {processor.py:161} INFO - Started process (PID=4556) to work on /home/airflow/.local/lib/python3.12/site-packages/airflow/example_dags/example_display_name.py
[2025-05-30T04:48:44.083+0000] {processor.py:830} INFO - Processing file /home/airflow/.local/lib/python3.12/site-packages/airflow/example_dags/example_display_name.py for tasks to queue
[2025-05-30T04:48:44.085+0000] {logging_mixin.py:188} INFO - [2025-05-30T04:48:44.084+0000] {dagbag.py:545} INFO - Filling up the DagBag from /home/airflow/.local/lib/python3.12/site-packages/airflow/example_dags/example_display_name.py
[2025-05-30T04:48:44.089+0000] {processor.py:840} INFO - DAG(s) 'example_display_name' retrieved from /home/airflow/.local/lib/python3.12/site-packages/airflow/example_dags/example_display_name.py
[2025-05-30T04:48:44.104+0000] {logging_mixin.py:188} INFO - [2025-05-30T04:48:44.104+0000] {dag.py:3096} INFO - Sync 1 DAGs
[2025-05-30T04:48:44.115+0000] {logging_mixin.py:188} INFO - [2025-05-30T04:48:44.115+0000] {dag.py:3954} INFO - Setting next_dagrun for example_display_name to None, run_after=None
[2025-05-30T04:48:44.131+0000] {processor.py:183} INFO - Processing /home/airflow/.local/lib/python3.12/site-packages/airflow/example_dags/example_display_name.py took 0.054 seconds
[2025-05-30T04:49:15.010+0000] {processor.py:161} INFO - Started process (PID=4829) to work on /home/airflow/.local/lib/python3.12/site-packages/airflow/example_dags/example_display_name.py
[2025-05-30T04:49:15.011+0000] {processor.py:830} INFO - Processing file /home/airflow/.local/lib/python3.12/site-packages/airflow/example_dags/example_display_name.py for tasks to queue
[2025-05-30T04:49:15.013+0000] {logging_mixin.py:188} INFO - [2025-05-30T04:49:15.013+0000] {dagbag.py:545} INFO - Filling up the DagBag from /home/airflow/.local/lib/python3.12/site-packages/airflow/example_dags/example_display_name.py
[2025-05-30T04:49:15.020+0000] {processor.py:840} INFO - DAG(s) 'example_display_name' retrieved from /home/airflow/.local/lib/python3.12/site-packages/airflow/example_dags/example_display_name.py
[2025-05-30T04:49:15.042+0000] {logging_mixin.py:188} INFO - [2025-05-30T04:49:15.042+0000] {dag.py:3096} INFO - Sync 1 DAGs
[2025-05-30T04:49:15.056+0000] {logging_mixin.py:188} INFO - [2025-05-30T04:49:15.055+0000] {dag.py:3954} INFO - Setting next_dagrun for example_display_name to None, run_after=None
[2025-05-30T04:49:15.085+0000] {processor.py:183} INFO - Processing /home/airflow/.local/lib/python3.12/site-packages/airflow/example_dags/example_display_name.py took 0.082 seconds
[2025-05-30T05:20:44.153+0000] {processor.py:161} INFO - Started process (PID=5130) to work on /home/airflow/.local/lib/python3.12/site-packages/airflow/example_dags/example_display_name.py
[2025-05-30T05:20:44.157+0000] {processor.py:830} INFO - Processing file /home/airflow/.local/lib/python3.12/site-packages/airflow/example_dags/example_display_name.py for tasks to queue
[2025-05-30T05:20:44.159+0000] {logging_mixin.py:188} INFO - [2025-05-30T05:20:44.159+0000] {dagbag.py:545} INFO - Filling up the DagBag from /home/airflow/.local/lib/python3.12/site-packages/airflow/example_dags/example_display_name.py
[2025-05-30T05:20:44.167+0000] {processor.py:840} INFO - DAG(s) 'example_display_name' retrieved from /home/airflow/.local/lib/python3.12/site-packages/airflow/example_dags/example_display_name.py
[2025-05-30T05:20:44.190+0000] {logging_mixin.py:188} INFO - [2025-05-30T05:20:44.189+0000] {dag.py:3096} INFO - Sync 1 DAGs
[2025-05-30T05:20:44.202+0000] {logging_mixin.py:188} INFO - [2025-05-30T05:20:44.201+0000] {dag.py:3954} INFO - Setting next_dagrun for example_display_name to None, run_after=None
[2025-05-30T05:20:44.224+0000] {processor.py:183} INFO - Processing /home/airflow/.local/lib/python3.12/site-packages/airflow/example_dags/example_display_name.py took 0.077 seconds
[2025-05-30T05:21:15.207+0000] {processor.py:161} INFO - Started process (PID=5405) to work on /home/airflow/.local/lib/python3.12/site-packages/airflow/example_dags/example_display_name.py
[2025-05-30T05:21:15.208+0000] {processor.py:830} INFO - Processing file /home/airflow/.local/lib/python3.12/site-packages/airflow/example_dags/example_display_name.py for tasks to queue
[2025-05-30T05:21:15.210+0000] {logging_mixin.py:188} INFO - [2025-05-30T05:21:15.210+0000] {dagbag.py:545} INFO - Filling up the DagBag from /home/airflow/.local/lib/python3.12/site-packages/airflow/example_dags/example_display_name.py
[2025-05-30T05:21:15.216+0000] {processor.py:840} INFO - DAG(s) 'example_display_name' retrieved from /home/airflow/.local/lib/python3.12/site-packages/airflow/example_dags/example_display_name.py
[2025-05-30T05:21:15.235+0000] {logging_mixin.py:188} INFO - [2025-05-30T05:21:15.235+0000] {dag.py:3096} INFO - Sync 1 DAGs
[2025-05-30T05:21:15.249+0000] {logging_mixin.py:188} INFO - [2025-05-30T05:21:15.248+0000] {dag.py:3954} INFO - Setting next_dagrun for example_display_name to None, run_after=None
[2025-05-30T05:21:15.267+0000] {processor.py:183} INFO - Processing /home/airflow/.local/lib/python3.12/site-packages/airflow/example_dags/example_display_name.py took 0.066 seconds
[2025-05-30T05:21:45.975+0000] {processor.py:161} INFO - Started process (PID=5676) to work on /home/airflow/.local/lib/python3.12/site-packages/airflow/example_dags/example_display_name.py
[2025-05-30T05:21:45.976+0000] {processor.py:830} INFO - Processing file /home/airflow/.local/lib/python3.12/site-packages/airflow/example_dags/example_display_name.py for tasks to queue
[2025-05-30T05:21:45.978+0000] {logging_mixin.py:188} INFO - [2025-05-30T05:21:45.977+0000] {dagbag.py:545} INFO - Filling up the DagBag from /home/airflow/.local/lib/python3.12/site-packages/airflow/example_dags/example_display_name.py
[2025-05-30T05:21:45.983+0000] {processor.py:840} INFO - DAG(s) 'example_display_name' retrieved from /home/airflow/.local/lib/python3.12/site-packages/airflow/example_dags/example_display_name.py
[2025-05-30T05:21:46.002+0000] {logging_mixin.py:188} INFO - [2025-05-30T05:21:46.001+0000] {dag.py:3096} INFO - Sync 1 DAGs
[2025-05-30T05:21:46.013+0000] {logging_mixin.py:188} INFO - [2025-05-30T05:21:46.013+0000] {dag.py:3954} INFO - Setting next_dagrun for example_display_name to None, run_after=None
[2025-05-30T05:21:46.030+0000] {processor.py:183} INFO - Processing /home/airflow/.local/lib/python3.12/site-packages/airflow/example_dags/example_display_name.py took 0.059 seconds
[2025-05-30T05:22:16.964+0000] {processor.py:161} INFO - Started process (PID=5949) to work on /home/airflow/.local/lib/python3.12/site-packages/airflow/example_dags/example_display_name.py
[2025-05-30T05:22:16.965+0000] {processor.py:830} INFO - Processing file /home/airflow/.local/lib/python3.12/site-packages/airflow/example_dags/example_display_name.py for tasks to queue
[2025-05-30T05:22:16.967+0000] {logging_mixin.py:188} INFO - [2025-05-30T05:22:16.966+0000] {dagbag.py:545} INFO - Filling up the DagBag from /home/airflow/.local/lib/python3.12/site-packages/airflow/example_dags/example_display_name.py
[2025-05-30T05:22:16.972+0000] {processor.py:840} INFO - DAG(s) 'example_display_name' retrieved from /home/airflow/.local/lib/python3.12/site-packages/airflow/example_dags/example_display_name.py
[2025-05-30T05:22:16.990+0000] {logging_mixin.py:188} INFO - [2025-05-30T05:22:16.990+0000] {dag.py:3096} INFO - Sync 1 DAGs
[2025-05-30T05:22:17.005+0000] {logging_mixin.py:188} INFO - [2025-05-30T05:22:17.005+0000] {dag.py:3954} INFO - Setting next_dagrun for example_display_name to None, run_after=None
[2025-05-30T05:22:17.028+0000] {processor.py:183} INFO - Processing /home/airflow/.local/lib/python3.12/site-packages/airflow/example_dags/example_display_name.py took 0.070 seconds
[2025-05-30T05:22:48.287+0000] {processor.py:161} INFO - Started process (PID=6222) to work on /home/airflow/.local/lib/python3.12/site-packages/airflow/example_dags/example_display_name.py
[2025-05-30T05:22:48.288+0000] {processor.py:830} INFO - Processing file /home/airflow/.local/lib/python3.12/site-packages/airflow/example_dags/example_display_name.py for tasks to queue
[2025-05-30T05:22:48.291+0000] {logging_mixin.py:188} INFO - [2025-05-30T05:22:48.290+0000] {dagbag.py:545} INFO - Filling up the DagBag from /home/airflow/.local/lib/python3.12/site-packages/airflow/example_dags/example_display_name.py
[2025-05-30T05:22:48.296+0000] {processor.py:840} INFO - DAG(s) 'example_display_name' retrieved from /home/airflow/.local/lib/python3.12/site-packages/airflow/example_dags/example_display_name.py
[2025-05-30T05:22:48.315+0000] {logging_mixin.py:188} INFO - [2025-05-30T05:22:48.314+0000] {dag.py:3096} INFO - Sync 1 DAGs
[2025-05-30T05:22:48.328+0000] {logging_mixin.py:188} INFO - [2025-05-30T05:22:48.328+0000] {dag.py:3954} INFO - Setting next_dagrun for example_display_name to None, run_after=None
[2025-05-30T05:22:48.347+0000] {processor.py:183} INFO - Processing /home/airflow/.local/lib/python3.12/site-packages/airflow/example_dags/example_display_name.py took 0.065 seconds
[2025-05-30T05:23:19.130+0000] {processor.py:161} INFO - Started process (PID=6495) to work on /home/airflow/.local/lib/python3.12/site-packages/airflow/example_dags/example_display_name.py
[2025-05-30T05:23:19.131+0000] {processor.py:830} INFO - Processing file /home/airflow/.local/lib/python3.12/site-packages/airflow/example_dags/example_display_name.py for tasks to queue
[2025-05-30T05:23:19.133+0000] {logging_mixin.py:188} INFO - [2025-05-30T05:23:19.132+0000] {dagbag.py:545} INFO - Filling up the DagBag from /home/airflow/.local/lib/python3.12/site-packages/airflow/example_dags/example_display_name.py
[2025-05-30T05:23:19.138+0000] {processor.py:840} INFO - DAG(s) 'example_display_name' retrieved from /home/airflow/.local/lib/python3.12/site-packages/airflow/example_dags/example_display_name.py
[2025-05-30T05:23:19.155+0000] {logging_mixin.py:188} INFO - [2025-05-30T05:23:19.155+0000] {dag.py:3096} INFO - Sync 1 DAGs
[2025-05-30T05:23:19.168+0000] {logging_mixin.py:188} INFO - [2025-05-30T05:23:19.167+0000] {dag.py:3954} INFO - Setting next_dagrun for example_display_name to None, run_after=None
[2025-05-30T05:23:19.185+0000] {processor.py:183} INFO - Processing /home/airflow/.local/lib/python3.12/site-packages/airflow/example_dags/example_display_name.py took 0.060 seconds
[2025-05-30T05:23:49.635+0000] {processor.py:161} INFO - Started process (PID=6770) to work on /home/airflow/.local/lib/python3.12/site-packages/airflow/example_dags/example_display_name.py
[2025-05-30T05:23:49.636+0000] {processor.py:830} INFO - Processing file /home/airflow/.local/lib/python3.12/site-packages/airflow/example_dags/example_display_name.py for tasks to queue
[2025-05-30T05:23:49.638+0000] {logging_mixin.py:188} INFO - [2025-05-30T05:23:49.638+0000] {dagbag.py:545} INFO - Filling up the DagBag from /home/airflow/.local/lib/python3.12/site-packages/airflow/example_dags/example_display_name.py
[2025-05-30T05:23:49.644+0000] {processor.py:840} INFO - DAG(s) 'example_display_name' retrieved from /home/airflow/.local/lib/python3.12/site-packages/airflow/example_dags/example_display_name.py
[2025-05-30T05:23:49.661+0000] {logging_mixin.py:188} INFO - [2025-05-30T05:23:49.660+0000] {dag.py:3096} INFO - Sync 1 DAGs
[2025-05-30T05:23:49.672+0000] {logging_mixin.py:188} INFO - [2025-05-30T05:23:49.672+0000] {dag.py:3954} INFO - Setting next_dagrun for example_display_name to None, run_after=None
[2025-05-30T05:23:49.690+0000] {processor.py:183} INFO - Processing /home/airflow/.local/lib/python3.12/site-packages/airflow/example_dags/example_display_name.py took 0.060 seconds
[2025-05-30T05:24:20.437+0000] {processor.py:161} INFO - Started process (PID=7041) to work on /home/airflow/.local/lib/python3.12/site-packages/airflow/example_dags/example_display_name.py
[2025-05-30T05:24:20.438+0000] {processor.py:830} INFO - Processing file /home/airflow/.local/lib/python3.12/site-packages/airflow/example_dags/example_display_name.py for tasks to queue
[2025-05-30T05:24:20.440+0000] {logging_mixin.py:188} INFO - [2025-05-30T05:24:20.440+0000] {dagbag.py:545} INFO - Filling up the DagBag from /home/airflow/.local/lib/python3.12/site-packages/airflow/example_dags/example_display_name.py
[2025-05-30T05:24:20.591+0000] {processor.py:840} INFO - DAG(s) 'example_display_name' retrieved from /home/airflow/.local/lib/python3.12/site-packages/airflow/example_dags/example_display_name.py
[2025-05-30T05:24:20.612+0000] {logging_mixin.py:188} INFO - [2025-05-30T05:24:20.611+0000] {dag.py:3096} INFO - Sync 1 DAGs
[2025-05-30T05:24:20.622+0000] {logging_mixin.py:188} INFO - [2025-05-30T05:24:20.622+0000] {dag.py:3954} INFO - Setting next_dagrun for example_display_name to None, run_after=None
[2025-05-30T05:24:20.643+0000] {processor.py:183} INFO - Processing /home/airflow/.local/lib/python3.12/site-packages/airflow/example_dags/example_display_name.py took 0.213 seconds
[2025-05-30T05:24:51.401+0000] {processor.py:161} INFO - Started process (PID=7313) to work on /home/airflow/.local/lib/python3.12/site-packages/airflow/example_dags/example_display_name.py
[2025-05-30T05:24:51.402+0000] {processor.py:830} INFO - Processing file /home/airflow/.local/lib/python3.12/site-packages/airflow/example_dags/example_display_name.py for tasks to queue
[2025-05-30T05:24:51.404+0000] {logging_mixin.py:188} INFO - [2025-05-30T05:24:51.404+0000] {dagbag.py:545} INFO - Filling up the DagBag from /home/airflow/.local/lib/python3.12/site-packages/airflow/example_dags/example_display_name.py
[2025-05-30T05:24:51.410+0000] {processor.py:840} INFO - DAG(s) 'example_display_name' retrieved from /home/airflow/.local/lib/python3.12/site-packages/airflow/example_dags/example_display_name.py
[2025-05-30T05:24:51.430+0000] {logging_mixin.py:188} INFO - [2025-05-30T05:24:51.430+0000] {dag.py:3096} INFO - Sync 1 DAGs
[2025-05-30T05:24:51.445+0000] {logging_mixin.py:188} INFO - [2025-05-30T05:24:51.445+0000] {dag.py:3954} INFO - Setting next_dagrun for example_display_name to None, run_after=None
[2025-05-30T05:24:51.462+0000] {processor.py:183} INFO - Processing /home/airflow/.local/lib/python3.12/site-packages/airflow/example_dags/example_display_name.py took 0.068 seconds
[2025-05-30T05:25:21.501+0000] {processor.py:161} INFO - Started process (PID=7583) to work on /home/airflow/.local/lib/python3.12/site-packages/airflow/example_dags/example_display_name.py
[2025-05-30T05:25:21.501+0000] {processor.py:830} INFO - Processing file /home/airflow/.local/lib/python3.12/site-packages/airflow/example_dags/example_display_name.py for tasks to queue
[2025-05-30T05:25:21.503+0000] {logging_mixin.py:188} INFO - [2025-05-30T05:25:21.503+0000] {dagbag.py:545} INFO - Filling up the DagBag from /home/airflow/.local/lib/python3.12/site-packages/airflow/example_dags/example_display_name.py
[2025-05-30T05:25:21.508+0000] {processor.py:840} INFO - DAG(s) 'example_display_name' retrieved from /home/airflow/.local/lib/python3.12/site-packages/airflow/example_dags/example_display_name.py
[2025-05-30T05:25:21.522+0000] {logging_mixin.py:188} INFO - [2025-05-30T05:25:21.522+0000] {dag.py:3096} INFO - Sync 1 DAGs
[2025-05-30T05:25:21.532+0000] {logging_mixin.py:188} INFO - [2025-05-30T05:25:21.532+0000] {dag.py:3954} INFO - Setting next_dagrun for example_display_name to None, run_after=None
[2025-05-30T05:25:21.547+0000] {processor.py:183} INFO - Processing /home/airflow/.local/lib/python3.12/site-packages/airflow/example_dags/example_display_name.py took 0.051 seconds
[2025-05-30T05:25:52.446+0000] {processor.py:161} INFO - Started process (PID=7854) to work on /home/airflow/.local/lib/python3.12/site-packages/airflow/example_dags/example_display_name.py
[2025-05-30T05:25:52.446+0000] {processor.py:830} INFO - Processing file /home/airflow/.local/lib/python3.12/site-packages/airflow/example_dags/example_display_name.py for tasks to queue
[2025-05-30T05:25:52.448+0000] {logging_mixin.py:188} INFO - [2025-05-30T05:25:52.448+0000] {dagbag.py:545} INFO - Filling up the DagBag from /home/airflow/.local/lib/python3.12/site-packages/airflow/example_dags/example_display_name.py
[2025-05-30T05:25:52.454+0000] {processor.py:840} INFO - DAG(s) 'example_display_name' retrieved from /home/airflow/.local/lib/python3.12/site-packages/airflow/example_dags/example_display_name.py
[2025-05-30T05:25:52.472+0000] {logging_mixin.py:188} INFO - [2025-05-30T05:25:52.472+0000] {dag.py:3096} INFO - Sync 1 DAGs
[2025-05-30T05:25:52.485+0000] {logging_mixin.py:188} INFO - [2025-05-30T05:25:52.484+0000] {dag.py:3954} INFO - Setting next_dagrun for example_display_name to None, run_after=None
[2025-05-30T05:25:52.502+0000] {processor.py:183} INFO - Processing /home/airflow/.local/lib/python3.12/site-packages/airflow/example_dags/example_display_name.py took 0.062 seconds
[2025-05-30T05:26:23.138+0000] {processor.py:161} INFO - Started process (PID=8127) to work on /home/airflow/.local/lib/python3.12/site-packages/airflow/example_dags/example_display_name.py
[2025-05-30T05:26:23.138+0000] {processor.py:830} INFO - Processing file /home/airflow/.local/lib/python3.12/site-packages/airflow/example_dags/example_display_name.py for tasks to queue
[2025-05-30T05:26:23.140+0000] {logging_mixin.py:188} INFO - [2025-05-30T05:26:23.140+0000] {dagbag.py:545} INFO - Filling up the DagBag from /home/airflow/.local/lib/python3.12/site-packages/airflow/example_dags/example_display_name.py
[2025-05-30T05:26:23.146+0000] {processor.py:840} INFO - DAG(s) 'example_display_name' retrieved from /home/airflow/.local/lib/python3.12/site-packages/airflow/example_dags/example_display_name.py
[2025-05-30T05:26:23.165+0000] {logging_mixin.py:188} INFO - [2025-05-30T05:26:23.165+0000] {dag.py:3096} INFO - Sync 1 DAGs
[2025-05-30T05:26:23.178+0000] {logging_mixin.py:188} INFO - [2025-05-30T05:26:23.178+0000] {dag.py:3954} INFO - Setting next_dagrun for example_display_name to None, run_after=None
[2025-05-30T05:26:23.196+0000] {processor.py:183} INFO - Processing /home/airflow/.local/lib/python3.12/site-packages/airflow/example_dags/example_display_name.py took 0.065 seconds
[2025-05-30T05:26:53.465+0000] {processor.py:161} INFO - Started process (PID=8399) to work on /home/airflow/.local/lib/python3.12/site-packages/airflow/example_dags/example_display_name.py
[2025-05-30T05:26:53.466+0000] {processor.py:830} INFO - Processing file /home/airflow/.local/lib/python3.12/site-packages/airflow/example_dags/example_display_name.py for tasks to queue
[2025-05-30T05:26:53.469+0000] {logging_mixin.py:188} INFO - [2025-05-30T05:26:53.468+0000] {dagbag.py:545} INFO - Filling up the DagBag from /home/airflow/.local/lib/python3.12/site-packages/airflow/example_dags/example_display_name.py
[2025-05-30T05:26:53.477+0000] {processor.py:840} INFO - DAG(s) 'example_display_name' retrieved from /home/airflow/.local/lib/python3.12/site-packages/airflow/example_dags/example_display_name.py
[2025-05-30T05:26:53.500+0000] {logging_mixin.py:188} INFO - [2025-05-30T05:26:53.499+0000] {dag.py:3096} INFO - Sync 1 DAGs
[2025-05-30T05:26:53.517+0000] {logging_mixin.py:188} INFO - [2025-05-30T05:26:53.517+0000] {dag.py:3954} INFO - Setting next_dagrun for example_display_name to None, run_after=None
[2025-05-30T05:26:53.545+0000] {processor.py:183} INFO - Processing /home/airflow/.local/lib/python3.12/site-packages/airflow/example_dags/example_display_name.py took 0.089 seconds
[2025-05-30T05:27:24.016+0000] {processor.py:161} INFO - Started process (PID=8672) to work on /home/airflow/.local/lib/python3.12/site-packages/airflow/example_dags/example_display_name.py
[2025-05-30T05:27:24.017+0000] {processor.py:830} INFO - Processing file /home/airflow/.local/lib/python3.12/site-packages/airflow/example_dags/example_display_name.py for tasks to queue
[2025-05-30T05:27:24.020+0000] {logging_mixin.py:188} INFO - [2025-05-30T05:27:24.020+0000] {dagbag.py:545} INFO - Filling up the DagBag from /home/airflow/.local/lib/python3.12/site-packages/airflow/example_dags/example_display_name.py
[2025-05-30T05:27:24.029+0000] {processor.py:840} INFO - DAG(s) 'example_display_name' retrieved from /home/airflow/.local/lib/python3.12/site-packages/airflow/example_dags/example_display_name.py
[2025-05-30T05:27:24.053+0000] {logging_mixin.py:188} INFO - [2025-05-30T05:27:24.052+0000] {dag.py:3096} INFO - Sync 1 DAGs
[2025-05-30T05:27:24.069+0000] {logging_mixin.py:188} INFO - [2025-05-30T05:27:24.069+0000] {dag.py:3954} INFO - Setting next_dagrun for example_display_name to None, run_after=None
[2025-05-30T05:27:24.091+0000] {processor.py:183} INFO - Processing /home/airflow/.local/lib/python3.12/site-packages/airflow/example_dags/example_display_name.py took 0.083 seconds
[2025-05-30T05:27:54.852+0000] {processor.py:161} INFO - Started process (PID=8944) to work on /home/airflow/.local/lib/python3.12/site-packages/airflow/example_dags/example_display_name.py
[2025-05-30T05:27:54.855+0000] {processor.py:830} INFO - Processing file /home/airflow/.local/lib/python3.12/site-packages/airflow/example_dags/example_display_name.py for tasks to queue
[2025-05-30T05:27:54.863+0000] {logging_mixin.py:188} INFO - [2025-05-30T05:27:54.861+0000] {dagbag.py:545} INFO - Filling up the DagBag from /home/airflow/.local/lib/python3.12/site-packages/airflow/example_dags/example_display_name.py
[2025-05-30T05:27:54.880+0000] {processor.py:840} INFO - DAG(s) 'example_display_name' retrieved from /home/airflow/.local/lib/python3.12/site-packages/airflow/example_dags/example_display_name.py
[2025-05-30T05:27:54.909+0000] {logging_mixin.py:188} INFO - [2025-05-30T05:27:54.909+0000] {dag.py:3096} INFO - Sync 1 DAGs
[2025-05-30T05:27:54.937+0000] {logging_mixin.py:188} INFO - [2025-05-30T05:27:54.936+0000] {dag.py:3954} INFO - Setting next_dagrun for example_display_name to None, run_after=None
[2025-05-30T05:27:54.983+0000] {processor.py:183} INFO - Processing /home/airflow/.local/lib/python3.12/site-packages/airflow/example_dags/example_display_name.py took 0.144 seconds
[2025-05-30T05:28:25.959+0000] {processor.py:161} INFO - Started process (PID=9217) to work on /home/airflow/.local/lib/python3.12/site-packages/airflow/example_dags/example_display_name.py
[2025-05-30T05:28:25.960+0000] {processor.py:830} INFO - Processing file /home/airflow/.local/lib/python3.12/site-packages/airflow/example_dags/example_display_name.py for tasks to queue
[2025-05-30T05:28:25.962+0000] {logging_mixin.py:188} INFO - [2025-05-30T05:28:25.962+0000] {dagbag.py:545} INFO - Filling up the DagBag from /home/airflow/.local/lib/python3.12/site-packages/airflow/example_dags/example_display_name.py
[2025-05-30T05:28:25.967+0000] {processor.py:840} INFO - DAG(s) 'example_display_name' retrieved from /home/airflow/.local/lib/python3.12/site-packages/airflow/example_dags/example_display_name.py
[2025-05-30T05:28:25.987+0000] {logging_mixin.py:188} INFO - [2025-05-30T05:28:25.987+0000] {dag.py:3096} INFO - Sync 1 DAGs
[2025-05-30T05:28:26.001+0000] {logging_mixin.py:188} INFO - [2025-05-30T05:28:26.001+0000] {dag.py:3954} INFO - Setting next_dagrun for example_display_name to None, run_after=None
[2025-05-30T05:28:26.022+0000] {processor.py:183} INFO - Processing /home/airflow/.local/lib/python3.12/site-packages/airflow/example_dags/example_display_name.py took 0.068 seconds
[2025-05-30T05:28:56.307+0000] {processor.py:161} INFO - Started process (PID=9491) to work on /home/airflow/.local/lib/python3.12/site-packages/airflow/example_dags/example_display_name.py
[2025-05-30T05:28:56.308+0000] {processor.py:830} INFO - Processing file /home/airflow/.local/lib/python3.12/site-packages/airflow/example_dags/example_display_name.py for tasks to queue
[2025-05-30T05:28:56.311+0000] {logging_mixin.py:188} INFO - [2025-05-30T05:28:56.310+0000] {dagbag.py:545} INFO - Filling up the DagBag from /home/airflow/.local/lib/python3.12/site-packages/airflow/example_dags/example_display_name.py
[2025-05-30T05:28:56.318+0000] {processor.py:840} INFO - DAG(s) 'example_display_name' retrieved from /home/airflow/.local/lib/python3.12/site-packages/airflow/example_dags/example_display_name.py
[2025-05-30T05:28:56.342+0000] {logging_mixin.py:188} INFO - [2025-05-30T05:28:56.341+0000] {dag.py:3096} INFO - Sync 1 DAGs
[2025-05-30T05:28:56.357+0000] {logging_mixin.py:188} INFO - [2025-05-30T05:28:56.357+0000] {dag.py:3954} INFO - Setting next_dagrun for example_display_name to None, run_after=None
[2025-05-30T05:28:56.377+0000] {processor.py:183} INFO - Processing /home/airflow/.local/lib/python3.12/site-packages/airflow/example_dags/example_display_name.py took 0.077 seconds
[2025-05-30T05:29:26.796+0000] {processor.py:161} INFO - Started process (PID=9764) to work on /home/airflow/.local/lib/python3.12/site-packages/airflow/example_dags/example_display_name.py
[2025-05-30T05:29:26.797+0000] {processor.py:830} INFO - Processing file /home/airflow/.local/lib/python3.12/site-packages/airflow/example_dags/example_display_name.py for tasks to queue
[2025-05-30T05:29:26.799+0000] {logging_mixin.py:188} INFO - [2025-05-30T05:29:26.798+0000] {dagbag.py:545} INFO - Filling up the DagBag from /home/airflow/.local/lib/python3.12/site-packages/airflow/example_dags/example_display_name.py
[2025-05-30T05:29:26.803+0000] {processor.py:840} INFO - DAG(s) 'example_display_name' retrieved from /home/airflow/.local/lib/python3.12/site-packages/airflow/example_dags/example_display_name.py
[2025-05-30T05:29:26.822+0000] {logging_mixin.py:188} INFO - [2025-05-30T05:29:26.821+0000] {dag.py:3096} INFO - Sync 1 DAGs
[2025-05-30T05:29:26.836+0000] {logging_mixin.py:188} INFO - [2025-05-30T05:29:26.836+0000] {dag.py:3954} INFO - Setting next_dagrun for example_display_name to None, run_after=None
[2025-05-30T05:29:26.856+0000] {processor.py:183} INFO - Processing /home/airflow/.local/lib/python3.12/site-packages/airflow/example_dags/example_display_name.py took 0.065 seconds
[2025-05-30T05:29:57.147+0000] {processor.py:161} INFO - Started process (PID=10037) to work on /home/airflow/.local/lib/python3.12/site-packages/airflow/example_dags/example_display_name.py
[2025-05-30T05:29:57.148+0000] {processor.py:830} INFO - Processing file /home/airflow/.local/lib/python3.12/site-packages/airflow/example_dags/example_display_name.py for tasks to queue
[2025-05-30T05:29:57.151+0000] {logging_mixin.py:188} INFO - [2025-05-30T05:29:57.150+0000] {dagbag.py:545} INFO - Filling up the DagBag from /home/airflow/.local/lib/python3.12/site-packages/airflow/example_dags/example_display_name.py
[2025-05-30T05:29:57.157+0000] {processor.py:840} INFO - DAG(s) 'example_display_name' retrieved from /home/airflow/.local/lib/python3.12/site-packages/airflow/example_dags/example_display_name.py
[2025-05-30T05:29:57.178+0000] {logging_mixin.py:188} INFO - [2025-05-30T05:29:57.178+0000] {dag.py:3096} INFO - Sync 1 DAGs
[2025-05-30T05:29:57.191+0000] {logging_mixin.py:188} INFO - [2025-05-30T05:29:57.191+0000] {dag.py:3954} INFO - Setting next_dagrun for example_display_name to None, run_after=None
[2025-05-30T05:29:57.213+0000] {processor.py:183} INFO - Processing /home/airflow/.local/lib/python3.12/site-packages/airflow/example_dags/example_display_name.py took 0.073 seconds
[2025-05-30T05:30:27.315+0000] {processor.py:161} INFO - Started process (PID=10309) to work on /home/airflow/.local/lib/python3.12/site-packages/airflow/example_dags/example_display_name.py
[2025-05-30T05:30:27.315+0000] {processor.py:830} INFO - Processing file /home/airflow/.local/lib/python3.12/site-packages/airflow/example_dags/example_display_name.py for tasks to queue
[2025-05-30T05:30:27.317+0000] {logging_mixin.py:188} INFO - [2025-05-30T05:30:27.317+0000] {dagbag.py:545} INFO - Filling up the DagBag from /home/airflow/.local/lib/python3.12/site-packages/airflow/example_dags/example_display_name.py
[2025-05-30T05:30:27.322+0000] {processor.py:840} INFO - DAG(s) 'example_display_name' retrieved from /home/airflow/.local/lib/python3.12/site-packages/airflow/example_dags/example_display_name.py
[2025-05-30T05:30:27.338+0000] {logging_mixin.py:188} INFO - [2025-05-30T05:30:27.338+0000] {dag.py:3096} INFO - Sync 1 DAGs
[2025-05-30T05:30:27.350+0000] {logging_mixin.py:188} INFO - [2025-05-30T05:30:27.350+0000] {dag.py:3954} INFO - Setting next_dagrun for example_display_name to None, run_after=None
[2025-05-30T05:30:27.378+0000] {processor.py:183} INFO - Processing /home/airflow/.local/lib/python3.12/site-packages/airflow/example_dags/example_display_name.py took 0.068 seconds
[2025-05-30T05:30:57.463+0000] {processor.py:161} INFO - Started process (PID=10582) to work on /home/airflow/.local/lib/python3.12/site-packages/airflow/example_dags/example_display_name.py
[2025-05-30T05:30:57.464+0000] {processor.py:830} INFO - Processing file /home/airflow/.local/lib/python3.12/site-packages/airflow/example_dags/example_display_name.py for tasks to queue
[2025-05-30T05:30:57.466+0000] {logging_mixin.py:188} INFO - [2025-05-30T05:30:57.465+0000] {dagbag.py:545} INFO - Filling up the DagBag from /home/airflow/.local/lib/python3.12/site-packages/airflow/example_dags/example_display_name.py
[2025-05-30T05:30:57.471+0000] {processor.py:840} INFO - DAG(s) 'example_display_name' retrieved from /home/airflow/.local/lib/python3.12/site-packages/airflow/example_dags/example_display_name.py
[2025-05-30T05:30:57.486+0000] {logging_mixin.py:188} INFO - [2025-05-30T05:30:57.486+0000] {dag.py:3096} INFO - Sync 1 DAGs
[2025-05-30T05:30:57.498+0000] {logging_mixin.py:188} INFO - [2025-05-30T05:30:57.498+0000] {dag.py:3954} INFO - Setting next_dagrun for example_display_name to None, run_after=None
[2025-05-30T05:30:57.526+0000] {processor.py:183} INFO - Processing /home/airflow/.local/lib/python3.12/site-packages/airflow/example_dags/example_display_name.py took 0.069 seconds
[2025-05-30T05:31:27.844+0000] {processor.py:161} INFO - Started process (PID=10855) to work on /home/airflow/.local/lib/python3.12/site-packages/airflow/example_dags/example_display_name.py
[2025-05-30T05:31:27.845+0000] {processor.py:830} INFO - Processing file /home/airflow/.local/lib/python3.12/site-packages/airflow/example_dags/example_display_name.py for tasks to queue
[2025-05-30T05:31:27.847+0000] {logging_mixin.py:188} INFO - [2025-05-30T05:31:27.847+0000] {dagbag.py:545} INFO - Filling up the DagBag from /home/airflow/.local/lib/python3.12/site-packages/airflow/example_dags/example_display_name.py
[2025-05-30T05:31:27.853+0000] {processor.py:840} INFO - DAG(s) 'example_display_name' retrieved from /home/airflow/.local/lib/python3.12/site-packages/airflow/example_dags/example_display_name.py
[2025-05-30T05:31:27.875+0000] {logging_mixin.py:188} INFO - [2025-05-30T05:31:27.874+0000] {dag.py:3096} INFO - Sync 1 DAGs
[2025-05-30T05:31:27.891+0000] {logging_mixin.py:188} INFO - [2025-05-30T05:31:27.890+0000] {dag.py:3954} INFO - Setting next_dagrun for example_display_name to None, run_after=None
[2025-05-30T05:31:27.924+0000] {processor.py:183} INFO - Processing /home/airflow/.local/lib/python3.12/site-packages/airflow/example_dags/example_display_name.py took 0.087 seconds
[2025-05-30T05:31:58.080+0000] {processor.py:161} INFO - Started process (PID=11128) to work on /home/airflow/.local/lib/python3.12/site-packages/airflow/example_dags/example_display_name.py
[2025-05-30T05:31:58.082+0000] {processor.py:830} INFO - Processing file /home/airflow/.local/lib/python3.12/site-packages/airflow/example_dags/example_display_name.py for tasks to queue
[2025-05-30T05:31:58.085+0000] {logging_mixin.py:188} INFO - [2025-05-30T05:31:58.084+0000] {dagbag.py:545} INFO - Filling up the DagBag from /home/airflow/.local/lib/python3.12/site-packages/airflow/example_dags/example_display_name.py
[2025-05-30T05:31:58.094+0000] {processor.py:840} INFO - DAG(s) 'example_display_name' retrieved from /home/airflow/.local/lib/python3.12/site-packages/airflow/example_dags/example_display_name.py
[2025-05-30T05:31:58.116+0000] {logging_mixin.py:188} INFO - [2025-05-30T05:31:58.116+0000] {dag.py:3096} INFO - Sync 1 DAGs
[2025-05-30T05:31:58.132+0000] {logging_mixin.py:188} INFO - [2025-05-30T05:31:58.131+0000] {dag.py:3954} INFO - Setting next_dagrun for example_display_name to None, run_after=None
[2025-05-30T05:31:58.165+0000] {processor.py:183} INFO - Processing /home/airflow/.local/lib/python3.12/site-packages/airflow/example_dags/example_display_name.py took 0.090 seconds
[2025-05-30T05:32:28.402+0000] {processor.py:161} INFO - Started process (PID=11401) to work on /home/airflow/.local/lib/python3.12/site-packages/airflow/example_dags/example_display_name.py
[2025-05-30T05:32:28.403+0000] {processor.py:830} INFO - Processing file /home/airflow/.local/lib/python3.12/site-packages/airflow/example_dags/example_display_name.py for tasks to queue
[2025-05-30T05:32:28.405+0000] {logging_mixin.py:188} INFO - [2025-05-30T05:32:28.404+0000] {dagbag.py:545} INFO - Filling up the DagBag from /home/airflow/.local/lib/python3.12/site-packages/airflow/example_dags/example_display_name.py
[2025-05-30T05:32:28.409+0000] {processor.py:840} INFO - DAG(s) 'example_display_name' retrieved from /home/airflow/.local/lib/python3.12/site-packages/airflow/example_dags/example_display_name.py
[2025-05-30T05:32:28.424+0000] {logging_mixin.py:188} INFO - [2025-05-30T05:32:28.424+0000] {dag.py:3096} INFO - Sync 1 DAGs
[2025-05-30T05:32:28.436+0000] {logging_mixin.py:188} INFO - [2025-05-30T05:32:28.435+0000] {dag.py:3954} INFO - Setting next_dagrun for example_display_name to None, run_after=None
[2025-05-30T05:32:28.461+0000] {processor.py:183} INFO - Processing /home/airflow/.local/lib/python3.12/site-packages/airflow/example_dags/example_display_name.py took 0.064 seconds
[2025-05-30T05:40:01.001+0000] {processor.py:161} INFO - Started process (PID=204) to work on /home/airflow/.local/lib/python3.12/site-packages/airflow/example_dags/example_display_name.py
[2025-05-30T05:40:01.003+0000] {processor.py:830} INFO - Processing file /home/airflow/.local/lib/python3.12/site-packages/airflow/example_dags/example_display_name.py for tasks to queue
[2025-05-30T05:40:01.005+0000] {logging_mixin.py:188} INFO - [2025-05-30T05:40:01.004+0000] {dagbag.py:545} INFO - Filling up the DagBag from /home/airflow/.local/lib/python3.12/site-packages/airflow/example_dags/example_display_name.py
[2025-05-30T05:40:01.013+0000] {processor.py:840} INFO - DAG(s) 'example_display_name' retrieved from /home/airflow/.local/lib/python3.12/site-packages/airflow/example_dags/example_display_name.py
[2025-05-30T05:40:01.025+0000] {logging_mixin.py:188} INFO - [2025-05-30T05:40:01.024+0000] {dag.py:3096} INFO - Sync 1 DAGs
[2025-05-30T05:40:01.044+0000] {logging_mixin.py:188} INFO - [2025-05-30T05:40:01.043+0000] {dag.py:3954} INFO - Setting next_dagrun for example_display_name to None, run_after=None
[2025-05-30T05:40:01.070+0000] {processor.py:183} INFO - Processing /home/airflow/.local/lib/python3.12/site-packages/airflow/example_dags/example_display_name.py took 0.075 seconds
[2025-05-30T05:40:32.278+0000] {processor.py:161} INFO - Started process (PID=479) to work on /home/airflow/.local/lib/python3.12/site-packages/airflow/example_dags/example_display_name.py
[2025-05-30T05:40:32.278+0000] {processor.py:830} INFO - Processing file /home/airflow/.local/lib/python3.12/site-packages/airflow/example_dags/example_display_name.py for tasks to queue
[2025-05-30T05:40:32.280+0000] {logging_mixin.py:188} INFO - [2025-05-30T05:40:32.280+0000] {dagbag.py:545} INFO - Filling up the DagBag from /home/airflow/.local/lib/python3.12/site-packages/airflow/example_dags/example_display_name.py
[2025-05-30T05:40:32.286+0000] {processor.py:840} INFO - DAG(s) 'example_display_name' retrieved from /home/airflow/.local/lib/python3.12/site-packages/airflow/example_dags/example_display_name.py
[2025-05-30T05:40:32.386+0000] {logging_mixin.py:188} INFO - [2025-05-30T05:40:32.386+0000] {dag.py:3096} INFO - Sync 1 DAGs
[2025-05-30T05:40:32.396+0000] {logging_mixin.py:188} INFO - [2025-05-30T05:40:32.395+0000] {dag.py:3954} INFO - Setting next_dagrun for example_display_name to None, run_after=None
[2025-05-30T05:40:32.411+0000] {processor.py:183} INFO - Processing /home/airflow/.local/lib/python3.12/site-packages/airflow/example_dags/example_display_name.py took 0.138 seconds
[2025-05-30T05:41:02.705+0000] {processor.py:161} INFO - Started process (PID=750) to work on /home/airflow/.local/lib/python3.12/site-packages/airflow/example_dags/example_display_name.py
[2025-05-30T05:41:02.706+0000] {processor.py:830} INFO - Processing file /home/airflow/.local/lib/python3.12/site-packages/airflow/example_dags/example_display_name.py for tasks to queue
[2025-05-30T05:41:02.708+0000] {logging_mixin.py:188} INFO - [2025-05-30T05:41:02.708+0000] {dagbag.py:545} INFO - Filling up the DagBag from /home/airflow/.local/lib/python3.12/site-packages/airflow/example_dags/example_display_name.py
[2025-05-30T05:41:02.714+0000] {processor.py:840} INFO - DAG(s) 'example_display_name' retrieved from /home/airflow/.local/lib/python3.12/site-packages/airflow/example_dags/example_display_name.py
[2025-05-30T05:41:02.731+0000] {logging_mixin.py:188} INFO - [2025-05-30T05:41:02.731+0000] {dag.py:3096} INFO - Sync 1 DAGs
[2025-05-30T05:41:02.744+0000] {logging_mixin.py:188} INFO - [2025-05-30T05:41:02.743+0000] {dag.py:3954} INFO - Setting next_dagrun for example_display_name to None, run_after=None
[2025-05-30T05:41:02.762+0000] {processor.py:183} INFO - Processing /home/airflow/.local/lib/python3.12/site-packages/airflow/example_dags/example_display_name.py took 0.061 seconds
