[2025-05-30T04:40:34.626+0000] {processor.py:161} INFO - Started process (PID=208) to work on /home/airflow/.local/lib/python3.12/site-packages/airflow/example_dags/example_local_kubernetes_executor.py
[2025-05-30T04:40:34.628+0000] {processor.py:830} INFO - Processing file /home/airflow/.local/lib/python3.12/site-packages/airflow/example_dags/example_local_kubernetes_executor.py for tasks to queue
[2025-05-30T04:40:34.629+0000] {logging_mixin.py:188} INFO - [2025-05-30T04:40:34.629+0000] {dagbag.py:545} INFO - Filling up the DagBag from /home/airflow/.local/lib/python3.12/site-packages/airflow/example_dags/example_local_kubernetes_executor.py
[2025-05-30T04:40:34.638+0000] {processor.py:840} INFO - DAG(s) 'example_local_kubernetes_executor' retrieved from /home/airflow/.local/lib/python3.12/site-packages/airflow/example_dags/example_local_kubernetes_executor.py
[2025-05-30T04:40:34.683+0000] {logging_mixin.py:188} INFO - [2025-05-30T04:40:34.682+0000] {dag.py:3096} INFO - Sync 1 DAGs
[2025-05-30T04:40:34.697+0000] {logging_mixin.py:188} INFO - [2025-05-30T04:40:34.697+0000] {dag.py:3954} INFO - Setting next_dagrun for example_local_kubernetes_executor to None, run_after=None
[2025-05-30T04:40:34.718+0000] {processor.py:183} INFO - Processing /home/airflow/.local/lib/python3.12/site-packages/airflow/example_dags/example_local_kubernetes_executor.py took 0.099 seconds
[2025-05-30T04:41:05.973+0000] {processor.py:161} INFO - Started process (PID=481) to work on /home/airflow/.local/lib/python3.12/site-packages/airflow/example_dags/example_local_kubernetes_executor.py
[2025-05-30T04:41:05.974+0000] {processor.py:830} INFO - Processing file /home/airflow/.local/lib/python3.12/site-packages/airflow/example_dags/example_local_kubernetes_executor.py for tasks to queue
[2025-05-30T04:41:05.977+0000] {logging_mixin.py:188} INFO - [2025-05-30T04:41:05.976+0000] {dagbag.py:545} INFO - Filling up the DagBag from /home/airflow/.local/lib/python3.12/site-packages/airflow/example_dags/example_local_kubernetes_executor.py
[2025-05-30T04:41:05.985+0000] {processor.py:840} INFO - DAG(s) 'example_local_kubernetes_executor' retrieved from /home/airflow/.local/lib/python3.12/site-packages/airflow/example_dags/example_local_kubernetes_executor.py
[2025-05-30T04:41:06.056+0000] {logging_mixin.py:188} INFO - [2025-05-30T04:41:06.055+0000] {dag.py:3096} INFO - Sync 1 DAGs
[2025-05-30T04:41:06.074+0000] {logging_mixin.py:188} INFO - [2025-05-30T04:41:06.073+0000] {dag.py:3954} INFO - Setting next_dagrun for example_local_kubernetes_executor to None, run_after=None
[2025-05-30T04:41:06.106+0000] {processor.py:183} INFO - Processing /home/airflow/.local/lib/python3.12/site-packages/airflow/example_dags/example_local_kubernetes_executor.py took 0.139 seconds
[2025-05-30T04:41:36.911+0000] {processor.py:161} INFO - Started process (PID=754) to work on /home/airflow/.local/lib/python3.12/site-packages/airflow/example_dags/example_local_kubernetes_executor.py
[2025-05-30T04:41:36.912+0000] {processor.py:830} INFO - Processing file /home/airflow/.local/lib/python3.12/site-packages/airflow/example_dags/example_local_kubernetes_executor.py for tasks to queue
[2025-05-30T04:41:36.914+0000] {logging_mixin.py:188} INFO - [2025-05-30T04:41:36.913+0000] {dagbag.py:545} INFO - Filling up the DagBag from /home/airflow/.local/lib/python3.12/site-packages/airflow/example_dags/example_local_kubernetes_executor.py
[2025-05-30T04:41:36.920+0000] {processor.py:840} INFO - DAG(s) 'example_local_kubernetes_executor' retrieved from /home/airflow/.local/lib/python3.12/site-packages/airflow/example_dags/example_local_kubernetes_executor.py
[2025-05-30T04:41:36.947+0000] {logging_mixin.py:188} INFO - [2025-05-30T04:41:36.947+0000] {dag.py:3096} INFO - Sync 1 DAGs
[2025-05-30T04:41:36.958+0000] {logging_mixin.py:188} INFO - [2025-05-30T04:41:36.958+0000] {dag.py:3954} INFO - Setting next_dagrun for example_local_kubernetes_executor to None, run_after=None
[2025-05-30T04:41:36.974+0000] {processor.py:183} INFO - Processing /home/airflow/.local/lib/python3.12/site-packages/airflow/example_dags/example_local_kubernetes_executor.py took 0.067 seconds
[2025-05-30T04:42:07.049+0000] {processor.py:161} INFO - Started process (PID=1022) to work on /home/airflow/.local/lib/python3.12/site-packages/airflow/example_dags/example_local_kubernetes_executor.py
[2025-05-30T04:42:07.049+0000] {processor.py:830} INFO - Processing file /home/airflow/.local/lib/python3.12/site-packages/airflow/example_dags/example_local_kubernetes_executor.py for tasks to queue
[2025-05-30T04:42:07.052+0000] {logging_mixin.py:188} INFO - [2025-05-30T04:42:07.051+0000] {dagbag.py:545} INFO - Filling up the DagBag from /home/airflow/.local/lib/python3.12/site-packages/airflow/example_dags/example_local_kubernetes_executor.py
[2025-05-30T04:42:07.062+0000] {processor.py:840} INFO - DAG(s) 'example_local_kubernetes_executor' retrieved from /home/airflow/.local/lib/python3.12/site-packages/airflow/example_dags/example_local_kubernetes_executor.py
[2025-05-30T04:42:07.118+0000] {logging_mixin.py:188} INFO - [2025-05-30T04:42:07.118+0000] {dag.py:3096} INFO - Sync 1 DAGs
[2025-05-30T04:42:07.136+0000] {logging_mixin.py:188} INFO - [2025-05-30T04:42:07.135+0000] {dag.py:3954} INFO - Setting next_dagrun for example_local_kubernetes_executor to None, run_after=None
[2025-05-30T04:42:07.167+0000] {processor.py:183} INFO - Processing /home/airflow/.local/lib/python3.12/site-packages/airflow/example_dags/example_local_kubernetes_executor.py took 0.127 seconds
[2025-05-30T04:42:37.698+0000] {processor.py:161} INFO - Started process (PID=1293) to work on /home/airflow/.local/lib/python3.12/site-packages/airflow/example_dags/example_local_kubernetes_executor.py
[2025-05-30T04:42:37.699+0000] {processor.py:830} INFO - Processing file /home/airflow/.local/lib/python3.12/site-packages/airflow/example_dags/example_local_kubernetes_executor.py for tasks to queue
[2025-05-30T04:42:37.701+0000] {logging_mixin.py:188} INFO - [2025-05-30T04:42:37.700+0000] {dagbag.py:545} INFO - Filling up the DagBag from /home/airflow/.local/lib/python3.12/site-packages/airflow/example_dags/example_local_kubernetes_executor.py
[2025-05-30T04:42:37.708+0000] {processor.py:840} INFO - DAG(s) 'example_local_kubernetes_executor' retrieved from /home/airflow/.local/lib/python3.12/site-packages/airflow/example_dags/example_local_kubernetes_executor.py
[2025-05-30T04:42:37.748+0000] {logging_mixin.py:188} INFO - [2025-05-30T04:42:37.748+0000] {dag.py:3096} INFO - Sync 1 DAGs
[2025-05-30T04:42:37.766+0000] {logging_mixin.py:188} INFO - [2025-05-30T04:42:37.765+0000] {dag.py:3954} INFO - Setting next_dagrun for example_local_kubernetes_executor to None, run_after=None
[2025-05-30T04:42:37.790+0000] {processor.py:183} INFO - Processing /home/airflow/.local/lib/python3.12/site-packages/airflow/example_dags/example_local_kubernetes_executor.py took 0.098 seconds
[2025-05-30T04:43:07.996+0000] {processor.py:161} INFO - Started process (PID=1566) to work on /home/airflow/.local/lib/python3.12/site-packages/airflow/example_dags/example_local_kubernetes_executor.py
[2025-05-30T04:43:07.998+0000] {processor.py:830} INFO - Processing file /home/airflow/.local/lib/python3.12/site-packages/airflow/example_dags/example_local_kubernetes_executor.py for tasks to queue
[2025-05-30T04:43:08.000+0000] {logging_mixin.py:188} INFO - [2025-05-30T04:43:07.999+0000] {dagbag.py:545} INFO - Filling up the DagBag from /home/airflow/.local/lib/python3.12/site-packages/airflow/example_dags/example_local_kubernetes_executor.py
[2025-05-30T04:43:08.007+0000] {processor.py:840} INFO - DAG(s) 'example_local_kubernetes_executor' retrieved from /home/airflow/.local/lib/python3.12/site-packages/airflow/example_dags/example_local_kubernetes_executor.py
[2025-05-30T04:43:08.048+0000] {logging_mixin.py:188} INFO - [2025-05-30T04:43:08.048+0000] {dag.py:3096} INFO - Sync 1 DAGs
[2025-05-30T04:43:08.063+0000] {logging_mixin.py:188} INFO - [2025-05-30T04:43:08.062+0000] {dag.py:3954} INFO - Setting next_dagrun for example_local_kubernetes_executor to None, run_after=None
[2025-05-30T04:43:08.085+0000] {processor.py:183} INFO - Processing /home/airflow/.local/lib/python3.12/site-packages/airflow/example_dags/example_local_kubernetes_executor.py took 0.094 seconds
[2025-05-30T04:43:38.331+0000] {processor.py:161} INFO - Started process (PID=1840) to work on /home/airflow/.local/lib/python3.12/site-packages/airflow/example_dags/example_local_kubernetes_executor.py
[2025-05-30T04:43:38.332+0000] {processor.py:830} INFO - Processing file /home/airflow/.local/lib/python3.12/site-packages/airflow/example_dags/example_local_kubernetes_executor.py for tasks to queue
[2025-05-30T04:43:38.334+0000] {logging_mixin.py:188} INFO - [2025-05-30T04:43:38.333+0000] {dagbag.py:545} INFO - Filling up the DagBag from /home/airflow/.local/lib/python3.12/site-packages/airflow/example_dags/example_local_kubernetes_executor.py
[2025-05-30T04:43:38.340+0000] {processor.py:840} INFO - DAG(s) 'example_local_kubernetes_executor' retrieved from /home/airflow/.local/lib/python3.12/site-packages/airflow/example_dags/example_local_kubernetes_executor.py
[2025-05-30T04:43:38.369+0000] {logging_mixin.py:188} INFO - [2025-05-30T04:43:38.369+0000] {dag.py:3096} INFO - Sync 1 DAGs
[2025-05-30T04:43:38.381+0000] {logging_mixin.py:188} INFO - [2025-05-30T04:43:38.381+0000] {dag.py:3954} INFO - Setting next_dagrun for example_local_kubernetes_executor to None, run_after=None
[2025-05-30T04:43:38.404+0000] {processor.py:183} INFO - Processing /home/airflow/.local/lib/python3.12/site-packages/airflow/example_dags/example_local_kubernetes_executor.py took 0.078 seconds
[2025-05-30T04:44:08.989+0000] {processor.py:161} INFO - Started process (PID=2113) to work on /home/airflow/.local/lib/python3.12/site-packages/airflow/example_dags/example_local_kubernetes_executor.py
[2025-05-30T04:44:08.990+0000] {processor.py:830} INFO - Processing file /home/airflow/.local/lib/python3.12/site-packages/airflow/example_dags/example_local_kubernetes_executor.py for tasks to queue
[2025-05-30T04:44:08.993+0000] {logging_mixin.py:188} INFO - [2025-05-30T04:44:08.993+0000] {dagbag.py:545} INFO - Filling up the DagBag from /home/airflow/.local/lib/python3.12/site-packages/airflow/example_dags/example_local_kubernetes_executor.py
[2025-05-30T04:44:09.001+0000] {processor.py:840} INFO - DAG(s) 'example_local_kubernetes_executor' retrieved from /home/airflow/.local/lib/python3.12/site-packages/airflow/example_dags/example_local_kubernetes_executor.py
[2025-05-30T04:44:09.043+0000] {logging_mixin.py:188} INFO - [2025-05-30T04:44:09.043+0000] {dag.py:3096} INFO - Sync 1 DAGs
[2025-05-30T04:44:09.063+0000] {logging_mixin.py:188} INFO - [2025-05-30T04:44:09.062+0000] {dag.py:3954} INFO - Setting next_dagrun for example_local_kubernetes_executor to None, run_after=None
[2025-05-30T04:44:09.082+0000] {processor.py:183} INFO - Processing /home/airflow/.local/lib/python3.12/site-packages/airflow/example_dags/example_local_kubernetes_executor.py took 0.099 seconds
[2025-05-30T04:44:39.186+0000] {processor.py:161} INFO - Started process (PID=2386) to work on /home/airflow/.local/lib/python3.12/site-packages/airflow/example_dags/example_local_kubernetes_executor.py
[2025-05-30T04:44:39.187+0000] {processor.py:830} INFO - Processing file /home/airflow/.local/lib/python3.12/site-packages/airflow/example_dags/example_local_kubernetes_executor.py for tasks to queue
[2025-05-30T04:44:39.189+0000] {logging_mixin.py:188} INFO - [2025-05-30T04:44:39.189+0000] {dagbag.py:545} INFO - Filling up the DagBag from /home/airflow/.local/lib/python3.12/site-packages/airflow/example_dags/example_local_kubernetes_executor.py
[2025-05-30T04:44:39.195+0000] {processor.py:840} INFO - DAG(s) 'example_local_kubernetes_executor' retrieved from /home/airflow/.local/lib/python3.12/site-packages/airflow/example_dags/example_local_kubernetes_executor.py
[2025-05-30T04:44:39.226+0000] {logging_mixin.py:188} INFO - [2025-05-30T04:44:39.226+0000] {dag.py:3096} INFO - Sync 1 DAGs
[2025-05-30T04:44:39.238+0000] {logging_mixin.py:188} INFO - [2025-05-30T04:44:39.238+0000] {dag.py:3954} INFO - Setting next_dagrun for example_local_kubernetes_executor to None, run_after=None
[2025-05-30T04:44:39.256+0000] {processor.py:183} INFO - Processing /home/airflow/.local/lib/python3.12/site-packages/airflow/example_dags/example_local_kubernetes_executor.py took 0.075 seconds
[2025-05-30T04:45:09.865+0000] {processor.py:161} INFO - Started process (PID=2659) to work on /home/airflow/.local/lib/python3.12/site-packages/airflow/example_dags/example_local_kubernetes_executor.py
[2025-05-30T04:45:09.866+0000] {processor.py:830} INFO - Processing file /home/airflow/.local/lib/python3.12/site-packages/airflow/example_dags/example_local_kubernetes_executor.py for tasks to queue
[2025-05-30T04:45:09.868+0000] {logging_mixin.py:188} INFO - [2025-05-30T04:45:09.868+0000] {dagbag.py:545} INFO - Filling up the DagBag from /home/airflow/.local/lib/python3.12/site-packages/airflow/example_dags/example_local_kubernetes_executor.py
[2025-05-30T04:45:09.874+0000] {processor.py:840} INFO - DAG(s) 'example_local_kubernetes_executor' retrieved from /home/airflow/.local/lib/python3.12/site-packages/airflow/example_dags/example_local_kubernetes_executor.py
[2025-05-30T04:45:09.904+0000] {logging_mixin.py:188} INFO - [2025-05-30T04:45:09.904+0000] {dag.py:3096} INFO - Sync 1 DAGs
[2025-05-30T04:45:09.917+0000] {logging_mixin.py:188} INFO - [2025-05-30T04:45:09.917+0000] {dag.py:3954} INFO - Setting next_dagrun for example_local_kubernetes_executor to None, run_after=None
[2025-05-30T04:45:09.934+0000] {processor.py:183} INFO - Processing /home/airflow/.local/lib/python3.12/site-packages/airflow/example_dags/example_local_kubernetes_executor.py took 0.073 seconds
[2025-05-30T04:45:40.949+0000] {processor.py:161} INFO - Started process (PID=2932) to work on /home/airflow/.local/lib/python3.12/site-packages/airflow/example_dags/example_local_kubernetes_executor.py
[2025-05-30T04:45:40.950+0000] {processor.py:830} INFO - Processing file /home/airflow/.local/lib/python3.12/site-packages/airflow/example_dags/example_local_kubernetes_executor.py for tasks to queue
[2025-05-30T04:45:40.952+0000] {logging_mixin.py:188} INFO - [2025-05-30T04:45:40.951+0000] {dagbag.py:545} INFO - Filling up the DagBag from /home/airflow/.local/lib/python3.12/site-packages/airflow/example_dags/example_local_kubernetes_executor.py
[2025-05-30T04:45:40.958+0000] {processor.py:840} INFO - DAG(s) 'example_local_kubernetes_executor' retrieved from /home/airflow/.local/lib/python3.12/site-packages/airflow/example_dags/example_local_kubernetes_executor.py
[2025-05-30T04:45:40.986+0000] {logging_mixin.py:188} INFO - [2025-05-30T04:45:40.985+0000] {dag.py:3096} INFO - Sync 1 DAGs
[2025-05-30T04:45:40.998+0000] {logging_mixin.py:188} INFO - [2025-05-30T04:45:40.997+0000] {dag.py:3954} INFO - Setting next_dagrun for example_local_kubernetes_executor to None, run_after=None
[2025-05-30T04:45:41.012+0000] {processor.py:183} INFO - Processing /home/airflow/.local/lib/python3.12/site-packages/airflow/example_dags/example_local_kubernetes_executor.py took 0.068 seconds
[2025-05-30T04:46:11.772+0000] {processor.py:161} INFO - Started process (PID=3202) to work on /home/airflow/.local/lib/python3.12/site-packages/airflow/example_dags/example_local_kubernetes_executor.py
[2025-05-30T04:46:11.778+0000] {processor.py:830} INFO - Processing file /home/airflow/.local/lib/python3.12/site-packages/airflow/example_dags/example_local_kubernetes_executor.py for tasks to queue
[2025-05-30T04:46:11.783+0000] {logging_mixin.py:188} INFO - [2025-05-30T04:46:11.783+0000] {dagbag.py:545} INFO - Filling up the DagBag from /home/airflow/.local/lib/python3.12/site-packages/airflow/example_dags/example_local_kubernetes_executor.py
[2025-05-30T04:46:11.817+0000] {processor.py:840} INFO - DAG(s) 'example_local_kubernetes_executor' retrieved from /home/airflow/.local/lib/python3.12/site-packages/airflow/example_dags/example_local_kubernetes_executor.py
[2025-05-30T04:46:11.985+0000] {logging_mixin.py:188} INFO - [2025-05-30T04:46:11.981+0000] {dag.py:3096} INFO - Sync 1 DAGs
[2025-05-30T04:46:12.047+0000] {logging_mixin.py:188} INFO - [2025-05-30T04:46:12.047+0000] {dag.py:3954} INFO - Setting next_dagrun for example_local_kubernetes_executor to None, run_after=None
[2025-05-30T04:46:12.108+0000] {processor.py:183} INFO - Processing /home/airflow/.local/lib/python3.12/site-packages/airflow/example_dags/example_local_kubernetes_executor.py took 0.385 seconds
[2025-05-30T04:46:42.210+0000] {processor.py:161} INFO - Started process (PID=3480) to work on /home/airflow/.local/lib/python3.12/site-packages/airflow/example_dags/example_local_kubernetes_executor.py
[2025-05-30T04:46:42.211+0000] {processor.py:830} INFO - Processing file /home/airflow/.local/lib/python3.12/site-packages/airflow/example_dags/example_local_kubernetes_executor.py for tasks to queue
[2025-05-30T04:46:42.213+0000] {logging_mixin.py:188} INFO - [2025-05-30T04:46:42.212+0000] {dagbag.py:545} INFO - Filling up the DagBag from /home/airflow/.local/lib/python3.12/site-packages/airflow/example_dags/example_local_kubernetes_executor.py
[2025-05-30T04:46:42.219+0000] {processor.py:840} INFO - DAG(s) 'example_local_kubernetes_executor' retrieved from /home/airflow/.local/lib/python3.12/site-packages/airflow/example_dags/example_local_kubernetes_executor.py
[2025-05-30T04:46:42.228+0000] {logging_mixin.py:188} INFO - [2025-05-30T04:46:42.228+0000] {dag.py:3096} INFO - Sync 1 DAGs
[2025-05-30T04:46:42.240+0000] {logging_mixin.py:188} INFO - [2025-05-30T04:46:42.240+0000] {dag.py:3954} INFO - Setting next_dagrun for example_local_kubernetes_executor to None, run_after=None
[2025-05-30T04:46:42.258+0000] {processor.py:183} INFO - Processing /home/airflow/.local/lib/python3.12/site-packages/airflow/example_dags/example_local_kubernetes_executor.py took 0.052 seconds
[2025-05-30T04:47:12.681+0000] {processor.py:161} INFO - Started process (PID=3747) to work on /home/airflow/.local/lib/python3.12/site-packages/airflow/example_dags/example_local_kubernetes_executor.py
[2025-05-30T04:47:12.682+0000] {processor.py:830} INFO - Processing file /home/airflow/.local/lib/python3.12/site-packages/airflow/example_dags/example_local_kubernetes_executor.py for tasks to queue
[2025-05-30T04:47:12.684+0000] {logging_mixin.py:188} INFO - [2025-05-30T04:47:12.683+0000] {dagbag.py:545} INFO - Filling up the DagBag from /home/airflow/.local/lib/python3.12/site-packages/airflow/example_dags/example_local_kubernetes_executor.py
[2025-05-30T04:47:12.692+0000] {processor.py:840} INFO - DAG(s) 'example_local_kubernetes_executor' retrieved from /home/airflow/.local/lib/python3.12/site-packages/airflow/example_dags/example_local_kubernetes_executor.py
[2025-05-30T04:47:12.843+0000] {logging_mixin.py:188} INFO - [2025-05-30T04:47:12.843+0000] {dag.py:3096} INFO - Sync 1 DAGs
[2025-05-30T04:47:12.855+0000] {logging_mixin.py:188} INFO - [2025-05-30T04:47:12.855+0000] {dag.py:3954} INFO - Setting next_dagrun for example_local_kubernetes_executor to None, run_after=None
[2025-05-30T04:47:12.893+0000] {processor.py:183} INFO - Processing /home/airflow/.local/lib/python3.12/site-packages/airflow/example_dags/example_local_kubernetes_executor.py took 0.217 seconds
[2025-05-30T04:47:43.700+0000] {processor.py:161} INFO - Started process (PID=4020) to work on /home/airflow/.local/lib/python3.12/site-packages/airflow/example_dags/example_local_kubernetes_executor.py
[2025-05-30T04:47:43.701+0000] {processor.py:830} INFO - Processing file /home/airflow/.local/lib/python3.12/site-packages/airflow/example_dags/example_local_kubernetes_executor.py for tasks to queue
[2025-05-30T04:47:43.703+0000] {logging_mixin.py:188} INFO - [2025-05-30T04:47:43.702+0000] {dagbag.py:545} INFO - Filling up the DagBag from /home/airflow/.local/lib/python3.12/site-packages/airflow/example_dags/example_local_kubernetes_executor.py
[2025-05-30T04:47:43.709+0000] {processor.py:840} INFO - DAG(s) 'example_local_kubernetes_executor' retrieved from /home/airflow/.local/lib/python3.12/site-packages/airflow/example_dags/example_local_kubernetes_executor.py
[2025-05-30T04:47:43.744+0000] {logging_mixin.py:188} INFO - [2025-05-30T04:47:43.743+0000] {dag.py:3096} INFO - Sync 1 DAGs
[2025-05-30T04:47:43.758+0000] {logging_mixin.py:188} INFO - [2025-05-30T04:47:43.758+0000] {dag.py:3954} INFO - Setting next_dagrun for example_local_kubernetes_executor to None, run_after=None
[2025-05-30T04:47:43.784+0000] {processor.py:183} INFO - Processing /home/airflow/.local/lib/python3.12/site-packages/airflow/example_dags/example_local_kubernetes_executor.py took 0.089 seconds
[2025-05-30T04:48:14.183+0000] {processor.py:161} INFO - Started process (PID=4295) to work on /home/airflow/.local/lib/python3.12/site-packages/airflow/example_dags/example_local_kubernetes_executor.py
[2025-05-30T04:48:14.184+0000] {processor.py:830} INFO - Processing file /home/airflow/.local/lib/python3.12/site-packages/airflow/example_dags/example_local_kubernetes_executor.py for tasks to queue
[2025-05-30T04:48:14.186+0000] {logging_mixin.py:188} INFO - [2025-05-30T04:48:14.185+0000] {dagbag.py:545} INFO - Filling up the DagBag from /home/airflow/.local/lib/python3.12/site-packages/airflow/example_dags/example_local_kubernetes_executor.py
[2025-05-30T04:48:14.193+0000] {processor.py:840} INFO - DAG(s) 'example_local_kubernetes_executor' retrieved from /home/airflow/.local/lib/python3.12/site-packages/airflow/example_dags/example_local_kubernetes_executor.py
[2025-05-30T04:48:14.246+0000] {logging_mixin.py:188} INFO - [2025-05-30T04:48:14.245+0000] {dag.py:3096} INFO - Sync 1 DAGs
[2025-05-30T04:48:14.260+0000] {logging_mixin.py:188} INFO - [2025-05-30T04:48:14.260+0000] {dag.py:3954} INFO - Setting next_dagrun for example_local_kubernetes_executor to None, run_after=None
[2025-05-30T04:48:14.301+0000] {processor.py:183} INFO - Processing /home/airflow/.local/lib/python3.12/site-packages/airflow/example_dags/example_local_kubernetes_executor.py took 0.124 seconds
[2025-05-30T04:48:45.171+0000] {processor.py:161} INFO - Started process (PID=4566) to work on /home/airflow/.local/lib/python3.12/site-packages/airflow/example_dags/example_local_kubernetes_executor.py
[2025-05-30T04:48:45.172+0000] {processor.py:830} INFO - Processing file /home/airflow/.local/lib/python3.12/site-packages/airflow/example_dags/example_local_kubernetes_executor.py for tasks to queue
[2025-05-30T04:48:45.174+0000] {logging_mixin.py:188} INFO - [2025-05-30T04:48:45.173+0000] {dagbag.py:545} INFO - Filling up the DagBag from /home/airflow/.local/lib/python3.12/site-packages/airflow/example_dags/example_local_kubernetes_executor.py
[2025-05-30T04:48:45.180+0000] {processor.py:840} INFO - DAG(s) 'example_local_kubernetes_executor' retrieved from /home/airflow/.local/lib/python3.12/site-packages/airflow/example_dags/example_local_kubernetes_executor.py
[2025-05-30T04:48:45.224+0000] {logging_mixin.py:188} INFO - [2025-05-30T04:48:45.224+0000] {dag.py:3096} INFO - Sync 1 DAGs
[2025-05-30T04:48:45.238+0000] {logging_mixin.py:188} INFO - [2025-05-30T04:48:45.238+0000] {dag.py:3954} INFO - Setting next_dagrun for example_local_kubernetes_executor to None, run_after=None
[2025-05-30T04:48:45.262+0000] {processor.py:183} INFO - Processing /home/airflow/.local/lib/python3.12/site-packages/airflow/example_dags/example_local_kubernetes_executor.py took 0.096 seconds
[2025-05-30T04:49:16.076+0000] {processor.py:161} INFO - Started process (PID=4839) to work on /home/airflow/.local/lib/python3.12/site-packages/airflow/example_dags/example_local_kubernetes_executor.py
[2025-05-30T04:49:16.076+0000] {processor.py:830} INFO - Processing file /home/airflow/.local/lib/python3.12/site-packages/airflow/example_dags/example_local_kubernetes_executor.py for tasks to queue
[2025-05-30T04:49:16.078+0000] {logging_mixin.py:188} INFO - [2025-05-30T04:49:16.078+0000] {dagbag.py:545} INFO - Filling up the DagBag from /home/airflow/.local/lib/python3.12/site-packages/airflow/example_dags/example_local_kubernetes_executor.py
[2025-05-30T04:49:16.084+0000] {processor.py:840} INFO - DAG(s) 'example_local_kubernetes_executor' retrieved from /home/airflow/.local/lib/python3.12/site-packages/airflow/example_dags/example_local_kubernetes_executor.py
[2025-05-30T04:49:16.115+0000] {logging_mixin.py:188} INFO - [2025-05-30T04:49:16.114+0000] {dag.py:3096} INFO - Sync 1 DAGs
[2025-05-30T04:49:16.127+0000] {logging_mixin.py:188} INFO - [2025-05-30T04:49:16.127+0000] {dag.py:3954} INFO - Setting next_dagrun for example_local_kubernetes_executor to None, run_after=None
[2025-05-30T04:49:16.156+0000] {processor.py:183} INFO - Processing /home/airflow/.local/lib/python3.12/site-packages/airflow/example_dags/example_local_kubernetes_executor.py took 0.086 seconds
[2025-05-30T05:20:44.246+0000] {processor.py:161} INFO - Started process (PID=5135) to work on /home/airflow/.local/lib/python3.12/site-packages/airflow/example_dags/example_local_kubernetes_executor.py
[2025-05-30T05:20:44.247+0000] {processor.py:830} INFO - Processing file /home/airflow/.local/lib/python3.12/site-packages/airflow/example_dags/example_local_kubernetes_executor.py for tasks to queue
[2025-05-30T05:20:44.249+0000] {logging_mixin.py:188} INFO - [2025-05-30T05:20:44.248+0000] {dagbag.py:545} INFO - Filling up the DagBag from /home/airflow/.local/lib/python3.12/site-packages/airflow/example_dags/example_local_kubernetes_executor.py
[2025-05-30T05:20:44.255+0000] {processor.py:840} INFO - DAG(s) 'example_local_kubernetes_executor' retrieved from /home/airflow/.local/lib/python3.12/site-packages/airflow/example_dags/example_local_kubernetes_executor.py
[2025-05-30T05:20:44.285+0000] {logging_mixin.py:188} INFO - [2025-05-30T05:20:44.285+0000] {dag.py:3096} INFO - Sync 1 DAGs
[2025-05-30T05:20:44.297+0000] {logging_mixin.py:188} INFO - [2025-05-30T05:20:44.297+0000] {dag.py:3954} INFO - Setting next_dagrun for example_local_kubernetes_executor to None, run_after=None
[2025-05-30T05:20:44.319+0000] {processor.py:183} INFO - Processing /home/airflow/.local/lib/python3.12/site-packages/airflow/example_dags/example_local_kubernetes_executor.py took 0.078 seconds
[2025-05-30T05:21:15.293+0000] {processor.py:161} INFO - Started process (PID=5410) to work on /home/airflow/.local/lib/python3.12/site-packages/airflow/example_dags/example_local_kubernetes_executor.py
[2025-05-30T05:21:15.294+0000] {processor.py:830} INFO - Processing file /home/airflow/.local/lib/python3.12/site-packages/airflow/example_dags/example_local_kubernetes_executor.py for tasks to queue
[2025-05-30T05:21:15.297+0000] {logging_mixin.py:188} INFO - [2025-05-30T05:21:15.296+0000] {dagbag.py:545} INFO - Filling up the DagBag from /home/airflow/.local/lib/python3.12/site-packages/airflow/example_dags/example_local_kubernetes_executor.py
[2025-05-30T05:21:15.305+0000] {processor.py:840} INFO - DAG(s) 'example_local_kubernetes_executor' retrieved from /home/airflow/.local/lib/python3.12/site-packages/airflow/example_dags/example_local_kubernetes_executor.py
[2025-05-30T05:21:15.344+0000] {logging_mixin.py:188} INFO - [2025-05-30T05:21:15.343+0000] {dag.py:3096} INFO - Sync 1 DAGs
[2025-05-30T05:21:15.359+0000] {logging_mixin.py:188} INFO - [2025-05-30T05:21:15.359+0000] {dag.py:3954} INFO - Setting next_dagrun for example_local_kubernetes_executor to None, run_after=None
[2025-05-30T05:21:15.379+0000] {processor.py:183} INFO - Processing /home/airflow/.local/lib/python3.12/site-packages/airflow/example_dags/example_local_kubernetes_executor.py took 0.091 seconds
[2025-05-30T05:21:46.028+0000] {processor.py:161} INFO - Started process (PID=5681) to work on /home/airflow/.local/lib/python3.12/site-packages/airflow/example_dags/example_local_kubernetes_executor.py
[2025-05-30T05:21:46.029+0000] {processor.py:830} INFO - Processing file /home/airflow/.local/lib/python3.12/site-packages/airflow/example_dags/example_local_kubernetes_executor.py for tasks to queue
[2025-05-30T05:21:46.030+0000] {logging_mixin.py:188} INFO - [2025-05-30T05:21:46.030+0000] {dagbag.py:545} INFO - Filling up the DagBag from /home/airflow/.local/lib/python3.12/site-packages/airflow/example_dags/example_local_kubernetes_executor.py
[2025-05-30T05:21:46.037+0000] {processor.py:840} INFO - DAG(s) 'example_local_kubernetes_executor' retrieved from /home/airflow/.local/lib/python3.12/site-packages/airflow/example_dags/example_local_kubernetes_executor.py
[2025-05-30T05:21:46.069+0000] {logging_mixin.py:188} INFO - [2025-05-30T05:21:46.069+0000] {dag.py:3096} INFO - Sync 1 DAGs
[2025-05-30T05:21:46.080+0000] {logging_mixin.py:188} INFO - [2025-05-30T05:21:46.080+0000] {dag.py:3954} INFO - Setting next_dagrun for example_local_kubernetes_executor to None, run_after=None
[2025-05-30T05:21:46.096+0000] {processor.py:183} INFO - Processing /home/airflow/.local/lib/python3.12/site-packages/airflow/example_dags/example_local_kubernetes_executor.py took 0.073 seconds
[2025-05-30T05:22:17.013+0000] {processor.py:161} INFO - Started process (PID=5954) to work on /home/airflow/.local/lib/python3.12/site-packages/airflow/example_dags/example_local_kubernetes_executor.py
[2025-05-30T05:22:17.014+0000] {processor.py:830} INFO - Processing file /home/airflow/.local/lib/python3.12/site-packages/airflow/example_dags/example_local_kubernetes_executor.py for tasks to queue
[2025-05-30T05:22:17.016+0000] {logging_mixin.py:188} INFO - [2025-05-30T05:22:17.015+0000] {dagbag.py:545} INFO - Filling up the DagBag from /home/airflow/.local/lib/python3.12/site-packages/airflow/example_dags/example_local_kubernetes_executor.py
[2025-05-30T05:22:17.023+0000] {processor.py:840} INFO - DAG(s) 'example_local_kubernetes_executor' retrieved from /home/airflow/.local/lib/python3.12/site-packages/airflow/example_dags/example_local_kubernetes_executor.py
[2025-05-30T05:22:17.063+0000] {logging_mixin.py:188} INFO - [2025-05-30T05:22:17.062+0000] {dag.py:3096} INFO - Sync 1 DAGs
[2025-05-30T05:22:17.077+0000] {logging_mixin.py:188} INFO - [2025-05-30T05:22:17.077+0000] {dag.py:3954} INFO - Setting next_dagrun for example_local_kubernetes_executor to None, run_after=None
[2025-05-30T05:22:17.100+0000] {processor.py:183} INFO - Processing /home/airflow/.local/lib/python3.12/site-packages/airflow/example_dags/example_local_kubernetes_executor.py took 0.092 seconds
[2025-05-30T05:22:48.361+0000] {processor.py:161} INFO - Started process (PID=6229) to work on /home/airflow/.local/lib/python3.12/site-packages/airflow/example_dags/example_local_kubernetes_executor.py
[2025-05-30T05:22:48.362+0000] {processor.py:830} INFO - Processing file /home/airflow/.local/lib/python3.12/site-packages/airflow/example_dags/example_local_kubernetes_executor.py for tasks to queue
[2025-05-30T05:22:48.364+0000] {logging_mixin.py:188} INFO - [2025-05-30T05:22:48.363+0000] {dagbag.py:545} INFO - Filling up the DagBag from /home/airflow/.local/lib/python3.12/site-packages/airflow/example_dags/example_local_kubernetes_executor.py
[2025-05-30T05:22:48.371+0000] {processor.py:840} INFO - DAG(s) 'example_local_kubernetes_executor' retrieved from /home/airflow/.local/lib/python3.12/site-packages/airflow/example_dags/example_local_kubernetes_executor.py
[2025-05-30T05:22:48.543+0000] {logging_mixin.py:188} INFO - [2025-05-30T05:22:48.543+0000] {dag.py:3096} INFO - Sync 1 DAGs
[2025-05-30T05:22:48.554+0000] {logging_mixin.py:188} INFO - [2025-05-30T05:22:48.554+0000] {dag.py:3954} INFO - Setting next_dagrun for example_local_kubernetes_executor to None, run_after=None
[2025-05-30T05:22:48.571+0000] {processor.py:183} INFO - Processing /home/airflow/.local/lib/python3.12/site-packages/airflow/example_dags/example_local_kubernetes_executor.py took 0.215 seconds
[2025-05-30T05:23:19.207+0000] {processor.py:161} INFO - Started process (PID=6502) to work on /home/airflow/.local/lib/python3.12/site-packages/airflow/example_dags/example_local_kubernetes_executor.py
[2025-05-30T05:23:19.208+0000] {processor.py:830} INFO - Processing file /home/airflow/.local/lib/python3.12/site-packages/airflow/example_dags/example_local_kubernetes_executor.py for tasks to queue
[2025-05-30T05:23:19.209+0000] {logging_mixin.py:188} INFO - [2025-05-30T05:23:19.209+0000] {dagbag.py:545} INFO - Filling up the DagBag from /home/airflow/.local/lib/python3.12/site-packages/airflow/example_dags/example_local_kubernetes_executor.py
[2025-05-30T05:23:19.216+0000] {processor.py:840} INFO - DAG(s) 'example_local_kubernetes_executor' retrieved from /home/airflow/.local/lib/python3.12/site-packages/airflow/example_dags/example_local_kubernetes_executor.py
[2025-05-30T05:23:19.243+0000] {logging_mixin.py:188} INFO - [2025-05-30T05:23:19.243+0000] {dag.py:3096} INFO - Sync 1 DAGs
[2025-05-30T05:23:19.254+0000] {logging_mixin.py:188} INFO - [2025-05-30T05:23:19.254+0000] {dag.py:3954} INFO - Setting next_dagrun for example_local_kubernetes_executor to None, run_after=None
[2025-05-30T05:23:19.375+0000] {processor.py:183} INFO - Processing /home/airflow/.local/lib/python3.12/site-packages/airflow/example_dags/example_local_kubernetes_executor.py took 0.173 seconds
[2025-05-30T05:23:49.713+0000] {processor.py:161} INFO - Started process (PID=6775) to work on /home/airflow/.local/lib/python3.12/site-packages/airflow/example_dags/example_local_kubernetes_executor.py
[2025-05-30T05:23:49.714+0000] {processor.py:830} INFO - Processing file /home/airflow/.local/lib/python3.12/site-packages/airflow/example_dags/example_local_kubernetes_executor.py for tasks to queue
[2025-05-30T05:23:49.716+0000] {logging_mixin.py:188} INFO - [2025-05-30T05:23:49.716+0000] {dagbag.py:545} INFO - Filling up the DagBag from /home/airflow/.local/lib/python3.12/site-packages/airflow/example_dags/example_local_kubernetes_executor.py
[2025-05-30T05:23:49.723+0000] {processor.py:840} INFO - DAG(s) 'example_local_kubernetes_executor' retrieved from /home/airflow/.local/lib/python3.12/site-packages/airflow/example_dags/example_local_kubernetes_executor.py
[2025-05-30T05:23:49.753+0000] {logging_mixin.py:188} INFO - [2025-05-30T05:23:49.753+0000] {dag.py:3096} INFO - Sync 1 DAGs
[2025-05-30T05:23:49.764+0000] {logging_mixin.py:188} INFO - [2025-05-30T05:23:49.763+0000] {dag.py:3954} INFO - Setting next_dagrun for example_local_kubernetes_executor to None, run_after=None
[2025-05-30T05:23:49.779+0000] {processor.py:183} INFO - Processing /home/airflow/.local/lib/python3.12/site-packages/airflow/example_dags/example_local_kubernetes_executor.py took 0.071 seconds
[2025-05-30T05:24:20.519+0000] {processor.py:161} INFO - Started process (PID=7046) to work on /home/airflow/.local/lib/python3.12/site-packages/airflow/example_dags/example_local_kubernetes_executor.py
[2025-05-30T05:24:20.519+0000] {processor.py:830} INFO - Processing file /home/airflow/.local/lib/python3.12/site-packages/airflow/example_dags/example_local_kubernetes_executor.py for tasks to queue
[2025-05-30T05:24:20.521+0000] {logging_mixin.py:188} INFO - [2025-05-30T05:24:20.521+0000] {dagbag.py:545} INFO - Filling up the DagBag from /home/airflow/.local/lib/python3.12/site-packages/airflow/example_dags/example_local_kubernetes_executor.py
[2025-05-30T05:24:20.657+0000] {processor.py:840} INFO - DAG(s) 'example_local_kubernetes_executor' retrieved from /home/airflow/.local/lib/python3.12/site-packages/airflow/example_dags/example_local_kubernetes_executor.py
[2025-05-30T05:24:20.685+0000] {logging_mixin.py:188} INFO - [2025-05-30T05:24:20.685+0000] {dag.py:3096} INFO - Sync 1 DAGs
[2025-05-30T05:24:20.695+0000] {logging_mixin.py:188} INFO - [2025-05-30T05:24:20.694+0000] {dag.py:3954} INFO - Setting next_dagrun for example_local_kubernetes_executor to None, run_after=None
[2025-05-30T05:24:20.709+0000] {processor.py:183} INFO - Processing /home/airflow/.local/lib/python3.12/site-packages/airflow/example_dags/example_local_kubernetes_executor.py took 0.196 seconds
[2025-05-30T05:24:51.482+0000] {processor.py:161} INFO - Started process (PID=7319) to work on /home/airflow/.local/lib/python3.12/site-packages/airflow/example_dags/example_local_kubernetes_executor.py
[2025-05-30T05:24:51.483+0000] {processor.py:830} INFO - Processing file /home/airflow/.local/lib/python3.12/site-packages/airflow/example_dags/example_local_kubernetes_executor.py for tasks to queue
[2025-05-30T05:24:51.484+0000] {logging_mixin.py:188} INFO - [2025-05-30T05:24:51.484+0000] {dagbag.py:545} INFO - Filling up the DagBag from /home/airflow/.local/lib/python3.12/site-packages/airflow/example_dags/example_local_kubernetes_executor.py
[2025-05-30T05:24:51.490+0000] {processor.py:840} INFO - DAG(s) 'example_local_kubernetes_executor' retrieved from /home/airflow/.local/lib/python3.12/site-packages/airflow/example_dags/example_local_kubernetes_executor.py
[2025-05-30T05:24:51.521+0000] {logging_mixin.py:188} INFO - [2025-05-30T05:24:51.521+0000] {dag.py:3096} INFO - Sync 1 DAGs
[2025-05-30T05:24:51.532+0000] {logging_mixin.py:188} INFO - [2025-05-30T05:24:51.532+0000] {dag.py:3954} INFO - Setting next_dagrun for example_local_kubernetes_executor to None, run_after=None
[2025-05-30T05:24:51.549+0000] {processor.py:183} INFO - Processing /home/airflow/.local/lib/python3.12/site-packages/airflow/example_dags/example_local_kubernetes_executor.py took 0.072 seconds
[2025-05-30T05:25:22.551+0000] {processor.py:161} INFO - Started process (PID=7591) to work on /home/airflow/.local/lib/python3.12/site-packages/airflow/example_dags/example_local_kubernetes_executor.py
[2025-05-30T05:25:22.553+0000] {processor.py:830} INFO - Processing file /home/airflow/.local/lib/python3.12/site-packages/airflow/example_dags/example_local_kubernetes_executor.py for tasks to queue
[2025-05-30T05:25:22.556+0000] {logging_mixin.py:188} INFO - [2025-05-30T05:25:22.555+0000] {dagbag.py:545} INFO - Filling up the DagBag from /home/airflow/.local/lib/python3.12/site-packages/airflow/example_dags/example_local_kubernetes_executor.py
[2025-05-30T05:25:22.573+0000] {processor.py:840} INFO - DAG(s) 'example_local_kubernetes_executor' retrieved from /home/airflow/.local/lib/python3.12/site-packages/airflow/example_dags/example_local_kubernetes_executor.py
[2025-05-30T05:25:22.618+0000] {logging_mixin.py:188} INFO - [2025-05-30T05:25:22.618+0000] {dag.py:3096} INFO - Sync 1 DAGs
[2025-05-30T05:25:22.633+0000] {logging_mixin.py:188} INFO - [2025-05-30T05:25:22.633+0000] {dag.py:3954} INFO - Setting next_dagrun for example_local_kubernetes_executor to None, run_after=None
[2025-05-30T05:25:22.654+0000] {processor.py:183} INFO - Processing /home/airflow/.local/lib/python3.12/site-packages/airflow/example_dags/example_local_kubernetes_executor.py took 0.110 seconds
[2025-05-30T05:25:53.541+0000] {processor.py:161} INFO - Started process (PID=7864) to work on /home/airflow/.local/lib/python3.12/site-packages/airflow/example_dags/example_local_kubernetes_executor.py
[2025-05-30T05:25:53.542+0000] {processor.py:830} INFO - Processing file /home/airflow/.local/lib/python3.12/site-packages/airflow/example_dags/example_local_kubernetes_executor.py for tasks to queue
[2025-05-30T05:25:53.544+0000] {logging_mixin.py:188} INFO - [2025-05-30T05:25:53.544+0000] {dagbag.py:545} INFO - Filling up the DagBag from /home/airflow/.local/lib/python3.12/site-packages/airflow/example_dags/example_local_kubernetes_executor.py
[2025-05-30T05:25:53.553+0000] {processor.py:840} INFO - DAG(s) 'example_local_kubernetes_executor' retrieved from /home/airflow/.local/lib/python3.12/site-packages/airflow/example_dags/example_local_kubernetes_executor.py
[2025-05-30T05:25:53.584+0000] {logging_mixin.py:188} INFO - [2025-05-30T05:25:53.584+0000] {dag.py:3096} INFO - Sync 1 DAGs
[2025-05-30T05:25:53.596+0000] {logging_mixin.py:188} INFO - [2025-05-30T05:25:53.596+0000] {dag.py:3954} INFO - Setting next_dagrun for example_local_kubernetes_executor to None, run_after=None
[2025-05-30T05:25:53.618+0000] {processor.py:183} INFO - Processing /home/airflow/.local/lib/python3.12/site-packages/airflow/example_dags/example_local_kubernetes_executor.py took 0.084 seconds
[2025-05-30T05:26:24.230+0000] {processor.py:161} INFO - Started process (PID=8137) to work on /home/airflow/.local/lib/python3.12/site-packages/airflow/example_dags/example_local_kubernetes_executor.py
[2025-05-30T05:26:24.231+0000] {processor.py:830} INFO - Processing file /home/airflow/.local/lib/python3.12/site-packages/airflow/example_dags/example_local_kubernetes_executor.py for tasks to queue
[2025-05-30T05:26:24.233+0000] {logging_mixin.py:188} INFO - [2025-05-30T05:26:24.232+0000] {dagbag.py:545} INFO - Filling up the DagBag from /home/airflow/.local/lib/python3.12/site-packages/airflow/example_dags/example_local_kubernetes_executor.py
[2025-05-30T05:26:24.241+0000] {processor.py:840} INFO - DAG(s) 'example_local_kubernetes_executor' retrieved from /home/airflow/.local/lib/python3.12/site-packages/airflow/example_dags/example_local_kubernetes_executor.py
[2025-05-30T05:26:24.271+0000] {logging_mixin.py:188} INFO - [2025-05-30T05:26:24.271+0000] {dag.py:3096} INFO - Sync 1 DAGs
[2025-05-30T05:26:24.283+0000] {logging_mixin.py:188} INFO - [2025-05-30T05:26:24.283+0000] {dag.py:3954} INFO - Setting next_dagrun for example_local_kubernetes_executor to None, run_after=None
[2025-05-30T05:26:24.300+0000] {processor.py:183} INFO - Processing /home/airflow/.local/lib/python3.12/site-packages/airflow/example_dags/example_local_kubernetes_executor.py took 0.076 seconds
[2025-05-30T05:26:54.577+0000] {processor.py:161} INFO - Started process (PID=8406) to work on /home/airflow/.local/lib/python3.12/site-packages/airflow/example_dags/example_local_kubernetes_executor.py
[2025-05-30T05:26:54.578+0000] {processor.py:830} INFO - Processing file /home/airflow/.local/lib/python3.12/site-packages/airflow/example_dags/example_local_kubernetes_executor.py for tasks to queue
[2025-05-30T05:26:54.580+0000] {logging_mixin.py:188} INFO - [2025-05-30T05:26:54.580+0000] {dagbag.py:545} INFO - Filling up the DagBag from /home/airflow/.local/lib/python3.12/site-packages/airflow/example_dags/example_local_kubernetes_executor.py
[2025-05-30T05:26:54.588+0000] {processor.py:840} INFO - DAG(s) 'example_local_kubernetes_executor' retrieved from /home/airflow/.local/lib/python3.12/site-packages/airflow/example_dags/example_local_kubernetes_executor.py
[2025-05-30T05:26:54.618+0000] {logging_mixin.py:188} INFO - [2025-05-30T05:26:54.618+0000] {dag.py:3096} INFO - Sync 1 DAGs
[2025-05-30T05:26:54.631+0000] {logging_mixin.py:188} INFO - [2025-05-30T05:26:54.631+0000] {dag.py:3954} INFO - Setting next_dagrun for example_local_kubernetes_executor to None, run_after=None
[2025-05-30T05:26:54.652+0000] {processor.py:183} INFO - Processing /home/airflow/.local/lib/python3.12/site-packages/airflow/example_dags/example_local_kubernetes_executor.py took 0.079 seconds
[2025-05-30T05:27:25.126+0000] {processor.py:161} INFO - Started process (PID=8679) to work on /home/airflow/.local/lib/python3.12/site-packages/airflow/example_dags/example_local_kubernetes_executor.py
[2025-05-30T05:27:25.128+0000] {processor.py:830} INFO - Processing file /home/airflow/.local/lib/python3.12/site-packages/airflow/example_dags/example_local_kubernetes_executor.py for tasks to queue
[2025-05-30T05:27:25.130+0000] {logging_mixin.py:188} INFO - [2025-05-30T05:27:25.130+0000] {dagbag.py:545} INFO - Filling up the DagBag from /home/airflow/.local/lib/python3.12/site-packages/airflow/example_dags/example_local_kubernetes_executor.py
[2025-05-30T05:27:25.139+0000] {processor.py:840} INFO - DAG(s) 'example_local_kubernetes_executor' retrieved from /home/airflow/.local/lib/python3.12/site-packages/airflow/example_dags/example_local_kubernetes_executor.py
[2025-05-30T05:27:25.185+0000] {logging_mixin.py:188} INFO - [2025-05-30T05:27:25.185+0000] {dag.py:3096} INFO - Sync 1 DAGs
[2025-05-30T05:27:25.211+0000] {logging_mixin.py:188} INFO - [2025-05-30T05:27:25.211+0000] {dag.py:3954} INFO - Setting next_dagrun for example_local_kubernetes_executor to None, run_after=None
[2025-05-30T05:27:25.244+0000] {processor.py:183} INFO - Processing /home/airflow/.local/lib/python3.12/site-packages/airflow/example_dags/example_local_kubernetes_executor.py took 0.125 seconds
[2025-05-30T05:27:56.027+0000] {processor.py:161} INFO - Started process (PID=8952) to work on /home/airflow/.local/lib/python3.12/site-packages/airflow/example_dags/example_local_kubernetes_executor.py
[2025-05-30T05:27:56.029+0000] {processor.py:830} INFO - Processing file /home/airflow/.local/lib/python3.12/site-packages/airflow/example_dags/example_local_kubernetes_executor.py for tasks to queue
[2025-05-30T05:27:56.033+0000] {logging_mixin.py:188} INFO - [2025-05-30T05:27:56.033+0000] {dagbag.py:545} INFO - Filling up the DagBag from /home/airflow/.local/lib/python3.12/site-packages/airflow/example_dags/example_local_kubernetes_executor.py
[2025-05-30T05:27:56.052+0000] {processor.py:840} INFO - DAG(s) 'example_local_kubernetes_executor' retrieved from /home/airflow/.local/lib/python3.12/site-packages/airflow/example_dags/example_local_kubernetes_executor.py
[2025-05-30T05:27:56.123+0000] {logging_mixin.py:188} INFO - [2025-05-30T05:27:56.122+0000] {dag.py:3096} INFO - Sync 1 DAGs
[2025-05-30T05:27:56.141+0000] {logging_mixin.py:188} INFO - [2025-05-30T05:27:56.141+0000] {dag.py:3954} INFO - Setting next_dagrun for example_local_kubernetes_executor to None, run_after=None
[2025-05-30T05:27:56.173+0000] {processor.py:183} INFO - Processing /home/airflow/.local/lib/python3.12/site-packages/airflow/example_dags/example_local_kubernetes_executor.py took 0.153 seconds
[2025-05-30T05:28:27.053+0000] {processor.py:161} INFO - Started process (PID=9225) to work on /home/airflow/.local/lib/python3.12/site-packages/airflow/example_dags/example_local_kubernetes_executor.py
[2025-05-30T05:28:27.053+0000] {processor.py:830} INFO - Processing file /home/airflow/.local/lib/python3.12/site-packages/airflow/example_dags/example_local_kubernetes_executor.py for tasks to queue
[2025-05-30T05:28:27.055+0000] {logging_mixin.py:188} INFO - [2025-05-30T05:28:27.055+0000] {dagbag.py:545} INFO - Filling up the DagBag from /home/airflow/.local/lib/python3.12/site-packages/airflow/example_dags/example_local_kubernetes_executor.py
[2025-05-30T05:28:27.064+0000] {processor.py:840} INFO - DAG(s) 'example_local_kubernetes_executor' retrieved from /home/airflow/.local/lib/python3.12/site-packages/airflow/example_dags/example_local_kubernetes_executor.py
[2025-05-30T05:28:27.099+0000] {logging_mixin.py:188} INFO - [2025-05-30T05:28:27.099+0000] {dag.py:3096} INFO - Sync 1 DAGs
[2025-05-30T05:28:27.111+0000] {logging_mixin.py:188} INFO - [2025-05-30T05:28:27.111+0000] {dag.py:3954} INFO - Setting next_dagrun for example_local_kubernetes_executor to None, run_after=None
[2025-05-30T05:28:27.130+0000] {processor.py:183} INFO - Processing /home/airflow/.local/lib/python3.12/site-packages/airflow/example_dags/example_local_kubernetes_executor.py took 0.083 seconds
[2025-05-30T05:28:57.415+0000] {processor.py:161} INFO - Started process (PID=9498) to work on /home/airflow/.local/lib/python3.12/site-packages/airflow/example_dags/example_local_kubernetes_executor.py
[2025-05-30T05:28:57.418+0000] {processor.py:830} INFO - Processing file /home/airflow/.local/lib/python3.12/site-packages/airflow/example_dags/example_local_kubernetes_executor.py for tasks to queue
[2025-05-30T05:28:57.422+0000] {logging_mixin.py:188} INFO - [2025-05-30T05:28:57.421+0000] {dagbag.py:545} INFO - Filling up the DagBag from /home/airflow/.local/lib/python3.12/site-packages/airflow/example_dags/example_local_kubernetes_executor.py
[2025-05-30T05:28:57.432+0000] {processor.py:840} INFO - DAG(s) 'example_local_kubernetes_executor' retrieved from /home/airflow/.local/lib/python3.12/site-packages/airflow/example_dags/example_local_kubernetes_executor.py
[2025-05-30T05:28:57.472+0000] {logging_mixin.py:188} INFO - [2025-05-30T05:28:57.472+0000] {dag.py:3096} INFO - Sync 1 DAGs
[2025-05-30T05:28:57.488+0000] {logging_mixin.py:188} INFO - [2025-05-30T05:28:57.488+0000] {dag.py:3954} INFO - Setting next_dagrun for example_local_kubernetes_executor to None, run_after=None
[2025-05-30T05:28:57.514+0000] {processor.py:183} INFO - Processing /home/airflow/.local/lib/python3.12/site-packages/airflow/example_dags/example_local_kubernetes_executor.py took 0.107 seconds
[2025-05-30T05:29:27.857+0000] {processor.py:161} INFO - Started process (PID=9771) to work on /home/airflow/.local/lib/python3.12/site-packages/airflow/example_dags/example_local_kubernetes_executor.py
[2025-05-30T05:29:27.858+0000] {processor.py:830} INFO - Processing file /home/airflow/.local/lib/python3.12/site-packages/airflow/example_dags/example_local_kubernetes_executor.py for tasks to queue
[2025-05-30T05:29:27.860+0000] {logging_mixin.py:188} INFO - [2025-05-30T05:29:27.860+0000] {dagbag.py:545} INFO - Filling up the DagBag from /home/airflow/.local/lib/python3.12/site-packages/airflow/example_dags/example_local_kubernetes_executor.py
[2025-05-30T05:29:27.868+0000] {processor.py:840} INFO - DAG(s) 'example_local_kubernetes_executor' retrieved from /home/airflow/.local/lib/python3.12/site-packages/airflow/example_dags/example_local_kubernetes_executor.py
[2025-05-30T05:29:27.906+0000] {logging_mixin.py:188} INFO - [2025-05-30T05:29:27.906+0000] {dag.py:3096} INFO - Sync 1 DAGs
[2025-05-30T05:29:27.921+0000] {logging_mixin.py:188} INFO - [2025-05-30T05:29:27.920+0000] {dag.py:3954} INFO - Setting next_dagrun for example_local_kubernetes_executor to None, run_after=None
[2025-05-30T05:29:27.940+0000] {processor.py:183} INFO - Processing /home/airflow/.local/lib/python3.12/site-packages/airflow/example_dags/example_local_kubernetes_executor.py took 0.091 seconds
[2025-05-30T05:29:58.241+0000] {processor.py:161} INFO - Started process (PID=10044) to work on /home/airflow/.local/lib/python3.12/site-packages/airflow/example_dags/example_local_kubernetes_executor.py
[2025-05-30T05:29:58.241+0000] {processor.py:830} INFO - Processing file /home/airflow/.local/lib/python3.12/site-packages/airflow/example_dags/example_local_kubernetes_executor.py for tasks to queue
[2025-05-30T05:29:58.243+0000] {logging_mixin.py:188} INFO - [2025-05-30T05:29:58.243+0000] {dagbag.py:545} INFO - Filling up the DagBag from /home/airflow/.local/lib/python3.12/site-packages/airflow/example_dags/example_local_kubernetes_executor.py
[2025-05-30T05:29:58.250+0000] {processor.py:840} INFO - DAG(s) 'example_local_kubernetes_executor' retrieved from /home/airflow/.local/lib/python3.12/site-packages/airflow/example_dags/example_local_kubernetes_executor.py
[2025-05-30T05:29:58.279+0000] {logging_mixin.py:188} INFO - [2025-05-30T05:29:58.279+0000] {dag.py:3096} INFO - Sync 1 DAGs
[2025-05-30T05:29:58.290+0000] {logging_mixin.py:188} INFO - [2025-05-30T05:29:58.290+0000] {dag.py:3954} INFO - Setting next_dagrun for example_local_kubernetes_executor to None, run_after=None
[2025-05-30T05:29:58.309+0000] {processor.py:183} INFO - Processing /home/airflow/.local/lib/python3.12/site-packages/airflow/example_dags/example_local_kubernetes_executor.py took 0.075 seconds
[2025-05-30T05:30:28.414+0000] {processor.py:161} INFO - Started process (PID=10316) to work on /home/airflow/.local/lib/python3.12/site-packages/airflow/example_dags/example_local_kubernetes_executor.py
[2025-05-30T05:30:28.415+0000] {processor.py:830} INFO - Processing file /home/airflow/.local/lib/python3.12/site-packages/airflow/example_dags/example_local_kubernetes_executor.py for tasks to queue
[2025-05-30T05:30:28.417+0000] {logging_mixin.py:188} INFO - [2025-05-30T05:30:28.416+0000] {dagbag.py:545} INFO - Filling up the DagBag from /home/airflow/.local/lib/python3.12/site-packages/airflow/example_dags/example_local_kubernetes_executor.py
[2025-05-30T05:30:28.423+0000] {processor.py:840} INFO - DAG(s) 'example_local_kubernetes_executor' retrieved from /home/airflow/.local/lib/python3.12/site-packages/airflow/example_dags/example_local_kubernetes_executor.py
[2025-05-30T05:30:28.455+0000] {logging_mixin.py:188} INFO - [2025-05-30T05:30:28.454+0000] {dag.py:3096} INFO - Sync 1 DAGs
[2025-05-30T05:30:28.465+0000] {logging_mixin.py:188} INFO - [2025-05-30T05:30:28.465+0000] {dag.py:3954} INFO - Setting next_dagrun for example_local_kubernetes_executor to None, run_after=None
[2025-05-30T05:30:28.482+0000] {processor.py:183} INFO - Processing /home/airflow/.local/lib/python3.12/site-packages/airflow/example_dags/example_local_kubernetes_executor.py took 0.073 seconds
[2025-05-30T05:30:58.553+0000] {processor.py:161} INFO - Started process (PID=10589) to work on /home/airflow/.local/lib/python3.12/site-packages/airflow/example_dags/example_local_kubernetes_executor.py
[2025-05-30T05:30:58.554+0000] {processor.py:830} INFO - Processing file /home/airflow/.local/lib/python3.12/site-packages/airflow/example_dags/example_local_kubernetes_executor.py for tasks to queue
[2025-05-30T05:30:58.555+0000] {logging_mixin.py:188} INFO - [2025-05-30T05:30:58.555+0000] {dagbag.py:545} INFO - Filling up the DagBag from /home/airflow/.local/lib/python3.12/site-packages/airflow/example_dags/example_local_kubernetes_executor.py
[2025-05-30T05:30:58.563+0000] {processor.py:840} INFO - DAG(s) 'example_local_kubernetes_executor' retrieved from /home/airflow/.local/lib/python3.12/site-packages/airflow/example_dags/example_local_kubernetes_executor.py
[2025-05-30T05:30:58.601+0000] {logging_mixin.py:188} INFO - [2025-05-30T05:30:58.600+0000] {dag.py:3096} INFO - Sync 1 DAGs
[2025-05-30T05:30:58.614+0000] {logging_mixin.py:188} INFO - [2025-05-30T05:30:58.614+0000] {dag.py:3954} INFO - Setting next_dagrun for example_local_kubernetes_executor to None, run_after=None
[2025-05-30T05:30:58.641+0000] {processor.py:183} INFO - Processing /home/airflow/.local/lib/python3.12/site-packages/airflow/example_dags/example_local_kubernetes_executor.py took 0.094 seconds
[2025-05-30T05:31:28.958+0000] {processor.py:161} INFO - Started process (PID=10862) to work on /home/airflow/.local/lib/python3.12/site-packages/airflow/example_dags/example_local_kubernetes_executor.py
[2025-05-30T05:31:28.959+0000] {processor.py:830} INFO - Processing file /home/airflow/.local/lib/python3.12/site-packages/airflow/example_dags/example_local_kubernetes_executor.py for tasks to queue
[2025-05-30T05:31:28.960+0000] {logging_mixin.py:188} INFO - [2025-05-30T05:31:28.960+0000] {dagbag.py:545} INFO - Filling up the DagBag from /home/airflow/.local/lib/python3.12/site-packages/airflow/example_dags/example_local_kubernetes_executor.py
[2025-05-30T05:31:28.967+0000] {processor.py:840} INFO - DAG(s) 'example_local_kubernetes_executor' retrieved from /home/airflow/.local/lib/python3.12/site-packages/airflow/example_dags/example_local_kubernetes_executor.py
[2025-05-30T05:31:28.998+0000] {logging_mixin.py:188} INFO - [2025-05-30T05:31:28.997+0000] {dag.py:3096} INFO - Sync 1 DAGs
[2025-05-30T05:31:29.009+0000] {logging_mixin.py:188} INFO - [2025-05-30T05:31:29.009+0000] {dag.py:3954} INFO - Setting next_dagrun for example_local_kubernetes_executor to None, run_after=None
[2025-05-30T05:31:29.025+0000] {processor.py:183} INFO - Processing /home/airflow/.local/lib/python3.12/site-packages/airflow/example_dags/example_local_kubernetes_executor.py took 0.072 seconds
[2025-05-30T05:31:59.158+0000] {processor.py:161} INFO - Started process (PID=11135) to work on /home/airflow/.local/lib/python3.12/site-packages/airflow/example_dags/example_local_kubernetes_executor.py
[2025-05-30T05:31:59.159+0000] {processor.py:830} INFO - Processing file /home/airflow/.local/lib/python3.12/site-packages/airflow/example_dags/example_local_kubernetes_executor.py for tasks to queue
[2025-05-30T05:31:59.161+0000] {logging_mixin.py:188} INFO - [2025-05-30T05:31:59.160+0000] {dagbag.py:545} INFO - Filling up the DagBag from /home/airflow/.local/lib/python3.12/site-packages/airflow/example_dags/example_local_kubernetes_executor.py
[2025-05-30T05:31:59.168+0000] {processor.py:840} INFO - DAG(s) 'example_local_kubernetes_executor' retrieved from /home/airflow/.local/lib/python3.12/site-packages/airflow/example_dags/example_local_kubernetes_executor.py
[2025-05-30T05:31:59.200+0000] {logging_mixin.py:188} INFO - [2025-05-30T05:31:59.199+0000] {dag.py:3096} INFO - Sync 1 DAGs
[2025-05-30T05:31:59.215+0000] {logging_mixin.py:188} INFO - [2025-05-30T05:31:59.214+0000] {dag.py:3954} INFO - Setting next_dagrun for example_local_kubernetes_executor to None, run_after=None
[2025-05-30T05:31:59.239+0000] {processor.py:183} INFO - Processing /home/airflow/.local/lib/python3.12/site-packages/airflow/example_dags/example_local_kubernetes_executor.py took 0.087 seconds
[2025-05-30T05:32:29.430+0000] {processor.py:161} INFO - Started process (PID=11408) to work on /home/airflow/.local/lib/python3.12/site-packages/airflow/example_dags/example_local_kubernetes_executor.py
[2025-05-30T05:32:29.431+0000] {processor.py:830} INFO - Processing file /home/airflow/.local/lib/python3.12/site-packages/airflow/example_dags/example_local_kubernetes_executor.py for tasks to queue
[2025-05-30T05:32:29.433+0000] {logging_mixin.py:188} INFO - [2025-05-30T05:32:29.432+0000] {dagbag.py:545} INFO - Filling up the DagBag from /home/airflow/.local/lib/python3.12/site-packages/airflow/example_dags/example_local_kubernetes_executor.py
[2025-05-30T05:32:29.439+0000] {processor.py:840} INFO - DAG(s) 'example_local_kubernetes_executor' retrieved from /home/airflow/.local/lib/python3.12/site-packages/airflow/example_dags/example_local_kubernetes_executor.py
[2025-05-30T05:32:29.467+0000] {logging_mixin.py:188} INFO - [2025-05-30T05:32:29.467+0000] {dag.py:3096} INFO - Sync 1 DAGs
[2025-05-30T05:32:29.479+0000] {logging_mixin.py:188} INFO - [2025-05-30T05:32:29.478+0000] {dag.py:3954} INFO - Setting next_dagrun for example_local_kubernetes_executor to None, run_after=None
[2025-05-30T05:32:29.496+0000] {processor.py:183} INFO - Processing /home/airflow/.local/lib/python3.12/site-packages/airflow/example_dags/example_local_kubernetes_executor.py took 0.071 seconds
[2025-05-30T05:40:01.079+0000] {processor.py:161} INFO - Started process (PID=209) to work on /home/airflow/.local/lib/python3.12/site-packages/airflow/example_dags/example_local_kubernetes_executor.py
[2025-05-30T05:40:01.080+0000] {processor.py:830} INFO - Processing file /home/airflow/.local/lib/python3.12/site-packages/airflow/example_dags/example_local_kubernetes_executor.py for tasks to queue
[2025-05-30T05:40:01.083+0000] {logging_mixin.py:188} INFO - [2025-05-30T05:40:01.082+0000] {dagbag.py:545} INFO - Filling up the DagBag from /home/airflow/.local/lib/python3.12/site-packages/airflow/example_dags/example_local_kubernetes_executor.py
[2025-05-30T05:40:01.096+0000] {processor.py:840} INFO - DAG(s) 'example_local_kubernetes_executor' retrieved from /home/airflow/.local/lib/python3.12/site-packages/airflow/example_dags/example_local_kubernetes_executor.py
[2025-05-30T05:40:01.111+0000] {logging_mixin.py:188} INFO - [2025-05-30T05:40:01.111+0000] {dag.py:3096} INFO - Sync 1 DAGs
[2025-05-30T05:40:01.128+0000] {logging_mixin.py:188} INFO - [2025-05-30T05:40:01.127+0000] {dag.py:3954} INFO - Setting next_dagrun for example_local_kubernetes_executor to None, run_after=None
[2025-05-30T05:40:01.149+0000] {processor.py:183} INFO - Processing /home/airflow/.local/lib/python3.12/site-packages/airflow/example_dags/example_local_kubernetes_executor.py took 0.077 seconds
[2025-05-30T05:40:32.432+0000] {processor.py:161} INFO - Started process (PID=484) to work on /home/airflow/.local/lib/python3.12/site-packages/airflow/example_dags/example_local_kubernetes_executor.py
[2025-05-30T05:40:32.433+0000] {processor.py:830} INFO - Processing file /home/airflow/.local/lib/python3.12/site-packages/airflow/example_dags/example_local_kubernetes_executor.py for tasks to queue
[2025-05-30T05:40:32.435+0000] {logging_mixin.py:188} INFO - [2025-05-30T05:40:32.434+0000] {dagbag.py:545} INFO - Filling up the DagBag from /home/airflow/.local/lib/python3.12/site-packages/airflow/example_dags/example_local_kubernetes_executor.py
[2025-05-30T05:40:32.442+0000] {processor.py:840} INFO - DAG(s) 'example_local_kubernetes_executor' retrieved from /home/airflow/.local/lib/python3.12/site-packages/airflow/example_dags/example_local_kubernetes_executor.py
[2025-05-30T05:40:32.555+0000] {logging_mixin.py:188} INFO - [2025-05-30T05:40:32.555+0000] {dag.py:3096} INFO - Sync 1 DAGs
[2025-05-30T05:40:32.565+0000] {logging_mixin.py:188} INFO - [2025-05-30T05:40:32.564+0000] {dag.py:3954} INFO - Setting next_dagrun for example_local_kubernetes_executor to None, run_after=None
[2025-05-30T05:40:32.582+0000] {processor.py:183} INFO - Processing /home/airflow/.local/lib/python3.12/site-packages/airflow/example_dags/example_local_kubernetes_executor.py took 0.155 seconds
[2025-05-30T05:41:02.745+0000] {processor.py:161} INFO - Started process (PID=755) to work on /home/airflow/.local/lib/python3.12/site-packages/airflow/example_dags/example_local_kubernetes_executor.py
[2025-05-30T05:41:02.746+0000] {processor.py:830} INFO - Processing file /home/airflow/.local/lib/python3.12/site-packages/airflow/example_dags/example_local_kubernetes_executor.py for tasks to queue
[2025-05-30T05:41:02.748+0000] {logging_mixin.py:188} INFO - [2025-05-30T05:41:02.748+0000] {dagbag.py:545} INFO - Filling up the DagBag from /home/airflow/.local/lib/python3.12/site-packages/airflow/example_dags/example_local_kubernetes_executor.py
[2025-05-30T05:41:02.755+0000] {processor.py:840} INFO - DAG(s) 'example_local_kubernetes_executor' retrieved from /home/airflow/.local/lib/python3.12/site-packages/airflow/example_dags/example_local_kubernetes_executor.py
[2025-05-30T05:41:02.790+0000] {logging_mixin.py:188} INFO - [2025-05-30T05:41:02.790+0000] {dag.py:3096} INFO - Sync 1 DAGs
[2025-05-30T05:41:02.802+0000] {logging_mixin.py:188} INFO - [2025-05-30T05:41:02.802+0000] {dag.py:3954} INFO - Setting next_dagrun for example_local_kubernetes_executor to None, run_after=None
[2025-05-30T05:41:02.821+0000] {processor.py:183} INFO - Processing /home/airflow/.local/lib/python3.12/site-packages/airflow/example_dags/example_local_kubernetes_executor.py took 0.081 seconds
