[2025-05-30T04:40:36.085+0000] {processor.py:161} INFO - Started process (PID=318) to work on /home/airflow/.local/lib/python3.12/site-packages/airflow/example_dags/example_skip_dag.py
[2025-05-30T04:40:36.086+0000] {processor.py:830} INFO - Processing file /home/airflow/.local/lib/python3.12/site-packages/airflow/example_dags/example_skip_dag.py for tasks to queue
[2025-05-30T04:40:36.087+0000] {logging_mixin.py:188} INFO - [2025-05-30T04:40:36.087+0000] {dagbag.py:545} INFO - Filling up the DagBag from /home/airflow/.local/lib/python3.12/site-packages/airflow/example_dags/example_skip_dag.py
[2025-05-30T04:40:36.095+0000] {processor.py:840} INFO - DAG(s) 'example_skip_dag' retrieved from /home/airflow/.local/lib/python3.12/site-packages/airflow/example_dags/example_skip_dag.py
[2025-05-30T04:40:36.114+0000] {logging_mixin.py:188} INFO - [2025-05-30T04:40:36.114+0000] {dag.py:3096} INFO - Sync 1 DAGs
[2025-05-30T04:40:36.137+0000] {logging_mixin.py:188} INFO - [2025-05-30T04:40:36.137+0000] {dag.py:3954} INFO - Setting next_dagrun for example_skip_dag to 2025-05-29 00:00:00+00:00, run_after=2025-05-30 00:00:00+00:00
[2025-05-30T04:40:36.157+0000] {processor.py:183} INFO - Processing /home/airflow/.local/lib/python3.12/site-packages/airflow/example_dags/example_skip_dag.py took 0.078 seconds
[2025-05-30T04:41:07.404+0000] {processor.py:161} INFO - Started process (PID=591) to work on /home/airflow/.local/lib/python3.12/site-packages/airflow/example_dags/example_skip_dag.py
[2025-05-30T04:41:07.404+0000] {processor.py:830} INFO - Processing file /home/airflow/.local/lib/python3.12/site-packages/airflow/example_dags/example_skip_dag.py for tasks to queue
[2025-05-30T04:41:07.406+0000] {logging_mixin.py:188} INFO - [2025-05-30T04:41:07.406+0000] {dagbag.py:545} INFO - Filling up the DagBag from /home/airflow/.local/lib/python3.12/site-packages/airflow/example_dags/example_skip_dag.py
[2025-05-30T04:41:07.414+0000] {processor.py:840} INFO - DAG(s) 'example_skip_dag' retrieved from /home/airflow/.local/lib/python3.12/site-packages/airflow/example_dags/example_skip_dag.py
[2025-05-30T04:41:07.434+0000] {logging_mixin.py:188} INFO - [2025-05-30T04:41:07.434+0000] {dag.py:3096} INFO - Sync 1 DAGs
[2025-05-30T04:41:07.463+0000] {logging_mixin.py:188} INFO - [2025-05-30T04:41:07.462+0000] {dag.py:3954} INFO - Setting next_dagrun for example_skip_dag to 2025-05-29 00:00:00+00:00, run_after=2025-05-30 00:00:00+00:00
[2025-05-30T04:41:07.484+0000] {processor.py:183} INFO - Processing /home/airflow/.local/lib/python3.12/site-packages/airflow/example_dags/example_skip_dag.py took 0.086 seconds
[2025-05-30T04:41:38.255+0000] {processor.py:161} INFO - Started process (PID=866) to work on /home/airflow/.local/lib/python3.12/site-packages/airflow/example_dags/example_skip_dag.py
[2025-05-30T04:41:38.256+0000] {processor.py:830} INFO - Processing file /home/airflow/.local/lib/python3.12/site-packages/airflow/example_dags/example_skip_dag.py for tasks to queue
[2025-05-30T04:41:38.258+0000] {logging_mixin.py:188} INFO - [2025-05-30T04:41:38.257+0000] {dagbag.py:545} INFO - Filling up the DagBag from /home/airflow/.local/lib/python3.12/site-packages/airflow/example_dags/example_skip_dag.py
[2025-05-30T04:41:38.266+0000] {processor.py:840} INFO - DAG(s) 'example_skip_dag' retrieved from /home/airflow/.local/lib/python3.12/site-packages/airflow/example_dags/example_skip_dag.py
[2025-05-30T04:41:38.296+0000] {logging_mixin.py:188} INFO - [2025-05-30T04:41:38.296+0000] {dag.py:3096} INFO - Sync 1 DAGs
[2025-05-30T04:41:38.326+0000] {logging_mixin.py:188} INFO - [2025-05-30T04:41:38.326+0000] {dag.py:3954} INFO - Setting next_dagrun for example_skip_dag to 2025-05-29 00:00:00+00:00, run_after=2025-05-30 00:00:00+00:00
[2025-05-30T04:41:38.364+0000] {processor.py:183} INFO - Processing /home/airflow/.local/lib/python3.12/site-packages/airflow/example_dags/example_skip_dag.py took 0.117 seconds
[2025-05-30T04:42:09.687+0000] {processor.py:161} INFO - Started process (PID=1136) to work on /home/airflow/.local/lib/python3.12/site-packages/airflow/example_dags/example_skip_dag.py
[2025-05-30T04:42:09.688+0000] {processor.py:830} INFO - Processing file /home/airflow/.local/lib/python3.12/site-packages/airflow/example_dags/example_skip_dag.py for tasks to queue
[2025-05-30T04:42:09.691+0000] {logging_mixin.py:188} INFO - [2025-05-30T04:42:09.690+0000] {dagbag.py:545} INFO - Filling up the DagBag from /home/airflow/.local/lib/python3.12/site-packages/airflow/example_dags/example_skip_dag.py
[2025-05-30T04:42:09.702+0000] {processor.py:840} INFO - DAG(s) 'example_skip_dag' retrieved from /home/airflow/.local/lib/python3.12/site-packages/airflow/example_dags/example_skip_dag.py
[2025-05-30T04:42:09.739+0000] {logging_mixin.py:188} INFO - [2025-05-30T04:42:09.739+0000] {dag.py:3096} INFO - Sync 1 DAGs
[2025-05-30T04:42:09.787+0000] {logging_mixin.py:188} INFO - [2025-05-30T04:42:09.786+0000] {dag.py:3954} INFO - Setting next_dagrun for example_skip_dag to 2025-05-29 00:00:00+00:00, run_after=2025-05-30 00:00:00+00:00
[2025-05-30T04:42:09.808+0000] {processor.py:183} INFO - Processing /home/airflow/.local/lib/python3.12/site-packages/airflow/example_dags/example_skip_dag.py took 0.129 seconds
[2025-05-30T04:42:40.881+0000] {processor.py:161} INFO - Started process (PID=1409) to work on /home/airflow/.local/lib/python3.12/site-packages/airflow/example_dags/example_skip_dag.py
[2025-05-30T04:42:40.882+0000] {processor.py:830} INFO - Processing file /home/airflow/.local/lib/python3.12/site-packages/airflow/example_dags/example_skip_dag.py for tasks to queue
[2025-05-30T04:42:40.886+0000] {logging_mixin.py:188} INFO - [2025-05-30T04:42:40.885+0000] {dagbag.py:545} INFO - Filling up the DagBag from /home/airflow/.local/lib/python3.12/site-packages/airflow/example_dags/example_skip_dag.py
[2025-05-30T04:42:40.894+0000] {processor.py:840} INFO - DAG(s) 'example_skip_dag' retrieved from /home/airflow/.local/lib/python3.12/site-packages/airflow/example_dags/example_skip_dag.py
[2025-05-30T04:42:40.919+0000] {logging_mixin.py:188} INFO - [2025-05-30T04:42:40.919+0000] {dag.py:3096} INFO - Sync 1 DAGs
[2025-05-30T04:42:40.940+0000] {logging_mixin.py:188} INFO - [2025-05-30T04:42:40.940+0000] {dag.py:3954} INFO - Setting next_dagrun for example_skip_dag to 2025-05-29 00:00:00+00:00, run_after=2025-05-30 00:00:00+00:00
[2025-05-30T04:42:40.959+0000] {processor.py:183} INFO - Processing /home/airflow/.local/lib/python3.12/site-packages/airflow/example_dags/example_skip_dag.py took 0.085 seconds
[2025-05-30T04:43:11.502+0000] {processor.py:161} INFO - Started process (PID=1682) to work on /home/airflow/.local/lib/python3.12/site-packages/airflow/example_dags/example_skip_dag.py
[2025-05-30T04:43:11.503+0000] {processor.py:830} INFO - Processing file /home/airflow/.local/lib/python3.12/site-packages/airflow/example_dags/example_skip_dag.py for tasks to queue
[2025-05-30T04:43:11.505+0000] {logging_mixin.py:188} INFO - [2025-05-30T04:43:11.504+0000] {dagbag.py:545} INFO - Filling up the DagBag from /home/airflow/.local/lib/python3.12/site-packages/airflow/example_dags/example_skip_dag.py
[2025-05-30T04:43:11.511+0000] {processor.py:840} INFO - DAG(s) 'example_skip_dag' retrieved from /home/airflow/.local/lib/python3.12/site-packages/airflow/example_dags/example_skip_dag.py
[2025-05-30T04:43:11.534+0000] {logging_mixin.py:188} INFO - [2025-05-30T04:43:11.534+0000] {dag.py:3096} INFO - Sync 1 DAGs
[2025-05-30T04:43:11.556+0000] {logging_mixin.py:188} INFO - [2025-05-30T04:43:11.555+0000] {dag.py:3954} INFO - Setting next_dagrun for example_skip_dag to 2025-05-29 00:00:00+00:00, run_after=2025-05-30 00:00:00+00:00
[2025-05-30T04:43:11.572+0000] {processor.py:183} INFO - Processing /home/airflow/.local/lib/python3.12/site-packages/airflow/example_dags/example_skip_dag.py took 0.076 seconds
[2025-05-30T04:43:42.097+0000] {processor.py:161} INFO - Started process (PID=1954) to work on /home/airflow/.local/lib/python3.12/site-packages/airflow/example_dags/example_skip_dag.py
[2025-05-30T04:43:42.097+0000] {processor.py:830} INFO - Processing file /home/airflow/.local/lib/python3.12/site-packages/airflow/example_dags/example_skip_dag.py for tasks to queue
[2025-05-30T04:43:42.099+0000] {logging_mixin.py:188} INFO - [2025-05-30T04:43:42.099+0000] {dagbag.py:545} INFO - Filling up the DagBag from /home/airflow/.local/lib/python3.12/site-packages/airflow/example_dags/example_skip_dag.py
[2025-05-30T04:43:42.104+0000] {processor.py:840} INFO - DAG(s) 'example_skip_dag' retrieved from /home/airflow/.local/lib/python3.12/site-packages/airflow/example_dags/example_skip_dag.py
[2025-05-30T04:43:42.121+0000] {logging_mixin.py:188} INFO - [2025-05-30T04:43:42.121+0000] {dag.py:3096} INFO - Sync 1 DAGs
[2025-05-30T04:43:42.140+0000] {logging_mixin.py:188} INFO - [2025-05-30T04:43:42.139+0000] {dag.py:3954} INFO - Setting next_dagrun for example_skip_dag to 2025-05-29 00:00:00+00:00, run_after=2025-05-30 00:00:00+00:00
[2025-05-30T04:43:42.156+0000] {processor.py:183} INFO - Processing /home/airflow/.local/lib/python3.12/site-packages/airflow/example_dags/example_skip_dag.py took 0.064 seconds
[2025-05-30T04:44:12.658+0000] {processor.py:161} INFO - Started process (PID=2227) to work on /home/airflow/.local/lib/python3.12/site-packages/airflow/example_dags/example_skip_dag.py
[2025-05-30T04:44:12.659+0000] {processor.py:830} INFO - Processing file /home/airflow/.local/lib/python3.12/site-packages/airflow/example_dags/example_skip_dag.py for tasks to queue
[2025-05-30T04:44:12.663+0000] {logging_mixin.py:188} INFO - [2025-05-30T04:44:12.662+0000] {dagbag.py:545} INFO - Filling up the DagBag from /home/airflow/.local/lib/python3.12/site-packages/airflow/example_dags/example_skip_dag.py
[2025-05-30T04:44:12.669+0000] {processor.py:840} INFO - DAG(s) 'example_skip_dag' retrieved from /home/airflow/.local/lib/python3.12/site-packages/airflow/example_dags/example_skip_dag.py
[2025-05-30T04:44:12.691+0000] {logging_mixin.py:188} INFO - [2025-05-30T04:44:12.690+0000] {dag.py:3096} INFO - Sync 1 DAGs
[2025-05-30T04:44:12.716+0000] {logging_mixin.py:188} INFO - [2025-05-30T04:44:12.716+0000] {dag.py:3954} INFO - Setting next_dagrun for example_skip_dag to 2025-05-29 00:00:00+00:00, run_after=2025-05-30 00:00:00+00:00
[2025-05-30T04:44:12.734+0000] {processor.py:183} INFO - Processing /home/airflow/.local/lib/python3.12/site-packages/airflow/example_dags/example_skip_dag.py took 0.084 seconds
[2025-05-30T04:44:43.496+0000] {processor.py:161} INFO - Started process (PID=2500) to work on /home/airflow/.local/lib/python3.12/site-packages/airflow/example_dags/example_skip_dag.py
[2025-05-30T04:44:43.497+0000] {processor.py:830} INFO - Processing file /home/airflow/.local/lib/python3.12/site-packages/airflow/example_dags/example_skip_dag.py for tasks to queue
[2025-05-30T04:44:43.499+0000] {logging_mixin.py:188} INFO - [2025-05-30T04:44:43.499+0000] {dagbag.py:545} INFO - Filling up the DagBag from /home/airflow/.local/lib/python3.12/site-packages/airflow/example_dags/example_skip_dag.py
[2025-05-30T04:44:43.506+0000] {processor.py:840} INFO - DAG(s) 'example_skip_dag' retrieved from /home/airflow/.local/lib/python3.12/site-packages/airflow/example_dags/example_skip_dag.py
[2025-05-30T04:44:43.531+0000] {logging_mixin.py:188} INFO - [2025-05-30T04:44:43.531+0000] {dag.py:3096} INFO - Sync 1 DAGs
[2025-05-30T04:44:43.554+0000] {logging_mixin.py:188} INFO - [2025-05-30T04:44:43.554+0000] {dag.py:3954} INFO - Setting next_dagrun for example_skip_dag to 2025-05-29 00:00:00+00:00, run_after=2025-05-30 00:00:00+00:00
[2025-05-30T04:44:43.574+0000] {processor.py:183} INFO - Processing /home/airflow/.local/lib/python3.12/site-packages/airflow/example_dags/example_skip_dag.py took 0.083 seconds
[2025-05-30T04:45:14.696+0000] {processor.py:161} INFO - Started process (PID=2773) to work on /home/airflow/.local/lib/python3.12/site-packages/airflow/example_dags/example_skip_dag.py
[2025-05-30T04:45:14.696+0000] {processor.py:830} INFO - Processing file /home/airflow/.local/lib/python3.12/site-packages/airflow/example_dags/example_skip_dag.py for tasks to queue
[2025-05-30T04:45:14.698+0000] {logging_mixin.py:188} INFO - [2025-05-30T04:45:14.698+0000] {dagbag.py:545} INFO - Filling up the DagBag from /home/airflow/.local/lib/python3.12/site-packages/airflow/example_dags/example_skip_dag.py
[2025-05-30T04:45:14.705+0000] {processor.py:840} INFO - DAG(s) 'example_skip_dag' retrieved from /home/airflow/.local/lib/python3.12/site-packages/airflow/example_dags/example_skip_dag.py
[2025-05-30T04:45:14.730+0000] {logging_mixin.py:188} INFO - [2025-05-30T04:45:14.730+0000] {dag.py:3096} INFO - Sync 1 DAGs
[2025-05-30T04:45:14.762+0000] {logging_mixin.py:188} INFO - [2025-05-30T04:45:14.762+0000] {dag.py:3954} INFO - Setting next_dagrun for example_skip_dag to 2025-05-29 00:00:00+00:00, run_after=2025-05-30 00:00:00+00:00
[2025-05-30T04:45:14.788+0000] {processor.py:183} INFO - Processing /home/airflow/.local/lib/python3.12/site-packages/airflow/example_dags/example_skip_dag.py took 0.097 seconds
[2025-05-30T04:45:45.340+0000] {processor.py:161} INFO - Started process (PID=3046) to work on /home/airflow/.local/lib/python3.12/site-packages/airflow/example_dags/example_skip_dag.py
[2025-05-30T04:45:45.342+0000] {processor.py:830} INFO - Processing file /home/airflow/.local/lib/python3.12/site-packages/airflow/example_dags/example_skip_dag.py for tasks to queue
[2025-05-30T04:45:45.344+0000] {logging_mixin.py:188} INFO - [2025-05-30T04:45:45.344+0000] {dagbag.py:545} INFO - Filling up the DagBag from /home/airflow/.local/lib/python3.12/site-packages/airflow/example_dags/example_skip_dag.py
[2025-05-30T04:45:45.353+0000] {processor.py:840} INFO - DAG(s) 'example_skip_dag' retrieved from /home/airflow/.local/lib/python3.12/site-packages/airflow/example_dags/example_skip_dag.py
[2025-05-30T04:45:45.378+0000] {logging_mixin.py:188} INFO - [2025-05-30T04:45:45.378+0000] {dag.py:3096} INFO - Sync 1 DAGs
[2025-05-30T04:45:45.408+0000] {logging_mixin.py:188} INFO - [2025-05-30T04:45:45.407+0000] {dag.py:3954} INFO - Setting next_dagrun for example_skip_dag to 2025-05-29 00:00:00+00:00, run_after=2025-05-30 00:00:00+00:00
[2025-05-30T04:45:45.436+0000] {processor.py:183} INFO - Processing /home/airflow/.local/lib/python3.12/site-packages/airflow/example_dags/example_skip_dag.py took 0.102 seconds
[2025-05-30T04:46:17.023+0000] {processor.py:161} INFO - Started process (PID=3318) to work on /home/airflow/.local/lib/python3.12/site-packages/airflow/example_dags/example_skip_dag.py
[2025-05-30T04:46:17.024+0000] {processor.py:830} INFO - Processing file /home/airflow/.local/lib/python3.12/site-packages/airflow/example_dags/example_skip_dag.py for tasks to queue
[2025-05-30T04:46:17.029+0000] {logging_mixin.py:188} INFO - [2025-05-30T04:46:17.028+0000] {dagbag.py:545} INFO - Filling up the DagBag from /home/airflow/.local/lib/python3.12/site-packages/airflow/example_dags/example_skip_dag.py
[2025-05-30T04:46:17.059+0000] {processor.py:840} INFO - DAG(s) 'example_skip_dag' retrieved from /home/airflow/.local/lib/python3.12/site-packages/airflow/example_dags/example_skip_dag.py
[2025-05-30T04:46:17.127+0000] {logging_mixin.py:188} INFO - [2025-05-30T04:46:17.126+0000] {dag.py:3096} INFO - Sync 1 DAGs
[2025-05-30T04:46:17.205+0000] {logging_mixin.py:188} INFO - [2025-05-30T04:46:17.204+0000] {dag.py:3954} INFO - Setting next_dagrun for example_skip_dag to 2025-05-29 00:00:00+00:00, run_after=2025-05-30 00:00:00+00:00
[2025-05-30T04:46:17.285+0000] {processor.py:183} INFO - Processing /home/airflow/.local/lib/python3.12/site-packages/airflow/example_dags/example_skip_dag.py took 0.290 seconds
[2025-05-30T04:46:48.055+0000] {processor.py:161} INFO - Started process (PID=3587) to work on /home/airflow/.local/lib/python3.12/site-packages/airflow/example_dags/example_skip_dag.py
[2025-05-30T04:46:48.056+0000] {processor.py:830} INFO - Processing file /home/airflow/.local/lib/python3.12/site-packages/airflow/example_dags/example_skip_dag.py for tasks to queue
[2025-05-30T04:46:48.058+0000] {logging_mixin.py:188} INFO - [2025-05-30T04:46:48.058+0000] {dagbag.py:545} INFO - Filling up the DagBag from /home/airflow/.local/lib/python3.12/site-packages/airflow/example_dags/example_skip_dag.py
[2025-05-30T04:46:48.064+0000] {processor.py:840} INFO - DAG(s) 'example_skip_dag' retrieved from /home/airflow/.local/lib/python3.12/site-packages/airflow/example_dags/example_skip_dag.py
[2025-05-30T04:46:48.073+0000] {logging_mixin.py:188} INFO - [2025-05-30T04:46:48.073+0000] {dag.py:3096} INFO - Sync 1 DAGs
[2025-05-30T04:46:48.093+0000] {logging_mixin.py:188} INFO - [2025-05-30T04:46:48.092+0000] {dag.py:3954} INFO - Setting next_dagrun for example_skip_dag to 2025-05-29 00:00:00+00:00, run_after=2025-05-30 00:00:00+00:00
[2025-05-30T04:46:48.118+0000] {processor.py:183} INFO - Processing /home/airflow/.local/lib/python3.12/site-packages/airflow/example_dags/example_skip_dag.py took 0.067 seconds
[2025-05-30T04:47:18.324+0000] {processor.py:161} INFO - Started process (PID=3859) to work on /home/airflow/.local/lib/python3.12/site-packages/airflow/example_dags/example_skip_dag.py
[2025-05-30T04:47:18.325+0000] {processor.py:830} INFO - Processing file /home/airflow/.local/lib/python3.12/site-packages/airflow/example_dags/example_skip_dag.py for tasks to queue
[2025-05-30T04:47:18.327+0000] {logging_mixin.py:188} INFO - [2025-05-30T04:47:18.327+0000] {dagbag.py:545} INFO - Filling up the DagBag from /home/airflow/.local/lib/python3.12/site-packages/airflow/example_dags/example_skip_dag.py
[2025-05-30T04:47:18.333+0000] {processor.py:840} INFO - DAG(s) 'example_skip_dag' retrieved from /home/airflow/.local/lib/python3.12/site-packages/airflow/example_dags/example_skip_dag.py
[2025-05-30T04:47:18.434+0000] {logging_mixin.py:188} INFO - [2025-05-30T04:47:18.434+0000] {dag.py:3096} INFO - Sync 1 DAGs
[2025-05-30T04:47:18.452+0000] {logging_mixin.py:188} INFO - [2025-05-30T04:47:18.451+0000] {dag.py:3954} INFO - Setting next_dagrun for example_skip_dag to 2025-05-29 00:00:00+00:00, run_after=2025-05-30 00:00:00+00:00
[2025-05-30T04:47:18.478+0000] {processor.py:183} INFO - Processing /home/airflow/.local/lib/python3.12/site-packages/airflow/example_dags/example_skip_dag.py took 0.159 seconds
[2025-05-30T04:47:48.869+0000] {processor.py:161} INFO - Started process (PID=4130) to work on /home/airflow/.local/lib/python3.12/site-packages/airflow/example_dags/example_skip_dag.py
[2025-05-30T04:47:48.870+0000] {processor.py:830} INFO - Processing file /home/airflow/.local/lib/python3.12/site-packages/airflow/example_dags/example_skip_dag.py for tasks to queue
[2025-05-30T04:47:48.872+0000] {logging_mixin.py:188} INFO - [2025-05-30T04:47:48.872+0000] {dagbag.py:545} INFO - Filling up the DagBag from /home/airflow/.local/lib/python3.12/site-packages/airflow/example_dags/example_skip_dag.py
[2025-05-30T04:47:48.879+0000] {processor.py:840} INFO - DAG(s) 'example_skip_dag' retrieved from /home/airflow/.local/lib/python3.12/site-packages/airflow/example_dags/example_skip_dag.py
[2025-05-30T04:47:48.898+0000] {logging_mixin.py:188} INFO - [2025-05-30T04:47:48.898+0000] {dag.py:3096} INFO - Sync 1 DAGs
[2025-05-30T04:47:48.918+0000] {logging_mixin.py:188} INFO - [2025-05-30T04:47:48.918+0000] {dag.py:3954} INFO - Setting next_dagrun for example_skip_dag to 2025-05-29 00:00:00+00:00, run_after=2025-05-30 00:00:00+00:00
[2025-05-30T04:47:48.936+0000] {processor.py:183} INFO - Processing /home/airflow/.local/lib/python3.12/site-packages/airflow/example_dags/example_skip_dag.py took 0.074 seconds
[2025-05-30T04:48:19.351+0000] {processor.py:161} INFO - Started process (PID=4403) to work on /home/airflow/.local/lib/python3.12/site-packages/airflow/example_dags/example_skip_dag.py
[2025-05-30T04:48:19.352+0000] {processor.py:830} INFO - Processing file /home/airflow/.local/lib/python3.12/site-packages/airflow/example_dags/example_skip_dag.py for tasks to queue
[2025-05-30T04:48:19.353+0000] {logging_mixin.py:188} INFO - [2025-05-30T04:48:19.353+0000] {dagbag.py:545} INFO - Filling up the DagBag from /home/airflow/.local/lib/python3.12/site-packages/airflow/example_dags/example_skip_dag.py
[2025-05-30T04:48:19.359+0000] {processor.py:840} INFO - DAG(s) 'example_skip_dag' retrieved from /home/airflow/.local/lib/python3.12/site-packages/airflow/example_dags/example_skip_dag.py
[2025-05-30T04:48:19.375+0000] {logging_mixin.py:188} INFO - [2025-05-30T04:48:19.375+0000] {dag.py:3096} INFO - Sync 1 DAGs
[2025-05-30T04:48:19.393+0000] {logging_mixin.py:188} INFO - [2025-05-30T04:48:19.392+0000] {dag.py:3954} INFO - Setting next_dagrun for example_skip_dag to 2025-05-29 00:00:00+00:00, run_after=2025-05-30 00:00:00+00:00
[2025-05-30T04:48:19.419+0000] {processor.py:183} INFO - Processing /home/airflow/.local/lib/python3.12/site-packages/airflow/example_dags/example_skip_dag.py took 0.072 seconds
[2025-05-30T04:48:50.069+0000] {processor.py:161} INFO - Started process (PID=4678) to work on /home/airflow/.local/lib/python3.12/site-packages/airflow/example_dags/example_skip_dag.py
[2025-05-30T04:48:50.070+0000] {processor.py:830} INFO - Processing file /home/airflow/.local/lib/python3.12/site-packages/airflow/example_dags/example_skip_dag.py for tasks to queue
[2025-05-30T04:48:50.073+0000] {logging_mixin.py:188} INFO - [2025-05-30T04:48:50.072+0000] {dagbag.py:545} INFO - Filling up the DagBag from /home/airflow/.local/lib/python3.12/site-packages/airflow/example_dags/example_skip_dag.py
[2025-05-30T04:48:50.082+0000] {processor.py:840} INFO - DAG(s) 'example_skip_dag' retrieved from /home/airflow/.local/lib/python3.12/site-packages/airflow/example_dags/example_skip_dag.py
[2025-05-30T04:48:50.102+0000] {logging_mixin.py:188} INFO - [2025-05-30T04:48:50.102+0000] {dag.py:3096} INFO - Sync 1 DAGs
[2025-05-30T04:48:50.125+0000] {logging_mixin.py:188} INFO - [2025-05-30T04:48:50.125+0000] {dag.py:3954} INFO - Setting next_dagrun for example_skip_dag to 2025-05-29 00:00:00+00:00, run_after=2025-05-30 00:00:00+00:00
[2025-05-30T04:48:50.154+0000] {processor.py:183} INFO - Processing /home/airflow/.local/lib/python3.12/site-packages/airflow/example_dags/example_skip_dag.py took 0.093 seconds
[2025-05-30T04:49:20.255+0000] {processor.py:161} INFO - Started process (PID=4951) to work on /home/airflow/.local/lib/python3.12/site-packages/airflow/example_dags/example_skip_dag.py
[2025-05-30T04:49:20.256+0000] {processor.py:830} INFO - Processing file /home/airflow/.local/lib/python3.12/site-packages/airflow/example_dags/example_skip_dag.py for tasks to queue
[2025-05-30T04:49:20.258+0000] {logging_mixin.py:188} INFO - [2025-05-30T04:49:20.257+0000] {dagbag.py:545} INFO - Filling up the DagBag from /home/airflow/.local/lib/python3.12/site-packages/airflow/example_dags/example_skip_dag.py
[2025-05-30T04:49:20.263+0000] {processor.py:840} INFO - DAG(s) 'example_skip_dag' retrieved from /home/airflow/.local/lib/python3.12/site-packages/airflow/example_dags/example_skip_dag.py
[2025-05-30T04:49:20.282+0000] {logging_mixin.py:188} INFO - [2025-05-30T04:49:20.281+0000] {dag.py:3096} INFO - Sync 1 DAGs
[2025-05-30T04:49:20.301+0000] {logging_mixin.py:188} INFO - [2025-05-30T04:49:20.301+0000] {dag.py:3954} INFO - Setting next_dagrun for example_skip_dag to 2025-05-29 00:00:00+00:00, run_after=2025-05-30 00:00:00+00:00
[2025-05-30T04:49:20.317+0000] {processor.py:183} INFO - Processing /home/airflow/.local/lib/python3.12/site-packages/airflow/example_dags/example_skip_dag.py took 0.067 seconds
[2025-05-30T05:20:45.793+0000] {processor.py:161} INFO - Started process (PID=5245) to work on /home/airflow/.local/lib/python3.12/site-packages/airflow/example_dags/example_skip_dag.py
[2025-05-30T05:20:45.794+0000] {processor.py:830} INFO - Processing file /home/airflow/.local/lib/python3.12/site-packages/airflow/example_dags/example_skip_dag.py for tasks to queue
[2025-05-30T05:20:45.796+0000] {logging_mixin.py:188} INFO - [2025-05-30T05:20:45.795+0000] {dagbag.py:545} INFO - Filling up the DagBag from /home/airflow/.local/lib/python3.12/site-packages/airflow/example_dags/example_skip_dag.py
[2025-05-30T05:20:45.803+0000] {processor.py:840} INFO - DAG(s) 'example_skip_dag' retrieved from /home/airflow/.local/lib/python3.12/site-packages/airflow/example_dags/example_skip_dag.py
[2025-05-30T05:20:45.823+0000] {logging_mixin.py:188} INFO - [2025-05-30T05:20:45.823+0000] {dag.py:3096} INFO - Sync 1 DAGs
[2025-05-30T05:20:45.858+0000] {logging_mixin.py:188} INFO - [2025-05-30T05:20:45.858+0000] {dag.py:3954} INFO - Setting next_dagrun for example_skip_dag to 2025-05-29 00:00:00+00:00, run_after=2025-05-30 00:00:00+00:00
[2025-05-30T05:20:45.880+0000] {processor.py:183} INFO - Processing /home/airflow/.local/lib/python3.12/site-packages/airflow/example_dags/example_skip_dag.py took 0.094 seconds
[2025-05-30T05:21:16.823+0000] {processor.py:161} INFO - Started process (PID=5518) to work on /home/airflow/.local/lib/python3.12/site-packages/airflow/example_dags/example_skip_dag.py
[2025-05-30T05:21:16.824+0000] {processor.py:830} INFO - Processing file /home/airflow/.local/lib/python3.12/site-packages/airflow/example_dags/example_skip_dag.py for tasks to queue
[2025-05-30T05:21:16.825+0000] {logging_mixin.py:188} INFO - [2025-05-30T05:21:16.825+0000] {dagbag.py:545} INFO - Filling up the DagBag from /home/airflow/.local/lib/python3.12/site-packages/airflow/example_dags/example_skip_dag.py
[2025-05-30T05:21:16.831+0000] {processor.py:840} INFO - DAG(s) 'example_skip_dag' retrieved from /home/airflow/.local/lib/python3.12/site-packages/airflow/example_dags/example_skip_dag.py
[2025-05-30T05:21:16.848+0000] {logging_mixin.py:188} INFO - [2025-05-30T05:21:16.848+0000] {dag.py:3096} INFO - Sync 1 DAGs
[2025-05-30T05:21:16.867+0000] {logging_mixin.py:188} INFO - [2025-05-30T05:21:16.867+0000] {dag.py:3954} INFO - Setting next_dagrun for example_skip_dag to 2025-05-29 00:00:00+00:00, run_after=2025-05-30 00:00:00+00:00
[2025-05-30T05:21:16.884+0000] {processor.py:183} INFO - Processing /home/airflow/.local/lib/python3.12/site-packages/airflow/example_dags/example_skip_dag.py took 0.066 seconds
[2025-05-30T05:21:47.575+0000] {processor.py:161} INFO - Started process (PID=5791) to work on /home/airflow/.local/lib/python3.12/site-packages/airflow/example_dags/example_skip_dag.py
[2025-05-30T05:21:47.576+0000] {processor.py:830} INFO - Processing file /home/airflow/.local/lib/python3.12/site-packages/airflow/example_dags/example_skip_dag.py for tasks to queue
[2025-05-30T05:21:47.578+0000] {logging_mixin.py:188} INFO - [2025-05-30T05:21:47.578+0000] {dagbag.py:545} INFO - Filling up the DagBag from /home/airflow/.local/lib/python3.12/site-packages/airflow/example_dags/example_skip_dag.py
[2025-05-30T05:21:47.588+0000] {processor.py:840} INFO - DAG(s) 'example_skip_dag' retrieved from /home/airflow/.local/lib/python3.12/site-packages/airflow/example_dags/example_skip_dag.py
[2025-05-30T05:21:47.613+0000] {logging_mixin.py:188} INFO - [2025-05-30T05:21:47.612+0000] {dag.py:3096} INFO - Sync 1 DAGs
[2025-05-30T05:21:47.639+0000] {logging_mixin.py:188} INFO - [2025-05-30T05:21:47.639+0000] {dag.py:3954} INFO - Setting next_dagrun for example_skip_dag to 2025-05-29 00:00:00+00:00, run_after=2025-05-30 00:00:00+00:00
[2025-05-30T05:21:47.805+0000] {processor.py:183} INFO - Processing /home/airflow/.local/lib/python3.12/site-packages/airflow/example_dags/example_skip_dag.py took 0.238 seconds
[2025-05-30T05:22:18.346+0000] {processor.py:161} INFO - Started process (PID=6064) to work on /home/airflow/.local/lib/python3.12/site-packages/airflow/example_dags/example_skip_dag.py
[2025-05-30T05:22:18.347+0000] {processor.py:830} INFO - Processing file /home/airflow/.local/lib/python3.12/site-packages/airflow/example_dags/example_skip_dag.py for tasks to queue
[2025-05-30T05:22:18.350+0000] {logging_mixin.py:188} INFO - [2025-05-30T05:22:18.349+0000] {dagbag.py:545} INFO - Filling up the DagBag from /home/airflow/.local/lib/python3.12/site-packages/airflow/example_dags/example_skip_dag.py
[2025-05-30T05:22:18.359+0000] {processor.py:840} INFO - DAG(s) 'example_skip_dag' retrieved from /home/airflow/.local/lib/python3.12/site-packages/airflow/example_dags/example_skip_dag.py
[2025-05-30T05:22:18.383+0000] {logging_mixin.py:188} INFO - [2025-05-30T05:22:18.383+0000] {dag.py:3096} INFO - Sync 1 DAGs
[2025-05-30T05:22:18.412+0000] {logging_mixin.py:188} INFO - [2025-05-30T05:22:18.411+0000] {dag.py:3954} INFO - Setting next_dagrun for example_skip_dag to 2025-05-29 00:00:00+00:00, run_after=2025-05-30 00:00:00+00:00
[2025-05-30T05:22:18.438+0000] {processor.py:183} INFO - Processing /home/airflow/.local/lib/python3.12/site-packages/airflow/example_dags/example_skip_dag.py took 0.100 seconds
[2025-05-30T05:22:49.540+0000] {processor.py:161} INFO - Started process (PID=6337) to work on /home/airflow/.local/lib/python3.12/site-packages/airflow/example_dags/example_skip_dag.py
[2025-05-30T05:22:49.541+0000] {processor.py:830} INFO - Processing file /home/airflow/.local/lib/python3.12/site-packages/airflow/example_dags/example_skip_dag.py for tasks to queue
[2025-05-30T05:22:49.543+0000] {logging_mixin.py:188} INFO - [2025-05-30T05:22:49.543+0000] {dagbag.py:545} INFO - Filling up the DagBag from /home/airflow/.local/lib/python3.12/site-packages/airflow/example_dags/example_skip_dag.py
[2025-05-30T05:22:49.551+0000] {processor.py:840} INFO - DAG(s) 'example_skip_dag' retrieved from /home/airflow/.local/lib/python3.12/site-packages/airflow/example_dags/example_skip_dag.py
[2025-05-30T05:22:49.573+0000] {logging_mixin.py:188} INFO - [2025-05-30T05:22:49.573+0000] {dag.py:3096} INFO - Sync 1 DAGs
[2025-05-30T05:22:49.597+0000] {logging_mixin.py:188} INFO - [2025-05-30T05:22:49.597+0000] {dag.py:3954} INFO - Setting next_dagrun for example_skip_dag to 2025-05-29 00:00:00+00:00, run_after=2025-05-30 00:00:00+00:00
[2025-05-30T05:22:49.617+0000] {processor.py:183} INFO - Processing /home/airflow/.local/lib/python3.12/site-packages/airflow/example_dags/example_skip_dag.py took 0.084 seconds
[2025-05-30T05:23:21.505+0000] {processor.py:161} INFO - Started process (PID=6610) to work on /home/airflow/.local/lib/python3.12/site-packages/airflow/example_dags/example_skip_dag.py
[2025-05-30T05:23:21.506+0000] {processor.py:830} INFO - Processing file /home/airflow/.local/lib/python3.12/site-packages/airflow/example_dags/example_skip_dag.py for tasks to queue
[2025-05-30T05:23:21.508+0000] {logging_mixin.py:188} INFO - [2025-05-30T05:23:21.508+0000] {dagbag.py:545} INFO - Filling up the DagBag from /home/airflow/.local/lib/python3.12/site-packages/airflow/example_dags/example_skip_dag.py
[2025-05-30T05:23:21.514+0000] {processor.py:840} INFO - DAG(s) 'example_skip_dag' retrieved from /home/airflow/.local/lib/python3.12/site-packages/airflow/example_dags/example_skip_dag.py
[2025-05-30T05:23:21.531+0000] {logging_mixin.py:188} INFO - [2025-05-30T05:23:21.531+0000] {dag.py:3096} INFO - Sync 1 DAGs
[2025-05-30T05:23:21.551+0000] {logging_mixin.py:188} INFO - [2025-05-30T05:23:21.551+0000] {dag.py:3954} INFO - Setting next_dagrun for example_skip_dag to 2025-05-29 00:00:00+00:00, run_after=2025-05-30 00:00:00+00:00
[2025-05-30T05:23:21.566+0000] {processor.py:183} INFO - Processing /home/airflow/.local/lib/python3.12/site-packages/airflow/example_dags/example_skip_dag.py took 0.065 seconds
[2025-05-30T05:23:53.036+0000] {processor.py:161} INFO - Started process (PID=6883) to work on /home/airflow/.local/lib/python3.12/site-packages/airflow/example_dags/example_skip_dag.py
[2025-05-30T05:23:53.037+0000] {processor.py:830} INFO - Processing file /home/airflow/.local/lib/python3.12/site-packages/airflow/example_dags/example_skip_dag.py for tasks to queue
[2025-05-30T05:23:53.040+0000] {logging_mixin.py:188} INFO - [2025-05-30T05:23:53.039+0000] {dagbag.py:545} INFO - Filling up the DagBag from /home/airflow/.local/lib/python3.12/site-packages/airflow/example_dags/example_skip_dag.py
[2025-05-30T05:23:53.048+0000] {processor.py:840} INFO - DAG(s) 'example_skip_dag' retrieved from /home/airflow/.local/lib/python3.12/site-packages/airflow/example_dags/example_skip_dag.py
[2025-05-30T05:23:53.072+0000] {logging_mixin.py:188} INFO - [2025-05-30T05:23:53.072+0000] {dag.py:3096} INFO - Sync 1 DAGs
[2025-05-30T05:23:53.096+0000] {logging_mixin.py:188} INFO - [2025-05-30T05:23:53.096+0000] {dag.py:3954} INFO - Setting next_dagrun for example_skip_dag to 2025-05-29 00:00:00+00:00, run_after=2025-05-30 00:00:00+00:00
[2025-05-30T05:23:53.319+0000] {processor.py:183} INFO - Processing /home/airflow/.local/lib/python3.12/site-packages/airflow/example_dags/example_skip_dag.py took 0.289 seconds
[2025-05-30T05:24:23.928+0000] {processor.py:161} INFO - Started process (PID=7158) to work on /home/airflow/.local/lib/python3.12/site-packages/airflow/example_dags/example_skip_dag.py
[2025-05-30T05:24:23.929+0000] {processor.py:830} INFO - Processing file /home/airflow/.local/lib/python3.12/site-packages/airflow/example_dags/example_skip_dag.py for tasks to queue
[2025-05-30T05:24:23.931+0000] {logging_mixin.py:188} INFO - [2025-05-30T05:24:23.931+0000] {dagbag.py:545} INFO - Filling up the DagBag from /home/airflow/.local/lib/python3.12/site-packages/airflow/example_dags/example_skip_dag.py
[2025-05-30T05:24:23.937+0000] {processor.py:840} INFO - DAG(s) 'example_skip_dag' retrieved from /home/airflow/.local/lib/python3.12/site-packages/airflow/example_dags/example_skip_dag.py
[2025-05-30T05:24:23.954+0000] {logging_mixin.py:188} INFO - [2025-05-30T05:24:23.954+0000] {dag.py:3096} INFO - Sync 1 DAGs
[2025-05-30T05:24:23.972+0000] {logging_mixin.py:188} INFO - [2025-05-30T05:24:23.972+0000] {dag.py:3954} INFO - Setting next_dagrun for example_skip_dag to 2025-05-29 00:00:00+00:00, run_after=2025-05-30 00:00:00+00:00
[2025-05-30T05:24:23.993+0000] {processor.py:183} INFO - Processing /home/airflow/.local/lib/python3.12/site-packages/airflow/example_dags/example_skip_dag.py took 0.069 seconds
[2025-05-30T05:24:54.744+0000] {processor.py:161} INFO - Started process (PID=7429) to work on /home/airflow/.local/lib/python3.12/site-packages/airflow/example_dags/example_skip_dag.py
[2025-05-30T05:24:54.745+0000] {processor.py:830} INFO - Processing file /home/airflow/.local/lib/python3.12/site-packages/airflow/example_dags/example_skip_dag.py for tasks to queue
[2025-05-30T05:24:54.747+0000] {logging_mixin.py:188} INFO - [2025-05-30T05:24:54.746+0000] {dagbag.py:545} INFO - Filling up the DagBag from /home/airflow/.local/lib/python3.12/site-packages/airflow/example_dags/example_skip_dag.py
[2025-05-30T05:24:54.752+0000] {processor.py:840} INFO - DAG(s) 'example_skip_dag' retrieved from /home/airflow/.local/lib/python3.12/site-packages/airflow/example_dags/example_skip_dag.py
[2025-05-30T05:24:54.771+0000] {logging_mixin.py:188} INFO - [2025-05-30T05:24:54.771+0000] {dag.py:3096} INFO - Sync 1 DAGs
[2025-05-30T05:24:54.794+0000] {logging_mixin.py:188} INFO - [2025-05-30T05:24:54.793+0000] {dag.py:3954} INFO - Setting next_dagrun for example_skip_dag to 2025-05-29 00:00:00+00:00, run_after=2025-05-30 00:00:00+00:00
[2025-05-30T05:24:54.813+0000] {processor.py:183} INFO - Processing /home/airflow/.local/lib/python3.12/site-packages/airflow/example_dags/example_skip_dag.py took 0.074 seconds
[2025-05-30T05:25:25.435+0000] {processor.py:161} INFO - Started process (PID=7702) to work on /home/airflow/.local/lib/python3.12/site-packages/airflow/example_dags/example_skip_dag.py
[2025-05-30T05:25:25.436+0000] {processor.py:830} INFO - Processing file /home/airflow/.local/lib/python3.12/site-packages/airflow/example_dags/example_skip_dag.py for tasks to queue
[2025-05-30T05:25:25.439+0000] {logging_mixin.py:188} INFO - [2025-05-30T05:25:25.439+0000] {dagbag.py:545} INFO - Filling up the DagBag from /home/airflow/.local/lib/python3.12/site-packages/airflow/example_dags/example_skip_dag.py
[2025-05-30T05:25:25.449+0000] {processor.py:840} INFO - DAG(s) 'example_skip_dag' retrieved from /home/airflow/.local/lib/python3.12/site-packages/airflow/example_dags/example_skip_dag.py
[2025-05-30T05:25:25.476+0000] {logging_mixin.py:188} INFO - [2025-05-30T05:25:25.475+0000] {dag.py:3096} INFO - Sync 1 DAGs
[2025-05-30T05:25:25.502+0000] {logging_mixin.py:188} INFO - [2025-05-30T05:25:25.501+0000] {dag.py:3954} INFO - Setting next_dagrun for example_skip_dag to 2025-05-29 00:00:00+00:00, run_after=2025-05-30 00:00:00+00:00
[2025-05-30T05:25:25.527+0000] {processor.py:183} INFO - Processing /home/airflow/.local/lib/python3.12/site-packages/airflow/example_dags/example_skip_dag.py took 0.100 seconds
[2025-05-30T05:25:56.047+0000] {processor.py:161} INFO - Started process (PID=7975) to work on /home/airflow/.local/lib/python3.12/site-packages/airflow/example_dags/example_skip_dag.py
[2025-05-30T05:25:56.047+0000] {processor.py:830} INFO - Processing file /home/airflow/.local/lib/python3.12/site-packages/airflow/example_dags/example_skip_dag.py for tasks to queue
[2025-05-30T05:25:56.049+0000] {logging_mixin.py:188} INFO - [2025-05-30T05:25:56.049+0000] {dagbag.py:545} INFO - Filling up the DagBag from /home/airflow/.local/lib/python3.12/site-packages/airflow/example_dags/example_skip_dag.py
[2025-05-30T05:25:56.055+0000] {processor.py:840} INFO - DAG(s) 'example_skip_dag' retrieved from /home/airflow/.local/lib/python3.12/site-packages/airflow/example_dags/example_skip_dag.py
[2025-05-30T05:25:56.078+0000] {logging_mixin.py:188} INFO - [2025-05-30T05:25:56.078+0000] {dag.py:3096} INFO - Sync 1 DAGs
[2025-05-30T05:25:56.102+0000] {logging_mixin.py:188} INFO - [2025-05-30T05:25:56.102+0000] {dag.py:3954} INFO - Setting next_dagrun for example_skip_dag to 2025-05-29 00:00:00+00:00, run_after=2025-05-30 00:00:00+00:00
[2025-05-30T05:25:56.132+0000] {processor.py:183} INFO - Processing /home/airflow/.local/lib/python3.12/site-packages/airflow/example_dags/example_skip_dag.py took 0.091 seconds
[2025-05-30T05:26:26.523+0000] {processor.py:161} INFO - Started process (PID=8248) to work on /home/airflow/.local/lib/python3.12/site-packages/airflow/example_dags/example_skip_dag.py
[2025-05-30T05:26:26.523+0000] {processor.py:830} INFO - Processing file /home/airflow/.local/lib/python3.12/site-packages/airflow/example_dags/example_skip_dag.py for tasks to queue
[2025-05-30T05:26:26.525+0000] {logging_mixin.py:188} INFO - [2025-05-30T05:26:26.525+0000] {dagbag.py:545} INFO - Filling up the DagBag from /home/airflow/.local/lib/python3.12/site-packages/airflow/example_dags/example_skip_dag.py
[2025-05-30T05:26:26.533+0000] {processor.py:840} INFO - DAG(s) 'example_skip_dag' retrieved from /home/airflow/.local/lib/python3.12/site-packages/airflow/example_dags/example_skip_dag.py
[2025-05-30T05:26:26.553+0000] {logging_mixin.py:188} INFO - [2025-05-30T05:26:26.553+0000] {dag.py:3096} INFO - Sync 1 DAGs
[2025-05-30T05:26:26.578+0000] {logging_mixin.py:188} INFO - [2025-05-30T05:26:26.577+0000] {dag.py:3954} INFO - Setting next_dagrun for example_skip_dag to 2025-05-29 00:00:00+00:00, run_after=2025-05-30 00:00:00+00:00
[2025-05-30T05:26:26.597+0000] {processor.py:183} INFO - Processing /home/airflow/.local/lib/python3.12/site-packages/airflow/example_dags/example_skip_dag.py took 0.081 seconds
[2025-05-30T05:26:57.351+0000] {processor.py:161} INFO - Started process (PID=8520) to work on /home/airflow/.local/lib/python3.12/site-packages/airflow/example_dags/example_skip_dag.py
[2025-05-30T05:26:57.352+0000] {processor.py:830} INFO - Processing file /home/airflow/.local/lib/python3.12/site-packages/airflow/example_dags/example_skip_dag.py for tasks to queue
[2025-05-30T05:26:57.354+0000] {logging_mixin.py:188} INFO - [2025-05-30T05:26:57.354+0000] {dagbag.py:545} INFO - Filling up the DagBag from /home/airflow/.local/lib/python3.12/site-packages/airflow/example_dags/example_skip_dag.py
[2025-05-30T05:26:57.362+0000] {processor.py:840} INFO - DAG(s) 'example_skip_dag' retrieved from /home/airflow/.local/lib/python3.12/site-packages/airflow/example_dags/example_skip_dag.py
[2025-05-30T05:26:57.388+0000] {logging_mixin.py:188} INFO - [2025-05-30T05:26:57.388+0000] {dag.py:3096} INFO - Sync 1 DAGs
[2025-05-30T05:26:57.415+0000] {logging_mixin.py:188} INFO - [2025-05-30T05:26:57.414+0000] {dag.py:3954} INFO - Setting next_dagrun for example_skip_dag to 2025-05-29 00:00:00+00:00, run_after=2025-05-30 00:00:00+00:00
[2025-05-30T05:26:57.439+0000] {processor.py:183} INFO - Processing /home/airflow/.local/lib/python3.12/site-packages/airflow/example_dags/example_skip_dag.py took 0.095 seconds
[2025-05-30T05:27:28.226+0000] {processor.py:161} INFO - Started process (PID=8793) to work on /home/airflow/.local/lib/python3.12/site-packages/airflow/example_dags/example_skip_dag.py
[2025-05-30T05:27:28.227+0000] {processor.py:830} INFO - Processing file /home/airflow/.local/lib/python3.12/site-packages/airflow/example_dags/example_skip_dag.py for tasks to queue
[2025-05-30T05:27:28.229+0000] {logging_mixin.py:188} INFO - [2025-05-30T05:27:28.229+0000] {dagbag.py:545} INFO - Filling up the DagBag from /home/airflow/.local/lib/python3.12/site-packages/airflow/example_dags/example_skip_dag.py
[2025-05-30T05:27:28.239+0000] {processor.py:840} INFO - DAG(s) 'example_skip_dag' retrieved from /home/airflow/.local/lib/python3.12/site-packages/airflow/example_dags/example_skip_dag.py
[2025-05-30T05:27:28.268+0000] {logging_mixin.py:188} INFO - [2025-05-30T05:27:28.268+0000] {dag.py:3096} INFO - Sync 1 DAGs
[2025-05-30T05:27:28.303+0000] {logging_mixin.py:188} INFO - [2025-05-30T05:27:28.303+0000] {dag.py:3954} INFO - Setting next_dagrun for example_skip_dag to 2025-05-29 00:00:00+00:00, run_after=2025-05-30 00:00:00+00:00
[2025-05-30T05:27:28.362+0000] {processor.py:183} INFO - Processing /home/airflow/.local/lib/python3.12/site-packages/airflow/example_dags/example_skip_dag.py took 0.144 seconds
[2025-05-30T05:27:58.937+0000] {processor.py:161} INFO - Started process (PID=9066) to work on /home/airflow/.local/lib/python3.12/site-packages/airflow/example_dags/example_skip_dag.py
[2025-05-30T05:27:58.938+0000] {processor.py:830} INFO - Processing file /home/airflow/.local/lib/python3.12/site-packages/airflow/example_dags/example_skip_dag.py for tasks to queue
[2025-05-30T05:27:58.940+0000] {logging_mixin.py:188} INFO - [2025-05-30T05:27:58.940+0000] {dagbag.py:545} INFO - Filling up the DagBag from /home/airflow/.local/lib/python3.12/site-packages/airflow/example_dags/example_skip_dag.py
[2025-05-30T05:27:58.947+0000] {processor.py:840} INFO - DAG(s) 'example_skip_dag' retrieved from /home/airflow/.local/lib/python3.12/site-packages/airflow/example_dags/example_skip_dag.py
[2025-05-30T05:27:58.968+0000] {logging_mixin.py:188} INFO - [2025-05-30T05:27:58.968+0000] {dag.py:3096} INFO - Sync 1 DAGs
[2025-05-30T05:27:58.990+0000] {logging_mixin.py:188} INFO - [2025-05-30T05:27:58.990+0000] {dag.py:3954} INFO - Setting next_dagrun for example_skip_dag to 2025-05-29 00:00:00+00:00, run_after=2025-05-30 00:00:00+00:00
[2025-05-30T05:27:59.010+0000] {processor.py:183} INFO - Processing /home/airflow/.local/lib/python3.12/site-packages/airflow/example_dags/example_skip_dag.py took 0.077 seconds
[2025-05-30T05:28:29.643+0000] {processor.py:161} INFO - Started process (PID=9339) to work on /home/airflow/.local/lib/python3.12/site-packages/airflow/example_dags/example_skip_dag.py
[2025-05-30T05:28:29.644+0000] {processor.py:830} INFO - Processing file /home/airflow/.local/lib/python3.12/site-packages/airflow/example_dags/example_skip_dag.py for tasks to queue
[2025-05-30T05:28:29.648+0000] {logging_mixin.py:188} INFO - [2025-05-30T05:28:29.648+0000] {dagbag.py:545} INFO - Filling up the DagBag from /home/airflow/.local/lib/python3.12/site-packages/airflow/example_dags/example_skip_dag.py
[2025-05-30T05:28:29.657+0000] {processor.py:840} INFO - DAG(s) 'example_skip_dag' retrieved from /home/airflow/.local/lib/python3.12/site-packages/airflow/example_dags/example_skip_dag.py
[2025-05-30T05:28:29.680+0000] {logging_mixin.py:188} INFO - [2025-05-30T05:28:29.680+0000] {dag.py:3096} INFO - Sync 1 DAGs
[2025-05-30T05:28:29.703+0000] {logging_mixin.py:188} INFO - [2025-05-30T05:28:29.702+0000] {dag.py:3954} INFO - Setting next_dagrun for example_skip_dag to 2025-05-29 00:00:00+00:00, run_after=2025-05-30 00:00:00+00:00
[2025-05-30T05:28:29.719+0000] {processor.py:183} INFO - Processing /home/airflow/.local/lib/python3.12/site-packages/airflow/example_dags/example_skip_dag.py took 0.083 seconds
[2025-05-30T05:29:00.317+0000] {processor.py:161} INFO - Started process (PID=9614) to work on /home/airflow/.local/lib/python3.12/site-packages/airflow/example_dags/example_skip_dag.py
[2025-05-30T05:29:00.318+0000] {processor.py:830} INFO - Processing file /home/airflow/.local/lib/python3.12/site-packages/airflow/example_dags/example_skip_dag.py for tasks to queue
[2025-05-30T05:29:00.321+0000] {logging_mixin.py:188} INFO - [2025-05-30T05:29:00.320+0000] {dagbag.py:545} INFO - Filling up the DagBag from /home/airflow/.local/lib/python3.12/site-packages/airflow/example_dags/example_skip_dag.py
[2025-05-30T05:29:00.329+0000] {processor.py:840} INFO - DAG(s) 'example_skip_dag' retrieved from /home/airflow/.local/lib/python3.12/site-packages/airflow/example_dags/example_skip_dag.py
[2025-05-30T05:29:00.361+0000] {logging_mixin.py:188} INFO - [2025-05-30T05:29:00.360+0000] {dag.py:3096} INFO - Sync 1 DAGs
[2025-05-30T05:29:00.402+0000] {logging_mixin.py:188} INFO - [2025-05-30T05:29:00.402+0000] {dag.py:3954} INFO - Setting next_dagrun for example_skip_dag to 2025-05-29 00:00:00+00:00, run_after=2025-05-30 00:00:00+00:00
[2025-05-30T05:29:00.429+0000] {processor.py:183} INFO - Processing /home/airflow/.local/lib/python3.12/site-packages/airflow/example_dags/example_skip_dag.py took 0.119 seconds
[2025-05-30T05:29:31.344+0000] {processor.py:161} INFO - Started process (PID=9887) to work on /home/airflow/.local/lib/python3.12/site-packages/airflow/example_dags/example_skip_dag.py
[2025-05-30T05:29:31.346+0000] {processor.py:830} INFO - Processing file /home/airflow/.local/lib/python3.12/site-packages/airflow/example_dags/example_skip_dag.py for tasks to queue
[2025-05-30T05:29:31.348+0000] {logging_mixin.py:188} INFO - [2025-05-30T05:29:31.348+0000] {dagbag.py:545} INFO - Filling up the DagBag from /home/airflow/.local/lib/python3.12/site-packages/airflow/example_dags/example_skip_dag.py
[2025-05-30T05:29:31.355+0000] {processor.py:840} INFO - DAG(s) 'example_skip_dag' retrieved from /home/airflow/.local/lib/python3.12/site-packages/airflow/example_dags/example_skip_dag.py
[2025-05-30T05:29:31.377+0000] {logging_mixin.py:188} INFO - [2025-05-30T05:29:31.377+0000] {dag.py:3096} INFO - Sync 1 DAGs
[2025-05-30T05:29:31.399+0000] {logging_mixin.py:188} INFO - [2025-05-30T05:29:31.399+0000] {dag.py:3954} INFO - Setting next_dagrun for example_skip_dag to 2025-05-29 00:00:00+00:00, run_after=2025-05-30 00:00:00+00:00
[2025-05-30T05:29:31.415+0000] {processor.py:183} INFO - Processing /home/airflow/.local/lib/python3.12/site-packages/airflow/example_dags/example_skip_dag.py took 0.077 seconds
[2025-05-30T05:30:01.672+0000] {processor.py:161} INFO - Started process (PID=10160) to work on /home/airflow/.local/lib/python3.12/site-packages/airflow/example_dags/example_skip_dag.py
[2025-05-30T05:30:01.673+0000] {processor.py:830} INFO - Processing file /home/airflow/.local/lib/python3.12/site-packages/airflow/example_dags/example_skip_dag.py for tasks to queue
[2025-05-30T05:30:01.675+0000] {logging_mixin.py:188} INFO - [2025-05-30T05:30:01.675+0000] {dagbag.py:545} INFO - Filling up the DagBag from /home/airflow/.local/lib/python3.12/site-packages/airflow/example_dags/example_skip_dag.py
[2025-05-30T05:30:01.680+0000] {processor.py:840} INFO - DAG(s) 'example_skip_dag' retrieved from /home/airflow/.local/lib/python3.12/site-packages/airflow/example_dags/example_skip_dag.py
[2025-05-30T05:30:01.697+0000] {logging_mixin.py:188} INFO - [2025-05-30T05:30:01.697+0000] {dag.py:3096} INFO - Sync 1 DAGs
[2025-05-30T05:30:01.718+0000] {logging_mixin.py:188} INFO - [2025-05-30T05:30:01.717+0000] {dag.py:3954} INFO - Setting next_dagrun for example_skip_dag to 2025-05-29 00:00:00+00:00, run_after=2025-05-30 00:00:00+00:00
[2025-05-30T05:30:01.736+0000] {processor.py:183} INFO - Processing /home/airflow/.local/lib/python3.12/site-packages/airflow/example_dags/example_skip_dag.py took 0.070 seconds
[2025-05-30T05:30:31.925+0000] {processor.py:161} INFO - Started process (PID=10432) to work on /home/airflow/.local/lib/python3.12/site-packages/airflow/example_dags/example_skip_dag.py
[2025-05-30T05:30:31.925+0000] {processor.py:830} INFO - Processing file /home/airflow/.local/lib/python3.12/site-packages/airflow/example_dags/example_skip_dag.py for tasks to queue
[2025-05-30T05:30:31.927+0000] {logging_mixin.py:188} INFO - [2025-05-30T05:30:31.927+0000] {dagbag.py:545} INFO - Filling up the DagBag from /home/airflow/.local/lib/python3.12/site-packages/airflow/example_dags/example_skip_dag.py
[2025-05-30T05:30:31.933+0000] {processor.py:840} INFO - DAG(s) 'example_skip_dag' retrieved from /home/airflow/.local/lib/python3.12/site-packages/airflow/example_dags/example_skip_dag.py
[2025-05-30T05:30:31.950+0000] {logging_mixin.py:188} INFO - [2025-05-30T05:30:31.950+0000] {dag.py:3096} INFO - Sync 1 DAGs
[2025-05-30T05:30:31.969+0000] {logging_mixin.py:188} INFO - [2025-05-30T05:30:31.968+0000] {dag.py:3954} INFO - Setting next_dagrun for example_skip_dag to 2025-05-29 00:00:00+00:00, run_after=2025-05-30 00:00:00+00:00
[2025-05-30T05:30:31.984+0000] {processor.py:183} INFO - Processing /home/airflow/.local/lib/python3.12/site-packages/airflow/example_dags/example_skip_dag.py took 0.065 seconds
[2025-05-30T05:31:02.007+0000] {processor.py:161} INFO - Started process (PID=10705) to work on /home/airflow/.local/lib/python3.12/site-packages/airflow/example_dags/example_skip_dag.py
[2025-05-30T05:31:02.008+0000] {processor.py:830} INFO - Processing file /home/airflow/.local/lib/python3.12/site-packages/airflow/example_dags/example_skip_dag.py for tasks to queue
[2025-05-30T05:31:02.010+0000] {logging_mixin.py:188} INFO - [2025-05-30T05:31:02.009+0000] {dagbag.py:545} INFO - Filling up the DagBag from /home/airflow/.local/lib/python3.12/site-packages/airflow/example_dags/example_skip_dag.py
[2025-05-30T05:31:02.016+0000] {processor.py:840} INFO - DAG(s) 'example_skip_dag' retrieved from /home/airflow/.local/lib/python3.12/site-packages/airflow/example_dags/example_skip_dag.py
[2025-05-30T05:31:02.035+0000] {logging_mixin.py:188} INFO - [2025-05-30T05:31:02.035+0000] {dag.py:3096} INFO - Sync 1 DAGs
[2025-05-30T05:31:02.058+0000] {logging_mixin.py:188} INFO - [2025-05-30T05:31:02.058+0000] {dag.py:3954} INFO - Setting next_dagrun for example_skip_dag to 2025-05-29 00:00:00+00:00, run_after=2025-05-30 00:00:00+00:00
[2025-05-30T05:31:02.079+0000] {processor.py:183} INFO - Processing /home/airflow/.local/lib/python3.12/site-packages/airflow/example_dags/example_skip_dag.py took 0.077 seconds
[2025-05-30T05:31:32.119+0000] {processor.py:161} INFO - Started process (PID=10975) to work on /home/airflow/.local/lib/python3.12/site-packages/airflow/example_dags/example_skip_dag.py
[2025-05-30T05:31:32.119+0000] {processor.py:830} INFO - Processing file /home/airflow/.local/lib/python3.12/site-packages/airflow/example_dags/example_skip_dag.py for tasks to queue
[2025-05-30T05:31:32.122+0000] {logging_mixin.py:188} INFO - [2025-05-30T05:31:32.121+0000] {dagbag.py:545} INFO - Filling up the DagBag from /home/airflow/.local/lib/python3.12/site-packages/airflow/example_dags/example_skip_dag.py
[2025-05-30T05:31:32.127+0000] {processor.py:840} INFO - DAG(s) 'example_skip_dag' retrieved from /home/airflow/.local/lib/python3.12/site-packages/airflow/example_dags/example_skip_dag.py
[2025-05-30T05:31:32.150+0000] {logging_mixin.py:188} INFO - [2025-05-30T05:31:32.150+0000] {dag.py:3096} INFO - Sync 1 DAGs
[2025-05-30T05:31:32.171+0000] {logging_mixin.py:188} INFO - [2025-05-30T05:31:32.171+0000] {dag.py:3954} INFO - Setting next_dagrun for example_skip_dag to 2025-05-29 00:00:00+00:00, run_after=2025-05-30 00:00:00+00:00
[2025-05-30T05:31:32.188+0000] {processor.py:183} INFO - Processing /home/airflow/.local/lib/python3.12/site-packages/airflow/example_dags/example_skip_dag.py took 0.074 seconds
[2025-05-30T05:32:02.344+0000] {processor.py:161} INFO - Started process (PID=11243) to work on /home/airflow/.local/lib/python3.12/site-packages/airflow/example_dags/example_skip_dag.py
[2025-05-30T05:32:02.345+0000] {processor.py:830} INFO - Processing file /home/airflow/.local/lib/python3.12/site-packages/airflow/example_dags/example_skip_dag.py for tasks to queue
[2025-05-30T05:32:02.347+0000] {logging_mixin.py:188} INFO - [2025-05-30T05:32:02.347+0000] {dagbag.py:545} INFO - Filling up the DagBag from /home/airflow/.local/lib/python3.12/site-packages/airflow/example_dags/example_skip_dag.py
[2025-05-30T05:32:02.355+0000] {processor.py:840} INFO - DAG(s) 'example_skip_dag' retrieved from /home/airflow/.local/lib/python3.12/site-packages/airflow/example_dags/example_skip_dag.py
[2025-05-30T05:32:02.373+0000] {logging_mixin.py:188} INFO - [2025-05-30T05:32:02.373+0000] {dag.py:3096} INFO - Sync 1 DAGs
[2025-05-30T05:32:02.392+0000] {logging_mixin.py:188} INFO - [2025-05-30T05:32:02.392+0000] {dag.py:3954} INFO - Setting next_dagrun for example_skip_dag to 2025-05-29 00:00:00+00:00, run_after=2025-05-30 00:00:00+00:00
[2025-05-30T05:32:02.407+0000] {processor.py:183} INFO - Processing /home/airflow/.local/lib/python3.12/site-packages/airflow/example_dags/example_skip_dag.py took 0.069 seconds
[2025-05-30T05:32:32.565+0000] {processor.py:161} INFO - Started process (PID=11516) to work on /home/airflow/.local/lib/python3.12/site-packages/airflow/example_dags/example_skip_dag.py
[2025-05-30T05:32:32.566+0000] {processor.py:830} INFO - Processing file /home/airflow/.local/lib/python3.12/site-packages/airflow/example_dags/example_skip_dag.py for tasks to queue
[2025-05-30T05:32:32.568+0000] {logging_mixin.py:188} INFO - [2025-05-30T05:32:32.568+0000] {dagbag.py:545} INFO - Filling up the DagBag from /home/airflow/.local/lib/python3.12/site-packages/airflow/example_dags/example_skip_dag.py
[2025-05-30T05:32:32.574+0000] {processor.py:840} INFO - DAG(s) 'example_skip_dag' retrieved from /home/airflow/.local/lib/python3.12/site-packages/airflow/example_dags/example_skip_dag.py
[2025-05-30T05:32:32.593+0000] {logging_mixin.py:188} INFO - [2025-05-30T05:32:32.592+0000] {dag.py:3096} INFO - Sync 1 DAGs
[2025-05-30T05:32:32.611+0000] {logging_mixin.py:188} INFO - [2025-05-30T05:32:32.611+0000] {dag.py:3954} INFO - Setting next_dagrun for example_skip_dag to 2025-05-29 00:00:00+00:00, run_after=2025-05-30 00:00:00+00:00
[2025-05-30T05:32:32.627+0000] {processor.py:183} INFO - Processing /home/airflow/.local/lib/python3.12/site-packages/airflow/example_dags/example_skip_dag.py took 0.067 seconds
[2025-05-30T05:40:02.423+0000] {processor.py:161} INFO - Started process (PID=319) to work on /home/airflow/.local/lib/python3.12/site-packages/airflow/example_dags/example_skip_dag.py
[2025-05-30T05:40:02.424+0000] {processor.py:830} INFO - Processing file /home/airflow/.local/lib/python3.12/site-packages/airflow/example_dags/example_skip_dag.py for tasks to queue
[2025-05-30T05:40:02.426+0000] {logging_mixin.py:188} INFO - [2025-05-30T05:40:02.426+0000] {dagbag.py:545} INFO - Filling up the DagBag from /home/airflow/.local/lib/python3.12/site-packages/airflow/example_dags/example_skip_dag.py
[2025-05-30T05:40:02.437+0000] {processor.py:840} INFO - DAG(s) 'example_skip_dag' retrieved from /home/airflow/.local/lib/python3.12/site-packages/airflow/example_dags/example_skip_dag.py
[2025-05-30T05:40:02.450+0000] {logging_mixin.py:188} INFO - [2025-05-30T05:40:02.449+0000] {dag.py:3096} INFO - Sync 1 DAGs
[2025-05-30T05:40:02.479+0000] {logging_mixin.py:188} INFO - [2025-05-30T05:40:02.479+0000] {dag.py:3954} INFO - Setting next_dagrun for example_skip_dag to 2025-05-29 00:00:00+00:00, run_after=2025-05-30 00:00:00+00:00
[2025-05-30T05:40:02.502+0000] {processor.py:183} INFO - Processing /home/airflow/.local/lib/python3.12/site-packages/airflow/example_dags/example_skip_dag.py took 0.086 seconds
[2025-05-30T05:40:34.709+0000] {processor.py:161} INFO - Started process (PID=592) to work on /home/airflow/.local/lib/python3.12/site-packages/airflow/example_dags/example_skip_dag.py
[2025-05-30T05:40:34.710+0000] {processor.py:830} INFO - Processing file /home/airflow/.local/lib/python3.12/site-packages/airflow/example_dags/example_skip_dag.py for tasks to queue
[2025-05-30T05:40:34.712+0000] {logging_mixin.py:188} INFO - [2025-05-30T05:40:34.711+0000] {dagbag.py:545} INFO - Filling up the DagBag from /home/airflow/.local/lib/python3.12/site-packages/airflow/example_dags/example_skip_dag.py
[2025-05-30T05:40:34.717+0000] {processor.py:840} INFO - DAG(s) 'example_skip_dag' retrieved from /home/airflow/.local/lib/python3.12/site-packages/airflow/example_dags/example_skip_dag.py
[2025-05-30T05:40:34.828+0000] {logging_mixin.py:188} INFO - [2025-05-30T05:40:34.828+0000] {dag.py:3096} INFO - Sync 1 DAGs
[2025-05-30T05:40:34.847+0000] {logging_mixin.py:188} INFO - [2025-05-30T05:40:34.846+0000] {dag.py:3954} INFO - Setting next_dagrun for example_skip_dag to 2025-05-29 00:00:00+00:00, run_after=2025-05-30 00:00:00+00:00
[2025-05-30T05:40:34.863+0000] {processor.py:183} INFO - Processing /home/airflow/.local/lib/python3.12/site-packages/airflow/example_dags/example_skip_dag.py took 0.159 seconds
[2025-05-30T05:41:04.900+0000] {processor.py:161} INFO - Started process (PID=865) to work on /home/airflow/.local/lib/python3.12/site-packages/airflow/example_dags/example_skip_dag.py
[2025-05-30T05:41:04.900+0000] {processor.py:830} INFO - Processing file /home/airflow/.local/lib/python3.12/site-packages/airflow/example_dags/example_skip_dag.py for tasks to queue
[2025-05-30T05:41:04.902+0000] {logging_mixin.py:188} INFO - [2025-05-30T05:41:04.902+0000] {dagbag.py:545} INFO - Filling up the DagBag from /home/airflow/.local/lib/python3.12/site-packages/airflow/example_dags/example_skip_dag.py
[2025-05-30T05:41:04.908+0000] {processor.py:840} INFO - DAG(s) 'example_skip_dag' retrieved from /home/airflow/.local/lib/python3.12/site-packages/airflow/example_dags/example_skip_dag.py
[2025-05-30T05:41:04.926+0000] {logging_mixin.py:188} INFO - [2025-05-30T05:41:04.926+0000] {dag.py:3096} INFO - Sync 1 DAGs
[2025-05-30T05:41:04.945+0000] {logging_mixin.py:188} INFO - [2025-05-30T05:41:04.945+0000] {dag.py:3954} INFO - Setting next_dagrun for example_skip_dag to 2025-05-29 00:00:00+00:00, run_after=2025-05-30 00:00:00+00:00
[2025-05-30T05:41:04.962+0000] {processor.py:183} INFO - Processing /home/airflow/.local/lib/python3.12/site-packages/airflow/example_dags/example_skip_dag.py took 0.067 seconds
