[2025-05-30T04:40:35.419+0000] {processor.py:161} INFO - Started process (PID=268) to work on /home/airflow/.local/lib/python3.12/site-packages/airflow/example_dags/example_params_trigger_ui.py
[2025-05-30T04:40:35.419+0000] {processor.py:830} INFO - Processing file /home/airflow/.local/lib/python3.12/site-packages/airflow/example_dags/example_params_trigger_ui.py for tasks to queue
[2025-05-30T04:40:35.421+0000] {logging_mixin.py:188} INFO - [2025-05-30T04:40:35.421+0000] {dagbag.py:545} INFO - Filling up the DagBag from /home/airflow/.local/lib/python3.12/site-packages/airflow/example_dags/example_params_trigger_ui.py
[2025-05-30T04:40:35.440+0000] {processor.py:840} INFO - DAG(s) 'example_params_trigger_ui' retrieved from /home/airflow/.local/lib/python3.12/site-packages/airflow/example_dags/example_params_trigger_ui.py
[2025-05-30T04:40:35.498+0000] {logging_mixin.py:188} INFO - [2025-05-30T04:40:35.497+0000] {dag.py:3096} INFO - Sync 1 DAGs
[2025-05-30T04:40:35.509+0000] {logging_mixin.py:188} INFO - [2025-05-30T04:40:35.508+0000] {dag.py:3954} INFO - Setting next_dagrun for example_params_trigger_ui to None, run_after=None
[2025-05-30T04:40:35.529+0000] {processor.py:183} INFO - Processing /home/airflow/.local/lib/python3.12/site-packages/airflow/example_dags/example_params_trigger_ui.py took 0.115 seconds
[2025-05-30T04:41:06.850+0000] {processor.py:161} INFO - Started process (PID=541) to work on /home/airflow/.local/lib/python3.12/site-packages/airflow/example_dags/example_params_trigger_ui.py
[2025-05-30T04:41:06.851+0000] {processor.py:830} INFO - Processing file /home/airflow/.local/lib/python3.12/site-packages/airflow/example_dags/example_params_trigger_ui.py for tasks to queue
[2025-05-30T04:41:06.854+0000] {logging_mixin.py:188} INFO - [2025-05-30T04:41:06.853+0000] {dagbag.py:545} INFO - Filling up the DagBag from /home/airflow/.local/lib/python3.12/site-packages/airflow/example_dags/example_params_trigger_ui.py
[2025-05-30T04:41:06.875+0000] {processor.py:840} INFO - DAG(s) 'example_params_trigger_ui' retrieved from /home/airflow/.local/lib/python3.12/site-packages/airflow/example_dags/example_params_trigger_ui.py
[2025-05-30T04:41:06.914+0000] {logging_mixin.py:188} INFO - [2025-05-30T04:41:06.914+0000] {dag.py:3096} INFO - Sync 1 DAGs
[2025-05-30T04:41:06.925+0000] {logging_mixin.py:188} INFO - [2025-05-30T04:41:06.925+0000] {dag.py:3954} INFO - Setting next_dagrun for example_params_trigger_ui to None, run_after=None
[2025-05-30T04:41:06.949+0000] {processor.py:183} INFO - Processing /home/airflow/.local/lib/python3.12/site-packages/airflow/example_dags/example_params_trigger_ui.py took 0.105 seconds
[2025-05-30T04:41:37.680+0000] {processor.py:161} INFO - Started process (PID=814) to work on /home/airflow/.local/lib/python3.12/site-packages/airflow/example_dags/example_params_trigger_ui.py
[2025-05-30T04:41:37.681+0000] {processor.py:830} INFO - Processing file /home/airflow/.local/lib/python3.12/site-packages/airflow/example_dags/example_params_trigger_ui.py for tasks to queue
[2025-05-30T04:41:37.683+0000] {logging_mixin.py:188} INFO - [2025-05-30T04:41:37.683+0000] {dagbag.py:545} INFO - Filling up the DagBag from /home/airflow/.local/lib/python3.12/site-packages/airflow/example_dags/example_params_trigger_ui.py
[2025-05-30T04:41:37.701+0000] {processor.py:840} INFO - DAG(s) 'example_params_trigger_ui' retrieved from /home/airflow/.local/lib/python3.12/site-packages/airflow/example_dags/example_params_trigger_ui.py
[2025-05-30T04:41:37.741+0000] {logging_mixin.py:188} INFO - [2025-05-30T04:41:37.741+0000] {dag.py:3096} INFO - Sync 1 DAGs
[2025-05-30T04:41:37.754+0000] {logging_mixin.py:188} INFO - [2025-05-30T04:41:37.754+0000] {dag.py:3954} INFO - Setting next_dagrun for example_params_trigger_ui to None, run_after=None
[2025-05-30T04:41:37.773+0000] {processor.py:183} INFO - Processing /home/airflow/.local/lib/python3.12/site-packages/airflow/example_dags/example_params_trigger_ui.py took 0.098 seconds
[2025-05-30T04:42:09.047+0000] {processor.py:161} INFO - Started process (PID=1088) to work on /home/airflow/.local/lib/python3.12/site-packages/airflow/example_dags/example_params_trigger_ui.py
[2025-05-30T04:42:09.050+0000] {processor.py:830} INFO - Processing file /home/airflow/.local/lib/python3.12/site-packages/airflow/example_dags/example_params_trigger_ui.py for tasks to queue
[2025-05-30T04:42:09.055+0000] {logging_mixin.py:188} INFO - [2025-05-30T04:42:09.055+0000] {dagbag.py:545} INFO - Filling up the DagBag from /home/airflow/.local/lib/python3.12/site-packages/airflow/example_dags/example_params_trigger_ui.py
[2025-05-30T04:42:09.088+0000] {processor.py:840} INFO - DAG(s) 'example_params_trigger_ui' retrieved from /home/airflow/.local/lib/python3.12/site-packages/airflow/example_dags/example_params_trigger_ui.py
[2025-05-30T04:42:09.157+0000] {logging_mixin.py:188} INFO - [2025-05-30T04:42:09.156+0000] {dag.py:3096} INFO - Sync 1 DAGs
[2025-05-30T04:42:09.179+0000] {logging_mixin.py:188} INFO - [2025-05-30T04:42:09.179+0000] {dag.py:3954} INFO - Setting next_dagrun for example_params_trigger_ui to None, run_after=None
[2025-05-30T04:42:09.211+0000] {processor.py:183} INFO - Processing /home/airflow/.local/lib/python3.12/site-packages/airflow/example_dags/example_params_trigger_ui.py took 0.171 seconds
[2025-05-30T04:42:40.230+0000] {processor.py:161} INFO - Started process (PID=1359) to work on /home/airflow/.local/lib/python3.12/site-packages/airflow/example_dags/example_params_trigger_ui.py
[2025-05-30T04:42:40.232+0000] {processor.py:830} INFO - Processing file /home/airflow/.local/lib/python3.12/site-packages/airflow/example_dags/example_params_trigger_ui.py for tasks to queue
[2025-05-30T04:42:40.236+0000] {logging_mixin.py:188} INFO - [2025-05-30T04:42:40.236+0000] {dagbag.py:545} INFO - Filling up the DagBag from /home/airflow/.local/lib/python3.12/site-packages/airflow/example_dags/example_params_trigger_ui.py
[2025-05-30T04:42:40.282+0000] {processor.py:840} INFO - DAG(s) 'example_params_trigger_ui' retrieved from /home/airflow/.local/lib/python3.12/site-packages/airflow/example_dags/example_params_trigger_ui.py
[2025-05-30T04:42:40.352+0000] {logging_mixin.py:188} INFO - [2025-05-30T04:42:40.352+0000] {dag.py:3096} INFO - Sync 1 DAGs
[2025-05-30T04:42:40.367+0000] {logging_mixin.py:188} INFO - [2025-05-30T04:42:40.366+0000] {dag.py:3954} INFO - Setting next_dagrun for example_params_trigger_ui to None, run_after=None
[2025-05-30T04:42:40.386+0000] {processor.py:183} INFO - Processing /home/airflow/.local/lib/python3.12/site-packages/airflow/example_dags/example_params_trigger_ui.py took 0.164 seconds
[2025-05-30T04:43:10.892+0000] {processor.py:161} INFO - Started process (PID=1634) to work on /home/airflow/.local/lib/python3.12/site-packages/airflow/example_dags/example_params_trigger_ui.py
[2025-05-30T04:43:10.893+0000] {processor.py:830} INFO - Processing file /home/airflow/.local/lib/python3.12/site-packages/airflow/example_dags/example_params_trigger_ui.py for tasks to queue
[2025-05-30T04:43:10.895+0000] {logging_mixin.py:188} INFO - [2025-05-30T04:43:10.895+0000] {dagbag.py:545} INFO - Filling up the DagBag from /home/airflow/.local/lib/python3.12/site-packages/airflow/example_dags/example_params_trigger_ui.py
[2025-05-30T04:43:10.911+0000] {processor.py:840} INFO - DAG(s) 'example_params_trigger_ui' retrieved from /home/airflow/.local/lib/python3.12/site-packages/airflow/example_dags/example_params_trigger_ui.py
[2025-05-30T04:43:10.947+0000] {logging_mixin.py:188} INFO - [2025-05-30T04:43:10.947+0000] {dag.py:3096} INFO - Sync 1 DAGs
[2025-05-30T04:43:10.959+0000] {logging_mixin.py:188} INFO - [2025-05-30T04:43:10.959+0000] {dag.py:3954} INFO - Setting next_dagrun for example_params_trigger_ui to None, run_after=None
[2025-05-30T04:43:10.975+0000] {processor.py:183} INFO - Processing /home/airflow/.local/lib/python3.12/site-packages/airflow/example_dags/example_params_trigger_ui.py took 0.087 seconds
[2025-05-30T04:43:41.638+0000] {processor.py:161} INFO - Started process (PID=1904) to work on /home/airflow/.local/lib/python3.12/site-packages/airflow/example_dags/example_params_trigger_ui.py
[2025-05-30T04:43:41.639+0000] {processor.py:830} INFO - Processing file /home/airflow/.local/lib/python3.12/site-packages/airflow/example_dags/example_params_trigger_ui.py for tasks to queue
[2025-05-30T04:43:41.641+0000] {logging_mixin.py:188} INFO - [2025-05-30T04:43:41.641+0000] {dagbag.py:545} INFO - Filling up the DagBag from /home/airflow/.local/lib/python3.12/site-packages/airflow/example_dags/example_params_trigger_ui.py
[2025-05-30T04:43:41.663+0000] {processor.py:840} INFO - DAG(s) 'example_params_trigger_ui' retrieved from /home/airflow/.local/lib/python3.12/site-packages/airflow/example_dags/example_params_trigger_ui.py
[2025-05-30T04:43:41.700+0000] {logging_mixin.py:188} INFO - [2025-05-30T04:43:41.700+0000] {dag.py:3096} INFO - Sync 1 DAGs
[2025-05-30T04:43:41.712+0000] {logging_mixin.py:188} INFO - [2025-05-30T04:43:41.712+0000] {dag.py:3954} INFO - Setting next_dagrun for example_params_trigger_ui to None, run_after=None
[2025-05-30T04:43:41.733+0000] {processor.py:183} INFO - Processing /home/airflow/.local/lib/python3.12/site-packages/airflow/example_dags/example_params_trigger_ui.py took 0.101 seconds
[2025-05-30T04:44:11.848+0000] {processor.py:161} INFO - Started process (PID=2177) to work on /home/airflow/.local/lib/python3.12/site-packages/airflow/example_dags/example_params_trigger_ui.py
[2025-05-30T04:44:11.849+0000] {processor.py:830} INFO - Processing file /home/airflow/.local/lib/python3.12/site-packages/airflow/example_dags/example_params_trigger_ui.py for tasks to queue
[2025-05-30T04:44:11.851+0000] {logging_mixin.py:188} INFO - [2025-05-30T04:44:11.850+0000] {dagbag.py:545} INFO - Filling up the DagBag from /home/airflow/.local/lib/python3.12/site-packages/airflow/example_dags/example_params_trigger_ui.py
[2025-05-30T04:44:11.869+0000] {processor.py:840} INFO - DAG(s) 'example_params_trigger_ui' retrieved from /home/airflow/.local/lib/python3.12/site-packages/airflow/example_dags/example_params_trigger_ui.py
[2025-05-30T04:44:11.905+0000] {logging_mixin.py:188} INFO - [2025-05-30T04:44:11.905+0000] {dag.py:3096} INFO - Sync 1 DAGs
[2025-05-30T04:44:11.917+0000] {logging_mixin.py:188} INFO - [2025-05-30T04:44:11.917+0000] {dag.py:3954} INFO - Setting next_dagrun for example_params_trigger_ui to None, run_after=None
[2025-05-30T04:44:11.935+0000] {processor.py:183} INFO - Processing /home/airflow/.local/lib/python3.12/site-packages/airflow/example_dags/example_params_trigger_ui.py took 0.092 seconds
[2025-05-30T04:44:41.986+0000] {processor.py:161} INFO - Started process (PID=2446) to work on /home/airflow/.local/lib/python3.12/site-packages/airflow/example_dags/example_params_trigger_ui.py
[2025-05-30T04:44:41.987+0000] {processor.py:830} INFO - Processing file /home/airflow/.local/lib/python3.12/site-packages/airflow/example_dags/example_params_trigger_ui.py for tasks to queue
[2025-05-30T04:44:41.989+0000] {logging_mixin.py:188} INFO - [2025-05-30T04:44:41.988+0000] {dagbag.py:545} INFO - Filling up the DagBag from /home/airflow/.local/lib/python3.12/site-packages/airflow/example_dags/example_params_trigger_ui.py
[2025-05-30T04:44:42.004+0000] {processor.py:840} INFO - DAG(s) 'example_params_trigger_ui' retrieved from /home/airflow/.local/lib/python3.12/site-packages/airflow/example_dags/example_params_trigger_ui.py
[2025-05-30T04:44:42.040+0000] {logging_mixin.py:188} INFO - [2025-05-30T04:44:42.039+0000] {dag.py:3096} INFO - Sync 1 DAGs
[2025-05-30T04:44:42.051+0000] {logging_mixin.py:188} INFO - [2025-05-30T04:44:42.051+0000] {dag.py:3954} INFO - Setting next_dagrun for example_params_trigger_ui to None, run_after=None
[2025-05-30T04:44:42.069+0000] {processor.py:183} INFO - Processing /home/airflow/.local/lib/python3.12/site-packages/airflow/example_dags/example_params_trigger_ui.py took 0.087 seconds
[2025-05-30T04:45:12.585+0000] {processor.py:161} INFO - Started process (PID=2719) to work on /home/airflow/.local/lib/python3.12/site-packages/airflow/example_dags/example_params_trigger_ui.py
[2025-05-30T04:45:12.586+0000] {processor.py:830} INFO - Processing file /home/airflow/.local/lib/python3.12/site-packages/airflow/example_dags/example_params_trigger_ui.py for tasks to queue
[2025-05-30T04:45:12.588+0000] {logging_mixin.py:188} INFO - [2025-05-30T04:45:12.588+0000] {dagbag.py:545} INFO - Filling up the DagBag from /home/airflow/.local/lib/python3.12/site-packages/airflow/example_dags/example_params_trigger_ui.py
[2025-05-30T04:45:12.606+0000] {processor.py:840} INFO - DAG(s) 'example_params_trigger_ui' retrieved from /home/airflow/.local/lib/python3.12/site-packages/airflow/example_dags/example_params_trigger_ui.py
[2025-05-30T04:45:12.649+0000] {logging_mixin.py:188} INFO - [2025-05-30T04:45:12.649+0000] {dag.py:3096} INFO - Sync 1 DAGs
[2025-05-30T04:45:12.661+0000] {logging_mixin.py:188} INFO - [2025-05-30T04:45:12.661+0000] {dag.py:3954} INFO - Setting next_dagrun for example_params_trigger_ui to None, run_after=None
[2025-05-30T04:45:12.679+0000] {processor.py:183} INFO - Processing /home/airflow/.local/lib/python3.12/site-packages/airflow/example_dags/example_params_trigger_ui.py took 0.099 seconds
[2025-05-30T04:45:43.606+0000] {processor.py:161} INFO - Started process (PID=2992) to work on /home/airflow/.local/lib/python3.12/site-packages/airflow/example_dags/example_params_trigger_ui.py
[2025-05-30T04:45:43.607+0000] {processor.py:830} INFO - Processing file /home/airflow/.local/lib/python3.12/site-packages/airflow/example_dags/example_params_trigger_ui.py for tasks to queue
[2025-05-30T04:45:43.609+0000] {logging_mixin.py:188} INFO - [2025-05-30T04:45:43.609+0000] {dagbag.py:545} INFO - Filling up the DagBag from /home/airflow/.local/lib/python3.12/site-packages/airflow/example_dags/example_params_trigger_ui.py
[2025-05-30T04:45:43.628+0000] {processor.py:840} INFO - DAG(s) 'example_params_trigger_ui' retrieved from /home/airflow/.local/lib/python3.12/site-packages/airflow/example_dags/example_params_trigger_ui.py
[2025-05-30T04:45:43.679+0000] {logging_mixin.py:188} INFO - [2025-05-30T04:45:43.678+0000] {dag.py:3096} INFO - Sync 1 DAGs
[2025-05-30T04:45:43.690+0000] {logging_mixin.py:188} INFO - [2025-05-30T04:45:43.690+0000] {dag.py:3954} INFO - Setting next_dagrun for example_params_trigger_ui to None, run_after=None
[2025-05-30T04:45:43.709+0000] {processor.py:183} INFO - Processing /home/airflow/.local/lib/python3.12/site-packages/airflow/example_dags/example_params_trigger_ui.py took 0.108 seconds
[2025-05-30T04:46:14.519+0000] {processor.py:161} INFO - Started process (PID=3264) to work on /home/airflow/.local/lib/python3.12/site-packages/airflow/example_dags/example_params_trigger_ui.py
[2025-05-30T04:46:14.523+0000] {processor.py:830} INFO - Processing file /home/airflow/.local/lib/python3.12/site-packages/airflow/example_dags/example_params_trigger_ui.py for tasks to queue
[2025-05-30T04:46:14.539+0000] {logging_mixin.py:188} INFO - [2025-05-30T04:46:14.532+0000] {dagbag.py:545} INFO - Filling up the DagBag from /home/airflow/.local/lib/python3.12/site-packages/airflow/example_dags/example_params_trigger_ui.py
[2025-05-30T04:46:14.612+0000] {processor.py:840} INFO - DAG(s) 'example_params_trigger_ui' retrieved from /home/airflow/.local/lib/python3.12/site-packages/airflow/example_dags/example_params_trigger_ui.py
[2025-05-30T04:46:14.704+0000] {logging_mixin.py:188} INFO - [2025-05-30T04:46:14.703+0000] {dag.py:3096} INFO - Sync 1 DAGs
[2025-05-30T04:46:14.732+0000] {logging_mixin.py:188} INFO - [2025-05-30T04:46:14.732+0000] {dag.py:3954} INFO - Setting next_dagrun for example_params_trigger_ui to None, run_after=None
[2025-05-30T04:46:14.777+0000] {processor.py:183} INFO - Processing /home/airflow/.local/lib/python3.12/site-packages/airflow/example_dags/example_params_trigger_ui.py took 0.273 seconds
[2025-05-30T04:46:45.621+0000] {processor.py:161} INFO - Started process (PID=3537) to work on /home/airflow/.local/lib/python3.12/site-packages/airflow/example_dags/example_params_trigger_ui.py
[2025-05-30T04:46:45.621+0000] {processor.py:830} INFO - Processing file /home/airflow/.local/lib/python3.12/site-packages/airflow/example_dags/example_params_trigger_ui.py for tasks to queue
[2025-05-30T04:46:45.623+0000] {logging_mixin.py:188} INFO - [2025-05-30T04:46:45.623+0000] {dagbag.py:545} INFO - Filling up the DagBag from /home/airflow/.local/lib/python3.12/site-packages/airflow/example_dags/example_params_trigger_ui.py
[2025-05-30T04:46:45.641+0000] {processor.py:840} INFO - DAG(s) 'example_params_trigger_ui' retrieved from /home/airflow/.local/lib/python3.12/site-packages/airflow/example_dags/example_params_trigger_ui.py
[2025-05-30T04:46:45.651+0000] {logging_mixin.py:188} INFO - [2025-05-30T04:46:45.651+0000] {dag.py:3096} INFO - Sync 1 DAGs
[2025-05-30T04:46:45.665+0000] {logging_mixin.py:188} INFO - [2025-05-30T04:46:45.665+0000] {dag.py:3954} INFO - Setting next_dagrun for example_params_trigger_ui to None, run_after=None
[2025-05-30T04:46:45.689+0000] {processor.py:183} INFO - Processing /home/airflow/.local/lib/python3.12/site-packages/airflow/example_dags/example_params_trigger_ui.py took 0.074 seconds
[2025-05-30T04:47:16.201+0000] {processor.py:161} INFO - Started process (PID=3809) to work on /home/airflow/.local/lib/python3.12/site-packages/airflow/example_dags/example_params_trigger_ui.py
[2025-05-30T04:47:16.202+0000] {processor.py:830} INFO - Processing file /home/airflow/.local/lib/python3.12/site-packages/airflow/example_dags/example_params_trigger_ui.py for tasks to queue
[2025-05-30T04:47:16.204+0000] {logging_mixin.py:188} INFO - [2025-05-30T04:47:16.204+0000] {dagbag.py:545} INFO - Filling up the DagBag from /home/airflow/.local/lib/python3.12/site-packages/airflow/example_dags/example_params_trigger_ui.py
[2025-05-30T04:47:16.222+0000] {processor.py:840} INFO - DAG(s) 'example_params_trigger_ui' retrieved from /home/airflow/.local/lib/python3.12/site-packages/airflow/example_dags/example_params_trigger_ui.py
[2025-05-30T04:47:16.339+0000] {logging_mixin.py:188} INFO - [2025-05-30T04:47:16.339+0000] {dag.py:3096} INFO - Sync 1 DAGs
[2025-05-30T04:47:16.348+0000] {logging_mixin.py:188} INFO - [2025-05-30T04:47:16.348+0000] {dag.py:3954} INFO - Setting next_dagrun for example_params_trigger_ui to None, run_after=None
[2025-05-30T04:47:16.364+0000] {processor.py:183} INFO - Processing /home/airflow/.local/lib/python3.12/site-packages/airflow/example_dags/example_params_trigger_ui.py took 0.169 seconds
[2025-05-30T04:47:46.475+0000] {processor.py:161} INFO - Started process (PID=4082) to work on /home/airflow/.local/lib/python3.12/site-packages/airflow/example_dags/example_params_trigger_ui.py
[2025-05-30T04:47:46.476+0000] {processor.py:830} INFO - Processing file /home/airflow/.local/lib/python3.12/site-packages/airflow/example_dags/example_params_trigger_ui.py for tasks to queue
[2025-05-30T04:47:46.478+0000] {logging_mixin.py:188} INFO - [2025-05-30T04:47:46.477+0000] {dagbag.py:545} INFO - Filling up the DagBag from /home/airflow/.local/lib/python3.12/site-packages/airflow/example_dags/example_params_trigger_ui.py
[2025-05-30T04:47:46.495+0000] {processor.py:840} INFO - DAG(s) 'example_params_trigger_ui' retrieved from /home/airflow/.local/lib/python3.12/site-packages/airflow/example_dags/example_params_trigger_ui.py
[2025-05-30T04:47:46.530+0000] {logging_mixin.py:188} INFO - [2025-05-30T04:47:46.530+0000] {dag.py:3096} INFO - Sync 1 DAGs
[2025-05-30T04:47:46.542+0000] {logging_mixin.py:188} INFO - [2025-05-30T04:47:46.541+0000] {dag.py:3954} INFO - Setting next_dagrun for example_params_trigger_ui to None, run_after=None
[2025-05-30T04:47:46.571+0000] {processor.py:183} INFO - Processing /home/airflow/.local/lib/python3.12/site-packages/airflow/example_dags/example_params_trigger_ui.py took 0.101 seconds
[2025-05-30T04:48:16.929+0000] {processor.py:161} INFO - Started process (PID=4355) to work on /home/airflow/.local/lib/python3.12/site-packages/airflow/example_dags/example_params_trigger_ui.py
[2025-05-30T04:48:16.932+0000] {processor.py:830} INFO - Processing file /home/airflow/.local/lib/python3.12/site-packages/airflow/example_dags/example_params_trigger_ui.py for tasks to queue
[2025-05-30T04:48:16.933+0000] {logging_mixin.py:188} INFO - [2025-05-30T04:48:16.933+0000] {dagbag.py:545} INFO - Filling up the DagBag from /home/airflow/.local/lib/python3.12/site-packages/airflow/example_dags/example_params_trigger_ui.py
[2025-05-30T04:48:16.951+0000] {processor.py:840} INFO - DAG(s) 'example_params_trigger_ui' retrieved from /home/airflow/.local/lib/python3.12/site-packages/airflow/example_dags/example_params_trigger_ui.py
[2025-05-30T04:48:16.991+0000] {logging_mixin.py:188} INFO - [2025-05-30T04:48:16.991+0000] {dag.py:3096} INFO - Sync 1 DAGs
[2025-05-30T04:48:17.003+0000] {logging_mixin.py:188} INFO - [2025-05-30T04:48:17.003+0000] {dag.py:3954} INFO - Setting next_dagrun for example_params_trigger_ui to None, run_after=None
[2025-05-30T04:48:17.019+0000] {processor.py:183} INFO - Processing /home/airflow/.local/lib/python3.12/site-packages/airflow/example_dags/example_params_trigger_ui.py took 0.096 seconds
[2025-05-30T04:48:47.403+0000] {processor.py:161} INFO - Started process (PID=4628) to work on /home/airflow/.local/lib/python3.12/site-packages/airflow/example_dags/example_params_trigger_ui.py
[2025-05-30T04:48:47.404+0000] {processor.py:830} INFO - Processing file /home/airflow/.local/lib/python3.12/site-packages/airflow/example_dags/example_params_trigger_ui.py for tasks to queue
[2025-05-30T04:48:47.405+0000] {logging_mixin.py:188} INFO - [2025-05-30T04:48:47.405+0000] {dagbag.py:545} INFO - Filling up the DagBag from /home/airflow/.local/lib/python3.12/site-packages/airflow/example_dags/example_params_trigger_ui.py
[2025-05-30T04:48:47.423+0000] {processor.py:840} INFO - DAG(s) 'example_params_trigger_ui' retrieved from /home/airflow/.local/lib/python3.12/site-packages/airflow/example_dags/example_params_trigger_ui.py
[2025-05-30T04:48:47.461+0000] {logging_mixin.py:188} INFO - [2025-05-30T04:48:47.461+0000] {dag.py:3096} INFO - Sync 1 DAGs
[2025-05-30T04:48:47.473+0000] {logging_mixin.py:188} INFO - [2025-05-30T04:48:47.473+0000] {dag.py:3954} INFO - Setting next_dagrun for example_params_trigger_ui to None, run_after=None
[2025-05-30T04:48:47.490+0000] {processor.py:183} INFO - Processing /home/airflow/.local/lib/python3.12/site-packages/airflow/example_dags/example_params_trigger_ui.py took 0.094 seconds
[2025-05-30T04:49:17.743+0000] {processor.py:161} INFO - Started process (PID=4901) to work on /home/airflow/.local/lib/python3.12/site-packages/airflow/example_dags/example_params_trigger_ui.py
[2025-05-30T04:49:17.744+0000] {processor.py:830} INFO - Processing file /home/airflow/.local/lib/python3.12/site-packages/airflow/example_dags/example_params_trigger_ui.py for tasks to queue
[2025-05-30T04:49:17.745+0000] {logging_mixin.py:188} INFO - [2025-05-30T04:49:17.745+0000] {dagbag.py:545} INFO - Filling up the DagBag from /home/airflow/.local/lib/python3.12/site-packages/airflow/example_dags/example_params_trigger_ui.py
[2025-05-30T04:49:17.763+0000] {processor.py:840} INFO - DAG(s) 'example_params_trigger_ui' retrieved from /home/airflow/.local/lib/python3.12/site-packages/airflow/example_dags/example_params_trigger_ui.py
[2025-05-30T04:49:17.800+0000] {logging_mixin.py:188} INFO - [2025-05-30T04:49:17.800+0000] {dag.py:3096} INFO - Sync 1 DAGs
[2025-05-30T04:49:17.812+0000] {logging_mixin.py:188} INFO - [2025-05-30T04:49:17.812+0000] {dag.py:3954} INFO - Setting next_dagrun for example_params_trigger_ui to None, run_after=None
[2025-05-30T04:49:17.831+0000] {processor.py:183} INFO - Processing /home/airflow/.local/lib/python3.12/site-packages/airflow/example_dags/example_params_trigger_ui.py took 0.093 seconds
[2025-05-30T05:20:45.185+0000] {processor.py:161} INFO - Started process (PID=5197) to work on /home/airflow/.local/lib/python3.12/site-packages/airflow/example_dags/example_params_trigger_ui.py
[2025-05-30T05:20:45.186+0000] {processor.py:830} INFO - Processing file /home/airflow/.local/lib/python3.12/site-packages/airflow/example_dags/example_params_trigger_ui.py for tasks to queue
[2025-05-30T05:20:45.188+0000] {logging_mixin.py:188} INFO - [2025-05-30T05:20:45.187+0000] {dagbag.py:545} INFO - Filling up the DagBag from /home/airflow/.local/lib/python3.12/site-packages/airflow/example_dags/example_params_trigger_ui.py
[2025-05-30T05:20:45.206+0000] {processor.py:840} INFO - DAG(s) 'example_params_trigger_ui' retrieved from /home/airflow/.local/lib/python3.12/site-packages/airflow/example_dags/example_params_trigger_ui.py
[2025-05-30T05:20:45.253+0000] {logging_mixin.py:188} INFO - [2025-05-30T05:20:45.253+0000] {dag.py:3096} INFO - Sync 1 DAGs
[2025-05-30T05:20:45.267+0000] {logging_mixin.py:188} INFO - [2025-05-30T05:20:45.267+0000] {dag.py:3954} INFO - Setting next_dagrun for example_params_trigger_ui to None, run_after=None
[2025-05-30T05:20:45.285+0000] {processor.py:183} INFO - Processing /home/airflow/.local/lib/python3.12/site-packages/airflow/example_dags/example_params_trigger_ui.py took 0.105 seconds
[2025-05-30T05:21:16.256+0000] {processor.py:161} INFO - Started process (PID=5468) to work on /home/airflow/.local/lib/python3.12/site-packages/airflow/example_dags/example_params_trigger_ui.py
[2025-05-30T05:21:16.257+0000] {processor.py:830} INFO - Processing file /home/airflow/.local/lib/python3.12/site-packages/airflow/example_dags/example_params_trigger_ui.py for tasks to queue
[2025-05-30T05:21:16.259+0000] {logging_mixin.py:188} INFO - [2025-05-30T05:21:16.259+0000] {dagbag.py:545} INFO - Filling up the DagBag from /home/airflow/.local/lib/python3.12/site-packages/airflow/example_dags/example_params_trigger_ui.py
[2025-05-30T05:21:16.287+0000] {processor.py:840} INFO - DAG(s) 'example_params_trigger_ui' retrieved from /home/airflow/.local/lib/python3.12/site-packages/airflow/example_dags/example_params_trigger_ui.py
[2025-05-30T05:21:16.339+0000] {logging_mixin.py:188} INFO - [2025-05-30T05:21:16.338+0000] {dag.py:3096} INFO - Sync 1 DAGs
[2025-05-30T05:21:16.486+0000] {logging_mixin.py:188} INFO - [2025-05-30T05:21:16.486+0000] {dag.py:3954} INFO - Setting next_dagrun for example_params_trigger_ui to None, run_after=None
[2025-05-30T05:21:16.504+0000] {processor.py:183} INFO - Processing /home/airflow/.local/lib/python3.12/site-packages/airflow/example_dags/example_params_trigger_ui.py took 0.256 seconds
[2025-05-30T05:21:46.650+0000] {processor.py:161} INFO - Started process (PID=5741) to work on /home/airflow/.local/lib/python3.12/site-packages/airflow/example_dags/example_params_trigger_ui.py
[2025-05-30T05:21:46.652+0000] {processor.py:830} INFO - Processing file /home/airflow/.local/lib/python3.12/site-packages/airflow/example_dags/example_params_trigger_ui.py for tasks to queue
[2025-05-30T05:21:46.654+0000] {logging_mixin.py:188} INFO - [2025-05-30T05:21:46.654+0000] {dagbag.py:545} INFO - Filling up the DagBag from /home/airflow/.local/lib/python3.12/site-packages/airflow/example_dags/example_params_trigger_ui.py
[2025-05-30T05:21:46.680+0000] {processor.py:840} INFO - DAG(s) 'example_params_trigger_ui' retrieved from /home/airflow/.local/lib/python3.12/site-packages/airflow/example_dags/example_params_trigger_ui.py
[2025-05-30T05:21:46.723+0000] {logging_mixin.py:188} INFO - [2025-05-30T05:21:46.723+0000] {dag.py:3096} INFO - Sync 1 DAGs
[2025-05-30T05:21:46.736+0000] {logging_mixin.py:188} INFO - [2025-05-30T05:21:46.735+0000] {dag.py:3954} INFO - Setting next_dagrun for example_params_trigger_ui to None, run_after=None
[2025-05-30T05:21:46.756+0000] {processor.py:183} INFO - Processing /home/airflow/.local/lib/python3.12/site-packages/airflow/example_dags/example_params_trigger_ui.py took 0.112 seconds
[2025-05-30T05:22:17.718+0000] {processor.py:161} INFO - Started process (PID=6014) to work on /home/airflow/.local/lib/python3.12/site-packages/airflow/example_dags/example_params_trigger_ui.py
[2025-05-30T05:22:17.719+0000] {processor.py:830} INFO - Processing file /home/airflow/.local/lib/python3.12/site-packages/airflow/example_dags/example_params_trigger_ui.py for tasks to queue
[2025-05-30T05:22:17.721+0000] {logging_mixin.py:188} INFO - [2025-05-30T05:22:17.721+0000] {dagbag.py:545} INFO - Filling up the DagBag from /home/airflow/.local/lib/python3.12/site-packages/airflow/example_dags/example_params_trigger_ui.py
[2025-05-30T05:22:17.741+0000] {processor.py:840} INFO - DAG(s) 'example_params_trigger_ui' retrieved from /home/airflow/.local/lib/python3.12/site-packages/airflow/example_dags/example_params_trigger_ui.py
[2025-05-30T05:22:17.782+0000] {logging_mixin.py:188} INFO - [2025-05-30T05:22:17.781+0000] {dag.py:3096} INFO - Sync 1 DAGs
[2025-05-30T05:22:17.794+0000] {logging_mixin.py:188} INFO - [2025-05-30T05:22:17.794+0000] {dag.py:3954} INFO - Setting next_dagrun for example_params_trigger_ui to None, run_after=None
[2025-05-30T05:22:17.813+0000] {processor.py:183} INFO - Processing /home/airflow/.local/lib/python3.12/site-packages/airflow/example_dags/example_params_trigger_ui.py took 0.100 seconds
[2025-05-30T05:22:49.035+0000] {processor.py:161} INFO - Started process (PID=6287) to work on /home/airflow/.local/lib/python3.12/site-packages/airflow/example_dags/example_params_trigger_ui.py
[2025-05-30T05:22:49.036+0000] {processor.py:830} INFO - Processing file /home/airflow/.local/lib/python3.12/site-packages/airflow/example_dags/example_params_trigger_ui.py for tasks to queue
[2025-05-30T05:22:49.038+0000] {logging_mixin.py:188} INFO - [2025-05-30T05:22:49.038+0000] {dagbag.py:545} INFO - Filling up the DagBag from /home/airflow/.local/lib/python3.12/site-packages/airflow/example_dags/example_params_trigger_ui.py
[2025-05-30T05:22:49.060+0000] {processor.py:840} INFO - DAG(s) 'example_params_trigger_ui' retrieved from /home/airflow/.local/lib/python3.12/site-packages/airflow/example_dags/example_params_trigger_ui.py
[2025-05-30T05:22:49.111+0000] {logging_mixin.py:188} INFO - [2025-05-30T05:22:49.111+0000] {dag.py:3096} INFO - Sync 1 DAGs
[2025-05-30T05:22:49.127+0000] {logging_mixin.py:188} INFO - [2025-05-30T05:22:49.127+0000] {dag.py:3954} INFO - Setting next_dagrun for example_params_trigger_ui to None, run_after=None
[2025-05-30T05:22:49.150+0000] {processor.py:183} INFO - Processing /home/airflow/.local/lib/python3.12/site-packages/airflow/example_dags/example_params_trigger_ui.py took 0.121 seconds
[2025-05-30T05:23:20.538+0000] {processor.py:161} INFO - Started process (PID=6562) to work on /home/airflow/.local/lib/python3.12/site-packages/airflow/example_dags/example_params_trigger_ui.py
[2025-05-30T05:23:20.539+0000] {processor.py:830} INFO - Processing file /home/airflow/.local/lib/python3.12/site-packages/airflow/example_dags/example_params_trigger_ui.py for tasks to queue
[2025-05-30T05:23:20.541+0000] {logging_mixin.py:188} INFO - [2025-05-30T05:23:20.541+0000] {dagbag.py:545} INFO - Filling up the DagBag from /home/airflow/.local/lib/python3.12/site-packages/airflow/example_dags/example_params_trigger_ui.py
[2025-05-30T05:23:20.559+0000] {processor.py:840} INFO - DAG(s) 'example_params_trigger_ui' retrieved from /home/airflow/.local/lib/python3.12/site-packages/airflow/example_dags/example_params_trigger_ui.py
[2025-05-30T05:23:20.720+0000] {logging_mixin.py:188} INFO - [2025-05-30T05:23:20.720+0000] {dag.py:3096} INFO - Sync 1 DAGs
[2025-05-30T05:23:20.730+0000] {logging_mixin.py:188} INFO - [2025-05-30T05:23:20.730+0000] {dag.py:3954} INFO - Setting next_dagrun for example_params_trigger_ui to None, run_after=None
[2025-05-30T05:23:20.749+0000] {processor.py:183} INFO - Processing /home/airflow/.local/lib/python3.12/site-packages/airflow/example_dags/example_params_trigger_ui.py took 0.215 seconds
[2025-05-30T05:23:51.471+0000] {processor.py:161} INFO - Started process (PID=6835) to work on /home/airflow/.local/lib/python3.12/site-packages/airflow/example_dags/example_params_trigger_ui.py
[2025-05-30T05:23:51.472+0000] {processor.py:830} INFO - Processing file /home/airflow/.local/lib/python3.12/site-packages/airflow/example_dags/example_params_trigger_ui.py for tasks to queue
[2025-05-30T05:23:51.473+0000] {logging_mixin.py:188} INFO - [2025-05-30T05:23:51.473+0000] {dagbag.py:545} INFO - Filling up the DagBag from /home/airflow/.local/lib/python3.12/site-packages/airflow/example_dags/example_params_trigger_ui.py
[2025-05-30T05:23:51.492+0000] {processor.py:840} INFO - DAG(s) 'example_params_trigger_ui' retrieved from /home/airflow/.local/lib/python3.12/site-packages/airflow/example_dags/example_params_trigger_ui.py
[2025-05-30T05:23:51.540+0000] {logging_mixin.py:188} INFO - [2025-05-30T05:23:51.540+0000] {dag.py:3096} INFO - Sync 1 DAGs
[2025-05-30T05:23:51.553+0000] {logging_mixin.py:188} INFO - [2025-05-30T05:23:51.552+0000] {dag.py:3954} INFO - Setting next_dagrun for example_params_trigger_ui to None, run_after=None
[2025-05-30T05:23:51.795+0000] {processor.py:183} INFO - Processing /home/airflow/.local/lib/python3.12/site-packages/airflow/example_dags/example_params_trigger_ui.py took 0.328 seconds
[2025-05-30T05:24:22.378+0000] {processor.py:161} INFO - Started process (PID=7108) to work on /home/airflow/.local/lib/python3.12/site-packages/airflow/example_dags/example_params_trigger_ui.py
[2025-05-30T05:24:22.379+0000] {processor.py:830} INFO - Processing file /home/airflow/.local/lib/python3.12/site-packages/airflow/example_dags/example_params_trigger_ui.py for tasks to queue
[2025-05-30T05:24:22.381+0000] {logging_mixin.py:188} INFO - [2025-05-30T05:24:22.380+0000] {dagbag.py:545} INFO - Filling up the DagBag from /home/airflow/.local/lib/python3.12/site-packages/airflow/example_dags/example_params_trigger_ui.py
[2025-05-30T05:24:22.405+0000] {processor.py:840} INFO - DAG(s) 'example_params_trigger_ui' retrieved from /home/airflow/.local/lib/python3.12/site-packages/airflow/example_dags/example_params_trigger_ui.py
[2025-05-30T05:24:22.446+0000] {logging_mixin.py:188} INFO - [2025-05-30T05:24:22.446+0000] {dag.py:3096} INFO - Sync 1 DAGs
[2025-05-30T05:24:22.460+0000] {logging_mixin.py:188} INFO - [2025-05-30T05:24:22.459+0000] {dag.py:3954} INFO - Setting next_dagrun for example_params_trigger_ui to None, run_after=None
[2025-05-30T05:24:22.481+0000] {processor.py:183} INFO - Processing /home/airflow/.local/lib/python3.12/site-packages/airflow/example_dags/example_params_trigger_ui.py took 0.108 seconds
[2025-05-30T05:24:53.274+0000] {processor.py:161} INFO - Started process (PID=7381) to work on /home/airflow/.local/lib/python3.12/site-packages/airflow/example_dags/example_params_trigger_ui.py
[2025-05-30T05:24:53.274+0000] {processor.py:830} INFO - Processing file /home/airflow/.local/lib/python3.12/site-packages/airflow/example_dags/example_params_trigger_ui.py for tasks to queue
[2025-05-30T05:24:53.276+0000] {logging_mixin.py:188} INFO - [2025-05-30T05:24:53.276+0000] {dagbag.py:545} INFO - Filling up the DagBag from /home/airflow/.local/lib/python3.12/site-packages/airflow/example_dags/example_params_trigger_ui.py
[2025-05-30T05:24:53.293+0000] {processor.py:840} INFO - DAG(s) 'example_params_trigger_ui' retrieved from /home/airflow/.local/lib/python3.12/site-packages/airflow/example_dags/example_params_trigger_ui.py
[2025-05-30T05:24:53.326+0000] {logging_mixin.py:188} INFO - [2025-05-30T05:24:53.326+0000] {dag.py:3096} INFO - Sync 1 DAGs
[2025-05-30T05:24:53.338+0000] {logging_mixin.py:188} INFO - [2025-05-30T05:24:53.338+0000] {dag.py:3954} INFO - Setting next_dagrun for example_params_trigger_ui to None, run_after=None
[2025-05-30T05:24:53.356+0000] {processor.py:183} INFO - Processing /home/airflow/.local/lib/python3.12/site-packages/airflow/example_dags/example_params_trigger_ui.py took 0.087 seconds
[2025-05-30T05:25:23.787+0000] {processor.py:161} INFO - Started process (PID=7652) to work on /home/airflow/.local/lib/python3.12/site-packages/airflow/example_dags/example_params_trigger_ui.py
[2025-05-30T05:25:23.788+0000] {processor.py:830} INFO - Processing file /home/airflow/.local/lib/python3.12/site-packages/airflow/example_dags/example_params_trigger_ui.py for tasks to queue
[2025-05-30T05:25:23.790+0000] {logging_mixin.py:188} INFO - [2025-05-30T05:25:23.790+0000] {dagbag.py:545} INFO - Filling up the DagBag from /home/airflow/.local/lib/python3.12/site-packages/airflow/example_dags/example_params_trigger_ui.py
[2025-05-30T05:25:23.811+0000] {processor.py:840} INFO - DAG(s) 'example_params_trigger_ui' retrieved from /home/airflow/.local/lib/python3.12/site-packages/airflow/example_dags/example_params_trigger_ui.py
[2025-05-30T05:25:23.852+0000] {logging_mixin.py:188} INFO - [2025-05-30T05:25:23.851+0000] {dag.py:3096} INFO - Sync 1 DAGs
[2025-05-30T05:25:23.864+0000] {logging_mixin.py:188} INFO - [2025-05-30T05:25:23.863+0000] {dag.py:3954} INFO - Setting next_dagrun for example_params_trigger_ui to None, run_after=None
[2025-05-30T05:25:23.880+0000] {processor.py:183} INFO - Processing /home/airflow/.local/lib/python3.12/site-packages/airflow/example_dags/example_params_trigger_ui.py took 0.098 seconds
[2025-05-30T05:25:54.522+0000] {processor.py:161} INFO - Started process (PID=7925) to work on /home/airflow/.local/lib/python3.12/site-packages/airflow/example_dags/example_params_trigger_ui.py
[2025-05-30T05:25:54.523+0000] {processor.py:830} INFO - Processing file /home/airflow/.local/lib/python3.12/site-packages/airflow/example_dags/example_params_trigger_ui.py for tasks to queue
[2025-05-30T05:25:54.525+0000] {logging_mixin.py:188} INFO - [2025-05-30T05:25:54.524+0000] {dagbag.py:545} INFO - Filling up the DagBag from /home/airflow/.local/lib/python3.12/site-packages/airflow/example_dags/example_params_trigger_ui.py
[2025-05-30T05:25:54.545+0000] {processor.py:840} INFO - DAG(s) 'example_params_trigger_ui' retrieved from /home/airflow/.local/lib/python3.12/site-packages/airflow/example_dags/example_params_trigger_ui.py
[2025-05-30T05:25:54.583+0000] {logging_mixin.py:188} INFO - [2025-05-30T05:25:54.583+0000] {dag.py:3096} INFO - Sync 1 DAGs
[2025-05-30T05:25:54.596+0000] {logging_mixin.py:188} INFO - [2025-05-30T05:25:54.595+0000] {dag.py:3954} INFO - Setting next_dagrun for example_params_trigger_ui to None, run_after=None
[2025-05-30T05:25:54.621+0000] {processor.py:183} INFO - Processing /home/airflow/.local/lib/python3.12/site-packages/airflow/example_dags/example_params_trigger_ui.py took 0.104 seconds
[2025-05-30T05:26:25.032+0000] {processor.py:161} INFO - Started process (PID=8198) to work on /home/airflow/.local/lib/python3.12/site-packages/airflow/example_dags/example_params_trigger_ui.py
[2025-05-30T05:26:25.034+0000] {processor.py:830} INFO - Processing file /home/airflow/.local/lib/python3.12/site-packages/airflow/example_dags/example_params_trigger_ui.py for tasks to queue
[2025-05-30T05:26:25.037+0000] {logging_mixin.py:188} INFO - [2025-05-30T05:26:25.037+0000] {dagbag.py:545} INFO - Filling up the DagBag from /home/airflow/.local/lib/python3.12/site-packages/airflow/example_dags/example_params_trigger_ui.py
[2025-05-30T05:26:25.059+0000] {processor.py:840} INFO - DAG(s) 'example_params_trigger_ui' retrieved from /home/airflow/.local/lib/python3.12/site-packages/airflow/example_dags/example_params_trigger_ui.py
[2025-05-30T05:26:25.109+0000] {logging_mixin.py:188} INFO - [2025-05-30T05:26:25.109+0000] {dag.py:3096} INFO - Sync 1 DAGs
[2025-05-30T05:26:25.121+0000] {logging_mixin.py:188} INFO - [2025-05-30T05:26:25.121+0000] {dag.py:3954} INFO - Setting next_dagrun for example_params_trigger_ui to None, run_after=None
[2025-05-30T05:26:25.139+0000] {processor.py:183} INFO - Processing /home/airflow/.local/lib/python3.12/site-packages/airflow/example_dags/example_params_trigger_ui.py took 0.113 seconds
[2025-05-30T05:26:55.809+0000] {processor.py:161} INFO - Started process (PID=8472) to work on /home/airflow/.local/lib/python3.12/site-packages/airflow/example_dags/example_params_trigger_ui.py
[2025-05-30T05:26:55.810+0000] {processor.py:830} INFO - Processing file /home/airflow/.local/lib/python3.12/site-packages/airflow/example_dags/example_params_trigger_ui.py for tasks to queue
[2025-05-30T05:26:55.812+0000] {logging_mixin.py:188} INFO - [2025-05-30T05:26:55.811+0000] {dagbag.py:545} INFO - Filling up the DagBag from /home/airflow/.local/lib/python3.12/site-packages/airflow/example_dags/example_params_trigger_ui.py
[2025-05-30T05:26:55.835+0000] {processor.py:840} INFO - DAG(s) 'example_params_trigger_ui' retrieved from /home/airflow/.local/lib/python3.12/site-packages/airflow/example_dags/example_params_trigger_ui.py
[2025-05-30T05:26:55.878+0000] {logging_mixin.py:188} INFO - [2025-05-30T05:26:55.878+0000] {dag.py:3096} INFO - Sync 1 DAGs
[2025-05-30T05:26:55.894+0000] {logging_mixin.py:188} INFO - [2025-05-30T05:26:55.894+0000] {dag.py:3954} INFO - Setting next_dagrun for example_params_trigger_ui to None, run_after=None
[2025-05-30T05:26:55.913+0000] {processor.py:183} INFO - Processing /home/airflow/.local/lib/python3.12/site-packages/airflow/example_dags/example_params_trigger_ui.py took 0.111 seconds
[2025-05-30T05:27:26.608+0000] {processor.py:161} INFO - Started process (PID=8743) to work on /home/airflow/.local/lib/python3.12/site-packages/airflow/example_dags/example_params_trigger_ui.py
[2025-05-30T05:27:26.608+0000] {processor.py:830} INFO - Processing file /home/airflow/.local/lib/python3.12/site-packages/airflow/example_dags/example_params_trigger_ui.py for tasks to queue
[2025-05-30T05:27:26.610+0000] {logging_mixin.py:188} INFO - [2025-05-30T05:27:26.610+0000] {dagbag.py:545} INFO - Filling up the DagBag from /home/airflow/.local/lib/python3.12/site-packages/airflow/example_dags/example_params_trigger_ui.py
[2025-05-30T05:27:26.634+0000] {processor.py:840} INFO - DAG(s) 'example_params_trigger_ui' retrieved from /home/airflow/.local/lib/python3.12/site-packages/airflow/example_dags/example_params_trigger_ui.py
[2025-05-30T05:27:26.696+0000] {logging_mixin.py:188} INFO - [2025-05-30T05:27:26.695+0000] {dag.py:3096} INFO - Sync 1 DAGs
[2025-05-30T05:27:26.712+0000] {logging_mixin.py:188} INFO - [2025-05-30T05:27:26.711+0000] {dag.py:3954} INFO - Setting next_dagrun for example_params_trigger_ui to None, run_after=None
[2025-05-30T05:27:26.737+0000] {processor.py:183} INFO - Processing /home/airflow/.local/lib/python3.12/site-packages/airflow/example_dags/example_params_trigger_ui.py took 0.136 seconds
[2025-05-30T05:27:57.418+0000] {processor.py:161} INFO - Started process (PID=9016) to work on /home/airflow/.local/lib/python3.12/site-packages/airflow/example_dags/example_params_trigger_ui.py
[2025-05-30T05:27:57.420+0000] {processor.py:830} INFO - Processing file /home/airflow/.local/lib/python3.12/site-packages/airflow/example_dags/example_params_trigger_ui.py for tasks to queue
[2025-05-30T05:27:57.424+0000] {logging_mixin.py:188} INFO - [2025-05-30T05:27:57.423+0000] {dagbag.py:545} INFO - Filling up the DagBag from /home/airflow/.local/lib/python3.12/site-packages/airflow/example_dags/example_params_trigger_ui.py
[2025-05-30T05:27:57.452+0000] {processor.py:840} INFO - DAG(s) 'example_params_trigger_ui' retrieved from /home/airflow/.local/lib/python3.12/site-packages/airflow/example_dags/example_params_trigger_ui.py
[2025-05-30T05:27:57.504+0000] {logging_mixin.py:188} INFO - [2025-05-30T05:27:57.504+0000] {dag.py:3096} INFO - Sync 1 DAGs
[2025-05-30T05:27:57.523+0000] {logging_mixin.py:188} INFO - [2025-05-30T05:27:57.523+0000] {dag.py:3954} INFO - Setting next_dagrun for example_params_trigger_ui to None, run_after=None
[2025-05-30T05:27:57.544+0000] {processor.py:183} INFO - Processing /home/airflow/.local/lib/python3.12/site-packages/airflow/example_dags/example_params_trigger_ui.py took 0.138 seconds
[2025-05-30T05:28:28.090+0000] {processor.py:161} INFO - Started process (PID=9289) to work on /home/airflow/.local/lib/python3.12/site-packages/airflow/example_dags/example_params_trigger_ui.py
[2025-05-30T05:28:28.091+0000] {processor.py:830} INFO - Processing file /home/airflow/.local/lib/python3.12/site-packages/airflow/example_dags/example_params_trigger_ui.py for tasks to queue
[2025-05-30T05:28:28.093+0000] {logging_mixin.py:188} INFO - [2025-05-30T05:28:28.092+0000] {dagbag.py:545} INFO - Filling up the DagBag from /home/airflow/.local/lib/python3.12/site-packages/airflow/example_dags/example_params_trigger_ui.py
[2025-05-30T05:28:28.113+0000] {processor.py:840} INFO - DAG(s) 'example_params_trigger_ui' retrieved from /home/airflow/.local/lib/python3.12/site-packages/airflow/example_dags/example_params_trigger_ui.py
[2025-05-30T05:28:28.150+0000] {logging_mixin.py:188} INFO - [2025-05-30T05:28:28.150+0000] {dag.py:3096} INFO - Sync 1 DAGs
[2025-05-30T05:28:28.164+0000] {logging_mixin.py:188} INFO - [2025-05-30T05:28:28.164+0000] {dag.py:3954} INFO - Setting next_dagrun for example_params_trigger_ui to None, run_after=None
[2025-05-30T05:28:28.182+0000] {processor.py:183} INFO - Processing /home/airflow/.local/lib/python3.12/site-packages/airflow/example_dags/example_params_trigger_ui.py took 0.099 seconds
[2025-05-30T05:28:58.529+0000] {processor.py:161} INFO - Started process (PID=9562) to work on /home/airflow/.local/lib/python3.12/site-packages/airflow/example_dags/example_params_trigger_ui.py
[2025-05-30T05:28:58.530+0000] {processor.py:830} INFO - Processing file /home/airflow/.local/lib/python3.12/site-packages/airflow/example_dags/example_params_trigger_ui.py for tasks to queue
[2025-05-30T05:28:58.533+0000] {logging_mixin.py:188} INFO - [2025-05-30T05:28:58.532+0000] {dagbag.py:545} INFO - Filling up the DagBag from /home/airflow/.local/lib/python3.12/site-packages/airflow/example_dags/example_params_trigger_ui.py
[2025-05-30T05:28:58.553+0000] {processor.py:840} INFO - DAG(s) 'example_params_trigger_ui' retrieved from /home/airflow/.local/lib/python3.12/site-packages/airflow/example_dags/example_params_trigger_ui.py
[2025-05-30T05:28:58.594+0000] {logging_mixin.py:188} INFO - [2025-05-30T05:28:58.594+0000] {dag.py:3096} INFO - Sync 1 DAGs
[2025-05-30T05:28:58.605+0000] {logging_mixin.py:188} INFO - [2025-05-30T05:28:58.605+0000] {dag.py:3954} INFO - Setting next_dagrun for example_params_trigger_ui to None, run_after=None
[2025-05-30T05:28:58.619+0000] {processor.py:183} INFO - Processing /home/airflow/.local/lib/python3.12/site-packages/airflow/example_dags/example_params_trigger_ui.py took 0.096 seconds
[2025-05-30T05:29:28.661+0000] {processor.py:161} INFO - Started process (PID=9831) to work on /home/airflow/.local/lib/python3.12/site-packages/airflow/example_dags/example_params_trigger_ui.py
[2025-05-30T05:29:28.662+0000] {processor.py:830} INFO - Processing file /home/airflow/.local/lib/python3.12/site-packages/airflow/example_dags/example_params_trigger_ui.py for tasks to queue
[2025-05-30T05:29:28.664+0000] {logging_mixin.py:188} INFO - [2025-05-30T05:29:28.663+0000] {dagbag.py:545} INFO - Filling up the DagBag from /home/airflow/.local/lib/python3.12/site-packages/airflow/example_dags/example_params_trigger_ui.py
[2025-05-30T05:29:28.681+0000] {processor.py:840} INFO - DAG(s) 'example_params_trigger_ui' retrieved from /home/airflow/.local/lib/python3.12/site-packages/airflow/example_dags/example_params_trigger_ui.py
[2025-05-30T05:29:28.717+0000] {logging_mixin.py:188} INFO - [2025-05-30T05:29:28.716+0000] {dag.py:3096} INFO - Sync 1 DAGs
[2025-05-30T05:29:28.728+0000] {logging_mixin.py:188} INFO - [2025-05-30T05:29:28.728+0000] {dag.py:3954} INFO - Setting next_dagrun for example_params_trigger_ui to None, run_after=None
[2025-05-30T05:29:28.749+0000] {processor.py:183} INFO - Processing /home/airflow/.local/lib/python3.12/site-packages/airflow/example_dags/example_params_trigger_ui.py took 0.093 seconds
[2025-05-30T05:29:58.972+0000] {processor.py:161} INFO - Started process (PID=10104) to work on /home/airflow/.local/lib/python3.12/site-packages/airflow/example_dags/example_params_trigger_ui.py
[2025-05-30T05:29:58.975+0000] {processor.py:830} INFO - Processing file /home/airflow/.local/lib/python3.12/site-packages/airflow/example_dags/example_params_trigger_ui.py for tasks to queue
[2025-05-30T05:29:58.976+0000] {logging_mixin.py:188} INFO - [2025-05-30T05:29:58.976+0000] {dagbag.py:545} INFO - Filling up the DagBag from /home/airflow/.local/lib/python3.12/site-packages/airflow/example_dags/example_params_trigger_ui.py
[2025-05-30T05:29:58.995+0000] {processor.py:840} INFO - DAG(s) 'example_params_trigger_ui' retrieved from /home/airflow/.local/lib/python3.12/site-packages/airflow/example_dags/example_params_trigger_ui.py
[2025-05-30T05:29:59.035+0000] {logging_mixin.py:188} INFO - [2025-05-30T05:29:59.035+0000] {dag.py:3096} INFO - Sync 1 DAGs
[2025-05-30T05:29:59.049+0000] {logging_mixin.py:188} INFO - [2025-05-30T05:29:59.049+0000] {dag.py:3954} INFO - Setting next_dagrun for example_params_trigger_ui to None, run_after=None
[2025-05-30T05:29:59.068+0000] {processor.py:183} INFO - Processing /home/airflow/.local/lib/python3.12/site-packages/airflow/example_dags/example_params_trigger_ui.py took 0.102 seconds
[2025-05-30T05:30:29.136+0000] {processor.py:161} INFO - Started process (PID=10376) to work on /home/airflow/.local/lib/python3.12/site-packages/airflow/example_dags/example_params_trigger_ui.py
[2025-05-30T05:30:29.137+0000] {processor.py:830} INFO - Processing file /home/airflow/.local/lib/python3.12/site-packages/airflow/example_dags/example_params_trigger_ui.py for tasks to queue
[2025-05-30T05:30:29.138+0000] {logging_mixin.py:188} INFO - [2025-05-30T05:30:29.138+0000] {dagbag.py:545} INFO - Filling up the DagBag from /home/airflow/.local/lib/python3.12/site-packages/airflow/example_dags/example_params_trigger_ui.py
[2025-05-30T05:30:29.155+0000] {processor.py:840} INFO - DAG(s) 'example_params_trigger_ui' retrieved from /home/airflow/.local/lib/python3.12/site-packages/airflow/example_dags/example_params_trigger_ui.py
[2025-05-30T05:30:29.195+0000] {logging_mixin.py:188} INFO - [2025-05-30T05:30:29.195+0000] {dag.py:3096} INFO - Sync 1 DAGs
[2025-05-30T05:30:29.209+0000] {logging_mixin.py:188} INFO - [2025-05-30T05:30:29.209+0000] {dag.py:3954} INFO - Setting next_dagrun for example_params_trigger_ui to None, run_after=None
[2025-05-30T05:30:29.227+0000] {processor.py:183} INFO - Processing /home/airflow/.local/lib/python3.12/site-packages/airflow/example_dags/example_params_trigger_ui.py took 0.096 seconds
[2025-05-30T05:30:59.462+0000] {processor.py:161} INFO - Started process (PID=10649) to work on /home/airflow/.local/lib/python3.12/site-packages/airflow/example_dags/example_params_trigger_ui.py
[2025-05-30T05:30:59.463+0000] {processor.py:830} INFO - Processing file /home/airflow/.local/lib/python3.12/site-packages/airflow/example_dags/example_params_trigger_ui.py for tasks to queue
[2025-05-30T05:30:59.465+0000] {logging_mixin.py:188} INFO - [2025-05-30T05:30:59.465+0000] {dagbag.py:545} INFO - Filling up the DagBag from /home/airflow/.local/lib/python3.12/site-packages/airflow/example_dags/example_params_trigger_ui.py
[2025-05-30T05:30:59.491+0000] {processor.py:840} INFO - DAG(s) 'example_params_trigger_ui' retrieved from /home/airflow/.local/lib/python3.12/site-packages/airflow/example_dags/example_params_trigger_ui.py
[2025-05-30T05:30:59.541+0000] {logging_mixin.py:188} INFO - [2025-05-30T05:30:59.540+0000] {dag.py:3096} INFO - Sync 1 DAGs
[2025-05-30T05:30:59.555+0000] {logging_mixin.py:188} INFO - [2025-05-30T05:30:59.555+0000] {dag.py:3954} INFO - Setting next_dagrun for example_params_trigger_ui to None, run_after=None
[2025-05-30T05:30:59.576+0000] {processor.py:183} INFO - Processing /home/airflow/.local/lib/python3.12/site-packages/airflow/example_dags/example_params_trigger_ui.py took 0.122 seconds
[2025-05-30T05:31:30.585+0000] {processor.py:161} INFO - Started process (PID=10922) to work on /home/airflow/.local/lib/python3.12/site-packages/airflow/example_dags/example_params_trigger_ui.py
[2025-05-30T05:31:30.586+0000] {processor.py:830} INFO - Processing file /home/airflow/.local/lib/python3.12/site-packages/airflow/example_dags/example_params_trigger_ui.py for tasks to queue
[2025-05-30T05:31:30.588+0000] {logging_mixin.py:188} INFO - [2025-05-30T05:31:30.588+0000] {dagbag.py:545} INFO - Filling up the DagBag from /home/airflow/.local/lib/python3.12/site-packages/airflow/example_dags/example_params_trigger_ui.py
[2025-05-30T05:31:30.613+0000] {processor.py:840} INFO - DAG(s) 'example_params_trigger_ui' retrieved from /home/airflow/.local/lib/python3.12/site-packages/airflow/example_dags/example_params_trigger_ui.py
[2025-05-30T05:31:30.651+0000] {logging_mixin.py:188} INFO - [2025-05-30T05:31:30.651+0000] {dag.py:3096} INFO - Sync 1 DAGs
[2025-05-30T05:31:30.664+0000] {logging_mixin.py:188} INFO - [2025-05-30T05:31:30.664+0000] {dag.py:3954} INFO - Setting next_dagrun for example_params_trigger_ui to None, run_after=None
[2025-05-30T05:31:30.682+0000] {processor.py:183} INFO - Processing /home/airflow/.local/lib/python3.12/site-packages/airflow/example_dags/example_params_trigger_ui.py took 0.104 seconds
[2025-05-30T05:32:00.867+0000] {processor.py:161} INFO - Started process (PID=11195) to work on /home/airflow/.local/lib/python3.12/site-packages/airflow/example_dags/example_params_trigger_ui.py
[2025-05-30T05:32:00.868+0000] {processor.py:830} INFO - Processing file /home/airflow/.local/lib/python3.12/site-packages/airflow/example_dags/example_params_trigger_ui.py for tasks to queue
[2025-05-30T05:32:00.870+0000] {logging_mixin.py:188} INFO - [2025-05-30T05:32:00.869+0000] {dagbag.py:545} INFO - Filling up the DagBag from /home/airflow/.local/lib/python3.12/site-packages/airflow/example_dags/example_params_trigger_ui.py
[2025-05-30T05:32:00.888+0000] {processor.py:840} INFO - DAG(s) 'example_params_trigger_ui' retrieved from /home/airflow/.local/lib/python3.12/site-packages/airflow/example_dags/example_params_trigger_ui.py
[2025-05-30T05:32:00.923+0000] {logging_mixin.py:188} INFO - [2025-05-30T05:32:00.923+0000] {dag.py:3096} INFO - Sync 1 DAGs
[2025-05-30T05:32:00.935+0000] {logging_mixin.py:188} INFO - [2025-05-30T05:32:00.935+0000] {dag.py:3954} INFO - Setting next_dagrun for example_params_trigger_ui to None, run_after=None
[2025-05-30T05:32:00.952+0000] {processor.py:183} INFO - Processing /home/airflow/.local/lib/python3.12/site-packages/airflow/example_dags/example_params_trigger_ui.py took 0.089 seconds
[2025-05-30T05:32:31.106+0000] {processor.py:161} INFO - Started process (PID=11468) to work on /home/airflow/.local/lib/python3.12/site-packages/airflow/example_dags/example_params_trigger_ui.py
[2025-05-30T05:32:31.107+0000] {processor.py:830} INFO - Processing file /home/airflow/.local/lib/python3.12/site-packages/airflow/example_dags/example_params_trigger_ui.py for tasks to queue
[2025-05-30T05:32:31.109+0000] {logging_mixin.py:188} INFO - [2025-05-30T05:32:31.108+0000] {dagbag.py:545} INFO - Filling up the DagBag from /home/airflow/.local/lib/python3.12/site-packages/airflow/example_dags/example_params_trigger_ui.py
[2025-05-30T05:32:31.126+0000] {processor.py:840} INFO - DAG(s) 'example_params_trigger_ui' retrieved from /home/airflow/.local/lib/python3.12/site-packages/airflow/example_dags/example_params_trigger_ui.py
[2025-05-30T05:32:31.160+0000] {logging_mixin.py:188} INFO - [2025-05-30T05:32:31.160+0000] {dag.py:3096} INFO - Sync 1 DAGs
[2025-05-30T05:32:31.171+0000] {logging_mixin.py:188} INFO - [2025-05-30T05:32:31.171+0000] {dag.py:3954} INFO - Setting next_dagrun for example_params_trigger_ui to None, run_after=None
[2025-05-30T05:32:31.187+0000] {processor.py:183} INFO - Processing /home/airflow/.local/lib/python3.12/site-packages/airflow/example_dags/example_params_trigger_ui.py took 0.086 seconds
[2025-05-30T05:40:01.780+0000] {processor.py:161} INFO - Started process (PID=269) to work on /home/airflow/.local/lib/python3.12/site-packages/airflow/example_dags/example_params_trigger_ui.py
[2025-05-30T05:40:01.781+0000] {processor.py:830} INFO - Processing file /home/airflow/.local/lib/python3.12/site-packages/airflow/example_dags/example_params_trigger_ui.py for tasks to queue
[2025-05-30T05:40:01.784+0000] {logging_mixin.py:188} INFO - [2025-05-30T05:40:01.783+0000] {dagbag.py:545} INFO - Filling up the DagBag from /home/airflow/.local/lib/python3.12/site-packages/airflow/example_dags/example_params_trigger_ui.py
[2025-05-30T05:40:01.816+0000] {processor.py:840} INFO - DAG(s) 'example_params_trigger_ui' retrieved from /home/airflow/.local/lib/python3.12/site-packages/airflow/example_dags/example_params_trigger_ui.py
[2025-05-30T05:40:01.832+0000] {logging_mixin.py:188} INFO - [2025-05-30T05:40:01.831+0000] {dag.py:3096} INFO - Sync 1 DAGs
[2025-05-30T05:40:01.849+0000] {logging_mixin.py:188} INFO - [2025-05-30T05:40:01.849+0000] {dag.py:3954} INFO - Setting next_dagrun for example_params_trigger_ui to None, run_after=None
[2025-05-30T05:40:01.876+0000] {processor.py:183} INFO - Processing /home/airflow/.local/lib/python3.12/site-packages/airflow/example_dags/example_params_trigger_ui.py took 0.103 seconds
[2025-05-30T05:40:33.811+0000] {processor.py:161} INFO - Started process (PID=544) to work on /home/airflow/.local/lib/python3.12/site-packages/airflow/example_dags/example_params_trigger_ui.py
[2025-05-30T05:40:33.812+0000] {processor.py:830} INFO - Processing file /home/airflow/.local/lib/python3.12/site-packages/airflow/example_dags/example_params_trigger_ui.py for tasks to queue
[2025-05-30T05:40:33.815+0000] {logging_mixin.py:188} INFO - [2025-05-30T05:40:33.814+0000] {dagbag.py:545} INFO - Filling up the DagBag from /home/airflow/.local/lib/python3.12/site-packages/airflow/example_dags/example_params_trigger_ui.py
[2025-05-30T05:40:33.839+0000] {processor.py:840} INFO - DAG(s) 'example_params_trigger_ui' retrieved from /home/airflow/.local/lib/python3.12/site-packages/airflow/example_dags/example_params_trigger_ui.py
[2025-05-30T05:40:33.969+0000] {logging_mixin.py:188} INFO - [2025-05-30T05:40:33.969+0000] {dag.py:3096} INFO - Sync 1 DAGs
[2025-05-30T05:40:33.978+0000] {logging_mixin.py:188} INFO - [2025-05-30T05:40:33.978+0000] {dag.py:3954} INFO - Setting next_dagrun for example_params_trigger_ui to None, run_after=None
[2025-05-30T05:40:33.994+0000] {processor.py:183} INFO - Processing /home/airflow/.local/lib/python3.12/site-packages/airflow/example_dags/example_params_trigger_ui.py took 0.189 seconds
[2025-05-30T05:41:04.464+0000] {processor.py:161} INFO - Started process (PID=817) to work on /home/airflow/.local/lib/python3.12/site-packages/airflow/example_dags/example_params_trigger_ui.py
[2025-05-30T05:41:04.465+0000] {processor.py:830} INFO - Processing file /home/airflow/.local/lib/python3.12/site-packages/airflow/example_dags/example_params_trigger_ui.py for tasks to queue
[2025-05-30T05:41:04.466+0000] {logging_mixin.py:188} INFO - [2025-05-30T05:41:04.466+0000] {dagbag.py:545} INFO - Filling up the DagBag from /home/airflow/.local/lib/python3.12/site-packages/airflow/example_dags/example_params_trigger_ui.py
[2025-05-30T05:41:04.484+0000] {processor.py:840} INFO - DAG(s) 'example_params_trigger_ui' retrieved from /home/airflow/.local/lib/python3.12/site-packages/airflow/example_dags/example_params_trigger_ui.py
[2025-05-30T05:41:04.520+0000] {logging_mixin.py:188} INFO - [2025-05-30T05:41:04.520+0000] {dag.py:3096} INFO - Sync 1 DAGs
[2025-05-30T05:41:04.531+0000] {logging_mixin.py:188} INFO - [2025-05-30T05:41:04.531+0000] {dag.py:3954} INFO - Setting next_dagrun for example_params_trigger_ui to None, run_after=None
[2025-05-30T05:41:04.550+0000] {processor.py:183} INFO - Processing /home/airflow/.local/lib/python3.12/site-packages/airflow/example_dags/example_params_trigger_ui.py took 0.091 seconds
