[2025-05-30T04:40:36.055+0000] {processor.py:161} INFO - Started process (PID=313) to work on /home/airflow/.local/lib/python3.12/site-packages/airflow/example_dags/example_latest_only_with_trigger.py
[2025-05-30T04:40:36.057+0000] {processor.py:830} INFO - Processing file /home/airflow/.local/lib/python3.12/site-packages/airflow/example_dags/example_latest_only_with_trigger.py for tasks to queue
[2025-05-30T04:40:36.058+0000] {logging_mixin.py:188} INFO - [2025-05-30T04:40:36.058+0000] {dagbag.py:545} INFO - Filling up the DagBag from /home/airflow/.local/lib/python3.12/site-packages/airflow/example_dags/example_latest_only_with_trigger.py
[2025-05-30T04:40:36.066+0000] {processor.py:840} INFO - DAG(s) 'latest_only_with_trigger' retrieved from /home/airflow/.local/lib/python3.12/site-packages/airflow/example_dags/example_latest_only_with_trigger.py
[2025-05-30T04:40:36.085+0000] {logging_mixin.py:188} INFO - [2025-05-30T04:40:36.085+0000] {dag.py:3096} INFO - Sync 1 DAGs
[2025-05-30T04:40:36.107+0000] {logging_mixin.py:188} INFO - [2025-05-30T04:40:36.106+0000] {dag.py:3954} INFO - Setting next_dagrun for latest_only_with_trigger to 2025-05-30 00:00:00+00:00, run_after=2025-05-30 04:00:00+00:00
[2025-05-30T04:40:36.126+0000] {processor.py:183} INFO - Processing /home/airflow/.local/lib/python3.12/site-packages/airflow/example_dags/example_latest_only_with_trigger.py took 0.075 seconds
[2025-05-30T04:41:07.390+0000] {processor.py:161} INFO - Started process (PID=586) to work on /home/airflow/.local/lib/python3.12/site-packages/airflow/example_dags/example_latest_only_with_trigger.py
[2025-05-30T04:41:07.393+0000] {processor.py:830} INFO - Processing file /home/airflow/.local/lib/python3.12/site-packages/airflow/example_dags/example_latest_only_with_trigger.py for tasks to queue
[2025-05-30T04:41:07.395+0000] {logging_mixin.py:188} INFO - [2025-05-30T04:41:07.395+0000] {dagbag.py:545} INFO - Filling up the DagBag from /home/airflow/.local/lib/python3.12/site-packages/airflow/example_dags/example_latest_only_with_trigger.py
[2025-05-30T04:41:07.400+0000] {processor.py:840} INFO - DAG(s) 'latest_only_with_trigger' retrieved from /home/airflow/.local/lib/python3.12/site-packages/airflow/example_dags/example_latest_only_with_trigger.py
[2025-05-30T04:41:07.421+0000] {logging_mixin.py:188} INFO - [2025-05-30T04:41:07.420+0000] {dag.py:3096} INFO - Sync 1 DAGs
[2025-05-30T04:41:07.445+0000] {logging_mixin.py:188} INFO - [2025-05-30T04:41:07.445+0000] {dag.py:3954} INFO - Setting next_dagrun for latest_only_with_trigger to 2025-05-30 00:00:00+00:00, run_after=2025-05-30 04:00:00+00:00
[2025-05-30T04:41:07.462+0000] {processor.py:183} INFO - Processing /home/airflow/.local/lib/python3.12/site-packages/airflow/example_dags/example_latest_only_with_trigger.py took 0.077 seconds
[2025-05-30T04:41:38.146+0000] {processor.py:161} INFO - Started process (PID=861) to work on /home/airflow/.local/lib/python3.12/site-packages/airflow/example_dags/example_latest_only_with_trigger.py
[2025-05-30T04:41:38.147+0000] {processor.py:830} INFO - Processing file /home/airflow/.local/lib/python3.12/site-packages/airflow/example_dags/example_latest_only_with_trigger.py for tasks to queue
[2025-05-30T04:41:38.148+0000] {logging_mixin.py:188} INFO - [2025-05-30T04:41:38.148+0000] {dagbag.py:545} INFO - Filling up the DagBag from /home/airflow/.local/lib/python3.12/site-packages/airflow/example_dags/example_latest_only_with_trigger.py
[2025-05-30T04:41:38.153+0000] {processor.py:840} INFO - DAG(s) 'latest_only_with_trigger' retrieved from /home/airflow/.local/lib/python3.12/site-packages/airflow/example_dags/example_latest_only_with_trigger.py
[2025-05-30T04:41:38.176+0000] {logging_mixin.py:188} INFO - [2025-05-30T04:41:38.176+0000] {dag.py:3096} INFO - Sync 1 DAGs
[2025-05-30T04:41:38.201+0000] {logging_mixin.py:188} INFO - [2025-05-30T04:41:38.201+0000] {dag.py:3954} INFO - Setting next_dagrun for latest_only_with_trigger to 2025-05-30 00:00:00+00:00, run_after=2025-05-30 04:00:00+00:00
[2025-05-30T04:41:38.226+0000] {processor.py:183} INFO - Processing /home/airflow/.local/lib/python3.12/site-packages/airflow/example_dags/example_latest_only_with_trigger.py took 0.085 seconds
[2025-05-30T04:42:09.597+0000] {processor.py:161} INFO - Started process (PID=1131) to work on /home/airflow/.local/lib/python3.12/site-packages/airflow/example_dags/example_latest_only_with_trigger.py
[2025-05-30T04:42:09.598+0000] {processor.py:830} INFO - Processing file /home/airflow/.local/lib/python3.12/site-packages/airflow/example_dags/example_latest_only_with_trigger.py for tasks to queue
[2025-05-30T04:42:09.601+0000] {logging_mixin.py:188} INFO - [2025-05-30T04:42:09.601+0000] {dagbag.py:545} INFO - Filling up the DagBag from /home/airflow/.local/lib/python3.12/site-packages/airflow/example_dags/example_latest_only_with_trigger.py
[2025-05-30T04:42:09.609+0000] {processor.py:840} INFO - DAG(s) 'latest_only_with_trigger' retrieved from /home/airflow/.local/lib/python3.12/site-packages/airflow/example_dags/example_latest_only_with_trigger.py
[2025-05-30T04:42:09.640+0000] {logging_mixin.py:188} INFO - [2025-05-30T04:42:09.639+0000] {dag.py:3096} INFO - Sync 1 DAGs
[2025-05-30T04:42:09.674+0000] {logging_mixin.py:188} INFO - [2025-05-30T04:42:09.674+0000] {dag.py:3954} INFO - Setting next_dagrun for latest_only_with_trigger to 2025-05-30 00:00:00+00:00, run_after=2025-05-30 04:00:00+00:00
[2025-05-30T04:42:09.710+0000] {processor.py:183} INFO - Processing /home/airflow/.local/lib/python3.12/site-packages/airflow/example_dags/example_latest_only_with_trigger.py took 0.120 seconds
[2025-05-30T04:42:40.810+0000] {processor.py:161} INFO - Started process (PID=1404) to work on /home/airflow/.local/lib/python3.12/site-packages/airflow/example_dags/example_latest_only_with_trigger.py
[2025-05-30T04:42:40.811+0000] {processor.py:830} INFO - Processing file /home/airflow/.local/lib/python3.12/site-packages/airflow/example_dags/example_latest_only_with_trigger.py for tasks to queue
[2025-05-30T04:42:40.813+0000] {logging_mixin.py:188} INFO - [2025-05-30T04:42:40.812+0000] {dagbag.py:545} INFO - Filling up the DagBag from /home/airflow/.local/lib/python3.12/site-packages/airflow/example_dags/example_latest_only_with_trigger.py
[2025-05-30T04:42:40.818+0000] {processor.py:840} INFO - DAG(s) 'latest_only_with_trigger' retrieved from /home/airflow/.local/lib/python3.12/site-packages/airflow/example_dags/example_latest_only_with_trigger.py
[2025-05-30T04:42:40.838+0000] {logging_mixin.py:188} INFO - [2025-05-30T04:42:40.838+0000] {dag.py:3096} INFO - Sync 1 DAGs
[2025-05-30T04:42:40.870+0000] {logging_mixin.py:188} INFO - [2025-05-30T04:42:40.870+0000] {dag.py:3954} INFO - Setting next_dagrun for latest_only_with_trigger to 2025-05-30 00:00:00+00:00, run_after=2025-05-30 04:00:00+00:00
[2025-05-30T04:42:40.901+0000] {processor.py:183} INFO - Processing /home/airflow/.local/lib/python3.12/site-packages/airflow/example_dags/example_latest_only_with_trigger.py took 0.097 seconds
[2025-05-30T04:43:11.446+0000] {processor.py:161} INFO - Started process (PID=1677) to work on /home/airflow/.local/lib/python3.12/site-packages/airflow/example_dags/example_latest_only_with_trigger.py
[2025-05-30T04:43:11.448+0000] {processor.py:830} INFO - Processing file /home/airflow/.local/lib/python3.12/site-packages/airflow/example_dags/example_latest_only_with_trigger.py for tasks to queue
[2025-05-30T04:43:11.451+0000] {logging_mixin.py:188} INFO - [2025-05-30T04:43:11.451+0000] {dagbag.py:545} INFO - Filling up the DagBag from /home/airflow/.local/lib/python3.12/site-packages/airflow/example_dags/example_latest_only_with_trigger.py
[2025-05-30T04:43:11.458+0000] {processor.py:840} INFO - DAG(s) 'latest_only_with_trigger' retrieved from /home/airflow/.local/lib/python3.12/site-packages/airflow/example_dags/example_latest_only_with_trigger.py
[2025-05-30T04:43:11.479+0000] {logging_mixin.py:188} INFO - [2025-05-30T04:43:11.479+0000] {dag.py:3096} INFO - Sync 1 DAGs
[2025-05-30T04:43:11.503+0000] {logging_mixin.py:188} INFO - [2025-05-30T04:43:11.503+0000] {dag.py:3954} INFO - Setting next_dagrun for latest_only_with_trigger to 2025-05-30 00:00:00+00:00, run_after=2025-05-30 04:00:00+00:00
[2025-05-30T04:43:11.525+0000] {processor.py:183} INFO - Processing /home/airflow/.local/lib/python3.12/site-packages/airflow/example_dags/example_latest_only_with_trigger.py took 0.085 seconds
[2025-05-30T04:43:42.080+0000] {processor.py:161} INFO - Started process (PID=1949) to work on /home/airflow/.local/lib/python3.12/site-packages/airflow/example_dags/example_latest_only_with_trigger.py
[2025-05-30T04:43:42.081+0000] {processor.py:830} INFO - Processing file /home/airflow/.local/lib/python3.12/site-packages/airflow/example_dags/example_latest_only_with_trigger.py for tasks to queue
[2025-05-30T04:43:42.083+0000] {logging_mixin.py:188} INFO - [2025-05-30T04:43:42.082+0000] {dagbag.py:545} INFO - Filling up the DagBag from /home/airflow/.local/lib/python3.12/site-packages/airflow/example_dags/example_latest_only_with_trigger.py
[2025-05-30T04:43:42.088+0000] {processor.py:840} INFO - DAG(s) 'latest_only_with_trigger' retrieved from /home/airflow/.local/lib/python3.12/site-packages/airflow/example_dags/example_latest_only_with_trigger.py
[2025-05-30T04:43:42.104+0000] {logging_mixin.py:188} INFO - [2025-05-30T04:43:42.104+0000] {dag.py:3096} INFO - Sync 1 DAGs
[2025-05-30T04:43:42.123+0000] {logging_mixin.py:188} INFO - [2025-05-30T04:43:42.123+0000] {dag.py:3954} INFO - Setting next_dagrun for latest_only_with_trigger to 2025-05-30 00:00:00+00:00, run_after=2025-05-30 04:00:00+00:00
[2025-05-30T04:43:42.139+0000] {processor.py:183} INFO - Processing /home/airflow/.local/lib/python3.12/site-packages/airflow/example_dags/example_latest_only_with_trigger.py took 0.065 seconds
[2025-05-30T04:44:12.615+0000] {processor.py:161} INFO - Started process (PID=2222) to work on /home/airflow/.local/lib/python3.12/site-packages/airflow/example_dags/example_latest_only_with_trigger.py
[2025-05-30T04:44:12.615+0000] {processor.py:830} INFO - Processing file /home/airflow/.local/lib/python3.12/site-packages/airflow/example_dags/example_latest_only_with_trigger.py for tasks to queue
[2025-05-30T04:44:12.618+0000] {logging_mixin.py:188} INFO - [2025-05-30T04:44:12.617+0000] {dagbag.py:545} INFO - Filling up the DagBag from /home/airflow/.local/lib/python3.12/site-packages/airflow/example_dags/example_latest_only_with_trigger.py
[2025-05-30T04:44:12.624+0000] {processor.py:840} INFO - DAG(s) 'latest_only_with_trigger' retrieved from /home/airflow/.local/lib/python3.12/site-packages/airflow/example_dags/example_latest_only_with_trigger.py
[2025-05-30T04:44:12.650+0000] {logging_mixin.py:188} INFO - [2025-05-30T04:44:12.649+0000] {dag.py:3096} INFO - Sync 1 DAGs
[2025-05-30T04:44:12.674+0000] {logging_mixin.py:188} INFO - [2025-05-30T04:44:12.674+0000] {dag.py:3954} INFO - Setting next_dagrun for latest_only_with_trigger to 2025-05-30 00:00:00+00:00, run_after=2025-05-30 04:00:00+00:00
[2025-05-30T04:44:12.696+0000] {processor.py:183} INFO - Processing /home/airflow/.local/lib/python3.12/site-packages/airflow/example_dags/example_latest_only_with_trigger.py took 0.088 seconds
[2025-05-30T04:44:43.416+0000] {processor.py:161} INFO - Started process (PID=2495) to work on /home/airflow/.local/lib/python3.12/site-packages/airflow/example_dags/example_latest_only_with_trigger.py
[2025-05-30T04:44:43.417+0000] {processor.py:830} INFO - Processing file /home/airflow/.local/lib/python3.12/site-packages/airflow/example_dags/example_latest_only_with_trigger.py for tasks to queue
[2025-05-30T04:44:43.419+0000] {logging_mixin.py:188} INFO - [2025-05-30T04:44:43.418+0000] {dagbag.py:545} INFO - Filling up the DagBag from /home/airflow/.local/lib/python3.12/site-packages/airflow/example_dags/example_latest_only_with_trigger.py
[2025-05-30T04:44:43.426+0000] {processor.py:840} INFO - DAG(s) 'latest_only_with_trigger' retrieved from /home/airflow/.local/lib/python3.12/site-packages/airflow/example_dags/example_latest_only_with_trigger.py
[2025-05-30T04:44:43.452+0000] {logging_mixin.py:188} INFO - [2025-05-30T04:44:43.452+0000] {dag.py:3096} INFO - Sync 1 DAGs
[2025-05-30T04:44:43.482+0000] {logging_mixin.py:188} INFO - [2025-05-30T04:44:43.482+0000] {dag.py:3954} INFO - Setting next_dagrun for latest_only_with_trigger to 2025-05-30 00:00:00+00:00, run_after=2025-05-30 04:00:00+00:00
[2025-05-30T04:44:43.508+0000] {processor.py:183} INFO - Processing /home/airflow/.local/lib/python3.12/site-packages/airflow/example_dags/example_latest_only_with_trigger.py took 0.099 seconds
[2025-05-30T04:45:14.634+0000] {processor.py:161} INFO - Started process (PID=2768) to work on /home/airflow/.local/lib/python3.12/site-packages/airflow/example_dags/example_latest_only_with_trigger.py
[2025-05-30T04:45:14.635+0000] {processor.py:830} INFO - Processing file /home/airflow/.local/lib/python3.12/site-packages/airflow/example_dags/example_latest_only_with_trigger.py for tasks to queue
[2025-05-30T04:45:14.637+0000] {logging_mixin.py:188} INFO - [2025-05-30T04:45:14.636+0000] {dagbag.py:545} INFO - Filling up the DagBag from /home/airflow/.local/lib/python3.12/site-packages/airflow/example_dags/example_latest_only_with_trigger.py
[2025-05-30T04:45:14.642+0000] {processor.py:840} INFO - DAG(s) 'latest_only_with_trigger' retrieved from /home/airflow/.local/lib/python3.12/site-packages/airflow/example_dags/example_latest_only_with_trigger.py
[2025-05-30T04:45:14.659+0000] {logging_mixin.py:188} INFO - [2025-05-30T04:45:14.659+0000] {dag.py:3096} INFO - Sync 1 DAGs
[2025-05-30T04:45:14.683+0000] {logging_mixin.py:188} INFO - [2025-05-30T04:45:14.683+0000] {dag.py:3954} INFO - Setting next_dagrun for latest_only_with_trigger to 2025-05-30 00:00:00+00:00, run_after=2025-05-30 04:00:00+00:00
[2025-05-30T04:45:14.700+0000] {processor.py:183} INFO - Processing /home/airflow/.local/lib/python3.12/site-packages/airflow/example_dags/example_latest_only_with_trigger.py took 0.072 seconds
[2025-05-30T04:45:45.255+0000] {processor.py:161} INFO - Started process (PID=3041) to work on /home/airflow/.local/lib/python3.12/site-packages/airflow/example_dags/example_latest_only_with_trigger.py
[2025-05-30T04:45:45.256+0000] {processor.py:830} INFO - Processing file /home/airflow/.local/lib/python3.12/site-packages/airflow/example_dags/example_latest_only_with_trigger.py for tasks to queue
[2025-05-30T04:45:45.258+0000] {logging_mixin.py:188} INFO - [2025-05-30T04:45:45.258+0000] {dagbag.py:545} INFO - Filling up the DagBag from /home/airflow/.local/lib/python3.12/site-packages/airflow/example_dags/example_latest_only_with_trigger.py
[2025-05-30T04:45:45.264+0000] {processor.py:840} INFO - DAG(s) 'latest_only_with_trigger' retrieved from /home/airflow/.local/lib/python3.12/site-packages/airflow/example_dags/example_latest_only_with_trigger.py
[2025-05-30T04:45:45.283+0000] {logging_mixin.py:188} INFO - [2025-05-30T04:45:45.283+0000] {dag.py:3096} INFO - Sync 1 DAGs
[2025-05-30T04:45:45.302+0000] {logging_mixin.py:188} INFO - [2025-05-30T04:45:45.302+0000] {dag.py:3954} INFO - Setting next_dagrun for latest_only_with_trigger to 2025-05-30 00:00:00+00:00, run_after=2025-05-30 04:00:00+00:00
[2025-05-30T04:45:45.318+0000] {processor.py:183} INFO - Processing /home/airflow/.local/lib/python3.12/site-packages/airflow/example_dags/example_latest_only_with_trigger.py took 0.069 seconds
[2025-05-30T04:46:16.639+0000] {processor.py:161} INFO - Started process (PID=3313) to work on /home/airflow/.local/lib/python3.12/site-packages/airflow/example_dags/example_latest_only_with_trigger.py
[2025-05-30T04:46:16.642+0000] {processor.py:830} INFO - Processing file /home/airflow/.local/lib/python3.12/site-packages/airflow/example_dags/example_latest_only_with_trigger.py for tasks to queue
[2025-05-30T04:46:16.652+0000] {logging_mixin.py:188} INFO - [2025-05-30T04:46:16.652+0000] {dagbag.py:545} INFO - Filling up the DagBag from /home/airflow/.local/lib/python3.12/site-packages/airflow/example_dags/example_latest_only_with_trigger.py
[2025-05-30T04:46:16.659+0000] {processor.py:840} INFO - DAG(s) 'latest_only_with_trigger' retrieved from /home/airflow/.local/lib/python3.12/site-packages/airflow/example_dags/example_latest_only_with_trigger.py
[2025-05-30T04:46:16.717+0000] {logging_mixin.py:188} INFO - [2025-05-30T04:46:16.716+0000] {dag.py:3096} INFO - Sync 1 DAGs
[2025-05-30T04:46:16.810+0000] {logging_mixin.py:188} INFO - [2025-05-30T04:46:16.805+0000] {dag.py:3954} INFO - Setting next_dagrun for latest_only_with_trigger to 2025-05-30 00:00:00+00:00, run_after=2025-05-30 04:00:00+00:00
[2025-05-30T04:46:16.897+0000] {processor.py:183} INFO - Processing /home/airflow/.local/lib/python3.12/site-packages/airflow/example_dags/example_latest_only_with_trigger.py took 0.266 seconds
[2025-05-30T04:46:47.048+0000] {processor.py:161} INFO - Started process (PID=3582) to work on /home/airflow/.local/lib/python3.12/site-packages/airflow/example_dags/example_latest_only_with_trigger.py
[2025-05-30T04:46:47.048+0000] {processor.py:830} INFO - Processing file /home/airflow/.local/lib/python3.12/site-packages/airflow/example_dags/example_latest_only_with_trigger.py for tasks to queue
[2025-05-30T04:46:47.050+0000] {logging_mixin.py:188} INFO - [2025-05-30T04:46:47.050+0000] {dagbag.py:545} INFO - Filling up the DagBag from /home/airflow/.local/lib/python3.12/site-packages/airflow/example_dags/example_latest_only_with_trigger.py
[2025-05-30T04:46:47.055+0000] {processor.py:840} INFO - DAG(s) 'latest_only_with_trigger' retrieved from /home/airflow/.local/lib/python3.12/site-packages/airflow/example_dags/example_latest_only_with_trigger.py
[2025-05-30T04:46:47.065+0000] {logging_mixin.py:188} INFO - [2025-05-30T04:46:47.064+0000] {dag.py:3096} INFO - Sync 1 DAGs
[2025-05-30T04:46:47.083+0000] {logging_mixin.py:188} INFO - [2025-05-30T04:46:47.083+0000] {dag.py:3954} INFO - Setting next_dagrun for latest_only_with_trigger to 2025-05-30 00:00:00+00:00, run_after=2025-05-30 04:00:00+00:00
[2025-05-30T04:46:47.097+0000] {processor.py:183} INFO - Processing /home/airflow/.local/lib/python3.12/site-packages/airflow/example_dags/example_latest_only_with_trigger.py took 0.054 seconds
[2025-05-30T04:47:18.144+0000] {processor.py:161} INFO - Started process (PID=3854) to work on /home/airflow/.local/lib/python3.12/site-packages/airflow/example_dags/example_latest_only_with_trigger.py
[2025-05-30T04:47:18.145+0000] {processor.py:830} INFO - Processing file /home/airflow/.local/lib/python3.12/site-packages/airflow/example_dags/example_latest_only_with_trigger.py for tasks to queue
[2025-05-30T04:47:18.147+0000] {logging_mixin.py:188} INFO - [2025-05-30T04:47:18.147+0000] {dagbag.py:545} INFO - Filling up the DagBag from /home/airflow/.local/lib/python3.12/site-packages/airflow/example_dags/example_latest_only_with_trigger.py
[2025-05-30T04:47:18.153+0000] {processor.py:840} INFO - DAG(s) 'latest_only_with_trigger' retrieved from /home/airflow/.local/lib/python3.12/site-packages/airflow/example_dags/example_latest_only_with_trigger.py
[2025-05-30T04:47:18.258+0000] {logging_mixin.py:188} INFO - [2025-05-30T04:47:18.258+0000] {dag.py:3096} INFO - Sync 1 DAGs
[2025-05-30T04:47:18.276+0000] {logging_mixin.py:188} INFO - [2025-05-30T04:47:18.276+0000] {dag.py:3954} INFO - Setting next_dagrun for latest_only_with_trigger to 2025-05-30 00:00:00+00:00, run_after=2025-05-30 04:00:00+00:00
[2025-05-30T04:47:18.303+0000] {processor.py:183} INFO - Processing /home/airflow/.local/lib/python3.12/site-packages/airflow/example_dags/example_latest_only_with_trigger.py took 0.164 seconds
[2025-05-30T04:47:48.858+0000] {processor.py:161} INFO - Started process (PID=4127) to work on /home/airflow/.local/lib/python3.12/site-packages/airflow/example_dags/example_latest_only_with_trigger.py
[2025-05-30T04:47:48.859+0000] {processor.py:830} INFO - Processing file /home/airflow/.local/lib/python3.12/site-packages/airflow/example_dags/example_latest_only_with_trigger.py for tasks to queue
[2025-05-30T04:47:48.861+0000] {logging_mixin.py:188} INFO - [2025-05-30T04:47:48.860+0000] {dagbag.py:545} INFO - Filling up the DagBag from /home/airflow/.local/lib/python3.12/site-packages/airflow/example_dags/example_latest_only_with_trigger.py
[2025-05-30T04:47:48.867+0000] {processor.py:840} INFO - DAG(s) 'latest_only_with_trigger' retrieved from /home/airflow/.local/lib/python3.12/site-packages/airflow/example_dags/example_latest_only_with_trigger.py
[2025-05-30T04:47:48.888+0000] {logging_mixin.py:188} INFO - [2025-05-30T04:47:48.888+0000] {dag.py:3096} INFO - Sync 1 DAGs
[2025-05-30T04:47:48.909+0000] {logging_mixin.py:188} INFO - [2025-05-30T04:47:48.909+0000] {dag.py:3954} INFO - Setting next_dagrun for latest_only_with_trigger to 2025-05-30 00:00:00+00:00, run_after=2025-05-30 04:00:00+00:00
[2025-05-30T04:47:48.928+0000] {processor.py:183} INFO - Processing /home/airflow/.local/lib/python3.12/site-packages/airflow/example_dags/example_latest_only_with_trigger.py took 0.077 seconds
[2025-05-30T04:48:19.343+0000] {processor.py:161} INFO - Started process (PID=4400) to work on /home/airflow/.local/lib/python3.12/site-packages/airflow/example_dags/example_latest_only_with_trigger.py
[2025-05-30T04:48:19.344+0000] {processor.py:830} INFO - Processing file /home/airflow/.local/lib/python3.12/site-packages/airflow/example_dags/example_latest_only_with_trigger.py for tasks to queue
[2025-05-30T04:48:19.346+0000] {logging_mixin.py:188} INFO - [2025-05-30T04:48:19.345+0000] {dagbag.py:545} INFO - Filling up the DagBag from /home/airflow/.local/lib/python3.12/site-packages/airflow/example_dags/example_latest_only_with_trigger.py
[2025-05-30T04:48:19.350+0000] {processor.py:840} INFO - DAG(s) 'latest_only_with_trigger' retrieved from /home/airflow/.local/lib/python3.12/site-packages/airflow/example_dags/example_latest_only_with_trigger.py
[2025-05-30T04:48:19.366+0000] {logging_mixin.py:188} INFO - [2025-05-30T04:48:19.366+0000] {dag.py:3096} INFO - Sync 1 DAGs
[2025-05-30T04:48:19.385+0000] {logging_mixin.py:188} INFO - [2025-05-30T04:48:19.384+0000] {dag.py:3954} INFO - Setting next_dagrun for latest_only_with_trigger to 2025-05-30 00:00:00+00:00, run_after=2025-05-30 04:00:00+00:00
[2025-05-30T04:48:19.412+0000] {processor.py:183} INFO - Processing /home/airflow/.local/lib/python3.12/site-packages/airflow/example_dags/example_latest_only_with_trigger.py took 0.075 seconds
[2025-05-30T04:48:49.926+0000] {processor.py:161} INFO - Started process (PID=4673) to work on /home/airflow/.local/lib/python3.12/site-packages/airflow/example_dags/example_latest_only_with_trigger.py
[2025-05-30T04:48:49.927+0000] {processor.py:830} INFO - Processing file /home/airflow/.local/lib/python3.12/site-packages/airflow/example_dags/example_latest_only_with_trigger.py for tasks to queue
[2025-05-30T04:48:49.930+0000] {logging_mixin.py:188} INFO - [2025-05-30T04:48:49.929+0000] {dagbag.py:545} INFO - Filling up the DagBag from /home/airflow/.local/lib/python3.12/site-packages/airflow/example_dags/example_latest_only_with_trigger.py
[2025-05-30T04:48:49.934+0000] {processor.py:840} INFO - DAG(s) 'latest_only_with_trigger' retrieved from /home/airflow/.local/lib/python3.12/site-packages/airflow/example_dags/example_latest_only_with_trigger.py
[2025-05-30T04:48:49.954+0000] {logging_mixin.py:188} INFO - [2025-05-30T04:48:49.953+0000] {dag.py:3096} INFO - Sync 1 DAGs
[2025-05-30T04:48:49.981+0000] {logging_mixin.py:188} INFO - [2025-05-30T04:48:49.981+0000] {dag.py:3954} INFO - Setting next_dagrun for latest_only_with_trigger to 2025-05-30 00:00:00+00:00, run_after=2025-05-30 04:00:00+00:00
[2025-05-30T04:48:50.013+0000] {processor.py:183} INFO - Processing /home/airflow/.local/lib/python3.12/site-packages/airflow/example_dags/example_latest_only_with_trigger.py took 0.092 seconds
[2025-05-30T04:49:20.169+0000] {processor.py:161} INFO - Started process (PID=4946) to work on /home/airflow/.local/lib/python3.12/site-packages/airflow/example_dags/example_latest_only_with_trigger.py
[2025-05-30T04:49:20.170+0000] {processor.py:830} INFO - Processing file /home/airflow/.local/lib/python3.12/site-packages/airflow/example_dags/example_latest_only_with_trigger.py for tasks to queue
[2025-05-30T04:49:20.172+0000] {logging_mixin.py:188} INFO - [2025-05-30T04:49:20.172+0000] {dagbag.py:545} INFO - Filling up the DagBag from /home/airflow/.local/lib/python3.12/site-packages/airflow/example_dags/example_latest_only_with_trigger.py
[2025-05-30T04:49:20.177+0000] {processor.py:840} INFO - DAG(s) 'latest_only_with_trigger' retrieved from /home/airflow/.local/lib/python3.12/site-packages/airflow/example_dags/example_latest_only_with_trigger.py
[2025-05-30T04:49:20.196+0000] {logging_mixin.py:188} INFO - [2025-05-30T04:49:20.196+0000] {dag.py:3096} INFO - Sync 1 DAGs
[2025-05-30T04:49:20.217+0000] {logging_mixin.py:188} INFO - [2025-05-30T04:49:20.217+0000] {dag.py:3954} INFO - Setting next_dagrun for latest_only_with_trigger to 2025-05-30 00:00:00+00:00, run_after=2025-05-30 04:00:00+00:00
[2025-05-30T04:49:20.234+0000] {processor.py:183} INFO - Processing /home/airflow/.local/lib/python3.12/site-packages/airflow/example_dags/example_latest_only_with_trigger.py took 0.070 seconds
[2025-05-30T05:20:45.730+0000] {processor.py:161} INFO - Started process (PID=5240) to work on /home/airflow/.local/lib/python3.12/site-packages/airflow/example_dags/example_latest_only_with_trigger.py
[2025-05-30T05:20:45.730+0000] {processor.py:830} INFO - Processing file /home/airflow/.local/lib/python3.12/site-packages/airflow/example_dags/example_latest_only_with_trigger.py for tasks to queue
[2025-05-30T05:20:45.732+0000] {logging_mixin.py:188} INFO - [2025-05-30T05:20:45.732+0000] {dagbag.py:545} INFO - Filling up the DagBag from /home/airflow/.local/lib/python3.12/site-packages/airflow/example_dags/example_latest_only_with_trigger.py
[2025-05-30T05:20:45.738+0000] {processor.py:840} INFO - DAG(s) 'latest_only_with_trigger' retrieved from /home/airflow/.local/lib/python3.12/site-packages/airflow/example_dags/example_latest_only_with_trigger.py
[2025-05-30T05:20:45.757+0000] {logging_mixin.py:188} INFO - [2025-05-30T05:20:45.756+0000] {dag.py:3096} INFO - Sync 1 DAGs
[2025-05-30T05:20:45.779+0000] {logging_mixin.py:188} INFO - [2025-05-30T05:20:45.779+0000] {dag.py:3954} INFO - Setting next_dagrun for latest_only_with_trigger to 2025-05-30 00:00:00+00:00, run_after=2025-05-30 04:00:00+00:00
[2025-05-30T05:20:45.801+0000] {processor.py:183} INFO - Processing /home/airflow/.local/lib/python3.12/site-packages/airflow/example_dags/example_latest_only_with_trigger.py took 0.078 seconds
[2025-05-30T05:21:16.806+0000] {processor.py:161} INFO - Started process (PID=5513) to work on /home/airflow/.local/lib/python3.12/site-packages/airflow/example_dags/example_latest_only_with_trigger.py
[2025-05-30T05:21:16.806+0000] {processor.py:830} INFO - Processing file /home/airflow/.local/lib/python3.12/site-packages/airflow/example_dags/example_latest_only_with_trigger.py for tasks to queue
[2025-05-30T05:21:16.809+0000] {logging_mixin.py:188} INFO - [2025-05-30T05:21:16.809+0000] {dagbag.py:545} INFO - Filling up the DagBag from /home/airflow/.local/lib/python3.12/site-packages/airflow/example_dags/example_latest_only_with_trigger.py
[2025-05-30T05:21:16.814+0000] {processor.py:840} INFO - DAG(s) 'latest_only_with_trigger' retrieved from /home/airflow/.local/lib/python3.12/site-packages/airflow/example_dags/example_latest_only_with_trigger.py
[2025-05-30T05:21:16.831+0000] {logging_mixin.py:188} INFO - [2025-05-30T05:21:16.830+0000] {dag.py:3096} INFO - Sync 1 DAGs
[2025-05-30T05:21:16.849+0000] {logging_mixin.py:188} INFO - [2025-05-30T05:21:16.849+0000] {dag.py:3954} INFO - Setting next_dagrun for latest_only_with_trigger to 2025-05-30 00:00:00+00:00, run_after=2025-05-30 04:00:00+00:00
[2025-05-30T05:21:16.864+0000] {processor.py:183} INFO - Processing /home/airflow/.local/lib/python3.12/site-packages/airflow/example_dags/example_latest_only_with_trigger.py took 0.064 seconds
[2025-05-30T05:21:47.506+0000] {processor.py:161} INFO - Started process (PID=5786) to work on /home/airflow/.local/lib/python3.12/site-packages/airflow/example_dags/example_latest_only_with_trigger.py
[2025-05-30T05:21:47.509+0000] {processor.py:830} INFO - Processing file /home/airflow/.local/lib/python3.12/site-packages/airflow/example_dags/example_latest_only_with_trigger.py for tasks to queue
[2025-05-30T05:21:47.511+0000] {logging_mixin.py:188} INFO - [2025-05-30T05:21:47.510+0000] {dagbag.py:545} INFO - Filling up the DagBag from /home/airflow/.local/lib/python3.12/site-packages/airflow/example_dags/example_latest_only_with_trigger.py
[2025-05-30T05:21:47.517+0000] {processor.py:840} INFO - DAG(s) 'latest_only_with_trigger' retrieved from /home/airflow/.local/lib/python3.12/site-packages/airflow/example_dags/example_latest_only_with_trigger.py
[2025-05-30T05:21:47.539+0000] {logging_mixin.py:188} INFO - [2025-05-30T05:21:47.539+0000] {dag.py:3096} INFO - Sync 1 DAGs
[2025-05-30T05:21:47.567+0000] {logging_mixin.py:188} INFO - [2025-05-30T05:21:47.567+0000] {dag.py:3954} INFO - Setting next_dagrun for latest_only_with_trigger to 2025-05-30 00:00:00+00:00, run_after=2025-05-30 04:00:00+00:00
[2025-05-30T05:21:47.751+0000] {processor.py:183} INFO - Processing /home/airflow/.local/lib/python3.12/site-packages/airflow/example_dags/example_latest_only_with_trigger.py took 0.251 seconds
[2025-05-30T05:22:18.328+0000] {processor.py:161} INFO - Started process (PID=6059) to work on /home/airflow/.local/lib/python3.12/site-packages/airflow/example_dags/example_latest_only_with_trigger.py
[2025-05-30T05:22:18.330+0000] {processor.py:830} INFO - Processing file /home/airflow/.local/lib/python3.12/site-packages/airflow/example_dags/example_latest_only_with_trigger.py for tasks to queue
[2025-05-30T05:22:18.333+0000] {logging_mixin.py:188} INFO - [2025-05-30T05:22:18.332+0000] {dagbag.py:545} INFO - Filling up the DagBag from /home/airflow/.local/lib/python3.12/site-packages/airflow/example_dags/example_latest_only_with_trigger.py
[2025-05-30T05:22:18.340+0000] {processor.py:840} INFO - DAG(s) 'latest_only_with_trigger' retrieved from /home/airflow/.local/lib/python3.12/site-packages/airflow/example_dags/example_latest_only_with_trigger.py
[2025-05-30T05:22:18.367+0000] {logging_mixin.py:188} INFO - [2025-05-30T05:22:18.367+0000] {dag.py:3096} INFO - Sync 1 DAGs
[2025-05-30T05:22:18.394+0000] {logging_mixin.py:188} INFO - [2025-05-30T05:22:18.393+0000] {dag.py:3954} INFO - Setting next_dagrun for latest_only_with_trigger to 2025-05-30 00:00:00+00:00, run_after=2025-05-30 04:00:00+00:00
[2025-05-30T05:22:18.416+0000] {processor.py:183} INFO - Processing /home/airflow/.local/lib/python3.12/site-packages/airflow/example_dags/example_latest_only_with_trigger.py took 0.096 seconds
[2025-05-30T05:22:49.524+0000] {processor.py:161} INFO - Started process (PID=6332) to work on /home/airflow/.local/lib/python3.12/site-packages/airflow/example_dags/example_latest_only_with_trigger.py
[2025-05-30T05:22:49.525+0000] {processor.py:830} INFO - Processing file /home/airflow/.local/lib/python3.12/site-packages/airflow/example_dags/example_latest_only_with_trigger.py for tasks to queue
[2025-05-30T05:22:49.527+0000] {logging_mixin.py:188} INFO - [2025-05-30T05:22:49.526+0000] {dagbag.py:545} INFO - Filling up the DagBag from /home/airflow/.local/lib/python3.12/site-packages/airflow/example_dags/example_latest_only_with_trigger.py
[2025-05-30T05:22:49.532+0000] {processor.py:840} INFO - DAG(s) 'latest_only_with_trigger' retrieved from /home/airflow/.local/lib/python3.12/site-packages/airflow/example_dags/example_latest_only_with_trigger.py
[2025-05-30T05:22:49.555+0000] {logging_mixin.py:188} INFO - [2025-05-30T05:22:49.555+0000] {dag.py:3096} INFO - Sync 1 DAGs
[2025-05-30T05:22:49.581+0000] {logging_mixin.py:188} INFO - [2025-05-30T05:22:49.580+0000] {dag.py:3954} INFO - Setting next_dagrun for latest_only_with_trigger to 2025-05-30 00:00:00+00:00, run_after=2025-05-30 04:00:00+00:00
[2025-05-30T05:22:49.601+0000] {processor.py:183} INFO - Processing /home/airflow/.local/lib/python3.12/site-packages/airflow/example_dags/example_latest_only_with_trigger.py took 0.083 seconds
[2025-05-30T05:23:21.444+0000] {processor.py:161} INFO - Started process (PID=6605) to work on /home/airflow/.local/lib/python3.12/site-packages/airflow/example_dags/example_latest_only_with_trigger.py
[2025-05-30T05:23:21.445+0000] {processor.py:830} INFO - Processing file /home/airflow/.local/lib/python3.12/site-packages/airflow/example_dags/example_latest_only_with_trigger.py for tasks to queue
[2025-05-30T05:23:21.447+0000] {logging_mixin.py:188} INFO - [2025-05-30T05:23:21.446+0000] {dagbag.py:545} INFO - Filling up the DagBag from /home/airflow/.local/lib/python3.12/site-packages/airflow/example_dags/example_latest_only_with_trigger.py
[2025-05-30T05:23:21.452+0000] {processor.py:840} INFO - DAG(s) 'latest_only_with_trigger' retrieved from /home/airflow/.local/lib/python3.12/site-packages/airflow/example_dags/example_latest_only_with_trigger.py
[2025-05-30T05:23:21.471+0000] {logging_mixin.py:188} INFO - [2025-05-30T05:23:21.471+0000] {dag.py:3096} INFO - Sync 1 DAGs
[2025-05-30T05:23:21.490+0000] {logging_mixin.py:188} INFO - [2025-05-30T05:23:21.490+0000] {dag.py:3954} INFO - Setting next_dagrun for latest_only_with_trigger to 2025-05-30 00:00:00+00:00, run_after=2025-05-30 04:00:00+00:00
[2025-05-30T05:23:21.506+0000] {processor.py:183} INFO - Processing /home/airflow/.local/lib/python3.12/site-packages/airflow/example_dags/example_latest_only_with_trigger.py took 0.067 seconds
[2025-05-30T05:23:53.013+0000] {processor.py:161} INFO - Started process (PID=6878) to work on /home/airflow/.local/lib/python3.12/site-packages/airflow/example_dags/example_latest_only_with_trigger.py
[2025-05-30T05:23:53.014+0000] {processor.py:830} INFO - Processing file /home/airflow/.local/lib/python3.12/site-packages/airflow/example_dags/example_latest_only_with_trigger.py for tasks to queue
[2025-05-30T05:23:53.016+0000] {logging_mixin.py:188} INFO - [2025-05-30T05:23:53.016+0000] {dagbag.py:545} INFO - Filling up the DagBag from /home/airflow/.local/lib/python3.12/site-packages/airflow/example_dags/example_latest_only_with_trigger.py
[2025-05-30T05:23:53.022+0000] {processor.py:840} INFO - DAG(s) 'latest_only_with_trigger' retrieved from /home/airflow/.local/lib/python3.12/site-packages/airflow/example_dags/example_latest_only_with_trigger.py
[2025-05-30T05:23:53.045+0000] {logging_mixin.py:188} INFO - [2025-05-30T05:23:53.045+0000] {dag.py:3096} INFO - Sync 1 DAGs
[2025-05-30T05:23:53.072+0000] {logging_mixin.py:188} INFO - [2025-05-30T05:23:53.072+0000] {dag.py:3954} INFO - Setting next_dagrun for latest_only_with_trigger to 2025-05-30 00:00:00+00:00, run_after=2025-05-30 04:00:00+00:00
[2025-05-30T05:23:53.291+0000] {processor.py:183} INFO - Processing /home/airflow/.local/lib/python3.12/site-packages/airflow/example_dags/example_latest_only_with_trigger.py took 0.284 seconds
[2025-05-30T05:24:23.851+0000] {processor.py:161} INFO - Started process (PID=7153) to work on /home/airflow/.local/lib/python3.12/site-packages/airflow/example_dags/example_latest_only_with_trigger.py
[2025-05-30T05:24:23.852+0000] {processor.py:830} INFO - Processing file /home/airflow/.local/lib/python3.12/site-packages/airflow/example_dags/example_latest_only_with_trigger.py for tasks to queue
[2025-05-30T05:24:23.854+0000] {logging_mixin.py:188} INFO - [2025-05-30T05:24:23.853+0000] {dagbag.py:545} INFO - Filling up the DagBag from /home/airflow/.local/lib/python3.12/site-packages/airflow/example_dags/example_latest_only_with_trigger.py
[2025-05-30T05:24:23.860+0000] {processor.py:840} INFO - DAG(s) 'latest_only_with_trigger' retrieved from /home/airflow/.local/lib/python3.12/site-packages/airflow/example_dags/example_latest_only_with_trigger.py
[2025-05-30T05:24:23.877+0000] {logging_mixin.py:188} INFO - [2025-05-30T05:24:23.877+0000] {dag.py:3096} INFO - Sync 1 DAGs
[2025-05-30T05:24:23.894+0000] {logging_mixin.py:188} INFO - [2025-05-30T05:24:23.894+0000] {dag.py:3954} INFO - Setting next_dagrun for latest_only_with_trigger to 2025-05-30 00:00:00+00:00, run_after=2025-05-30 04:00:00+00:00
[2025-05-30T05:24:23.909+0000] {processor.py:183} INFO - Processing /home/airflow/.local/lib/python3.12/site-packages/airflow/example_dags/example_latest_only_with_trigger.py took 0.063 seconds
[2025-05-30T05:24:54.735+0000] {processor.py:161} INFO - Started process (PID=7426) to work on /home/airflow/.local/lib/python3.12/site-packages/airflow/example_dags/example_latest_only_with_trigger.py
[2025-05-30T05:24:54.736+0000] {processor.py:830} INFO - Processing file /home/airflow/.local/lib/python3.12/site-packages/airflow/example_dags/example_latest_only_with_trigger.py for tasks to queue
[2025-05-30T05:24:54.737+0000] {logging_mixin.py:188} INFO - [2025-05-30T05:24:54.737+0000] {dagbag.py:545} INFO - Filling up the DagBag from /home/airflow/.local/lib/python3.12/site-packages/airflow/example_dags/example_latest_only_with_trigger.py
[2025-05-30T05:24:54.742+0000] {processor.py:840} INFO - DAG(s) 'latest_only_with_trigger' retrieved from /home/airflow/.local/lib/python3.12/site-packages/airflow/example_dags/example_latest_only_with_trigger.py
[2025-05-30T05:24:54.760+0000] {logging_mixin.py:188} INFO - [2025-05-30T05:24:54.760+0000] {dag.py:3096} INFO - Sync 1 DAGs
[2025-05-30T05:24:54.781+0000] {logging_mixin.py:188} INFO - [2025-05-30T05:24:54.781+0000] {dag.py:3954} INFO - Setting next_dagrun for latest_only_with_trigger to 2025-05-30 00:00:00+00:00, run_after=2025-05-30 04:00:00+00:00
[2025-05-30T05:24:54.798+0000] {processor.py:183} INFO - Processing /home/airflow/.local/lib/python3.12/site-packages/airflow/example_dags/example_latest_only_with_trigger.py took 0.069 seconds
[2025-05-30T05:25:25.352+0000] {processor.py:161} INFO - Started process (PID=7697) to work on /home/airflow/.local/lib/python3.12/site-packages/airflow/example_dags/example_latest_only_with_trigger.py
[2025-05-30T05:25:25.353+0000] {processor.py:830} INFO - Processing file /home/airflow/.local/lib/python3.12/site-packages/airflow/example_dags/example_latest_only_with_trigger.py for tasks to queue
[2025-05-30T05:25:25.359+0000] {logging_mixin.py:188} INFO - [2025-05-30T05:25:25.358+0000] {dagbag.py:545} INFO - Filling up the DagBag from /home/airflow/.local/lib/python3.12/site-packages/airflow/example_dags/example_latest_only_with_trigger.py
[2025-05-30T05:25:25.370+0000] {processor.py:840} INFO - DAG(s) 'latest_only_with_trigger' retrieved from /home/airflow/.local/lib/python3.12/site-packages/airflow/example_dags/example_latest_only_with_trigger.py
[2025-05-30T05:25:25.402+0000] {logging_mixin.py:188} INFO - [2025-05-30T05:25:25.402+0000] {dag.py:3096} INFO - Sync 1 DAGs
[2025-05-30T05:25:25.437+0000] {logging_mixin.py:188} INFO - [2025-05-30T05:25:25.437+0000] {dag.py:3954} INFO - Setting next_dagrun for latest_only_with_trigger to 2025-05-30 00:00:00+00:00, run_after=2025-05-30 04:00:00+00:00
[2025-05-30T05:25:25.467+0000] {processor.py:183} INFO - Processing /home/airflow/.local/lib/python3.12/site-packages/airflow/example_dags/example_latest_only_with_trigger.py took 0.129 seconds
[2025-05-30T05:25:55.997+0000] {processor.py:161} INFO - Started process (PID=7970) to work on /home/airflow/.local/lib/python3.12/site-packages/airflow/example_dags/example_latest_only_with_trigger.py
[2025-05-30T05:25:55.998+0000] {processor.py:830} INFO - Processing file /home/airflow/.local/lib/python3.12/site-packages/airflow/example_dags/example_latest_only_with_trigger.py for tasks to queue
[2025-05-30T05:25:56.000+0000] {logging_mixin.py:188} INFO - [2025-05-30T05:25:56.000+0000] {dagbag.py:545} INFO - Filling up the DagBag from /home/airflow/.local/lib/python3.12/site-packages/airflow/example_dags/example_latest_only_with_trigger.py
[2025-05-30T05:25:56.007+0000] {processor.py:840} INFO - DAG(s) 'latest_only_with_trigger' retrieved from /home/airflow/.local/lib/python3.12/site-packages/airflow/example_dags/example_latest_only_with_trigger.py
[2025-05-30T05:25:56.030+0000] {logging_mixin.py:188} INFO - [2025-05-30T05:25:56.029+0000] {dag.py:3096} INFO - Sync 1 DAGs
[2025-05-30T05:25:56.051+0000] {logging_mixin.py:188} INFO - [2025-05-30T05:25:56.051+0000] {dag.py:3954} INFO - Setting next_dagrun for latest_only_with_trigger to 2025-05-30 00:00:00+00:00, run_after=2025-05-30 04:00:00+00:00
[2025-05-30T05:25:56.075+0000] {processor.py:183} INFO - Processing /home/airflow/.local/lib/python3.12/site-packages/airflow/example_dags/example_latest_only_with_trigger.py took 0.085 seconds
[2025-05-30T05:26:26.492+0000] {processor.py:161} INFO - Started process (PID=8243) to work on /home/airflow/.local/lib/python3.12/site-packages/airflow/example_dags/example_latest_only_with_trigger.py
[2025-05-30T05:26:26.492+0000] {processor.py:830} INFO - Processing file /home/airflow/.local/lib/python3.12/site-packages/airflow/example_dags/example_latest_only_with_trigger.py for tasks to queue
[2025-05-30T05:26:26.494+0000] {logging_mixin.py:188} INFO - [2025-05-30T05:26:26.494+0000] {dagbag.py:545} INFO - Filling up the DagBag from /home/airflow/.local/lib/python3.12/site-packages/airflow/example_dags/example_latest_only_with_trigger.py
[2025-05-30T05:26:26.500+0000] {processor.py:840} INFO - DAG(s) 'latest_only_with_trigger' retrieved from /home/airflow/.local/lib/python3.12/site-packages/airflow/example_dags/example_latest_only_with_trigger.py
[2025-05-30T05:26:26.523+0000] {logging_mixin.py:188} INFO - [2025-05-30T05:26:26.522+0000] {dag.py:3096} INFO - Sync 1 DAGs
[2025-05-30T05:26:26.548+0000] {logging_mixin.py:188} INFO - [2025-05-30T05:26:26.548+0000] {dag.py:3954} INFO - Setting next_dagrun for latest_only_with_trigger to 2025-05-30 00:00:00+00:00, run_after=2025-05-30 04:00:00+00:00
[2025-05-30T05:26:26.567+0000] {processor.py:183} INFO - Processing /home/airflow/.local/lib/python3.12/site-packages/airflow/example_dags/example_latest_only_with_trigger.py took 0.081 seconds
[2025-05-30T05:26:57.285+0000] {processor.py:161} INFO - Started process (PID=8515) to work on /home/airflow/.local/lib/python3.12/site-packages/airflow/example_dags/example_latest_only_with_trigger.py
[2025-05-30T05:26:57.286+0000] {processor.py:830} INFO - Processing file /home/airflow/.local/lib/python3.12/site-packages/airflow/example_dags/example_latest_only_with_trigger.py for tasks to queue
[2025-05-30T05:26:57.289+0000] {logging_mixin.py:188} INFO - [2025-05-30T05:26:57.288+0000] {dagbag.py:545} INFO - Filling up the DagBag from /home/airflow/.local/lib/python3.12/site-packages/airflow/example_dags/example_latest_only_with_trigger.py
[2025-05-30T05:26:57.296+0000] {processor.py:840} INFO - DAG(s) 'latest_only_with_trigger' retrieved from /home/airflow/.local/lib/python3.12/site-packages/airflow/example_dags/example_latest_only_with_trigger.py
[2025-05-30T05:26:57.320+0000] {logging_mixin.py:188} INFO - [2025-05-30T05:26:57.320+0000] {dag.py:3096} INFO - Sync 1 DAGs
[2025-05-30T05:26:57.345+0000] {logging_mixin.py:188} INFO - [2025-05-30T05:26:57.345+0000] {dag.py:3954} INFO - Setting next_dagrun for latest_only_with_trigger to 2025-05-30 00:00:00+00:00, run_after=2025-05-30 04:00:00+00:00
[2025-05-30T05:26:57.370+0000] {processor.py:183} INFO - Processing /home/airflow/.local/lib/python3.12/site-packages/airflow/example_dags/example_latest_only_with_trigger.py took 0.091 seconds
[2025-05-30T05:27:28.162+0000] {processor.py:161} INFO - Started process (PID=8788) to work on /home/airflow/.local/lib/python3.12/site-packages/airflow/example_dags/example_latest_only_with_trigger.py
[2025-05-30T05:27:28.163+0000] {processor.py:830} INFO - Processing file /home/airflow/.local/lib/python3.12/site-packages/airflow/example_dags/example_latest_only_with_trigger.py for tasks to queue
[2025-05-30T05:27:28.165+0000] {logging_mixin.py:188} INFO - [2025-05-30T05:27:28.165+0000] {dagbag.py:545} INFO - Filling up the DagBag from /home/airflow/.local/lib/python3.12/site-packages/airflow/example_dags/example_latest_only_with_trigger.py
[2025-05-30T05:27:28.171+0000] {processor.py:840} INFO - DAG(s) 'latest_only_with_trigger' retrieved from /home/airflow/.local/lib/python3.12/site-packages/airflow/example_dags/example_latest_only_with_trigger.py
[2025-05-30T05:27:28.193+0000] {logging_mixin.py:188} INFO - [2025-05-30T05:27:28.192+0000] {dag.py:3096} INFO - Sync 1 DAGs
[2025-05-30T05:27:28.220+0000] {logging_mixin.py:188} INFO - [2025-05-30T05:27:28.220+0000] {dag.py:3954} INFO - Setting next_dagrun for latest_only_with_trigger to 2025-05-30 00:00:00+00:00, run_after=2025-05-30 04:00:00+00:00
[2025-05-30T05:27:28.248+0000] {processor.py:183} INFO - Processing /home/airflow/.local/lib/python3.12/site-packages/airflow/example_dags/example_latest_only_with_trigger.py took 0.092 seconds
[2025-05-30T05:27:58.897+0000] {processor.py:161} INFO - Started process (PID=9061) to work on /home/airflow/.local/lib/python3.12/site-packages/airflow/example_dags/example_latest_only_with_trigger.py
[2025-05-30T05:27:58.898+0000] {processor.py:830} INFO - Processing file /home/airflow/.local/lib/python3.12/site-packages/airflow/example_dags/example_latest_only_with_trigger.py for tasks to queue
[2025-05-30T05:27:58.900+0000] {logging_mixin.py:188} INFO - [2025-05-30T05:27:58.900+0000] {dagbag.py:545} INFO - Filling up the DagBag from /home/airflow/.local/lib/python3.12/site-packages/airflow/example_dags/example_latest_only_with_trigger.py
[2025-05-30T05:27:58.906+0000] {processor.py:840} INFO - DAG(s) 'latest_only_with_trigger' retrieved from /home/airflow/.local/lib/python3.12/site-packages/airflow/example_dags/example_latest_only_with_trigger.py
[2025-05-30T05:27:58.925+0000] {logging_mixin.py:188} INFO - [2025-05-30T05:27:58.925+0000] {dag.py:3096} INFO - Sync 1 DAGs
[2025-05-30T05:27:58.946+0000] {logging_mixin.py:188} INFO - [2025-05-30T05:27:58.945+0000] {dag.py:3954} INFO - Setting next_dagrun for latest_only_with_trigger to 2025-05-30 00:00:00+00:00, run_after=2025-05-30 04:00:00+00:00
[2025-05-30T05:27:58.963+0000] {processor.py:183} INFO - Processing /home/airflow/.local/lib/python3.12/site-packages/airflow/example_dags/example_latest_only_with_trigger.py took 0.073 seconds
[2025-05-30T05:28:29.558+0000] {processor.py:161} INFO - Started process (PID=9334) to work on /home/airflow/.local/lib/python3.12/site-packages/airflow/example_dags/example_latest_only_with_trigger.py
[2025-05-30T05:28:29.558+0000] {processor.py:830} INFO - Processing file /home/airflow/.local/lib/python3.12/site-packages/airflow/example_dags/example_latest_only_with_trigger.py for tasks to queue
[2025-05-30T05:28:29.560+0000] {logging_mixin.py:188} INFO - [2025-05-30T05:28:29.560+0000] {dagbag.py:545} INFO - Filling up the DagBag from /home/airflow/.local/lib/python3.12/site-packages/airflow/example_dags/example_latest_only_with_trigger.py
[2025-05-30T05:28:29.567+0000] {processor.py:840} INFO - DAG(s) 'latest_only_with_trigger' retrieved from /home/airflow/.local/lib/python3.12/site-packages/airflow/example_dags/example_latest_only_with_trigger.py
[2025-05-30T05:28:29.591+0000] {logging_mixin.py:188} INFO - [2025-05-30T05:28:29.591+0000] {dag.py:3096} INFO - Sync 1 DAGs
[2025-05-30T05:28:29.621+0000] {logging_mixin.py:188} INFO - [2025-05-30T05:28:29.621+0000] {dag.py:3954} INFO - Setting next_dagrun for latest_only_with_trigger to 2025-05-30 00:00:00+00:00, run_after=2025-05-30 04:00:00+00:00
[2025-05-30T05:28:29.652+0000] {processor.py:183} INFO - Processing /home/airflow/.local/lib/python3.12/site-packages/airflow/example_dags/example_latest_only_with_trigger.py took 0.102 seconds
[2025-05-30T05:29:00.203+0000] {processor.py:161} INFO - Started process (PID=9609) to work on /home/airflow/.local/lib/python3.12/site-packages/airflow/example_dags/example_latest_only_with_trigger.py
[2025-05-30T05:29:00.204+0000] {processor.py:830} INFO - Processing file /home/airflow/.local/lib/python3.12/site-packages/airflow/example_dags/example_latest_only_with_trigger.py for tasks to queue
[2025-05-30T05:29:00.207+0000] {logging_mixin.py:188} INFO - [2025-05-30T05:29:00.207+0000] {dagbag.py:545} INFO - Filling up the DagBag from /home/airflow/.local/lib/python3.12/site-packages/airflow/example_dags/example_latest_only_with_trigger.py
[2025-05-30T05:29:00.217+0000] {processor.py:840} INFO - DAG(s) 'latest_only_with_trigger' retrieved from /home/airflow/.local/lib/python3.12/site-packages/airflow/example_dags/example_latest_only_with_trigger.py
[2025-05-30T05:29:00.242+0000] {logging_mixin.py:188} INFO - [2025-05-30T05:29:00.242+0000] {dag.py:3096} INFO - Sync 1 DAGs
[2025-05-30T05:29:00.265+0000] {logging_mixin.py:188} INFO - [2025-05-30T05:29:00.264+0000] {dag.py:3954} INFO - Setting next_dagrun for latest_only_with_trigger to 2025-05-30 00:00:00+00:00, run_after=2025-05-30 04:00:00+00:00
[2025-05-30T05:29:00.289+0000] {processor.py:183} INFO - Processing /home/airflow/.local/lib/python3.12/site-packages/airflow/example_dags/example_latest_only_with_trigger.py took 0.094 seconds
[2025-05-30T05:29:30.327+0000] {processor.py:161} INFO - Started process (PID=9882) to work on /home/airflow/.local/lib/python3.12/site-packages/airflow/example_dags/example_latest_only_with_trigger.py
[2025-05-30T05:29:30.328+0000] {processor.py:830} INFO - Processing file /home/airflow/.local/lib/python3.12/site-packages/airflow/example_dags/example_latest_only_with_trigger.py for tasks to queue
[2025-05-30T05:29:30.329+0000] {logging_mixin.py:188} INFO - [2025-05-30T05:29:30.329+0000] {dagbag.py:545} INFO - Filling up the DagBag from /home/airflow/.local/lib/python3.12/site-packages/airflow/example_dags/example_latest_only_with_trigger.py
[2025-05-30T05:29:30.334+0000] {processor.py:840} INFO - DAG(s) 'latest_only_with_trigger' retrieved from /home/airflow/.local/lib/python3.12/site-packages/airflow/example_dags/example_latest_only_with_trigger.py
[2025-05-30T05:29:30.352+0000] {logging_mixin.py:188} INFO - [2025-05-30T05:29:30.351+0000] {dag.py:3096} INFO - Sync 1 DAGs
[2025-05-30T05:29:30.370+0000] {logging_mixin.py:188} INFO - [2025-05-30T05:29:30.369+0000] {dag.py:3954} INFO - Setting next_dagrun for latest_only_with_trigger to 2025-05-30 00:00:00+00:00, run_after=2025-05-30 04:00:00+00:00
[2025-05-30T05:29:30.386+0000] {processor.py:183} INFO - Processing /home/airflow/.local/lib/python3.12/site-packages/airflow/example_dags/example_latest_only_with_trigger.py took 0.064 seconds
[2025-05-30T05:30:00.629+0000] {processor.py:161} INFO - Started process (PID=10153) to work on /home/airflow/.local/lib/python3.12/site-packages/airflow/example_dags/example_latest_only_with_trigger.py
[2025-05-30T05:30:00.630+0000] {processor.py:830} INFO - Processing file /home/airflow/.local/lib/python3.12/site-packages/airflow/example_dags/example_latest_only_with_trigger.py for tasks to queue
[2025-05-30T05:30:00.632+0000] {logging_mixin.py:188} INFO - [2025-05-30T05:30:00.632+0000] {dagbag.py:545} INFO - Filling up the DagBag from /home/airflow/.local/lib/python3.12/site-packages/airflow/example_dags/example_latest_only_with_trigger.py
[2025-05-30T05:30:00.637+0000] {processor.py:840} INFO - DAG(s) 'latest_only_with_trigger' retrieved from /home/airflow/.local/lib/python3.12/site-packages/airflow/example_dags/example_latest_only_with_trigger.py
[2025-05-30T05:30:00.658+0000] {logging_mixin.py:188} INFO - [2025-05-30T05:30:00.658+0000] {dag.py:3096} INFO - Sync 1 DAGs
[2025-05-30T05:30:00.677+0000] {logging_mixin.py:188} INFO - [2025-05-30T05:30:00.677+0000] {dag.py:3954} INFO - Setting next_dagrun for latest_only_with_trigger to 2025-05-30 00:00:00+00:00, run_after=2025-05-30 04:00:00+00:00
[2025-05-30T05:30:00.692+0000] {processor.py:183} INFO - Processing /home/airflow/.local/lib/python3.12/site-packages/airflow/example_dags/example_latest_only_with_trigger.py took 0.068 seconds
[2025-05-30T05:30:30.813+0000] {processor.py:161} INFO - Started process (PID=10424) to work on /home/airflow/.local/lib/python3.12/site-packages/airflow/example_dags/example_latest_only_with_trigger.py
[2025-05-30T05:30:30.814+0000] {processor.py:830} INFO - Processing file /home/airflow/.local/lib/python3.12/site-packages/airflow/example_dags/example_latest_only_with_trigger.py for tasks to queue
[2025-05-30T05:30:30.817+0000] {logging_mixin.py:188} INFO - [2025-05-30T05:30:30.816+0000] {dagbag.py:545} INFO - Filling up the DagBag from /home/airflow/.local/lib/python3.12/site-packages/airflow/example_dags/example_latest_only_with_trigger.py
[2025-05-30T05:30:30.822+0000] {processor.py:840} INFO - DAG(s) 'latest_only_with_trigger' retrieved from /home/airflow/.local/lib/python3.12/site-packages/airflow/example_dags/example_latest_only_with_trigger.py
[2025-05-30T05:30:30.845+0000] {logging_mixin.py:188} INFO - [2025-05-30T05:30:30.845+0000] {dag.py:3096} INFO - Sync 1 DAGs
[2025-05-30T05:30:30.868+0000] {logging_mixin.py:188} INFO - [2025-05-30T05:30:30.867+0000] {dag.py:3954} INFO - Setting next_dagrun for latest_only_with_trigger to 2025-05-30 00:00:00+00:00, run_after=2025-05-30 04:00:00+00:00
[2025-05-30T05:30:30.887+0000] {processor.py:183} INFO - Processing /home/airflow/.local/lib/python3.12/site-packages/airflow/example_dags/example_latest_only_with_trigger.py took 0.080 seconds
[2025-05-30T05:31:01.207+0000] {processor.py:161} INFO - Started process (PID=10692) to work on /home/airflow/.local/lib/python3.12/site-packages/airflow/example_dags/example_latest_only_with_trigger.py
[2025-05-30T05:31:01.209+0000] {processor.py:830} INFO - Processing file /home/airflow/.local/lib/python3.12/site-packages/airflow/example_dags/example_latest_only_with_trigger.py for tasks to queue
[2025-05-30T05:31:01.213+0000] {logging_mixin.py:188} INFO - [2025-05-30T05:31:01.213+0000] {dagbag.py:545} INFO - Filling up the DagBag from /home/airflow/.local/lib/python3.12/site-packages/airflow/example_dags/example_latest_only_with_trigger.py
[2025-05-30T05:31:01.224+0000] {processor.py:840} INFO - DAG(s) 'latest_only_with_trigger' retrieved from /home/airflow/.local/lib/python3.12/site-packages/airflow/example_dags/example_latest_only_with_trigger.py
[2025-05-30T05:31:01.263+0000] {logging_mixin.py:188} INFO - [2025-05-30T05:31:01.262+0000] {dag.py:3096} INFO - Sync 1 DAGs
[2025-05-30T05:31:01.302+0000] {logging_mixin.py:188} INFO - [2025-05-30T05:31:01.302+0000] {dag.py:3954} INFO - Setting next_dagrun for latest_only_with_trigger to 2025-05-30 00:00:00+00:00, run_after=2025-05-30 04:00:00+00:00
[2025-05-30T05:31:01.337+0000] {processor.py:183} INFO - Processing /home/airflow/.local/lib/python3.12/site-packages/airflow/example_dags/example_latest_only_with_trigger.py took 0.138 seconds
[2025-05-30T05:31:32.029+0000] {processor.py:161} INFO - Started process (PID=10965) to work on /home/airflow/.local/lib/python3.12/site-packages/airflow/example_dags/example_latest_only_with_trigger.py
[2025-05-30T05:31:32.030+0000] {processor.py:830} INFO - Processing file /home/airflow/.local/lib/python3.12/site-packages/airflow/example_dags/example_latest_only_with_trigger.py for tasks to queue
[2025-05-30T05:31:32.032+0000] {logging_mixin.py:188} INFO - [2025-05-30T05:31:32.032+0000] {dagbag.py:545} INFO - Filling up the DagBag from /home/airflow/.local/lib/python3.12/site-packages/airflow/example_dags/example_latest_only_with_trigger.py
[2025-05-30T05:31:32.038+0000] {processor.py:840} INFO - DAG(s) 'latest_only_with_trigger' retrieved from /home/airflow/.local/lib/python3.12/site-packages/airflow/example_dags/example_latest_only_with_trigger.py
[2025-05-30T05:31:32.056+0000] {logging_mixin.py:188} INFO - [2025-05-30T05:31:32.056+0000] {dag.py:3096} INFO - Sync 1 DAGs
[2025-05-30T05:31:32.078+0000] {logging_mixin.py:188} INFO - [2025-05-30T05:31:32.078+0000] {dag.py:3954} INFO - Setting next_dagrun for latest_only_with_trigger to 2025-05-30 00:00:00+00:00, run_after=2025-05-30 04:00:00+00:00
[2025-05-30T05:31:32.097+0000] {processor.py:183} INFO - Processing /home/airflow/.local/lib/python3.12/site-packages/airflow/example_dags/example_latest_only_with_trigger.py took 0.073 seconds
[2025-05-30T05:32:02.276+0000] {processor.py:161} INFO - Started process (PID=11238) to work on /home/airflow/.local/lib/python3.12/site-packages/airflow/example_dags/example_latest_only_with_trigger.py
[2025-05-30T05:32:02.277+0000] {processor.py:830} INFO - Processing file /home/airflow/.local/lib/python3.12/site-packages/airflow/example_dags/example_latest_only_with_trigger.py for tasks to queue
[2025-05-30T05:32:02.278+0000] {logging_mixin.py:188} INFO - [2025-05-30T05:32:02.278+0000] {dagbag.py:545} INFO - Filling up the DagBag from /home/airflow/.local/lib/python3.12/site-packages/airflow/example_dags/example_latest_only_with_trigger.py
[2025-05-30T05:32:02.284+0000] {processor.py:840} INFO - DAG(s) 'latest_only_with_trigger' retrieved from /home/airflow/.local/lib/python3.12/site-packages/airflow/example_dags/example_latest_only_with_trigger.py
[2025-05-30T05:32:02.303+0000] {logging_mixin.py:188} INFO - [2025-05-30T05:32:02.303+0000] {dag.py:3096} INFO - Sync 1 DAGs
[2025-05-30T05:32:02.325+0000] {logging_mixin.py:188} INFO - [2025-05-30T05:32:02.324+0000] {dag.py:3954} INFO - Setting next_dagrun for latest_only_with_trigger to 2025-05-30 00:00:00+00:00, run_after=2025-05-30 04:00:00+00:00
[2025-05-30T05:32:02.347+0000] {processor.py:183} INFO - Processing /home/airflow/.local/lib/python3.12/site-packages/airflow/example_dags/example_latest_only_with_trigger.py took 0.077 seconds
[2025-05-30T05:32:32.510+0000] {processor.py:161} INFO - Started process (PID=11511) to work on /home/airflow/.local/lib/python3.12/site-packages/airflow/example_dags/example_latest_only_with_trigger.py
[2025-05-30T05:32:32.511+0000] {processor.py:830} INFO - Processing file /home/airflow/.local/lib/python3.12/site-packages/airflow/example_dags/example_latest_only_with_trigger.py for tasks to queue
[2025-05-30T05:32:32.512+0000] {logging_mixin.py:188} INFO - [2025-05-30T05:32:32.512+0000] {dagbag.py:545} INFO - Filling up the DagBag from /home/airflow/.local/lib/python3.12/site-packages/airflow/example_dags/example_latest_only_with_trigger.py
[2025-05-30T05:32:32.518+0000] {processor.py:840} INFO - DAG(s) 'latest_only_with_trigger' retrieved from /home/airflow/.local/lib/python3.12/site-packages/airflow/example_dags/example_latest_only_with_trigger.py
[2025-05-30T05:32:32.536+0000] {logging_mixin.py:188} INFO - [2025-05-30T05:32:32.536+0000] {dag.py:3096} INFO - Sync 1 DAGs
[2025-05-30T05:32:32.557+0000] {logging_mixin.py:188} INFO - [2025-05-30T05:32:32.557+0000] {dag.py:3954} INFO - Setting next_dagrun for latest_only_with_trigger to 2025-05-30 00:00:00+00:00, run_after=2025-05-30 04:00:00+00:00
[2025-05-30T05:32:32.575+0000] {processor.py:183} INFO - Processing /home/airflow/.local/lib/python3.12/site-packages/airflow/example_dags/example_latest_only_with_trigger.py took 0.070 seconds
[2025-05-30T05:40:02.393+0000] {processor.py:161} INFO - Started process (PID=314) to work on /home/airflow/.local/lib/python3.12/site-packages/airflow/example_dags/example_latest_only_with_trigger.py
[2025-05-30T05:40:02.394+0000] {processor.py:830} INFO - Processing file /home/airflow/.local/lib/python3.12/site-packages/airflow/example_dags/example_latest_only_with_trigger.py for tasks to queue
[2025-05-30T05:40:02.397+0000] {logging_mixin.py:188} INFO - [2025-05-30T05:40:02.396+0000] {dagbag.py:545} INFO - Filling up the DagBag from /home/airflow/.local/lib/python3.12/site-packages/airflow/example_dags/example_latest_only_with_trigger.py
[2025-05-30T05:40:02.406+0000] {processor.py:840} INFO - DAG(s) 'latest_only_with_trigger' retrieved from /home/airflow/.local/lib/python3.12/site-packages/airflow/example_dags/example_latest_only_with_trigger.py
[2025-05-30T05:40:02.421+0000] {logging_mixin.py:188} INFO - [2025-05-30T05:40:02.420+0000] {dag.py:3096} INFO - Sync 1 DAGs
[2025-05-30T05:40:02.450+0000] {logging_mixin.py:188} INFO - [2025-05-30T05:40:02.449+0000] {dag.py:3954} INFO - Setting next_dagrun for latest_only_with_trigger to 2025-05-30 00:00:00+00:00, run_after=2025-05-30 04:00:00+00:00
[2025-05-30T05:40:02.472+0000] {processor.py:183} INFO - Processing /home/airflow/.local/lib/python3.12/site-packages/airflow/example_dags/example_latest_only_with_trigger.py took 0.086 seconds
[2025-05-30T05:40:34.700+0000] {processor.py:161} INFO - Started process (PID=589) to work on /home/airflow/.local/lib/python3.12/site-packages/airflow/example_dags/example_latest_only_with_trigger.py
[2025-05-30T05:40:34.700+0000] {processor.py:830} INFO - Processing file /home/airflow/.local/lib/python3.12/site-packages/airflow/example_dags/example_latest_only_with_trigger.py for tasks to queue
[2025-05-30T05:40:34.702+0000] {logging_mixin.py:188} INFO - [2025-05-30T05:40:34.702+0000] {dagbag.py:545} INFO - Filling up the DagBag from /home/airflow/.local/lib/python3.12/site-packages/airflow/example_dags/example_latest_only_with_trigger.py
[2025-05-30T05:40:34.707+0000] {processor.py:840} INFO - DAG(s) 'latest_only_with_trigger' retrieved from /home/airflow/.local/lib/python3.12/site-packages/airflow/example_dags/example_latest_only_with_trigger.py
[2025-05-30T05:40:34.808+0000] {logging_mixin.py:188} INFO - [2025-05-30T05:40:34.808+0000] {dag.py:3096} INFO - Sync 1 DAGs
[2025-05-30T05:40:34.828+0000] {logging_mixin.py:188} INFO - [2025-05-30T05:40:34.827+0000] {dag.py:3954} INFO - Setting next_dagrun for latest_only_with_trigger to 2025-05-30 00:00:00+00:00, run_after=2025-05-30 04:00:00+00:00
[2025-05-30T05:40:34.855+0000] {processor.py:183} INFO - Processing /home/airflow/.local/lib/python3.12/site-packages/airflow/example_dags/example_latest_only_with_trigger.py took 0.160 seconds
[2025-05-30T05:41:04.895+0000] {processor.py:161} INFO - Started process (PID=862) to work on /home/airflow/.local/lib/python3.12/site-packages/airflow/example_dags/example_latest_only_with_trigger.py
[2025-05-30T05:41:04.896+0000] {processor.py:830} INFO - Processing file /home/airflow/.local/lib/python3.12/site-packages/airflow/example_dags/example_latest_only_with_trigger.py for tasks to queue
[2025-05-30T05:41:04.898+0000] {logging_mixin.py:188} INFO - [2025-05-30T05:41:04.897+0000] {dagbag.py:545} INFO - Filling up the DagBag from /home/airflow/.local/lib/python3.12/site-packages/airflow/example_dags/example_latest_only_with_trigger.py
[2025-05-30T05:41:04.903+0000] {processor.py:840} INFO - DAG(s) 'latest_only_with_trigger' retrieved from /home/airflow/.local/lib/python3.12/site-packages/airflow/example_dags/example_latest_only_with_trigger.py
[2025-05-30T05:41:04.920+0000] {logging_mixin.py:188} INFO - [2025-05-30T05:41:04.920+0000] {dag.py:3096} INFO - Sync 1 DAGs
[2025-05-30T05:41:04.939+0000] {logging_mixin.py:188} INFO - [2025-05-30T05:41:04.938+0000] {dag.py:3954} INFO - Setting next_dagrun for latest_only_with_trigger to 2025-05-30 00:00:00+00:00, run_after=2025-05-30 04:00:00+00:00
[2025-05-30T05:41:04.955+0000] {processor.py:183} INFO - Processing /home/airflow/.local/lib/python3.12/site-packages/airflow/example_dags/example_latest_only_with_trigger.py took 0.065 seconds
