[2025-05-30T04:40:35.673+0000] {processor.py:161} INFO - Started process (PID=283) to work on /home/airflow/.local/lib/python3.12/site-packages/airflow/example_dags/example_short_circuit_operator.py
[2025-05-30T04:40:35.674+0000] {processor.py:830} INFO - Processing file /home/airflow/.local/lib/python3.12/site-packages/airflow/example_dags/example_short_circuit_operator.py for tasks to queue
[2025-05-30T04:40:35.676+0000] {logging_mixin.py:188} INFO - [2025-05-30T04:40:35.676+0000] {dagbag.py:545} INFO - Filling up the DagBag from /home/airflow/.local/lib/python3.12/site-packages/airflow/example_dags/example_short_circuit_operator.py
[2025-05-30T04:40:35.684+0000] {processor.py:840} INFO - DAG(s) 'example_short_circuit_operator' retrieved from /home/airflow/.local/lib/python3.12/site-packages/airflow/example_dags/example_short_circuit_operator.py
[2025-05-30T04:40:35.715+0000] {logging_mixin.py:188} INFO - [2025-05-30T04:40:35.715+0000] {dag.py:3096} INFO - Sync 1 DAGs
[2025-05-30T04:40:35.738+0000] {logging_mixin.py:188} INFO - [2025-05-30T04:40:35.737+0000] {dag.py:3954} INFO - Setting next_dagrun for example_short_circuit_operator to 2025-05-29 00:00:00+00:00, run_after=2025-05-30 00:00:00+00:00
[2025-05-30T04:40:35.755+0000] {processor.py:183} INFO - Processing /home/airflow/.local/lib/python3.12/site-packages/airflow/example_dags/example_short_circuit_operator.py took 0.086 seconds
[2025-05-30T04:41:07.000+0000] {processor.py:161} INFO - Started process (PID=556) to work on /home/airflow/.local/lib/python3.12/site-packages/airflow/example_dags/example_short_circuit_operator.py
[2025-05-30T04:41:07.001+0000] {processor.py:830} INFO - Processing file /home/airflow/.local/lib/python3.12/site-packages/airflow/example_dags/example_short_circuit_operator.py for tasks to queue
[2025-05-30T04:41:07.003+0000] {logging_mixin.py:188} INFO - [2025-05-30T04:41:07.003+0000] {dagbag.py:545} INFO - Filling up the DagBag from /home/airflow/.local/lib/python3.12/site-packages/airflow/example_dags/example_short_circuit_operator.py
[2025-05-30T04:41:07.011+0000] {processor.py:840} INFO - DAG(s) 'example_short_circuit_operator' retrieved from /home/airflow/.local/lib/python3.12/site-packages/airflow/example_dags/example_short_circuit_operator.py
[2025-05-30T04:41:07.032+0000] {logging_mixin.py:188} INFO - [2025-05-30T04:41:07.032+0000] {dag.py:3096} INFO - Sync 1 DAGs
[2025-05-30T04:41:07.054+0000] {logging_mixin.py:188} INFO - [2025-05-30T04:41:07.054+0000] {dag.py:3954} INFO - Setting next_dagrun for example_short_circuit_operator to 2025-05-29 00:00:00+00:00, run_after=2025-05-30 00:00:00+00:00
[2025-05-30T04:41:07.075+0000] {processor.py:183} INFO - Processing /home/airflow/.local/lib/python3.12/site-packages/airflow/example_dags/example_short_circuit_operator.py took 0.081 seconds
[2025-05-30T04:41:37.876+0000] {processor.py:161} INFO - Started process (PID=831) to work on /home/airflow/.local/lib/python3.12/site-packages/airflow/example_dags/example_short_circuit_operator.py
[2025-05-30T04:41:37.877+0000] {processor.py:830} INFO - Processing file /home/airflow/.local/lib/python3.12/site-packages/airflow/example_dags/example_short_circuit_operator.py for tasks to queue
[2025-05-30T04:41:37.879+0000] {logging_mixin.py:188} INFO - [2025-05-30T04:41:37.879+0000] {dagbag.py:545} INFO - Filling up the DagBag from /home/airflow/.local/lib/python3.12/site-packages/airflow/example_dags/example_short_circuit_operator.py
[2025-05-30T04:41:37.887+0000] {processor.py:840} INFO - DAG(s) 'example_short_circuit_operator' retrieved from /home/airflow/.local/lib/python3.12/site-packages/airflow/example_dags/example_short_circuit_operator.py
[2025-05-30T04:41:37.911+0000] {logging_mixin.py:188} INFO - [2025-05-30T04:41:37.911+0000] {dag.py:3096} INFO - Sync 1 DAGs
[2025-05-30T04:41:37.930+0000] {logging_mixin.py:188} INFO - [2025-05-30T04:41:37.930+0000] {dag.py:3954} INFO - Setting next_dagrun for example_short_circuit_operator to 2025-05-29 00:00:00+00:00, run_after=2025-05-30 00:00:00+00:00
[2025-05-30T04:41:37.946+0000] {processor.py:183} INFO - Processing /home/airflow/.local/lib/python3.12/site-packages/airflow/example_dags/example_short_circuit_operator.py took 0.076 seconds
[2025-05-30T04:42:09.243+0000] {processor.py:161} INFO - Started process (PID=1101) to work on /home/airflow/.local/lib/python3.12/site-packages/airflow/example_dags/example_short_circuit_operator.py
[2025-05-30T04:42:09.244+0000] {processor.py:830} INFO - Processing file /home/airflow/.local/lib/python3.12/site-packages/airflow/example_dags/example_short_circuit_operator.py for tasks to queue
[2025-05-30T04:42:09.246+0000] {logging_mixin.py:188} INFO - [2025-05-30T04:42:09.245+0000] {dagbag.py:545} INFO - Filling up the DagBag from /home/airflow/.local/lib/python3.12/site-packages/airflow/example_dags/example_short_circuit_operator.py
[2025-05-30T04:42:09.254+0000] {processor.py:840} INFO - DAG(s) 'example_short_circuit_operator' retrieved from /home/airflow/.local/lib/python3.12/site-packages/airflow/example_dags/example_short_circuit_operator.py
[2025-05-30T04:42:09.284+0000] {logging_mixin.py:188} INFO - [2025-05-30T04:42:09.284+0000] {dag.py:3096} INFO - Sync 1 DAGs
[2025-05-30T04:42:09.311+0000] {logging_mixin.py:188} INFO - [2025-05-30T04:42:09.311+0000] {dag.py:3954} INFO - Setting next_dagrun for example_short_circuit_operator to 2025-05-29 00:00:00+00:00, run_after=2025-05-30 00:00:00+00:00
[2025-05-30T04:42:09.332+0000] {processor.py:183} INFO - Processing /home/airflow/.local/lib/python3.12/site-packages/airflow/example_dags/example_short_circuit_operator.py took 0.094 seconds
[2025-05-30T04:42:40.436+0000] {processor.py:161} INFO - Started process (PID=1374) to work on /home/airflow/.local/lib/python3.12/site-packages/airflow/example_dags/example_short_circuit_operator.py
[2025-05-30T04:42:40.437+0000] {processor.py:830} INFO - Processing file /home/airflow/.local/lib/python3.12/site-packages/airflow/example_dags/example_short_circuit_operator.py for tasks to queue
[2025-05-30T04:42:40.440+0000] {logging_mixin.py:188} INFO - [2025-05-30T04:42:40.439+0000] {dagbag.py:545} INFO - Filling up the DagBag from /home/airflow/.local/lib/python3.12/site-packages/airflow/example_dags/example_short_circuit_operator.py
[2025-05-30T04:42:40.448+0000] {processor.py:840} INFO - DAG(s) 'example_short_circuit_operator' retrieved from /home/airflow/.local/lib/python3.12/site-packages/airflow/example_dags/example_short_circuit_operator.py
[2025-05-30T04:42:40.478+0000] {logging_mixin.py:188} INFO - [2025-05-30T04:42:40.478+0000] {dag.py:3096} INFO - Sync 1 DAGs
[2025-05-30T04:42:40.503+0000] {logging_mixin.py:188} INFO - [2025-05-30T04:42:40.503+0000] {dag.py:3954} INFO - Setting next_dagrun for example_short_circuit_operator to 2025-05-29 00:00:00+00:00, run_after=2025-05-30 00:00:00+00:00
[2025-05-30T04:42:40.527+0000] {processor.py:183} INFO - Processing /home/airflow/.local/lib/python3.12/site-packages/airflow/example_dags/example_short_circuit_operator.py took 0.099 seconds
[2025-05-30T04:43:11.112+0000] {processor.py:161} INFO - Started process (PID=1649) to work on /home/airflow/.local/lib/python3.12/site-packages/airflow/example_dags/example_short_circuit_operator.py
[2025-05-30T04:43:11.113+0000] {processor.py:830} INFO - Processing file /home/airflow/.local/lib/python3.12/site-packages/airflow/example_dags/example_short_circuit_operator.py for tasks to queue
[2025-05-30T04:43:11.114+0000] {logging_mixin.py:188} INFO - [2025-05-30T04:43:11.114+0000] {dagbag.py:545} INFO - Filling up the DagBag from /home/airflow/.local/lib/python3.12/site-packages/airflow/example_dags/example_short_circuit_operator.py
[2025-05-30T04:43:11.121+0000] {processor.py:840} INFO - DAG(s) 'example_short_circuit_operator' retrieved from /home/airflow/.local/lib/python3.12/site-packages/airflow/example_dags/example_short_circuit_operator.py
[2025-05-30T04:43:11.140+0000] {logging_mixin.py:188} INFO - [2025-05-30T04:43:11.139+0000] {dag.py:3096} INFO - Sync 1 DAGs
[2025-05-30T04:43:11.159+0000] {logging_mixin.py:188} INFO - [2025-05-30T04:43:11.159+0000] {dag.py:3954} INFO - Setting next_dagrun for example_short_circuit_operator to 2025-05-29 00:00:00+00:00, run_after=2025-05-30 00:00:00+00:00
[2025-05-30T04:43:11.177+0000] {processor.py:183} INFO - Processing /home/airflow/.local/lib/python3.12/site-packages/airflow/example_dags/example_short_circuit_operator.py took 0.070 seconds
[2025-05-30T04:43:41.816+0000] {processor.py:161} INFO - Started process (PID=1919) to work on /home/airflow/.local/lib/python3.12/site-packages/airflow/example_dags/example_short_circuit_operator.py
[2025-05-30T04:43:41.817+0000] {processor.py:830} INFO - Processing file /home/airflow/.local/lib/python3.12/site-packages/airflow/example_dags/example_short_circuit_operator.py for tasks to queue
[2025-05-30T04:43:41.818+0000] {logging_mixin.py:188} INFO - [2025-05-30T04:43:41.818+0000] {dagbag.py:545} INFO - Filling up the DagBag from /home/airflow/.local/lib/python3.12/site-packages/airflow/example_dags/example_short_circuit_operator.py
[2025-05-30T04:43:41.826+0000] {processor.py:840} INFO - DAG(s) 'example_short_circuit_operator' retrieved from /home/airflow/.local/lib/python3.12/site-packages/airflow/example_dags/example_short_circuit_operator.py
[2025-05-30T04:43:41.846+0000] {logging_mixin.py:188} INFO - [2025-05-30T04:43:41.846+0000] {dag.py:3096} INFO - Sync 1 DAGs
[2025-05-30T04:43:41.866+0000] {logging_mixin.py:188} INFO - [2025-05-30T04:43:41.866+0000] {dag.py:3954} INFO - Setting next_dagrun for example_short_circuit_operator to 2025-05-29 00:00:00+00:00, run_after=2025-05-30 00:00:00+00:00
[2025-05-30T04:43:41.884+0000] {processor.py:183} INFO - Processing /home/airflow/.local/lib/python3.12/site-packages/airflow/example_dags/example_short_circuit_operator.py took 0.073 seconds
[2025-05-30T04:44:12.164+0000] {processor.py:161} INFO - Started process (PID=2192) to work on /home/airflow/.local/lib/python3.12/site-packages/airflow/example_dags/example_short_circuit_operator.py
[2025-05-30T04:44:12.164+0000] {processor.py:830} INFO - Processing file /home/airflow/.local/lib/python3.12/site-packages/airflow/example_dags/example_short_circuit_operator.py for tasks to queue
[2025-05-30T04:44:12.166+0000] {logging_mixin.py:188} INFO - [2025-05-30T04:44:12.166+0000] {dagbag.py:545} INFO - Filling up the DagBag from /home/airflow/.local/lib/python3.12/site-packages/airflow/example_dags/example_short_circuit_operator.py
[2025-05-30T04:44:12.173+0000] {processor.py:840} INFO - DAG(s) 'example_short_circuit_operator' retrieved from /home/airflow/.local/lib/python3.12/site-packages/airflow/example_dags/example_short_circuit_operator.py
[2025-05-30T04:44:12.194+0000] {logging_mixin.py:188} INFO - [2025-05-30T04:44:12.194+0000] {dag.py:3096} INFO - Sync 1 DAGs
[2025-05-30T04:44:12.221+0000] {logging_mixin.py:188} INFO - [2025-05-30T04:44:12.220+0000] {dag.py:3954} INFO - Setting next_dagrun for example_short_circuit_operator to 2025-05-29 00:00:00+00:00, run_after=2025-05-30 00:00:00+00:00
[2025-05-30T04:44:12.249+0000] {processor.py:183} INFO - Processing /home/airflow/.local/lib/python3.12/site-packages/airflow/example_dags/example_short_circuit_operator.py took 0.090 seconds
[2025-05-30T04:44:42.288+0000] {processor.py:161} INFO - Started process (PID=2461) to work on /home/airflow/.local/lib/python3.12/site-packages/airflow/example_dags/example_short_circuit_operator.py
[2025-05-30T04:44:42.289+0000] {processor.py:830} INFO - Processing file /home/airflow/.local/lib/python3.12/site-packages/airflow/example_dags/example_short_circuit_operator.py for tasks to queue
[2025-05-30T04:44:42.291+0000] {logging_mixin.py:188} INFO - [2025-05-30T04:44:42.290+0000] {dagbag.py:545} INFO - Filling up the DagBag from /home/airflow/.local/lib/python3.12/site-packages/airflow/example_dags/example_short_circuit_operator.py
[2025-05-30T04:44:42.299+0000] {processor.py:840} INFO - DAG(s) 'example_short_circuit_operator' retrieved from /home/airflow/.local/lib/python3.12/site-packages/airflow/example_dags/example_short_circuit_operator.py
[2025-05-30T04:44:42.320+0000] {logging_mixin.py:188} INFO - [2025-05-30T04:44:42.320+0000] {dag.py:3096} INFO - Sync 1 DAGs
[2025-05-30T04:44:42.340+0000] {logging_mixin.py:188} INFO - [2025-05-30T04:44:42.340+0000] {dag.py:3954} INFO - Setting next_dagrun for example_short_circuit_operator to 2025-05-29 00:00:00+00:00, run_after=2025-05-30 00:00:00+00:00
[2025-05-30T04:44:42.363+0000] {processor.py:183} INFO - Processing /home/airflow/.local/lib/python3.12/site-packages/airflow/example_dags/example_short_circuit_operator.py took 0.081 seconds
[2025-05-30T04:45:12.804+0000] {processor.py:161} INFO - Started process (PID=2734) to work on /home/airflow/.local/lib/python3.12/site-packages/airflow/example_dags/example_short_circuit_operator.py
[2025-05-30T04:45:12.805+0000] {processor.py:830} INFO - Processing file /home/airflow/.local/lib/python3.12/site-packages/airflow/example_dags/example_short_circuit_operator.py for tasks to queue
[2025-05-30T04:45:12.807+0000] {logging_mixin.py:188} INFO - [2025-05-30T04:45:12.807+0000] {dagbag.py:545} INFO - Filling up the DagBag from /home/airflow/.local/lib/python3.12/site-packages/airflow/example_dags/example_short_circuit_operator.py
[2025-05-30T04:45:12.813+0000] {processor.py:840} INFO - DAG(s) 'example_short_circuit_operator' retrieved from /home/airflow/.local/lib/python3.12/site-packages/airflow/example_dags/example_short_circuit_operator.py
[2025-05-30T04:45:12.832+0000] {logging_mixin.py:188} INFO - [2025-05-30T04:45:12.832+0000] {dag.py:3096} INFO - Sync 1 DAGs
[2025-05-30T04:45:12.851+0000] {logging_mixin.py:188} INFO - [2025-05-30T04:45:12.851+0000] {dag.py:3954} INFO - Setting next_dagrun for example_short_circuit_operator to 2025-05-29 00:00:00+00:00, run_after=2025-05-30 00:00:00+00:00
[2025-05-30T04:45:12.867+0000] {processor.py:183} INFO - Processing /home/airflow/.local/lib/python3.12/site-packages/airflow/example_dags/example_short_circuit_operator.py took 0.067 seconds
[2025-05-30T04:45:43.730+0000] {processor.py:161} INFO - Started process (PID=3005) to work on /home/airflow/.local/lib/python3.12/site-packages/airflow/example_dags/example_short_circuit_operator.py
[2025-05-30T04:45:43.730+0000] {processor.py:830} INFO - Processing file /home/airflow/.local/lib/python3.12/site-packages/airflow/example_dags/example_short_circuit_operator.py for tasks to queue
[2025-05-30T04:45:43.732+0000] {logging_mixin.py:188} INFO - [2025-05-30T04:45:43.732+0000] {dagbag.py:545} INFO - Filling up the DagBag from /home/airflow/.local/lib/python3.12/site-packages/airflow/example_dags/example_short_circuit_operator.py
[2025-05-30T04:45:43.739+0000] {processor.py:840} INFO - DAG(s) 'example_short_circuit_operator' retrieved from /home/airflow/.local/lib/python3.12/site-packages/airflow/example_dags/example_short_circuit_operator.py
[2025-05-30T04:45:43.757+0000] {logging_mixin.py:188} INFO - [2025-05-30T04:45:43.757+0000] {dag.py:3096} INFO - Sync 1 DAGs
[2025-05-30T04:45:43.776+0000] {logging_mixin.py:188} INFO - [2025-05-30T04:45:43.776+0000] {dag.py:3954} INFO - Setting next_dagrun for example_short_circuit_operator to 2025-05-29 00:00:00+00:00, run_after=2025-05-30 00:00:00+00:00
[2025-05-30T04:45:43.792+0000] {processor.py:183} INFO - Processing /home/airflow/.local/lib/python3.12/site-packages/airflow/example_dags/example_short_circuit_operator.py took 0.068 seconds
[2025-05-30T04:46:15.051+0000] {processor.py:161} INFO - Started process (PID=3277) to work on /home/airflow/.local/lib/python3.12/site-packages/airflow/example_dags/example_short_circuit_operator.py
[2025-05-30T04:46:15.056+0000] {processor.py:830} INFO - Processing file /home/airflow/.local/lib/python3.12/site-packages/airflow/example_dags/example_short_circuit_operator.py for tasks to queue
[2025-05-30T04:46:15.060+0000] {logging_mixin.py:188} INFO - [2025-05-30T04:46:15.059+0000] {dagbag.py:545} INFO - Filling up the DagBag from /home/airflow/.local/lib/python3.12/site-packages/airflow/example_dags/example_short_circuit_operator.py
[2025-05-30T04:46:15.072+0000] {processor.py:840} INFO - DAG(s) 'example_short_circuit_operator' retrieved from /home/airflow/.local/lib/python3.12/site-packages/airflow/example_dags/example_short_circuit_operator.py
[2025-05-30T04:46:15.131+0000] {logging_mixin.py:188} INFO - [2025-05-30T04:46:15.129+0000] {dag.py:3096} INFO - Sync 1 DAGs
[2025-05-30T04:46:15.213+0000] {logging_mixin.py:188} INFO - [2025-05-30T04:46:15.213+0000] {dag.py:3954} INFO - Setting next_dagrun for example_short_circuit_operator to 2025-05-29 00:00:00+00:00, run_after=2025-05-30 00:00:00+00:00
[2025-05-30T04:46:15.281+0000] {processor.py:183} INFO - Processing /home/airflow/.local/lib/python3.12/site-packages/airflow/example_dags/example_short_circuit_operator.py took 0.238 seconds
[2025-05-30T04:46:45.717+0000] {processor.py:161} INFO - Started process (PID=3550) to work on /home/airflow/.local/lib/python3.12/site-packages/airflow/example_dags/example_short_circuit_operator.py
[2025-05-30T04:46:45.718+0000] {processor.py:830} INFO - Processing file /home/airflow/.local/lib/python3.12/site-packages/airflow/example_dags/example_short_circuit_operator.py for tasks to queue
[2025-05-30T04:46:45.720+0000] {logging_mixin.py:188} INFO - [2025-05-30T04:46:45.720+0000] {dagbag.py:545} INFO - Filling up the DagBag from /home/airflow/.local/lib/python3.12/site-packages/airflow/example_dags/example_short_circuit_operator.py
[2025-05-30T04:46:45.728+0000] {processor.py:840} INFO - DAG(s) 'example_short_circuit_operator' retrieved from /home/airflow/.local/lib/python3.12/site-packages/airflow/example_dags/example_short_circuit_operator.py
[2025-05-30T04:46:45.738+0000] {logging_mixin.py:188} INFO - [2025-05-30T04:46:45.738+0000] {dag.py:3096} INFO - Sync 1 DAGs
[2025-05-30T04:46:45.760+0000] {logging_mixin.py:188} INFO - [2025-05-30T04:46:45.760+0000] {dag.py:3954} INFO - Setting next_dagrun for example_short_circuit_operator to 2025-05-29 00:00:00+00:00, run_after=2025-05-30 00:00:00+00:00
[2025-05-30T04:46:45.778+0000] {processor.py:183} INFO - Processing /home/airflow/.local/lib/python3.12/site-packages/airflow/example_dags/example_short_circuit_operator.py took 0.068 seconds
[2025-05-30T04:47:16.538+0000] {processor.py:161} INFO - Started process (PID=3824) to work on /home/airflow/.local/lib/python3.12/site-packages/airflow/example_dags/example_short_circuit_operator.py
[2025-05-30T04:47:16.539+0000] {processor.py:830} INFO - Processing file /home/airflow/.local/lib/python3.12/site-packages/airflow/example_dags/example_short_circuit_operator.py for tasks to queue
[2025-05-30T04:47:16.541+0000] {logging_mixin.py:188} INFO - [2025-05-30T04:47:16.541+0000] {dagbag.py:545} INFO - Filling up the DagBag from /home/airflow/.local/lib/python3.12/site-packages/airflow/example_dags/example_short_circuit_operator.py
[2025-05-30T04:47:16.550+0000] {processor.py:840} INFO - DAG(s) 'example_short_circuit_operator' retrieved from /home/airflow/.local/lib/python3.12/site-packages/airflow/example_dags/example_short_circuit_operator.py
[2025-05-30T04:47:16.660+0000] {logging_mixin.py:188} INFO - [2025-05-30T04:47:16.659+0000] {dag.py:3096} INFO - Sync 1 DAGs
[2025-05-30T04:47:16.677+0000] {logging_mixin.py:188} INFO - [2025-05-30T04:47:16.677+0000] {dag.py:3954} INFO - Setting next_dagrun for example_short_circuit_operator to 2025-05-29 00:00:00+00:00, run_after=2025-05-30 00:00:00+00:00
[2025-05-30T04:47:16.707+0000] {processor.py:183} INFO - Processing /home/airflow/.local/lib/python3.12/site-packages/airflow/example_dags/example_short_circuit_operator.py took 0.175 seconds
[2025-05-30T04:47:47.601+0000] {processor.py:161} INFO - Started process (PID=4097) to work on /home/airflow/.local/lib/python3.12/site-packages/airflow/example_dags/example_short_circuit_operator.py
[2025-05-30T04:47:47.601+0000] {processor.py:830} INFO - Processing file /home/airflow/.local/lib/python3.12/site-packages/airflow/example_dags/example_short_circuit_operator.py for tasks to queue
[2025-05-30T04:47:47.603+0000] {logging_mixin.py:188} INFO - [2025-05-30T04:47:47.602+0000] {dagbag.py:545} INFO - Filling up the DagBag from /home/airflow/.local/lib/python3.12/site-packages/airflow/example_dags/example_short_circuit_operator.py
[2025-05-30T04:47:47.611+0000] {processor.py:840} INFO - DAG(s) 'example_short_circuit_operator' retrieved from /home/airflow/.local/lib/python3.12/site-packages/airflow/example_dags/example_short_circuit_operator.py
[2025-05-30T04:47:47.636+0000] {logging_mixin.py:188} INFO - [2025-05-30T04:47:47.636+0000] {dag.py:3096} INFO - Sync 1 DAGs
[2025-05-30T04:47:47.662+0000] {logging_mixin.py:188} INFO - [2025-05-30T04:47:47.662+0000] {dag.py:3954} INFO - Setting next_dagrun for example_short_circuit_operator to 2025-05-29 00:00:00+00:00, run_after=2025-05-30 00:00:00+00:00
[2025-05-30T04:47:47.699+0000] {processor.py:183} INFO - Processing /home/airflow/.local/lib/python3.12/site-packages/airflow/example_dags/example_short_circuit_operator.py took 0.103 seconds
[2025-05-30T04:48:18.051+0000] {processor.py:161} INFO - Started process (PID=4370) to work on /home/airflow/.local/lib/python3.12/site-packages/airflow/example_dags/example_short_circuit_operator.py
[2025-05-30T04:48:18.052+0000] {processor.py:830} INFO - Processing file /home/airflow/.local/lib/python3.12/site-packages/airflow/example_dags/example_short_circuit_operator.py for tasks to queue
[2025-05-30T04:48:18.054+0000] {logging_mixin.py:188} INFO - [2025-05-30T04:48:18.053+0000] {dagbag.py:545} INFO - Filling up the DagBag from /home/airflow/.local/lib/python3.12/site-packages/airflow/example_dags/example_short_circuit_operator.py
[2025-05-30T04:48:18.060+0000] {processor.py:840} INFO - DAG(s) 'example_short_circuit_operator' retrieved from /home/airflow/.local/lib/python3.12/site-packages/airflow/example_dags/example_short_circuit_operator.py
[2025-05-30T04:48:18.083+0000] {logging_mixin.py:188} INFO - [2025-05-30T04:48:18.083+0000] {dag.py:3096} INFO - Sync 1 DAGs
[2025-05-30T04:48:18.105+0000] {logging_mixin.py:188} INFO - [2025-05-30T04:48:18.105+0000] {dag.py:3954} INFO - Setting next_dagrun for example_short_circuit_operator to 2025-05-29 00:00:00+00:00, run_after=2025-05-30 00:00:00+00:00
[2025-05-30T04:48:18.137+0000] {processor.py:183} INFO - Processing /home/airflow/.local/lib/python3.12/site-packages/airflow/example_dags/example_short_circuit_operator.py took 0.091 seconds
[2025-05-30T04:48:48.517+0000] {processor.py:161} INFO - Started process (PID=4643) to work on /home/airflow/.local/lib/python3.12/site-packages/airflow/example_dags/example_short_circuit_operator.py
[2025-05-30T04:48:48.518+0000] {processor.py:830} INFO - Processing file /home/airflow/.local/lib/python3.12/site-packages/airflow/example_dags/example_short_circuit_operator.py for tasks to queue
[2025-05-30T04:48:48.520+0000] {logging_mixin.py:188} INFO - [2025-05-30T04:48:48.520+0000] {dagbag.py:545} INFO - Filling up the DagBag from /home/airflow/.local/lib/python3.12/site-packages/airflow/example_dags/example_short_circuit_operator.py
[2025-05-30T04:48:48.528+0000] {processor.py:840} INFO - DAG(s) 'example_short_circuit_operator' retrieved from /home/airflow/.local/lib/python3.12/site-packages/airflow/example_dags/example_short_circuit_operator.py
[2025-05-30T04:48:48.552+0000] {logging_mixin.py:188} INFO - [2025-05-30T04:48:48.552+0000] {dag.py:3096} INFO - Sync 1 DAGs
[2025-05-30T04:48:48.578+0000] {logging_mixin.py:188} INFO - [2025-05-30T04:48:48.577+0000] {dag.py:3954} INFO - Setting next_dagrun for example_short_circuit_operator to 2025-05-29 00:00:00+00:00, run_after=2025-05-30 00:00:00+00:00
[2025-05-30T04:48:48.633+0000] {processor.py:183} INFO - Processing /home/airflow/.local/lib/python3.12/site-packages/airflow/example_dags/example_short_circuit_operator.py took 0.123 seconds
[2025-05-30T04:49:18.866+0000] {processor.py:161} INFO - Started process (PID=4916) to work on /home/airflow/.local/lib/python3.12/site-packages/airflow/example_dags/example_short_circuit_operator.py
[2025-05-30T04:49:18.867+0000] {processor.py:830} INFO - Processing file /home/airflow/.local/lib/python3.12/site-packages/airflow/example_dags/example_short_circuit_operator.py for tasks to queue
[2025-05-30T04:49:18.869+0000] {logging_mixin.py:188} INFO - [2025-05-30T04:49:18.869+0000] {dagbag.py:545} INFO - Filling up the DagBag from /home/airflow/.local/lib/python3.12/site-packages/airflow/example_dags/example_short_circuit_operator.py
[2025-05-30T04:49:18.876+0000] {processor.py:840} INFO - DAG(s) 'example_short_circuit_operator' retrieved from /home/airflow/.local/lib/python3.12/site-packages/airflow/example_dags/example_short_circuit_operator.py
[2025-05-30T04:49:18.895+0000] {logging_mixin.py:188} INFO - [2025-05-30T04:49:18.895+0000] {dag.py:3096} INFO - Sync 1 DAGs
[2025-05-30T04:49:18.914+0000] {logging_mixin.py:188} INFO - [2025-05-30T04:49:18.913+0000] {dag.py:3954} INFO - Setting next_dagrun for example_short_circuit_operator to 2025-05-29 00:00:00+00:00, run_after=2025-05-30 00:00:00+00:00
[2025-05-30T04:49:18.941+0000] {processor.py:183} INFO - Processing /home/airflow/.local/lib/python3.12/site-packages/airflow/example_dags/example_short_circuit_operator.py took 0.079 seconds
[2025-05-30T05:20:45.404+0000] {processor.py:161} INFO - Started process (PID=5212) to work on /home/airflow/.local/lib/python3.12/site-packages/airflow/example_dags/example_short_circuit_operator.py
[2025-05-30T05:20:45.405+0000] {processor.py:830} INFO - Processing file /home/airflow/.local/lib/python3.12/site-packages/airflow/example_dags/example_short_circuit_operator.py for tasks to queue
[2025-05-30T05:20:45.407+0000] {logging_mixin.py:188} INFO - [2025-05-30T05:20:45.406+0000] {dagbag.py:545} INFO - Filling up the DagBag from /home/airflow/.local/lib/python3.12/site-packages/airflow/example_dags/example_short_circuit_operator.py
[2025-05-30T05:20:45.414+0000] {processor.py:840} INFO - DAG(s) 'example_short_circuit_operator' retrieved from /home/airflow/.local/lib/python3.12/site-packages/airflow/example_dags/example_short_circuit_operator.py
[2025-05-30T05:20:45.435+0000] {logging_mixin.py:188} INFO - [2025-05-30T05:20:45.435+0000] {dag.py:3096} INFO - Sync 1 DAGs
[2025-05-30T05:20:45.456+0000] {logging_mixin.py:188} INFO - [2025-05-30T05:20:45.456+0000] {dag.py:3954} INFO - Setting next_dagrun for example_short_circuit_operator to 2025-05-29 00:00:00+00:00, run_after=2025-05-30 00:00:00+00:00
[2025-05-30T05:20:45.477+0000] {processor.py:183} INFO - Processing /home/airflow/.local/lib/python3.12/site-packages/airflow/example_dags/example_short_circuit_operator.py took 0.078 seconds
[2025-05-30T05:21:16.512+0000] {processor.py:161} INFO - Started process (PID=5483) to work on /home/airflow/.local/lib/python3.12/site-packages/airflow/example_dags/example_short_circuit_operator.py
[2025-05-30T05:21:16.513+0000] {processor.py:830} INFO - Processing file /home/airflow/.local/lib/python3.12/site-packages/airflow/example_dags/example_short_circuit_operator.py for tasks to queue
[2025-05-30T05:21:16.515+0000] {logging_mixin.py:188} INFO - [2025-05-30T05:21:16.514+0000] {dagbag.py:545} INFO - Filling up the DagBag from /home/airflow/.local/lib/python3.12/site-packages/airflow/example_dags/example_short_circuit_operator.py
[2025-05-30T05:21:16.522+0000] {processor.py:840} INFO - DAG(s) 'example_short_circuit_operator' retrieved from /home/airflow/.local/lib/python3.12/site-packages/airflow/example_dags/example_short_circuit_operator.py
[2025-05-30T05:21:16.544+0000] {logging_mixin.py:188} INFO - [2025-05-30T05:21:16.544+0000] {dag.py:3096} INFO - Sync 1 DAGs
[2025-05-30T05:21:16.565+0000] {logging_mixin.py:188} INFO - [2025-05-30T05:21:16.565+0000] {dag.py:3954} INFO - Setting next_dagrun for example_short_circuit_operator to 2025-05-29 00:00:00+00:00, run_after=2025-05-30 00:00:00+00:00
[2025-05-30T05:21:16.586+0000] {processor.py:183} INFO - Processing /home/airflow/.local/lib/python3.12/site-packages/airflow/example_dags/example_short_circuit_operator.py took 0.080 seconds
[2025-05-30T05:21:46.800+0000] {processor.py:161} INFO - Started process (PID=5756) to work on /home/airflow/.local/lib/python3.12/site-packages/airflow/example_dags/example_short_circuit_operator.py
[2025-05-30T05:21:46.801+0000] {processor.py:830} INFO - Processing file /home/airflow/.local/lib/python3.12/site-packages/airflow/example_dags/example_short_circuit_operator.py for tasks to queue
[2025-05-30T05:21:46.803+0000] {logging_mixin.py:188} INFO - [2025-05-30T05:21:46.803+0000] {dagbag.py:545} INFO - Filling up the DagBag from /home/airflow/.local/lib/python3.12/site-packages/airflow/example_dags/example_short_circuit_operator.py
[2025-05-30T05:21:46.812+0000] {processor.py:840} INFO - DAG(s) 'example_short_circuit_operator' retrieved from /home/airflow/.local/lib/python3.12/site-packages/airflow/example_dags/example_short_circuit_operator.py
[2025-05-30T05:21:46.838+0000] {logging_mixin.py:188} INFO - [2025-05-30T05:21:46.837+0000] {dag.py:3096} INFO - Sync 1 DAGs
[2025-05-30T05:21:46.865+0000] {logging_mixin.py:188} INFO - [2025-05-30T05:21:46.865+0000] {dag.py:3954} INFO - Setting next_dagrun for example_short_circuit_operator to 2025-05-29 00:00:00+00:00, run_after=2025-05-30 00:00:00+00:00
[2025-05-30T05:21:47.040+0000] {processor.py:183} INFO - Processing /home/airflow/.local/lib/python3.12/site-packages/airflow/example_dags/example_short_circuit_operator.py took 0.248 seconds
[2025-05-30T05:22:17.916+0000] {processor.py:161} INFO - Started process (PID=6029) to work on /home/airflow/.local/lib/python3.12/site-packages/airflow/example_dags/example_short_circuit_operator.py
[2025-05-30T05:22:17.917+0000] {processor.py:830} INFO - Processing file /home/airflow/.local/lib/python3.12/site-packages/airflow/example_dags/example_short_circuit_operator.py for tasks to queue
[2025-05-30T05:22:17.919+0000] {logging_mixin.py:188} INFO - [2025-05-30T05:22:17.919+0000] {dagbag.py:545} INFO - Filling up the DagBag from /home/airflow/.local/lib/python3.12/site-packages/airflow/example_dags/example_short_circuit_operator.py
[2025-05-30T05:22:17.929+0000] {processor.py:840} INFO - DAG(s) 'example_short_circuit_operator' retrieved from /home/airflow/.local/lib/python3.12/site-packages/airflow/example_dags/example_short_circuit_operator.py
[2025-05-30T05:22:17.953+0000] {logging_mixin.py:188} INFO - [2025-05-30T05:22:17.953+0000] {dag.py:3096} INFO - Sync 1 DAGs
[2025-05-30T05:22:17.981+0000] {logging_mixin.py:188} INFO - [2025-05-30T05:22:17.981+0000] {dag.py:3954} INFO - Setting next_dagrun for example_short_circuit_operator to 2025-05-29 00:00:00+00:00, run_after=2025-05-30 00:00:00+00:00
[2025-05-30T05:22:18.005+0000] {processor.py:183} INFO - Processing /home/airflow/.local/lib/python3.12/site-packages/airflow/example_dags/example_short_circuit_operator.py took 0.095 seconds
[2025-05-30T05:22:49.238+0000] {processor.py:161} INFO - Started process (PID=6302) to work on /home/airflow/.local/lib/python3.12/site-packages/airflow/example_dags/example_short_circuit_operator.py
[2025-05-30T05:22:49.239+0000] {processor.py:830} INFO - Processing file /home/airflow/.local/lib/python3.12/site-packages/airflow/example_dags/example_short_circuit_operator.py for tasks to queue
[2025-05-30T05:22:49.241+0000] {logging_mixin.py:188} INFO - [2025-05-30T05:22:49.240+0000] {dagbag.py:545} INFO - Filling up the DagBag from /home/airflow/.local/lib/python3.12/site-packages/airflow/example_dags/example_short_circuit_operator.py
[2025-05-30T05:22:49.248+0000] {processor.py:840} INFO - DAG(s) 'example_short_circuit_operator' retrieved from /home/airflow/.local/lib/python3.12/site-packages/airflow/example_dags/example_short_circuit_operator.py
[2025-05-30T05:22:49.271+0000] {logging_mixin.py:188} INFO - [2025-05-30T05:22:49.271+0000] {dag.py:3096} INFO - Sync 1 DAGs
[2025-05-30T05:22:49.296+0000] {logging_mixin.py:188} INFO - [2025-05-30T05:22:49.296+0000] {dag.py:3954} INFO - Setting next_dagrun for example_short_circuit_operator to 2025-05-29 00:00:00+00:00, run_after=2025-05-30 00:00:00+00:00
[2025-05-30T05:22:49.314+0000] {processor.py:183} INFO - Processing /home/airflow/.local/lib/python3.12/site-packages/airflow/example_dags/example_short_circuit_operator.py took 0.084 seconds
[2025-05-30T05:23:20.957+0000] {processor.py:161} INFO - Started process (PID=6577) to work on /home/airflow/.local/lib/python3.12/site-packages/airflow/example_dags/example_short_circuit_operator.py
[2025-05-30T05:23:20.958+0000] {processor.py:830} INFO - Processing file /home/airflow/.local/lib/python3.12/site-packages/airflow/example_dags/example_short_circuit_operator.py for tasks to queue
[2025-05-30T05:23:20.960+0000] {logging_mixin.py:188} INFO - [2025-05-30T05:23:20.959+0000] {dagbag.py:545} INFO - Filling up the DagBag from /home/airflow/.local/lib/python3.12/site-packages/airflow/example_dags/example_short_circuit_operator.py
[2025-05-30T05:23:20.966+0000] {processor.py:840} INFO - DAG(s) 'example_short_circuit_operator' retrieved from /home/airflow/.local/lib/python3.12/site-packages/airflow/example_dags/example_short_circuit_operator.py
[2025-05-30T05:23:21.096+0000] {logging_mixin.py:188} INFO - [2025-05-30T05:23:21.096+0000] {dag.py:3096} INFO - Sync 1 DAGs
[2025-05-30T05:23:21.114+0000] {logging_mixin.py:188} INFO - [2025-05-30T05:23:21.113+0000] {dag.py:3954} INFO - Setting next_dagrun for example_short_circuit_operator to 2025-05-29 00:00:00+00:00, run_after=2025-05-30 00:00:00+00:00
[2025-05-30T05:23:21.138+0000] {processor.py:183} INFO - Processing /home/airflow/.local/lib/python3.12/site-packages/airflow/example_dags/example_short_circuit_operator.py took 0.186 seconds
[2025-05-30T05:23:51.826+0000] {processor.py:161} INFO - Started process (PID=6848) to work on /home/airflow/.local/lib/python3.12/site-packages/airflow/example_dags/example_short_circuit_operator.py
[2025-05-30T05:23:51.827+0000] {processor.py:830} INFO - Processing file /home/airflow/.local/lib/python3.12/site-packages/airflow/example_dags/example_short_circuit_operator.py for tasks to queue
[2025-05-30T05:23:51.830+0000] {logging_mixin.py:188} INFO - [2025-05-30T05:23:51.829+0000] {dagbag.py:545} INFO - Filling up the DagBag from /home/airflow/.local/lib/python3.12/site-packages/airflow/example_dags/example_short_circuit_operator.py
[2025-05-30T05:23:51.840+0000] {processor.py:840} INFO - DAG(s) 'example_short_circuit_operator' retrieved from /home/airflow/.local/lib/python3.12/site-packages/airflow/example_dags/example_short_circuit_operator.py
[2025-05-30T05:23:51.876+0000] {logging_mixin.py:188} INFO - [2025-05-30T05:23:51.875+0000] {dag.py:3096} INFO - Sync 1 DAGs
[2025-05-30T05:23:51.916+0000] {logging_mixin.py:188} INFO - [2025-05-30T05:23:51.916+0000] {dag.py:3954} INFO - Setting next_dagrun for example_short_circuit_operator to 2025-05-29 00:00:00+00:00, run_after=2025-05-30 00:00:00+00:00
[2025-05-30T05:23:52.157+0000] {processor.py:183} INFO - Processing /home/airflow/.local/lib/python3.12/site-packages/airflow/example_dags/example_short_circuit_operator.py took 0.337 seconds
[2025-05-30T05:24:22.507+0000] {processor.py:161} INFO - Started process (PID=7121) to work on /home/airflow/.local/lib/python3.12/site-packages/airflow/example_dags/example_short_circuit_operator.py
[2025-05-30T05:24:22.508+0000] {processor.py:830} INFO - Processing file /home/airflow/.local/lib/python3.12/site-packages/airflow/example_dags/example_short_circuit_operator.py for tasks to queue
[2025-05-30T05:24:22.510+0000] {logging_mixin.py:188} INFO - [2025-05-30T05:24:22.510+0000] {dagbag.py:545} INFO - Filling up the DagBag from /home/airflow/.local/lib/python3.12/site-packages/airflow/example_dags/example_short_circuit_operator.py
[2025-05-30T05:24:22.518+0000] {processor.py:840} INFO - DAG(s) 'example_short_circuit_operator' retrieved from /home/airflow/.local/lib/python3.12/site-packages/airflow/example_dags/example_short_circuit_operator.py
[2025-05-30T05:24:22.541+0000] {logging_mixin.py:188} INFO - [2025-05-30T05:24:22.541+0000] {dag.py:3096} INFO - Sync 1 DAGs
[2025-05-30T05:24:22.566+0000] {logging_mixin.py:188} INFO - [2025-05-30T05:24:22.566+0000] {dag.py:3954} INFO - Setting next_dagrun for example_short_circuit_operator to 2025-05-29 00:00:00+00:00, run_after=2025-05-30 00:00:00+00:00
[2025-05-30T05:24:22.587+0000] {processor.py:183} INFO - Processing /home/airflow/.local/lib/python3.12/site-packages/airflow/example_dags/example_short_circuit_operator.py took 0.086 seconds
[2025-05-30T05:24:53.463+0000] {processor.py:161} INFO - Started process (PID=7396) to work on /home/airflow/.local/lib/python3.12/site-packages/airflow/example_dags/example_short_circuit_operator.py
[2025-05-30T05:24:53.464+0000] {processor.py:830} INFO - Processing file /home/airflow/.local/lib/python3.12/site-packages/airflow/example_dags/example_short_circuit_operator.py for tasks to queue
[2025-05-30T05:24:53.466+0000] {logging_mixin.py:188} INFO - [2025-05-30T05:24:53.465+0000] {dagbag.py:545} INFO - Filling up the DagBag from /home/airflow/.local/lib/python3.12/site-packages/airflow/example_dags/example_short_circuit_operator.py
[2025-05-30T05:24:53.471+0000] {processor.py:840} INFO - DAG(s) 'example_short_circuit_operator' retrieved from /home/airflow/.local/lib/python3.12/site-packages/airflow/example_dags/example_short_circuit_operator.py
[2025-05-30T05:24:53.489+0000] {logging_mixin.py:188} INFO - [2025-05-30T05:24:53.489+0000] {dag.py:3096} INFO - Sync 1 DAGs
[2025-05-30T05:24:53.507+0000] {logging_mixin.py:188} INFO - [2025-05-30T05:24:53.506+0000] {dag.py:3954} INFO - Setting next_dagrun for example_short_circuit_operator to 2025-05-29 00:00:00+00:00, run_after=2025-05-30 00:00:00+00:00
[2025-05-30T05:24:53.521+0000] {processor.py:183} INFO - Processing /home/airflow/.local/lib/python3.12/site-packages/airflow/example_dags/example_short_circuit_operator.py took 0.063 seconds
[2025-05-30T05:25:23.982+0000] {processor.py:161} INFO - Started process (PID=7669) to work on /home/airflow/.local/lib/python3.12/site-packages/airflow/example_dags/example_short_circuit_operator.py
[2025-05-30T05:25:23.982+0000] {processor.py:830} INFO - Processing file /home/airflow/.local/lib/python3.12/site-packages/airflow/example_dags/example_short_circuit_operator.py for tasks to queue
[2025-05-30T05:25:23.984+0000] {logging_mixin.py:188} INFO - [2025-05-30T05:25:23.984+0000] {dagbag.py:545} INFO - Filling up the DagBag from /home/airflow/.local/lib/python3.12/site-packages/airflow/example_dags/example_short_circuit_operator.py
[2025-05-30T05:25:23.990+0000] {processor.py:840} INFO - DAG(s) 'example_short_circuit_operator' retrieved from /home/airflow/.local/lib/python3.12/site-packages/airflow/example_dags/example_short_circuit_operator.py
[2025-05-30T05:25:24.009+0000] {logging_mixin.py:188} INFO - [2025-05-30T05:25:24.008+0000] {dag.py:3096} INFO - Sync 1 DAGs
[2025-05-30T05:25:24.027+0000] {logging_mixin.py:188} INFO - [2025-05-30T05:25:24.027+0000] {dag.py:3954} INFO - Setting next_dagrun for example_short_circuit_operator to 2025-05-29 00:00:00+00:00, run_after=2025-05-30 00:00:00+00:00
[2025-05-30T05:25:24.043+0000] {processor.py:183} INFO - Processing /home/airflow/.local/lib/python3.12/site-packages/airflow/example_dags/example_short_circuit_operator.py took 0.066 seconds
[2025-05-30T05:25:54.720+0000] {processor.py:161} INFO - Started process (PID=7940) to work on /home/airflow/.local/lib/python3.12/site-packages/airflow/example_dags/example_short_circuit_operator.py
[2025-05-30T05:25:54.721+0000] {processor.py:830} INFO - Processing file /home/airflow/.local/lib/python3.12/site-packages/airflow/example_dags/example_short_circuit_operator.py for tasks to queue
[2025-05-30T05:25:54.723+0000] {logging_mixin.py:188} INFO - [2025-05-30T05:25:54.723+0000] {dagbag.py:545} INFO - Filling up the DagBag from /home/airflow/.local/lib/python3.12/site-packages/airflow/example_dags/example_short_circuit_operator.py
[2025-05-30T05:25:54.732+0000] {processor.py:840} INFO - DAG(s) 'example_short_circuit_operator' retrieved from /home/airflow/.local/lib/python3.12/site-packages/airflow/example_dags/example_short_circuit_operator.py
[2025-05-30T05:25:54.753+0000] {logging_mixin.py:188} INFO - [2025-05-30T05:25:54.752+0000] {dag.py:3096} INFO - Sync 1 DAGs
[2025-05-30T05:25:54.774+0000] {logging_mixin.py:188} INFO - [2025-05-30T05:25:54.774+0000] {dag.py:3954} INFO - Setting next_dagrun for example_short_circuit_operator to 2025-05-29 00:00:00+00:00, run_after=2025-05-30 00:00:00+00:00
[2025-05-30T05:25:54.790+0000] {processor.py:183} INFO - Processing /home/airflow/.local/lib/python3.12/site-packages/airflow/example_dags/example_short_circuit_operator.py took 0.077 seconds
[2025-05-30T05:26:25.216+0000] {processor.py:161} INFO - Started process (PID=8213) to work on /home/airflow/.local/lib/python3.12/site-packages/airflow/example_dags/example_short_circuit_operator.py
[2025-05-30T05:26:25.217+0000] {processor.py:830} INFO - Processing file /home/airflow/.local/lib/python3.12/site-packages/airflow/example_dags/example_short_circuit_operator.py for tasks to queue
[2025-05-30T05:26:25.219+0000] {logging_mixin.py:188} INFO - [2025-05-30T05:26:25.219+0000] {dagbag.py:545} INFO - Filling up the DagBag from /home/airflow/.local/lib/python3.12/site-packages/airflow/example_dags/example_short_circuit_operator.py
[2025-05-30T05:26:25.227+0000] {processor.py:840} INFO - DAG(s) 'example_short_circuit_operator' retrieved from /home/airflow/.local/lib/python3.12/site-packages/airflow/example_dags/example_short_circuit_operator.py
[2025-05-30T05:26:25.248+0000] {logging_mixin.py:188} INFO - [2025-05-30T05:26:25.248+0000] {dag.py:3096} INFO - Sync 1 DAGs
[2025-05-30T05:26:25.268+0000] {logging_mixin.py:188} INFO - [2025-05-30T05:26:25.268+0000] {dag.py:3954} INFO - Setting next_dagrun for example_short_circuit_operator to 2025-05-29 00:00:00+00:00, run_after=2025-05-30 00:00:00+00:00
[2025-05-30T05:26:25.284+0000] {processor.py:183} INFO - Processing /home/airflow/.local/lib/python3.12/site-packages/airflow/example_dags/example_short_circuit_operator.py took 0.074 seconds
[2025-05-30T05:26:55.936+0000] {processor.py:161} INFO - Started process (PID=8485) to work on /home/airflow/.local/lib/python3.12/site-packages/airflow/example_dags/example_short_circuit_operator.py
[2025-05-30T05:26:55.937+0000] {processor.py:830} INFO - Processing file /home/airflow/.local/lib/python3.12/site-packages/airflow/example_dags/example_short_circuit_operator.py for tasks to queue
[2025-05-30T05:26:55.939+0000] {logging_mixin.py:188} INFO - [2025-05-30T05:26:55.939+0000] {dagbag.py:545} INFO - Filling up the DagBag from /home/airflow/.local/lib/python3.12/site-packages/airflow/example_dags/example_short_circuit_operator.py
[2025-05-30T05:26:55.946+0000] {processor.py:840} INFO - DAG(s) 'example_short_circuit_operator' retrieved from /home/airflow/.local/lib/python3.12/site-packages/airflow/example_dags/example_short_circuit_operator.py
[2025-05-30T05:26:55.968+0000] {logging_mixin.py:188} INFO - [2025-05-30T05:26:55.967+0000] {dag.py:3096} INFO - Sync 1 DAGs
[2025-05-30T05:26:55.988+0000] {logging_mixin.py:188} INFO - [2025-05-30T05:26:55.987+0000] {dag.py:3954} INFO - Setting next_dagrun for example_short_circuit_operator to 2025-05-29 00:00:00+00:00, run_after=2025-05-30 00:00:00+00:00
[2025-05-30T05:26:56.008+0000] {processor.py:183} INFO - Processing /home/airflow/.local/lib/python3.12/site-packages/airflow/example_dags/example_short_circuit_operator.py took 0.077 seconds
[2025-05-30T05:27:26.862+0000] {processor.py:161} INFO - Started process (PID=8758) to work on /home/airflow/.local/lib/python3.12/site-packages/airflow/example_dags/example_short_circuit_operator.py
[2025-05-30T05:27:26.864+0000] {processor.py:830} INFO - Processing file /home/airflow/.local/lib/python3.12/site-packages/airflow/example_dags/example_short_circuit_operator.py for tasks to queue
[2025-05-30T05:27:26.866+0000] {logging_mixin.py:188} INFO - [2025-05-30T05:27:26.866+0000] {dagbag.py:545} INFO - Filling up the DagBag from /home/airflow/.local/lib/python3.12/site-packages/airflow/example_dags/example_short_circuit_operator.py
[2025-05-30T05:27:26.875+0000] {processor.py:840} INFO - DAG(s) 'example_short_circuit_operator' retrieved from /home/airflow/.local/lib/python3.12/site-packages/airflow/example_dags/example_short_circuit_operator.py
[2025-05-30T05:27:26.898+0000] {logging_mixin.py:188} INFO - [2025-05-30T05:27:26.897+0000] {dag.py:3096} INFO - Sync 1 DAGs
[2025-05-30T05:27:26.919+0000] {logging_mixin.py:188} INFO - [2025-05-30T05:27:26.919+0000] {dag.py:3954} INFO - Setting next_dagrun for example_short_circuit_operator to 2025-05-29 00:00:00+00:00, run_after=2025-05-30 00:00:00+00:00
[2025-05-30T05:27:26.937+0000] {processor.py:183} INFO - Processing /home/airflow/.local/lib/python3.12/site-packages/airflow/example_dags/example_short_circuit_operator.py took 0.083 seconds
[2025-05-30T05:27:57.599+0000] {processor.py:161} INFO - Started process (PID=9031) to work on /home/airflow/.local/lib/python3.12/site-packages/airflow/example_dags/example_short_circuit_operator.py
[2025-05-30T05:27:57.599+0000] {processor.py:830} INFO - Processing file /home/airflow/.local/lib/python3.12/site-packages/airflow/example_dags/example_short_circuit_operator.py for tasks to queue
[2025-05-30T05:27:57.601+0000] {logging_mixin.py:188} INFO - [2025-05-30T05:27:57.601+0000] {dagbag.py:545} INFO - Filling up the DagBag from /home/airflow/.local/lib/python3.12/site-packages/airflow/example_dags/example_short_circuit_operator.py
[2025-05-30T05:27:57.610+0000] {processor.py:840} INFO - DAG(s) 'example_short_circuit_operator' retrieved from /home/airflow/.local/lib/python3.12/site-packages/airflow/example_dags/example_short_circuit_operator.py
[2025-05-30T05:27:57.638+0000] {logging_mixin.py:188} INFO - [2025-05-30T05:27:57.637+0000] {dag.py:3096} INFO - Sync 1 DAGs
[2025-05-30T05:27:57.664+0000] {logging_mixin.py:188} INFO - [2025-05-30T05:27:57.663+0000] {dag.py:3954} INFO - Setting next_dagrun for example_short_circuit_operator to 2025-05-29 00:00:00+00:00, run_after=2025-05-30 00:00:00+00:00
[2025-05-30T05:27:57.681+0000] {processor.py:183} INFO - Processing /home/airflow/.local/lib/python3.12/site-packages/airflow/example_dags/example_short_circuit_operator.py took 0.088 seconds
[2025-05-30T05:28:28.295+0000] {processor.py:161} INFO - Started process (PID=9306) to work on /home/airflow/.local/lib/python3.12/site-packages/airflow/example_dags/example_short_circuit_operator.py
[2025-05-30T05:28:28.295+0000] {processor.py:830} INFO - Processing file /home/airflow/.local/lib/python3.12/site-packages/airflow/example_dags/example_short_circuit_operator.py for tasks to queue
[2025-05-30T05:28:28.297+0000] {logging_mixin.py:188} INFO - [2025-05-30T05:28:28.297+0000] {dagbag.py:545} INFO - Filling up the DagBag from /home/airflow/.local/lib/python3.12/site-packages/airflow/example_dags/example_short_circuit_operator.py
[2025-05-30T05:28:28.303+0000] {processor.py:840} INFO - DAG(s) 'example_short_circuit_operator' retrieved from /home/airflow/.local/lib/python3.12/site-packages/airflow/example_dags/example_short_circuit_operator.py
[2025-05-30T05:28:28.322+0000] {logging_mixin.py:188} INFO - [2025-05-30T05:28:28.322+0000] {dag.py:3096} INFO - Sync 1 DAGs
[2025-05-30T05:28:28.341+0000] {logging_mixin.py:188} INFO - [2025-05-30T05:28:28.341+0000] {dag.py:3954} INFO - Setting next_dagrun for example_short_circuit_operator to 2025-05-29 00:00:00+00:00, run_after=2025-05-30 00:00:00+00:00
[2025-05-30T05:28:28.358+0000] {processor.py:183} INFO - Processing /home/airflow/.local/lib/python3.12/site-packages/airflow/example_dags/example_short_circuit_operator.py took 0.068 seconds
[2025-05-30T05:28:58.847+0000] {processor.py:161} INFO - Started process (PID=9579) to work on /home/airflow/.local/lib/python3.12/site-packages/airflow/example_dags/example_short_circuit_operator.py
[2025-05-30T05:28:58.848+0000] {processor.py:830} INFO - Processing file /home/airflow/.local/lib/python3.12/site-packages/airflow/example_dags/example_short_circuit_operator.py for tasks to queue
[2025-05-30T05:28:58.849+0000] {logging_mixin.py:188} INFO - [2025-05-30T05:28:58.849+0000] {dagbag.py:545} INFO - Filling up the DagBag from /home/airflow/.local/lib/python3.12/site-packages/airflow/example_dags/example_short_circuit_operator.py
[2025-05-30T05:28:58.857+0000] {processor.py:840} INFO - DAG(s) 'example_short_circuit_operator' retrieved from /home/airflow/.local/lib/python3.12/site-packages/airflow/example_dags/example_short_circuit_operator.py
[2025-05-30T05:28:58.880+0000] {logging_mixin.py:188} INFO - [2025-05-30T05:28:58.880+0000] {dag.py:3096} INFO - Sync 1 DAGs
[2025-05-30T05:28:58.899+0000] {logging_mixin.py:188} INFO - [2025-05-30T05:28:58.898+0000] {dag.py:3954} INFO - Setting next_dagrun for example_short_circuit_operator to 2025-05-29 00:00:00+00:00, run_after=2025-05-30 00:00:00+00:00
[2025-05-30T05:28:58.914+0000] {processor.py:183} INFO - Processing /home/airflow/.local/lib/python3.12/site-packages/airflow/example_dags/example_short_circuit_operator.py took 0.073 seconds
[2025-05-30T05:29:28.967+0000] {processor.py:161} INFO - Started process (PID=9849) to work on /home/airflow/.local/lib/python3.12/site-packages/airflow/example_dags/example_short_circuit_operator.py
[2025-05-30T05:29:28.967+0000] {processor.py:830} INFO - Processing file /home/airflow/.local/lib/python3.12/site-packages/airflow/example_dags/example_short_circuit_operator.py for tasks to queue
[2025-05-30T05:29:28.969+0000] {logging_mixin.py:188} INFO - [2025-05-30T05:29:28.969+0000] {dagbag.py:545} INFO - Filling up the DagBag from /home/airflow/.local/lib/python3.12/site-packages/airflow/example_dags/example_short_circuit_operator.py
[2025-05-30T05:29:28.977+0000] {processor.py:840} INFO - DAG(s) 'example_short_circuit_operator' retrieved from /home/airflow/.local/lib/python3.12/site-packages/airflow/example_dags/example_short_circuit_operator.py
[2025-05-30T05:29:28.997+0000] {logging_mixin.py:188} INFO - [2025-05-30T05:29:28.997+0000] {dag.py:3096} INFO - Sync 1 DAGs
[2025-05-30T05:29:29.017+0000] {logging_mixin.py:188} INFO - [2025-05-30T05:29:29.016+0000] {dag.py:3954} INFO - Setting next_dagrun for example_short_circuit_operator to 2025-05-29 00:00:00+00:00, run_after=2025-05-30 00:00:00+00:00
[2025-05-30T05:29:29.034+0000] {processor.py:183} INFO - Processing /home/airflow/.local/lib/python3.12/site-packages/airflow/example_dags/example_short_circuit_operator.py took 0.074 seconds
[2025-05-30T05:29:59.100+0000] {processor.py:161} INFO - Started process (PID=10117) to work on /home/airflow/.local/lib/python3.12/site-packages/airflow/example_dags/example_short_circuit_operator.py
[2025-05-30T05:29:59.103+0000] {processor.py:830} INFO - Processing file /home/airflow/.local/lib/python3.12/site-packages/airflow/example_dags/example_short_circuit_operator.py for tasks to queue
[2025-05-30T05:29:59.105+0000] {logging_mixin.py:188} INFO - [2025-05-30T05:29:59.104+0000] {dagbag.py:545} INFO - Filling up the DagBag from /home/airflow/.local/lib/python3.12/site-packages/airflow/example_dags/example_short_circuit_operator.py
[2025-05-30T05:29:59.111+0000] {processor.py:840} INFO - DAG(s) 'example_short_circuit_operator' retrieved from /home/airflow/.local/lib/python3.12/site-packages/airflow/example_dags/example_short_circuit_operator.py
[2025-05-30T05:29:59.130+0000] {logging_mixin.py:188} INFO - [2025-05-30T05:29:59.130+0000] {dag.py:3096} INFO - Sync 1 DAGs
[2025-05-30T05:29:59.151+0000] {logging_mixin.py:188} INFO - [2025-05-30T05:29:59.150+0000] {dag.py:3954} INFO - Setting next_dagrun for example_short_circuit_operator to 2025-05-29 00:00:00+00:00, run_after=2025-05-30 00:00:00+00:00
[2025-05-30T05:29:59.166+0000] {processor.py:183} INFO - Processing /home/airflow/.local/lib/python3.12/site-packages/airflow/example_dags/example_short_circuit_operator.py took 0.072 seconds
[2025-05-30T05:30:29.250+0000] {processor.py:161} INFO - Started process (PID=10389) to work on /home/airflow/.local/lib/python3.12/site-packages/airflow/example_dags/example_short_circuit_operator.py
[2025-05-30T05:30:29.251+0000] {processor.py:830} INFO - Processing file /home/airflow/.local/lib/python3.12/site-packages/airflow/example_dags/example_short_circuit_operator.py for tasks to queue
[2025-05-30T05:30:29.253+0000] {logging_mixin.py:188} INFO - [2025-05-30T05:30:29.252+0000] {dagbag.py:545} INFO - Filling up the DagBag from /home/airflow/.local/lib/python3.12/site-packages/airflow/example_dags/example_short_circuit_operator.py
[2025-05-30T05:30:29.258+0000] {processor.py:840} INFO - DAG(s) 'example_short_circuit_operator' retrieved from /home/airflow/.local/lib/python3.12/site-packages/airflow/example_dags/example_short_circuit_operator.py
[2025-05-30T05:30:29.282+0000] {logging_mixin.py:188} INFO - [2025-05-30T05:30:29.281+0000] {dag.py:3096} INFO - Sync 1 DAGs
[2025-05-30T05:30:29.302+0000] {logging_mixin.py:188} INFO - [2025-05-30T05:30:29.302+0000] {dag.py:3954} INFO - Setting next_dagrun for example_short_circuit_operator to 2025-05-29 00:00:00+00:00, run_after=2025-05-30 00:00:00+00:00
[2025-05-30T05:30:29.317+0000] {processor.py:183} INFO - Processing /home/airflow/.local/lib/python3.12/site-packages/airflow/example_dags/example_short_circuit_operator.py took 0.072 seconds
[2025-05-30T05:30:59.696+0000] {processor.py:161} INFO - Started process (PID=10664) to work on /home/airflow/.local/lib/python3.12/site-packages/airflow/example_dags/example_short_circuit_operator.py
[2025-05-30T05:30:59.697+0000] {processor.py:830} INFO - Processing file /home/airflow/.local/lib/python3.12/site-packages/airflow/example_dags/example_short_circuit_operator.py for tasks to queue
[2025-05-30T05:30:59.700+0000] {logging_mixin.py:188} INFO - [2025-05-30T05:30:59.699+0000] {dagbag.py:545} INFO - Filling up the DagBag from /home/airflow/.local/lib/python3.12/site-packages/airflow/example_dags/example_short_circuit_operator.py
[2025-05-30T05:30:59.710+0000] {processor.py:840} INFO - DAG(s) 'example_short_circuit_operator' retrieved from /home/airflow/.local/lib/python3.12/site-packages/airflow/example_dags/example_short_circuit_operator.py
[2025-05-30T05:30:59.734+0000] {logging_mixin.py:188} INFO - [2025-05-30T05:30:59.734+0000] {dag.py:3096} INFO - Sync 1 DAGs
[2025-05-30T05:30:59.758+0000] {logging_mixin.py:188} INFO - [2025-05-30T05:30:59.758+0000] {dag.py:3954} INFO - Setting next_dagrun for example_short_circuit_operator to 2025-05-29 00:00:00+00:00, run_after=2025-05-30 00:00:00+00:00
[2025-05-30T05:30:59.780+0000] {processor.py:183} INFO - Processing /home/airflow/.local/lib/python3.12/site-packages/airflow/example_dags/example_short_circuit_operator.py took 0.090 seconds
[2025-05-30T05:31:30.714+0000] {processor.py:161} INFO - Started process (PID=10935) to work on /home/airflow/.local/lib/python3.12/site-packages/airflow/example_dags/example_short_circuit_operator.py
[2025-05-30T05:31:30.716+0000] {processor.py:830} INFO - Processing file /home/airflow/.local/lib/python3.12/site-packages/airflow/example_dags/example_short_circuit_operator.py for tasks to queue
[2025-05-30T05:31:30.718+0000] {logging_mixin.py:188} INFO - [2025-05-30T05:31:30.718+0000] {dagbag.py:545} INFO - Filling up the DagBag from /home/airflow/.local/lib/python3.12/site-packages/airflow/example_dags/example_short_circuit_operator.py
[2025-05-30T05:31:30.725+0000] {processor.py:840} INFO - DAG(s) 'example_short_circuit_operator' retrieved from /home/airflow/.local/lib/python3.12/site-packages/airflow/example_dags/example_short_circuit_operator.py
[2025-05-30T05:31:30.754+0000] {logging_mixin.py:188} INFO - [2025-05-30T05:31:30.754+0000] {dag.py:3096} INFO - Sync 1 DAGs
[2025-05-30T05:31:30.779+0000] {logging_mixin.py:188} INFO - [2025-05-30T05:31:30.778+0000] {dag.py:3954} INFO - Setting next_dagrun for example_short_circuit_operator to 2025-05-29 00:00:00+00:00, run_after=2025-05-30 00:00:00+00:00
[2025-05-30T05:31:30.799+0000] {processor.py:183} INFO - Processing /home/airflow/.local/lib/python3.12/site-packages/airflow/example_dags/example_short_circuit_operator.py took 0.091 seconds
[2025-05-30T05:32:00.974+0000] {processor.py:161} INFO - Started process (PID=11208) to work on /home/airflow/.local/lib/python3.12/site-packages/airflow/example_dags/example_short_circuit_operator.py
[2025-05-30T05:32:00.975+0000] {processor.py:830} INFO - Processing file /home/airflow/.local/lib/python3.12/site-packages/airflow/example_dags/example_short_circuit_operator.py for tasks to queue
[2025-05-30T05:32:00.977+0000] {logging_mixin.py:188} INFO - [2025-05-30T05:32:00.977+0000] {dagbag.py:545} INFO - Filling up the DagBag from /home/airflow/.local/lib/python3.12/site-packages/airflow/example_dags/example_short_circuit_operator.py
[2025-05-30T05:32:00.983+0000] {processor.py:840} INFO - DAG(s) 'example_short_circuit_operator' retrieved from /home/airflow/.local/lib/python3.12/site-packages/airflow/example_dags/example_short_circuit_operator.py
[2025-05-30T05:32:01.003+0000] {logging_mixin.py:188} INFO - [2025-05-30T05:32:01.003+0000] {dag.py:3096} INFO - Sync 1 DAGs
[2025-05-30T05:32:01.023+0000] {logging_mixin.py:188} INFO - [2025-05-30T05:32:01.023+0000] {dag.py:3954} INFO - Setting next_dagrun for example_short_circuit_operator to 2025-05-29 00:00:00+00:00, run_after=2025-05-30 00:00:00+00:00
[2025-05-30T05:32:01.039+0000] {processor.py:183} INFO - Processing /home/airflow/.local/lib/python3.12/site-packages/airflow/example_dags/example_short_circuit_operator.py took 0.070 seconds
[2025-05-30T05:32:31.212+0000] {processor.py:161} INFO - Started process (PID=11481) to work on /home/airflow/.local/lib/python3.12/site-packages/airflow/example_dags/example_short_circuit_operator.py
[2025-05-30T05:32:31.212+0000] {processor.py:830} INFO - Processing file /home/airflow/.local/lib/python3.12/site-packages/airflow/example_dags/example_short_circuit_operator.py for tasks to queue
[2025-05-30T05:32:31.214+0000] {logging_mixin.py:188} INFO - [2025-05-30T05:32:31.214+0000] {dagbag.py:545} INFO - Filling up the DagBag from /home/airflow/.local/lib/python3.12/site-packages/airflow/example_dags/example_short_circuit_operator.py
[2025-05-30T05:32:31.220+0000] {processor.py:840} INFO - DAG(s) 'example_short_circuit_operator' retrieved from /home/airflow/.local/lib/python3.12/site-packages/airflow/example_dags/example_short_circuit_operator.py
[2025-05-30T05:32:31.242+0000] {logging_mixin.py:188} INFO - [2025-05-30T05:32:31.242+0000] {dag.py:3096} INFO - Sync 1 DAGs
[2025-05-30T05:32:31.265+0000] {logging_mixin.py:188} INFO - [2025-05-30T05:32:31.265+0000] {dag.py:3954} INFO - Setting next_dagrun for example_short_circuit_operator to 2025-05-29 00:00:00+00:00, run_after=2025-05-30 00:00:00+00:00
[2025-05-30T05:32:31.283+0000] {processor.py:183} INFO - Processing /home/airflow/.local/lib/python3.12/site-packages/airflow/example_dags/example_short_circuit_operator.py took 0.076 seconds
[2025-05-30T05:40:01.949+0000] {processor.py:161} INFO - Started process (PID=284) to work on /home/airflow/.local/lib/python3.12/site-packages/airflow/example_dags/example_short_circuit_operator.py
[2025-05-30T05:40:01.950+0000] {processor.py:830} INFO - Processing file /home/airflow/.local/lib/python3.12/site-packages/airflow/example_dags/example_short_circuit_operator.py for tasks to queue
[2025-05-30T05:40:01.953+0000] {logging_mixin.py:188} INFO - [2025-05-30T05:40:01.953+0000] {dagbag.py:545} INFO - Filling up the DagBag from /home/airflow/.local/lib/python3.12/site-packages/airflow/example_dags/example_short_circuit_operator.py
[2025-05-30T05:40:01.964+0000] {processor.py:840} INFO - DAG(s) 'example_short_circuit_operator' retrieved from /home/airflow/.local/lib/python3.12/site-packages/airflow/example_dags/example_short_circuit_operator.py
[2025-05-30T05:40:01.977+0000] {logging_mixin.py:188} INFO - [2025-05-30T05:40:01.977+0000] {dag.py:3096} INFO - Sync 1 DAGs
[2025-05-30T05:40:02.009+0000] {logging_mixin.py:188} INFO - [2025-05-30T05:40:02.009+0000] {dag.py:3954} INFO - Setting next_dagrun for example_short_circuit_operator to 2025-05-29 00:00:00+00:00, run_after=2025-05-30 00:00:00+00:00
[2025-05-30T05:40:02.035+0000] {processor.py:183} INFO - Processing /home/airflow/.local/lib/python3.12/site-packages/airflow/example_dags/example_short_circuit_operator.py took 0.096 seconds
[2025-05-30T05:40:34.174+0000] {processor.py:161} INFO - Started process (PID=559) to work on /home/airflow/.local/lib/python3.12/site-packages/airflow/example_dags/example_short_circuit_operator.py
[2025-05-30T05:40:34.175+0000] {processor.py:830} INFO - Processing file /home/airflow/.local/lib/python3.12/site-packages/airflow/example_dags/example_short_circuit_operator.py for tasks to queue
[2025-05-30T05:40:34.177+0000] {logging_mixin.py:188} INFO - [2025-05-30T05:40:34.177+0000] {dagbag.py:545} INFO - Filling up the DagBag from /home/airflow/.local/lib/python3.12/site-packages/airflow/example_dags/example_short_circuit_operator.py
[2025-05-30T05:40:34.184+0000] {processor.py:840} INFO - DAG(s) 'example_short_circuit_operator' retrieved from /home/airflow/.local/lib/python3.12/site-packages/airflow/example_dags/example_short_circuit_operator.py
[2025-05-30T05:40:34.285+0000] {logging_mixin.py:188} INFO - [2025-05-30T05:40:34.284+0000] {dag.py:3096} INFO - Sync 1 DAGs
[2025-05-30T05:40:34.306+0000] {logging_mixin.py:188} INFO - [2025-05-30T05:40:34.306+0000] {dag.py:3954} INFO - Setting next_dagrun for example_short_circuit_operator to 2025-05-29 00:00:00+00:00, run_after=2025-05-30 00:00:00+00:00
[2025-05-30T05:40:34.333+0000] {processor.py:183} INFO - Processing /home/airflow/.local/lib/python3.12/site-packages/airflow/example_dags/example_short_circuit_operator.py took 0.163 seconds
[2025-05-30T05:41:04.573+0000] {processor.py:161} INFO - Started process (PID=830) to work on /home/airflow/.local/lib/python3.12/site-packages/airflow/example_dags/example_short_circuit_operator.py
[2025-05-30T05:41:04.574+0000] {processor.py:830} INFO - Processing file /home/airflow/.local/lib/python3.12/site-packages/airflow/example_dags/example_short_circuit_operator.py for tasks to queue
[2025-05-30T05:41:04.577+0000] {logging_mixin.py:188} INFO - [2025-05-30T05:41:04.577+0000] {dagbag.py:545} INFO - Filling up the DagBag from /home/airflow/.local/lib/python3.12/site-packages/airflow/example_dags/example_short_circuit_operator.py
[2025-05-30T05:41:04.586+0000] {processor.py:840} INFO - DAG(s) 'example_short_circuit_operator' retrieved from /home/airflow/.local/lib/python3.12/site-packages/airflow/example_dags/example_short_circuit_operator.py
[2025-05-30T05:41:04.609+0000] {logging_mixin.py:188} INFO - [2025-05-30T05:41:04.608+0000] {dag.py:3096} INFO - Sync 1 DAGs
[2025-05-30T05:41:04.631+0000] {logging_mixin.py:188} INFO - [2025-05-30T05:41:04.631+0000] {dag.py:3954} INFO - Setting next_dagrun for example_short_circuit_operator to 2025-05-29 00:00:00+00:00, run_after=2025-05-30 00:00:00+00:00
[2025-05-30T05:41:04.648+0000] {processor.py:183} INFO - Processing /home/airflow/.local/lib/python3.12/site-packages/airflow/example_dags/example_short_circuit_operator.py took 0.080 seconds
