[2025-05-30T04:40:35.194+0000] {processor.py:161} INFO - Started process (PID=258) to work on /home/airflow/.local/lib/python3.12/site-packages/airflow/example_dags/example_branch_operator.py
[2025-05-30T04:40:35.195+0000] {processor.py:830} INFO - Processing file /home/airflow/.local/lib/python3.12/site-packages/airflow/example_dags/example_branch_operator.py for tasks to queue
[2025-05-30T04:40:35.197+0000] {logging_mixin.py:188} INFO - [2025-05-30T04:40:35.197+0000] {dagbag.py:545} INFO - Filling up the DagBag from /home/airflow/.local/lib/python3.12/site-packages/airflow/example_dags/example_branch_operator.py
[2025-05-30T04:40:35.221+0000] {processor.py:840} INFO - DAG(s) 'example_branch_operator' retrieved from /home/airflow/.local/lib/python3.12/site-packages/airflow/example_dags/example_branch_operator.py
[2025-05-30T04:40:35.352+0000] {logging_mixin.py:188} INFO - [2025-05-30T04:40:35.351+0000] {dag.py:3096} INFO - Sync 1 DAGs
[2025-05-30T04:40:35.372+0000] {logging_mixin.py:188} INFO - [2025-05-30T04:40:35.372+0000] {dag.py:3954} INFO - Setting next_dagrun for example_branch_operator to 2025-05-29 00:00:00+00:00, run_after=2025-05-30 00:00:00+00:00
[2025-05-30T04:40:35.390+0000] {processor.py:183} INFO - Processing /home/airflow/.local/lib/python3.12/site-packages/airflow/example_dags/example_branch_operator.py took 0.201 seconds
[2025-05-30T04:41:06.679+0000] {processor.py:161} INFO - Started process (PID=531) to work on /home/airflow/.local/lib/python3.12/site-packages/airflow/example_dags/example_branch_operator.py
[2025-05-30T04:41:06.680+0000] {processor.py:830} INFO - Processing file /home/airflow/.local/lib/python3.12/site-packages/airflow/example_dags/example_branch_operator.py for tasks to queue
[2025-05-30T04:41:06.683+0000] {logging_mixin.py:188} INFO - [2025-05-30T04:41:06.682+0000] {dagbag.py:545} INFO - Filling up the DagBag from /home/airflow/.local/lib/python3.12/site-packages/airflow/example_dags/example_branch_operator.py
[2025-05-30T04:41:06.717+0000] {processor.py:840} INFO - DAG(s) 'example_branch_operator' retrieved from /home/airflow/.local/lib/python3.12/site-packages/airflow/example_dags/example_branch_operator.py
[2025-05-30T04:41:06.751+0000] {logging_mixin.py:188} INFO - [2025-05-30T04:41:06.751+0000] {dag.py:3096} INFO - Sync 1 DAGs
[2025-05-30T04:41:06.786+0000] {logging_mixin.py:188} INFO - [2025-05-30T04:41:06.786+0000] {dag.py:3954} INFO - Setting next_dagrun for example_branch_operator to 2025-05-29 00:00:00+00:00, run_after=2025-05-30 00:00:00+00:00
[2025-05-30T04:41:06.811+0000] {processor.py:183} INFO - Processing /home/airflow/.local/lib/python3.12/site-packages/airflow/example_dags/example_branch_operator.py took 0.140 seconds
[2025-05-30T04:41:37.559+0000] {processor.py:161} INFO - Started process (PID=804) to work on /home/airflow/.local/lib/python3.12/site-packages/airflow/example_dags/example_branch_operator.py
[2025-05-30T04:41:37.560+0000] {processor.py:830} INFO - Processing file /home/airflow/.local/lib/python3.12/site-packages/airflow/example_dags/example_branch_operator.py for tasks to queue
[2025-05-30T04:41:37.562+0000] {logging_mixin.py:188} INFO - [2025-05-30T04:41:37.561+0000] {dagbag.py:545} INFO - Filling up the DagBag from /home/airflow/.local/lib/python3.12/site-packages/airflow/example_dags/example_branch_operator.py
[2025-05-30T04:41:37.583+0000] {processor.py:840} INFO - DAG(s) 'example_branch_operator' retrieved from /home/airflow/.local/lib/python3.12/site-packages/airflow/example_dags/example_branch_operator.py
[2025-05-30T04:41:37.612+0000] {logging_mixin.py:188} INFO - [2025-05-30T04:41:37.611+0000] {dag.py:3096} INFO - Sync 1 DAGs
[2025-05-30T04:41:37.639+0000] {logging_mixin.py:188} INFO - [2025-05-30T04:41:37.639+0000] {dag.py:3954} INFO - Setting next_dagrun for example_branch_operator to 2025-05-29 00:00:00+00:00, run_after=2025-05-30 00:00:00+00:00
[2025-05-30T04:41:37.656+0000] {processor.py:183} INFO - Processing /home/airflow/.local/lib/python3.12/site-packages/airflow/example_dags/example_branch_operator.py took 0.102 seconds
[2025-05-30T04:42:08.812+0000] {processor.py:161} INFO - Started process (PID=1076) to work on /home/airflow/.local/lib/python3.12/site-packages/airflow/example_dags/example_branch_operator.py
[2025-05-30T04:42:08.814+0000] {processor.py:830} INFO - Processing file /home/airflow/.local/lib/python3.12/site-packages/airflow/example_dags/example_branch_operator.py for tasks to queue
[2025-05-30T04:42:08.817+0000] {logging_mixin.py:188} INFO - [2025-05-30T04:42:08.816+0000] {dagbag.py:545} INFO - Filling up the DagBag from /home/airflow/.local/lib/python3.12/site-packages/airflow/example_dags/example_branch_operator.py
[2025-05-30T04:42:08.859+0000] {processor.py:840} INFO - DAG(s) 'example_branch_operator' retrieved from /home/airflow/.local/lib/python3.12/site-packages/airflow/example_dags/example_branch_operator.py
[2025-05-30T04:42:08.910+0000] {logging_mixin.py:188} INFO - [2025-05-30T04:42:08.909+0000] {dag.py:3096} INFO - Sync 1 DAGs
[2025-05-30T04:42:08.955+0000] {logging_mixin.py:188} INFO - [2025-05-30T04:42:08.955+0000] {dag.py:3954} INFO - Setting next_dagrun for example_branch_operator to 2025-05-29 00:00:00+00:00, run_after=2025-05-30 00:00:00+00:00
[2025-05-30T04:42:09.004+0000] {processor.py:183} INFO - Processing /home/airflow/.local/lib/python3.12/site-packages/airflow/example_dags/example_branch_operator.py took 0.200 seconds
[2025-05-30T04:42:39.962+0000] {processor.py:161} INFO - Started process (PID=1349) to work on /home/airflow/.local/lib/python3.12/site-packages/airflow/example_dags/example_branch_operator.py
[2025-05-30T04:42:39.966+0000] {processor.py:830} INFO - Processing file /home/airflow/.local/lib/python3.12/site-packages/airflow/example_dags/example_branch_operator.py for tasks to queue
[2025-05-30T04:42:39.969+0000] {logging_mixin.py:188} INFO - [2025-05-30T04:42:39.968+0000] {dagbag.py:545} INFO - Filling up the DagBag from /home/airflow/.local/lib/python3.12/site-packages/airflow/example_dags/example_branch_operator.py
[2025-05-30T04:42:40.023+0000] {processor.py:840} INFO - DAG(s) 'example_branch_operator' retrieved from /home/airflow/.local/lib/python3.12/site-packages/airflow/example_dags/example_branch_operator.py
[2025-05-30T04:42:40.079+0000] {logging_mixin.py:188} INFO - [2025-05-30T04:42:40.078+0000] {dag.py:3096} INFO - Sync 1 DAGs
[2025-05-30T04:42:40.122+0000] {logging_mixin.py:188} INFO - [2025-05-30T04:42:40.121+0000] {dag.py:3954} INFO - Setting next_dagrun for example_branch_operator to 2025-05-29 00:00:00+00:00, run_after=2025-05-30 00:00:00+00:00
[2025-05-30T04:42:40.179+0000] {processor.py:183} INFO - Processing /home/airflow/.local/lib/python3.12/site-packages/airflow/example_dags/example_branch_operator.py took 0.224 seconds
[2025-05-30T04:43:10.710+0000] {processor.py:161} INFO - Started process (PID=1622) to work on /home/airflow/.local/lib/python3.12/site-packages/airflow/example_dags/example_branch_operator.py
[2025-05-30T04:43:10.711+0000] {processor.py:830} INFO - Processing file /home/airflow/.local/lib/python3.12/site-packages/airflow/example_dags/example_branch_operator.py for tasks to queue
[2025-05-30T04:43:10.712+0000] {logging_mixin.py:188} INFO - [2025-05-30T04:43:10.712+0000] {dagbag.py:545} INFO - Filling up the DagBag from /home/airflow/.local/lib/python3.12/site-packages/airflow/example_dags/example_branch_operator.py
[2025-05-30T04:43:10.732+0000] {processor.py:840} INFO - DAG(s) 'example_branch_operator' retrieved from /home/airflow/.local/lib/python3.12/site-packages/airflow/example_dags/example_branch_operator.py
[2025-05-30T04:43:10.754+0000] {logging_mixin.py:188} INFO - [2025-05-30T04:43:10.754+0000] {dag.py:3096} INFO - Sync 1 DAGs
[2025-05-30T04:43:10.774+0000] {logging_mixin.py:188} INFO - [2025-05-30T04:43:10.774+0000] {dag.py:3954} INFO - Setting next_dagrun for example_branch_operator to 2025-05-29 00:00:00+00:00, run_after=2025-05-30 00:00:00+00:00
[2025-05-30T04:43:10.790+0000] {processor.py:183} INFO - Processing /home/airflow/.local/lib/python3.12/site-packages/airflow/example_dags/example_branch_operator.py took 0.085 seconds
[2025-05-30T04:43:40.883+0000] {processor.py:161} INFO - Started process (PID=1888) to work on /home/airflow/.local/lib/python3.12/site-packages/airflow/example_dags/example_branch_operator.py
[2025-05-30T04:43:40.886+0000] {processor.py:830} INFO - Processing file /home/airflow/.local/lib/python3.12/site-packages/airflow/example_dags/example_branch_operator.py for tasks to queue
[2025-05-30T04:43:40.888+0000] {logging_mixin.py:188} INFO - [2025-05-30T04:43:40.888+0000] {dagbag.py:545} INFO - Filling up the DagBag from /home/airflow/.local/lib/python3.12/site-packages/airflow/example_dags/example_branch_operator.py
[2025-05-30T04:43:40.917+0000] {processor.py:840} INFO - DAG(s) 'example_branch_operator' retrieved from /home/airflow/.local/lib/python3.12/site-packages/airflow/example_dags/example_branch_operator.py
[2025-05-30T04:43:40.947+0000] {logging_mixin.py:188} INFO - [2025-05-30T04:43:40.946+0000] {dag.py:3096} INFO - Sync 1 DAGs
[2025-05-30T04:43:40.974+0000] {logging_mixin.py:188} INFO - [2025-05-30T04:43:40.974+0000] {dag.py:3954} INFO - Setting next_dagrun for example_branch_operator to 2025-05-29 00:00:00+00:00, run_after=2025-05-30 00:00:00+00:00
[2025-05-30T04:43:41.003+0000] {processor.py:183} INFO - Processing /home/airflow/.local/lib/python3.12/site-packages/airflow/example_dags/example_branch_operator.py took 0.128 seconds
[2025-05-30T04:44:11.630+0000] {processor.py:161} INFO - Started process (PID=2161) to work on /home/airflow/.local/lib/python3.12/site-packages/airflow/example_dags/example_branch_operator.py
[2025-05-30T04:44:11.631+0000] {processor.py:830} INFO - Processing file /home/airflow/.local/lib/python3.12/site-packages/airflow/example_dags/example_branch_operator.py for tasks to queue
[2025-05-30T04:44:11.634+0000] {logging_mixin.py:188} INFO - [2025-05-30T04:44:11.633+0000] {dagbag.py:545} INFO - Filling up the DagBag from /home/airflow/.local/lib/python3.12/site-packages/airflow/example_dags/example_branch_operator.py
[2025-05-30T04:44:11.664+0000] {processor.py:840} INFO - DAG(s) 'example_branch_operator' retrieved from /home/airflow/.local/lib/python3.12/site-packages/airflow/example_dags/example_branch_operator.py
[2025-05-30T04:44:11.690+0000] {logging_mixin.py:188} INFO - [2025-05-30T04:44:11.690+0000] {dag.py:3096} INFO - Sync 1 DAGs
[2025-05-30T04:44:11.710+0000] {logging_mixin.py:188} INFO - [2025-05-30T04:44:11.710+0000] {dag.py:3954} INFO - Setting next_dagrun for example_branch_operator to 2025-05-29 00:00:00+00:00, run_after=2025-05-30 00:00:00+00:00
[2025-05-30T04:44:11.730+0000] {processor.py:183} INFO - Processing /home/airflow/.local/lib/python3.12/site-packages/airflow/example_dags/example_branch_operator.py took 0.107 seconds
[2025-05-30T04:44:41.809+0000] {processor.py:161} INFO - Started process (PID=2436) to work on /home/airflow/.local/lib/python3.12/site-packages/airflow/example_dags/example_branch_operator.py
[2025-05-30T04:44:41.810+0000] {processor.py:830} INFO - Processing file /home/airflow/.local/lib/python3.12/site-packages/airflow/example_dags/example_branch_operator.py for tasks to queue
[2025-05-30T04:44:41.812+0000] {logging_mixin.py:188} INFO - [2025-05-30T04:44:41.812+0000] {dagbag.py:545} INFO - Filling up the DagBag from /home/airflow/.local/lib/python3.12/site-packages/airflow/example_dags/example_branch_operator.py
[2025-05-30T04:44:41.830+0000] {processor.py:840} INFO - DAG(s) 'example_branch_operator' retrieved from /home/airflow/.local/lib/python3.12/site-packages/airflow/example_dags/example_branch_operator.py
[2025-05-30T04:44:41.852+0000] {logging_mixin.py:188} INFO - [2025-05-30T04:44:41.852+0000] {dag.py:3096} INFO - Sync 1 DAGs
[2025-05-30T04:44:41.874+0000] {logging_mixin.py:188} INFO - [2025-05-30T04:44:41.873+0000] {dag.py:3954} INFO - Setting next_dagrun for example_branch_operator to 2025-05-29 00:00:00+00:00, run_after=2025-05-30 00:00:00+00:00
[2025-05-30T04:44:41.891+0000] {processor.py:183} INFO - Processing /home/airflow/.local/lib/python3.12/site-packages/airflow/example_dags/example_branch_operator.py took 0.087 seconds
[2025-05-30T04:45:12.338+0000] {processor.py:161} INFO - Started process (PID=2707) to work on /home/airflow/.local/lib/python3.12/site-packages/airflow/example_dags/example_branch_operator.py
[2025-05-30T04:45:12.339+0000] {processor.py:830} INFO - Processing file /home/airflow/.local/lib/python3.12/site-packages/airflow/example_dags/example_branch_operator.py for tasks to queue
[2025-05-30T04:45:12.341+0000] {logging_mixin.py:188} INFO - [2025-05-30T04:45:12.341+0000] {dagbag.py:545} INFO - Filling up the DagBag from /home/airflow/.local/lib/python3.12/site-packages/airflow/example_dags/example_branch_operator.py
[2025-05-30T04:45:12.361+0000] {processor.py:840} INFO - DAG(s) 'example_branch_operator' retrieved from /home/airflow/.local/lib/python3.12/site-packages/airflow/example_dags/example_branch_operator.py
[2025-05-30T04:45:12.386+0000] {logging_mixin.py:188} INFO - [2025-05-30T04:45:12.386+0000] {dag.py:3096} INFO - Sync 1 DAGs
[2025-05-30T04:45:12.415+0000] {logging_mixin.py:188} INFO - [2025-05-30T04:45:12.414+0000] {dag.py:3954} INFO - Setting next_dagrun for example_branch_operator to 2025-05-29 00:00:00+00:00, run_after=2025-05-30 00:00:00+00:00
[2025-05-30T04:45:12.442+0000] {processor.py:183} INFO - Processing /home/airflow/.local/lib/python3.12/site-packages/airflow/example_dags/example_branch_operator.py took 0.109 seconds
[2025-05-30T04:45:42.494+0000] {processor.py:161} INFO - Started process (PID=2980) to work on /home/airflow/.local/lib/python3.12/site-packages/airflow/example_dags/example_branch_operator.py
[2025-05-30T04:45:42.495+0000] {processor.py:830} INFO - Processing file /home/airflow/.local/lib/python3.12/site-packages/airflow/example_dags/example_branch_operator.py for tasks to queue
[2025-05-30T04:45:42.497+0000] {logging_mixin.py:188} INFO - [2025-05-30T04:45:42.496+0000] {dagbag.py:545} INFO - Filling up the DagBag from /home/airflow/.local/lib/python3.12/site-packages/airflow/example_dags/example_branch_operator.py
[2025-05-30T04:45:42.515+0000] {processor.py:840} INFO - DAG(s) 'example_branch_operator' retrieved from /home/airflow/.local/lib/python3.12/site-packages/airflow/example_dags/example_branch_operator.py
[2025-05-30T04:45:42.537+0000] {logging_mixin.py:188} INFO - [2025-05-30T04:45:42.537+0000] {dag.py:3096} INFO - Sync 1 DAGs
[2025-05-30T04:45:42.556+0000] {logging_mixin.py:188} INFO - [2025-05-30T04:45:42.556+0000] {dag.py:3954} INFO - Setting next_dagrun for example_branch_operator to 2025-05-29 00:00:00+00:00, run_after=2025-05-30 00:00:00+00:00
[2025-05-30T04:45:42.572+0000] {processor.py:183} INFO - Processing /home/airflow/.local/lib/python3.12/site-packages/airflow/example_dags/example_branch_operator.py took 0.083 seconds
[2025-05-30T04:46:13.750+0000] {processor.py:161} INFO - Started process (PID=3252) to work on /home/airflow/.local/lib/python3.12/site-packages/airflow/example_dags/example_branch_operator.py
[2025-05-30T04:46:13.755+0000] {processor.py:830} INFO - Processing file /home/airflow/.local/lib/python3.12/site-packages/airflow/example_dags/example_branch_operator.py for tasks to queue
[2025-05-30T04:46:13.762+0000] {logging_mixin.py:188} INFO - [2025-05-30T04:46:13.761+0000] {dagbag.py:545} INFO - Filling up the DagBag from /home/airflow/.local/lib/python3.12/site-packages/airflow/example_dags/example_branch_operator.py
[2025-05-30T04:46:13.869+0000] {processor.py:840} INFO - DAG(s) 'example_branch_operator' retrieved from /home/airflow/.local/lib/python3.12/site-packages/airflow/example_dags/example_branch_operator.py
[2025-05-30T04:46:13.998+0000] {logging_mixin.py:188} INFO - [2025-05-30T04:46:13.998+0000] {dag.py:3096} INFO - Sync 1 DAGs
[2025-05-30T04:46:14.053+0000] {logging_mixin.py:188} INFO - [2025-05-30T04:46:14.052+0000] {dag.py:3954} INFO - Setting next_dagrun for example_branch_operator to 2025-05-29 00:00:00+00:00, run_after=2025-05-30 00:00:00+00:00
[2025-05-30T04:46:14.107+0000] {processor.py:183} INFO - Processing /home/airflow/.local/lib/python3.12/site-packages/airflow/example_dags/example_branch_operator.py took 0.370 seconds
[2025-05-30T04:46:44.597+0000] {processor.py:161} INFO - Started process (PID=3525) to work on /home/airflow/.local/lib/python3.12/site-packages/airflow/example_dags/example_branch_operator.py
[2025-05-30T04:46:44.598+0000] {processor.py:830} INFO - Processing file /home/airflow/.local/lib/python3.12/site-packages/airflow/example_dags/example_branch_operator.py for tasks to queue
[2025-05-30T04:46:44.600+0000] {logging_mixin.py:188} INFO - [2025-05-30T04:46:44.599+0000] {dagbag.py:545} INFO - Filling up the DagBag from /home/airflow/.local/lib/python3.12/site-packages/airflow/example_dags/example_branch_operator.py
[2025-05-30T04:46:44.619+0000] {processor.py:840} INFO - DAG(s) 'example_branch_operator' retrieved from /home/airflow/.local/lib/python3.12/site-packages/airflow/example_dags/example_branch_operator.py
[2025-05-30T04:46:44.628+0000] {logging_mixin.py:188} INFO - [2025-05-30T04:46:44.628+0000] {dag.py:3096} INFO - Sync 1 DAGs
[2025-05-30T04:46:44.651+0000] {logging_mixin.py:188} INFO - [2025-05-30T04:46:44.651+0000] {dag.py:3954} INFO - Setting next_dagrun for example_branch_operator to 2025-05-29 00:00:00+00:00, run_after=2025-05-30 00:00:00+00:00
[2025-05-30T04:46:44.671+0000] {processor.py:183} INFO - Processing /home/airflow/.local/lib/python3.12/site-packages/airflow/example_dags/example_branch_operator.py took 0.079 seconds
[2025-05-30T04:47:14.946+0000] {processor.py:161} INFO - Started process (PID=3797) to work on /home/airflow/.local/lib/python3.12/site-packages/airflow/example_dags/example_branch_operator.py
[2025-05-30T04:47:14.947+0000] {processor.py:830} INFO - Processing file /home/airflow/.local/lib/python3.12/site-packages/airflow/example_dags/example_branch_operator.py for tasks to queue
[2025-05-30T04:47:14.950+0000] {logging_mixin.py:188} INFO - [2025-05-30T04:47:14.949+0000] {dagbag.py:545} INFO - Filling up the DagBag from /home/airflow/.local/lib/python3.12/site-packages/airflow/example_dags/example_branch_operator.py
[2025-05-30T04:47:14.976+0000] {processor.py:840} INFO - DAG(s) 'example_branch_operator' retrieved from /home/airflow/.local/lib/python3.12/site-packages/airflow/example_dags/example_branch_operator.py
[2025-05-30T04:47:15.111+0000] {logging_mixin.py:188} INFO - [2025-05-30T04:47:15.111+0000] {dag.py:3096} INFO - Sync 1 DAGs
[2025-05-30T04:47:15.134+0000] {logging_mixin.py:188} INFO - [2025-05-30T04:47:15.134+0000] {dag.py:3954} INFO - Setting next_dagrun for example_branch_operator to 2025-05-29 00:00:00+00:00, run_after=2025-05-30 00:00:00+00:00
[2025-05-30T04:47:15.170+0000] {processor.py:183} INFO - Processing /home/airflow/.local/lib/python3.12/site-packages/airflow/example_dags/example_branch_operator.py took 0.229 seconds
[2025-05-30T04:47:45.353+0000] {processor.py:161} INFO - Started process (PID=4070) to work on /home/airflow/.local/lib/python3.12/site-packages/airflow/example_dags/example_branch_operator.py
[2025-05-30T04:47:45.354+0000] {processor.py:830} INFO - Processing file /home/airflow/.local/lib/python3.12/site-packages/airflow/example_dags/example_branch_operator.py for tasks to queue
[2025-05-30T04:47:45.356+0000] {logging_mixin.py:188} INFO - [2025-05-30T04:47:45.356+0000] {dagbag.py:545} INFO - Filling up the DagBag from /home/airflow/.local/lib/python3.12/site-packages/airflow/example_dags/example_branch_operator.py
[2025-05-30T04:47:45.380+0000] {processor.py:840} INFO - DAG(s) 'example_branch_operator' retrieved from /home/airflow/.local/lib/python3.12/site-packages/airflow/example_dags/example_branch_operator.py
[2025-05-30T04:47:45.406+0000] {logging_mixin.py:188} INFO - [2025-05-30T04:47:45.406+0000] {dag.py:3096} INFO - Sync 1 DAGs
[2025-05-30T04:47:45.430+0000] {logging_mixin.py:188} INFO - [2025-05-30T04:47:45.429+0000] {dag.py:3954} INFO - Setting next_dagrun for example_branch_operator to 2025-05-29 00:00:00+00:00, run_after=2025-05-30 00:00:00+00:00
[2025-05-30T04:47:45.449+0000] {processor.py:183} INFO - Processing /home/airflow/.local/lib/python3.12/site-packages/airflow/example_dags/example_branch_operator.py took 0.102 seconds
[2025-05-30T04:48:15.779+0000] {processor.py:161} INFO - Started process (PID=4343) to work on /home/airflow/.local/lib/python3.12/site-packages/airflow/example_dags/example_branch_operator.py
[2025-05-30T04:48:15.780+0000] {processor.py:830} INFO - Processing file /home/airflow/.local/lib/python3.12/site-packages/airflow/example_dags/example_branch_operator.py for tasks to queue
[2025-05-30T04:48:15.783+0000] {logging_mixin.py:188} INFO - [2025-05-30T04:48:15.782+0000] {dagbag.py:545} INFO - Filling up the DagBag from /home/airflow/.local/lib/python3.12/site-packages/airflow/example_dags/example_branch_operator.py
[2025-05-30T04:48:15.810+0000] {processor.py:840} INFO - DAG(s) 'example_branch_operator' retrieved from /home/airflow/.local/lib/python3.12/site-packages/airflow/example_dags/example_branch_operator.py
[2025-05-30T04:48:15.848+0000] {logging_mixin.py:188} INFO - [2025-05-30T04:48:15.847+0000] {dag.py:3096} INFO - Sync 1 DAGs
[2025-05-30T04:48:15.872+0000] {logging_mixin.py:188} INFO - [2025-05-30T04:48:15.872+0000] {dag.py:3954} INFO - Setting next_dagrun for example_branch_operator to 2025-05-29 00:00:00+00:00, run_after=2025-05-30 00:00:00+00:00
[2025-05-30T04:48:15.900+0000] {processor.py:183} INFO - Processing /home/airflow/.local/lib/python3.12/site-packages/airflow/example_dags/example_branch_operator.py took 0.127 seconds
[2025-05-30T04:48:46.240+0000] {processor.py:161} INFO - Started process (PID=4616) to work on /home/airflow/.local/lib/python3.12/site-packages/airflow/example_dags/example_branch_operator.py
[2025-05-30T04:48:46.241+0000] {processor.py:830} INFO - Processing file /home/airflow/.local/lib/python3.12/site-packages/airflow/example_dags/example_branch_operator.py for tasks to queue
[2025-05-30T04:48:46.243+0000] {logging_mixin.py:188} INFO - [2025-05-30T04:48:46.243+0000] {dagbag.py:545} INFO - Filling up the DagBag from /home/airflow/.local/lib/python3.12/site-packages/airflow/example_dags/example_branch_operator.py
[2025-05-30T04:48:46.272+0000] {processor.py:840} INFO - DAG(s) 'example_branch_operator' retrieved from /home/airflow/.local/lib/python3.12/site-packages/airflow/example_dags/example_branch_operator.py
[2025-05-30T04:48:46.304+0000] {logging_mixin.py:188} INFO - [2025-05-30T04:48:46.304+0000] {dag.py:3096} INFO - Sync 1 DAGs
[2025-05-30T04:48:46.334+0000] {logging_mixin.py:188} INFO - [2025-05-30T04:48:46.334+0000] {dag.py:3954} INFO - Setting next_dagrun for example_branch_operator to 2025-05-29 00:00:00+00:00, run_after=2025-05-30 00:00:00+00:00
[2025-05-30T04:48:46.363+0000] {processor.py:183} INFO - Processing /home/airflow/.local/lib/python3.12/site-packages/airflow/example_dags/example_branch_operator.py took 0.129 seconds
[2025-05-30T04:49:16.624+0000] {processor.py:161} INFO - Started process (PID=4889) to work on /home/airflow/.local/lib/python3.12/site-packages/airflow/example_dags/example_branch_operator.py
[2025-05-30T04:49:16.625+0000] {processor.py:830} INFO - Processing file /home/airflow/.local/lib/python3.12/site-packages/airflow/example_dags/example_branch_operator.py for tasks to queue
[2025-05-30T04:49:16.627+0000] {logging_mixin.py:188} INFO - [2025-05-30T04:49:16.627+0000] {dagbag.py:545} INFO - Filling up the DagBag from /home/airflow/.local/lib/python3.12/site-packages/airflow/example_dags/example_branch_operator.py
[2025-05-30T04:49:16.653+0000] {processor.py:840} INFO - DAG(s) 'example_branch_operator' retrieved from /home/airflow/.local/lib/python3.12/site-packages/airflow/example_dags/example_branch_operator.py
[2025-05-30T04:49:16.675+0000] {logging_mixin.py:188} INFO - [2025-05-30T04:49:16.675+0000] {dag.py:3096} INFO - Sync 1 DAGs
[2025-05-30T04:49:16.696+0000] {logging_mixin.py:188} INFO - [2025-05-30T04:49:16.696+0000] {dag.py:3954} INFO - Setting next_dagrun for example_branch_operator to 2025-05-29 00:00:00+00:00, run_after=2025-05-30 00:00:00+00:00
[2025-05-30T04:49:16.715+0000] {processor.py:183} INFO - Processing /home/airflow/.local/lib/python3.12/site-packages/airflow/example_dags/example_branch_operator.py took 0.097 seconds
[2025-05-30T05:20:45.047+0000] {processor.py:161} INFO - Started process (PID=5185) to work on /home/airflow/.local/lib/python3.12/site-packages/airflow/example_dags/example_branch_operator.py
[2025-05-30T05:20:45.048+0000] {processor.py:830} INFO - Processing file /home/airflow/.local/lib/python3.12/site-packages/airflow/example_dags/example_branch_operator.py for tasks to queue
[2025-05-30T05:20:45.050+0000] {logging_mixin.py:188} INFO - [2025-05-30T05:20:45.050+0000] {dagbag.py:545} INFO - Filling up the DagBag from /home/airflow/.local/lib/python3.12/site-packages/airflow/example_dags/example_branch_operator.py
[2025-05-30T05:20:45.072+0000] {processor.py:840} INFO - DAG(s) 'example_branch_operator' retrieved from /home/airflow/.local/lib/python3.12/site-packages/airflow/example_dags/example_branch_operator.py
[2025-05-30T05:20:45.114+0000] {logging_mixin.py:188} INFO - [2025-05-30T05:20:45.113+0000] {dag.py:3096} INFO - Sync 1 DAGs
[2025-05-30T05:20:45.145+0000] {logging_mixin.py:188} INFO - [2025-05-30T05:20:45.145+0000] {dag.py:3954} INFO - Setting next_dagrun for example_branch_operator to 2025-05-29 00:00:00+00:00, run_after=2025-05-30 00:00:00+00:00
[2025-05-30T05:20:45.164+0000] {processor.py:183} INFO - Processing /home/airflow/.local/lib/python3.12/site-packages/airflow/example_dags/example_branch_operator.py took 0.122 seconds
[2025-05-30T05:21:16.006+0000] {processor.py:161} INFO - Started process (PID=5458) to work on /home/airflow/.local/lib/python3.12/site-packages/airflow/example_dags/example_branch_operator.py
[2025-05-30T05:21:16.007+0000] {processor.py:830} INFO - Processing file /home/airflow/.local/lib/python3.12/site-packages/airflow/example_dags/example_branch_operator.py for tasks to queue
[2025-05-30T05:21:16.009+0000] {logging_mixin.py:188} INFO - [2025-05-30T05:21:16.009+0000] {dagbag.py:545} INFO - Filling up the DagBag from /home/airflow/.local/lib/python3.12/site-packages/airflow/example_dags/example_branch_operator.py
[2025-05-30T05:21:16.029+0000] {processor.py:840} INFO - DAG(s) 'example_branch_operator' retrieved from /home/airflow/.local/lib/python3.12/site-packages/airflow/example_dags/example_branch_operator.py
[2025-05-30T05:21:16.051+0000] {logging_mixin.py:188} INFO - [2025-05-30T05:21:16.051+0000] {dag.py:3096} INFO - Sync 1 DAGs
[2025-05-30T05:21:16.071+0000] {logging_mixin.py:188} INFO - [2025-05-30T05:21:16.071+0000] {dag.py:3954} INFO - Setting next_dagrun for example_branch_operator to 2025-05-29 00:00:00+00:00, run_after=2025-05-30 00:00:00+00:00
[2025-05-30T05:21:16.221+0000] {processor.py:183} INFO - Processing /home/airflow/.local/lib/python3.12/site-packages/airflow/example_dags/example_branch_operator.py took 0.221 seconds
[2025-05-30T05:21:46.525+0000] {processor.py:161} INFO - Started process (PID=5731) to work on /home/airflow/.local/lib/python3.12/site-packages/airflow/example_dags/example_branch_operator.py
[2025-05-30T05:21:46.526+0000] {processor.py:830} INFO - Processing file /home/airflow/.local/lib/python3.12/site-packages/airflow/example_dags/example_branch_operator.py for tasks to queue
[2025-05-30T05:21:46.528+0000] {logging_mixin.py:188} INFO - [2025-05-30T05:21:46.527+0000] {dagbag.py:545} INFO - Filling up the DagBag from /home/airflow/.local/lib/python3.12/site-packages/airflow/example_dags/example_branch_operator.py
[2025-05-30T05:21:46.552+0000] {processor.py:840} INFO - DAG(s) 'example_branch_operator' retrieved from /home/airflow/.local/lib/python3.12/site-packages/airflow/example_dags/example_branch_operator.py
[2025-05-30T05:21:46.580+0000] {logging_mixin.py:188} INFO - [2025-05-30T05:21:46.580+0000] {dag.py:3096} INFO - Sync 1 DAGs
[2025-05-30T05:21:46.604+0000] {logging_mixin.py:188} INFO - [2025-05-30T05:21:46.604+0000] {dag.py:3954} INFO - Setting next_dagrun for example_branch_operator to 2025-05-29 00:00:00+00:00, run_after=2025-05-30 00:00:00+00:00
[2025-05-30T05:21:46.626+0000] {processor.py:183} INFO - Processing /home/airflow/.local/lib/python3.12/site-packages/airflow/example_dags/example_branch_operator.py took 0.106 seconds
[2025-05-30T05:22:17.587+0000] {processor.py:161} INFO - Started process (PID=6004) to work on /home/airflow/.local/lib/python3.12/site-packages/airflow/example_dags/example_branch_operator.py
[2025-05-30T05:22:17.588+0000] {processor.py:830} INFO - Processing file /home/airflow/.local/lib/python3.12/site-packages/airflow/example_dags/example_branch_operator.py for tasks to queue
[2025-05-30T05:22:17.590+0000] {logging_mixin.py:188} INFO - [2025-05-30T05:22:17.590+0000] {dagbag.py:545} INFO - Filling up the DagBag from /home/airflow/.local/lib/python3.12/site-packages/airflow/example_dags/example_branch_operator.py
[2025-05-30T05:22:17.613+0000] {processor.py:840} INFO - DAG(s) 'example_branch_operator' retrieved from /home/airflow/.local/lib/python3.12/site-packages/airflow/example_dags/example_branch_operator.py
[2025-05-30T05:22:17.640+0000] {logging_mixin.py:188} INFO - [2025-05-30T05:22:17.640+0000] {dag.py:3096} INFO - Sync 1 DAGs
[2025-05-30T05:22:17.660+0000] {logging_mixin.py:188} INFO - [2025-05-30T05:22:17.660+0000] {dag.py:3954} INFO - Setting next_dagrun for example_branch_operator to 2025-05-29 00:00:00+00:00, run_after=2025-05-30 00:00:00+00:00
[2025-05-30T05:22:17.689+0000] {processor.py:183} INFO - Processing /home/airflow/.local/lib/python3.12/site-packages/airflow/example_dags/example_branch_operator.py took 0.110 seconds
[2025-05-30T05:22:48.906+0000] {processor.py:161} INFO - Started process (PID=6277) to work on /home/airflow/.local/lib/python3.12/site-packages/airflow/example_dags/example_branch_operator.py
[2025-05-30T05:22:48.907+0000] {processor.py:830} INFO - Processing file /home/airflow/.local/lib/python3.12/site-packages/airflow/example_dags/example_branch_operator.py for tasks to queue
[2025-05-30T05:22:48.909+0000] {logging_mixin.py:188} INFO - [2025-05-30T05:22:48.909+0000] {dagbag.py:545} INFO - Filling up the DagBag from /home/airflow/.local/lib/python3.12/site-packages/airflow/example_dags/example_branch_operator.py
[2025-05-30T05:22:48.937+0000] {processor.py:840} INFO - DAG(s) 'example_branch_operator' retrieved from /home/airflow/.local/lib/python3.12/site-packages/airflow/example_dags/example_branch_operator.py
[2025-05-30T05:22:48.970+0000] {logging_mixin.py:188} INFO - [2025-05-30T05:22:48.970+0000] {dag.py:3096} INFO - Sync 1 DAGs
[2025-05-30T05:22:48.989+0000] {logging_mixin.py:188} INFO - [2025-05-30T05:22:48.989+0000] {dag.py:3954} INFO - Setting next_dagrun for example_branch_operator to 2025-05-29 00:00:00+00:00, run_after=2025-05-30 00:00:00+00:00
[2025-05-30T05:22:49.007+0000] {processor.py:183} INFO - Processing /home/airflow/.local/lib/python3.12/site-packages/airflow/example_dags/example_branch_operator.py took 0.108 seconds
[2025-05-30T05:23:20.310+0000] {processor.py:161} INFO - Started process (PID=6550) to work on /home/airflow/.local/lib/python3.12/site-packages/airflow/example_dags/example_branch_operator.py
[2025-05-30T05:23:20.310+0000] {processor.py:830} INFO - Processing file /home/airflow/.local/lib/python3.12/site-packages/airflow/example_dags/example_branch_operator.py for tasks to queue
[2025-05-30T05:23:20.312+0000] {logging_mixin.py:188} INFO - [2025-05-30T05:23:20.312+0000] {dagbag.py:545} INFO - Filling up the DagBag from /home/airflow/.local/lib/python3.12/site-packages/airflow/example_dags/example_branch_operator.py
[2025-05-30T05:23:20.336+0000] {processor.py:840} INFO - DAG(s) 'example_branch_operator' retrieved from /home/airflow/.local/lib/python3.12/site-packages/airflow/example_dags/example_branch_operator.py
[2025-05-30T05:23:20.363+0000] {logging_mixin.py:188} INFO - [2025-05-30T05:23:20.363+0000] {dag.py:3096} INFO - Sync 1 DAGs
[2025-05-30T05:23:20.500+0000] {logging_mixin.py:188} INFO - [2025-05-30T05:23:20.500+0000] {dag.py:3954} INFO - Setting next_dagrun for example_branch_operator to 2025-05-29 00:00:00+00:00, run_after=2025-05-30 00:00:00+00:00
[2025-05-30T05:23:20.525+0000] {processor.py:183} INFO - Processing /home/airflow/.local/lib/python3.12/site-packages/airflow/example_dags/example_branch_operator.py took 0.221 seconds
[2025-05-30T05:23:51.255+0000] {processor.py:161} INFO - Started process (PID=6823) to work on /home/airflow/.local/lib/python3.12/site-packages/airflow/example_dags/example_branch_operator.py
[2025-05-30T05:23:51.255+0000] {processor.py:830} INFO - Processing file /home/airflow/.local/lib/python3.12/site-packages/airflow/example_dags/example_branch_operator.py for tasks to queue
[2025-05-30T05:23:51.257+0000] {logging_mixin.py:188} INFO - [2025-05-30T05:23:51.257+0000] {dagbag.py:545} INFO - Filling up the DagBag from /home/airflow/.local/lib/python3.12/site-packages/airflow/example_dags/example_branch_operator.py
[2025-05-30T05:23:51.277+0000] {processor.py:840} INFO - DAG(s) 'example_branch_operator' retrieved from /home/airflow/.local/lib/python3.12/site-packages/airflow/example_dags/example_branch_operator.py
[2025-05-30T05:23:51.300+0000] {logging_mixin.py:188} INFO - [2025-05-30T05:23:51.300+0000] {dag.py:3096} INFO - Sync 1 DAGs
[2025-05-30T05:23:51.321+0000] {logging_mixin.py:188} INFO - [2025-05-30T05:23:51.321+0000] {dag.py:3954} INFO - Setting next_dagrun for example_branch_operator to 2025-05-29 00:00:00+00:00, run_after=2025-05-30 00:00:00+00:00
[2025-05-30T05:23:51.459+0000] {processor.py:183} INFO - Processing /home/airflow/.local/lib/python3.12/site-packages/airflow/example_dags/example_branch_operator.py took 0.209 seconds
[2025-05-30T05:24:22.262+0000] {processor.py:161} INFO - Started process (PID=7096) to work on /home/airflow/.local/lib/python3.12/site-packages/airflow/example_dags/example_branch_operator.py
[2025-05-30T05:24:22.263+0000] {processor.py:830} INFO - Processing file /home/airflow/.local/lib/python3.12/site-packages/airflow/example_dags/example_branch_operator.py for tasks to queue
[2025-05-30T05:24:22.265+0000] {logging_mixin.py:188} INFO - [2025-05-30T05:24:22.264+0000] {dagbag.py:545} INFO - Filling up the DagBag from /home/airflow/.local/lib/python3.12/site-packages/airflow/example_dags/example_branch_operator.py
[2025-05-30T05:24:22.288+0000] {processor.py:840} INFO - DAG(s) 'example_branch_operator' retrieved from /home/airflow/.local/lib/python3.12/site-packages/airflow/example_dags/example_branch_operator.py
[2025-05-30T05:24:22.317+0000] {logging_mixin.py:188} INFO - [2025-05-30T05:24:22.317+0000] {dag.py:3096} INFO - Sync 1 DAGs
[2025-05-30T05:24:22.343+0000] {logging_mixin.py:188} INFO - [2025-05-30T05:24:22.342+0000] {dag.py:3954} INFO - Setting next_dagrun for example_branch_operator to 2025-05-29 00:00:00+00:00, run_after=2025-05-30 00:00:00+00:00
[2025-05-30T05:24:22.362+0000] {processor.py:183} INFO - Processing /home/airflow/.local/lib/python3.12/site-packages/airflow/example_dags/example_branch_operator.py took 0.107 seconds
[2025-05-30T05:24:53.165+0000] {processor.py:161} INFO - Started process (PID=7369) to work on /home/airflow/.local/lib/python3.12/site-packages/airflow/example_dags/example_branch_operator.py
[2025-05-30T05:24:53.166+0000] {processor.py:830} INFO - Processing file /home/airflow/.local/lib/python3.12/site-packages/airflow/example_dags/example_branch_operator.py for tasks to queue
[2025-05-30T05:24:53.167+0000] {logging_mixin.py:188} INFO - [2025-05-30T05:24:53.167+0000] {dagbag.py:545} INFO - Filling up the DagBag from /home/airflow/.local/lib/python3.12/site-packages/airflow/example_dags/example_branch_operator.py
[2025-05-30T05:24:53.188+0000] {processor.py:840} INFO - DAG(s) 'example_branch_operator' retrieved from /home/airflow/.local/lib/python3.12/site-packages/airflow/example_dags/example_branch_operator.py
[2025-05-30T05:24:53.216+0000] {logging_mixin.py:188} INFO - [2025-05-30T05:24:53.215+0000] {dag.py:3096} INFO - Sync 1 DAGs
[2025-05-30T05:24:53.238+0000] {logging_mixin.py:188} INFO - [2025-05-30T05:24:53.238+0000] {dag.py:3954} INFO - Setting next_dagrun for example_branch_operator to 2025-05-29 00:00:00+00:00, run_after=2025-05-30 00:00:00+00:00
[2025-05-30T05:24:53.254+0000] {processor.py:183} INFO - Processing /home/airflow/.local/lib/python3.12/site-packages/airflow/example_dags/example_branch_operator.py took 0.095 seconds
[2025-05-30T05:25:23.643+0000] {processor.py:161} INFO - Started process (PID=7642) to work on /home/airflow/.local/lib/python3.12/site-packages/airflow/example_dags/example_branch_operator.py
[2025-05-30T05:25:23.645+0000] {processor.py:830} INFO - Processing file /home/airflow/.local/lib/python3.12/site-packages/airflow/example_dags/example_branch_operator.py for tasks to queue
[2025-05-30T05:25:23.647+0000] {logging_mixin.py:188} INFO - [2025-05-30T05:25:23.647+0000] {dagbag.py:545} INFO - Filling up the DagBag from /home/airflow/.local/lib/python3.12/site-packages/airflow/example_dags/example_branch_operator.py
[2025-05-30T05:25:23.672+0000] {processor.py:840} INFO - DAG(s) 'example_branch_operator' retrieved from /home/airflow/.local/lib/python3.12/site-packages/airflow/example_dags/example_branch_operator.py
[2025-05-30T05:25:23.702+0000] {logging_mixin.py:188} INFO - [2025-05-30T05:25:23.702+0000] {dag.py:3096} INFO - Sync 1 DAGs
[2025-05-30T05:25:23.737+0000] {logging_mixin.py:188} INFO - [2025-05-30T05:25:23.737+0000] {dag.py:3954} INFO - Setting next_dagrun for example_branch_operator to 2025-05-29 00:00:00+00:00, run_after=2025-05-30 00:00:00+00:00
[2025-05-30T05:25:23.761+0000] {processor.py:183} INFO - Processing /home/airflow/.local/lib/python3.12/site-packages/airflow/example_dags/example_branch_operator.py took 0.126 seconds
[2025-05-30T05:25:54.406+0000] {processor.py:161} INFO - Started process (PID=7915) to work on /home/airflow/.local/lib/python3.12/site-packages/airflow/example_dags/example_branch_operator.py
[2025-05-30T05:25:54.406+0000] {processor.py:830} INFO - Processing file /home/airflow/.local/lib/python3.12/site-packages/airflow/example_dags/example_branch_operator.py for tasks to queue
[2025-05-30T05:25:54.409+0000] {logging_mixin.py:188} INFO - [2025-05-30T05:25:54.408+0000] {dagbag.py:545} INFO - Filling up the DagBag from /home/airflow/.local/lib/python3.12/site-packages/airflow/example_dags/example_branch_operator.py
[2025-05-30T05:25:54.430+0000] {processor.py:840} INFO - DAG(s) 'example_branch_operator' retrieved from /home/airflow/.local/lib/python3.12/site-packages/airflow/example_dags/example_branch_operator.py
[2025-05-30T05:25:54.455+0000] {logging_mixin.py:188} INFO - [2025-05-30T05:25:54.454+0000] {dag.py:3096} INFO - Sync 1 DAGs
[2025-05-30T05:25:54.480+0000] {logging_mixin.py:188} INFO - [2025-05-30T05:25:54.480+0000] {dag.py:3954} INFO - Setting next_dagrun for example_branch_operator to 2025-05-29 00:00:00+00:00, run_after=2025-05-30 00:00:00+00:00
[2025-05-30T05:25:54.497+0000] {processor.py:183} INFO - Processing /home/airflow/.local/lib/python3.12/site-packages/airflow/example_dags/example_branch_operator.py took 0.096 seconds
[2025-05-30T05:26:24.913+0000] {processor.py:161} INFO - Started process (PID=8188) to work on /home/airflow/.local/lib/python3.12/site-packages/airflow/example_dags/example_branch_operator.py
[2025-05-30T05:26:24.914+0000] {processor.py:830} INFO - Processing file /home/airflow/.local/lib/python3.12/site-packages/airflow/example_dags/example_branch_operator.py for tasks to queue
[2025-05-30T05:26:24.915+0000] {logging_mixin.py:188} INFO - [2025-05-30T05:26:24.915+0000] {dagbag.py:545} INFO - Filling up the DagBag from /home/airflow/.local/lib/python3.12/site-packages/airflow/example_dags/example_branch_operator.py
[2025-05-30T05:26:24.936+0000] {processor.py:840} INFO - DAG(s) 'example_branch_operator' retrieved from /home/airflow/.local/lib/python3.12/site-packages/airflow/example_dags/example_branch_operator.py
[2025-05-30T05:26:24.961+0000] {logging_mixin.py:188} INFO - [2025-05-30T05:26:24.961+0000] {dag.py:3096} INFO - Sync 1 DAGs
[2025-05-30T05:26:24.984+0000] {logging_mixin.py:188} INFO - [2025-05-30T05:26:24.984+0000] {dag.py:3954} INFO - Setting next_dagrun for example_branch_operator to 2025-05-29 00:00:00+00:00, run_after=2025-05-30 00:00:00+00:00
[2025-05-30T05:26:25.004+0000] {processor.py:183} INFO - Processing /home/airflow/.local/lib/python3.12/site-packages/airflow/example_dags/example_branch_operator.py took 0.097 seconds
[2025-05-30T05:26:55.601+0000] {processor.py:161} INFO - Started process (PID=8460) to work on /home/airflow/.local/lib/python3.12/site-packages/airflow/example_dags/example_branch_operator.py
[2025-05-30T05:26:55.602+0000] {processor.py:830} INFO - Processing file /home/airflow/.local/lib/python3.12/site-packages/airflow/example_dags/example_branch_operator.py for tasks to queue
[2025-05-30T05:26:55.604+0000] {logging_mixin.py:188} INFO - [2025-05-30T05:26:55.603+0000] {dagbag.py:545} INFO - Filling up the DagBag from /home/airflow/.local/lib/python3.12/site-packages/airflow/example_dags/example_branch_operator.py
[2025-05-30T05:26:55.624+0000] {processor.py:840} INFO - DAG(s) 'example_branch_operator' retrieved from /home/airflow/.local/lib/python3.12/site-packages/airflow/example_dags/example_branch_operator.py
[2025-05-30T05:26:55.650+0000] {logging_mixin.py:188} INFO - [2025-05-30T05:26:55.650+0000] {dag.py:3096} INFO - Sync 1 DAGs
[2025-05-30T05:26:55.675+0000] {logging_mixin.py:188} INFO - [2025-05-30T05:26:55.675+0000] {dag.py:3954} INFO - Setting next_dagrun for example_branch_operator to 2025-05-29 00:00:00+00:00, run_after=2025-05-30 00:00:00+00:00
[2025-05-30T05:26:55.694+0000] {processor.py:183} INFO - Processing /home/airflow/.local/lib/python3.12/site-packages/airflow/example_dags/example_branch_operator.py took 0.098 seconds
[2025-05-30T05:27:26.458+0000] {processor.py:161} INFO - Started process (PID=8733) to work on /home/airflow/.local/lib/python3.12/site-packages/airflow/example_dags/example_branch_operator.py
[2025-05-30T05:27:26.459+0000] {processor.py:830} INFO - Processing file /home/airflow/.local/lib/python3.12/site-packages/airflow/example_dags/example_branch_operator.py for tasks to queue
[2025-05-30T05:27:26.462+0000] {logging_mixin.py:188} INFO - [2025-05-30T05:27:26.461+0000] {dagbag.py:545} INFO - Filling up the DagBag from /home/airflow/.local/lib/python3.12/site-packages/airflow/example_dags/example_branch_operator.py
[2025-05-30T05:27:26.490+0000] {processor.py:840} INFO - DAG(s) 'example_branch_operator' retrieved from /home/airflow/.local/lib/python3.12/site-packages/airflow/example_dags/example_branch_operator.py
[2025-05-30T05:27:26.526+0000] {logging_mixin.py:188} INFO - [2025-05-30T05:27:26.526+0000] {dag.py:3096} INFO - Sync 1 DAGs
[2025-05-30T05:27:26.555+0000] {logging_mixin.py:188} INFO - [2025-05-30T05:27:26.554+0000] {dag.py:3954} INFO - Setting next_dagrun for example_branch_operator to 2025-05-29 00:00:00+00:00, run_after=2025-05-30 00:00:00+00:00
[2025-05-30T05:27:26.575+0000] {processor.py:183} INFO - Processing /home/airflow/.local/lib/python3.12/site-packages/airflow/example_dags/example_branch_operator.py took 0.124 seconds
[2025-05-30T05:27:57.248+0000] {processor.py:161} INFO - Started process (PID=9006) to work on /home/airflow/.local/lib/python3.12/site-packages/airflow/example_dags/example_branch_operator.py
[2025-05-30T05:27:57.249+0000] {processor.py:830} INFO - Processing file /home/airflow/.local/lib/python3.12/site-packages/airflow/example_dags/example_branch_operator.py for tasks to queue
[2025-05-30T05:27:57.251+0000] {logging_mixin.py:188} INFO - [2025-05-30T05:27:57.251+0000] {dagbag.py:545} INFO - Filling up the DagBag from /home/airflow/.local/lib/python3.12/site-packages/airflow/example_dags/example_branch_operator.py
[2025-05-30T05:27:57.280+0000] {processor.py:840} INFO - DAG(s) 'example_branch_operator' retrieved from /home/airflow/.local/lib/python3.12/site-packages/airflow/example_dags/example_branch_operator.py
[2025-05-30T05:27:57.314+0000] {logging_mixin.py:188} INFO - [2025-05-30T05:27:57.314+0000] {dag.py:3096} INFO - Sync 1 DAGs
[2025-05-30T05:27:57.342+0000] {logging_mixin.py:188} INFO - [2025-05-30T05:27:57.342+0000] {dag.py:3954} INFO - Setting next_dagrun for example_branch_operator to 2025-05-29 00:00:00+00:00, run_after=2025-05-30 00:00:00+00:00
[2025-05-30T05:27:57.372+0000] {processor.py:183} INFO - Processing /home/airflow/.local/lib/python3.12/site-packages/airflow/example_dags/example_branch_operator.py took 0.132 seconds
[2025-05-30T05:28:27.877+0000] {processor.py:161} INFO - Started process (PID=9279) to work on /home/airflow/.local/lib/python3.12/site-packages/airflow/example_dags/example_branch_operator.py
[2025-05-30T05:28:27.878+0000] {processor.py:830} INFO - Processing file /home/airflow/.local/lib/python3.12/site-packages/airflow/example_dags/example_branch_operator.py for tasks to queue
[2025-05-30T05:28:27.880+0000] {logging_mixin.py:188} INFO - [2025-05-30T05:28:27.880+0000] {dagbag.py:545} INFO - Filling up the DagBag from /home/airflow/.local/lib/python3.12/site-packages/airflow/example_dags/example_branch_operator.py
[2025-05-30T05:28:27.909+0000] {processor.py:840} INFO - DAG(s) 'example_branch_operator' retrieved from /home/airflow/.local/lib/python3.12/site-packages/airflow/example_dags/example_branch_operator.py
[2025-05-30T05:28:27.939+0000] {logging_mixin.py:188} INFO - [2025-05-30T05:28:27.939+0000] {dag.py:3096} INFO - Sync 1 DAGs
[2025-05-30T05:28:27.960+0000] {logging_mixin.py:188} INFO - [2025-05-30T05:28:27.960+0000] {dag.py:3954} INFO - Setting next_dagrun for example_branch_operator to 2025-05-29 00:00:00+00:00, run_after=2025-05-30 00:00:00+00:00
[2025-05-30T05:28:27.982+0000] {processor.py:183} INFO - Processing /home/airflow/.local/lib/python3.12/site-packages/airflow/example_dags/example_branch_operator.py took 0.112 seconds
[2025-05-30T05:28:58.269+0000] {processor.py:161} INFO - Started process (PID=9551) to work on /home/airflow/.local/lib/python3.12/site-packages/airflow/example_dags/example_branch_operator.py
[2025-05-30T05:28:58.271+0000] {processor.py:830} INFO - Processing file /home/airflow/.local/lib/python3.12/site-packages/airflow/example_dags/example_branch_operator.py for tasks to queue
[2025-05-30T05:28:58.279+0000] {logging_mixin.py:188} INFO - [2025-05-30T05:28:58.278+0000] {dagbag.py:545} INFO - Filling up the DagBag from /home/airflow/.local/lib/python3.12/site-packages/airflow/example_dags/example_branch_operator.py
[2025-05-30T05:28:58.324+0000] {processor.py:840} INFO - DAG(s) 'example_branch_operator' retrieved from /home/airflow/.local/lib/python3.12/site-packages/airflow/example_dags/example_branch_operator.py
[2025-05-30T05:28:58.365+0000] {logging_mixin.py:188} INFO - [2025-05-30T05:28:58.365+0000] {dag.py:3096} INFO - Sync 1 DAGs
[2025-05-30T05:28:58.387+0000] {logging_mixin.py:188} INFO - [2025-05-30T05:28:58.386+0000] {dag.py:3954} INFO - Setting next_dagrun for example_branch_operator to 2025-05-29 00:00:00+00:00, run_after=2025-05-30 00:00:00+00:00
[2025-05-30T05:28:58.404+0000] {processor.py:183} INFO - Processing /home/airflow/.local/lib/python3.12/site-packages/airflow/example_dags/example_branch_operator.py took 0.146 seconds
[2025-05-30T05:29:28.457+0000] {processor.py:161} INFO - Started process (PID=9821) to work on /home/airflow/.local/lib/python3.12/site-packages/airflow/example_dags/example_branch_operator.py
[2025-05-30T05:29:28.457+0000] {processor.py:830} INFO - Processing file /home/airflow/.local/lib/python3.12/site-packages/airflow/example_dags/example_branch_operator.py for tasks to queue
[2025-05-30T05:29:28.459+0000] {logging_mixin.py:188} INFO - [2025-05-30T05:29:28.459+0000] {dagbag.py:545} INFO - Filling up the DagBag from /home/airflow/.local/lib/python3.12/site-packages/airflow/example_dags/example_branch_operator.py
[2025-05-30T05:29:28.478+0000] {processor.py:840} INFO - DAG(s) 'example_branch_operator' retrieved from /home/airflow/.local/lib/python3.12/site-packages/airflow/example_dags/example_branch_operator.py
[2025-05-30T05:29:28.511+0000] {logging_mixin.py:188} INFO - [2025-05-30T05:29:28.511+0000] {dag.py:3096} INFO - Sync 1 DAGs
[2025-05-30T05:29:28.531+0000] {logging_mixin.py:188} INFO - [2025-05-30T05:29:28.530+0000] {dag.py:3954} INFO - Setting next_dagrun for example_branch_operator to 2025-05-29 00:00:00+00:00, run_after=2025-05-30 00:00:00+00:00
[2025-05-30T05:29:28.549+0000] {processor.py:183} INFO - Processing /home/airflow/.local/lib/python3.12/site-packages/airflow/example_dags/example_branch_operator.py took 0.098 seconds
[2025-05-30T05:29:58.775+0000] {processor.py:161} INFO - Started process (PID=10092) to work on /home/airflow/.local/lib/python3.12/site-packages/airflow/example_dags/example_branch_operator.py
[2025-05-30T05:29:58.776+0000] {processor.py:830} INFO - Processing file /home/airflow/.local/lib/python3.12/site-packages/airflow/example_dags/example_branch_operator.py for tasks to queue
[2025-05-30T05:29:58.778+0000] {logging_mixin.py:188} INFO - [2025-05-30T05:29:58.777+0000] {dagbag.py:545} INFO - Filling up the DagBag from /home/airflow/.local/lib/python3.12/site-packages/airflow/example_dags/example_branch_operator.py
[2025-05-30T05:29:58.796+0000] {processor.py:840} INFO - DAG(s) 'example_branch_operator' retrieved from /home/airflow/.local/lib/python3.12/site-packages/airflow/example_dags/example_branch_operator.py
[2025-05-30T05:29:58.819+0000] {logging_mixin.py:188} INFO - [2025-05-30T05:29:58.819+0000] {dag.py:3096} INFO - Sync 1 DAGs
[2025-05-30T05:29:58.843+0000] {logging_mixin.py:188} INFO - [2025-05-30T05:29:58.842+0000] {dag.py:3954} INFO - Setting next_dagrun for example_branch_operator to 2025-05-29 00:00:00+00:00, run_after=2025-05-30 00:00:00+00:00
[2025-05-30T05:29:58.860+0000] {processor.py:183} INFO - Processing /home/airflow/.local/lib/python3.12/site-packages/airflow/example_dags/example_branch_operator.py took 0.090 seconds
[2025-05-30T05:30:28.961+0000] {processor.py:161} INFO - Started process (PID=10364) to work on /home/airflow/.local/lib/python3.12/site-packages/airflow/example_dags/example_branch_operator.py
[2025-05-30T05:30:28.962+0000] {processor.py:830} INFO - Processing file /home/airflow/.local/lib/python3.12/site-packages/airflow/example_dags/example_branch_operator.py for tasks to queue
[2025-05-30T05:30:28.964+0000] {logging_mixin.py:188} INFO - [2025-05-30T05:30:28.963+0000] {dagbag.py:545} INFO - Filling up the DagBag from /home/airflow/.local/lib/python3.12/site-packages/airflow/example_dags/example_branch_operator.py
[2025-05-30T05:30:28.982+0000] {processor.py:840} INFO - DAG(s) 'example_branch_operator' retrieved from /home/airflow/.local/lib/python3.12/site-packages/airflow/example_dags/example_branch_operator.py
[2025-05-30T05:30:29.004+0000] {logging_mixin.py:188} INFO - [2025-05-30T05:30:29.004+0000] {dag.py:3096} INFO - Sync 1 DAGs
[2025-05-30T05:30:29.023+0000] {logging_mixin.py:188} INFO - [2025-05-30T05:30:29.023+0000] {dag.py:3954} INFO - Setting next_dagrun for example_branch_operator to 2025-05-29 00:00:00+00:00, run_after=2025-05-30 00:00:00+00:00
[2025-05-30T05:30:29.038+0000] {processor.py:183} INFO - Processing /home/airflow/.local/lib/python3.12/site-packages/airflow/example_dags/example_branch_operator.py took 0.082 seconds
[2025-05-30T05:30:59.295+0000] {processor.py:161} INFO - Started process (PID=10637) to work on /home/airflow/.local/lib/python3.12/site-packages/airflow/example_dags/example_branch_operator.py
[2025-05-30T05:30:59.296+0000] {processor.py:830} INFO - Processing file /home/airflow/.local/lib/python3.12/site-packages/airflow/example_dags/example_branch_operator.py for tasks to queue
[2025-05-30T05:30:59.298+0000] {logging_mixin.py:188} INFO - [2025-05-30T05:30:59.297+0000] {dagbag.py:545} INFO - Filling up the DagBag from /home/airflow/.local/lib/python3.12/site-packages/airflow/example_dags/example_branch_operator.py
[2025-05-30T05:30:59.329+0000] {processor.py:840} INFO - DAG(s) 'example_branch_operator' retrieved from /home/airflow/.local/lib/python3.12/site-packages/airflow/example_dags/example_branch_operator.py
[2025-05-30T05:30:59.371+0000] {logging_mixin.py:188} INFO - [2025-05-30T05:30:59.371+0000] {dag.py:3096} INFO - Sync 1 DAGs
[2025-05-30T05:30:59.402+0000] {logging_mixin.py:188} INFO - [2025-05-30T05:30:59.401+0000] {dag.py:3954} INFO - Setting next_dagrun for example_branch_operator to 2025-05-29 00:00:00+00:00, run_after=2025-05-30 00:00:00+00:00
[2025-05-30T05:30:59.434+0000] {processor.py:183} INFO - Processing /home/airflow/.local/lib/python3.12/site-packages/airflow/example_dags/example_branch_operator.py took 0.148 seconds
[2025-05-30T05:31:29.470+0000] {processor.py:161} INFO - Started process (PID=10910) to work on /home/airflow/.local/lib/python3.12/site-packages/airflow/example_dags/example_branch_operator.py
[2025-05-30T05:31:29.471+0000] {processor.py:830} INFO - Processing file /home/airflow/.local/lib/python3.12/site-packages/airflow/example_dags/example_branch_operator.py for tasks to queue
[2025-05-30T05:31:29.473+0000] {logging_mixin.py:188} INFO - [2025-05-30T05:31:29.473+0000] {dagbag.py:545} INFO - Filling up the DagBag from /home/airflow/.local/lib/python3.12/site-packages/airflow/example_dags/example_branch_operator.py
[2025-05-30T05:31:29.494+0000] {processor.py:840} INFO - DAG(s) 'example_branch_operator' retrieved from /home/airflow/.local/lib/python3.12/site-packages/airflow/example_dags/example_branch_operator.py
[2025-05-30T05:31:29.518+0000] {logging_mixin.py:188} INFO - [2025-05-30T05:31:29.518+0000] {dag.py:3096} INFO - Sync 1 DAGs
[2025-05-30T05:31:29.539+0000] {logging_mixin.py:188} INFO - [2025-05-30T05:31:29.539+0000] {dag.py:3954} INFO - Setting next_dagrun for example_branch_operator to 2025-05-29 00:00:00+00:00, run_after=2025-05-30 00:00:00+00:00
[2025-05-30T05:31:29.556+0000] {processor.py:183} INFO - Processing /home/airflow/.local/lib/python3.12/site-packages/airflow/example_dags/example_branch_operator.py took 0.091 seconds
[2025-05-30T05:31:59.746+0000] {processor.py:161} INFO - Started process (PID=11183) to work on /home/airflow/.local/lib/python3.12/site-packages/airflow/example_dags/example_branch_operator.py
[2025-05-30T05:31:59.747+0000] {processor.py:830} INFO - Processing file /home/airflow/.local/lib/python3.12/site-packages/airflow/example_dags/example_branch_operator.py for tasks to queue
[2025-05-30T05:31:59.749+0000] {logging_mixin.py:188} INFO - [2025-05-30T05:31:59.749+0000] {dagbag.py:545} INFO - Filling up the DagBag from /home/airflow/.local/lib/python3.12/site-packages/airflow/example_dags/example_branch_operator.py
[2025-05-30T05:31:59.770+0000] {processor.py:840} INFO - DAG(s) 'example_branch_operator' retrieved from /home/airflow/.local/lib/python3.12/site-packages/airflow/example_dags/example_branch_operator.py
[2025-05-30T05:31:59.795+0000] {logging_mixin.py:188} INFO - [2025-05-30T05:31:59.795+0000] {dag.py:3096} INFO - Sync 1 DAGs
[2025-05-30T05:31:59.823+0000] {logging_mixin.py:188} INFO - [2025-05-30T05:31:59.822+0000] {dag.py:3954} INFO - Setting next_dagrun for example_branch_operator to 2025-05-29 00:00:00+00:00, run_after=2025-05-30 00:00:00+00:00
[2025-05-30T05:31:59.840+0000] {processor.py:183} INFO - Processing /home/airflow/.local/lib/python3.12/site-packages/airflow/example_dags/example_branch_operator.py took 0.100 seconds
[2025-05-30T05:32:29.976+0000] {processor.py:161} INFO - Started process (PID=11456) to work on /home/airflow/.local/lib/python3.12/site-packages/airflow/example_dags/example_branch_operator.py
[2025-05-30T05:32:29.977+0000] {processor.py:830} INFO - Processing file /home/airflow/.local/lib/python3.12/site-packages/airflow/example_dags/example_branch_operator.py for tasks to queue
[2025-05-30T05:32:29.979+0000] {logging_mixin.py:188} INFO - [2025-05-30T05:32:29.978+0000] {dagbag.py:545} INFO - Filling up the DagBag from /home/airflow/.local/lib/python3.12/site-packages/airflow/example_dags/example_branch_operator.py
[2025-05-30T05:32:30.001+0000] {processor.py:840} INFO - DAG(s) 'example_branch_operator' retrieved from /home/airflow/.local/lib/python3.12/site-packages/airflow/example_dags/example_branch_operator.py
[2025-05-30T05:32:30.025+0000] {logging_mixin.py:188} INFO - [2025-05-30T05:32:30.024+0000] {dag.py:3096} INFO - Sync 1 DAGs
[2025-05-30T05:32:30.046+0000] {logging_mixin.py:188} INFO - [2025-05-30T05:32:30.046+0000] {dag.py:3954} INFO - Setting next_dagrun for example_branch_operator to 2025-05-29 00:00:00+00:00, run_after=2025-05-30 00:00:00+00:00
[2025-05-30T05:32:30.064+0000] {processor.py:183} INFO - Processing /home/airflow/.local/lib/python3.12/site-packages/airflow/example_dags/example_branch_operator.py took 0.093 seconds
[2025-05-30T05:40:01.654+0000] {processor.py:161} INFO - Started process (PID=259) to work on /home/airflow/.local/lib/python3.12/site-packages/airflow/example_dags/example_branch_operator.py
[2025-05-30T05:40:01.655+0000] {processor.py:830} INFO - Processing file /home/airflow/.local/lib/python3.12/site-packages/airflow/example_dags/example_branch_operator.py for tasks to queue
[2025-05-30T05:40:01.658+0000] {logging_mixin.py:188} INFO - [2025-05-30T05:40:01.657+0000] {dagbag.py:545} INFO - Filling up the DagBag from /home/airflow/.local/lib/python3.12/site-packages/airflow/example_dags/example_branch_operator.py
[2025-05-30T05:40:01.693+0000] {processor.py:840} INFO - DAG(s) 'example_branch_operator' retrieved from /home/airflow/.local/lib/python3.12/site-packages/airflow/example_dags/example_branch_operator.py
[2025-05-30T05:40:01.706+0000] {logging_mixin.py:188} INFO - [2025-05-30T05:40:01.706+0000] {dag.py:3096} INFO - Sync 1 DAGs
[2025-05-30T05:40:01.732+0000] {logging_mixin.py:188} INFO - [2025-05-30T05:40:01.731+0000] {dag.py:3954} INFO - Setting next_dagrun for example_branch_operator to 2025-05-29 00:00:00+00:00, run_after=2025-05-30 00:00:00+00:00
[2025-05-30T05:40:01.752+0000] {processor.py:183} INFO - Processing /home/airflow/.local/lib/python3.12/site-packages/airflow/example_dags/example_branch_operator.py took 0.105 seconds
[2025-05-30T05:40:33.593+0000] {processor.py:161} INFO - Started process (PID=532) to work on /home/airflow/.local/lib/python3.12/site-packages/airflow/example_dags/example_branch_operator.py
[2025-05-30T05:40:33.594+0000] {processor.py:830} INFO - Processing file /home/airflow/.local/lib/python3.12/site-packages/airflow/example_dags/example_branch_operator.py for tasks to queue
[2025-05-30T05:40:33.596+0000] {logging_mixin.py:188} INFO - [2025-05-30T05:40:33.596+0000] {dagbag.py:545} INFO - Filling up the DagBag from /home/airflow/.local/lib/python3.12/site-packages/airflow/example_dags/example_branch_operator.py
[2025-05-30T05:40:33.617+0000] {processor.py:840} INFO - DAG(s) 'example_branch_operator' retrieved from /home/airflow/.local/lib/python3.12/site-packages/airflow/example_dags/example_branch_operator.py
[2025-05-30T05:40:33.748+0000] {logging_mixin.py:188} INFO - [2025-05-30T05:40:33.747+0000] {dag.py:3096} INFO - Sync 1 DAGs
[2025-05-30T05:40:33.766+0000] {logging_mixin.py:188} INFO - [2025-05-30T05:40:33.766+0000] {dag.py:3954} INFO - Setting next_dagrun for example_branch_operator to 2025-05-29 00:00:00+00:00, run_after=2025-05-30 00:00:00+00:00
[2025-05-30T05:40:33.786+0000] {processor.py:183} INFO - Processing /home/airflow/.local/lib/python3.12/site-packages/airflow/example_dags/example_branch_operator.py took 0.198 seconds
[2025-05-30T05:41:04.262+0000] {processor.py:161} INFO - Started process (PID=805) to work on /home/airflow/.local/lib/python3.12/site-packages/airflow/example_dags/example_branch_operator.py
[2025-05-30T05:41:04.263+0000] {processor.py:830} INFO - Processing file /home/airflow/.local/lib/python3.12/site-packages/airflow/example_dags/example_branch_operator.py for tasks to queue
[2025-05-30T05:41:04.265+0000] {logging_mixin.py:188} INFO - [2025-05-30T05:41:04.264+0000] {dagbag.py:545} INFO - Filling up the DagBag from /home/airflow/.local/lib/python3.12/site-packages/airflow/example_dags/example_branch_operator.py
[2025-05-30T05:41:04.290+0000] {processor.py:840} INFO - DAG(s) 'example_branch_operator' retrieved from /home/airflow/.local/lib/python3.12/site-packages/airflow/example_dags/example_branch_operator.py
[2025-05-30T05:41:04.319+0000] {logging_mixin.py:188} INFO - [2025-05-30T05:41:04.318+0000] {dag.py:3096} INFO - Sync 1 DAGs
[2025-05-30T05:41:04.340+0000] {logging_mixin.py:188} INFO - [2025-05-30T05:41:04.340+0000] {dag.py:3954} INFO - Setting next_dagrun for example_branch_operator to 2025-05-29 00:00:00+00:00, run_after=2025-05-30 00:00:00+00:00
[2025-05-30T05:41:04.362+0000] {processor.py:183} INFO - Processing /home/airflow/.local/lib/python3.12/site-packages/airflow/example_dags/example_branch_operator.py took 0.107 seconds
