[2025-05-30T04:40:36.559+0000] {processor.py:161} INFO - Started process (PID=348) to work on /home/airflow/.local/lib/python3.12/site-packages/airflow/example_dags/tutorial_objectstorage.py
[2025-05-30T04:40:36.560+0000] {processor.py:830} INFO - Processing file /home/airflow/.local/lib/python3.12/site-packages/airflow/example_dags/tutorial_objectstorage.py for tasks to queue
[2025-05-30T04:40:36.562+0000] {logging_mixin.py:188} INFO - [2025-05-30T04:40:36.561+0000] {dagbag.py:545} INFO - Filling up the DagBag from /home/airflow/.local/lib/python3.12/site-packages/airflow/example_dags/tutorial_objectstorage.py
[2025-05-30T04:40:36.576+0000] {processor.py:840} INFO - DAG(s) 'tutorial_objectstorage' retrieved from /home/airflow/.local/lib/python3.12/site-packages/airflow/example_dags/tutorial_objectstorage.py
[2025-05-30T04:40:36.601+0000] {logging_mixin.py:188} INFO - [2025-05-30T04:40:36.600+0000] {dag.py:3096} INFO - Sync 1 DAGs
[2025-05-30T04:40:36.621+0000] {logging_mixin.py:188} INFO - [2025-05-30T04:40:36.621+0000] {dag.py:3954} INFO - Setting next_dagrun for tutorial_objectstorage to None, run_after=None
[2025-05-30T04:40:36.641+0000] {processor.py:183} INFO - Processing /home/airflow/.local/lib/python3.12/site-packages/airflow/example_dags/tutorial_objectstorage.py took 0.089 seconds
[2025-05-30T04:41:07.833+0000] {processor.py:161} INFO - Started process (PID=621) to work on /home/airflow/.local/lib/python3.12/site-packages/airflow/example_dags/tutorial_objectstorage.py
[2025-05-30T04:41:07.835+0000] {processor.py:830} INFO - Processing file /home/airflow/.local/lib/python3.12/site-packages/airflow/example_dags/tutorial_objectstorage.py for tasks to queue
[2025-05-30T04:41:07.837+0000] {logging_mixin.py:188} INFO - [2025-05-30T04:41:07.836+0000] {dagbag.py:545} INFO - Filling up the DagBag from /home/airflow/.local/lib/python3.12/site-packages/airflow/example_dags/tutorial_objectstorage.py
[2025-05-30T04:41:07.844+0000] {processor.py:840} INFO - DAG(s) 'tutorial_objectstorage' retrieved from /home/airflow/.local/lib/python3.12/site-packages/airflow/example_dags/tutorial_objectstorage.py
[2025-05-30T04:41:07.862+0000] {logging_mixin.py:188} INFO - [2025-05-30T04:41:07.862+0000] {dag.py:3096} INFO - Sync 1 DAGs
[2025-05-30T04:41:07.879+0000] {logging_mixin.py:188} INFO - [2025-05-30T04:41:07.879+0000] {dag.py:3954} INFO - Setting next_dagrun for tutorial_objectstorage to None, run_after=None
[2025-05-30T04:41:07.904+0000] {processor.py:183} INFO - Processing /home/airflow/.local/lib/python3.12/site-packages/airflow/example_dags/tutorial_objectstorage.py took 0.076 seconds
[2025-05-30T04:41:38.897+0000] {processor.py:161} INFO - Started process (PID=894) to work on /home/airflow/.local/lib/python3.12/site-packages/airflow/example_dags/tutorial_objectstorage.py
[2025-05-30T04:41:38.898+0000] {processor.py:830} INFO - Processing file /home/airflow/.local/lib/python3.12/site-packages/airflow/example_dags/tutorial_objectstorage.py for tasks to queue
[2025-05-30T04:41:38.900+0000] {logging_mixin.py:188} INFO - [2025-05-30T04:41:38.900+0000] {dagbag.py:545} INFO - Filling up the DagBag from /home/airflow/.local/lib/python3.12/site-packages/airflow/example_dags/tutorial_objectstorage.py
[2025-05-30T04:41:38.912+0000] {processor.py:840} INFO - DAG(s) 'tutorial_objectstorage' retrieved from /home/airflow/.local/lib/python3.12/site-packages/airflow/example_dags/tutorial_objectstorage.py
[2025-05-30T04:41:38.935+0000] {logging_mixin.py:188} INFO - [2025-05-30T04:41:38.934+0000] {dag.py:3096} INFO - Sync 1 DAGs
[2025-05-30T04:41:38.953+0000] {logging_mixin.py:188} INFO - [2025-05-30T04:41:38.952+0000] {dag.py:3954} INFO - Setting next_dagrun for tutorial_objectstorage to None, run_after=None
[2025-05-30T04:41:38.995+0000] {processor.py:183} INFO - Processing /home/airflow/.local/lib/python3.12/site-packages/airflow/example_dags/tutorial_objectstorage.py took 0.106 seconds
[2025-05-30T04:42:10.116+0000] {processor.py:161} INFO - Started process (PID=1166) to work on /home/airflow/.local/lib/python3.12/site-packages/airflow/example_dags/tutorial_objectstorage.py
[2025-05-30T04:42:10.117+0000] {processor.py:830} INFO - Processing file /home/airflow/.local/lib/python3.12/site-packages/airflow/example_dags/tutorial_objectstorage.py for tasks to queue
[2025-05-30T04:42:10.118+0000] {logging_mixin.py:188} INFO - [2025-05-30T04:42:10.118+0000] {dagbag.py:545} INFO - Filling up the DagBag from /home/airflow/.local/lib/python3.12/site-packages/airflow/example_dags/tutorial_objectstorage.py
[2025-05-30T04:42:10.126+0000] {processor.py:840} INFO - DAG(s) 'tutorial_objectstorage' retrieved from /home/airflow/.local/lib/python3.12/site-packages/airflow/example_dags/tutorial_objectstorage.py
[2025-05-30T04:42:10.145+0000] {logging_mixin.py:188} INFO - [2025-05-30T04:42:10.145+0000] {dag.py:3096} INFO - Sync 1 DAGs
[2025-05-30T04:42:10.158+0000] {logging_mixin.py:188} INFO - [2025-05-30T04:42:10.158+0000] {dag.py:3954} INFO - Setting next_dagrun for tutorial_objectstorage to None, run_after=None
[2025-05-30T04:42:10.179+0000] {processor.py:183} INFO - Processing /home/airflow/.local/lib/python3.12/site-packages/airflow/example_dags/tutorial_objectstorage.py took 0.069 seconds
[2025-05-30T04:42:41.229+0000] {processor.py:161} INFO - Started process (PID=1436) to work on /home/airflow/.local/lib/python3.12/site-packages/airflow/example_dags/tutorial_objectstorage.py
[2025-05-30T04:42:41.230+0000] {processor.py:830} INFO - Processing file /home/airflow/.local/lib/python3.12/site-packages/airflow/example_dags/tutorial_objectstorage.py for tasks to queue
[2025-05-30T04:42:41.232+0000] {logging_mixin.py:188} INFO - [2025-05-30T04:42:41.232+0000] {dagbag.py:545} INFO - Filling up the DagBag from /home/airflow/.local/lib/python3.12/site-packages/airflow/example_dags/tutorial_objectstorage.py
[2025-05-30T04:42:41.239+0000] {processor.py:840} INFO - DAG(s) 'tutorial_objectstorage' retrieved from /home/airflow/.local/lib/python3.12/site-packages/airflow/example_dags/tutorial_objectstorage.py
[2025-05-30T04:42:41.256+0000] {logging_mixin.py:188} INFO - [2025-05-30T04:42:41.256+0000] {dag.py:3096} INFO - Sync 1 DAGs
[2025-05-30T04:42:41.267+0000] {logging_mixin.py:188} INFO - [2025-05-30T04:42:41.267+0000] {dag.py:3954} INFO - Setting next_dagrun for tutorial_objectstorage to None, run_after=None
[2025-05-30T04:42:41.283+0000] {processor.py:183} INFO - Processing /home/airflow/.local/lib/python3.12/site-packages/airflow/example_dags/tutorial_objectstorage.py took 0.059 seconds
[2025-05-30T04:43:11.772+0000] {processor.py:161} INFO - Started process (PID=1707) to work on /home/airflow/.local/lib/python3.12/site-packages/airflow/example_dags/tutorial_objectstorage.py
[2025-05-30T04:43:11.773+0000] {processor.py:830} INFO - Processing file /home/airflow/.local/lib/python3.12/site-packages/airflow/example_dags/tutorial_objectstorage.py for tasks to queue
[2025-05-30T04:43:11.777+0000] {logging_mixin.py:188} INFO - [2025-05-30T04:43:11.777+0000] {dagbag.py:545} INFO - Filling up the DagBag from /home/airflow/.local/lib/python3.12/site-packages/airflow/example_dags/tutorial_objectstorage.py
[2025-05-30T04:43:11.784+0000] {processor.py:840} INFO - DAG(s) 'tutorial_objectstorage' retrieved from /home/airflow/.local/lib/python3.12/site-packages/airflow/example_dags/tutorial_objectstorage.py
[2025-05-30T04:43:11.800+0000] {logging_mixin.py:188} INFO - [2025-05-30T04:43:11.800+0000] {dag.py:3096} INFO - Sync 1 DAGs
[2025-05-30T04:43:11.812+0000] {logging_mixin.py:188} INFO - [2025-05-30T04:43:11.812+0000] {dag.py:3954} INFO - Setting next_dagrun for tutorial_objectstorage to None, run_after=None
[2025-05-30T04:43:11.836+0000] {processor.py:183} INFO - Processing /home/airflow/.local/lib/python3.12/site-packages/airflow/example_dags/tutorial_objectstorage.py took 0.070 seconds
[2025-05-30T04:43:42.534+0000] {processor.py:161} INFO - Started process (PID=1984) to work on /home/airflow/.local/lib/python3.12/site-packages/airflow/example_dags/tutorial_objectstorage.py
[2025-05-30T04:43:42.534+0000] {processor.py:830} INFO - Processing file /home/airflow/.local/lib/python3.12/site-packages/airflow/example_dags/tutorial_objectstorage.py for tasks to queue
[2025-05-30T04:43:42.536+0000] {logging_mixin.py:188} INFO - [2025-05-30T04:43:42.536+0000] {dagbag.py:545} INFO - Filling up the DagBag from /home/airflow/.local/lib/python3.12/site-packages/airflow/example_dags/tutorial_objectstorage.py
[2025-05-30T04:43:42.543+0000] {processor.py:840} INFO - DAG(s) 'tutorial_objectstorage' retrieved from /home/airflow/.local/lib/python3.12/site-packages/airflow/example_dags/tutorial_objectstorage.py
[2025-05-30T04:43:42.559+0000] {logging_mixin.py:188} INFO - [2025-05-30T04:43:42.559+0000] {dag.py:3096} INFO - Sync 1 DAGs
[2025-05-30T04:43:42.570+0000] {logging_mixin.py:188} INFO - [2025-05-30T04:43:42.569+0000] {dag.py:3954} INFO - Setting next_dagrun for tutorial_objectstorage to None, run_after=None
[2025-05-30T04:43:42.586+0000] {processor.py:183} INFO - Processing /home/airflow/.local/lib/python3.12/site-packages/airflow/example_dags/tutorial_objectstorage.py took 0.057 seconds
[2025-05-30T04:44:12.935+0000] {processor.py:161} INFO - Started process (PID=2252) to work on /home/airflow/.local/lib/python3.12/site-packages/airflow/example_dags/tutorial_objectstorage.py
[2025-05-30T04:44:12.936+0000] {processor.py:830} INFO - Processing file /home/airflow/.local/lib/python3.12/site-packages/airflow/example_dags/tutorial_objectstorage.py for tasks to queue
[2025-05-30T04:44:12.938+0000] {logging_mixin.py:188} INFO - [2025-05-30T04:44:12.938+0000] {dagbag.py:545} INFO - Filling up the DagBag from /home/airflow/.local/lib/python3.12/site-packages/airflow/example_dags/tutorial_objectstorage.py
[2025-05-30T04:44:12.946+0000] {processor.py:840} INFO - DAG(s) 'tutorial_objectstorage' retrieved from /home/airflow/.local/lib/python3.12/site-packages/airflow/example_dags/tutorial_objectstorage.py
[2025-05-30T04:44:12.965+0000] {logging_mixin.py:188} INFO - [2025-05-30T04:44:12.965+0000] {dag.py:3096} INFO - Sync 1 DAGs
[2025-05-30T04:44:12.977+0000] {logging_mixin.py:188} INFO - [2025-05-30T04:44:12.977+0000] {dag.py:3954} INFO - Setting next_dagrun for tutorial_objectstorage to None, run_after=None
[2025-05-30T04:44:12.997+0000] {processor.py:183} INFO - Processing /home/airflow/.local/lib/python3.12/site-packages/airflow/example_dags/tutorial_objectstorage.py took 0.068 seconds
[2025-05-30T04:44:43.793+0000] {processor.py:161} INFO - Started process (PID=2525) to work on /home/airflow/.local/lib/python3.12/site-packages/airflow/example_dags/tutorial_objectstorage.py
[2025-05-30T04:44:43.794+0000] {processor.py:830} INFO - Processing file /home/airflow/.local/lib/python3.12/site-packages/airflow/example_dags/tutorial_objectstorage.py for tasks to queue
[2025-05-30T04:44:43.796+0000] {logging_mixin.py:188} INFO - [2025-05-30T04:44:43.795+0000] {dagbag.py:545} INFO - Filling up the DagBag from /home/airflow/.local/lib/python3.12/site-packages/airflow/example_dags/tutorial_objectstorage.py
[2025-05-30T04:44:43.803+0000] {processor.py:840} INFO - DAG(s) 'tutorial_objectstorage' retrieved from /home/airflow/.local/lib/python3.12/site-packages/airflow/example_dags/tutorial_objectstorage.py
[2025-05-30T04:44:43.823+0000] {logging_mixin.py:188} INFO - [2025-05-30T04:44:43.822+0000] {dag.py:3096} INFO - Sync 1 DAGs
[2025-05-30T04:44:43.835+0000] {logging_mixin.py:188} INFO - [2025-05-30T04:44:43.835+0000] {dag.py:3954} INFO - Setting next_dagrun for tutorial_objectstorage to None, run_after=None
[2025-05-30T04:44:43.853+0000] {processor.py:183} INFO - Processing /home/airflow/.local/lib/python3.12/site-packages/airflow/example_dags/tutorial_objectstorage.py took 0.065 seconds
[2025-05-30T04:45:15.129+0000] {processor.py:161} INFO - Started process (PID=2803) to work on /home/airflow/.local/lib/python3.12/site-packages/airflow/example_dags/tutorial_objectstorage.py
[2025-05-30T04:45:15.130+0000] {processor.py:830} INFO - Processing file /home/airflow/.local/lib/python3.12/site-packages/airflow/example_dags/tutorial_objectstorage.py for tasks to queue
[2025-05-30T04:45:15.131+0000] {logging_mixin.py:188} INFO - [2025-05-30T04:45:15.131+0000] {dagbag.py:545} INFO - Filling up the DagBag from /home/airflow/.local/lib/python3.12/site-packages/airflow/example_dags/tutorial_objectstorage.py
[2025-05-30T04:45:15.138+0000] {processor.py:840} INFO - DAG(s) 'tutorial_objectstorage' retrieved from /home/airflow/.local/lib/python3.12/site-packages/airflow/example_dags/tutorial_objectstorage.py
[2025-05-30T04:45:15.159+0000] {logging_mixin.py:188} INFO - [2025-05-30T04:45:15.159+0000] {dag.py:3096} INFO - Sync 1 DAGs
[2025-05-30T04:45:15.170+0000] {logging_mixin.py:188} INFO - [2025-05-30T04:45:15.170+0000] {dag.py:3954} INFO - Setting next_dagrun for tutorial_objectstorage to None, run_after=None
[2025-05-30T04:45:15.194+0000] {processor.py:183} INFO - Processing /home/airflow/.local/lib/python3.12/site-packages/airflow/example_dags/tutorial_objectstorage.py took 0.070 seconds
[2025-05-30T04:45:45.663+0000] {processor.py:161} INFO - Started process (PID=3071) to work on /home/airflow/.local/lib/python3.12/site-packages/airflow/example_dags/tutorial_objectstorage.py
[2025-05-30T04:45:45.664+0000] {processor.py:830} INFO - Processing file /home/airflow/.local/lib/python3.12/site-packages/airflow/example_dags/tutorial_objectstorage.py for tasks to queue
[2025-05-30T04:45:45.666+0000] {logging_mixin.py:188} INFO - [2025-05-30T04:45:45.666+0000] {dagbag.py:545} INFO - Filling up the DagBag from /home/airflow/.local/lib/python3.12/site-packages/airflow/example_dags/tutorial_objectstorage.py
[2025-05-30T04:45:45.675+0000] {processor.py:840} INFO - DAG(s) 'tutorial_objectstorage' retrieved from /home/airflow/.local/lib/python3.12/site-packages/airflow/example_dags/tutorial_objectstorage.py
[2025-05-30T04:45:45.698+0000] {logging_mixin.py:188} INFO - [2025-05-30T04:45:45.698+0000] {dag.py:3096} INFO - Sync 1 DAGs
[2025-05-30T04:45:45.715+0000] {logging_mixin.py:188} INFO - [2025-05-30T04:45:45.715+0000] {dag.py:3954} INFO - Setting next_dagrun for tutorial_objectstorage to None, run_after=None
[2025-05-30T04:45:45.739+0000] {processor.py:183} INFO - Processing /home/airflow/.local/lib/python3.12/site-packages/airflow/example_dags/tutorial_objectstorage.py took 0.083 seconds
[2025-05-30T04:46:19.183+0000] {processor.py:161} INFO - Started process (PID=3348) to work on /home/airflow/.local/lib/python3.12/site-packages/airflow/example_dags/tutorial_objectstorage.py
[2025-05-30T04:46:19.184+0000] {processor.py:830} INFO - Processing file /home/airflow/.local/lib/python3.12/site-packages/airflow/example_dags/tutorial_objectstorage.py for tasks to queue
[2025-05-30T04:46:19.193+0000] {logging_mixin.py:188} INFO - [2025-05-30T04:46:19.193+0000] {dagbag.py:545} INFO - Filling up the DagBag from /home/airflow/.local/lib/python3.12/site-packages/airflow/example_dags/tutorial_objectstorage.py
[2025-05-30T04:46:19.235+0000] {processor.py:840} INFO - DAG(s) 'tutorial_objectstorage' retrieved from /home/airflow/.local/lib/python3.12/site-packages/airflow/example_dags/tutorial_objectstorage.py
[2025-05-30T04:46:19.327+0000] {logging_mixin.py:188} INFO - [2025-05-30T04:46:19.326+0000] {dag.py:3096} INFO - Sync 1 DAGs
[2025-05-30T04:46:19.377+0000] {logging_mixin.py:188} INFO - [2025-05-30T04:46:19.376+0000] {dag.py:3954} INFO - Setting next_dagrun for tutorial_objectstorage to None, run_after=None
[2025-05-30T04:46:19.459+0000] {processor.py:183} INFO - Processing /home/airflow/.local/lib/python3.12/site-packages/airflow/example_dags/tutorial_objectstorage.py took 0.322 seconds
[2025-05-30T04:46:49.681+0000] {processor.py:161} INFO - Started process (PID=3618) to work on /home/airflow/.local/lib/python3.12/site-packages/airflow/example_dags/tutorial_objectstorage.py
[2025-05-30T04:46:49.682+0000] {processor.py:830} INFO - Processing file /home/airflow/.local/lib/python3.12/site-packages/airflow/example_dags/tutorial_objectstorage.py for tasks to queue
[2025-05-30T04:46:49.684+0000] {logging_mixin.py:188} INFO - [2025-05-30T04:46:49.683+0000] {dagbag.py:545} INFO - Filling up the DagBag from /home/airflow/.local/lib/python3.12/site-packages/airflow/example_dags/tutorial_objectstorage.py
[2025-05-30T04:46:49.690+0000] {processor.py:840} INFO - DAG(s) 'tutorial_objectstorage' retrieved from /home/airflow/.local/lib/python3.12/site-packages/airflow/example_dags/tutorial_objectstorage.py
[2025-05-30T04:46:49.699+0000] {logging_mixin.py:188} INFO - [2025-05-30T04:46:49.699+0000] {dag.py:3096} INFO - Sync 1 DAGs
[2025-05-30T04:46:49.711+0000] {logging_mixin.py:188} INFO - [2025-05-30T04:46:49.711+0000] {dag.py:3954} INFO - Setting next_dagrun for tutorial_objectstorage to None, run_after=None
[2025-05-30T04:46:49.726+0000] {processor.py:183} INFO - Processing /home/airflow/.local/lib/python3.12/site-packages/airflow/example_dags/tutorial_objectstorage.py took 0.049 seconds
[2025-05-30T04:47:19.856+0000] {processor.py:161} INFO - Started process (PID=3887) to work on /home/airflow/.local/lib/python3.12/site-packages/airflow/example_dags/tutorial_objectstorage.py
[2025-05-30T04:47:19.858+0000] {processor.py:830} INFO - Processing file /home/airflow/.local/lib/python3.12/site-packages/airflow/example_dags/tutorial_objectstorage.py for tasks to queue
[2025-05-30T04:47:19.859+0000] {logging_mixin.py:188} INFO - [2025-05-30T04:47:19.859+0000] {dagbag.py:545} INFO - Filling up the DagBag from /home/airflow/.local/lib/python3.12/site-packages/airflow/example_dags/tutorial_objectstorage.py
[2025-05-30T04:47:19.867+0000] {processor.py:840} INFO - DAG(s) 'tutorial_objectstorage' retrieved from /home/airflow/.local/lib/python3.12/site-packages/airflow/example_dags/tutorial_objectstorage.py
[2025-05-30T04:47:19.978+0000] {logging_mixin.py:188} INFO - [2025-05-30T04:47:19.977+0000] {dag.py:3096} INFO - Sync 1 DAGs
[2025-05-30T04:47:19.987+0000] {logging_mixin.py:188} INFO - [2025-05-30T04:47:19.987+0000] {dag.py:3954} INFO - Setting next_dagrun for tutorial_objectstorage to None, run_after=None
[2025-05-30T04:47:20.016+0000] {processor.py:183} INFO - Processing /home/airflow/.local/lib/python3.12/site-packages/airflow/example_dags/tutorial_objectstorage.py took 0.165 seconds
[2025-05-30T04:47:50.182+0000] {processor.py:161} INFO - Started process (PID=4155) to work on /home/airflow/.local/lib/python3.12/site-packages/airflow/example_dags/tutorial_objectstorage.py
[2025-05-30T04:47:50.183+0000] {processor.py:830} INFO - Processing file /home/airflow/.local/lib/python3.12/site-packages/airflow/example_dags/tutorial_objectstorage.py for tasks to queue
[2025-05-30T04:47:50.185+0000] {logging_mixin.py:188} INFO - [2025-05-30T04:47:50.185+0000] {dagbag.py:545} INFO - Filling up the DagBag from /home/airflow/.local/lib/python3.12/site-packages/airflow/example_dags/tutorial_objectstorage.py
[2025-05-30T04:47:50.193+0000] {processor.py:840} INFO - DAG(s) 'tutorial_objectstorage' retrieved from /home/airflow/.local/lib/python3.12/site-packages/airflow/example_dags/tutorial_objectstorage.py
[2025-05-30T04:47:50.211+0000] {logging_mixin.py:188} INFO - [2025-05-30T04:47:50.211+0000] {dag.py:3096} INFO - Sync 1 DAGs
[2025-05-30T04:47:50.226+0000] {logging_mixin.py:188} INFO - [2025-05-30T04:47:50.226+0000] {dag.py:3954} INFO - Setting next_dagrun for tutorial_objectstorage to None, run_after=None
[2025-05-30T04:47:50.245+0000] {processor.py:183} INFO - Processing /home/airflow/.local/lib/python3.12/site-packages/airflow/example_dags/tutorial_objectstorage.py took 0.067 seconds
[2025-05-30T04:48:20.675+0000] {processor.py:161} INFO - Started process (PID=4428) to work on /home/airflow/.local/lib/python3.12/site-packages/airflow/example_dags/tutorial_objectstorage.py
[2025-05-30T04:48:20.676+0000] {processor.py:830} INFO - Processing file /home/airflow/.local/lib/python3.12/site-packages/airflow/example_dags/tutorial_objectstorage.py for tasks to queue
[2025-05-30T04:48:20.677+0000] {logging_mixin.py:188} INFO - [2025-05-30T04:48:20.677+0000] {dagbag.py:545} INFO - Filling up the DagBag from /home/airflow/.local/lib/python3.12/site-packages/airflow/example_dags/tutorial_objectstorage.py
[2025-05-30T04:48:20.685+0000] {processor.py:840} INFO - DAG(s) 'tutorial_objectstorage' retrieved from /home/airflow/.local/lib/python3.12/site-packages/airflow/example_dags/tutorial_objectstorage.py
[2025-05-30T04:48:20.704+0000] {logging_mixin.py:188} INFO - [2025-05-30T04:48:20.703+0000] {dag.py:3096} INFO - Sync 1 DAGs
[2025-05-30T04:48:20.717+0000] {logging_mixin.py:188} INFO - [2025-05-30T04:48:20.717+0000] {dag.py:3954} INFO - Setting next_dagrun for tutorial_objectstorage to None, run_after=None
[2025-05-30T04:48:20.732+0000] {processor.py:183} INFO - Processing /home/airflow/.local/lib/python3.12/site-packages/airflow/example_dags/tutorial_objectstorage.py took 0.063 seconds
[2025-05-30T04:48:51.282+0000] {processor.py:161} INFO - Started process (PID=4701) to work on /home/airflow/.local/lib/python3.12/site-packages/airflow/example_dags/tutorial_objectstorage.py
[2025-05-30T04:48:51.283+0000] {processor.py:830} INFO - Processing file /home/airflow/.local/lib/python3.12/site-packages/airflow/example_dags/tutorial_objectstorage.py for tasks to queue
[2025-05-30T04:48:51.284+0000] {logging_mixin.py:188} INFO - [2025-05-30T04:48:51.284+0000] {dagbag.py:545} INFO - Filling up the DagBag from /home/airflow/.local/lib/python3.12/site-packages/airflow/example_dags/tutorial_objectstorage.py
[2025-05-30T04:48:51.291+0000] {processor.py:840} INFO - DAG(s) 'tutorial_objectstorage' retrieved from /home/airflow/.local/lib/python3.12/site-packages/airflow/example_dags/tutorial_objectstorage.py
[2025-05-30T04:48:51.315+0000] {logging_mixin.py:188} INFO - [2025-05-30T04:48:51.315+0000] {dag.py:3096} INFO - Sync 1 DAGs
[2025-05-30T04:48:51.327+0000] {logging_mixin.py:188} INFO - [2025-05-30T04:48:51.327+0000] {dag.py:3954} INFO - Setting next_dagrun for tutorial_objectstorage to None, run_after=None
[2025-05-30T04:48:51.344+0000] {processor.py:183} INFO - Processing /home/airflow/.local/lib/python3.12/site-packages/airflow/example_dags/tutorial_objectstorage.py took 0.068 seconds
[2025-05-30T04:49:21.466+0000] {processor.py:161} INFO - Started process (PID=4974) to work on /home/airflow/.local/lib/python3.12/site-packages/airflow/example_dags/tutorial_objectstorage.py
[2025-05-30T04:49:21.467+0000] {processor.py:830} INFO - Processing file /home/airflow/.local/lib/python3.12/site-packages/airflow/example_dags/tutorial_objectstorage.py for tasks to queue
[2025-05-30T04:49:21.468+0000] {logging_mixin.py:188} INFO - [2025-05-30T04:49:21.468+0000] {dagbag.py:545} INFO - Filling up the DagBag from /home/airflow/.local/lib/python3.12/site-packages/airflow/example_dags/tutorial_objectstorage.py
[2025-05-30T04:49:21.475+0000] {processor.py:840} INFO - DAG(s) 'tutorial_objectstorage' retrieved from /home/airflow/.local/lib/python3.12/site-packages/airflow/example_dags/tutorial_objectstorage.py
[2025-05-30T04:49:21.490+0000] {logging_mixin.py:188} INFO - [2025-05-30T04:49:21.489+0000] {dag.py:3096} INFO - Sync 1 DAGs
[2025-05-30T04:49:21.500+0000] {logging_mixin.py:188} INFO - [2025-05-30T04:49:21.500+0000] {dag.py:3954} INFO - Setting next_dagrun for tutorial_objectstorage to None, run_after=None
[2025-05-30T04:49:21.514+0000] {processor.py:183} INFO - Processing /home/airflow/.local/lib/python3.12/site-packages/airflow/example_dags/tutorial_objectstorage.py took 0.053 seconds
[2025-05-30T05:20:46.188+0000] {processor.py:161} INFO - Started process (PID=5275) to work on /home/airflow/.local/lib/python3.12/site-packages/airflow/example_dags/tutorial_objectstorage.py
[2025-05-30T05:20:46.188+0000] {processor.py:830} INFO - Processing file /home/airflow/.local/lib/python3.12/site-packages/airflow/example_dags/tutorial_objectstorage.py for tasks to queue
[2025-05-30T05:20:46.190+0000] {logging_mixin.py:188} INFO - [2025-05-30T05:20:46.190+0000] {dagbag.py:545} INFO - Filling up the DagBag from /home/airflow/.local/lib/python3.12/site-packages/airflow/example_dags/tutorial_objectstorage.py
[2025-05-30T05:20:46.197+0000] {processor.py:840} INFO - DAG(s) 'tutorial_objectstorage' retrieved from /home/airflow/.local/lib/python3.12/site-packages/airflow/example_dags/tutorial_objectstorage.py
[2025-05-30T05:20:46.213+0000] {logging_mixin.py:188} INFO - [2025-05-30T05:20:46.213+0000] {dag.py:3096} INFO - Sync 1 DAGs
[2025-05-30T05:20:46.228+0000] {logging_mixin.py:188} INFO - [2025-05-30T05:20:46.228+0000] {dag.py:3954} INFO - Setting next_dagrun for tutorial_objectstorage to None, run_after=None
[2025-05-30T05:20:46.249+0000] {processor.py:183} INFO - Processing /home/airflow/.local/lib/python3.12/site-packages/airflow/example_dags/tutorial_objectstorage.py took 0.066 seconds
[2025-05-30T05:21:17.122+0000] {processor.py:161} INFO - Started process (PID=5543) to work on /home/airflow/.local/lib/python3.12/site-packages/airflow/example_dags/tutorial_objectstorage.py
[2025-05-30T05:21:17.124+0000] {processor.py:830} INFO - Processing file /home/airflow/.local/lib/python3.12/site-packages/airflow/example_dags/tutorial_objectstorage.py for tasks to queue
[2025-05-30T05:21:17.126+0000] {logging_mixin.py:188} INFO - [2025-05-30T05:21:17.126+0000] {dagbag.py:545} INFO - Filling up the DagBag from /home/airflow/.local/lib/python3.12/site-packages/airflow/example_dags/tutorial_objectstorage.py
[2025-05-30T05:21:17.134+0000] {processor.py:840} INFO - DAG(s) 'tutorial_objectstorage' retrieved from /home/airflow/.local/lib/python3.12/site-packages/airflow/example_dags/tutorial_objectstorage.py
[2025-05-30T05:21:17.158+0000] {logging_mixin.py:188} INFO - [2025-05-30T05:21:17.157+0000] {dag.py:3096} INFO - Sync 1 DAGs
[2025-05-30T05:21:17.174+0000] {logging_mixin.py:188} INFO - [2025-05-30T05:21:17.173+0000] {dag.py:3954} INFO - Setting next_dagrun for tutorial_objectstorage to None, run_after=None
[2025-05-30T05:21:17.191+0000] {processor.py:183} INFO - Processing /home/airflow/.local/lib/python3.12/site-packages/airflow/example_dags/tutorial_objectstorage.py took 0.075 seconds
[2025-05-30T05:21:48.266+0000] {processor.py:161} INFO - Started process (PID=5821) to work on /home/airflow/.local/lib/python3.12/site-packages/airflow/example_dags/tutorial_objectstorage.py
[2025-05-30T05:21:48.266+0000] {processor.py:830} INFO - Processing file /home/airflow/.local/lib/python3.12/site-packages/airflow/example_dags/tutorial_objectstorage.py for tasks to queue
[2025-05-30T05:21:48.269+0000] {logging_mixin.py:188} INFO - [2025-05-30T05:21:48.268+0000] {dagbag.py:545} INFO - Filling up the DagBag from /home/airflow/.local/lib/python3.12/site-packages/airflow/example_dags/tutorial_objectstorage.py
[2025-05-30T05:21:48.277+0000] {processor.py:840} INFO - DAG(s) 'tutorial_objectstorage' retrieved from /home/airflow/.local/lib/python3.12/site-packages/airflow/example_dags/tutorial_objectstorage.py
[2025-05-30T05:21:48.296+0000] {logging_mixin.py:188} INFO - [2025-05-30T05:21:48.296+0000] {dag.py:3096} INFO - Sync 1 DAGs
[2025-05-30T05:21:48.310+0000] {logging_mixin.py:188} INFO - [2025-05-30T05:21:48.310+0000] {dag.py:3954} INFO - Setting next_dagrun for tutorial_objectstorage to None, run_after=None
[2025-05-30T05:21:48.330+0000] {processor.py:183} INFO - Processing /home/airflow/.local/lib/python3.12/site-packages/airflow/example_dags/tutorial_objectstorage.py took 0.071 seconds
[2025-05-30T05:22:18.816+0000] {processor.py:161} INFO - Started process (PID=6091) to work on /home/airflow/.local/lib/python3.12/site-packages/airflow/example_dags/tutorial_objectstorage.py
[2025-05-30T05:22:18.817+0000] {processor.py:830} INFO - Processing file /home/airflow/.local/lib/python3.12/site-packages/airflow/example_dags/tutorial_objectstorage.py for tasks to queue
[2025-05-30T05:22:18.818+0000] {logging_mixin.py:188} INFO - [2025-05-30T05:22:18.818+0000] {dagbag.py:545} INFO - Filling up the DagBag from /home/airflow/.local/lib/python3.12/site-packages/airflow/example_dags/tutorial_objectstorage.py
[2025-05-30T05:22:18.824+0000] {processor.py:840} INFO - DAG(s) 'tutorial_objectstorage' retrieved from /home/airflow/.local/lib/python3.12/site-packages/airflow/example_dags/tutorial_objectstorage.py
[2025-05-30T05:22:18.840+0000] {logging_mixin.py:188} INFO - [2025-05-30T05:22:18.840+0000] {dag.py:3096} INFO - Sync 1 DAGs
[2025-05-30T05:22:18.851+0000] {logging_mixin.py:188} INFO - [2025-05-30T05:22:18.851+0000] {dag.py:3954} INFO - Setting next_dagrun for tutorial_objectstorage to None, run_after=None
[2025-05-30T05:22:18.866+0000] {processor.py:183} INFO - Processing /home/airflow/.local/lib/python3.12/site-packages/airflow/example_dags/tutorial_objectstorage.py took 0.056 seconds
[2025-05-30T05:22:50.014+0000] {processor.py:161} INFO - Started process (PID=6367) to work on /home/airflow/.local/lib/python3.12/site-packages/airflow/example_dags/tutorial_objectstorage.py
[2025-05-30T05:22:50.015+0000] {processor.py:830} INFO - Processing file /home/airflow/.local/lib/python3.12/site-packages/airflow/example_dags/tutorial_objectstorage.py for tasks to queue
[2025-05-30T05:22:50.017+0000] {logging_mixin.py:188} INFO - [2025-05-30T05:22:50.017+0000] {dagbag.py:545} INFO - Filling up the DagBag from /home/airflow/.local/lib/python3.12/site-packages/airflow/example_dags/tutorial_objectstorage.py
[2025-05-30T05:22:50.024+0000] {processor.py:840} INFO - DAG(s) 'tutorial_objectstorage' retrieved from /home/airflow/.local/lib/python3.12/site-packages/airflow/example_dags/tutorial_objectstorage.py
[2025-05-30T05:22:50.044+0000] {logging_mixin.py:188} INFO - [2025-05-30T05:22:50.044+0000] {dag.py:3096} INFO - Sync 1 DAGs
[2025-05-30T05:22:50.059+0000] {logging_mixin.py:188} INFO - [2025-05-30T05:22:50.059+0000] {dag.py:3954} INFO - Setting next_dagrun for tutorial_objectstorage to None, run_after=None
[2025-05-30T05:22:50.080+0000] {processor.py:183} INFO - Processing /home/airflow/.local/lib/python3.12/site-packages/airflow/example_dags/tutorial_objectstorage.py took 0.071 seconds
[2025-05-30T05:23:21.862+0000] {processor.py:161} INFO - Started process (PID=6640) to work on /home/airflow/.local/lib/python3.12/site-packages/airflow/example_dags/tutorial_objectstorage.py
[2025-05-30T05:23:21.863+0000] {processor.py:830} INFO - Processing file /home/airflow/.local/lib/python3.12/site-packages/airflow/example_dags/tutorial_objectstorage.py for tasks to queue
[2025-05-30T05:23:21.865+0000] {logging_mixin.py:188} INFO - [2025-05-30T05:23:21.865+0000] {dagbag.py:545} INFO - Filling up the DagBag from /home/airflow/.local/lib/python3.12/site-packages/airflow/example_dags/tutorial_objectstorage.py
[2025-05-30T05:23:21.872+0000] {processor.py:840} INFO - DAG(s) 'tutorial_objectstorage' retrieved from /home/airflow/.local/lib/python3.12/site-packages/airflow/example_dags/tutorial_objectstorage.py
[2025-05-30T05:23:21.890+0000] {logging_mixin.py:188} INFO - [2025-05-30T05:23:21.890+0000] {dag.py:3096} INFO - Sync 1 DAGs
[2025-05-30T05:23:21.901+0000] {logging_mixin.py:188} INFO - [2025-05-30T05:23:21.901+0000] {dag.py:3954} INFO - Setting next_dagrun for tutorial_objectstorage to None, run_after=None
[2025-05-30T05:23:21.919+0000] {processor.py:183} INFO - Processing /home/airflow/.local/lib/python3.12/site-packages/airflow/example_dags/tutorial_objectstorage.py took 0.062 seconds
[2025-05-30T05:23:54.153+0000] {processor.py:161} INFO - Started process (PID=6913) to work on /home/airflow/.local/lib/python3.12/site-packages/airflow/example_dags/tutorial_objectstorage.py
[2025-05-30T05:23:54.154+0000] {processor.py:830} INFO - Processing file /home/airflow/.local/lib/python3.12/site-packages/airflow/example_dags/tutorial_objectstorage.py for tasks to queue
[2025-05-30T05:23:54.156+0000] {logging_mixin.py:188} INFO - [2025-05-30T05:23:54.155+0000] {dagbag.py:545} INFO - Filling up the DagBag from /home/airflow/.local/lib/python3.12/site-packages/airflow/example_dags/tutorial_objectstorage.py
[2025-05-30T05:23:54.162+0000] {processor.py:840} INFO - DAG(s) 'tutorial_objectstorage' retrieved from /home/airflow/.local/lib/python3.12/site-packages/airflow/example_dags/tutorial_objectstorage.py
[2025-05-30T05:23:54.182+0000] {logging_mixin.py:188} INFO - [2025-05-30T05:23:54.182+0000] {dag.py:3096} INFO - Sync 1 DAGs
[2025-05-30T05:23:54.310+0000] {logging_mixin.py:188} INFO - [2025-05-30T05:23:54.310+0000] {dag.py:3954} INFO - Setting next_dagrun for tutorial_objectstorage to None, run_after=None
[2025-05-30T05:23:54.338+0000] {processor.py:183} INFO - Processing /home/airflow/.local/lib/python3.12/site-packages/airflow/example_dags/tutorial_objectstorage.py took 0.190 seconds
[2025-05-30T05:24:24.406+0000] {processor.py:161} INFO - Started process (PID=7186) to work on /home/airflow/.local/lib/python3.12/site-packages/airflow/example_dags/tutorial_objectstorage.py
[2025-05-30T05:24:24.407+0000] {processor.py:830} INFO - Processing file /home/airflow/.local/lib/python3.12/site-packages/airflow/example_dags/tutorial_objectstorage.py for tasks to queue
[2025-05-30T05:24:24.409+0000] {logging_mixin.py:188} INFO - [2025-05-30T05:24:24.408+0000] {dagbag.py:545} INFO - Filling up the DagBag from /home/airflow/.local/lib/python3.12/site-packages/airflow/example_dags/tutorial_objectstorage.py
[2025-05-30T05:24:24.416+0000] {processor.py:840} INFO - DAG(s) 'tutorial_objectstorage' retrieved from /home/airflow/.local/lib/python3.12/site-packages/airflow/example_dags/tutorial_objectstorage.py
[2025-05-30T05:24:24.435+0000] {logging_mixin.py:188} INFO - [2025-05-30T05:24:24.435+0000] {dag.py:3096} INFO - Sync 1 DAGs
[2025-05-30T05:24:24.448+0000] {logging_mixin.py:188} INFO - [2025-05-30T05:24:24.448+0000] {dag.py:3954} INFO - Setting next_dagrun for tutorial_objectstorage to None, run_after=None
[2025-05-30T05:24:24.467+0000] {processor.py:183} INFO - Processing /home/airflow/.local/lib/python3.12/site-packages/airflow/example_dags/tutorial_objectstorage.py took 0.067 seconds
[2025-05-30T05:24:55.086+0000] {processor.py:161} INFO - Started process (PID=7459) to work on /home/airflow/.local/lib/python3.12/site-packages/airflow/example_dags/tutorial_objectstorage.py
[2025-05-30T05:24:55.086+0000] {processor.py:830} INFO - Processing file /home/airflow/.local/lib/python3.12/site-packages/airflow/example_dags/tutorial_objectstorage.py for tasks to queue
[2025-05-30T05:24:55.088+0000] {logging_mixin.py:188} INFO - [2025-05-30T05:24:55.088+0000] {dagbag.py:545} INFO - Filling up the DagBag from /home/airflow/.local/lib/python3.12/site-packages/airflow/example_dags/tutorial_objectstorage.py
[2025-05-30T05:24:55.095+0000] {processor.py:840} INFO - DAG(s) 'tutorial_objectstorage' retrieved from /home/airflow/.local/lib/python3.12/site-packages/airflow/example_dags/tutorial_objectstorage.py
[2025-05-30T05:24:55.114+0000] {logging_mixin.py:188} INFO - [2025-05-30T05:24:55.113+0000] {dag.py:3096} INFO - Sync 1 DAGs
[2025-05-30T05:24:55.127+0000] {logging_mixin.py:188} INFO - [2025-05-30T05:24:55.127+0000] {dag.py:3954} INFO - Setting next_dagrun for tutorial_objectstorage to None, run_after=None
[2025-05-30T05:24:55.152+0000] {processor.py:183} INFO - Processing /home/airflow/.local/lib/python3.12/site-packages/airflow/example_dags/tutorial_objectstorage.py took 0.073 seconds
[2025-05-30T05:25:25.913+0000] {processor.py:161} INFO - Started process (PID=7732) to work on /home/airflow/.local/lib/python3.12/site-packages/airflow/example_dags/tutorial_objectstorage.py
[2025-05-30T05:25:25.914+0000] {processor.py:830} INFO - Processing file /home/airflow/.local/lib/python3.12/site-packages/airflow/example_dags/tutorial_objectstorage.py for tasks to queue
[2025-05-30T05:25:25.916+0000] {logging_mixin.py:188} INFO - [2025-05-30T05:25:25.915+0000] {dagbag.py:545} INFO - Filling up the DagBag from /home/airflow/.local/lib/python3.12/site-packages/airflow/example_dags/tutorial_objectstorage.py
[2025-05-30T05:25:25.923+0000] {processor.py:840} INFO - DAG(s) 'tutorial_objectstorage' retrieved from /home/airflow/.local/lib/python3.12/site-packages/airflow/example_dags/tutorial_objectstorage.py
[2025-05-30T05:25:25.944+0000] {logging_mixin.py:188} INFO - [2025-05-30T05:25:25.944+0000] {dag.py:3096} INFO - Sync 1 DAGs
[2025-05-30T05:25:25.956+0000] {logging_mixin.py:188} INFO - [2025-05-30T05:25:25.956+0000] {dag.py:3954} INFO - Setting next_dagrun for tutorial_objectstorage to None, run_after=None
[2025-05-30T05:25:25.976+0000] {processor.py:183} INFO - Processing /home/airflow/.local/lib/python3.12/site-packages/airflow/example_dags/tutorial_objectstorage.py took 0.069 seconds
[2025-05-30T05:25:56.658+0000] {processor.py:161} INFO - Started process (PID=8005) to work on /home/airflow/.local/lib/python3.12/site-packages/airflow/example_dags/tutorial_objectstorage.py
[2025-05-30T05:25:56.659+0000] {processor.py:830} INFO - Processing file /home/airflow/.local/lib/python3.12/site-packages/airflow/example_dags/tutorial_objectstorage.py for tasks to queue
[2025-05-30T05:25:56.662+0000] {logging_mixin.py:188} INFO - [2025-05-30T05:25:56.661+0000] {dagbag.py:545} INFO - Filling up the DagBag from /home/airflow/.local/lib/python3.12/site-packages/airflow/example_dags/tutorial_objectstorage.py
[2025-05-30T05:25:56.676+0000] {processor.py:840} INFO - DAG(s) 'tutorial_objectstorage' retrieved from /home/airflow/.local/lib/python3.12/site-packages/airflow/example_dags/tutorial_objectstorage.py
[2025-05-30T05:25:56.708+0000] {logging_mixin.py:188} INFO - [2025-05-30T05:25:56.708+0000] {dag.py:3096} INFO - Sync 1 DAGs
[2025-05-30T05:25:56.728+0000] {logging_mixin.py:188} INFO - [2025-05-30T05:25:56.728+0000] {dag.py:3954} INFO - Setting next_dagrun for tutorial_objectstorage to None, run_after=None
[2025-05-30T05:25:56.762+0000] {processor.py:183} INFO - Processing /home/airflow/.local/lib/python3.12/site-packages/airflow/example_dags/tutorial_objectstorage.py took 0.112 seconds
[2025-05-30T05:26:26.820+0000] {processor.py:161} INFO - Started process (PID=8273) to work on /home/airflow/.local/lib/python3.12/site-packages/airflow/example_dags/tutorial_objectstorage.py
[2025-05-30T05:26:26.821+0000] {processor.py:830} INFO - Processing file /home/airflow/.local/lib/python3.12/site-packages/airflow/example_dags/tutorial_objectstorage.py for tasks to queue
[2025-05-30T05:26:26.823+0000] {logging_mixin.py:188} INFO - [2025-05-30T05:26:26.822+0000] {dagbag.py:545} INFO - Filling up the DagBag from /home/airflow/.local/lib/python3.12/site-packages/airflow/example_dags/tutorial_objectstorage.py
[2025-05-30T05:26:26.831+0000] {processor.py:840} INFO - DAG(s) 'tutorial_objectstorage' retrieved from /home/airflow/.local/lib/python3.12/site-packages/airflow/example_dags/tutorial_objectstorage.py
[2025-05-30T05:26:26.848+0000] {logging_mixin.py:188} INFO - [2025-05-30T05:26:26.848+0000] {dag.py:3096} INFO - Sync 1 DAGs
[2025-05-30T05:26:26.859+0000] {logging_mixin.py:188} INFO - [2025-05-30T05:26:26.859+0000] {dag.py:3954} INFO - Setting next_dagrun for tutorial_objectstorage to None, run_after=None
[2025-05-30T05:26:26.877+0000] {processor.py:183} INFO - Processing /home/airflow/.local/lib/python3.12/site-packages/airflow/example_dags/tutorial_objectstorage.py took 0.063 seconds
[2025-05-30T05:26:57.729+0000] {processor.py:161} INFO - Started process (PID=8545) to work on /home/airflow/.local/lib/python3.12/site-packages/airflow/example_dags/tutorial_objectstorage.py
[2025-05-30T05:26:57.730+0000] {processor.py:830} INFO - Processing file /home/airflow/.local/lib/python3.12/site-packages/airflow/example_dags/tutorial_objectstorage.py for tasks to queue
[2025-05-30T05:26:57.732+0000] {logging_mixin.py:188} INFO - [2025-05-30T05:26:57.731+0000] {dagbag.py:545} INFO - Filling up the DagBag from /home/airflow/.local/lib/python3.12/site-packages/airflow/example_dags/tutorial_objectstorage.py
[2025-05-30T05:26:57.739+0000] {processor.py:840} INFO - DAG(s) 'tutorial_objectstorage' retrieved from /home/airflow/.local/lib/python3.12/site-packages/airflow/example_dags/tutorial_objectstorage.py
[2025-05-30T05:26:57.758+0000] {logging_mixin.py:188} INFO - [2025-05-30T05:26:57.757+0000] {dag.py:3096} INFO - Sync 1 DAGs
[2025-05-30T05:26:57.770+0000] {logging_mixin.py:188} INFO - [2025-05-30T05:26:57.770+0000] {dag.py:3954} INFO - Setting next_dagrun for tutorial_objectstorage to None, run_after=None
[2025-05-30T05:26:57.787+0000] {processor.py:183} INFO - Processing /home/airflow/.local/lib/python3.12/site-packages/airflow/example_dags/tutorial_objectstorage.py took 0.065 seconds
[2025-05-30T05:27:28.704+0000] {processor.py:161} INFO - Started process (PID=8818) to work on /home/airflow/.local/lib/python3.12/site-packages/airflow/example_dags/tutorial_objectstorage.py
[2025-05-30T05:27:28.705+0000] {processor.py:830} INFO - Processing file /home/airflow/.local/lib/python3.12/site-packages/airflow/example_dags/tutorial_objectstorage.py for tasks to queue
[2025-05-30T05:27:28.707+0000] {logging_mixin.py:188} INFO - [2025-05-30T05:27:28.707+0000] {dagbag.py:545} INFO - Filling up the DagBag from /home/airflow/.local/lib/python3.12/site-packages/airflow/example_dags/tutorial_objectstorage.py
[2025-05-30T05:27:28.716+0000] {processor.py:840} INFO - DAG(s) 'tutorial_objectstorage' retrieved from /home/airflow/.local/lib/python3.12/site-packages/airflow/example_dags/tutorial_objectstorage.py
[2025-05-30T05:27:28.738+0000] {logging_mixin.py:188} INFO - [2025-05-30T05:27:28.738+0000] {dag.py:3096} INFO - Sync 1 DAGs
[2025-05-30T05:27:28.751+0000] {logging_mixin.py:188} INFO - [2025-05-30T05:27:28.751+0000] {dag.py:3954} INFO - Setting next_dagrun for tutorial_objectstorage to None, run_after=None
[2025-05-30T05:27:28.775+0000] {processor.py:183} INFO - Processing /home/airflow/.local/lib/python3.12/site-packages/airflow/example_dags/tutorial_objectstorage.py took 0.078 seconds
[2025-05-30T05:27:59.208+0000] {processor.py:161} INFO - Started process (PID=9091) to work on /home/airflow/.local/lib/python3.12/site-packages/airflow/example_dags/tutorial_objectstorage.py
[2025-05-30T05:27:59.209+0000] {processor.py:830} INFO - Processing file /home/airflow/.local/lib/python3.12/site-packages/airflow/example_dags/tutorial_objectstorage.py for tasks to queue
[2025-05-30T05:27:59.211+0000] {logging_mixin.py:188} INFO - [2025-05-30T05:27:59.210+0000] {dagbag.py:545} INFO - Filling up the DagBag from /home/airflow/.local/lib/python3.12/site-packages/airflow/example_dags/tutorial_objectstorage.py
[2025-05-30T05:27:59.218+0000] {processor.py:840} INFO - DAG(s) 'tutorial_objectstorage' retrieved from /home/airflow/.local/lib/python3.12/site-packages/airflow/example_dags/tutorial_objectstorage.py
[2025-05-30T05:27:59.238+0000] {logging_mixin.py:188} INFO - [2025-05-30T05:27:59.237+0000] {dag.py:3096} INFO - Sync 1 DAGs
[2025-05-30T05:27:59.249+0000] {logging_mixin.py:188} INFO - [2025-05-30T05:27:59.249+0000] {dag.py:3954} INFO - Setting next_dagrun for tutorial_objectstorage to None, run_after=None
[2025-05-30T05:27:59.265+0000] {processor.py:183} INFO - Processing /home/airflow/.local/lib/python3.12/site-packages/airflow/example_dags/tutorial_objectstorage.py took 0.062 seconds
[2025-05-30T05:28:29.944+0000] {processor.py:161} INFO - Started process (PID=9366) to work on /home/airflow/.local/lib/python3.12/site-packages/airflow/example_dags/tutorial_objectstorage.py
[2025-05-30T05:28:29.945+0000] {processor.py:830} INFO - Processing file /home/airflow/.local/lib/python3.12/site-packages/airflow/example_dags/tutorial_objectstorage.py for tasks to queue
[2025-05-30T05:28:29.947+0000] {logging_mixin.py:188} INFO - [2025-05-30T05:28:29.946+0000] {dagbag.py:545} INFO - Filling up the DagBag from /home/airflow/.local/lib/python3.12/site-packages/airflow/example_dags/tutorial_objectstorage.py
[2025-05-30T05:28:29.953+0000] {processor.py:840} INFO - DAG(s) 'tutorial_objectstorage' retrieved from /home/airflow/.local/lib/python3.12/site-packages/airflow/example_dags/tutorial_objectstorage.py
[2025-05-30T05:28:29.969+0000] {logging_mixin.py:188} INFO - [2025-05-30T05:28:29.969+0000] {dag.py:3096} INFO - Sync 1 DAGs
[2025-05-30T05:28:29.980+0000] {logging_mixin.py:188} INFO - [2025-05-30T05:28:29.979+0000] {dag.py:3954} INFO - Setting next_dagrun for tutorial_objectstorage to None, run_after=None
[2025-05-30T05:28:29.999+0000] {processor.py:183} INFO - Processing /home/airflow/.local/lib/python3.12/site-packages/airflow/example_dags/tutorial_objectstorage.py took 0.060 seconds
[2025-05-30T05:29:00.693+0000] {processor.py:161} INFO - Started process (PID=9637) to work on /home/airflow/.local/lib/python3.12/site-packages/airflow/example_dags/tutorial_objectstorage.py
[2025-05-30T05:29:00.695+0000] {processor.py:830} INFO - Processing file /home/airflow/.local/lib/python3.12/site-packages/airflow/example_dags/tutorial_objectstorage.py for tasks to queue
[2025-05-30T05:29:00.698+0000] {logging_mixin.py:188} INFO - [2025-05-30T05:29:00.697+0000] {dagbag.py:545} INFO - Filling up the DagBag from /home/airflow/.local/lib/python3.12/site-packages/airflow/example_dags/tutorial_objectstorage.py
[2025-05-30T05:29:00.708+0000] {processor.py:840} INFO - DAG(s) 'tutorial_objectstorage' retrieved from /home/airflow/.local/lib/python3.12/site-packages/airflow/example_dags/tutorial_objectstorage.py
[2025-05-30T05:29:00.735+0000] {logging_mixin.py:188} INFO - [2025-05-30T05:29:00.734+0000] {dag.py:3096} INFO - Sync 1 DAGs
[2025-05-30T05:29:00.752+0000] {logging_mixin.py:188} INFO - [2025-05-30T05:29:00.751+0000] {dag.py:3954} INFO - Setting next_dagrun for tutorial_objectstorage to None, run_after=None
[2025-05-30T05:29:00.783+0000] {processor.py:183} INFO - Processing /home/airflow/.local/lib/python3.12/site-packages/airflow/example_dags/tutorial_objectstorage.py took 0.097 seconds
[2025-05-30T05:29:31.584+0000] {processor.py:161} INFO - Started process (PID=9910) to work on /home/airflow/.local/lib/python3.12/site-packages/airflow/example_dags/tutorial_objectstorage.py
[2025-05-30T05:29:31.585+0000] {processor.py:830} INFO - Processing file /home/airflow/.local/lib/python3.12/site-packages/airflow/example_dags/tutorial_objectstorage.py for tasks to queue
[2025-05-30T05:29:31.587+0000] {logging_mixin.py:188} INFO - [2025-05-30T05:29:31.586+0000] {dagbag.py:545} INFO - Filling up the DagBag from /home/airflow/.local/lib/python3.12/site-packages/airflow/example_dags/tutorial_objectstorage.py
[2025-05-30T05:29:31.594+0000] {processor.py:840} INFO - DAG(s) 'tutorial_objectstorage' retrieved from /home/airflow/.local/lib/python3.12/site-packages/airflow/example_dags/tutorial_objectstorage.py
[2025-05-30T05:29:31.611+0000] {logging_mixin.py:188} INFO - [2025-05-30T05:29:31.611+0000] {dag.py:3096} INFO - Sync 1 DAGs
[2025-05-30T05:29:31.622+0000] {logging_mixin.py:188} INFO - [2025-05-30T05:29:31.621+0000] {dag.py:3954} INFO - Setting next_dagrun for tutorial_objectstorage to None, run_after=None
[2025-05-30T05:29:31.637+0000] {processor.py:183} INFO - Processing /home/airflow/.local/lib/python3.12/site-packages/airflow/example_dags/tutorial_objectstorage.py took 0.058 seconds
[2025-05-30T05:30:01.934+0000] {processor.py:161} INFO - Started process (PID=10184) to work on /home/airflow/.local/lib/python3.12/site-packages/airflow/example_dags/tutorial_objectstorage.py
[2025-05-30T05:30:01.935+0000] {processor.py:830} INFO - Processing file /home/airflow/.local/lib/python3.12/site-packages/airflow/example_dags/tutorial_objectstorage.py for tasks to queue
[2025-05-30T05:30:01.937+0000] {logging_mixin.py:188} INFO - [2025-05-30T05:30:01.937+0000] {dagbag.py:545} INFO - Filling up the DagBag from /home/airflow/.local/lib/python3.12/site-packages/airflow/example_dags/tutorial_objectstorage.py
[2025-05-30T05:30:01.945+0000] {processor.py:840} INFO - DAG(s) 'tutorial_objectstorage' retrieved from /home/airflow/.local/lib/python3.12/site-packages/airflow/example_dags/tutorial_objectstorage.py
[2025-05-30T05:30:01.966+0000] {logging_mixin.py:188} INFO - [2025-05-30T05:30:01.966+0000] {dag.py:3096} INFO - Sync 1 DAGs
[2025-05-30T05:30:01.995+0000] {logging_mixin.py:188} INFO - [2025-05-30T05:30:01.995+0000] {dag.py:3954} INFO - Setting next_dagrun for tutorial_objectstorage to None, run_after=None
[2025-05-30T05:30:02.027+0000] {processor.py:183} INFO - Processing /home/airflow/.local/lib/python3.12/site-packages/airflow/example_dags/tutorial_objectstorage.py took 0.100 seconds
[2025-05-30T05:30:32.190+0000] {processor.py:161} INFO - Started process (PID=10455) to work on /home/airflow/.local/lib/python3.12/site-packages/airflow/example_dags/tutorial_objectstorage.py
[2025-05-30T05:30:32.191+0000] {processor.py:830} INFO - Processing file /home/airflow/.local/lib/python3.12/site-packages/airflow/example_dags/tutorial_objectstorage.py for tasks to queue
[2025-05-30T05:30:32.193+0000] {logging_mixin.py:188} INFO - [2025-05-30T05:30:32.192+0000] {dagbag.py:545} INFO - Filling up the DagBag from /home/airflow/.local/lib/python3.12/site-packages/airflow/example_dags/tutorial_objectstorage.py
[2025-05-30T05:30:32.200+0000] {processor.py:840} INFO - DAG(s) 'tutorial_objectstorage' retrieved from /home/airflow/.local/lib/python3.12/site-packages/airflow/example_dags/tutorial_objectstorage.py
[2025-05-30T05:30:32.218+0000] {logging_mixin.py:188} INFO - [2025-05-30T05:30:32.217+0000] {dag.py:3096} INFO - Sync 1 DAGs
[2025-05-30T05:30:32.231+0000] {logging_mixin.py:188} INFO - [2025-05-30T05:30:32.231+0000] {dag.py:3954} INFO - Setting next_dagrun for tutorial_objectstorage to None, run_after=None
[2025-05-30T05:30:32.249+0000] {processor.py:183} INFO - Processing /home/airflow/.local/lib/python3.12/site-packages/airflow/example_dags/tutorial_objectstorage.py took 0.064 seconds
[2025-05-30T05:31:02.376+0000] {processor.py:161} INFO - Started process (PID=10728) to work on /home/airflow/.local/lib/python3.12/site-packages/airflow/example_dags/tutorial_objectstorage.py
[2025-05-30T05:31:02.377+0000] {processor.py:830} INFO - Processing file /home/airflow/.local/lib/python3.12/site-packages/airflow/example_dags/tutorial_objectstorage.py for tasks to queue
[2025-05-30T05:31:02.379+0000] {logging_mixin.py:188} INFO - [2025-05-30T05:31:02.379+0000] {dagbag.py:545} INFO - Filling up the DagBag from /home/airflow/.local/lib/python3.12/site-packages/airflow/example_dags/tutorial_objectstorage.py
[2025-05-30T05:31:02.387+0000] {processor.py:840} INFO - DAG(s) 'tutorial_objectstorage' retrieved from /home/airflow/.local/lib/python3.12/site-packages/airflow/example_dags/tutorial_objectstorage.py
[2025-05-30T05:31:02.405+0000] {logging_mixin.py:188} INFO - [2025-05-30T05:31:02.405+0000] {dag.py:3096} INFO - Sync 1 DAGs
[2025-05-30T05:31:02.417+0000] {logging_mixin.py:188} INFO - [2025-05-30T05:31:02.417+0000] {dag.py:3954} INFO - Setting next_dagrun for tutorial_objectstorage to None, run_after=None
[2025-05-30T05:31:02.435+0000] {processor.py:183} INFO - Processing /home/airflow/.local/lib/python3.12/site-packages/airflow/example_dags/tutorial_objectstorage.py took 0.066 seconds
[2025-05-30T05:31:32.721+0000] {processor.py:161} INFO - Started process (PID=11001) to work on /home/airflow/.local/lib/python3.12/site-packages/airflow/example_dags/tutorial_objectstorage.py
[2025-05-30T05:31:32.722+0000] {processor.py:830} INFO - Processing file /home/airflow/.local/lib/python3.12/site-packages/airflow/example_dags/tutorial_objectstorage.py for tasks to queue
[2025-05-30T05:31:32.724+0000] {logging_mixin.py:188} INFO - [2025-05-30T05:31:32.724+0000] {dagbag.py:545} INFO - Filling up the DagBag from /home/airflow/.local/lib/python3.12/site-packages/airflow/example_dags/tutorial_objectstorage.py
[2025-05-30T05:31:32.731+0000] {processor.py:840} INFO - DAG(s) 'tutorial_objectstorage' retrieved from /home/airflow/.local/lib/python3.12/site-packages/airflow/example_dags/tutorial_objectstorage.py
[2025-05-30T05:31:32.749+0000] {logging_mixin.py:188} INFO - [2025-05-30T05:31:32.749+0000] {dag.py:3096} INFO - Sync 1 DAGs
[2025-05-30T05:31:32.762+0000] {logging_mixin.py:188} INFO - [2025-05-30T05:31:32.762+0000] {dag.py:3954} INFO - Setting next_dagrun for tutorial_objectstorage to None, run_after=None
[2025-05-30T05:31:32.778+0000] {processor.py:183} INFO - Processing /home/airflow/.local/lib/python3.12/site-packages/airflow/example_dags/tutorial_objectstorage.py took 0.062 seconds
[2025-05-30T05:32:03.829+0000] {processor.py:161} INFO - Started process (PID=11274) to work on /home/airflow/.local/lib/python3.12/site-packages/airflow/example_dags/tutorial_objectstorage.py
[2025-05-30T05:32:03.830+0000] {processor.py:830} INFO - Processing file /home/airflow/.local/lib/python3.12/site-packages/airflow/example_dags/tutorial_objectstorage.py for tasks to queue
[2025-05-30T05:32:03.831+0000] {logging_mixin.py:188} INFO - [2025-05-30T05:32:03.831+0000] {dagbag.py:545} INFO - Filling up the DagBag from /home/airflow/.local/lib/python3.12/site-packages/airflow/example_dags/tutorial_objectstorage.py
[2025-05-30T05:32:03.838+0000] {processor.py:840} INFO - DAG(s) 'tutorial_objectstorage' retrieved from /home/airflow/.local/lib/python3.12/site-packages/airflow/example_dags/tutorial_objectstorage.py
[2025-05-30T05:32:03.856+0000] {logging_mixin.py:188} INFO - [2025-05-30T05:32:03.855+0000] {dag.py:3096} INFO - Sync 1 DAGs
[2025-05-30T05:32:03.870+0000] {logging_mixin.py:188} INFO - [2025-05-30T05:32:03.870+0000] {dag.py:3954} INFO - Setting next_dagrun for tutorial_objectstorage to None, run_after=None
[2025-05-30T05:32:03.905+0000] {processor.py:183} INFO - Processing /home/airflow/.local/lib/python3.12/site-packages/airflow/example_dags/tutorial_objectstorage.py took 0.082 seconds
[2025-05-30T05:32:35.145+0000] {processor.py:161} INFO - Started process (PID=11552) to work on /home/airflow/.local/lib/python3.12/site-packages/airflow/example_dags/tutorial_objectstorage.py
[2025-05-30T05:32:35.146+0000] {processor.py:830} INFO - Processing file /home/airflow/.local/lib/python3.12/site-packages/airflow/example_dags/tutorial_objectstorage.py for tasks to queue
[2025-05-30T05:32:35.148+0000] {logging_mixin.py:188} INFO - [2025-05-30T05:32:35.148+0000] {dagbag.py:545} INFO - Filling up the DagBag from /home/airflow/.local/lib/python3.12/site-packages/airflow/example_dags/tutorial_objectstorage.py
[2025-05-30T05:32:35.154+0000] {processor.py:840} INFO - DAG(s) 'tutorial_objectstorage' retrieved from /home/airflow/.local/lib/python3.12/site-packages/airflow/example_dags/tutorial_objectstorage.py
[2025-05-30T05:32:35.170+0000] {logging_mixin.py:188} INFO - [2025-05-30T05:32:35.170+0000] {dag.py:3096} INFO - Sync 1 DAGs
[2025-05-30T05:32:35.182+0000] {logging_mixin.py:188} INFO - [2025-05-30T05:32:35.182+0000] {dag.py:3954} INFO - Setting next_dagrun for tutorial_objectstorage to None, run_after=None
[2025-05-30T05:32:35.198+0000] {processor.py:183} INFO - Processing /home/airflow/.local/lib/python3.12/site-packages/airflow/example_dags/tutorial_objectstorage.py took 0.058 seconds
[2025-05-30T05:40:03.134+0000] {processor.py:161} INFO - Started process (PID=349) to work on /home/airflow/.local/lib/python3.12/site-packages/airflow/example_dags/tutorial_objectstorage.py
[2025-05-30T05:40:03.136+0000] {processor.py:830} INFO - Processing file /home/airflow/.local/lib/python3.12/site-packages/airflow/example_dags/tutorial_objectstorage.py for tasks to queue
[2025-05-30T05:40:03.138+0000] {logging_mixin.py:188} INFO - [2025-05-30T05:40:03.138+0000] {dagbag.py:545} INFO - Filling up the DagBag from /home/airflow/.local/lib/python3.12/site-packages/airflow/example_dags/tutorial_objectstorage.py
[2025-05-30T05:40:03.150+0000] {processor.py:840} INFO - DAG(s) 'tutorial_objectstorage' retrieved from /home/airflow/.local/lib/python3.12/site-packages/airflow/example_dags/tutorial_objectstorage.py
[2025-05-30T05:40:03.163+0000] {logging_mixin.py:188} INFO - [2025-05-30T05:40:03.163+0000] {dag.py:3096} INFO - Sync 1 DAGs
[2025-05-30T05:40:03.184+0000] {logging_mixin.py:188} INFO - [2025-05-30T05:40:03.184+0000] {dag.py:3954} INFO - Setting next_dagrun for tutorial_objectstorage to None, run_after=None
[2025-05-30T05:40:03.227+0000] {processor.py:183} INFO - Processing /home/airflow/.local/lib/python3.12/site-packages/airflow/example_dags/tutorial_objectstorage.py took 0.098 seconds
[2025-05-30T05:40:35.499+0000] {processor.py:161} INFO - Started process (PID=622) to work on /home/airflow/.local/lib/python3.12/site-packages/airflow/example_dags/tutorial_objectstorage.py
[2025-05-30T05:40:35.500+0000] {processor.py:830} INFO - Processing file /home/airflow/.local/lib/python3.12/site-packages/airflow/example_dags/tutorial_objectstorage.py for tasks to queue
[2025-05-30T05:40:35.502+0000] {logging_mixin.py:188} INFO - [2025-05-30T05:40:35.501+0000] {dagbag.py:545} INFO - Filling up the DagBag from /home/airflow/.local/lib/python3.12/site-packages/airflow/example_dags/tutorial_objectstorage.py
[2025-05-30T05:40:35.509+0000] {processor.py:840} INFO - DAG(s) 'tutorial_objectstorage' retrieved from /home/airflow/.local/lib/python3.12/site-packages/airflow/example_dags/tutorial_objectstorage.py
[2025-05-30T05:40:35.622+0000] {logging_mixin.py:188} INFO - [2025-05-30T05:40:35.622+0000] {dag.py:3096} INFO - Sync 1 DAGs
[2025-05-30T05:40:35.632+0000] {logging_mixin.py:188} INFO - [2025-05-30T05:40:35.631+0000] {dag.py:3954} INFO - Setting next_dagrun for tutorial_objectstorage to None, run_after=None
[2025-05-30T05:40:35.648+0000] {processor.py:183} INFO - Processing /home/airflow/.local/lib/python3.12/site-packages/airflow/example_dags/tutorial_objectstorage.py took 0.154 seconds
[2025-05-30T05:41:06.265+0000] {processor.py:161} INFO - Started process (PID=895) to work on /home/airflow/.local/lib/python3.12/site-packages/airflow/example_dags/tutorial_objectstorage.py
[2025-05-30T05:41:06.266+0000] {processor.py:830} INFO - Processing file /home/airflow/.local/lib/python3.12/site-packages/airflow/example_dags/tutorial_objectstorage.py for tasks to queue
[2025-05-30T05:41:06.268+0000] {logging_mixin.py:188} INFO - [2025-05-30T05:41:06.268+0000] {dagbag.py:545} INFO - Filling up the DagBag from /home/airflow/.local/lib/python3.12/site-packages/airflow/example_dags/tutorial_objectstorage.py
[2025-05-30T05:41:06.277+0000] {processor.py:840} INFO - DAG(s) 'tutorial_objectstorage' retrieved from /home/airflow/.local/lib/python3.12/site-packages/airflow/example_dags/tutorial_objectstorage.py
[2025-05-30T05:41:06.294+0000] {logging_mixin.py:188} INFO - [2025-05-30T05:41:06.294+0000] {dag.py:3096} INFO - Sync 1 DAGs
[2025-05-30T05:41:06.308+0000] {logging_mixin.py:188} INFO - [2025-05-30T05:41:06.308+0000] {dag.py:3954} INFO - Setting next_dagrun for tutorial_objectstorage to None, run_after=None
[2025-05-30T05:41:06.328+0000] {processor.py:183} INFO - Processing /home/airflow/.local/lib/python3.12/site-packages/airflow/example_dags/tutorial_objectstorage.py took 0.068 seconds
