[2025-05-30T04:40:36.965+0000] {processor.py:161} INFO - Started process (PID=388) to work on /home/airflow/.local/lib/python3.12/site-packages/airflow/example_dags/tutorial_dag.py
[2025-05-30T04:40:36.966+0000] {processor.py:830} INFO - Processing file /home/airflow/.local/lib/python3.12/site-packages/airflow/example_dags/tutorial_dag.py for tasks to queue
[2025-05-30T04:40:36.967+0000] {logging_mixin.py:188} INFO - [2025-05-30T04:40:36.967+0000] {dagbag.py:545} INFO - Filling up the DagBag from /home/airflow/.local/lib/python3.12/site-packages/airflow/example_dags/tutorial_dag.py
[2025-05-30T04:40:36.974+0000] {processor.py:840} INFO - DAG(s) 'tutorial_dag' retrieved from /home/airflow/.local/lib/python3.12/site-packages/airflow/example_dags/tutorial_dag.py
[2025-05-30T04:40:37.002+0000] {logging_mixin.py:188} INFO - [2025-05-30T04:40:37.002+0000] {dag.py:3096} INFO - Sync 1 DAGs
[2025-05-30T04:40:37.020+0000] {logging_mixin.py:188} INFO - [2025-05-30T04:40:37.019+0000] {dag.py:3954} INFO - Setting next_dagrun for tutorial_dag to None, run_after=None
[2025-05-30T04:40:37.040+0000] {processor.py:183} INFO - Processing /home/airflow/.local/lib/python3.12/site-packages/airflow/example_dags/tutorial_dag.py took 0.080 seconds
[2025-05-30T04:41:08.461+0000] {processor.py:161} INFO - Started process (PID=661) to work on /home/airflow/.local/lib/python3.12/site-packages/airflow/example_dags/tutorial_dag.py
[2025-05-30T04:41:08.462+0000] {processor.py:830} INFO - Processing file /home/airflow/.local/lib/python3.12/site-packages/airflow/example_dags/tutorial_dag.py for tasks to queue
[2025-05-30T04:41:08.465+0000] {logging_mixin.py:188} INFO - [2025-05-30T04:41:08.464+0000] {dagbag.py:545} INFO - Filling up the DagBag from /home/airflow/.local/lib/python3.12/site-packages/airflow/example_dags/tutorial_dag.py
[2025-05-30T04:41:08.471+0000] {processor.py:840} INFO - DAG(s) 'tutorial_dag' retrieved from /home/airflow/.local/lib/python3.12/site-packages/airflow/example_dags/tutorial_dag.py
[2025-05-30T04:41:08.496+0000] {logging_mixin.py:188} INFO - [2025-05-30T04:41:08.496+0000] {dag.py:3096} INFO - Sync 1 DAGs
[2025-05-30T04:41:08.514+0000] {logging_mixin.py:188} INFO - [2025-05-30T04:41:08.514+0000] {dag.py:3954} INFO - Setting next_dagrun for tutorial_dag to None, run_after=None
[2025-05-30T04:41:08.541+0000] {processor.py:183} INFO - Processing /home/airflow/.local/lib/python3.12/site-packages/airflow/example_dags/tutorial_dag.py took 0.087 seconds
[2025-05-30T04:41:39.544+0000] {processor.py:161} INFO - Started process (PID=934) to work on /home/airflow/.local/lib/python3.12/site-packages/airflow/example_dags/tutorial_dag.py
[2025-05-30T04:41:39.545+0000] {processor.py:830} INFO - Processing file /home/airflow/.local/lib/python3.12/site-packages/airflow/example_dags/tutorial_dag.py for tasks to queue
[2025-05-30T04:41:39.547+0000] {logging_mixin.py:188} INFO - [2025-05-30T04:41:39.546+0000] {dagbag.py:545} INFO - Filling up the DagBag from /home/airflow/.local/lib/python3.12/site-packages/airflow/example_dags/tutorial_dag.py
[2025-05-30T04:41:39.553+0000] {processor.py:840} INFO - DAG(s) 'tutorial_dag' retrieved from /home/airflow/.local/lib/python3.12/site-packages/airflow/example_dags/tutorial_dag.py
[2025-05-30T04:41:39.577+0000] {logging_mixin.py:188} INFO - [2025-05-30T04:41:39.576+0000] {dag.py:3096} INFO - Sync 1 DAGs
[2025-05-30T04:41:39.593+0000] {logging_mixin.py:188} INFO - [2025-05-30T04:41:39.593+0000] {dag.py:3954} INFO - Setting next_dagrun for tutorial_dag to None, run_after=None
[2025-05-30T04:41:39.621+0000] {processor.py:183} INFO - Processing /home/airflow/.local/lib/python3.12/site-packages/airflow/example_dags/tutorial_dag.py took 0.084 seconds
[2025-05-30T04:42:10.673+0000] {processor.py:161} INFO - Started process (PID=1207) to work on /home/airflow/.local/lib/python3.12/site-packages/airflow/example_dags/tutorial_dag.py
[2025-05-30T04:42:10.674+0000] {processor.py:830} INFO - Processing file /home/airflow/.local/lib/python3.12/site-packages/airflow/example_dags/tutorial_dag.py for tasks to queue
[2025-05-30T04:42:10.676+0000] {logging_mixin.py:188} INFO - [2025-05-30T04:42:10.676+0000] {dagbag.py:545} INFO - Filling up the DagBag from /home/airflow/.local/lib/python3.12/site-packages/airflow/example_dags/tutorial_dag.py
[2025-05-30T04:42:10.682+0000] {processor.py:840} INFO - DAG(s) 'tutorial_dag' retrieved from /home/airflow/.local/lib/python3.12/site-packages/airflow/example_dags/tutorial_dag.py
[2025-05-30T04:42:10.702+0000] {logging_mixin.py:188} INFO - [2025-05-30T04:42:10.702+0000] {dag.py:3096} INFO - Sync 1 DAGs
[2025-05-30T04:42:10.715+0000] {logging_mixin.py:188} INFO - [2025-05-30T04:42:10.715+0000] {dag.py:3954} INFO - Setting next_dagrun for tutorial_dag to None, run_after=None
[2025-05-30T04:42:10.743+0000] {processor.py:183} INFO - Processing /home/airflow/.local/lib/python3.12/site-packages/airflow/example_dags/tutorial_dag.py took 0.076 seconds
[2025-05-30T04:42:41.791+0000] {processor.py:161} INFO - Started process (PID=1479) to work on /home/airflow/.local/lib/python3.12/site-packages/airflow/example_dags/tutorial_dag.py
[2025-05-30T04:42:41.792+0000] {processor.py:830} INFO - Processing file /home/airflow/.local/lib/python3.12/site-packages/airflow/example_dags/tutorial_dag.py for tasks to queue
[2025-05-30T04:42:41.794+0000] {logging_mixin.py:188} INFO - [2025-05-30T04:42:41.794+0000] {dagbag.py:545} INFO - Filling up the DagBag from /home/airflow/.local/lib/python3.12/site-packages/airflow/example_dags/tutorial_dag.py
[2025-05-30T04:42:41.800+0000] {processor.py:840} INFO - DAG(s) 'tutorial_dag' retrieved from /home/airflow/.local/lib/python3.12/site-packages/airflow/example_dags/tutorial_dag.py
[2025-05-30T04:42:41.820+0000] {logging_mixin.py:188} INFO - [2025-05-30T04:42:41.820+0000] {dag.py:3096} INFO - Sync 1 DAGs
[2025-05-30T04:42:41.836+0000] {logging_mixin.py:188} INFO - [2025-05-30T04:42:41.835+0000] {dag.py:3954} INFO - Setting next_dagrun for tutorial_dag to None, run_after=None
[2025-05-30T04:42:41.857+0000] {processor.py:183} INFO - Processing /home/airflow/.local/lib/python3.12/site-packages/airflow/example_dags/tutorial_dag.py took 0.073 seconds
[2025-05-30T04:43:12.407+0000] {processor.py:161} INFO - Started process (PID=1752) to work on /home/airflow/.local/lib/python3.12/site-packages/airflow/example_dags/tutorial_dag.py
[2025-05-30T04:43:12.410+0000] {processor.py:830} INFO - Processing file /home/airflow/.local/lib/python3.12/site-packages/airflow/example_dags/tutorial_dag.py for tasks to queue
[2025-05-30T04:43:12.416+0000] {logging_mixin.py:188} INFO - [2025-05-30T04:43:12.415+0000] {dagbag.py:545} INFO - Filling up the DagBag from /home/airflow/.local/lib/python3.12/site-packages/airflow/example_dags/tutorial_dag.py
[2025-05-30T04:43:12.426+0000] {processor.py:840} INFO - DAG(s) 'tutorial_dag' retrieved from /home/airflow/.local/lib/python3.12/site-packages/airflow/example_dags/tutorial_dag.py
[2025-05-30T04:43:12.459+0000] {logging_mixin.py:188} INFO - [2025-05-30T04:43:12.459+0000] {dag.py:3096} INFO - Sync 1 DAGs
[2025-05-30T04:43:12.478+0000] {logging_mixin.py:188} INFO - [2025-05-30T04:43:12.478+0000] {dag.py:3954} INFO - Setting next_dagrun for tutorial_dag to None, run_after=None
[2025-05-30T04:43:12.505+0000] {processor.py:183} INFO - Processing /home/airflow/.local/lib/python3.12/site-packages/airflow/example_dags/tutorial_dag.py took 0.107 seconds
[2025-05-30T04:43:43.031+0000] {processor.py:161} INFO - Started process (PID=2024) to work on /home/airflow/.local/lib/python3.12/site-packages/airflow/example_dags/tutorial_dag.py
[2025-05-30T04:43:43.033+0000] {processor.py:830} INFO - Processing file /home/airflow/.local/lib/python3.12/site-packages/airflow/example_dags/tutorial_dag.py for tasks to queue
[2025-05-30T04:43:43.037+0000] {logging_mixin.py:188} INFO - [2025-05-30T04:43:43.037+0000] {dagbag.py:545} INFO - Filling up the DagBag from /home/airflow/.local/lib/python3.12/site-packages/airflow/example_dags/tutorial_dag.py
[2025-05-30T04:43:43.044+0000] {processor.py:840} INFO - DAG(s) 'tutorial_dag' retrieved from /home/airflow/.local/lib/python3.12/site-packages/airflow/example_dags/tutorial_dag.py
[2025-05-30T04:43:43.068+0000] {logging_mixin.py:188} INFO - [2025-05-30T04:43:43.067+0000] {dag.py:3096} INFO - Sync 1 DAGs
[2025-05-30T04:43:43.087+0000] {logging_mixin.py:188} INFO - [2025-05-30T04:43:43.087+0000] {dag.py:3954} INFO - Setting next_dagrun for tutorial_dag to None, run_after=None
[2025-05-30T04:43:43.111+0000] {processor.py:183} INFO - Processing /home/airflow/.local/lib/python3.12/site-packages/airflow/example_dags/tutorial_dag.py took 0.088 seconds
[2025-05-30T04:44:13.743+0000] {processor.py:161} INFO - Started process (PID=2297) to work on /home/airflow/.local/lib/python3.12/site-packages/airflow/example_dags/tutorial_dag.py
[2025-05-30T04:44:13.745+0000] {processor.py:830} INFO - Processing file /home/airflow/.local/lib/python3.12/site-packages/airflow/example_dags/tutorial_dag.py for tasks to queue
[2025-05-30T04:44:13.747+0000] {logging_mixin.py:188} INFO - [2025-05-30T04:44:13.746+0000] {dagbag.py:545} INFO - Filling up the DagBag from /home/airflow/.local/lib/python3.12/site-packages/airflow/example_dags/tutorial_dag.py
[2025-05-30T04:44:13.753+0000] {processor.py:840} INFO - DAG(s) 'tutorial_dag' retrieved from /home/airflow/.local/lib/python3.12/site-packages/airflow/example_dags/tutorial_dag.py
[2025-05-30T04:44:13.775+0000] {logging_mixin.py:188} INFO - [2025-05-30T04:44:13.775+0000] {dag.py:3096} INFO - Sync 1 DAGs
[2025-05-30T04:44:13.788+0000] {logging_mixin.py:188} INFO - [2025-05-30T04:44:13.788+0000] {dag.py:3954} INFO - Setting next_dagrun for tutorial_dag to None, run_after=None
[2025-05-30T04:44:13.807+0000] {processor.py:183} INFO - Processing /home/airflow/.local/lib/python3.12/site-packages/airflow/example_dags/tutorial_dag.py took 0.072 seconds
[2025-05-30T04:44:44.712+0000] {processor.py:161} INFO - Started process (PID=2570) to work on /home/airflow/.local/lib/python3.12/site-packages/airflow/example_dags/tutorial_dag.py
[2025-05-30T04:44:44.713+0000] {processor.py:830} INFO - Processing file /home/airflow/.local/lib/python3.12/site-packages/airflow/example_dags/tutorial_dag.py for tasks to queue
[2025-05-30T04:44:44.716+0000] {logging_mixin.py:188} INFO - [2025-05-30T04:44:44.715+0000] {dagbag.py:545} INFO - Filling up the DagBag from /home/airflow/.local/lib/python3.12/site-packages/airflow/example_dags/tutorial_dag.py
[2025-05-30T04:44:44.723+0000] {processor.py:840} INFO - DAG(s) 'tutorial_dag' retrieved from /home/airflow/.local/lib/python3.12/site-packages/airflow/example_dags/tutorial_dag.py
[2025-05-30T04:44:44.751+0000] {logging_mixin.py:188} INFO - [2025-05-30T04:44:44.750+0000] {dag.py:3096} INFO - Sync 1 DAGs
[2025-05-30T04:44:44.767+0000] {logging_mixin.py:188} INFO - [2025-05-30T04:44:44.767+0000] {dag.py:3954} INFO - Setting next_dagrun for tutorial_dag to None, run_after=None
[2025-05-30T04:44:44.795+0000] {processor.py:183} INFO - Processing /home/airflow/.local/lib/python3.12/site-packages/airflow/example_dags/tutorial_dag.py took 0.092 seconds
[2025-05-30T04:45:15.750+0000] {processor.py:161} INFO - Started process (PID=2843) to work on /home/airflow/.local/lib/python3.12/site-packages/airflow/example_dags/tutorial_dag.py
[2025-05-30T04:45:15.754+0000] {processor.py:830} INFO - Processing file /home/airflow/.local/lib/python3.12/site-packages/airflow/example_dags/tutorial_dag.py for tasks to queue
[2025-05-30T04:45:15.756+0000] {logging_mixin.py:188} INFO - [2025-05-30T04:45:15.755+0000] {dagbag.py:545} INFO - Filling up the DagBag from /home/airflow/.local/lib/python3.12/site-packages/airflow/example_dags/tutorial_dag.py
[2025-05-30T04:45:15.763+0000] {processor.py:840} INFO - DAG(s) 'tutorial_dag' retrieved from /home/airflow/.local/lib/python3.12/site-packages/airflow/example_dags/tutorial_dag.py
[2025-05-30T04:45:15.785+0000] {logging_mixin.py:188} INFO - [2025-05-30T04:45:15.785+0000] {dag.py:3096} INFO - Sync 1 DAGs
[2025-05-30T04:45:15.801+0000] {logging_mixin.py:188} INFO - [2025-05-30T04:45:15.800+0000] {dag.py:3954} INFO - Setting next_dagrun for tutorial_dag to None, run_after=None
[2025-05-30T04:45:15.822+0000] {processor.py:183} INFO - Processing /home/airflow/.local/lib/python3.12/site-packages/airflow/example_dags/tutorial_dag.py took 0.079 seconds
[2025-05-30T04:45:46.269+0000] {processor.py:161} INFO - Started process (PID=3116) to work on /home/airflow/.local/lib/python3.12/site-packages/airflow/example_dags/tutorial_dag.py
[2025-05-30T04:45:46.270+0000] {processor.py:830} INFO - Processing file /home/airflow/.local/lib/python3.12/site-packages/airflow/example_dags/tutorial_dag.py for tasks to queue
[2025-05-30T04:45:46.272+0000] {logging_mixin.py:188} INFO - [2025-05-30T04:45:46.272+0000] {dagbag.py:545} INFO - Filling up the DagBag from /home/airflow/.local/lib/python3.12/site-packages/airflow/example_dags/tutorial_dag.py
[2025-05-30T04:45:46.278+0000] {processor.py:840} INFO - DAG(s) 'tutorial_dag' retrieved from /home/airflow/.local/lib/python3.12/site-packages/airflow/example_dags/tutorial_dag.py
[2025-05-30T04:45:46.297+0000] {logging_mixin.py:188} INFO - [2025-05-30T04:45:46.297+0000] {dag.py:3096} INFO - Sync 1 DAGs
[2025-05-30T04:45:46.312+0000] {logging_mixin.py:188} INFO - [2025-05-30T04:45:46.311+0000] {dag.py:3954} INFO - Setting next_dagrun for tutorial_dag to None, run_after=None
[2025-05-30T04:45:46.335+0000] {processor.py:183} INFO - Processing /home/airflow/.local/lib/python3.12/site-packages/airflow/example_dags/tutorial_dag.py took 0.071 seconds
[2025-05-30T04:46:21.957+0000] {processor.py:161} INFO - Started process (PID=3388) to work on /home/airflow/.local/lib/python3.12/site-packages/airflow/example_dags/tutorial_dag.py
[2025-05-30T04:46:21.959+0000] {processor.py:830} INFO - Processing file /home/airflow/.local/lib/python3.12/site-packages/airflow/example_dags/tutorial_dag.py for tasks to queue
[2025-05-30T04:46:21.962+0000] {logging_mixin.py:188} INFO - [2025-05-30T04:46:21.962+0000] {dagbag.py:545} INFO - Filling up the DagBag from /home/airflow/.local/lib/python3.12/site-packages/airflow/example_dags/tutorial_dag.py
[2025-05-30T04:46:21.972+0000] {processor.py:840} INFO - DAG(s) 'tutorial_dag' retrieved from /home/airflow/.local/lib/python3.12/site-packages/airflow/example_dags/tutorial_dag.py
[2025-05-30T04:46:22.008+0000] {logging_mixin.py:188} INFO - [2025-05-30T04:46:22.008+0000] {dag.py:3096} INFO - Sync 1 DAGs
[2025-05-30T04:46:22.034+0000] {logging_mixin.py:188} INFO - [2025-05-30T04:46:22.034+0000] {dag.py:3954} INFO - Setting next_dagrun for tutorial_dag to None, run_after=None
[2025-05-30T04:46:22.074+0000] {processor.py:183} INFO - Processing /home/airflow/.local/lib/python3.12/site-packages/airflow/example_dags/tutorial_dag.py took 0.140 seconds
[2025-05-30T04:46:53.006+0000] {processor.py:161} INFO - Started process (PID=3658) to work on /home/airflow/.local/lib/python3.12/site-packages/airflow/example_dags/tutorial_dag.py
[2025-05-30T04:46:53.007+0000] {processor.py:830} INFO - Processing file /home/airflow/.local/lib/python3.12/site-packages/airflow/example_dags/tutorial_dag.py for tasks to queue
[2025-05-30T04:46:53.008+0000] {logging_mixin.py:188} INFO - [2025-05-30T04:46:53.008+0000] {dagbag.py:545} INFO - Filling up the DagBag from /home/airflow/.local/lib/python3.12/site-packages/airflow/example_dags/tutorial_dag.py
[2025-05-30T04:46:53.014+0000] {processor.py:840} INFO - DAG(s) 'tutorial_dag' retrieved from /home/airflow/.local/lib/python3.12/site-packages/airflow/example_dags/tutorial_dag.py
[2025-05-30T04:46:53.026+0000] {logging_mixin.py:188} INFO - [2025-05-30T04:46:53.026+0000] {dag.py:3096} INFO - Sync 1 DAGs
[2025-05-30T04:46:53.040+0000] {logging_mixin.py:188} INFO - [2025-05-30T04:46:53.039+0000] {dag.py:3954} INFO - Setting next_dagrun for tutorial_dag to None, run_after=None
[2025-05-30T04:46:53.059+0000] {processor.py:183} INFO - Processing /home/airflow/.local/lib/python3.12/site-packages/airflow/example_dags/tutorial_dag.py took 0.058 seconds
[2025-05-30T04:47:23.485+0000] {processor.py:161} INFO - Started process (PID=3930) to work on /home/airflow/.local/lib/python3.12/site-packages/airflow/example_dags/tutorial_dag.py
[2025-05-30T04:47:23.486+0000] {processor.py:830} INFO - Processing file /home/airflow/.local/lib/python3.12/site-packages/airflow/example_dags/tutorial_dag.py for tasks to queue
[2025-05-30T04:47:23.488+0000] {logging_mixin.py:188} INFO - [2025-05-30T04:47:23.488+0000] {dagbag.py:545} INFO - Filling up the DagBag from /home/airflow/.local/lib/python3.12/site-packages/airflow/example_dags/tutorial_dag.py
[2025-05-30T04:47:23.495+0000] {processor.py:840} INFO - DAG(s) 'tutorial_dag' retrieved from /home/airflow/.local/lib/python3.12/site-packages/airflow/example_dags/tutorial_dag.py
[2025-05-30T04:47:23.617+0000] {logging_mixin.py:188} INFO - [2025-05-30T04:47:23.616+0000] {dag.py:3096} INFO - Sync 1 DAGs
[2025-05-30T04:47:23.627+0000] {logging_mixin.py:188} INFO - [2025-05-30T04:47:23.627+0000] {dag.py:3954} INFO - Setting next_dagrun for tutorial_dag to None, run_after=None
[2025-05-30T04:47:23.665+0000] {processor.py:183} INFO - Processing /home/airflow/.local/lib/python3.12/site-packages/airflow/example_dags/tutorial_dag.py took 0.185 seconds
[2025-05-30T04:47:53.812+0000] {processor.py:161} INFO - Started process (PID=4203) to work on /home/airflow/.local/lib/python3.12/site-packages/airflow/example_dags/tutorial_dag.py
[2025-05-30T04:47:53.813+0000] {processor.py:830} INFO - Processing file /home/airflow/.local/lib/python3.12/site-packages/airflow/example_dags/tutorial_dag.py for tasks to queue
[2025-05-30T04:47:53.815+0000] {logging_mixin.py:188} INFO - [2025-05-30T04:47:53.814+0000] {dagbag.py:545} INFO - Filling up the DagBag from /home/airflow/.local/lib/python3.12/site-packages/airflow/example_dags/tutorial_dag.py
[2025-05-30T04:47:53.820+0000] {processor.py:840} INFO - DAG(s) 'tutorial_dag' retrieved from /home/airflow/.local/lib/python3.12/site-packages/airflow/example_dags/tutorial_dag.py
[2025-05-30T04:47:53.835+0000] {logging_mixin.py:188} INFO - [2025-05-30T04:47:53.835+0000] {dag.py:3096} INFO - Sync 1 DAGs
[2025-05-30T04:47:53.846+0000] {logging_mixin.py:188} INFO - [2025-05-30T04:47:53.846+0000] {dag.py:3954} INFO - Setting next_dagrun for tutorial_dag to None, run_after=None
[2025-05-30T04:47:53.873+0000] {processor.py:183} INFO - Processing /home/airflow/.local/lib/python3.12/site-packages/airflow/example_dags/tutorial_dag.py took 0.068 seconds
[2025-05-30T04:48:24.228+0000] {processor.py:161} INFO - Started process (PID=4476) to work on /home/airflow/.local/lib/python3.12/site-packages/airflow/example_dags/tutorial_dag.py
[2025-05-30T04:48:24.228+0000] {processor.py:830} INFO - Processing file /home/airflow/.local/lib/python3.12/site-packages/airflow/example_dags/tutorial_dag.py for tasks to queue
[2025-05-30T04:48:24.231+0000] {logging_mixin.py:188} INFO - [2025-05-30T04:48:24.230+0000] {dagbag.py:545} INFO - Filling up the DagBag from /home/airflow/.local/lib/python3.12/site-packages/airflow/example_dags/tutorial_dag.py
[2025-05-30T04:48:24.236+0000] {processor.py:840} INFO - DAG(s) 'tutorial_dag' retrieved from /home/airflow/.local/lib/python3.12/site-packages/airflow/example_dags/tutorial_dag.py
[2025-05-30T04:48:24.252+0000] {logging_mixin.py:188} INFO - [2025-05-30T04:48:24.252+0000] {dag.py:3096} INFO - Sync 1 DAGs
[2025-05-30T04:48:24.263+0000] {logging_mixin.py:188} INFO - [2025-05-30T04:48:24.263+0000] {dag.py:3954} INFO - Setting next_dagrun for tutorial_dag to None, run_after=None
[2025-05-30T04:48:24.288+0000] {processor.py:183} INFO - Processing /home/airflow/.local/lib/python3.12/site-packages/airflow/example_dags/tutorial_dag.py took 0.066 seconds
[2025-05-30T04:48:54.899+0000] {processor.py:161} INFO - Started process (PID=4749) to work on /home/airflow/.local/lib/python3.12/site-packages/airflow/example_dags/tutorial_dag.py
[2025-05-30T04:48:54.900+0000] {processor.py:830} INFO - Processing file /home/airflow/.local/lib/python3.12/site-packages/airflow/example_dags/tutorial_dag.py for tasks to queue
[2025-05-30T04:48:54.902+0000] {logging_mixin.py:188} INFO - [2025-05-30T04:48:54.901+0000] {dagbag.py:545} INFO - Filling up the DagBag from /home/airflow/.local/lib/python3.12/site-packages/airflow/example_dags/tutorial_dag.py
[2025-05-30T04:48:54.907+0000] {processor.py:840} INFO - DAG(s) 'tutorial_dag' retrieved from /home/airflow/.local/lib/python3.12/site-packages/airflow/example_dags/tutorial_dag.py
[2025-05-30T04:48:54.929+0000] {logging_mixin.py:188} INFO - [2025-05-30T04:48:54.928+0000] {dag.py:3096} INFO - Sync 1 DAGs
[2025-05-30T04:48:54.945+0000] {logging_mixin.py:188} INFO - [2025-05-30T04:48:54.945+0000] {dag.py:3954} INFO - Setting next_dagrun for tutorial_dag to None, run_after=None
[2025-05-30T04:48:54.978+0000] {processor.py:183} INFO - Processing /home/airflow/.local/lib/python3.12/site-packages/airflow/example_dags/tutorial_dag.py took 0.084 seconds
[2025-05-30T04:49:25.277+0000] {processor.py:161} INFO - Started process (PID=5022) to work on /home/airflow/.local/lib/python3.12/site-packages/airflow/example_dags/tutorial_dag.py
[2025-05-30T04:49:25.281+0000] {processor.py:830} INFO - Processing file /home/airflow/.local/lib/python3.12/site-packages/airflow/example_dags/tutorial_dag.py for tasks to queue
[2025-05-30T04:49:25.283+0000] {logging_mixin.py:188} INFO - [2025-05-30T04:49:25.283+0000] {dagbag.py:545} INFO - Filling up the DagBag from /home/airflow/.local/lib/python3.12/site-packages/airflow/example_dags/tutorial_dag.py
[2025-05-30T04:49:25.288+0000] {processor.py:840} INFO - DAG(s) 'tutorial_dag' retrieved from /home/airflow/.local/lib/python3.12/site-packages/airflow/example_dags/tutorial_dag.py
[2025-05-30T04:49:25.308+0000] {logging_mixin.py:188} INFO - [2025-05-30T04:49:25.308+0000] {dag.py:3096} INFO - Sync 1 DAGs
[2025-05-30T04:49:25.324+0000] {logging_mixin.py:188} INFO - [2025-05-30T04:49:25.324+0000] {dag.py:3954} INFO - Setting next_dagrun for tutorial_dag to None, run_after=None
[2025-05-30T04:49:25.341+0000] {processor.py:183} INFO - Processing /home/airflow/.local/lib/python3.12/site-packages/airflow/example_dags/tutorial_dag.py took 0.072 seconds
[2025-05-30T05:20:46.652+0000] {processor.py:161} INFO - Started process (PID=5315) to work on /home/airflow/.local/lib/python3.12/site-packages/airflow/example_dags/tutorial_dag.py
[2025-05-30T05:20:46.653+0000] {processor.py:830} INFO - Processing file /home/airflow/.local/lib/python3.12/site-packages/airflow/example_dags/tutorial_dag.py for tasks to queue
[2025-05-30T05:20:46.655+0000] {logging_mixin.py:188} INFO - [2025-05-30T05:20:46.654+0000] {dagbag.py:545} INFO - Filling up the DagBag from /home/airflow/.local/lib/python3.12/site-packages/airflow/example_dags/tutorial_dag.py
[2025-05-30T05:20:46.663+0000] {processor.py:840} INFO - DAG(s) 'tutorial_dag' retrieved from /home/airflow/.local/lib/python3.12/site-packages/airflow/example_dags/tutorial_dag.py
[2025-05-30T05:20:46.681+0000] {logging_mixin.py:188} INFO - [2025-05-30T05:20:46.680+0000] {dag.py:3096} INFO - Sync 1 DAGs
[2025-05-30T05:20:46.692+0000] {logging_mixin.py:188} INFO - [2025-05-30T05:20:46.691+0000] {dag.py:3954} INFO - Setting next_dagrun for tutorial_dag to None, run_after=None
[2025-05-30T05:20:46.710+0000] {processor.py:183} INFO - Processing /home/airflow/.local/lib/python3.12/site-packages/airflow/example_dags/tutorial_dag.py took 0.063 seconds
[2025-05-30T05:21:17.665+0000] {processor.py:161} INFO - Started process (PID=5588) to work on /home/airflow/.local/lib/python3.12/site-packages/airflow/example_dags/tutorial_dag.py
[2025-05-30T05:21:17.666+0000] {processor.py:830} INFO - Processing file /home/airflow/.local/lib/python3.12/site-packages/airflow/example_dags/tutorial_dag.py for tasks to queue
[2025-05-30T05:21:17.668+0000] {logging_mixin.py:188} INFO - [2025-05-30T05:21:17.667+0000] {dagbag.py:545} INFO - Filling up the DagBag from /home/airflow/.local/lib/python3.12/site-packages/airflow/example_dags/tutorial_dag.py
[2025-05-30T05:21:17.674+0000] {processor.py:840} INFO - DAG(s) 'tutorial_dag' retrieved from /home/airflow/.local/lib/python3.12/site-packages/airflow/example_dags/tutorial_dag.py
[2025-05-30T05:21:17.693+0000] {logging_mixin.py:188} INFO - [2025-05-30T05:21:17.693+0000] {dag.py:3096} INFO - Sync 1 DAGs
[2025-05-30T05:21:17.706+0000] {logging_mixin.py:188} INFO - [2025-05-30T05:21:17.705+0000] {dag.py:3954} INFO - Setting next_dagrun for tutorial_dag to None, run_after=None
[2025-05-30T05:21:17.728+0000] {processor.py:183} INFO - Processing /home/airflow/.local/lib/python3.12/site-packages/airflow/example_dags/tutorial_dag.py took 0.070 seconds
[2025-05-30T05:21:48.837+0000] {processor.py:161} INFO - Started process (PID=5863) to work on /home/airflow/.local/lib/python3.12/site-packages/airflow/example_dags/tutorial_dag.py
[2025-05-30T05:21:48.838+0000] {processor.py:830} INFO - Processing file /home/airflow/.local/lib/python3.12/site-packages/airflow/example_dags/tutorial_dag.py for tasks to queue
[2025-05-30T05:21:48.840+0000] {logging_mixin.py:188} INFO - [2025-05-30T05:21:48.839+0000] {dagbag.py:545} INFO - Filling up the DagBag from /home/airflow/.local/lib/python3.12/site-packages/airflow/example_dags/tutorial_dag.py
[2025-05-30T05:21:48.844+0000] {processor.py:840} INFO - DAG(s) 'tutorial_dag' retrieved from /home/airflow/.local/lib/python3.12/site-packages/airflow/example_dags/tutorial_dag.py
[2025-05-30T05:21:48.861+0000] {logging_mixin.py:188} INFO - [2025-05-30T05:21:48.861+0000] {dag.py:3096} INFO - Sync 1 DAGs
[2025-05-30T05:21:48.874+0000] {logging_mixin.py:188} INFO - [2025-05-30T05:21:48.874+0000] {dag.py:3954} INFO - Setting next_dagrun for tutorial_dag to None, run_after=None
[2025-05-30T05:21:48.893+0000] {processor.py:183} INFO - Processing /home/airflow/.local/lib/python3.12/site-packages/airflow/example_dags/tutorial_dag.py took 0.062 seconds
[2025-05-30T05:22:19.371+0000] {processor.py:161} INFO - Started process (PID=6134) to work on /home/airflow/.local/lib/python3.12/site-packages/airflow/example_dags/tutorial_dag.py
[2025-05-30T05:22:19.372+0000] {processor.py:830} INFO - Processing file /home/airflow/.local/lib/python3.12/site-packages/airflow/example_dags/tutorial_dag.py for tasks to queue
[2025-05-30T05:22:19.374+0000] {logging_mixin.py:188} INFO - [2025-05-30T05:22:19.374+0000] {dagbag.py:545} INFO - Filling up the DagBag from /home/airflow/.local/lib/python3.12/site-packages/airflow/example_dags/tutorial_dag.py
[2025-05-30T05:22:19.379+0000] {processor.py:840} INFO - DAG(s) 'tutorial_dag' retrieved from /home/airflow/.local/lib/python3.12/site-packages/airflow/example_dags/tutorial_dag.py
[2025-05-30T05:22:19.395+0000] {logging_mixin.py:188} INFO - [2025-05-30T05:22:19.395+0000] {dag.py:3096} INFO - Sync 1 DAGs
[2025-05-30T05:22:19.407+0000] {logging_mixin.py:188} INFO - [2025-05-30T05:22:19.406+0000] {dag.py:3954} INFO - Setting next_dagrun for tutorial_dag to None, run_after=None
[2025-05-30T05:22:19.422+0000] {processor.py:183} INFO - Processing /home/airflow/.local/lib/python3.12/site-packages/airflow/example_dags/tutorial_dag.py took 0.056 seconds
[2025-05-30T05:22:50.544+0000] {processor.py:161} INFO - Started process (PID=6407) to work on /home/airflow/.local/lib/python3.12/site-packages/airflow/example_dags/tutorial_dag.py
[2025-05-30T05:22:50.552+0000] {processor.py:830} INFO - Processing file /home/airflow/.local/lib/python3.12/site-packages/airflow/example_dags/tutorial_dag.py for tasks to queue
[2025-05-30T05:22:50.558+0000] {logging_mixin.py:188} INFO - [2025-05-30T05:22:50.556+0000] {dagbag.py:545} INFO - Filling up the DagBag from /home/airflow/.local/lib/python3.12/site-packages/airflow/example_dags/tutorial_dag.py
[2025-05-30T05:22:50.579+0000] {processor.py:840} INFO - DAG(s) 'tutorial_dag' retrieved from /home/airflow/.local/lib/python3.12/site-packages/airflow/example_dags/tutorial_dag.py
[2025-05-30T05:22:50.616+0000] {logging_mixin.py:188} INFO - [2025-05-30T05:22:50.616+0000] {dag.py:3096} INFO - Sync 1 DAGs
[2025-05-30T05:22:50.643+0000] {logging_mixin.py:188} INFO - [2025-05-30T05:22:50.642+0000] {dag.py:3954} INFO - Setting next_dagrun for tutorial_dag to None, run_after=None
[2025-05-30T05:22:50.688+0000] {processor.py:183} INFO - Processing /home/airflow/.local/lib/python3.12/site-packages/airflow/example_dags/tutorial_dag.py took 0.162 seconds
[2025-05-30T05:23:22.537+0000] {processor.py:161} INFO - Started process (PID=6680) to work on /home/airflow/.local/lib/python3.12/site-packages/airflow/example_dags/tutorial_dag.py
[2025-05-30T05:23:22.538+0000] {processor.py:830} INFO - Processing file /home/airflow/.local/lib/python3.12/site-packages/airflow/example_dags/tutorial_dag.py for tasks to queue
[2025-05-30T05:23:22.542+0000] {logging_mixin.py:188} INFO - [2025-05-30T05:23:22.541+0000] {dagbag.py:545} INFO - Filling up the DagBag from /home/airflow/.local/lib/python3.12/site-packages/airflow/example_dags/tutorial_dag.py
[2025-05-30T05:23:22.553+0000] {processor.py:840} INFO - DAG(s) 'tutorial_dag' retrieved from /home/airflow/.local/lib/python3.12/site-packages/airflow/example_dags/tutorial_dag.py
[2025-05-30T05:23:22.574+0000] {logging_mixin.py:188} INFO - [2025-05-30T05:23:22.574+0000] {dag.py:3096} INFO - Sync 1 DAGs
[2025-05-30T05:23:22.589+0000] {logging_mixin.py:188} INFO - [2025-05-30T05:23:22.589+0000] {dag.py:3954} INFO - Setting next_dagrun for tutorial_dag to None, run_after=None
[2025-05-30T05:23:22.615+0000] {processor.py:183} INFO - Processing /home/airflow/.local/lib/python3.12/site-packages/airflow/example_dags/tutorial_dag.py took 0.084 seconds
[2025-05-30T05:23:55.218+0000] {processor.py:161} INFO - Started process (PID=6953) to work on /home/airflow/.local/lib/python3.12/site-packages/airflow/example_dags/tutorial_dag.py
[2025-05-30T05:23:55.219+0000] {processor.py:830} INFO - Processing file /home/airflow/.local/lib/python3.12/site-packages/airflow/example_dags/tutorial_dag.py for tasks to queue
[2025-05-30T05:23:55.222+0000] {logging_mixin.py:188} INFO - [2025-05-30T05:23:55.221+0000] {dagbag.py:545} INFO - Filling up the DagBag from /home/airflow/.local/lib/python3.12/site-packages/airflow/example_dags/tutorial_dag.py
[2025-05-30T05:23:55.229+0000] {processor.py:840} INFO - DAG(s) 'tutorial_dag' retrieved from /home/airflow/.local/lib/python3.12/site-packages/airflow/example_dags/tutorial_dag.py
[2025-05-30T05:23:55.255+0000] {logging_mixin.py:188} INFO - [2025-05-30T05:23:55.255+0000] {dag.py:3096} INFO - Sync 1 DAGs
[2025-05-30T05:23:55.469+0000] {logging_mixin.py:188} INFO - [2025-05-30T05:23:55.469+0000] {dag.py:3954} INFO - Setting next_dagrun for tutorial_dag to None, run_after=None
[2025-05-30T05:23:55.504+0000] {processor.py:183} INFO - Processing /home/airflow/.local/lib/python3.12/site-packages/airflow/example_dags/tutorial_dag.py took 0.295 seconds
[2025-05-30T05:24:25.867+0000] {processor.py:161} INFO - Started process (PID=7226) to work on /home/airflow/.local/lib/python3.12/site-packages/airflow/example_dags/tutorial_dag.py
[2025-05-30T05:24:25.868+0000] {processor.py:830} INFO - Processing file /home/airflow/.local/lib/python3.12/site-packages/airflow/example_dags/tutorial_dag.py for tasks to queue
[2025-05-30T05:24:25.871+0000] {logging_mixin.py:188} INFO - [2025-05-30T05:24:25.870+0000] {dagbag.py:545} INFO - Filling up the DagBag from /home/airflow/.local/lib/python3.12/site-packages/airflow/example_dags/tutorial_dag.py
[2025-05-30T05:24:25.875+0000] {processor.py:840} INFO - DAG(s) 'tutorial_dag' retrieved from /home/airflow/.local/lib/python3.12/site-packages/airflow/example_dags/tutorial_dag.py
[2025-05-30T05:24:25.892+0000] {logging_mixin.py:188} INFO - [2025-05-30T05:24:25.892+0000] {dag.py:3096} INFO - Sync 1 DAGs
[2025-05-30T05:24:25.903+0000] {logging_mixin.py:188} INFO - [2025-05-30T05:24:25.903+0000] {dag.py:3954} INFO - Setting next_dagrun for tutorial_dag to None, run_after=None
[2025-05-30T05:24:25.918+0000] {processor.py:183} INFO - Processing /home/airflow/.local/lib/python3.12/site-packages/airflow/example_dags/tutorial_dag.py took 0.056 seconds
[2025-05-30T05:24:56.601+0000] {processor.py:161} INFO - Started process (PID=7499) to work on /home/airflow/.local/lib/python3.12/site-packages/airflow/example_dags/tutorial_dag.py
[2025-05-30T05:24:56.602+0000] {processor.py:830} INFO - Processing file /home/airflow/.local/lib/python3.12/site-packages/airflow/example_dags/tutorial_dag.py for tasks to queue
[2025-05-30T05:24:56.605+0000] {logging_mixin.py:188} INFO - [2025-05-30T05:24:56.604+0000] {dagbag.py:545} INFO - Filling up the DagBag from /home/airflow/.local/lib/python3.12/site-packages/airflow/example_dags/tutorial_dag.py
[2025-05-30T05:24:56.611+0000] {processor.py:840} INFO - DAG(s) 'tutorial_dag' retrieved from /home/airflow/.local/lib/python3.12/site-packages/airflow/example_dags/tutorial_dag.py
[2025-05-30T05:24:56.635+0000] {logging_mixin.py:188} INFO - [2025-05-30T05:24:56.634+0000] {dag.py:3096} INFO - Sync 1 DAGs
[2025-05-30T05:24:56.650+0000] {logging_mixin.py:188} INFO - [2025-05-30T05:24:56.650+0000] {dag.py:3954} INFO - Setting next_dagrun for tutorial_dag to None, run_after=None
[2025-05-30T05:24:56.673+0000] {processor.py:183} INFO - Processing /home/airflow/.local/lib/python3.12/site-packages/airflow/example_dags/tutorial_dag.py took 0.077 seconds
[2025-05-30T05:25:27.469+0000] {processor.py:161} INFO - Started process (PID=7772) to work on /home/airflow/.local/lib/python3.12/site-packages/airflow/example_dags/tutorial_dag.py
[2025-05-30T05:25:27.470+0000] {processor.py:830} INFO - Processing file /home/airflow/.local/lib/python3.12/site-packages/airflow/example_dags/tutorial_dag.py for tasks to queue
[2025-05-30T05:25:27.472+0000] {logging_mixin.py:188} INFO - [2025-05-30T05:25:27.472+0000] {dagbag.py:545} INFO - Filling up the DagBag from /home/airflow/.local/lib/python3.12/site-packages/airflow/example_dags/tutorial_dag.py
[2025-05-30T05:25:27.479+0000] {processor.py:840} INFO - DAG(s) 'tutorial_dag' retrieved from /home/airflow/.local/lib/python3.12/site-packages/airflow/example_dags/tutorial_dag.py
[2025-05-30T05:25:27.504+0000] {logging_mixin.py:188} INFO - [2025-05-30T05:25:27.504+0000] {dag.py:3096} INFO - Sync 1 DAGs
[2025-05-30T05:25:27.519+0000] {logging_mixin.py:188} INFO - [2025-05-30T05:25:27.519+0000] {dag.py:3954} INFO - Setting next_dagrun for tutorial_dag to None, run_after=None
[2025-05-30T05:25:27.541+0000] {processor.py:183} INFO - Processing /home/airflow/.local/lib/python3.12/site-packages/airflow/example_dags/tutorial_dag.py took 0.079 seconds
[2025-05-30T05:25:58.245+0000] {processor.py:161} INFO - Started process (PID=8045) to work on /home/airflow/.local/lib/python3.12/site-packages/airflow/example_dags/tutorial_dag.py
[2025-05-30T05:25:58.246+0000] {processor.py:830} INFO - Processing file /home/airflow/.local/lib/python3.12/site-packages/airflow/example_dags/tutorial_dag.py for tasks to queue
[2025-05-30T05:25:58.248+0000] {logging_mixin.py:188} INFO - [2025-05-30T05:25:58.247+0000] {dagbag.py:545} INFO - Filling up the DagBag from /home/airflow/.local/lib/python3.12/site-packages/airflow/example_dags/tutorial_dag.py
[2025-05-30T05:25:58.253+0000] {processor.py:840} INFO - DAG(s) 'tutorial_dag' retrieved from /home/airflow/.local/lib/python3.12/site-packages/airflow/example_dags/tutorial_dag.py
[2025-05-30T05:25:58.275+0000] {logging_mixin.py:188} INFO - [2025-05-30T05:25:58.275+0000] {dag.py:3096} INFO - Sync 1 DAGs
[2025-05-30T05:25:58.288+0000] {logging_mixin.py:188} INFO - [2025-05-30T05:25:58.288+0000] {dag.py:3954} INFO - Setting next_dagrun for tutorial_dag to None, run_after=None
[2025-05-30T05:25:58.304+0000] {processor.py:183} INFO - Processing /home/airflow/.local/lib/python3.12/site-packages/airflow/example_dags/tutorial_dag.py took 0.065 seconds
[2025-05-30T05:26:28.508+0000] {processor.py:161} INFO - Started process (PID=8318) to work on /home/airflow/.local/lib/python3.12/site-packages/airflow/example_dags/tutorial_dag.py
[2025-05-30T05:26:28.509+0000] {processor.py:830} INFO - Processing file /home/airflow/.local/lib/python3.12/site-packages/airflow/example_dags/tutorial_dag.py for tasks to queue
[2025-05-30T05:26:28.512+0000] {logging_mixin.py:188} INFO - [2025-05-30T05:26:28.511+0000] {dagbag.py:545} INFO - Filling up the DagBag from /home/airflow/.local/lib/python3.12/site-packages/airflow/example_dags/tutorial_dag.py
[2025-05-30T05:26:28.519+0000] {processor.py:840} INFO - DAG(s) 'tutorial_dag' retrieved from /home/airflow/.local/lib/python3.12/site-packages/airflow/example_dags/tutorial_dag.py
[2025-05-30T05:26:28.583+0000] {logging_mixin.py:188} INFO - [2025-05-30T05:26:28.582+0000] {dag.py:3096} INFO - Sync 1 DAGs
[2025-05-30T05:26:28.605+0000] {logging_mixin.py:188} INFO - [2025-05-30T05:26:28.605+0000] {dag.py:3954} INFO - Setting next_dagrun for tutorial_dag to None, run_after=None
[2025-05-30T05:26:28.628+0000] {processor.py:183} INFO - Processing /home/airflow/.local/lib/python3.12/site-packages/airflow/example_dags/tutorial_dag.py took 0.128 seconds
[2025-05-30T05:26:59.199+0000] {processor.py:161} INFO - Started process (PID=8590) to work on /home/airflow/.local/lib/python3.12/site-packages/airflow/example_dags/tutorial_dag.py
[2025-05-30T05:26:59.200+0000] {processor.py:830} INFO - Processing file /home/airflow/.local/lib/python3.12/site-packages/airflow/example_dags/tutorial_dag.py for tasks to queue
[2025-05-30T05:26:59.202+0000] {logging_mixin.py:188} INFO - [2025-05-30T05:26:59.201+0000] {dagbag.py:545} INFO - Filling up the DagBag from /home/airflow/.local/lib/python3.12/site-packages/airflow/example_dags/tutorial_dag.py
[2025-05-30T05:26:59.207+0000] {processor.py:840} INFO - DAG(s) 'tutorial_dag' retrieved from /home/airflow/.local/lib/python3.12/site-packages/airflow/example_dags/tutorial_dag.py
[2025-05-30T05:26:59.225+0000] {logging_mixin.py:188} INFO - [2025-05-30T05:26:59.225+0000] {dag.py:3096} INFO - Sync 1 DAGs
[2025-05-30T05:26:59.238+0000] {logging_mixin.py:188} INFO - [2025-05-30T05:26:59.238+0000] {dag.py:3954} INFO - Setting next_dagrun for tutorial_dag to None, run_after=None
[2025-05-30T05:26:59.259+0000] {processor.py:183} INFO - Processing /home/airflow/.local/lib/python3.12/site-packages/airflow/example_dags/tutorial_dag.py took 0.065 seconds
[2025-05-30T05:27:30.624+0000] {processor.py:161} INFO - Started process (PID=8863) to work on /home/airflow/.local/lib/python3.12/site-packages/airflow/example_dags/tutorial_dag.py
[2025-05-30T05:27:30.625+0000] {processor.py:830} INFO - Processing file /home/airflow/.local/lib/python3.12/site-packages/airflow/example_dags/tutorial_dag.py for tasks to queue
[2025-05-30T05:27:30.627+0000] {logging_mixin.py:188} INFO - [2025-05-30T05:27:30.627+0000] {dagbag.py:545} INFO - Filling up the DagBag from /home/airflow/.local/lib/python3.12/site-packages/airflow/example_dags/tutorial_dag.py
[2025-05-30T05:27:30.634+0000] {processor.py:840} INFO - DAG(s) 'tutorial_dag' retrieved from /home/airflow/.local/lib/python3.12/site-packages/airflow/example_dags/tutorial_dag.py
[2025-05-30T05:27:30.663+0000] {logging_mixin.py:188} INFO - [2025-05-30T05:27:30.662+0000] {dag.py:3096} INFO - Sync 1 DAGs
[2025-05-30T05:27:30.686+0000] {logging_mixin.py:188} INFO - [2025-05-30T05:27:30.685+0000] {dag.py:3954} INFO - Setting next_dagrun for tutorial_dag to None, run_after=None
[2025-05-30T05:27:30.714+0000] {processor.py:183} INFO - Processing /home/airflow/.local/lib/python3.12/site-packages/airflow/example_dags/tutorial_dag.py took 0.098 seconds
[2025-05-30T05:28:00.787+0000] {processor.py:161} INFO - Started process (PID=9136) to work on /home/airflow/.local/lib/python3.12/site-packages/airflow/example_dags/tutorial_dag.py
[2025-05-30T05:28:00.788+0000] {processor.py:830} INFO - Processing file /home/airflow/.local/lib/python3.12/site-packages/airflow/example_dags/tutorial_dag.py for tasks to queue
[2025-05-30T05:28:00.790+0000] {logging_mixin.py:188} INFO - [2025-05-30T05:28:00.789+0000] {dagbag.py:545} INFO - Filling up the DagBag from /home/airflow/.local/lib/python3.12/site-packages/airflow/example_dags/tutorial_dag.py
[2025-05-30T05:28:00.795+0000] {processor.py:840} INFO - DAG(s) 'tutorial_dag' retrieved from /home/airflow/.local/lib/python3.12/site-packages/airflow/example_dags/tutorial_dag.py
[2025-05-30T05:28:00.814+0000] {logging_mixin.py:188} INFO - [2025-05-30T05:28:00.813+0000] {dag.py:3096} INFO - Sync 1 DAGs
[2025-05-30T05:28:00.825+0000] {logging_mixin.py:188} INFO - [2025-05-30T05:28:00.825+0000] {dag.py:3954} INFO - Setting next_dagrun for tutorial_dag to None, run_after=None
[2025-05-30T05:28:00.843+0000] {processor.py:183} INFO - Processing /home/airflow/.local/lib/python3.12/site-packages/airflow/example_dags/tutorial_dag.py took 0.061 seconds
[2025-05-30T05:28:31.439+0000] {processor.py:161} INFO - Started process (PID=9409) to work on /home/airflow/.local/lib/python3.12/site-packages/airflow/example_dags/tutorial_dag.py
[2025-05-30T05:28:31.441+0000] {processor.py:830} INFO - Processing file /home/airflow/.local/lib/python3.12/site-packages/airflow/example_dags/tutorial_dag.py for tasks to queue
[2025-05-30T05:28:31.443+0000] {logging_mixin.py:188} INFO - [2025-05-30T05:28:31.442+0000] {dagbag.py:545} INFO - Filling up the DagBag from /home/airflow/.local/lib/python3.12/site-packages/airflow/example_dags/tutorial_dag.py
[2025-05-30T05:28:31.448+0000] {processor.py:840} INFO - DAG(s) 'tutorial_dag' retrieved from /home/airflow/.local/lib/python3.12/site-packages/airflow/example_dags/tutorial_dag.py
[2025-05-30T05:28:31.467+0000] {logging_mixin.py:188} INFO - [2025-05-30T05:28:31.466+0000] {dag.py:3096} INFO - Sync 1 DAGs
[2025-05-30T05:28:31.481+0000] {logging_mixin.py:188} INFO - [2025-05-30T05:28:31.480+0000] {dag.py:3954} INFO - Setting next_dagrun for tutorial_dag to None, run_after=None
[2025-05-30T05:28:31.501+0000] {processor.py:183} INFO - Processing /home/airflow/.local/lib/python3.12/site-packages/airflow/example_dags/tutorial_dag.py took 0.069 seconds
[2025-05-30T05:29:02.608+0000] {processor.py:161} INFO - Started process (PID=9682) to work on /home/airflow/.local/lib/python3.12/site-packages/airflow/example_dags/tutorial_dag.py
[2025-05-30T05:29:02.609+0000] {processor.py:830} INFO - Processing file /home/airflow/.local/lib/python3.12/site-packages/airflow/example_dags/tutorial_dag.py for tasks to queue
[2025-05-30T05:29:02.612+0000] {logging_mixin.py:188} INFO - [2025-05-30T05:29:02.612+0000] {dagbag.py:545} INFO - Filling up the DagBag from /home/airflow/.local/lib/python3.12/site-packages/airflow/example_dags/tutorial_dag.py
[2025-05-30T05:29:02.620+0000] {processor.py:840} INFO - DAG(s) 'tutorial_dag' retrieved from /home/airflow/.local/lib/python3.12/site-packages/airflow/example_dags/tutorial_dag.py
[2025-05-30T05:29:02.646+0000] {logging_mixin.py:188} INFO - [2025-05-30T05:29:02.645+0000] {dag.py:3096} INFO - Sync 1 DAGs
[2025-05-30T05:29:02.680+0000] {logging_mixin.py:188} INFO - [2025-05-30T05:29:02.679+0000] {dag.py:3954} INFO - Setting next_dagrun for tutorial_dag to None, run_after=None
[2025-05-30T05:29:02.728+0000] {processor.py:183} INFO - Processing /home/airflow/.local/lib/python3.12/site-packages/airflow/example_dags/tutorial_dag.py took 0.127 seconds
[2025-05-30T05:29:33.251+0000] {processor.py:161} INFO - Started process (PID=9955) to work on /home/airflow/.local/lib/python3.12/site-packages/airflow/example_dags/tutorial_dag.py
[2025-05-30T05:29:33.254+0000] {processor.py:830} INFO - Processing file /home/airflow/.local/lib/python3.12/site-packages/airflow/example_dags/tutorial_dag.py for tasks to queue
[2025-05-30T05:29:33.268+0000] {logging_mixin.py:188} INFO - [2025-05-30T05:29:33.267+0000] {dagbag.py:545} INFO - Filling up the DagBag from /home/airflow/.local/lib/python3.12/site-packages/airflow/example_dags/tutorial_dag.py
[2025-05-30T05:29:33.293+0000] {processor.py:840} INFO - DAG(s) 'tutorial_dag' retrieved from /home/airflow/.local/lib/python3.12/site-packages/airflow/example_dags/tutorial_dag.py
[2025-05-30T05:29:33.358+0000] {logging_mixin.py:188} INFO - [2025-05-30T05:29:33.357+0000] {dag.py:3096} INFO - Sync 1 DAGs
[2025-05-30T05:29:33.376+0000] {logging_mixin.py:188} INFO - [2025-05-30T05:29:33.376+0000] {dag.py:3954} INFO - Setting next_dagrun for tutorial_dag to None, run_after=None
[2025-05-30T05:29:33.405+0000] {processor.py:183} INFO - Processing /home/airflow/.local/lib/python3.12/site-packages/airflow/example_dags/tutorial_dag.py took 0.167 seconds
[2025-05-30T05:30:03.471+0000] {processor.py:161} INFO - Started process (PID=10233) to work on /home/airflow/.local/lib/python3.12/site-packages/airflow/example_dags/tutorial_dag.py
[2025-05-30T05:30:03.473+0000] {processor.py:830} INFO - Processing file /home/airflow/.local/lib/python3.12/site-packages/airflow/example_dags/tutorial_dag.py for tasks to queue
[2025-05-30T05:30:03.476+0000] {logging_mixin.py:188} INFO - [2025-05-30T05:30:03.475+0000] {dagbag.py:545} INFO - Filling up the DagBag from /home/airflow/.local/lib/python3.12/site-packages/airflow/example_dags/tutorial_dag.py
[2025-05-30T05:30:03.482+0000] {processor.py:840} INFO - DAG(s) 'tutorial_dag' retrieved from /home/airflow/.local/lib/python3.12/site-packages/airflow/example_dags/tutorial_dag.py
[2025-05-30T05:30:03.503+0000] {logging_mixin.py:188} INFO - [2025-05-30T05:30:03.502+0000] {dag.py:3096} INFO - Sync 1 DAGs
[2025-05-30T05:30:03.516+0000] {logging_mixin.py:188} INFO - [2025-05-30T05:30:03.516+0000] {dag.py:3954} INFO - Setting next_dagrun for tutorial_dag to None, run_after=None
[2025-05-30T05:30:03.535+0000] {processor.py:183} INFO - Processing /home/airflow/.local/lib/python3.12/site-packages/airflow/example_dags/tutorial_dag.py took 0.070 seconds
[2025-05-30T05:30:33.680+0000] {processor.py:161} INFO - Started process (PID=10500) to work on /home/airflow/.local/lib/python3.12/site-packages/airflow/example_dags/tutorial_dag.py
[2025-05-30T05:30:33.680+0000] {processor.py:830} INFO - Processing file /home/airflow/.local/lib/python3.12/site-packages/airflow/example_dags/tutorial_dag.py for tasks to queue
[2025-05-30T05:30:33.682+0000] {logging_mixin.py:188} INFO - [2025-05-30T05:30:33.682+0000] {dagbag.py:545} INFO - Filling up the DagBag from /home/airflow/.local/lib/python3.12/site-packages/airflow/example_dags/tutorial_dag.py
[2025-05-30T05:30:33.687+0000] {processor.py:840} INFO - DAG(s) 'tutorial_dag' retrieved from /home/airflow/.local/lib/python3.12/site-packages/airflow/example_dags/tutorial_dag.py
[2025-05-30T05:30:33.704+0000] {logging_mixin.py:188} INFO - [2025-05-30T05:30:33.704+0000] {dag.py:3096} INFO - Sync 1 DAGs
[2025-05-30T05:30:33.720+0000] {logging_mixin.py:188} INFO - [2025-05-30T05:30:33.720+0000] {dag.py:3954} INFO - Setting next_dagrun for tutorial_dag to None, run_after=None
[2025-05-30T05:30:33.742+0000] {processor.py:183} INFO - Processing /home/airflow/.local/lib/python3.12/site-packages/airflow/example_dags/tutorial_dag.py took 0.068 seconds
[2025-05-30T05:31:04.002+0000] {processor.py:161} INFO - Started process (PID=10773) to work on /home/airflow/.local/lib/python3.12/site-packages/airflow/example_dags/tutorial_dag.py
[2025-05-30T05:31:04.004+0000] {processor.py:830} INFO - Processing file /home/airflow/.local/lib/python3.12/site-packages/airflow/example_dags/tutorial_dag.py for tasks to queue
[2025-05-30T05:31:04.006+0000] {logging_mixin.py:188} INFO - [2025-05-30T05:31:04.006+0000] {dagbag.py:545} INFO - Filling up the DagBag from /home/airflow/.local/lib/python3.12/site-packages/airflow/example_dags/tutorial_dag.py
[2025-05-30T05:31:04.013+0000] {processor.py:840} INFO - DAG(s) 'tutorial_dag' retrieved from /home/airflow/.local/lib/python3.12/site-packages/airflow/example_dags/tutorial_dag.py
[2025-05-30T05:31:04.033+0000] {logging_mixin.py:188} INFO - [2025-05-30T05:31:04.033+0000] {dag.py:3096} INFO - Sync 1 DAGs
[2025-05-30T05:31:04.050+0000] {logging_mixin.py:188} INFO - [2025-05-30T05:31:04.050+0000] {dag.py:3954} INFO - Setting next_dagrun for tutorial_dag to None, run_after=None
[2025-05-30T05:31:04.079+0000] {processor.py:183} INFO - Processing /home/airflow/.local/lib/python3.12/site-packages/airflow/example_dags/tutorial_dag.py took 0.083 seconds
[2025-05-30T05:31:34.304+0000] {processor.py:161} INFO - Started process (PID=11046) to work on /home/airflow/.local/lib/python3.12/site-packages/airflow/example_dags/tutorial_dag.py
[2025-05-30T05:31:34.305+0000] {processor.py:830} INFO - Processing file /home/airflow/.local/lib/python3.12/site-packages/airflow/example_dags/tutorial_dag.py for tasks to queue
[2025-05-30T05:31:34.307+0000] {logging_mixin.py:188} INFO - [2025-05-30T05:31:34.306+0000] {dagbag.py:545} INFO - Filling up the DagBag from /home/airflow/.local/lib/python3.12/site-packages/airflow/example_dags/tutorial_dag.py
[2025-05-30T05:31:34.312+0000] {processor.py:840} INFO - DAG(s) 'tutorial_dag' retrieved from /home/airflow/.local/lib/python3.12/site-packages/airflow/example_dags/tutorial_dag.py
[2025-05-30T05:31:34.330+0000] {logging_mixin.py:188} INFO - [2025-05-30T05:31:34.329+0000] {dag.py:3096} INFO - Sync 1 DAGs
[2025-05-30T05:31:34.344+0000] {logging_mixin.py:188} INFO - [2025-05-30T05:31:34.344+0000] {dag.py:3954} INFO - Setting next_dagrun for tutorial_dag to None, run_after=None
[2025-05-30T05:31:34.362+0000] {processor.py:183} INFO - Processing /home/airflow/.local/lib/python3.12/site-packages/airflow/example_dags/tutorial_dag.py took 0.063 seconds
[2025-05-30T05:32:04.511+0000] {processor.py:161} INFO - Started process (PID=11319) to work on /home/airflow/.local/lib/python3.12/site-packages/airflow/example_dags/tutorial_dag.py
[2025-05-30T05:32:04.512+0000] {processor.py:830} INFO - Processing file /home/airflow/.local/lib/python3.12/site-packages/airflow/example_dags/tutorial_dag.py for tasks to queue
[2025-05-30T05:32:04.513+0000] {logging_mixin.py:188} INFO - [2025-05-30T05:32:04.513+0000] {dagbag.py:545} INFO - Filling up the DagBag from /home/airflow/.local/lib/python3.12/site-packages/airflow/example_dags/tutorial_dag.py
[2025-05-30T05:32:04.518+0000] {processor.py:840} INFO - DAG(s) 'tutorial_dag' retrieved from /home/airflow/.local/lib/python3.12/site-packages/airflow/example_dags/tutorial_dag.py
[2025-05-30T05:32:04.540+0000] {logging_mixin.py:188} INFO - [2025-05-30T05:32:04.539+0000] {dag.py:3096} INFO - Sync 1 DAGs
[2025-05-30T05:32:04.555+0000] {logging_mixin.py:188} INFO - [2025-05-30T05:32:04.554+0000] {dag.py:3954} INFO - Setting next_dagrun for tutorial_dag to None, run_after=None
[2025-05-30T05:32:04.573+0000] {processor.py:183} INFO - Processing /home/airflow/.local/lib/python3.12/site-packages/airflow/example_dags/tutorial_dag.py took 0.067 seconds
[2025-05-30T05:32:35.594+0000] {processor.py:161} INFO - Started process (PID=11592) to work on /home/airflow/.local/lib/python3.12/site-packages/airflow/example_dags/tutorial_dag.py
[2025-05-30T05:32:35.594+0000] {processor.py:830} INFO - Processing file /home/airflow/.local/lib/python3.12/site-packages/airflow/example_dags/tutorial_dag.py for tasks to queue
[2025-05-30T05:32:35.596+0000] {logging_mixin.py:188} INFO - [2025-05-30T05:32:35.596+0000] {dagbag.py:545} INFO - Filling up the DagBag from /home/airflow/.local/lib/python3.12/site-packages/airflow/example_dags/tutorial_dag.py
[2025-05-30T05:32:35.601+0000] {processor.py:840} INFO - DAG(s) 'tutorial_dag' retrieved from /home/airflow/.local/lib/python3.12/site-packages/airflow/example_dags/tutorial_dag.py
[2025-05-30T05:32:35.619+0000] {logging_mixin.py:188} INFO - [2025-05-30T05:32:35.619+0000] {dag.py:3096} INFO - Sync 1 DAGs
[2025-05-30T05:32:35.632+0000] {logging_mixin.py:188} INFO - [2025-05-30T05:32:35.632+0000] {dag.py:3954} INFO - Setting next_dagrun for tutorial_dag to None, run_after=None
[2025-05-30T05:32:35.650+0000] {processor.py:183} INFO - Processing /home/airflow/.local/lib/python3.12/site-packages/airflow/example_dags/tutorial_dag.py took 0.061 seconds
[2025-05-30T05:40:04.210+0000] {processor.py:161} INFO - Started process (PID=389) to work on /home/airflow/.local/lib/python3.12/site-packages/airflow/example_dags/tutorial_dag.py
[2025-05-30T05:40:04.212+0000] {processor.py:830} INFO - Processing file /home/airflow/.local/lib/python3.12/site-packages/airflow/example_dags/tutorial_dag.py for tasks to queue
[2025-05-30T05:40:04.215+0000] {logging_mixin.py:188} INFO - [2025-05-30T05:40:04.214+0000] {dagbag.py:545} INFO - Filling up the DagBag from /home/airflow/.local/lib/python3.12/site-packages/airflow/example_dags/tutorial_dag.py
[2025-05-30T05:40:04.227+0000] {processor.py:840} INFO - DAG(s) 'tutorial_dag' retrieved from /home/airflow/.local/lib/python3.12/site-packages/airflow/example_dags/tutorial_dag.py
[2025-05-30T05:40:04.246+0000] {logging_mixin.py:188} INFO - [2025-05-30T05:40:04.245+0000] {dag.py:3096} INFO - Sync 1 DAGs
[2025-05-30T05:40:04.267+0000] {logging_mixin.py:188} INFO - [2025-05-30T05:40:04.267+0000] {dag.py:3954} INFO - Setting next_dagrun for tutorial_dag to None, run_after=None
[2025-05-30T05:40:04.298+0000] {processor.py:183} INFO - Processing /home/airflow/.local/lib/python3.12/site-packages/airflow/example_dags/tutorial_dag.py took 0.097 seconds
[2025-05-30T05:40:36.246+0000] {processor.py:161} INFO - Started process (PID=662) to work on /home/airflow/.local/lib/python3.12/site-packages/airflow/example_dags/tutorial_dag.py
[2025-05-30T05:40:36.247+0000] {processor.py:830} INFO - Processing file /home/airflow/.local/lib/python3.12/site-packages/airflow/example_dags/tutorial_dag.py for tasks to queue
[2025-05-30T05:40:36.249+0000] {logging_mixin.py:188} INFO - [2025-05-30T05:40:36.249+0000] {dagbag.py:545} INFO - Filling up the DagBag from /home/airflow/.local/lib/python3.12/site-packages/airflow/example_dags/tutorial_dag.py
[2025-05-30T05:40:36.254+0000] {processor.py:840} INFO - DAG(s) 'tutorial_dag' retrieved from /home/airflow/.local/lib/python3.12/site-packages/airflow/example_dags/tutorial_dag.py
[2025-05-30T05:40:36.364+0000] {logging_mixin.py:188} INFO - [2025-05-30T05:40:36.364+0000] {dag.py:3096} INFO - Sync 1 DAGs
[2025-05-30T05:40:36.375+0000] {logging_mixin.py:188} INFO - [2025-05-30T05:40:36.374+0000] {dag.py:3954} INFO - Setting next_dagrun for tutorial_dag to None, run_after=None
[2025-05-30T05:40:36.395+0000] {processor.py:183} INFO - Processing /home/airflow/.local/lib/python3.12/site-packages/airflow/example_dags/tutorial_dag.py took 0.153 seconds
[2025-05-30T05:41:06.755+0000] {processor.py:161} INFO - Started process (PID=935) to work on /home/airflow/.local/lib/python3.12/site-packages/airflow/example_dags/tutorial_dag.py
[2025-05-30T05:41:06.756+0000] {processor.py:830} INFO - Processing file /home/airflow/.local/lib/python3.12/site-packages/airflow/example_dags/tutorial_dag.py for tasks to queue
[2025-05-30T05:41:06.758+0000] {logging_mixin.py:188} INFO - [2025-05-30T05:41:06.757+0000] {dagbag.py:545} INFO - Filling up the DagBag from /home/airflow/.local/lib/python3.12/site-packages/airflow/example_dags/tutorial_dag.py
[2025-05-30T05:41:06.762+0000] {processor.py:840} INFO - DAG(s) 'tutorial_dag' retrieved from /home/airflow/.local/lib/python3.12/site-packages/airflow/example_dags/tutorial_dag.py
[2025-05-30T05:41:06.778+0000] {logging_mixin.py:188} INFO - [2025-05-30T05:41:06.778+0000] {dag.py:3096} INFO - Sync 1 DAGs
[2025-05-30T05:41:06.789+0000] {logging_mixin.py:188} INFO - [2025-05-30T05:41:06.789+0000] {dag.py:3954} INFO - Setting next_dagrun for tutorial_dag to None, run_after=None
[2025-05-30T05:41:06.805+0000] {processor.py:183} INFO - Processing /home/airflow/.local/lib/python3.12/site-packages/airflow/example_dags/tutorial_dag.py took 0.055 seconds
