[2025-05-30T04:40:36.389+0000] {processor.py:161} INFO - Started process (PID=343) to work on /home/airflow/.local/lib/python3.12/site-packages/airflow/example_dags/tutorial.py
[2025-05-30T04:40:36.390+0000] {processor.py:830} INFO - Processing file /home/airflow/.local/lib/python3.12/site-packages/airflow/example_dags/tutorial.py for tasks to queue
[2025-05-30T04:40:36.392+0000] {logging_mixin.py:188} INFO - [2025-05-30T04:40:36.391+0000] {dagbag.py:545} INFO - Filling up the DagBag from /home/airflow/.local/lib/python3.12/site-packages/airflow/example_dags/tutorial.py
[2025-05-30T04:40:36.398+0000] {processor.py:840} INFO - DAG(s) 'tutorial' retrieved from /home/airflow/.local/lib/python3.12/site-packages/airflow/example_dags/tutorial.py
[2025-05-30T04:40:36.417+0000] {logging_mixin.py:188} INFO - [2025-05-30T04:40:36.417+0000] {dag.py:3096} INFO - Sync 1 DAGs
[2025-05-30T04:40:36.453+0000] {logging_mixin.py:188} INFO - [2025-05-30T04:40:36.453+0000] {dag.py:3954} INFO - Setting next_dagrun for tutorial to 2025-05-29 00:00:00+00:00, run_after=2025-05-30 00:00:00+00:00
[2025-05-30T04:40:36.476+0000] {processor.py:183} INFO - Processing /home/airflow/.local/lib/python3.12/site-packages/airflow/example_dags/tutorial.py took 0.091 seconds
[2025-05-30T04:41:07.726+0000] {processor.py:161} INFO - Started process (PID=611) to work on /home/airflow/.local/lib/python3.12/site-packages/airflow/example_dags/tutorial.py
[2025-05-30T04:41:07.727+0000] {processor.py:830} INFO - Processing file /home/airflow/.local/lib/python3.12/site-packages/airflow/example_dags/tutorial.py for tasks to queue
[2025-05-30T04:41:07.729+0000] {logging_mixin.py:188} INFO - [2025-05-30T04:41:07.728+0000] {dagbag.py:545} INFO - Filling up the DagBag from /home/airflow/.local/lib/python3.12/site-packages/airflow/example_dags/tutorial.py
[2025-05-30T04:41:07.735+0000] {processor.py:840} INFO - DAG(s) 'tutorial' retrieved from /home/airflow/.local/lib/python3.12/site-packages/airflow/example_dags/tutorial.py
[2025-05-30T04:41:07.758+0000] {logging_mixin.py:188} INFO - [2025-05-30T04:41:07.758+0000] {dag.py:3096} INFO - Sync 1 DAGs
[2025-05-30T04:41:07.786+0000] {logging_mixin.py:188} INFO - [2025-05-30T04:41:07.786+0000] {dag.py:3954} INFO - Setting next_dagrun for tutorial to 2025-05-29 00:00:00+00:00, run_after=2025-05-30 00:00:00+00:00
[2025-05-30T04:41:07.810+0000] {processor.py:183} INFO - Processing /home/airflow/.local/lib/python3.12/site-packages/airflow/example_dags/tutorial.py took 0.091 seconds
[2025-05-30T04:41:38.675+0000] {processor.py:161} INFO - Started process (PID=889) to work on /home/airflow/.local/lib/python3.12/site-packages/airflow/example_dags/tutorial.py
[2025-05-30T04:41:38.677+0000] {processor.py:830} INFO - Processing file /home/airflow/.local/lib/python3.12/site-packages/airflow/example_dags/tutorial.py for tasks to queue
[2025-05-30T04:41:38.681+0000] {logging_mixin.py:188} INFO - [2025-05-30T04:41:38.680+0000] {dagbag.py:545} INFO - Filling up the DagBag from /home/airflow/.local/lib/python3.12/site-packages/airflow/example_dags/tutorial.py
[2025-05-30T04:41:38.696+0000] {processor.py:840} INFO - DAG(s) 'tutorial' retrieved from /home/airflow/.local/lib/python3.12/site-packages/airflow/example_dags/tutorial.py
[2025-05-30T04:41:38.730+0000] {logging_mixin.py:188} INFO - [2025-05-30T04:41:38.729+0000] {dag.py:3096} INFO - Sync 1 DAGs
[2025-05-30T04:41:38.777+0000] {logging_mixin.py:188} INFO - [2025-05-30T04:41:38.776+0000] {dag.py:3954} INFO - Setting next_dagrun for tutorial to 2025-05-29 00:00:00+00:00, run_after=2025-05-30 00:00:00+00:00
[2025-05-30T04:41:38.855+0000] {processor.py:183} INFO - Processing /home/airflow/.local/lib/python3.12/site-packages/airflow/example_dags/tutorial.py took 0.190 seconds
[2025-05-30T04:42:10.030+0000] {processor.py:161} INFO - Started process (PID=1161) to work on /home/airflow/.local/lib/python3.12/site-packages/airflow/example_dags/tutorial.py
[2025-05-30T04:42:10.031+0000] {processor.py:830} INFO - Processing file /home/airflow/.local/lib/python3.12/site-packages/airflow/example_dags/tutorial.py for tasks to queue
[2025-05-30T04:42:10.033+0000] {logging_mixin.py:188} INFO - [2025-05-30T04:42:10.033+0000] {dagbag.py:545} INFO - Filling up the DagBag from /home/airflow/.local/lib/python3.12/site-packages/airflow/example_dags/tutorial.py
[2025-05-30T04:42:10.038+0000] {processor.py:840} INFO - DAG(s) 'tutorial' retrieved from /home/airflow/.local/lib/python3.12/site-packages/airflow/example_dags/tutorial.py
[2025-05-30T04:42:10.054+0000] {logging_mixin.py:188} INFO - [2025-05-30T04:42:10.054+0000] {dag.py:3096} INFO - Sync 1 DAGs
[2025-05-30T04:42:10.073+0000] {logging_mixin.py:188} INFO - [2025-05-30T04:42:10.073+0000] {dag.py:3954} INFO - Setting next_dagrun for tutorial to 2025-05-29 00:00:00+00:00, run_after=2025-05-30 00:00:00+00:00
[2025-05-30T04:42:10.090+0000] {processor.py:183} INFO - Processing /home/airflow/.local/lib/python3.12/site-packages/airflow/example_dags/tutorial.py took 0.065 seconds
[2025-05-30T04:42:41.141+0000] {processor.py:161} INFO - Started process (PID=1429) to work on /home/airflow/.local/lib/python3.12/site-packages/airflow/example_dags/tutorial.py
[2025-05-30T04:42:41.142+0000] {processor.py:830} INFO - Processing file /home/airflow/.local/lib/python3.12/site-packages/airflow/example_dags/tutorial.py for tasks to queue
[2025-05-30T04:42:41.144+0000] {logging_mixin.py:188} INFO - [2025-05-30T04:42:41.143+0000] {dagbag.py:545} INFO - Filling up the DagBag from /home/airflow/.local/lib/python3.12/site-packages/airflow/example_dags/tutorial.py
[2025-05-30T04:42:41.149+0000] {processor.py:840} INFO - DAG(s) 'tutorial' retrieved from /home/airflow/.local/lib/python3.12/site-packages/airflow/example_dags/tutorial.py
[2025-05-30T04:42:41.167+0000] {logging_mixin.py:188} INFO - [2025-05-30T04:42:41.167+0000] {dag.py:3096} INFO - Sync 1 DAGs
[2025-05-30T04:42:41.192+0000] {logging_mixin.py:188} INFO - [2025-05-30T04:42:41.192+0000] {dag.py:3954} INFO - Setting next_dagrun for tutorial to 2025-05-29 00:00:00+00:00, run_after=2025-05-30 00:00:00+00:00
[2025-05-30T04:42:41.211+0000] {processor.py:183} INFO - Processing /home/airflow/.local/lib/python3.12/site-packages/airflow/example_dags/tutorial.py took 0.077 seconds
[2025-05-30T04:43:11.702+0000] {processor.py:161} INFO - Started process (PID=1702) to work on /home/airflow/.local/lib/python3.12/site-packages/airflow/example_dags/tutorial.py
[2025-05-30T04:43:11.702+0000] {processor.py:830} INFO - Processing file /home/airflow/.local/lib/python3.12/site-packages/airflow/example_dags/tutorial.py for tasks to queue
[2025-05-30T04:43:11.704+0000] {logging_mixin.py:188} INFO - [2025-05-30T04:43:11.704+0000] {dagbag.py:545} INFO - Filling up the DagBag from /home/airflow/.local/lib/python3.12/site-packages/airflow/example_dags/tutorial.py
[2025-05-30T04:43:11.709+0000] {processor.py:840} INFO - DAG(s) 'tutorial' retrieved from /home/airflow/.local/lib/python3.12/site-packages/airflow/example_dags/tutorial.py
[2025-05-30T04:43:11.726+0000] {logging_mixin.py:188} INFO - [2025-05-30T04:43:11.726+0000] {dag.py:3096} INFO - Sync 1 DAGs
[2025-05-30T04:43:11.748+0000] {logging_mixin.py:188} INFO - [2025-05-30T04:43:11.748+0000] {dag.py:3954} INFO - Setting next_dagrun for tutorial to 2025-05-29 00:00:00+00:00, run_after=2025-05-30 00:00:00+00:00
[2025-05-30T04:43:11.768+0000] {processor.py:183} INFO - Processing /home/airflow/.local/lib/python3.12/site-packages/airflow/example_dags/tutorial.py took 0.071 seconds
[2025-05-30T04:43:42.442+0000] {processor.py:161} INFO - Started process (PID=1979) to work on /home/airflow/.local/lib/python3.12/site-packages/airflow/example_dags/tutorial.py
[2025-05-30T04:43:42.442+0000] {processor.py:830} INFO - Processing file /home/airflow/.local/lib/python3.12/site-packages/airflow/example_dags/tutorial.py for tasks to queue
[2025-05-30T04:43:42.444+0000] {logging_mixin.py:188} INFO - [2025-05-30T04:43:42.444+0000] {dagbag.py:545} INFO - Filling up the DagBag from /home/airflow/.local/lib/python3.12/site-packages/airflow/example_dags/tutorial.py
[2025-05-30T04:43:42.449+0000] {processor.py:840} INFO - DAG(s) 'tutorial' retrieved from /home/airflow/.local/lib/python3.12/site-packages/airflow/example_dags/tutorial.py
[2025-05-30T04:43:42.472+0000] {logging_mixin.py:188} INFO - [2025-05-30T04:43:42.472+0000] {dag.py:3096} INFO - Sync 1 DAGs
[2025-05-30T04:43:42.496+0000] {logging_mixin.py:188} INFO - [2025-05-30T04:43:42.496+0000] {dag.py:3954} INFO - Setting next_dagrun for tutorial to 2025-05-29 00:00:00+00:00, run_after=2025-05-30 00:00:00+00:00
[2025-05-30T04:43:42.514+0000] {processor.py:183} INFO - Processing /home/airflow/.local/lib/python3.12/site-packages/airflow/example_dags/tutorial.py took 0.078 seconds
[2025-05-30T04:44:12.924+0000] {processor.py:161} INFO - Started process (PID=2249) to work on /home/airflow/.local/lib/python3.12/site-packages/airflow/example_dags/tutorial.py
[2025-05-30T04:44:12.925+0000] {processor.py:830} INFO - Processing file /home/airflow/.local/lib/python3.12/site-packages/airflow/example_dags/tutorial.py for tasks to queue
[2025-05-30T04:44:12.927+0000] {logging_mixin.py:188} INFO - [2025-05-30T04:44:12.927+0000] {dagbag.py:545} INFO - Filling up the DagBag from /home/airflow/.local/lib/python3.12/site-packages/airflow/example_dags/tutorial.py
[2025-05-30T04:44:12.934+0000] {processor.py:840} INFO - DAG(s) 'tutorial' retrieved from /home/airflow/.local/lib/python3.12/site-packages/airflow/example_dags/tutorial.py
[2025-05-30T04:44:12.955+0000] {logging_mixin.py:188} INFO - [2025-05-30T04:44:12.955+0000] {dag.py:3096} INFO - Sync 1 DAGs
[2025-05-30T04:44:12.975+0000] {logging_mixin.py:188} INFO - [2025-05-30T04:44:12.975+0000] {dag.py:3954} INFO - Setting next_dagrun for tutorial to 2025-05-29 00:00:00+00:00, run_after=2025-05-30 00:00:00+00:00
[2025-05-30T04:44:12.998+0000] {processor.py:183} INFO - Processing /home/airflow/.local/lib/python3.12/site-packages/airflow/example_dags/tutorial.py took 0.078 seconds
[2025-05-30T04:44:43.729+0000] {processor.py:161} INFO - Started process (PID=2520) to work on /home/airflow/.local/lib/python3.12/site-packages/airflow/example_dags/tutorial.py
[2025-05-30T04:44:43.730+0000] {processor.py:830} INFO - Processing file /home/airflow/.local/lib/python3.12/site-packages/airflow/example_dags/tutorial.py for tasks to queue
[2025-05-30T04:44:43.732+0000] {logging_mixin.py:188} INFO - [2025-05-30T04:44:43.731+0000] {dagbag.py:545} INFO - Filling up the DagBag from /home/airflow/.local/lib/python3.12/site-packages/airflow/example_dags/tutorial.py
[2025-05-30T04:44:43.737+0000] {processor.py:840} INFO - DAG(s) 'tutorial' retrieved from /home/airflow/.local/lib/python3.12/site-packages/airflow/example_dags/tutorial.py
[2025-05-30T04:44:43.755+0000] {logging_mixin.py:188} INFO - [2025-05-30T04:44:43.755+0000] {dag.py:3096} INFO - Sync 1 DAGs
[2025-05-30T04:44:43.776+0000] {logging_mixin.py:188} INFO - [2025-05-30T04:44:43.776+0000] {dag.py:3954} INFO - Setting next_dagrun for tutorial to 2025-05-29 00:00:00+00:00, run_after=2025-05-30 00:00:00+00:00
[2025-05-30T04:44:43.798+0000] {processor.py:183} INFO - Processing /home/airflow/.local/lib/python3.12/site-packages/airflow/example_dags/tutorial.py took 0.073 seconds
[2025-05-30T04:45:15.024+0000] {processor.py:161} INFO - Started process (PID=2798) to work on /home/airflow/.local/lib/python3.12/site-packages/airflow/example_dags/tutorial.py
[2025-05-30T04:45:15.025+0000] {processor.py:830} INFO - Processing file /home/airflow/.local/lib/python3.12/site-packages/airflow/example_dags/tutorial.py for tasks to queue
[2025-05-30T04:45:15.027+0000] {logging_mixin.py:188} INFO - [2025-05-30T04:45:15.027+0000] {dagbag.py:545} INFO - Filling up the DagBag from /home/airflow/.local/lib/python3.12/site-packages/airflow/example_dags/tutorial.py
[2025-05-30T04:45:15.033+0000] {processor.py:840} INFO - DAG(s) 'tutorial' retrieved from /home/airflow/.local/lib/python3.12/site-packages/airflow/example_dags/tutorial.py
[2025-05-30T04:45:15.053+0000] {logging_mixin.py:188} INFO - [2025-05-30T04:45:15.053+0000] {dag.py:3096} INFO - Sync 1 DAGs
[2025-05-30T04:45:15.080+0000] {logging_mixin.py:188} INFO - [2025-05-30T04:45:15.080+0000] {dag.py:3954} INFO - Setting next_dagrun for tutorial to 2025-05-29 00:00:00+00:00, run_after=2025-05-30 00:00:00+00:00
[2025-05-30T04:45:15.102+0000] {processor.py:183} INFO - Processing /home/airflow/.local/lib/python3.12/site-packages/airflow/example_dags/tutorial.py took 0.084 seconds
[2025-05-30T04:45:45.597+0000] {processor.py:161} INFO - Started process (PID=3066) to work on /home/airflow/.local/lib/python3.12/site-packages/airflow/example_dags/tutorial.py
[2025-05-30T04:45:45.598+0000] {processor.py:830} INFO - Processing file /home/airflow/.local/lib/python3.12/site-packages/airflow/example_dags/tutorial.py for tasks to queue
[2025-05-30T04:45:45.600+0000] {logging_mixin.py:188} INFO - [2025-05-30T04:45:45.600+0000] {dagbag.py:545} INFO - Filling up the DagBag from /home/airflow/.local/lib/python3.12/site-packages/airflow/example_dags/tutorial.py
[2025-05-30T04:45:45.605+0000] {processor.py:840} INFO - DAG(s) 'tutorial' retrieved from /home/airflow/.local/lib/python3.12/site-packages/airflow/example_dags/tutorial.py
[2025-05-30T04:45:45.624+0000] {logging_mixin.py:188} INFO - [2025-05-30T04:45:45.624+0000] {dag.py:3096} INFO - Sync 1 DAGs
[2025-05-30T04:45:45.646+0000] {logging_mixin.py:188} INFO - [2025-05-30T04:45:45.646+0000] {dag.py:3954} INFO - Setting next_dagrun for tutorial to 2025-05-29 00:00:00+00:00, run_after=2025-05-30 00:00:00+00:00
[2025-05-30T04:45:45.669+0000] {processor.py:183} INFO - Processing /home/airflow/.local/lib/python3.12/site-packages/airflow/example_dags/tutorial.py took 0.077 seconds
[2025-05-30T04:46:18.659+0000] {processor.py:161} INFO - Started process (PID=3338) to work on /home/airflow/.local/lib/python3.12/site-packages/airflow/example_dags/tutorial.py
[2025-05-30T04:46:18.664+0000] {processor.py:830} INFO - Processing file /home/airflow/.local/lib/python3.12/site-packages/airflow/example_dags/tutorial.py for tasks to queue
[2025-05-30T04:46:18.669+0000] {logging_mixin.py:188} INFO - [2025-05-30T04:46:18.668+0000] {dagbag.py:545} INFO - Filling up the DagBag from /home/airflow/.local/lib/python3.12/site-packages/airflow/example_dags/tutorial.py
[2025-05-30T04:46:18.708+0000] {processor.py:840} INFO - DAG(s) 'tutorial' retrieved from /home/airflow/.local/lib/python3.12/site-packages/airflow/example_dags/tutorial.py
[2025-05-30T04:46:18.810+0000] {logging_mixin.py:188} INFO - [2025-05-30T04:46:18.810+0000] {dag.py:3096} INFO - Sync 1 DAGs
[2025-05-30T04:46:18.947+0000] {logging_mixin.py:188} INFO - [2025-05-30T04:46:18.946+0000] {dag.py:3954} INFO - Setting next_dagrun for tutorial to 2025-05-29 00:00:00+00:00, run_after=2025-05-30 00:00:00+00:00
[2025-05-30T04:46:19.003+0000] {processor.py:183} INFO - Processing /home/airflow/.local/lib/python3.12/site-packages/airflow/example_dags/tutorial.py took 0.364 seconds
[2025-05-30T04:46:49.399+0000] {processor.py:161} INFO - Started process (PID=3611) to work on /home/airflow/.local/lib/python3.12/site-packages/airflow/example_dags/tutorial.py
[2025-05-30T04:46:49.400+0000] {processor.py:830} INFO - Processing file /home/airflow/.local/lib/python3.12/site-packages/airflow/example_dags/tutorial.py for tasks to queue
[2025-05-30T04:46:49.402+0000] {logging_mixin.py:188} INFO - [2025-05-30T04:46:49.402+0000] {dagbag.py:545} INFO - Filling up the DagBag from /home/airflow/.local/lib/python3.12/site-packages/airflow/example_dags/tutorial.py
[2025-05-30T04:46:49.407+0000] {processor.py:840} INFO - DAG(s) 'tutorial' retrieved from /home/airflow/.local/lib/python3.12/site-packages/airflow/example_dags/tutorial.py
[2025-05-30T04:46:49.416+0000] {logging_mixin.py:188} INFO - [2025-05-30T04:46:49.416+0000] {dag.py:3096} INFO - Sync 1 DAGs
[2025-05-30T04:46:49.434+0000] {logging_mixin.py:188} INFO - [2025-05-30T04:46:49.434+0000] {dag.py:3954} INFO - Setting next_dagrun for tutorial to 2025-05-29 00:00:00+00:00, run_after=2025-05-30 00:00:00+00:00
[2025-05-30T04:46:49.448+0000] {processor.py:183} INFO - Processing /home/airflow/.local/lib/python3.12/site-packages/airflow/example_dags/tutorial.py took 0.054 seconds
[2025-05-30T04:47:19.690+0000] {processor.py:161} INFO - Started process (PID=3877) to work on /home/airflow/.local/lib/python3.12/site-packages/airflow/example_dags/tutorial.py
[2025-05-30T04:47:19.692+0000] {processor.py:830} INFO - Processing file /home/airflow/.local/lib/python3.12/site-packages/airflow/example_dags/tutorial.py for tasks to queue
[2025-05-30T04:47:19.694+0000] {logging_mixin.py:188} INFO - [2025-05-30T04:47:19.693+0000] {dagbag.py:545} INFO - Filling up the DagBag from /home/airflow/.local/lib/python3.12/site-packages/airflow/example_dags/tutorial.py
[2025-05-30T04:47:19.700+0000] {processor.py:840} INFO - DAG(s) 'tutorial' retrieved from /home/airflow/.local/lib/python3.12/site-packages/airflow/example_dags/tutorial.py
[2025-05-30T04:47:19.800+0000] {logging_mixin.py:188} INFO - [2025-05-30T04:47:19.800+0000] {dag.py:3096} INFO - Sync 1 DAGs
[2025-05-30T04:47:19.819+0000] {logging_mixin.py:188} INFO - [2025-05-30T04:47:19.818+0000] {dag.py:3954} INFO - Setting next_dagrun for tutorial to 2025-05-29 00:00:00+00:00, run_after=2025-05-30 00:00:00+00:00
[2025-05-30T04:47:19.834+0000] {processor.py:183} INFO - Processing /home/airflow/.local/lib/python3.12/site-packages/airflow/example_dags/tutorial.py took 0.149 seconds
[2025-05-30T04:47:50.146+0000] {processor.py:161} INFO - Started process (PID=4150) to work on /home/airflow/.local/lib/python3.12/site-packages/airflow/example_dags/tutorial.py
[2025-05-30T04:47:50.148+0000] {processor.py:830} INFO - Processing file /home/airflow/.local/lib/python3.12/site-packages/airflow/example_dags/tutorial.py for tasks to queue
[2025-05-30T04:47:50.150+0000] {logging_mixin.py:188} INFO - [2025-05-30T04:47:50.149+0000] {dagbag.py:545} INFO - Filling up the DagBag from /home/airflow/.local/lib/python3.12/site-packages/airflow/example_dags/tutorial.py
[2025-05-30T04:47:50.156+0000] {processor.py:840} INFO - DAG(s) 'tutorial' retrieved from /home/airflow/.local/lib/python3.12/site-packages/airflow/example_dags/tutorial.py
[2025-05-30T04:47:50.176+0000] {logging_mixin.py:188} INFO - [2025-05-30T04:47:50.176+0000] {dag.py:3096} INFO - Sync 1 DAGs
[2025-05-30T04:47:50.200+0000] {logging_mixin.py:188} INFO - [2025-05-30T04:47:50.199+0000] {dag.py:3954} INFO - Setting next_dagrun for tutorial to 2025-05-29 00:00:00+00:00, run_after=2025-05-30 00:00:00+00:00
[2025-05-30T04:47:50.217+0000] {processor.py:183} INFO - Processing /home/airflow/.local/lib/python3.12/site-packages/airflow/example_dags/tutorial.py took 0.076 seconds
[2025-05-30T04:48:20.629+0000] {processor.py:161} INFO - Started process (PID=4423) to work on /home/airflow/.local/lib/python3.12/site-packages/airflow/example_dags/tutorial.py
[2025-05-30T04:48:20.629+0000] {processor.py:830} INFO - Processing file /home/airflow/.local/lib/python3.12/site-packages/airflow/example_dags/tutorial.py for tasks to queue
[2025-05-30T04:48:20.631+0000] {logging_mixin.py:188} INFO - [2025-05-30T04:48:20.631+0000] {dagbag.py:545} INFO - Filling up the DagBag from /home/airflow/.local/lib/python3.12/site-packages/airflow/example_dags/tutorial.py
[2025-05-30T04:48:20.637+0000] {processor.py:840} INFO - DAG(s) 'tutorial' retrieved from /home/airflow/.local/lib/python3.12/site-packages/airflow/example_dags/tutorial.py
[2025-05-30T04:48:20.660+0000] {logging_mixin.py:188} INFO - [2025-05-30T04:48:20.659+0000] {dag.py:3096} INFO - Sync 1 DAGs
[2025-05-30T04:48:20.685+0000] {logging_mixin.py:188} INFO - [2025-05-30T04:48:20.685+0000] {dag.py:3954} INFO - Setting next_dagrun for tutorial to 2025-05-29 00:00:00+00:00, run_after=2025-05-30 00:00:00+00:00
[2025-05-30T04:48:20.706+0000] {processor.py:183} INFO - Processing /home/airflow/.local/lib/python3.12/site-packages/airflow/example_dags/tutorial.py took 0.083 seconds
[2025-05-30T04:48:51.247+0000] {processor.py:161} INFO - Started process (PID=4696) to work on /home/airflow/.local/lib/python3.12/site-packages/airflow/example_dags/tutorial.py
[2025-05-30T04:48:51.248+0000] {processor.py:830} INFO - Processing file /home/airflow/.local/lib/python3.12/site-packages/airflow/example_dags/tutorial.py for tasks to queue
[2025-05-30T04:48:51.250+0000] {logging_mixin.py:188} INFO - [2025-05-30T04:48:51.249+0000] {dagbag.py:545} INFO - Filling up the DagBag from /home/airflow/.local/lib/python3.12/site-packages/airflow/example_dags/tutorial.py
[2025-05-30T04:48:51.255+0000] {processor.py:840} INFO - DAG(s) 'tutorial' retrieved from /home/airflow/.local/lib/python3.12/site-packages/airflow/example_dags/tutorial.py
[2025-05-30T04:48:51.274+0000] {logging_mixin.py:188} INFO - [2025-05-30T04:48:51.274+0000] {dag.py:3096} INFO - Sync 1 DAGs
[2025-05-30T04:48:51.295+0000] {logging_mixin.py:188} INFO - [2025-05-30T04:48:51.295+0000] {dag.py:3954} INFO - Setting next_dagrun for tutorial to 2025-05-29 00:00:00+00:00, run_after=2025-05-30 00:00:00+00:00
[2025-05-30T04:48:51.316+0000] {processor.py:183} INFO - Processing /home/airflow/.local/lib/python3.12/site-packages/airflow/example_dags/tutorial.py took 0.075 seconds
[2025-05-30T04:49:21.409+0000] {processor.py:161} INFO - Started process (PID=4969) to work on /home/airflow/.local/lib/python3.12/site-packages/airflow/example_dags/tutorial.py
[2025-05-30T04:49:21.410+0000] {processor.py:830} INFO - Processing file /home/airflow/.local/lib/python3.12/site-packages/airflow/example_dags/tutorial.py for tasks to queue
[2025-05-30T04:49:21.412+0000] {logging_mixin.py:188} INFO - [2025-05-30T04:49:21.411+0000] {dagbag.py:545} INFO - Filling up the DagBag from /home/airflow/.local/lib/python3.12/site-packages/airflow/example_dags/tutorial.py
[2025-05-30T04:49:21.417+0000] {processor.py:840} INFO - DAG(s) 'tutorial' retrieved from /home/airflow/.local/lib/python3.12/site-packages/airflow/example_dags/tutorial.py
[2025-05-30T04:49:21.433+0000] {logging_mixin.py:188} INFO - [2025-05-30T04:49:21.433+0000] {dag.py:3096} INFO - Sync 1 DAGs
[2025-05-30T04:49:21.453+0000] {logging_mixin.py:188} INFO - [2025-05-30T04:49:21.452+0000] {dag.py:3954} INFO - Setting next_dagrun for tutorial to 2025-05-29 00:00:00+00:00, run_after=2025-05-30 00:00:00+00:00
[2025-05-30T04:49:21.469+0000] {processor.py:183} INFO - Processing /home/airflow/.local/lib/python3.12/site-packages/airflow/example_dags/tutorial.py took 0.065 seconds
[2025-05-30T05:20:46.086+0000] {processor.py:161} INFO - Started process (PID=5270) to work on /home/airflow/.local/lib/python3.12/site-packages/airflow/example_dags/tutorial.py
[2025-05-30T05:20:46.086+0000] {processor.py:830} INFO - Processing file /home/airflow/.local/lib/python3.12/site-packages/airflow/example_dags/tutorial.py for tasks to queue
[2025-05-30T05:20:46.088+0000] {logging_mixin.py:188} INFO - [2025-05-30T05:20:46.088+0000] {dagbag.py:545} INFO - Filling up the DagBag from /home/airflow/.local/lib/python3.12/site-packages/airflow/example_dags/tutorial.py
[2025-05-30T05:20:46.095+0000] {processor.py:840} INFO - DAG(s) 'tutorial' retrieved from /home/airflow/.local/lib/python3.12/site-packages/airflow/example_dags/tutorial.py
[2025-05-30T05:20:46.112+0000] {logging_mixin.py:188} INFO - [2025-05-30T05:20:46.112+0000] {dag.py:3096} INFO - Sync 1 DAGs
[2025-05-30T05:20:46.131+0000] {logging_mixin.py:188} INFO - [2025-05-30T05:20:46.131+0000] {dag.py:3954} INFO - Setting next_dagrun for tutorial to 2025-05-29 00:00:00+00:00, run_after=2025-05-30 00:00:00+00:00
[2025-05-30T05:20:46.162+0000] {processor.py:183} INFO - Processing /home/airflow/.local/lib/python3.12/site-packages/airflow/example_dags/tutorial.py took 0.083 seconds
[2025-05-30T05:21:17.084+0000] {processor.py:161} INFO - Started process (PID=5538) to work on /home/airflow/.local/lib/python3.12/site-packages/airflow/example_dags/tutorial.py
[2025-05-30T05:21:17.085+0000] {processor.py:830} INFO - Processing file /home/airflow/.local/lib/python3.12/site-packages/airflow/example_dags/tutorial.py for tasks to queue
[2025-05-30T05:21:17.087+0000] {logging_mixin.py:188} INFO - [2025-05-30T05:21:17.086+0000] {dagbag.py:545} INFO - Filling up the DagBag from /home/airflow/.local/lib/python3.12/site-packages/airflow/example_dags/tutorial.py
[2025-05-30T05:21:17.095+0000] {processor.py:840} INFO - DAG(s) 'tutorial' retrieved from /home/airflow/.local/lib/python3.12/site-packages/airflow/example_dags/tutorial.py
[2025-05-30T05:21:17.119+0000] {logging_mixin.py:188} INFO - [2025-05-30T05:21:17.119+0000] {dag.py:3096} INFO - Sync 1 DAGs
[2025-05-30T05:21:17.147+0000] {logging_mixin.py:188} INFO - [2025-05-30T05:21:17.147+0000] {dag.py:3954} INFO - Setting next_dagrun for tutorial to 2025-05-29 00:00:00+00:00, run_after=2025-05-30 00:00:00+00:00
[2025-05-30T05:21:17.169+0000] {processor.py:183} INFO - Processing /home/airflow/.local/lib/python3.12/site-packages/airflow/example_dags/tutorial.py took 0.091 seconds
[2025-05-30T05:21:48.165+0000] {processor.py:161} INFO - Started process (PID=5816) to work on /home/airflow/.local/lib/python3.12/site-packages/airflow/example_dags/tutorial.py
[2025-05-30T05:21:48.166+0000] {processor.py:830} INFO - Processing file /home/airflow/.local/lib/python3.12/site-packages/airflow/example_dags/tutorial.py for tasks to queue
[2025-05-30T05:21:48.168+0000] {logging_mixin.py:188} INFO - [2025-05-30T05:21:48.167+0000] {dagbag.py:545} INFO - Filling up the DagBag from /home/airflow/.local/lib/python3.12/site-packages/airflow/example_dags/tutorial.py
[2025-05-30T05:21:48.174+0000] {processor.py:840} INFO - DAG(s) 'tutorial' retrieved from /home/airflow/.local/lib/python3.12/site-packages/airflow/example_dags/tutorial.py
[2025-05-30T05:21:48.196+0000] {logging_mixin.py:188} INFO - [2025-05-30T05:21:48.196+0000] {dag.py:3096} INFO - Sync 1 DAGs
[2025-05-30T05:21:48.218+0000] {logging_mixin.py:188} INFO - [2025-05-30T05:21:48.218+0000] {dag.py:3954} INFO - Setting next_dagrun for tutorial to 2025-05-29 00:00:00+00:00, run_after=2025-05-30 00:00:00+00:00
[2025-05-30T05:21:48.239+0000] {processor.py:183} INFO - Processing /home/airflow/.local/lib/python3.12/site-packages/airflow/example_dags/tutorial.py took 0.080 seconds
[2025-05-30T05:22:18.714+0000] {processor.py:161} INFO - Started process (PID=6084) to work on /home/airflow/.local/lib/python3.12/site-packages/airflow/example_dags/tutorial.py
[2025-05-30T05:22:18.715+0000] {processor.py:830} INFO - Processing file /home/airflow/.local/lib/python3.12/site-packages/airflow/example_dags/tutorial.py for tasks to queue
[2025-05-30T05:22:18.717+0000] {logging_mixin.py:188} INFO - [2025-05-30T05:22:18.717+0000] {dagbag.py:545} INFO - Filling up the DagBag from /home/airflow/.local/lib/python3.12/site-packages/airflow/example_dags/tutorial.py
[2025-05-30T05:22:18.723+0000] {processor.py:840} INFO - DAG(s) 'tutorial' retrieved from /home/airflow/.local/lib/python3.12/site-packages/airflow/example_dags/tutorial.py
[2025-05-30T05:22:18.745+0000] {logging_mixin.py:188} INFO - [2025-05-30T05:22:18.744+0000] {dag.py:3096} INFO - Sync 1 DAGs
[2025-05-30T05:22:18.768+0000] {logging_mixin.py:188} INFO - [2025-05-30T05:22:18.768+0000] {dag.py:3954} INFO - Setting next_dagrun for tutorial to 2025-05-29 00:00:00+00:00, run_after=2025-05-30 00:00:00+00:00
[2025-05-30T05:22:18.791+0000] {processor.py:183} INFO - Processing /home/airflow/.local/lib/python3.12/site-packages/airflow/example_dags/tutorial.py took 0.082 seconds
[2025-05-30T05:22:49.912+0000] {processor.py:161} INFO - Started process (PID=6362) to work on /home/airflow/.local/lib/python3.12/site-packages/airflow/example_dags/tutorial.py
[2025-05-30T05:22:49.913+0000] {processor.py:830} INFO - Processing file /home/airflow/.local/lib/python3.12/site-packages/airflow/example_dags/tutorial.py for tasks to queue
[2025-05-30T05:22:49.915+0000] {logging_mixin.py:188} INFO - [2025-05-30T05:22:49.915+0000] {dagbag.py:545} INFO - Filling up the DagBag from /home/airflow/.local/lib/python3.12/site-packages/airflow/example_dags/tutorial.py
[2025-05-30T05:22:49.922+0000] {processor.py:840} INFO - DAG(s) 'tutorial' retrieved from /home/airflow/.local/lib/python3.12/site-packages/airflow/example_dags/tutorial.py
[2025-05-30T05:22:49.945+0000] {logging_mixin.py:188} INFO - [2025-05-30T05:22:49.944+0000] {dag.py:3096} INFO - Sync 1 DAGs
[2025-05-30T05:22:49.972+0000] {logging_mixin.py:188} INFO - [2025-05-30T05:22:49.972+0000] {dag.py:3954} INFO - Setting next_dagrun for tutorial to 2025-05-29 00:00:00+00:00, run_after=2025-05-30 00:00:00+00:00
[2025-05-30T05:22:49.993+0000] {processor.py:183} INFO - Processing /home/airflow/.local/lib/python3.12/site-packages/airflow/example_dags/tutorial.py took 0.088 seconds
[2025-05-30T05:23:21.769+0000] {processor.py:161} INFO - Started process (PID=6635) to work on /home/airflow/.local/lib/python3.12/site-packages/airflow/example_dags/tutorial.py
[2025-05-30T05:23:21.769+0000] {processor.py:830} INFO - Processing file /home/airflow/.local/lib/python3.12/site-packages/airflow/example_dags/tutorial.py for tasks to queue
[2025-05-30T05:23:21.771+0000] {logging_mixin.py:188} INFO - [2025-05-30T05:23:21.771+0000] {dagbag.py:545} INFO - Filling up the DagBag from /home/airflow/.local/lib/python3.12/site-packages/airflow/example_dags/tutorial.py
[2025-05-30T05:23:21.776+0000] {processor.py:840} INFO - DAG(s) 'tutorial' retrieved from /home/airflow/.local/lib/python3.12/site-packages/airflow/example_dags/tutorial.py
[2025-05-30T05:23:21.792+0000] {logging_mixin.py:188} INFO - [2025-05-30T05:23:21.792+0000] {dag.py:3096} INFO - Sync 1 DAGs
[2025-05-30T05:23:21.813+0000] {logging_mixin.py:188} INFO - [2025-05-30T05:23:21.812+0000] {dag.py:3954} INFO - Setting next_dagrun for tutorial to 2025-05-29 00:00:00+00:00, run_after=2025-05-30 00:00:00+00:00
[2025-05-30T05:23:21.839+0000] {processor.py:183} INFO - Processing /home/airflow/.local/lib/python3.12/site-packages/airflow/example_dags/tutorial.py took 0.077 seconds
[2025-05-30T05:23:53.921+0000] {processor.py:161} INFO - Started process (PID=6908) to work on /home/airflow/.local/lib/python3.12/site-packages/airflow/example_dags/tutorial.py
[2025-05-30T05:23:53.922+0000] {processor.py:830} INFO - Processing file /home/airflow/.local/lib/python3.12/site-packages/airflow/example_dags/tutorial.py for tasks to queue
[2025-05-30T05:23:53.924+0000] {logging_mixin.py:188} INFO - [2025-05-30T05:23:53.924+0000] {dagbag.py:545} INFO - Filling up the DagBag from /home/airflow/.local/lib/python3.12/site-packages/airflow/example_dags/tutorial.py
[2025-05-30T05:23:53.931+0000] {processor.py:840} INFO - DAG(s) 'tutorial' retrieved from /home/airflow/.local/lib/python3.12/site-packages/airflow/example_dags/tutorial.py
[2025-05-30T05:23:53.953+0000] {logging_mixin.py:188} INFO - [2025-05-30T05:23:53.953+0000] {dag.py:3096} INFO - Sync 1 DAGs
[2025-05-30T05:23:54.098+0000] {logging_mixin.py:188} INFO - [2025-05-30T05:23:54.098+0000] {dag.py:3954} INFO - Setting next_dagrun for tutorial to 2025-05-29 00:00:00+00:00, run_after=2025-05-30 00:00:00+00:00
[2025-05-30T05:23:54.125+0000] {processor.py:183} INFO - Processing /home/airflow/.local/lib/python3.12/site-packages/airflow/example_dags/tutorial.py took 0.210 seconds
[2025-05-30T05:24:24.301+0000] {processor.py:161} INFO - Started process (PID=7181) to work on /home/airflow/.local/lib/python3.12/site-packages/airflow/example_dags/tutorial.py
[2025-05-30T05:24:24.302+0000] {processor.py:830} INFO - Processing file /home/airflow/.local/lib/python3.12/site-packages/airflow/example_dags/tutorial.py for tasks to queue
[2025-05-30T05:24:24.305+0000] {logging_mixin.py:188} INFO - [2025-05-30T05:24:24.304+0000] {dagbag.py:545} INFO - Filling up the DagBag from /home/airflow/.local/lib/python3.12/site-packages/airflow/example_dags/tutorial.py
[2025-05-30T05:24:24.313+0000] {processor.py:840} INFO - DAG(s) 'tutorial' retrieved from /home/airflow/.local/lib/python3.12/site-packages/airflow/example_dags/tutorial.py
[2025-05-30T05:24:24.337+0000] {logging_mixin.py:188} INFO - [2025-05-30T05:24:24.337+0000] {dag.py:3096} INFO - Sync 1 DAGs
[2025-05-30T05:24:24.361+0000] {logging_mixin.py:188} INFO - [2025-05-30T05:24:24.360+0000] {dag.py:3954} INFO - Setting next_dagrun for tutorial to 2025-05-29 00:00:00+00:00, run_after=2025-05-30 00:00:00+00:00
[2025-05-30T05:24:24.381+0000] {processor.py:183} INFO - Processing /home/airflow/.local/lib/python3.12/site-packages/airflow/example_dags/tutorial.py took 0.087 seconds
[2025-05-30T05:24:54.998+0000] {processor.py:161} INFO - Started process (PID=7449) to work on /home/airflow/.local/lib/python3.12/site-packages/airflow/example_dags/tutorial.py
[2025-05-30T05:24:55.000+0000] {processor.py:830} INFO - Processing file /home/airflow/.local/lib/python3.12/site-packages/airflow/example_dags/tutorial.py for tasks to queue
[2025-05-30T05:24:55.002+0000] {logging_mixin.py:188} INFO - [2025-05-30T05:24:55.001+0000] {dagbag.py:545} INFO - Filling up the DagBag from /home/airflow/.local/lib/python3.12/site-packages/airflow/example_dags/tutorial.py
[2025-05-30T05:24:55.008+0000] {processor.py:840} INFO - DAG(s) 'tutorial' retrieved from /home/airflow/.local/lib/python3.12/site-packages/airflow/example_dags/tutorial.py
[2025-05-30T05:24:55.027+0000] {logging_mixin.py:188} INFO - [2025-05-30T05:24:55.027+0000] {dag.py:3096} INFO - Sync 1 DAGs
[2025-05-30T05:24:55.047+0000] {logging_mixin.py:188} INFO - [2025-05-30T05:24:55.047+0000] {dag.py:3954} INFO - Setting next_dagrun for tutorial to 2025-05-29 00:00:00+00:00, run_after=2025-05-30 00:00:00+00:00
[2025-05-30T05:24:55.063+0000] {processor.py:183} INFO - Processing /home/airflow/.local/lib/python3.12/site-packages/airflow/example_dags/tutorial.py took 0.070 seconds
[2025-05-30T05:25:25.805+0000] {processor.py:161} INFO - Started process (PID=7727) to work on /home/airflow/.local/lib/python3.12/site-packages/airflow/example_dags/tutorial.py
[2025-05-30T05:25:25.807+0000] {processor.py:830} INFO - Processing file /home/airflow/.local/lib/python3.12/site-packages/airflow/example_dags/tutorial.py for tasks to queue
[2025-05-30T05:25:25.809+0000] {logging_mixin.py:188} INFO - [2025-05-30T05:25:25.808+0000] {dagbag.py:545} INFO - Filling up the DagBag from /home/airflow/.local/lib/python3.12/site-packages/airflow/example_dags/tutorial.py
[2025-05-30T05:25:25.816+0000] {processor.py:840} INFO - DAG(s) 'tutorial' retrieved from /home/airflow/.local/lib/python3.12/site-packages/airflow/example_dags/tutorial.py
[2025-05-30T05:25:25.843+0000] {logging_mixin.py:188} INFO - [2025-05-30T05:25:25.842+0000] {dag.py:3096} INFO - Sync 1 DAGs
[2025-05-30T05:25:25.871+0000] {logging_mixin.py:188} INFO - [2025-05-30T05:25:25.871+0000] {dag.py:3954} INFO - Setting next_dagrun for tutorial to 2025-05-29 00:00:00+00:00, run_after=2025-05-30 00:00:00+00:00
[2025-05-30T05:25:25.890+0000] {processor.py:183} INFO - Processing /home/airflow/.local/lib/python3.12/site-packages/airflow/example_dags/tutorial.py took 0.092 seconds
[2025-05-30T05:25:56.538+0000] {processor.py:161} INFO - Started process (PID=8000) to work on /home/airflow/.local/lib/python3.12/site-packages/airflow/example_dags/tutorial.py
[2025-05-30T05:25:56.539+0000] {processor.py:830} INFO - Processing file /home/airflow/.local/lib/python3.12/site-packages/airflow/example_dags/tutorial.py for tasks to queue
[2025-05-30T05:25:56.541+0000] {logging_mixin.py:188} INFO - [2025-05-30T05:25:56.541+0000] {dagbag.py:545} INFO - Filling up the DagBag from /home/airflow/.local/lib/python3.12/site-packages/airflow/example_dags/tutorial.py
[2025-05-30T05:25:56.549+0000] {processor.py:840} INFO - DAG(s) 'tutorial' retrieved from /home/airflow/.local/lib/python3.12/site-packages/airflow/example_dags/tutorial.py
[2025-05-30T05:25:56.572+0000] {logging_mixin.py:188} INFO - [2025-05-30T05:25:56.571+0000] {dag.py:3096} INFO - Sync 1 DAGs
[2025-05-30T05:25:56.595+0000] {logging_mixin.py:188} INFO - [2025-05-30T05:25:56.595+0000] {dag.py:3954} INFO - Setting next_dagrun for tutorial to 2025-05-29 00:00:00+00:00, run_after=2025-05-30 00:00:00+00:00
[2025-05-30T05:25:56.622+0000] {processor.py:183} INFO - Processing /home/airflow/.local/lib/python3.12/site-packages/airflow/example_dags/tutorial.py took 0.089 seconds
[2025-05-30T05:26:26.764+0000] {processor.py:161} INFO - Started process (PID=8268) to work on /home/airflow/.local/lib/python3.12/site-packages/airflow/example_dags/tutorial.py
[2025-05-30T05:26:26.765+0000] {processor.py:830} INFO - Processing file /home/airflow/.local/lib/python3.12/site-packages/airflow/example_dags/tutorial.py for tasks to queue
[2025-05-30T05:26:26.767+0000] {logging_mixin.py:188} INFO - [2025-05-30T05:26:26.767+0000] {dagbag.py:545} INFO - Filling up the DagBag from /home/airflow/.local/lib/python3.12/site-packages/airflow/example_dags/tutorial.py
[2025-05-30T05:26:26.773+0000] {processor.py:840} INFO - DAG(s) 'tutorial' retrieved from /home/airflow/.local/lib/python3.12/site-packages/airflow/example_dags/tutorial.py
[2025-05-30T05:26:26.793+0000] {logging_mixin.py:188} INFO - [2025-05-30T05:26:26.793+0000] {dag.py:3096} INFO - Sync 1 DAGs
[2025-05-30T05:26:26.816+0000] {logging_mixin.py:188} INFO - [2025-05-30T05:26:26.816+0000] {dag.py:3954} INFO - Setting next_dagrun for tutorial to 2025-05-29 00:00:00+00:00, run_after=2025-05-30 00:00:00+00:00
[2025-05-30T05:26:26.836+0000] {processor.py:183} INFO - Processing /home/airflow/.local/lib/python3.12/site-packages/airflow/example_dags/tutorial.py took 0.079 seconds
[2025-05-30T05:26:57.681+0000] {processor.py:161} INFO - Started process (PID=8540) to work on /home/airflow/.local/lib/python3.12/site-packages/airflow/example_dags/tutorial.py
[2025-05-30T05:26:57.682+0000] {processor.py:830} INFO - Processing file /home/airflow/.local/lib/python3.12/site-packages/airflow/example_dags/tutorial.py for tasks to queue
[2025-05-30T05:26:57.684+0000] {logging_mixin.py:188} INFO - [2025-05-30T05:26:57.683+0000] {dagbag.py:545} INFO - Filling up the DagBag from /home/airflow/.local/lib/python3.12/site-packages/airflow/example_dags/tutorial.py
[2025-05-30T05:26:57.690+0000] {processor.py:840} INFO - DAG(s) 'tutorial' retrieved from /home/airflow/.local/lib/python3.12/site-packages/airflow/example_dags/tutorial.py
[2025-05-30T05:26:57.709+0000] {logging_mixin.py:188} INFO - [2025-05-30T05:26:57.709+0000] {dag.py:3096} INFO - Sync 1 DAGs
[2025-05-30T05:26:57.730+0000] {logging_mixin.py:188} INFO - [2025-05-30T05:26:57.730+0000] {dag.py:3954} INFO - Setting next_dagrun for tutorial to 2025-05-29 00:00:00+00:00, run_after=2025-05-30 00:00:00+00:00
[2025-05-30T05:26:57.751+0000] {processor.py:183} INFO - Processing /home/airflow/.local/lib/python3.12/site-packages/airflow/example_dags/tutorial.py took 0.077 seconds
[2025-05-30T05:27:28.583+0000] {processor.py:161} INFO - Started process (PID=8813) to work on /home/airflow/.local/lib/python3.12/site-packages/airflow/example_dags/tutorial.py
[2025-05-30T05:27:28.585+0000] {processor.py:830} INFO - Processing file /home/airflow/.local/lib/python3.12/site-packages/airflow/example_dags/tutorial.py for tasks to queue
[2025-05-30T05:27:28.588+0000] {logging_mixin.py:188} INFO - [2025-05-30T05:27:28.587+0000] {dagbag.py:545} INFO - Filling up the DagBag from /home/airflow/.local/lib/python3.12/site-packages/airflow/example_dags/tutorial.py
[2025-05-30T05:27:28.599+0000] {processor.py:840} INFO - DAG(s) 'tutorial' retrieved from /home/airflow/.local/lib/python3.12/site-packages/airflow/example_dags/tutorial.py
[2025-05-30T05:27:28.624+0000] {logging_mixin.py:188} INFO - [2025-05-30T05:27:28.623+0000] {dag.py:3096} INFO - Sync 1 DAGs
[2025-05-30T05:27:28.654+0000] {logging_mixin.py:188} INFO - [2025-05-30T05:27:28.653+0000] {dag.py:3954} INFO - Setting next_dagrun for tutorial to 2025-05-29 00:00:00+00:00, run_after=2025-05-30 00:00:00+00:00
[2025-05-30T05:27:28.689+0000] {processor.py:183} INFO - Processing /home/airflow/.local/lib/python3.12/site-packages/airflow/example_dags/tutorial.py took 0.114 seconds
[2025-05-30T05:27:59.142+0000] {processor.py:161} INFO - Started process (PID=9086) to work on /home/airflow/.local/lib/python3.12/site-packages/airflow/example_dags/tutorial.py
[2025-05-30T05:27:59.142+0000] {processor.py:830} INFO - Processing file /home/airflow/.local/lib/python3.12/site-packages/airflow/example_dags/tutorial.py for tasks to queue
[2025-05-30T05:27:59.144+0000] {logging_mixin.py:188} INFO - [2025-05-30T05:27:59.144+0000] {dagbag.py:545} INFO - Filling up the DagBag from /home/airflow/.local/lib/python3.12/site-packages/airflow/example_dags/tutorial.py
[2025-05-30T05:27:59.149+0000] {processor.py:840} INFO - DAG(s) 'tutorial' retrieved from /home/airflow/.local/lib/python3.12/site-packages/airflow/example_dags/tutorial.py
[2025-05-30T05:27:59.165+0000] {logging_mixin.py:188} INFO - [2025-05-30T05:27:59.165+0000] {dag.py:3096} INFO - Sync 1 DAGs
[2025-05-30T05:27:59.183+0000] {logging_mixin.py:188} INFO - [2025-05-30T05:27:59.183+0000] {dag.py:3954} INFO - Setting next_dagrun for tutorial to 2025-05-29 00:00:00+00:00, run_after=2025-05-30 00:00:00+00:00
[2025-05-30T05:27:59.203+0000] {processor.py:183} INFO - Processing /home/airflow/.local/lib/python3.12/site-packages/airflow/example_dags/tutorial.py took 0.068 seconds
[2025-05-30T05:28:29.843+0000] {processor.py:161} INFO - Started process (PID=9359) to work on /home/airflow/.local/lib/python3.12/site-packages/airflow/example_dags/tutorial.py
[2025-05-30T05:28:29.845+0000] {processor.py:830} INFO - Processing file /home/airflow/.local/lib/python3.12/site-packages/airflow/example_dags/tutorial.py for tasks to queue
[2025-05-30T05:28:29.847+0000] {logging_mixin.py:188} INFO - [2025-05-30T05:28:29.846+0000] {dagbag.py:545} INFO - Filling up the DagBag from /home/airflow/.local/lib/python3.12/site-packages/airflow/example_dags/tutorial.py
[2025-05-30T05:28:29.853+0000] {processor.py:840} INFO - DAG(s) 'tutorial' retrieved from /home/airflow/.local/lib/python3.12/site-packages/airflow/example_dags/tutorial.py
[2025-05-30T05:28:29.872+0000] {logging_mixin.py:188} INFO - [2025-05-30T05:28:29.871+0000] {dag.py:3096} INFO - Sync 1 DAGs
[2025-05-30T05:28:29.899+0000] {logging_mixin.py:188} INFO - [2025-05-30T05:28:29.898+0000] {dag.py:3954} INFO - Setting next_dagrun for tutorial to 2025-05-29 00:00:00+00:00, run_after=2025-05-30 00:00:00+00:00
[2025-05-30T05:28:29.920+0000] {processor.py:183} INFO - Processing /home/airflow/.local/lib/python3.12/site-packages/airflow/example_dags/tutorial.py took 0.082 seconds
[2025-05-30T05:29:00.576+0000] {processor.py:161} INFO - Started process (PID=9632) to work on /home/airflow/.local/lib/python3.12/site-packages/airflow/example_dags/tutorial.py
[2025-05-30T05:29:00.577+0000] {processor.py:830} INFO - Processing file /home/airflow/.local/lib/python3.12/site-packages/airflow/example_dags/tutorial.py for tasks to queue
[2025-05-30T05:29:00.579+0000] {logging_mixin.py:188} INFO - [2025-05-30T05:29:00.579+0000] {dagbag.py:545} INFO - Filling up the DagBag from /home/airflow/.local/lib/python3.12/site-packages/airflow/example_dags/tutorial.py
[2025-05-30T05:29:00.587+0000] {processor.py:840} INFO - DAG(s) 'tutorial' retrieved from /home/airflow/.local/lib/python3.12/site-packages/airflow/example_dags/tutorial.py
[2025-05-30T05:29:00.615+0000] {logging_mixin.py:188} INFO - [2025-05-30T05:29:00.614+0000] {dag.py:3096} INFO - Sync 1 DAGs
[2025-05-30T05:29:00.645+0000] {logging_mixin.py:188} INFO - [2025-05-30T05:29:00.645+0000] {dag.py:3954} INFO - Setting next_dagrun for tutorial to 2025-05-29 00:00:00+00:00, run_after=2025-05-30 00:00:00+00:00
[2025-05-30T05:29:00.680+0000] {processor.py:183} INFO - Processing /home/airflow/.local/lib/python3.12/site-packages/airflow/example_dags/tutorial.py took 0.112 seconds
[2025-05-30T05:29:31.532+0000] {processor.py:161} INFO - Started process (PID=9905) to work on /home/airflow/.local/lib/python3.12/site-packages/airflow/example_dags/tutorial.py
[2025-05-30T05:29:31.536+0000] {processor.py:830} INFO - Processing file /home/airflow/.local/lib/python3.12/site-packages/airflow/example_dags/tutorial.py for tasks to queue
[2025-05-30T05:29:31.538+0000] {logging_mixin.py:188} INFO - [2025-05-30T05:29:31.537+0000] {dagbag.py:545} INFO - Filling up the DagBag from /home/airflow/.local/lib/python3.12/site-packages/airflow/example_dags/tutorial.py
[2025-05-30T05:29:31.543+0000] {processor.py:840} INFO - DAG(s) 'tutorial' retrieved from /home/airflow/.local/lib/python3.12/site-packages/airflow/example_dags/tutorial.py
[2025-05-30T05:29:31.560+0000] {logging_mixin.py:188} INFO - [2025-05-30T05:29:31.560+0000] {dag.py:3096} INFO - Sync 1 DAGs
[2025-05-30T05:29:31.585+0000] {logging_mixin.py:188} INFO - [2025-05-30T05:29:31.585+0000] {dag.py:3954} INFO - Setting next_dagrun for tutorial to 2025-05-29 00:00:00+00:00, run_after=2025-05-30 00:00:00+00:00
[2025-05-30T05:29:31.603+0000] {processor.py:183} INFO - Processing /home/airflow/.local/lib/python3.12/site-packages/airflow/example_dags/tutorial.py took 0.076 seconds
[2025-05-30T05:30:01.847+0000] {processor.py:161} INFO - Started process (PID=10178) to work on /home/airflow/.local/lib/python3.12/site-packages/airflow/example_dags/tutorial.py
[2025-05-30T05:30:01.848+0000] {processor.py:830} INFO - Processing file /home/airflow/.local/lib/python3.12/site-packages/airflow/example_dags/tutorial.py for tasks to queue
[2025-05-30T05:30:01.850+0000] {logging_mixin.py:188} INFO - [2025-05-30T05:30:01.850+0000] {dagbag.py:545} INFO - Filling up the DagBag from /home/airflow/.local/lib/python3.12/site-packages/airflow/example_dags/tutorial.py
[2025-05-30T05:30:01.856+0000] {processor.py:840} INFO - DAG(s) 'tutorial' retrieved from /home/airflow/.local/lib/python3.12/site-packages/airflow/example_dags/tutorial.py
[2025-05-30T05:30:01.875+0000] {logging_mixin.py:188} INFO - [2025-05-30T05:30:01.875+0000] {dag.py:3096} INFO - Sync 1 DAGs
[2025-05-30T05:30:01.900+0000] {logging_mixin.py:188} INFO - [2025-05-30T05:30:01.900+0000] {dag.py:3954} INFO - Setting next_dagrun for tutorial to 2025-05-29 00:00:00+00:00, run_after=2025-05-30 00:00:00+00:00
[2025-05-30T05:30:01.920+0000] {processor.py:183} INFO - Processing /home/airflow/.local/lib/python3.12/site-packages/airflow/example_dags/tutorial.py took 0.078 seconds
[2025-05-30T05:30:32.116+0000] {processor.py:161} INFO - Started process (PID=10450) to work on /home/airflow/.local/lib/python3.12/site-packages/airflow/example_dags/tutorial.py
[2025-05-30T05:30:32.117+0000] {processor.py:830} INFO - Processing file /home/airflow/.local/lib/python3.12/site-packages/airflow/example_dags/tutorial.py for tasks to queue
[2025-05-30T05:30:32.119+0000] {logging_mixin.py:188} INFO - [2025-05-30T05:30:32.119+0000] {dagbag.py:545} INFO - Filling up the DagBag from /home/airflow/.local/lib/python3.12/site-packages/airflow/example_dags/tutorial.py
[2025-05-30T05:30:32.124+0000] {processor.py:840} INFO - DAG(s) 'tutorial' retrieved from /home/airflow/.local/lib/python3.12/site-packages/airflow/example_dags/tutorial.py
[2025-05-30T05:30:32.144+0000] {logging_mixin.py:188} INFO - [2025-05-30T05:30:32.144+0000] {dag.py:3096} INFO - Sync 1 DAGs
[2025-05-30T05:30:32.165+0000] {logging_mixin.py:188} INFO - [2025-05-30T05:30:32.165+0000] {dag.py:3954} INFO - Setting next_dagrun for tutorial to 2025-05-29 00:00:00+00:00, run_after=2025-05-30 00:00:00+00:00
[2025-05-30T05:30:32.182+0000] {processor.py:183} INFO - Processing /home/airflow/.local/lib/python3.12/site-packages/airflow/example_dags/tutorial.py took 0.071 seconds
[2025-05-30T05:31:02.360+0000] {processor.py:161} INFO - Started process (PID=10725) to work on /home/airflow/.local/lib/python3.12/site-packages/airflow/example_dags/tutorial.py
[2025-05-30T05:31:02.360+0000] {processor.py:830} INFO - Processing file /home/airflow/.local/lib/python3.12/site-packages/airflow/example_dags/tutorial.py for tasks to queue
[2025-05-30T05:31:02.362+0000] {logging_mixin.py:188} INFO - [2025-05-30T05:31:02.362+0000] {dagbag.py:545} INFO - Filling up the DagBag from /home/airflow/.local/lib/python3.12/site-packages/airflow/example_dags/tutorial.py
[2025-05-30T05:31:02.367+0000] {processor.py:840} INFO - DAG(s) 'tutorial' retrieved from /home/airflow/.local/lib/python3.12/site-packages/airflow/example_dags/tutorial.py
[2025-05-30T05:31:02.390+0000] {logging_mixin.py:188} INFO - [2025-05-30T05:31:02.389+0000] {dag.py:3096} INFO - Sync 1 DAGs
[2025-05-30T05:31:02.413+0000] {logging_mixin.py:188} INFO - [2025-05-30T05:31:02.412+0000] {dag.py:3954} INFO - Setting next_dagrun for tutorial to 2025-05-29 00:00:00+00:00, run_after=2025-05-30 00:00:00+00:00
[2025-05-30T05:31:02.429+0000] {processor.py:183} INFO - Processing /home/airflow/.local/lib/python3.12/site-packages/airflow/example_dags/tutorial.py took 0.075 seconds
[2025-05-30T05:31:32.687+0000] {processor.py:161} INFO - Started process (PID=10996) to work on /home/airflow/.local/lib/python3.12/site-packages/airflow/example_dags/tutorial.py
[2025-05-30T05:31:32.687+0000] {processor.py:830} INFO - Processing file /home/airflow/.local/lib/python3.12/site-packages/airflow/example_dags/tutorial.py for tasks to queue
[2025-05-30T05:31:32.689+0000] {logging_mixin.py:188} INFO - [2025-05-30T05:31:32.689+0000] {dagbag.py:545} INFO - Filling up the DagBag from /home/airflow/.local/lib/python3.12/site-packages/airflow/example_dags/tutorial.py
[2025-05-30T05:31:32.695+0000] {processor.py:840} INFO - DAG(s) 'tutorial' retrieved from /home/airflow/.local/lib/python3.12/site-packages/airflow/example_dags/tutorial.py
[2025-05-30T05:31:32.713+0000] {logging_mixin.py:188} INFO - [2025-05-30T05:31:32.713+0000] {dag.py:3096} INFO - Sync 1 DAGs
[2025-05-30T05:31:32.736+0000] {logging_mixin.py:188} INFO - [2025-05-30T05:31:32.736+0000] {dag.py:3954} INFO - Setting next_dagrun for tutorial to 2025-05-29 00:00:00+00:00, run_after=2025-05-30 00:00:00+00:00
[2025-05-30T05:31:32.754+0000] {processor.py:183} INFO - Processing /home/airflow/.local/lib/python3.12/site-packages/airflow/example_dags/tutorial.py took 0.074 seconds
[2025-05-30T05:32:03.721+0000] {processor.py:161} INFO - Started process (PID=11269) to work on /home/airflow/.local/lib/python3.12/site-packages/airflow/example_dags/tutorial.py
[2025-05-30T05:32:03.721+0000] {processor.py:830} INFO - Processing file /home/airflow/.local/lib/python3.12/site-packages/airflow/example_dags/tutorial.py for tasks to queue
[2025-05-30T05:32:03.723+0000] {logging_mixin.py:188} INFO - [2025-05-30T05:32:03.723+0000] {dagbag.py:545} INFO - Filling up the DagBag from /home/airflow/.local/lib/python3.12/site-packages/airflow/example_dags/tutorial.py
[2025-05-30T05:32:03.728+0000] {processor.py:840} INFO - DAG(s) 'tutorial' retrieved from /home/airflow/.local/lib/python3.12/site-packages/airflow/example_dags/tutorial.py
[2025-05-30T05:32:03.744+0000] {logging_mixin.py:188} INFO - [2025-05-30T05:32:03.744+0000] {dag.py:3096} INFO - Sync 1 DAGs
[2025-05-30T05:32:03.767+0000] {logging_mixin.py:188} INFO - [2025-05-30T05:32:03.767+0000] {dag.py:3954} INFO - Setting next_dagrun for tutorial to 2025-05-29 00:00:00+00:00, run_after=2025-05-30 00:00:00+00:00
[2025-05-30T05:32:03.806+0000] {processor.py:183} INFO - Processing /home/airflow/.local/lib/python3.12/site-packages/airflow/example_dags/tutorial.py took 0.090 seconds
[2025-05-30T05:32:35.061+0000] {processor.py:161} INFO - Started process (PID=11547) to work on /home/airflow/.local/lib/python3.12/site-packages/airflow/example_dags/tutorial.py
[2025-05-30T05:32:35.062+0000] {processor.py:830} INFO - Processing file /home/airflow/.local/lib/python3.12/site-packages/airflow/example_dags/tutorial.py for tasks to queue
[2025-05-30T05:32:35.064+0000] {logging_mixin.py:188} INFO - [2025-05-30T05:32:35.063+0000] {dagbag.py:545} INFO - Filling up the DagBag from /home/airflow/.local/lib/python3.12/site-packages/airflow/example_dags/tutorial.py
[2025-05-30T05:32:35.069+0000] {processor.py:840} INFO - DAG(s) 'tutorial' retrieved from /home/airflow/.local/lib/python3.12/site-packages/airflow/example_dags/tutorial.py
[2025-05-30T05:32:35.087+0000] {logging_mixin.py:188} INFO - [2025-05-30T05:32:35.087+0000] {dag.py:3096} INFO - Sync 1 DAGs
[2025-05-30T05:32:35.107+0000] {logging_mixin.py:188} INFO - [2025-05-30T05:32:35.107+0000] {dag.py:3954} INFO - Setting next_dagrun for tutorial to 2025-05-29 00:00:00+00:00, run_after=2025-05-30 00:00:00+00:00
[2025-05-30T05:32:35.125+0000] {processor.py:183} INFO - Processing /home/airflow/.local/lib/python3.12/site-packages/airflow/example_dags/tutorial.py took 0.069 seconds
[2025-05-30T05:40:02.766+0000] {processor.py:161} INFO - Started process (PID=344) to work on /home/airflow/.local/lib/python3.12/site-packages/airflow/example_dags/tutorial.py
[2025-05-30T05:40:02.767+0000] {processor.py:830} INFO - Processing file /home/airflow/.local/lib/python3.12/site-packages/airflow/example_dags/tutorial.py for tasks to queue
[2025-05-30T05:40:02.769+0000] {logging_mixin.py:188} INFO - [2025-05-30T05:40:02.769+0000] {dagbag.py:545} INFO - Filling up the DagBag from /home/airflow/.local/lib/python3.12/site-packages/airflow/example_dags/tutorial.py
[2025-05-30T05:40:02.780+0000] {processor.py:840} INFO - DAG(s) 'tutorial' retrieved from /home/airflow/.local/lib/python3.12/site-packages/airflow/example_dags/tutorial.py
[2025-05-30T05:40:02.794+0000] {logging_mixin.py:188} INFO - [2025-05-30T05:40:02.794+0000] {dag.py:3096} INFO - Sync 1 DAGs
[2025-05-30T05:40:02.824+0000] {logging_mixin.py:188} INFO - [2025-05-30T05:40:02.823+0000] {dag.py:3954} INFO - Setting next_dagrun for tutorial to 2025-05-29 00:00:00+00:00, run_after=2025-05-30 00:00:00+00:00
[2025-05-30T05:40:02.858+0000] {processor.py:183} INFO - Processing /home/airflow/.local/lib/python3.12/site-packages/airflow/example_dags/tutorial.py took 0.098 seconds
[2025-05-30T05:40:35.318+0000] {processor.py:161} INFO - Started process (PID=617) to work on /home/airflow/.local/lib/python3.12/site-packages/airflow/example_dags/tutorial.py
[2025-05-30T05:40:35.319+0000] {processor.py:830} INFO - Processing file /home/airflow/.local/lib/python3.12/site-packages/airflow/example_dags/tutorial.py for tasks to queue
[2025-05-30T05:40:35.321+0000] {logging_mixin.py:188} INFO - [2025-05-30T05:40:35.320+0000] {dagbag.py:545} INFO - Filling up the DagBag from /home/airflow/.local/lib/python3.12/site-packages/airflow/example_dags/tutorial.py
[2025-05-30T05:40:35.326+0000] {processor.py:840} INFO - DAG(s) 'tutorial' retrieved from /home/airflow/.local/lib/python3.12/site-packages/airflow/example_dags/tutorial.py
[2025-05-30T05:40:35.440+0000] {logging_mixin.py:188} INFO - [2025-05-30T05:40:35.439+0000] {dag.py:3096} INFO - Sync 1 DAGs
[2025-05-30T05:40:35.458+0000] {logging_mixin.py:188} INFO - [2025-05-30T05:40:35.457+0000] {dag.py:3954} INFO - Setting next_dagrun for tutorial to 2025-05-29 00:00:00+00:00, run_after=2025-05-30 00:00:00+00:00
[2025-05-30T05:40:35.475+0000] {processor.py:183} INFO - Processing /home/airflow/.local/lib/python3.12/site-packages/airflow/example_dags/tutorial.py took 0.164 seconds
[2025-05-30T05:41:06.178+0000] {processor.py:161} INFO - Started process (PID=890) to work on /home/airflow/.local/lib/python3.12/site-packages/airflow/example_dags/tutorial.py
[2025-05-30T05:41:06.178+0000] {processor.py:830} INFO - Processing file /home/airflow/.local/lib/python3.12/site-packages/airflow/example_dags/tutorial.py for tasks to queue
[2025-05-30T05:41:06.180+0000] {logging_mixin.py:188} INFO - [2025-05-30T05:41:06.180+0000] {dagbag.py:545} INFO - Filling up the DagBag from /home/airflow/.local/lib/python3.12/site-packages/airflow/example_dags/tutorial.py
[2025-05-30T05:41:06.186+0000] {processor.py:840} INFO - DAG(s) 'tutorial' retrieved from /home/airflow/.local/lib/python3.12/site-packages/airflow/example_dags/tutorial.py
[2025-05-30T05:41:06.203+0000] {logging_mixin.py:188} INFO - [2025-05-30T05:41:06.203+0000] {dag.py:3096} INFO - Sync 1 DAGs
[2025-05-30T05:41:06.223+0000] {logging_mixin.py:188} INFO - [2025-05-30T05:41:06.223+0000] {dag.py:3954} INFO - Setting next_dagrun for tutorial to 2025-05-29 00:00:00+00:00, run_after=2025-05-30 00:00:00+00:00
[2025-05-30T05:41:06.240+0000] {processor.py:183} INFO - Processing /home/airflow/.local/lib/python3.12/site-packages/airflow/example_dags/tutorial.py took 0.067 seconds
