[2025-05-29T17:20:08.026+0000] {processor.py:161} INFO - Started process (PID=399) to work on /home/airflow/.local/lib/python3.12/site-packages/airflow/example_dags/example_python_decorator.py
[2025-05-29T17:20:08.027+0000] {processor.py:830} INFO - Processing file /home/airflow/.local/lib/python3.12/site-packages/airflow/example_dags/example_python_decorator.py for tasks to queue
[2025-05-29T17:20:08.029+0000] {logging_mixin.py:188} INFO - [2025-05-29T17:20:08.029+0000] {dagbag.py:545} INFO - Filling up the DagBag from /home/airflow/.local/lib/python3.12/site-packages/airflow/example_dags/example_python_decorator.py
[2025-05-29T17:20:08.054+0000] {processor.py:840} INFO - DAG(s) 'example_python_decorator' retrieved from /home/airflow/.local/lib/python3.12/site-packages/airflow/example_dags/example_python_decorator.py
[2025-05-29T17:20:08.066+0000] {logging_mixin.py:188} INFO - [2025-05-29T17:20:08.066+0000] {dag.py:3096} INFO - Sync 1 DAGs
[2025-05-29T17:20:08.081+0000] {logging_mixin.py:188} INFO - [2025-05-29T17:20:08.081+0000] {dag.py:3954} INFO - Setting next_dagrun for example_python_decorator to None, run_after=None
[2025-05-29T17:20:08.107+0000] {processor.py:183} INFO - Processing /home/airflow/.local/lib/python3.12/site-packages/airflow/example_dags/example_python_decorator.py took 0.087 seconds
[2025-05-29T17:20:40.576+0000] {processor.py:161} INFO - Started process (PID=672) to work on /home/airflow/.local/lib/python3.12/site-packages/airflow/example_dags/example_python_decorator.py
[2025-05-29T17:20:40.577+0000] {processor.py:830} INFO - Processing file /home/airflow/.local/lib/python3.12/site-packages/airflow/example_dags/example_python_decorator.py for tasks to queue
[2025-05-29T17:20:40.579+0000] {logging_mixin.py:188} INFO - [2025-05-29T17:20:40.578+0000] {dagbag.py:545} INFO - Filling up the DagBag from /home/airflow/.local/lib/python3.12/site-packages/airflow/example_dags/example_python_decorator.py
[2025-05-29T17:20:40.602+0000] {processor.py:840} INFO - DAG(s) 'example_python_decorator' retrieved from /home/airflow/.local/lib/python3.12/site-packages/airflow/example_dags/example_python_decorator.py
[2025-05-29T17:20:40.723+0000] {logging_mixin.py:188} INFO - [2025-05-29T17:20:40.723+0000] {dag.py:3096} INFO - Sync 1 DAGs
[2025-05-29T17:20:40.734+0000] {logging_mixin.py:188} INFO - [2025-05-29T17:20:40.734+0000] {dag.py:3954} INFO - Setting next_dagrun for example_python_decorator to None, run_after=None
[2025-05-29T17:20:40.756+0000] {processor.py:183} INFO - Processing /home/airflow/.local/lib/python3.12/site-packages/airflow/example_dags/example_python_decorator.py took 0.186 seconds
[2025-05-29T17:21:11.454+0000] {processor.py:161} INFO - Started process (PID=945) to work on /home/airflow/.local/lib/python3.12/site-packages/airflow/example_dags/example_python_decorator.py
[2025-05-29T17:21:11.455+0000] {processor.py:830} INFO - Processing file /home/airflow/.local/lib/python3.12/site-packages/airflow/example_dags/example_python_decorator.py for tasks to queue
[2025-05-29T17:21:11.459+0000] {logging_mixin.py:188} INFO - [2025-05-29T17:21:11.458+0000] {dagbag.py:545} INFO - Filling up the DagBag from /home/airflow/.local/lib/python3.12/site-packages/airflow/example_dags/example_python_decorator.py
[2025-05-29T17:21:11.485+0000] {processor.py:840} INFO - DAG(s) 'example_python_decorator' retrieved from /home/airflow/.local/lib/python3.12/site-packages/airflow/example_dags/example_python_decorator.py
[2025-05-29T17:21:11.515+0000] {logging_mixin.py:188} INFO - [2025-05-29T17:21:11.515+0000] {dag.py:3096} INFO - Sync 1 DAGs
[2025-05-29T17:21:11.531+0000] {logging_mixin.py:188} INFO - [2025-05-29T17:21:11.531+0000] {dag.py:3954} INFO - Setting next_dagrun for example_python_decorator to None, run_after=None
[2025-05-29T17:21:11.553+0000] {processor.py:183} INFO - Processing /home/airflow/.local/lib/python3.12/site-packages/airflow/example_dags/example_python_decorator.py took 0.106 seconds
