[2025-05-29T17:20:06.274+0000] {processor.py:161} INFO - Started process (PID=264) to work on /home/airflow/.local/lib/python3.12/site-packages/airflow/example_dags/example_python_operator.py
[2025-05-29T17:20:06.275+0000] {processor.py:830} INFO - Processing file /home/airflow/.local/lib/python3.12/site-packages/airflow/example_dags/example_python_operator.py for tasks to queue
[2025-05-29T17:20:06.276+0000] {logging_mixin.py:188} INFO - [2025-05-29T17:20:06.276+0000] {dagbag.py:545} INFO - Filling up the DagBag from /home/airflow/.local/lib/python3.12/site-packages/airflow/example_dags/example_python_operator.py
[2025-05-29T17:20:06.292+0000] {processor.py:840} INFO - DAG(s) 'example_python_operator' retrieved from /home/airflow/.local/lib/python3.12/site-packages/airflow/example_dags/example_python_operator.py
[2025-05-29T17:20:06.302+0000] {logging_mixin.py:188} INFO - [2025-05-29T17:20:06.302+0000] {dag.py:3096} INFO - Sync 1 DAGs
[2025-05-29T17:20:06.313+0000] {logging_mixin.py:188} INFO - [2025-05-29T17:20:06.313+0000] {dag.py:3954} INFO - Setting next_dagrun for example_python_operator to None, run_after=None
[2025-05-29T17:20:06.330+0000] {processor.py:183} INFO - Processing /home/airflow/.local/lib/python3.12/site-packages/airflow/example_dags/example_python_operator.py took 0.062 seconds
[2025-05-29T17:20:37.960+0000] {processor.py:161} INFO - Started process (PID=539) to work on /home/airflow/.local/lib/python3.12/site-packages/airflow/example_dags/example_python_operator.py
[2025-05-29T17:20:37.961+0000] {processor.py:830} INFO - Processing file /home/airflow/.local/lib/python3.12/site-packages/airflow/example_dags/example_python_operator.py for tasks to queue
[2025-05-29T17:20:37.963+0000] {logging_mixin.py:188} INFO - [2025-05-29T17:20:37.963+0000] {dagbag.py:545} INFO - Filling up the DagBag from /home/airflow/.local/lib/python3.12/site-packages/airflow/example_dags/example_python_operator.py
[2025-05-29T17:20:37.978+0000] {processor.py:840} INFO - DAG(s) 'example_python_operator' retrieved from /home/airflow/.local/lib/python3.12/site-packages/airflow/example_dags/example_python_operator.py
[2025-05-29T17:20:38.079+0000] {logging_mixin.py:188} INFO - [2025-05-29T17:20:38.078+0000] {dag.py:3096} INFO - Sync 1 DAGs
[2025-05-29T17:20:38.091+0000] {logging_mixin.py:188} INFO - [2025-05-29T17:20:38.091+0000] {dag.py:3954} INFO - Setting next_dagrun for example_python_operator to None, run_after=None
[2025-05-29T17:20:38.110+0000] {processor.py:183} INFO - Processing /home/airflow/.local/lib/python3.12/site-packages/airflow/example_dags/example_python_operator.py took 0.155 seconds
[2025-05-29T17:21:08.679+0000] {processor.py:161} INFO - Started process (PID=810) to work on /home/airflow/.local/lib/python3.12/site-packages/airflow/example_dags/example_python_operator.py
[2025-05-29T17:21:08.680+0000] {processor.py:830} INFO - Processing file /home/airflow/.local/lib/python3.12/site-packages/airflow/example_dags/example_python_operator.py for tasks to queue
[2025-05-29T17:21:08.683+0000] {logging_mixin.py:188} INFO - [2025-05-29T17:21:08.682+0000] {dagbag.py:545} INFO - Filling up the DagBag from /home/airflow/.local/lib/python3.12/site-packages/airflow/example_dags/example_python_operator.py
[2025-05-29T17:21:08.702+0000] {processor.py:840} INFO - DAG(s) 'example_python_operator' retrieved from /home/airflow/.local/lib/python3.12/site-packages/airflow/example_dags/example_python_operator.py
[2025-05-29T17:21:08.727+0000] {logging_mixin.py:188} INFO - [2025-05-29T17:21:08.727+0000] {dag.py:3096} INFO - Sync 1 DAGs
[2025-05-29T17:21:08.741+0000] {logging_mixin.py:188} INFO - [2025-05-29T17:21:08.740+0000] {dag.py:3954} INFO - Setting next_dagrun for example_python_operator to None, run_after=None
[2025-05-29T17:21:08.763+0000] {processor.py:183} INFO - Processing /home/airflow/.local/lib/python3.12/site-packages/airflow/example_dags/example_python_operator.py took 0.090 seconds
