[2025-05-29T17:20:06.018+0000] {processor.py:161} INFO - Started process (PID=234) to work on /home/airflow/.local/lib/python3.12/site-packages/airflow/example_dags/example_short_circuit_decorator.py
[2025-05-29T17:20:06.019+0000] {processor.py:830} INFO - Processing file /home/airflow/.local/lib/python3.12/site-packages/airflow/example_dags/example_short_circuit_decorator.py for tasks to queue
[2025-05-29T17:20:06.021+0000] {logging_mixin.py:188} INFO - [2025-05-29T17:20:06.021+0000] {dagbag.py:545} INFO - Filling up the DagBag from /home/airflow/.local/lib/python3.12/site-packages/airflow/example_dags/example_short_circuit_decorator.py
[2025-05-29T17:20:06.031+0000] {processor.py:840} INFO - DAG(s) 'example_short_circuit_decorator' retrieved from /home/airflow/.local/lib/python3.12/site-packages/airflow/example_dags/example_short_circuit_decorator.py
[2025-05-29T17:20:06.042+0000] {logging_mixin.py:188} INFO - [2025-05-29T17:20:06.042+0000] {dag.py:3096} INFO - Sync 1 DAGs
[2025-05-29T17:20:06.066+0000] {logging_mixin.py:188} INFO - [2025-05-29T17:20:06.065+0000] {dag.py:3954} INFO - Setting next_dagrun for example_short_circuit_decorator to 2025-05-28 00:00:00+00:00, run_after=2025-05-29 00:00:00+00:00
[2025-05-29T17:20:06.081+0000] {processor.py:183} INFO - Processing /home/airflow/.local/lib/python3.12/site-packages/airflow/example_dags/example_short_circuit_decorator.py took 0.069 seconds
[2025-05-29T17:20:37.109+0000] {processor.py:161} INFO - Started process (PID=509) to work on /home/airflow/.local/lib/python3.12/site-packages/airflow/example_dags/example_short_circuit_decorator.py
[2025-05-29T17:20:37.110+0000] {processor.py:830} INFO - Processing file /home/airflow/.local/lib/python3.12/site-packages/airflow/example_dags/example_short_circuit_decorator.py for tasks to queue
[2025-05-29T17:20:37.112+0000] {logging_mixin.py:188} INFO - [2025-05-29T17:20:37.112+0000] {dagbag.py:545} INFO - Filling up the DagBag from /home/airflow/.local/lib/python3.12/site-packages/airflow/example_dags/example_short_circuit_decorator.py
[2025-05-29T17:20:37.123+0000] {processor.py:840} INFO - DAG(s) 'example_short_circuit_decorator' retrieved from /home/airflow/.local/lib/python3.12/site-packages/airflow/example_dags/example_short_circuit_decorator.py
[2025-05-29T17:20:37.238+0000] {logging_mixin.py:188} INFO - [2025-05-29T17:20:37.237+0000] {dag.py:3096} INFO - Sync 1 DAGs
[2025-05-29T17:20:37.264+0000] {logging_mixin.py:188} INFO - [2025-05-29T17:20:37.264+0000] {dag.py:3954} INFO - Setting next_dagrun for example_short_circuit_decorator to 2025-05-28 00:00:00+00:00, run_after=2025-05-29 00:00:00+00:00
[2025-05-29T17:20:37.286+0000] {processor.py:183} INFO - Processing /home/airflow/.local/lib/python3.12/site-packages/airflow/example_dags/example_short_circuit_decorator.py took 0.183 seconds
[2025-05-29T17:21:07.421+0000] {processor.py:161} INFO - Started process (PID=782) to work on /home/airflow/.local/lib/python3.12/site-packages/airflow/example_dags/example_short_circuit_decorator.py
[2025-05-29T17:21:07.422+0000] {processor.py:830} INFO - Processing file /home/airflow/.local/lib/python3.12/site-packages/airflow/example_dags/example_short_circuit_decorator.py for tasks to queue
[2025-05-29T17:21:07.424+0000] {logging_mixin.py:188} INFO - [2025-05-29T17:21:07.423+0000] {dagbag.py:545} INFO - Filling up the DagBag from /home/airflow/.local/lib/python3.12/site-packages/airflow/example_dags/example_short_circuit_decorator.py
[2025-05-29T17:21:07.432+0000] {processor.py:840} INFO - DAG(s) 'example_short_circuit_decorator' retrieved from /home/airflow/.local/lib/python3.12/site-packages/airflow/example_dags/example_short_circuit_decorator.py
[2025-05-29T17:21:07.451+0000] {logging_mixin.py:188} INFO - [2025-05-29T17:21:07.451+0000] {dag.py:3096} INFO - Sync 1 DAGs
[2025-05-29T17:21:07.472+0000] {logging_mixin.py:188} INFO - [2025-05-29T17:21:07.472+0000] {dag.py:3954} INFO - Setting next_dagrun for example_short_circuit_decorator to 2025-05-28 00:00:00+00:00, run_after=2025-05-29 00:00:00+00:00
[2025-05-29T17:21:07.490+0000] {processor.py:183} INFO - Processing /home/airflow/.local/lib/python3.12/site-packages/airflow/example_dags/example_short_circuit_decorator.py took 0.074 seconds
