[2025-05-29T17:20:06.698+0000] {processor.py:161} INFO - Started process (PID=311) to work on /home/airflow/.local/lib/python3.12/site-packages/airflow/example_dags/example_external_task_marker_dag.py
[2025-05-29T17:20:06.699+0000] {processor.py:830} INFO - Processing file /home/airflow/.local/lib/python3.12/site-packages/airflow/example_dags/example_external_task_marker_dag.py for tasks to queue
[2025-05-29T17:20:06.700+0000] {logging_mixin.py:188} INFO - [2025-05-29T17:20:06.700+0000] {dagbag.py:545} INFO - Filling up the DagBag from /home/airflow/.local/lib/python3.12/site-packages/airflow/example_dags/example_external_task_marker_dag.py
[2025-05-29T17:20:06.707+0000] {processor.py:840} INFO - DAG(s) 'example_external_task_marker_child', 'example_external_task_marker_parent' retrieved from /home/airflow/.local/lib/python3.12/site-packages/airflow/example_dags/example_external_task_marker_dag.py
[2025-05-29T17:20:06.717+0000] {logging_mixin.py:188} INFO - [2025-05-29T17:20:06.717+0000] {dag.py:3096} INFO - Sync 2 DAGs
[2025-05-29T17:20:06.729+0000] {logging_mixin.py:188} INFO - [2025-05-29T17:20:06.729+0000] {dag.py:3954} INFO - Setting next_dagrun for example_external_task_marker_child to None, run_after=None
[2025-05-29T17:20:06.733+0000] {logging_mixin.py:188} INFO - [2025-05-29T17:20:06.732+0000] {dag.py:3954} INFO - Setting next_dagrun for example_external_task_marker_parent to None, run_after=None
[2025-05-29T17:20:06.745+0000] {processor.py:183} INFO - Processing /home/airflow/.local/lib/python3.12/site-packages/airflow/example_dags/example_external_task_marker_dag.py took 0.051 seconds
[2025-05-29T17:20:38.706+0000] {processor.py:161} INFO - Started process (PID=582) to work on /home/airflow/.local/lib/python3.12/site-packages/airflow/example_dags/example_external_task_marker_dag.py
[2025-05-29T17:20:38.706+0000] {processor.py:830} INFO - Processing file /home/airflow/.local/lib/python3.12/site-packages/airflow/example_dags/example_external_task_marker_dag.py for tasks to queue
[2025-05-29T17:20:38.708+0000] {logging_mixin.py:188} INFO - [2025-05-29T17:20:38.708+0000] {dagbag.py:545} INFO - Filling up the DagBag from /home/airflow/.local/lib/python3.12/site-packages/airflow/example_dags/example_external_task_marker_dag.py
[2025-05-29T17:20:38.714+0000] {processor.py:840} INFO - DAG(s) 'example_external_task_marker_child', 'example_external_task_marker_parent' retrieved from /home/airflow/.local/lib/python3.12/site-packages/airflow/example_dags/example_external_task_marker_dag.py
[2025-05-29T17:20:38.821+0000] {logging_mixin.py:188} INFO - [2025-05-29T17:20:38.821+0000] {dag.py:3096} INFO - Sync 2 DAGs
[2025-05-29T17:20:38.831+0000] {logging_mixin.py:188} INFO - [2025-05-29T17:20:38.830+0000] {dag.py:3954} INFO - Setting next_dagrun for example_external_task_marker_child to None, run_after=None
[2025-05-29T17:20:38.833+0000] {logging_mixin.py:188} INFO - [2025-05-29T17:20:38.833+0000] {dag.py:3954} INFO - Setting next_dagrun for example_external_task_marker_parent to None, run_after=None
[2025-05-29T17:20:38.849+0000] {processor.py:183} INFO - Processing /home/airflow/.local/lib/python3.12/site-packages/airflow/example_dags/example_external_task_marker_dag.py took 0.148 seconds
[2025-05-29T17:21:09.367+0000] {processor.py:161} INFO - Started process (PID=855) to work on /home/airflow/.local/lib/python3.12/site-packages/airflow/example_dags/example_external_task_marker_dag.py
[2025-05-29T17:21:09.368+0000] {processor.py:830} INFO - Processing file /home/airflow/.local/lib/python3.12/site-packages/airflow/example_dags/example_external_task_marker_dag.py for tasks to queue
[2025-05-29T17:21:09.370+0000] {logging_mixin.py:188} INFO - [2025-05-29T17:21:09.370+0000] {dagbag.py:545} INFO - Filling up the DagBag from /home/airflow/.local/lib/python3.12/site-packages/airflow/example_dags/example_external_task_marker_dag.py
[2025-05-29T17:21:09.379+0000] {processor.py:840} INFO - DAG(s) 'example_external_task_marker_parent', 'example_external_task_marker_child' retrieved from /home/airflow/.local/lib/python3.12/site-packages/airflow/example_dags/example_external_task_marker_dag.py
[2025-05-29T17:21:09.413+0000] {logging_mixin.py:188} INFO - [2025-05-29T17:21:09.412+0000] {dag.py:3096} INFO - Sync 2 DAGs
[2025-05-29T17:21:09.431+0000] {logging_mixin.py:188} INFO - [2025-05-29T17:21:09.431+0000] {dag.py:3954} INFO - Setting next_dagrun for example_external_task_marker_child to None, run_after=None
[2025-05-29T17:21:09.436+0000] {logging_mixin.py:188} INFO - [2025-05-29T17:21:09.436+0000] {dag.py:3954} INFO - Setting next_dagrun for example_external_task_marker_parent to None, run_after=None
[2025-05-29T17:21:09.462+0000] {processor.py:183} INFO - Processing /home/airflow/.local/lib/python3.12/site-packages/airflow/example_dags/example_external_task_marker_dag.py took 0.103 seconds
