[2025-05-29T17:20:05.623+0000] {processor.py:161} INFO - Started process (PID=194) to work on /home/airflow/.local/lib/python3.12/site-packages/airflow/example_dags/example_task_group_decorator.py
[2025-05-29T17:20:05.624+0000] {processor.py:830} INFO - Processing file /home/airflow/.local/lib/python3.12/site-packages/airflow/example_dags/example_task_group_decorator.py for tasks to queue
[2025-05-29T17:20:05.626+0000] {logging_mixin.py:188} INFO - [2025-05-29T17:20:05.625+0000] {dagbag.py:545} INFO - Filling up the DagBag from /home/airflow/.local/lib/python3.12/site-packages/airflow/example_dags/example_task_group_decorator.py
[2025-05-29T17:20:05.639+0000] {processor.py:840} INFO - DAG(s) 'example_task_group_decorator' retrieved from /home/airflow/.local/lib/python3.12/site-packages/airflow/example_dags/example_task_group_decorator.py
[2025-05-29T17:20:05.649+0000] {logging_mixin.py:188} INFO - [2025-05-29T17:20:05.648+0000] {dag.py:3096} INFO - Sync 1 DAGs
[2025-05-29T17:20:05.669+0000] {logging_mixin.py:188} INFO - [2025-05-29T17:20:05.668+0000] {dag.py:3954} INFO - Setting next_dagrun for example_task_group_decorator to 2025-05-28 00:00:00+00:00, run_after=2025-05-29 00:00:00+00:00
[2025-05-29T17:20:05.686+0000] {processor.py:183} INFO - Processing /home/airflow/.local/lib/python3.12/site-packages/airflow/example_dags/example_task_group_decorator.py took 0.067 seconds
[2025-05-29T17:20:36.024+0000] {processor.py:161} INFO - Started process (PID=466) to work on /home/airflow/.local/lib/python3.12/site-packages/airflow/example_dags/example_task_group_decorator.py
[2025-05-29T17:20:36.025+0000] {processor.py:830} INFO - Processing file /home/airflow/.local/lib/python3.12/site-packages/airflow/example_dags/example_task_group_decorator.py for tasks to queue
[2025-05-29T17:20:36.027+0000] {logging_mixin.py:188} INFO - [2025-05-29T17:20:36.027+0000] {dagbag.py:545} INFO - Filling up the DagBag from /home/airflow/.local/lib/python3.12/site-packages/airflow/example_dags/example_task_group_decorator.py
[2025-05-29T17:20:36.041+0000] {processor.py:840} INFO - DAG(s) 'example_task_group_decorator' retrieved from /home/airflow/.local/lib/python3.12/site-packages/airflow/example_dags/example_task_group_decorator.py
[2025-05-29T17:20:36.150+0000] {logging_mixin.py:188} INFO - [2025-05-29T17:20:36.149+0000] {dag.py:3096} INFO - Sync 1 DAGs
[2025-05-29T17:20:36.169+0000] {logging_mixin.py:188} INFO - [2025-05-29T17:20:36.168+0000] {dag.py:3954} INFO - Setting next_dagrun for example_task_group_decorator to 2025-05-28 00:00:00+00:00, run_after=2025-05-29 00:00:00+00:00
[2025-05-29T17:20:36.189+0000] {processor.py:183} INFO - Processing /home/airflow/.local/lib/python3.12/site-packages/airflow/example_dags/example_task_group_decorator.py took 0.170 seconds
[2025-05-29T17:21:06.462+0000] {processor.py:161} INFO - Started process (PID=734) to work on /home/airflow/.local/lib/python3.12/site-packages/airflow/example_dags/example_task_group_decorator.py
[2025-05-29T17:21:06.463+0000] {processor.py:830} INFO - Processing file /home/airflow/.local/lib/python3.12/site-packages/airflow/example_dags/example_task_group_decorator.py for tasks to queue
[2025-05-29T17:21:06.465+0000] {logging_mixin.py:188} INFO - [2025-05-29T17:21:06.465+0000] {dagbag.py:545} INFO - Filling up the DagBag from /home/airflow/.local/lib/python3.12/site-packages/airflow/example_dags/example_task_group_decorator.py
[2025-05-29T17:21:06.477+0000] {processor.py:840} INFO - DAG(s) 'example_task_group_decorator' retrieved from /home/airflow/.local/lib/python3.12/site-packages/airflow/example_dags/example_task_group_decorator.py
[2025-05-29T17:21:06.501+0000] {logging_mixin.py:188} INFO - [2025-05-29T17:21:06.501+0000] {dag.py:3096} INFO - Sync 1 DAGs
[2025-05-29T17:21:06.524+0000] {logging_mixin.py:188} INFO - [2025-05-29T17:21:06.524+0000] {dag.py:3954} INFO - Setting next_dagrun for example_task_group_decorator to 2025-05-28 00:00:00+00:00, run_after=2025-05-29 00:00:00+00:00
[2025-05-29T17:21:06.542+0000] {processor.py:183} INFO - Processing /home/airflow/.local/lib/python3.12/site-packages/airflow/example_dags/example_task_group_decorator.py took 0.086 seconds
