[2025-05-29T17:20:07.983+0000] {processor.py:161} INFO - Started process (PID=394) to work on /home/airflow/.local/lib/python3.12/site-packages/airflow/example_dags/example_subdag_operator.py
[2025-05-29T17:20:07.984+0000] {processor.py:830} INFO - Processing file /home/airflow/.local/lib/python3.12/site-packages/airflow/example_dags/example_subdag_operator.py for tasks to queue
[2025-05-29T17:20:07.987+0000] {logging_mixin.py:188} INFO - [2025-05-29T17:20:07.986+0000] {dagbag.py:545} INFO - Filling up the DagBag from /home/airflow/.local/lib/python3.12/site-packages/airflow/example_dags/example_subdag_operator.py
[2025-05-29T17:20:08.006+0000] {processor.py:840} INFO - DAG(s) 'example_subdag_operator.section-1', 'example_subdag_operator.section-2', 'example_subdag_operator' retrieved from /home/airflow/.local/lib/python3.12/site-packages/airflow/example_dags/example_subdag_operator.py
[2025-05-29T17:20:08.010+0000] {logging_mixin.py:188} INFO - [2025-05-29T17:20:08.010+0000] {dag.py:3096} INFO - Sync 3 DAGs
[2025-05-29T17:20:08.034+0000] {logging_mixin.py:188} INFO - [2025-05-29T17:20:08.034+0000] {dag.py:3954} INFO - Setting next_dagrun for example_subdag_operator to 2022-01-01 00:00:00+00:00, run_after=2022-01-01 00:00:00+00:00
[2025-05-29T17:20:08.039+0000] {logging_mixin.py:188} INFO - [2025-05-29T17:20:08.039+0000] {dag.py:3954} INFO - Setting next_dagrun for example_subdag_operator.section-1 to None, run_after=None
[2025-05-29T17:20:08.041+0000] {logging_mixin.py:188} INFO - [2025-05-29T17:20:08.041+0000] {dag.py:3954} INFO - Setting next_dagrun for example_subdag_operator.section-2 to None, run_after=None
[2025-05-29T17:20:08.052+0000] {logging_mixin.py:188} INFO - [2025-05-29T17:20:08.052+0000] {dag.py:3096} INFO - Sync 2 DAGs
[2025-05-29T17:20:08.058+0000] {logging_mixin.py:188} INFO - [2025-05-29T17:20:08.058+0000] {dag.py:3954} INFO - Setting next_dagrun for example_subdag_operator.section-1 to None, run_after=None
[2025-05-29T17:20:08.058+0000] {logging_mixin.py:188} INFO - [2025-05-29T17:20:08.058+0000] {dag.py:3954} INFO - Setting next_dagrun for example_subdag_operator.section-2 to None, run_after=None
[2025-05-29T17:20:08.071+0000] {processor.py:183} INFO - Processing /home/airflow/.local/lib/python3.12/site-packages/airflow/example_dags/example_subdag_operator.py took 0.092 seconds
[2025-05-29T17:20:40.400+0000] {processor.py:161} INFO - Started process (PID=667) to work on /home/airflow/.local/lib/python3.12/site-packages/airflow/example_dags/example_subdag_operator.py
[2025-05-29T17:20:40.401+0000] {processor.py:830} INFO - Processing file /home/airflow/.local/lib/python3.12/site-packages/airflow/example_dags/example_subdag_operator.py for tasks to queue
[2025-05-29T17:20:40.403+0000] {logging_mixin.py:188} INFO - [2025-05-29T17:20:40.402+0000] {dagbag.py:545} INFO - Filling up the DagBag from /home/airflow/.local/lib/python3.12/site-packages/airflow/example_dags/example_subdag_operator.py
[2025-05-29T17:20:40.423+0000] {processor.py:840} INFO - DAG(s) 'example_subdag_operator.section-1', 'example_subdag_operator.section-2', 'example_subdag_operator' retrieved from /home/airflow/.local/lib/python3.12/site-packages/airflow/example_dags/example_subdag_operator.py
[2025-05-29T17:20:40.553+0000] {logging_mixin.py:188} INFO - [2025-05-29T17:20:40.552+0000] {dag.py:3096} INFO - Sync 3 DAGs
[2025-05-29T17:20:40.577+0000] {logging_mixin.py:188} INFO - [2025-05-29T17:20:40.576+0000] {dag.py:3954} INFO - Setting next_dagrun for example_subdag_operator to 2022-01-01 00:00:00+00:00, run_after=2022-01-01 00:00:00+00:00
[2025-05-29T17:20:40.581+0000] {logging_mixin.py:188} INFO - [2025-05-29T17:20:40.581+0000] {dag.py:3954} INFO - Setting next_dagrun for example_subdag_operator.section-1 to None, run_after=None
[2025-05-29T17:20:40.584+0000] {logging_mixin.py:188} INFO - [2025-05-29T17:20:40.583+0000] {dag.py:3954} INFO - Setting next_dagrun for example_subdag_operator.section-2 to None, run_after=None
[2025-05-29T17:20:40.596+0000] {logging_mixin.py:188} INFO - [2025-05-29T17:20:40.596+0000] {dag.py:3096} INFO - Sync 2 DAGs
[2025-05-29T17:20:40.602+0000] {logging_mixin.py:188} INFO - [2025-05-29T17:20:40.602+0000] {dag.py:3954} INFO - Setting next_dagrun for example_subdag_operator.section-1 to None, run_after=None
[2025-05-29T17:20:40.603+0000] {logging_mixin.py:188} INFO - [2025-05-29T17:20:40.603+0000] {dag.py:3954} INFO - Setting next_dagrun for example_subdag_operator.section-2 to None, run_after=None
[2025-05-29T17:20:40.615+0000] {processor.py:183} INFO - Processing /home/airflow/.local/lib/python3.12/site-packages/airflow/example_dags/example_subdag_operator.py took 0.220 seconds
[2025-05-29T17:21:11.433+0000] {processor.py:161} INFO - Started process (PID=940) to work on /home/airflow/.local/lib/python3.12/site-packages/airflow/example_dags/example_subdag_operator.py
[2025-05-29T17:21:11.434+0000] {processor.py:830} INFO - Processing file /home/airflow/.local/lib/python3.12/site-packages/airflow/example_dags/example_subdag_operator.py for tasks to queue
[2025-05-29T17:21:11.437+0000] {logging_mixin.py:188} INFO - [2025-05-29T17:21:11.436+0000] {dagbag.py:545} INFO - Filling up the DagBag from /home/airflow/.local/lib/python3.12/site-packages/airflow/example_dags/example_subdag_operator.py
[2025-05-29T17:21:11.464+0000] {processor.py:840} INFO - DAG(s) 'example_subdag_operator.section-1', 'example_subdag_operator.section-2', 'example_subdag_operator' retrieved from /home/airflow/.local/lib/python3.12/site-packages/airflow/example_dags/example_subdag_operator.py
[2025-05-29T17:21:11.484+0000] {logging_mixin.py:188} INFO - [2025-05-29T17:21:11.484+0000] {dag.py:3096} INFO - Sync 3 DAGs
[2025-05-29T17:21:11.513+0000] {logging_mixin.py:188} INFO - [2025-05-29T17:21:11.512+0000] {dag.py:3954} INFO - Setting next_dagrun for example_subdag_operator to 2022-01-01 00:00:00+00:00, run_after=2022-01-01 00:00:00+00:00
[2025-05-29T17:21:11.517+0000] {logging_mixin.py:188} INFO - [2025-05-29T17:21:11.517+0000] {dag.py:3954} INFO - Setting next_dagrun for example_subdag_operator.section-1 to None, run_after=None
[2025-05-29T17:21:11.519+0000] {logging_mixin.py:188} INFO - [2025-05-29T17:21:11.519+0000] {dag.py:3954} INFO - Setting next_dagrun for example_subdag_operator.section-2 to None, run_after=None
[2025-05-29T17:21:11.529+0000] {logging_mixin.py:188} INFO - [2025-05-29T17:21:11.529+0000] {dag.py:3096} INFO - Sync 2 DAGs
[2025-05-29T17:21:11.536+0000] {logging_mixin.py:188} INFO - [2025-05-29T17:21:11.536+0000] {dag.py:3954} INFO - Setting next_dagrun for example_subdag_operator.section-1 to None, run_after=None
[2025-05-29T17:21:11.537+0000] {logging_mixin.py:188} INFO - [2025-05-29T17:21:11.537+0000] {dag.py:3954} INFO - Setting next_dagrun for example_subdag_operator.section-2 to None, run_after=None
[2025-05-29T17:21:11.550+0000] {processor.py:183} INFO - Processing /home/airflow/.local/lib/python3.12/site-packages/airflow/example_dags/example_subdag_operator.py took 0.124 seconds
