[2025-05-29T17:20:05.799+0000] {processor.py:161} INFO - Started process (PID=209) to work on /home/airflow/.local/lib/python3.12/site-packages/airflow/example_dags/example_local_kubernetes_executor.py
[2025-05-29T17:20:05.800+0000] {processor.py:830} INFO - Processing file /home/airflow/.local/lib/python3.12/site-packages/airflow/example_dags/example_local_kubernetes_executor.py for tasks to queue
[2025-05-29T17:20:05.804+0000] {logging_mixin.py:188} INFO - [2025-05-29T17:20:05.803+0000] {dagbag.py:545} INFO - Filling up the DagBag from /home/airflow/.local/lib/python3.12/site-packages/airflow/example_dags/example_local_kubernetes_executor.py
[2025-05-29T17:20:05.820+0000] {processor.py:840} INFO - DAG(s) 'example_local_kubernetes_executor' retrieved from /home/airflow/.local/lib/python3.12/site-packages/airflow/example_dags/example_local_kubernetes_executor.py
[2025-05-29T17:20:05.836+0000] {logging_mixin.py:188} INFO - [2025-05-29T17:20:05.836+0000] {dag.py:3096} INFO - Sync 1 DAGs
[2025-05-29T17:20:05.852+0000] {logging_mixin.py:188} INFO - [2025-05-29T17:20:05.852+0000] {dag.py:3954} INFO - Setting next_dagrun for example_local_kubernetes_executor to None, run_after=None
[2025-05-29T17:20:05.874+0000] {processor.py:183} INFO - Processing /home/airflow/.local/lib/python3.12/site-packages/airflow/example_dags/example_local_kubernetes_executor.py took 0.083 seconds
[2025-05-29T17:20:36.530+0000] {processor.py:161} INFO - Started process (PID=482) to work on /home/airflow/.local/lib/python3.12/site-packages/airflow/example_dags/example_local_kubernetes_executor.py
[2025-05-29T17:20:36.531+0000] {processor.py:830} INFO - Processing file /home/airflow/.local/lib/python3.12/site-packages/airflow/example_dags/example_local_kubernetes_executor.py for tasks to queue
[2025-05-29T17:20:36.533+0000] {logging_mixin.py:188} INFO - [2025-05-29T17:20:36.532+0000] {dagbag.py:545} INFO - Filling up the DagBag from /home/airflow/.local/lib/python3.12/site-packages/airflow/example_dags/example_local_kubernetes_executor.py
[2025-05-29T17:20:36.540+0000] {processor.py:840} INFO - DAG(s) 'example_local_kubernetes_executor' retrieved from /home/airflow/.local/lib/python3.12/site-packages/airflow/example_dags/example_local_kubernetes_executor.py
[2025-05-29T17:20:36.659+0000] {logging_mixin.py:188} INFO - [2025-05-29T17:20:36.659+0000] {dag.py:3096} INFO - Sync 1 DAGs
[2025-05-29T17:20:36.669+0000] {logging_mixin.py:188} INFO - [2025-05-29T17:20:36.669+0000] {dag.py:3954} INFO - Setting next_dagrun for example_local_kubernetes_executor to None, run_after=None
[2025-05-29T17:20:36.694+0000] {processor.py:183} INFO - Processing /home/airflow/.local/lib/python3.12/site-packages/airflow/example_dags/example_local_kubernetes_executor.py took 0.170 seconds
[2025-05-29T17:21:06.717+0000] {processor.py:161} INFO - Started process (PID=755) to work on /home/airflow/.local/lib/python3.12/site-packages/airflow/example_dags/example_local_kubernetes_executor.py
[2025-05-29T17:21:06.718+0000] {processor.py:830} INFO - Processing file /home/airflow/.local/lib/python3.12/site-packages/airflow/example_dags/example_local_kubernetes_executor.py for tasks to queue
[2025-05-29T17:21:06.720+0000] {logging_mixin.py:188} INFO - [2025-05-29T17:21:06.719+0000] {dagbag.py:545} INFO - Filling up the DagBag from /home/airflow/.local/lib/python3.12/site-packages/airflow/example_dags/example_local_kubernetes_executor.py
[2025-05-29T17:21:06.727+0000] {processor.py:840} INFO - DAG(s) 'example_local_kubernetes_executor' retrieved from /home/airflow/.local/lib/python3.12/site-packages/airflow/example_dags/example_local_kubernetes_executor.py
[2025-05-29T17:21:06.770+0000] {logging_mixin.py:188} INFO - [2025-05-29T17:21:06.769+0000] {dag.py:3096} INFO - Sync 1 DAGs
[2025-05-29T17:21:06.781+0000] {logging_mixin.py:188} INFO - [2025-05-29T17:21:06.781+0000] {dag.py:3954} INFO - Setting next_dagrun for example_local_kubernetes_executor to None, run_after=None
[2025-05-29T17:21:06.798+0000] {processor.py:183} INFO - Processing /home/airflow/.local/lib/python3.12/site-packages/airflow/example_dags/example_local_kubernetes_executor.py took 0.085 seconds
