[2025-05-29T17:20:06.852+0000] {processor.py:161} INFO - Started process (PID=326) to work on /home/airflow/.local/lib/python3.12/site-packages/airflow/example_dags/example_datasets.py
[2025-05-29T17:20:06.852+0000] {processor.py:830} INFO - Processing file /home/airflow/.local/lib/python3.12/site-packages/airflow/example_dags/example_datasets.py for tasks to queue
[2025-05-29T17:20:06.854+0000] {logging_mixin.py:188} INFO - [2025-05-29T17:20:06.854+0000] {dagbag.py:545} INFO - Filling up the DagBag from /home/airflow/.local/lib/python3.12/site-packages/airflow/example_dags/example_datasets.py
[2025-05-29T17:20:06.869+0000] {processor.py:840} INFO - DAG(s) 'dataset_produces_2', 'dataset_consumes_1_never_scheduled', 'consume_1_and_2_with_dataset_expressions', 'dataset_consumes_unknown_never_scheduled', 'dataset_consumes_1', 'conditional_dataset_and_time_based_timetable', 'consume_1_or_2_with_dataset_expressions', 'dataset_produces_1', 'consume_1_or_both_2_and_3_with_dataset_expressions', 'dataset_consumes_1_and_2' retrieved from /home/airflow/.local/lib/python3.12/site-packages/airflow/example_dags/example_datasets.py
[2025-05-29T17:20:06.883+0000] {logging_mixin.py:188} INFO - [2025-05-29T17:20:06.883+0000] {dag.py:3096} INFO - Sync 10 DAGs
[2025-05-29T17:20:06.905+0000] {logging_mixin.py:188} INFO - [2025-05-29T17:20:06.905+0000] {dag.py:3954} INFO - Setting next_dagrun for conditional_dataset_and_time_based_timetable to 2025-05-28 01:00:00+00:00, run_after=2025-05-28 01:00:00+00:00
[2025-05-29T17:20:06.909+0000] {logging_mixin.py:188} INFO - [2025-05-29T17:20:06.909+0000] {dag.py:3954} INFO - Setting next_dagrun for consume_1_and_2_with_dataset_expressions to None, run_after=None
[2025-05-29T17:20:06.910+0000] {logging_mixin.py:188} INFO - [2025-05-29T17:20:06.910+0000] {dag.py:3954} INFO - Setting next_dagrun for consume_1_or_2_with_dataset_expressions to None, run_after=None
[2025-05-29T17:20:06.912+0000] {logging_mixin.py:188} INFO - [2025-05-29T17:20:06.912+0000] {dag.py:3954} INFO - Setting next_dagrun for consume_1_or_both_2_and_3_with_dataset_expressions to None, run_after=None
[2025-05-29T17:20:06.914+0000] {logging_mixin.py:188} INFO - [2025-05-29T17:20:06.914+0000] {dag.py:3954} INFO - Setting next_dagrun for dataset_consumes_1 to None, run_after=None
[2025-05-29T17:20:06.915+0000] {logging_mixin.py:188} INFO - [2025-05-29T17:20:06.915+0000] {dag.py:3954} INFO - Setting next_dagrun for dataset_consumes_1_and_2 to None, run_after=None
[2025-05-29T17:20:06.917+0000] {logging_mixin.py:188} INFO - [2025-05-29T17:20:06.917+0000] {dag.py:3954} INFO - Setting next_dagrun for dataset_consumes_1_never_scheduled to None, run_after=None
[2025-05-29T17:20:06.918+0000] {logging_mixin.py:188} INFO - [2025-05-29T17:20:06.918+0000] {dag.py:3954} INFO - Setting next_dagrun for dataset_consumes_unknown_never_scheduled to None, run_after=None
[2025-05-29T17:20:06.921+0000] {logging_mixin.py:188} INFO - [2025-05-29T17:20:06.920+0000] {dag.py:3954} INFO - Setting next_dagrun for dataset_produces_1 to 2025-05-28 00:00:00+00:00, run_after=2025-05-29 00:00:00+00:00
[2025-05-29T17:20:06.922+0000] {logging_mixin.py:188} INFO - [2025-05-29T17:20:06.922+0000] {dag.py:3954} INFO - Setting next_dagrun for dataset_produces_2 to None, run_after=None
[2025-05-29T17:20:06.952+0000] {processor.py:183} INFO - Processing /home/airflow/.local/lib/python3.12/site-packages/airflow/example_dags/example_datasets.py took 0.105 seconds
[2025-05-29T17:20:39.032+0000] {processor.py:161} INFO - Started process (PID=597) to work on /home/airflow/.local/lib/python3.12/site-packages/airflow/example_dags/example_datasets.py
[2025-05-29T17:20:39.033+0000] {processor.py:830} INFO - Processing file /home/airflow/.local/lib/python3.12/site-packages/airflow/example_dags/example_datasets.py for tasks to queue
[2025-05-29T17:20:39.035+0000] {logging_mixin.py:188} INFO - [2025-05-29T17:20:39.035+0000] {dagbag.py:545} INFO - Filling up the DagBag from /home/airflow/.local/lib/python3.12/site-packages/airflow/example_dags/example_datasets.py
[2025-05-29T17:20:39.049+0000] {processor.py:840} INFO - DAG(s) 'consume_1_or_both_2_and_3_with_dataset_expressions', 'consume_1_or_2_with_dataset_expressions', 'dataset_consumes_1', 'consume_1_and_2_with_dataset_expressions', 'dataset_consumes_unknown_never_scheduled', 'dataset_consumes_1_never_scheduled', 'dataset_produces_1', 'conditional_dataset_and_time_based_timetable', 'dataset_produces_2', 'dataset_consumes_1_and_2' retrieved from /home/airflow/.local/lib/python3.12/site-packages/airflow/example_dags/example_datasets.py
[2025-05-29T17:20:39.238+0000] {logging_mixin.py:188} INFO - [2025-05-29T17:20:39.238+0000] {dag.py:3096} INFO - Sync 10 DAGs
[2025-05-29T17:20:39.265+0000] {logging_mixin.py:188} INFO - [2025-05-29T17:20:39.264+0000] {dag.py:3954} INFO - Setting next_dagrun for conditional_dataset_and_time_based_timetable to 2025-05-28 01:00:00+00:00, run_after=2025-05-28 01:00:00+00:00
[2025-05-29T17:20:39.268+0000] {logging_mixin.py:188} INFO - [2025-05-29T17:20:39.268+0000] {dag.py:3954} INFO - Setting next_dagrun for consume_1_and_2_with_dataset_expressions to None, run_after=None
[2025-05-29T17:20:39.270+0000] {logging_mixin.py:188} INFO - [2025-05-29T17:20:39.270+0000] {dag.py:3954} INFO - Setting next_dagrun for consume_1_or_2_with_dataset_expressions to None, run_after=None
[2025-05-29T17:20:39.272+0000] {logging_mixin.py:188} INFO - [2025-05-29T17:20:39.271+0000] {dag.py:3954} INFO - Setting next_dagrun for consume_1_or_both_2_and_3_with_dataset_expressions to None, run_after=None
[2025-05-29T17:20:39.273+0000] {logging_mixin.py:188} INFO - [2025-05-29T17:20:39.273+0000] {dag.py:3954} INFO - Setting next_dagrun for dataset_consumes_1 to None, run_after=None
[2025-05-29T17:20:39.275+0000] {logging_mixin.py:188} INFO - [2025-05-29T17:20:39.275+0000] {dag.py:3954} INFO - Setting next_dagrun for dataset_consumes_1_and_2 to None, run_after=None
[2025-05-29T17:20:39.276+0000] {logging_mixin.py:188} INFO - [2025-05-29T17:20:39.276+0000] {dag.py:3954} INFO - Setting next_dagrun for dataset_consumes_1_never_scheduled to None, run_after=None
[2025-05-29T17:20:39.278+0000] {logging_mixin.py:188} INFO - [2025-05-29T17:20:39.278+0000] {dag.py:3954} INFO - Setting next_dagrun for dataset_consumes_unknown_never_scheduled to None, run_after=None
[2025-05-29T17:20:39.280+0000] {logging_mixin.py:188} INFO - [2025-05-29T17:20:39.280+0000] {dag.py:3954} INFO - Setting next_dagrun for dataset_produces_1 to 2025-05-28 00:00:00+00:00, run_after=2025-05-29 00:00:00+00:00
[2025-05-29T17:20:39.282+0000] {logging_mixin.py:188} INFO - [2025-05-29T17:20:39.282+0000] {dag.py:3954} INFO - Setting next_dagrun for dataset_produces_2 to None, run_after=None
[2025-05-29T17:20:39.310+0000] {processor.py:183} INFO - Processing /home/airflow/.local/lib/python3.12/site-packages/airflow/example_dags/example_datasets.py took 0.283 seconds
[2025-05-29T17:21:09.527+0000] {processor.py:161} INFO - Started process (PID=870) to work on /home/airflow/.local/lib/python3.12/site-packages/airflow/example_dags/example_datasets.py
[2025-05-29T17:21:09.528+0000] {processor.py:830} INFO - Processing file /home/airflow/.local/lib/python3.12/site-packages/airflow/example_dags/example_datasets.py for tasks to queue
[2025-05-29T17:21:09.530+0000] {logging_mixin.py:188} INFO - [2025-05-29T17:21:09.529+0000] {dagbag.py:545} INFO - Filling up the DagBag from /home/airflow/.local/lib/python3.12/site-packages/airflow/example_dags/example_datasets.py
[2025-05-29T17:21:09.544+0000] {processor.py:840} INFO - DAG(s) 'dataset_consumes_unknown_never_scheduled', 'consume_1_or_2_with_dataset_expressions', 'dataset_produces_1', 'dataset_consumes_1_and_2', 'dataset_consumes_1', 'consume_1_and_2_with_dataset_expressions', 'conditional_dataset_and_time_based_timetable', 'dataset_consumes_1_never_scheduled', 'consume_1_or_both_2_and_3_with_dataset_expressions', 'dataset_produces_2' retrieved from /home/airflow/.local/lib/python3.12/site-packages/airflow/example_dags/example_datasets.py
[2025-05-29T17:21:09.591+0000] {logging_mixin.py:188} INFO - [2025-05-29T17:21:09.591+0000] {dag.py:3096} INFO - Sync 10 DAGs
[2025-05-29T17:21:09.623+0000] {logging_mixin.py:188} INFO - [2025-05-29T17:21:09.623+0000] {dag.py:3954} INFO - Setting next_dagrun for conditional_dataset_and_time_based_timetable to 2025-05-28 01:00:00+00:00, run_after=2025-05-28 01:00:00+00:00
[2025-05-29T17:21:09.628+0000] {logging_mixin.py:188} INFO - [2025-05-29T17:21:09.628+0000] {dag.py:3954} INFO - Setting next_dagrun for consume_1_and_2_with_dataset_expressions to None, run_after=None
[2025-05-29T17:21:09.631+0000] {logging_mixin.py:188} INFO - [2025-05-29T17:21:09.630+0000] {dag.py:3954} INFO - Setting next_dagrun for consume_1_or_2_with_dataset_expressions to None, run_after=None
[2025-05-29T17:21:09.633+0000] {logging_mixin.py:188} INFO - [2025-05-29T17:21:09.633+0000] {dag.py:3954} INFO - Setting next_dagrun for consume_1_or_both_2_and_3_with_dataset_expressions to None, run_after=None
[2025-05-29T17:21:09.635+0000] {logging_mixin.py:188} INFO - [2025-05-29T17:21:09.635+0000] {dag.py:3954} INFO - Setting next_dagrun for dataset_consumes_1 to None, run_after=None
[2025-05-29T17:21:09.638+0000] {logging_mixin.py:188} INFO - [2025-05-29T17:21:09.638+0000] {dag.py:3954} INFO - Setting next_dagrun for dataset_consumes_1_and_2 to None, run_after=None
[2025-05-29T17:21:09.641+0000] {logging_mixin.py:188} INFO - [2025-05-29T17:21:09.641+0000] {dag.py:3954} INFO - Setting next_dagrun for dataset_consumes_1_never_scheduled to None, run_after=None
[2025-05-29T17:21:09.643+0000] {logging_mixin.py:188} INFO - [2025-05-29T17:21:09.643+0000] {dag.py:3954} INFO - Setting next_dagrun for dataset_consumes_unknown_never_scheduled to None, run_after=None
[2025-05-29T17:21:09.646+0000] {logging_mixin.py:188} INFO - [2025-05-29T17:21:09.646+0000] {dag.py:3954} INFO - Setting next_dagrun for dataset_produces_1 to 2025-05-28 00:00:00+00:00, run_after=2025-05-29 00:00:00+00:00
[2025-05-29T17:21:09.648+0000] {logging_mixin.py:188} INFO - [2025-05-29T17:21:09.648+0000] {dag.py:3954} INFO - Setting next_dagrun for dataset_produces_2 to None, run_after=None
[2025-05-29T17:21:09.679+0000] {processor.py:183} INFO - Processing /home/airflow/.local/lib/python3.12/site-packages/airflow/example_dags/example_datasets.py took 0.158 seconds
