[2025-05-29T17:20:06.160+0000] {processor.py:161} INFO - Started process (PID=249) to work on /home/airflow/.local/lib/python3.12/site-packages/airflow/example_dags/example_sla_dag.py
[2025-05-29T17:20:06.161+0000] {processor.py:830} INFO - Processing file /home/airflow/.local/lib/python3.12/site-packages/airflow/example_dags/example_sla_dag.py for tasks to queue
[2025-05-29T17:20:06.163+0000] {logging_mixin.py:188} INFO - [2025-05-29T17:20:06.162+0000] {dagbag.py:545} INFO - Filling up the DagBag from /home/airflow/.local/lib/python3.12/site-packages/airflow/example_dags/example_sla_dag.py
[2025-05-29T17:20:06.173+0000] {processor.py:840} INFO - DAG(s) 'example_sla_dag' retrieved from /home/airflow/.local/lib/python3.12/site-packages/airflow/example_dags/example_sla_dag.py
[2025-05-29T17:20:06.183+0000] {logging_mixin.py:188} INFO - [2025-05-29T17:20:06.182+0000] {dag.py:3096} INFO - Sync 1 DAGs
[2025-05-29T17:20:06.204+0000] {logging_mixin.py:188} INFO - [2025-05-29T17:20:06.203+0000] {dag.py:3954} INFO - Setting next_dagrun for example_sla_dag to 2025-05-29 17:18:00+00:00, run_after=2025-05-29 17:20:00+00:00
[2025-05-29T17:20:06.219+0000] {processor.py:183} INFO - Processing /home/airflow/.local/lib/python3.12/site-packages/airflow/example_dags/example_sla_dag.py took 0.064 seconds
[2025-05-29T17:20:37.509+0000] {processor.py:161} INFO - Started process (PID=524) to work on /home/airflow/.local/lib/python3.12/site-packages/airflow/example_dags/example_sla_dag.py
[2025-05-29T17:20:37.510+0000] {processor.py:830} INFO - Processing file /home/airflow/.local/lib/python3.12/site-packages/airflow/example_dags/example_sla_dag.py for tasks to queue
[2025-05-29T17:20:37.512+0000] {logging_mixin.py:188} INFO - [2025-05-29T17:20:37.512+0000] {dagbag.py:545} INFO - Filling up the DagBag from /home/airflow/.local/lib/python3.12/site-packages/airflow/example_dags/example_sla_dag.py
[2025-05-29T17:20:37.521+0000] {processor.py:840} INFO - DAG(s) 'example_sla_dag' retrieved from /home/airflow/.local/lib/python3.12/site-packages/airflow/example_dags/example_sla_dag.py
[2025-05-29T17:20:37.635+0000] {logging_mixin.py:188} INFO - [2025-05-29T17:20:37.635+0000] {dag.py:3096} INFO - Sync 1 DAGs
[2025-05-29T17:20:37.667+0000] {logging_mixin.py:188} INFO - [2025-05-29T17:20:37.667+0000] {dag.py:3954} INFO - Setting next_dagrun for example_sla_dag to 2025-05-29 17:18:00+00:00, run_after=2025-05-29 17:20:00+00:00
[2025-05-29T17:20:37.701+0000] {processor.py:183} INFO - Processing /home/airflow/.local/lib/python3.12/site-packages/airflow/example_dags/example_sla_dag.py took 0.196 seconds
[2025-05-29T17:21:08.521+0000] {processor.py:161} INFO - Started process (PID=797) to work on /home/airflow/.local/lib/python3.12/site-packages/airflow/example_dags/example_sla_dag.py
[2025-05-29T17:21:08.522+0000] {processor.py:830} INFO - Processing file /home/airflow/.local/lib/python3.12/site-packages/airflow/example_dags/example_sla_dag.py for tasks to queue
[2025-05-29T17:21:08.524+0000] {logging_mixin.py:188} INFO - [2025-05-29T17:21:08.524+0000] {dagbag.py:545} INFO - Filling up the DagBag from /home/airflow/.local/lib/python3.12/site-packages/airflow/example_dags/example_sla_dag.py
[2025-05-29T17:21:08.533+0000] {processor.py:840} INFO - DAG(s) 'example_sla_dag' retrieved from /home/airflow/.local/lib/python3.12/site-packages/airflow/example_dags/example_sla_dag.py
[2025-05-29T17:21:08.557+0000] {logging_mixin.py:188} INFO - [2025-05-29T17:21:08.557+0000] {dag.py:3096} INFO - Sync 1 DAGs
[2025-05-29T17:21:08.589+0000] {logging_mixin.py:188} INFO - [2025-05-29T17:21:08.589+0000] {dag.py:3954} INFO - Setting next_dagrun for example_sla_dag to 2025-05-29 17:18:00+00:00, run_after=2025-05-29 17:20:00+00:00
[2025-05-29T17:21:08.614+0000] {processor.py:183} INFO - Processing /home/airflow/.local/lib/python3.12/site-packages/airflow/example_dags/example_sla_dag.py took 0.099 seconds
