[2025-05-29T17:20:06.354+0000] {processor.py:161} INFO - Started process (PID=274) to work on /home/airflow/.local/lib/python3.12/site-packages/airflow/example_dags/example_complex.py
[2025-05-29T17:20:06.354+0000] {processor.py:830} INFO - Processing file /home/airflow/.local/lib/python3.12/site-packages/airflow/example_dags/example_complex.py for tasks to queue
[2025-05-29T17:20:06.356+0000] {logging_mixin.py:188} INFO - [2025-05-29T17:20:06.356+0000] {dagbag.py:545} INFO - Filling up the DagBag from /home/airflow/.local/lib/python3.12/site-packages/airflow/example_dags/example_complex.py
[2025-05-29T17:20:06.368+0000] {processor.py:840} INFO - DAG(s) 'example_complex' retrieved from /home/airflow/.local/lib/python3.12/site-packages/airflow/example_dags/example_complex.py
[2025-05-29T17:20:06.379+0000] {logging_mixin.py:188} INFO - [2025-05-29T17:20:06.379+0000] {dag.py:3096} INFO - Sync 1 DAGs
[2025-05-29T17:20:06.395+0000] {logging_mixin.py:188} INFO - [2025-05-29T17:20:06.395+0000] {dag.py:3954} INFO - Setting next_dagrun for example_complex to None, run_after=None
[2025-05-29T17:20:06.420+0000] {processor.py:183} INFO - Processing /home/airflow/.local/lib/python3.12/site-packages/airflow/example_dags/example_complex.py took 0.071 seconds
[2025-05-29T17:20:38.133+0000] {processor.py:161} INFO - Started process (PID=547) to work on /home/airflow/.local/lib/python3.12/site-packages/airflow/example_dags/example_complex.py
[2025-05-29T17:20:38.134+0000] {processor.py:830} INFO - Processing file /home/airflow/.local/lib/python3.12/site-packages/airflow/example_dags/example_complex.py for tasks to queue
[2025-05-29T17:20:38.136+0000] {logging_mixin.py:188} INFO - [2025-05-29T17:20:38.136+0000] {dagbag.py:545} INFO - Filling up the DagBag from /home/airflow/.local/lib/python3.12/site-packages/airflow/example_dags/example_complex.py
[2025-05-29T17:20:38.146+0000] {processor.py:840} INFO - DAG(s) 'example_complex' retrieved from /home/airflow/.local/lib/python3.12/site-packages/airflow/example_dags/example_complex.py
[2025-05-29T17:20:38.263+0000] {logging_mixin.py:188} INFO - [2025-05-29T17:20:38.263+0000] {dag.py:3096} INFO - Sync 1 DAGs
[2025-05-29T17:20:38.274+0000] {logging_mixin.py:188} INFO - [2025-05-29T17:20:38.274+0000] {dag.py:3954} INFO - Setting next_dagrun for example_complex to None, run_after=None
[2025-05-29T17:20:38.294+0000] {processor.py:183} INFO - Processing /home/airflow/.local/lib/python3.12/site-packages/airflow/example_dags/example_complex.py took 0.166 seconds
[2025-05-29T17:21:08.913+0000] {processor.py:161} INFO - Started process (PID=822) to work on /home/airflow/.local/lib/python3.12/site-packages/airflow/example_dags/example_complex.py
[2025-05-29T17:21:08.914+0000] {processor.py:830} INFO - Processing file /home/airflow/.local/lib/python3.12/site-packages/airflow/example_dags/example_complex.py for tasks to queue
[2025-05-29T17:21:08.917+0000] {logging_mixin.py:188} INFO - [2025-05-29T17:21:08.916+0000] {dagbag.py:545} INFO - Filling up the DagBag from /home/airflow/.local/lib/python3.12/site-packages/airflow/example_dags/example_complex.py
[2025-05-29T17:21:08.928+0000] {processor.py:840} INFO - DAG(s) 'example_complex' retrieved from /home/airflow/.local/lib/python3.12/site-packages/airflow/example_dags/example_complex.py
[2025-05-29T17:21:08.961+0000] {logging_mixin.py:188} INFO - [2025-05-29T17:21:08.960+0000] {dag.py:3096} INFO - Sync 1 DAGs
[2025-05-29T17:21:08.975+0000] {logging_mixin.py:188} INFO - [2025-05-29T17:21:08.975+0000] {dag.py:3954} INFO - Setting next_dagrun for example_complex to None, run_after=None
[2025-05-29T17:21:08.996+0000] {processor.py:183} INFO - Processing /home/airflow/.local/lib/python3.12/site-packages/airflow/example_dags/example_complex.py took 0.088 seconds
