[2025-05-29T17:20:07.821+0000] {processor.py:161} INFO - Started process (PID=379) to work on /home/airflow/.local/lib/python3.12/site-packages/airflow/example_dags/example_branch_labels.py
[2025-05-29T17:20:07.822+0000] {processor.py:830} INFO - Processing file /home/airflow/.local/lib/python3.12/site-packages/airflow/example_dags/example_branch_labels.py for tasks to queue
[2025-05-29T17:20:07.824+0000] {logging_mixin.py:188} INFO - [2025-05-29T17:20:07.824+0000] {dagbag.py:545} INFO - Filling up the DagBag from /home/airflow/.local/lib/python3.12/site-packages/airflow/example_dags/example_branch_labels.py
[2025-05-29T17:20:07.834+0000] {processor.py:840} INFO - DAG(s) 'example_branch_labels' retrieved from /home/airflow/.local/lib/python3.12/site-packages/airflow/example_dags/example_branch_labels.py
[2025-05-29T17:20:07.846+0000] {logging_mixin.py:188} INFO - [2025-05-29T17:20:07.846+0000] {dag.py:3096} INFO - Sync 1 DAGs
[2025-05-29T17:20:07.876+0000] {logging_mixin.py:188} INFO - [2025-05-29T17:20:07.875+0000] {dag.py:3954} INFO - Setting next_dagrun for example_branch_labels to 2025-05-28 00:00:00+00:00, run_after=2025-05-29 00:00:00+00:00
[2025-05-29T17:20:07.902+0000] {processor.py:183} INFO - Processing /home/airflow/.local/lib/python3.12/site-packages/airflow/example_dags/example_branch_labels.py took 0.087 seconds
[2025-05-29T17:20:40.189+0000] {processor.py:161} INFO - Started process (PID=652) to work on /home/airflow/.local/lib/python3.12/site-packages/airflow/example_dags/example_branch_labels.py
[2025-05-29T17:20:40.190+0000] {processor.py:830} INFO - Processing file /home/airflow/.local/lib/python3.12/site-packages/airflow/example_dags/example_branch_labels.py for tasks to queue
[2025-05-29T17:20:40.192+0000] {logging_mixin.py:188} INFO - [2025-05-29T17:20:40.191+0000] {dagbag.py:545} INFO - Filling up the DagBag from /home/airflow/.local/lib/python3.12/site-packages/airflow/example_dags/example_branch_labels.py
[2025-05-29T17:20:40.200+0000] {processor.py:840} INFO - DAG(s) 'example_branch_labels' retrieved from /home/airflow/.local/lib/python3.12/site-packages/airflow/example_dags/example_branch_labels.py
[2025-05-29T17:20:40.306+0000] {logging_mixin.py:188} INFO - [2025-05-29T17:20:40.306+0000] {dag.py:3096} INFO - Sync 1 DAGs
[2025-05-29T17:20:40.324+0000] {logging_mixin.py:188} INFO - [2025-05-29T17:20:40.324+0000] {dag.py:3954} INFO - Setting next_dagrun for example_branch_labels to 2025-05-28 00:00:00+00:00, run_after=2025-05-29 00:00:00+00:00
[2025-05-29T17:20:40.350+0000] {processor.py:183} INFO - Processing /home/airflow/.local/lib/python3.12/site-packages/airflow/example_dags/example_branch_labels.py took 0.168 seconds
[2025-05-29T17:21:11.227+0000] {processor.py:161} INFO - Started process (PID=927) to work on /home/airflow/.local/lib/python3.12/site-packages/airflow/example_dags/example_branch_labels.py
[2025-05-29T17:21:11.228+0000] {processor.py:830} INFO - Processing file /home/airflow/.local/lib/python3.12/site-packages/airflow/example_dags/example_branch_labels.py for tasks to queue
[2025-05-29T17:21:11.230+0000] {logging_mixin.py:188} INFO - [2025-05-29T17:21:11.230+0000] {dagbag.py:545} INFO - Filling up the DagBag from /home/airflow/.local/lib/python3.12/site-packages/airflow/example_dags/example_branch_labels.py
[2025-05-29T17:21:11.237+0000] {processor.py:840} INFO - DAG(s) 'example_branch_labels' retrieved from /home/airflow/.local/lib/python3.12/site-packages/airflow/example_dags/example_branch_labels.py
[2025-05-29T17:21:11.254+0000] {logging_mixin.py:188} INFO - [2025-05-29T17:21:11.254+0000] {dag.py:3096} INFO - Sync 1 DAGs
[2025-05-29T17:21:11.274+0000] {logging_mixin.py:188} INFO - [2025-05-29T17:21:11.274+0000] {dag.py:3954} INFO - Setting next_dagrun for example_branch_labels to 2025-05-28 00:00:00+00:00, run_after=2025-05-29 00:00:00+00:00
[2025-05-29T17:21:11.289+0000] {processor.py:183} INFO - Processing /home/airflow/.local/lib/python3.12/site-packages/airflow/example_dags/example_branch_labels.py took 0.067 seconds
