[2025-05-29T17:20:05.707+0000] {processor.py:161} INFO - Started process (PID=199) to work on /home/airflow/.local/lib/python3.12/site-packages/airflow/example_dags/example_nested_branch_dag.py
[2025-05-29T17:20:05.708+0000] {processor.py:830} INFO - Processing file /home/airflow/.local/lib/python3.12/site-packages/airflow/example_dags/example_nested_branch_dag.py for tasks to queue
[2025-05-29T17:20:05.709+0000] {logging_mixin.py:188} INFO - [2025-05-29T17:20:05.709+0000] {dagbag.py:545} INFO - Filling up the DagBag from /home/airflow/.local/lib/python3.12/site-packages/airflow/example_dags/example_nested_branch_dag.py
[2025-05-29T17:20:05.719+0000] {processor.py:840} INFO - DAG(s) 'example_nested_branch_dag' retrieved from /home/airflow/.local/lib/python3.12/site-packages/airflow/example_dags/example_nested_branch_dag.py
[2025-05-29T17:20:05.729+0000] {logging_mixin.py:188} INFO - [2025-05-29T17:20:05.729+0000] {dag.py:3096} INFO - Sync 1 DAGs
[2025-05-29T17:20:05.752+0000] {logging_mixin.py:188} INFO - [2025-05-29T17:20:05.752+0000] {dag.py:3954} INFO - Setting next_dagrun for example_nested_branch_dag to 2025-05-28 00:00:00+00:00, run_after=2025-05-29 00:00:00+00:00
[2025-05-29T17:20:05.768+0000] {processor.py:183} INFO - Processing /home/airflow/.local/lib/python3.12/site-packages/airflow/example_dags/example_nested_branch_dag.py took 0.066 seconds
[2025-05-29T17:20:36.211+0000] {processor.py:161} INFO - Started process (PID=472) to work on /home/airflow/.local/lib/python3.12/site-packages/airflow/example_dags/example_nested_branch_dag.py
[2025-05-29T17:20:36.212+0000] {processor.py:830} INFO - Processing file /home/airflow/.local/lib/python3.12/site-packages/airflow/example_dags/example_nested_branch_dag.py for tasks to queue
[2025-05-29T17:20:36.214+0000] {logging_mixin.py:188} INFO - [2025-05-29T17:20:36.213+0000] {dagbag.py:545} INFO - Filling up the DagBag from /home/airflow/.local/lib/python3.12/site-packages/airflow/example_dags/example_nested_branch_dag.py
[2025-05-29T17:20:36.223+0000] {processor.py:840} INFO - DAG(s) 'example_nested_branch_dag' retrieved from /home/airflow/.local/lib/python3.12/site-packages/airflow/example_dags/example_nested_branch_dag.py
[2025-05-29T17:20:36.325+0000] {logging_mixin.py:188} INFO - [2025-05-29T17:20:36.325+0000] {dag.py:3096} INFO - Sync 1 DAGs
[2025-05-29T17:20:36.341+0000] {logging_mixin.py:188} INFO - [2025-05-29T17:20:36.341+0000] {dag.py:3954} INFO - Setting next_dagrun for example_nested_branch_dag to 2025-05-28 00:00:00+00:00, run_after=2025-05-29 00:00:00+00:00
[2025-05-29T17:20:36.367+0000] {processor.py:183} INFO - Processing /home/airflow/.local/lib/python3.12/site-packages/airflow/example_dags/example_nested_branch_dag.py took 0.161 seconds
[2025-05-29T17:21:06.538+0000] {processor.py:161} INFO - Started process (PID=739) to work on /home/airflow/.local/lib/python3.12/site-packages/airflow/example_dags/example_nested_branch_dag.py
[2025-05-29T17:21:06.539+0000] {processor.py:830} INFO - Processing file /home/airflow/.local/lib/python3.12/site-packages/airflow/example_dags/example_nested_branch_dag.py for tasks to queue
[2025-05-29T17:21:06.542+0000] {logging_mixin.py:188} INFO - [2025-05-29T17:21:06.541+0000] {dagbag.py:545} INFO - Filling up the DagBag from /home/airflow/.local/lib/python3.12/site-packages/airflow/example_dags/example_nested_branch_dag.py
[2025-05-29T17:21:06.553+0000] {processor.py:840} INFO - DAG(s) 'example_nested_branch_dag' retrieved from /home/airflow/.local/lib/python3.12/site-packages/airflow/example_dags/example_nested_branch_dag.py
[2025-05-29T17:21:06.575+0000] {logging_mixin.py:188} INFO - [2025-05-29T17:21:06.575+0000] {dag.py:3096} INFO - Sync 1 DAGs
[2025-05-29T17:21:06.596+0000] {logging_mixin.py:188} INFO - [2025-05-29T17:21:06.596+0000] {dag.py:3954} INFO - Setting next_dagrun for example_nested_branch_dag to 2025-05-28 00:00:00+00:00, run_after=2025-05-29 00:00:00+00:00
[2025-05-29T17:21:06.617+0000] {processor.py:183} INFO - Processing /home/airflow/.local/lib/python3.12/site-packages/airflow/example_dags/example_nested_branch_dag.py took 0.084 seconds
