[2025-05-29T17:20:06.102+0000] {processor.py:161} INFO - Started process (PID=244) to work on /home/airflow/.local/lib/python3.12/site-packages/airflow/example_dags/example_latest_only.py
[2025-05-29T17:20:06.102+0000] {processor.py:830} INFO - Processing file /home/airflow/.local/lib/python3.12/site-packages/airflow/example_dags/example_latest_only.py for tasks to queue
[2025-05-29T17:20:06.104+0000] {logging_mixin.py:188} INFO - [2025-05-29T17:20:06.104+0000] {dagbag.py:545} INFO - Filling up the DagBag from /home/airflow/.local/lib/python3.12/site-packages/airflow/example_dags/example_latest_only.py
[2025-05-29T17:20:06.110+0000] {processor.py:840} INFO - DAG(s) 'latest_only' retrieved from /home/airflow/.local/lib/python3.12/site-packages/airflow/example_dags/example_latest_only.py
[2025-05-29T17:20:06.120+0000] {logging_mixin.py:188} INFO - [2025-05-29T17:20:06.120+0000] {dag.py:3096} INFO - Sync 1 DAGs
[2025-05-29T17:20:06.139+0000] {logging_mixin.py:188} INFO - [2025-05-29T17:20:06.139+0000] {dag.py:3954} INFO - Setting next_dagrun for latest_only to 2025-05-29 12:00:00+00:00, run_after=2025-05-29 16:00:00+00:00
[2025-05-29T17:20:06.154+0000] {processor.py:183} INFO - Processing /home/airflow/.local/lib/python3.12/site-packages/airflow/example_dags/example_latest_only.py took 0.057 seconds
[2025-05-29T17:20:37.312+0000] {processor.py:161} INFO - Started process (PID=519) to work on /home/airflow/.local/lib/python3.12/site-packages/airflow/example_dags/example_latest_only.py
[2025-05-29T17:20:37.312+0000] {processor.py:830} INFO - Processing file /home/airflow/.local/lib/python3.12/site-packages/airflow/example_dags/example_latest_only.py for tasks to queue
[2025-05-29T17:20:37.315+0000] {logging_mixin.py:188} INFO - [2025-05-29T17:20:37.314+0000] {dagbag.py:545} INFO - Filling up the DagBag from /home/airflow/.local/lib/python3.12/site-packages/airflow/example_dags/example_latest_only.py
[2025-05-29T17:20:37.320+0000] {processor.py:840} INFO - DAG(s) 'latest_only' retrieved from /home/airflow/.local/lib/python3.12/site-packages/airflow/example_dags/example_latest_only.py
[2025-05-29T17:20:37.437+0000] {logging_mixin.py:188} INFO - [2025-05-29T17:20:37.437+0000] {dag.py:3096} INFO - Sync 1 DAGs
[2025-05-29T17:20:37.457+0000] {logging_mixin.py:188} INFO - [2025-05-29T17:20:37.457+0000] {dag.py:3954} INFO - Setting next_dagrun for latest_only to 2025-05-29 12:00:00+00:00, run_after=2025-05-29 16:00:00+00:00
[2025-05-29T17:20:37.488+0000] {processor.py:183} INFO - Processing /home/airflow/.local/lib/python3.12/site-packages/airflow/example_dags/example_latest_only.py took 0.182 seconds
[2025-05-29T17:21:07.511+0000] {processor.py:161} INFO - Started process (PID=792) to work on /home/airflow/.local/lib/python3.12/site-packages/airflow/example_dags/example_latest_only.py
[2025-05-29T17:21:07.512+0000] {processor.py:830} INFO - Processing file /home/airflow/.local/lib/python3.12/site-packages/airflow/example_dags/example_latest_only.py for tasks to queue
[2025-05-29T17:21:07.514+0000] {logging_mixin.py:188} INFO - [2025-05-29T17:21:07.513+0000] {dagbag.py:545} INFO - Filling up the DagBag from /home/airflow/.local/lib/python3.12/site-packages/airflow/example_dags/example_latest_only.py
[2025-05-29T17:21:07.518+0000] {processor.py:840} INFO - DAG(s) 'latest_only' retrieved from /home/airflow/.local/lib/python3.12/site-packages/airflow/example_dags/example_latest_only.py
[2025-05-29T17:21:07.540+0000] {logging_mixin.py:188} INFO - [2025-05-29T17:21:07.540+0000] {dag.py:3096} INFO - Sync 1 DAGs
[2025-05-29T17:21:07.563+0000] {logging_mixin.py:188} INFO - [2025-05-29T17:21:07.563+0000] {dag.py:3954} INFO - Setting next_dagrun for latest_only to 2025-05-29 12:00:00+00:00, run_after=2025-05-29 16:00:00+00:00
[2025-05-29T17:21:07.583+0000] {processor.py:183} INFO - Processing /home/airflow/.local/lib/python3.12/site-packages/airflow/example_dags/example_latest_only.py took 0.078 seconds
