[2025-05-29T17:20:07.124+0000] {processor.py:161} INFO - Started process (PID=344) to work on /home/airflow/.local/lib/python3.12/site-packages/airflow/example_dags/tutorial.py
[2025-05-29T17:20:07.125+0000] {processor.py:830} INFO - Processing file /home/airflow/.local/lib/python3.12/site-packages/airflow/example_dags/tutorial.py for tasks to queue
[2025-05-29T17:20:07.128+0000] {logging_mixin.py:188} INFO - [2025-05-29T17:20:07.127+0000] {dagbag.py:545} INFO - Filling up the DagBag from /home/airflow/.local/lib/python3.12/site-packages/airflow/example_dags/tutorial.py
[2025-05-29T17:20:07.138+0000] {processor.py:840} INFO - DAG(s) 'tutorial' retrieved from /home/airflow/.local/lib/python3.12/site-packages/airflow/example_dags/tutorial.py
[2025-05-29T17:20:07.159+0000] {logging_mixin.py:188} INFO - [2025-05-29T17:20:07.158+0000] {dag.py:3096} INFO - Sync 1 DAGs
[2025-05-29T17:20:07.206+0000] {logging_mixin.py:188} INFO - [2025-05-29T17:20:07.206+0000] {dag.py:3954} INFO - Setting next_dagrun for tutorial to 2025-05-28 00:00:00+00:00, run_after=2025-05-29 00:00:00+00:00
[2025-05-29T17:20:07.237+0000] {processor.py:183} INFO - Processing /home/airflow/.local/lib/python3.12/site-packages/airflow/example_dags/tutorial.py took 0.119 seconds
[2025-05-29T17:20:39.395+0000] {processor.py:161} INFO - Started process (PID=617) to work on /home/airflow/.local/lib/python3.12/site-packages/airflow/example_dags/tutorial.py
[2025-05-29T17:20:39.395+0000] {processor.py:830} INFO - Processing file /home/airflow/.local/lib/python3.12/site-packages/airflow/example_dags/tutorial.py for tasks to queue
[2025-05-29T17:20:39.397+0000] {logging_mixin.py:188} INFO - [2025-05-29T17:20:39.397+0000] {dagbag.py:545} INFO - Filling up the DagBag from /home/airflow/.local/lib/python3.12/site-packages/airflow/example_dags/tutorial.py
[2025-05-29T17:20:39.402+0000] {processor.py:840} INFO - DAG(s) 'tutorial' retrieved from /home/airflow/.local/lib/python3.12/site-packages/airflow/example_dags/tutorial.py
[2025-05-29T17:20:39.501+0000] {logging_mixin.py:188} INFO - [2025-05-29T17:20:39.500+0000] {dag.py:3096} INFO - Sync 1 DAGs
[2025-05-29T17:20:39.518+0000] {logging_mixin.py:188} INFO - [2025-05-29T17:20:39.517+0000] {dag.py:3954} INFO - Setting next_dagrun for tutorial to 2025-05-28 00:00:00+00:00, run_after=2025-05-29 00:00:00+00:00
[2025-05-29T17:20:39.544+0000] {processor.py:183} INFO - Processing /home/airflow/.local/lib/python3.12/site-packages/airflow/example_dags/tutorial.py took 0.154 seconds
[2025-05-29T17:21:09.785+0000] {processor.py:161} INFO - Started process (PID=890) to work on /home/airflow/.local/lib/python3.12/site-packages/airflow/example_dags/tutorial.py
[2025-05-29T17:21:09.786+0000] {processor.py:830} INFO - Processing file /home/airflow/.local/lib/python3.12/site-packages/airflow/example_dags/tutorial.py for tasks to queue
[2025-05-29T17:21:09.787+0000] {logging_mixin.py:188} INFO - [2025-05-29T17:21:09.787+0000] {dagbag.py:545} INFO - Filling up the DagBag from /home/airflow/.local/lib/python3.12/site-packages/airflow/example_dags/tutorial.py
[2025-05-29T17:21:09.792+0000] {processor.py:840} INFO - DAG(s) 'tutorial' retrieved from /home/airflow/.local/lib/python3.12/site-packages/airflow/example_dags/tutorial.py
[2025-05-29T17:21:09.809+0000] {logging_mixin.py:188} INFO - [2025-05-29T17:21:09.809+0000] {dag.py:3096} INFO - Sync 1 DAGs
[2025-05-29T17:21:09.827+0000] {logging_mixin.py:188} INFO - [2025-05-29T17:21:09.827+0000] {dag.py:3954} INFO - Setting next_dagrun for tutorial to 2025-05-28 00:00:00+00:00, run_after=2025-05-29 00:00:00+00:00
[2025-05-29T17:21:09.842+0000] {processor.py:183} INFO - Processing /home/airflow/.local/lib/python3.12/site-packages/airflow/example_dags/tutorial.py took 0.063 seconds
