[2025-05-29T17:20:07.935+0000] {processor.py:161} INFO - Started process (PID=389) to work on /home/airflow/.local/lib/python3.12/site-packages/airflow/example_dags/tutorial_dag.py
[2025-05-29T17:20:07.936+0000] {processor.py:830} INFO - Processing file /home/airflow/.local/lib/python3.12/site-packages/airflow/example_dags/tutorial_dag.py for tasks to queue
[2025-05-29T17:20:07.940+0000] {logging_mixin.py:188} INFO - [2025-05-29T17:20:07.939+0000] {dagbag.py:545} INFO - Filling up the DagBag from /home/airflow/.local/lib/python3.12/site-packages/airflow/example_dags/tutorial_dag.py
[2025-05-29T17:20:07.955+0000] {processor.py:840} INFO - DAG(s) 'tutorial_dag' retrieved from /home/airflow/.local/lib/python3.12/site-packages/airflow/example_dags/tutorial_dag.py
[2025-05-29T17:20:07.971+0000] {logging_mixin.py:188} INFO - [2025-05-29T17:20:07.970+0000] {dag.py:3096} INFO - Sync 1 DAGs
[2025-05-29T17:20:07.983+0000] {logging_mixin.py:188} INFO - [2025-05-29T17:20:07.983+0000] {dag.py:3954} INFO - Setting next_dagrun for tutorial_dag to None, run_after=None
[2025-05-29T17:20:08.000+0000] {processor.py:183} INFO - Processing /home/airflow/.local/lib/python3.12/site-packages/airflow/example_dags/tutorial_dag.py took 0.074 seconds
[2025-05-29T17:20:40.373+0000] {processor.py:161} INFO - Started process (PID=662) to work on /home/airflow/.local/lib/python3.12/site-packages/airflow/example_dags/tutorial_dag.py
[2025-05-29T17:20:40.373+0000] {processor.py:830} INFO - Processing file /home/airflow/.local/lib/python3.12/site-packages/airflow/example_dags/tutorial_dag.py for tasks to queue
[2025-05-29T17:20:40.375+0000] {logging_mixin.py:188} INFO - [2025-05-29T17:20:40.375+0000] {dagbag.py:545} INFO - Filling up the DagBag from /home/airflow/.local/lib/python3.12/site-packages/airflow/example_dags/tutorial_dag.py
[2025-05-29T17:20:40.381+0000] {processor.py:840} INFO - DAG(s) 'tutorial_dag' retrieved from /home/airflow/.local/lib/python3.12/site-packages/airflow/example_dags/tutorial_dag.py
[2025-05-29T17:20:40.502+0000] {logging_mixin.py:188} INFO - [2025-05-29T17:20:40.502+0000] {dag.py:3096} INFO - Sync 1 DAGs
[2025-05-29T17:20:40.514+0000] {logging_mixin.py:188} INFO - [2025-05-29T17:20:40.514+0000] {dag.py:3954} INFO - Setting next_dagrun for tutorial_dag to None, run_after=None
[2025-05-29T17:20:40.546+0000] {processor.py:183} INFO - Processing /home/airflow/.local/lib/python3.12/site-packages/airflow/example_dags/tutorial_dag.py took 0.178 seconds
[2025-05-29T17:21:11.321+0000] {processor.py:161} INFO - Started process (PID=935) to work on /home/airflow/.local/lib/python3.12/site-packages/airflow/example_dags/tutorial_dag.py
[2025-05-29T17:21:11.321+0000] {processor.py:830} INFO - Processing file /home/airflow/.local/lib/python3.12/site-packages/airflow/example_dags/tutorial_dag.py for tasks to queue
[2025-05-29T17:21:11.324+0000] {logging_mixin.py:188} INFO - [2025-05-29T17:21:11.323+0000] {dagbag.py:545} INFO - Filling up the DagBag from /home/airflow/.local/lib/python3.12/site-packages/airflow/example_dags/tutorial_dag.py
[2025-05-29T17:21:11.332+0000] {processor.py:840} INFO - DAG(s) 'tutorial_dag' retrieved from /home/airflow/.local/lib/python3.12/site-packages/airflow/example_dags/tutorial_dag.py
[2025-05-29T17:21:11.358+0000] {logging_mixin.py:188} INFO - [2025-05-29T17:21:11.357+0000] {dag.py:3096} INFO - Sync 1 DAGs
[2025-05-29T17:21:11.375+0000] {logging_mixin.py:188} INFO - [2025-05-29T17:21:11.375+0000] {dag.py:3954} INFO - Setting next_dagrun for tutorial_dag to None, run_after=None
[2025-05-29T17:21:11.404+0000] {processor.py:183} INFO - Processing /home/airflow/.local/lib/python3.12/site-packages/airflow/example_dags/tutorial_dag.py took 0.090 seconds
