[2025-05-30T04:40:33.115+0000] {processor.py:161} INFO - Started process (PID=164) to work on /opt/airflow/dags/crawl_DAGs.py
[2025-05-30T04:40:33.118+0000] {processor.py:830} INFO - Processing file /opt/airflow/dags/crawl_DAGs.py for tasks to queue
[2025-05-30T04:40:33.121+0000] {logging_mixin.py:188} INFO - [2025-05-30T04:40:33.120+0000] {dagbag.py:545} INFO - Filling up the DagBag from /opt/airflow/dags/crawl_DAGs.py
[2025-05-30T04:40:34.240+0000] {processor.py:840} INFO - DAG(s) 'crawl_and_ingest_data_into_mongoDB' retrieved from /opt/airflow/dags/crawl_DAGs.py
[2025-05-30T04:40:34.372+0000] {logging_mixin.py:188} INFO - [2025-05-30T04:40:34.372+0000] {dag.py:3096} INFO - Sync 1 DAGs
[2025-05-30T04:40:34.404+0000] {logging_mixin.py:188} INFO - [2025-05-30T04:40:34.404+0000] {dag.py:3954} INFO - Setting next_dagrun for crawl_and_ingest_data_into_mongoDB to 2025-05-30 04:40:34.236548+00:00, run_after=2025-05-30 04:42:34.236548+00:00
[2025-05-30T04:40:34.430+0000] {processor.py:183} INFO - Processing /opt/airflow/dags/crawl_DAGs.py took 1.325 seconds
[2025-05-30T04:41:05.219+0000] {processor.py:161} INFO - Started process (PID=452) to work on /opt/airflow/dags/crawl_DAGs.py
[2025-05-30T04:41:05.220+0000] {processor.py:830} INFO - Processing file /opt/airflow/dags/crawl_DAGs.py for tasks to queue
[2025-05-30T04:41:05.222+0000] {logging_mixin.py:188} INFO - [2025-05-30T04:41:05.221+0000] {dagbag.py:545} INFO - Filling up the DagBag from /opt/airflow/dags/crawl_DAGs.py
[2025-05-30T04:41:05.879+0000] {processor.py:840} INFO - DAG(s) 'crawl_and_ingest_data_into_mongoDB' retrieved from /opt/airflow/dags/crawl_DAGs.py
[2025-05-30T04:41:05.988+0000] {logging_mixin.py:188} INFO - [2025-05-30T04:41:05.988+0000] {dag.py:3096} INFO - Sync 1 DAGs
[2025-05-30T04:41:06.031+0000] {logging_mixin.py:188} INFO - [2025-05-30T04:41:06.031+0000] {dag.py:3954} INFO - Setting next_dagrun for crawl_and_ingest_data_into_mongoDB to 2025-05-30 04:41:05.876715+00:00, run_after=2025-05-30 04:43:05.876715+00:00
[2025-05-30T04:41:06.057+0000] {processor.py:183} INFO - Processing /opt/airflow/dags/crawl_DAGs.py took 0.844 seconds
[2025-05-30T04:41:36.750+0000] {processor.py:161} INFO - Started process (PID=740) to work on /opt/airflow/dags/crawl_DAGs.py
[2025-05-30T04:41:36.750+0000] {processor.py:830} INFO - Processing file /opt/airflow/dags/crawl_DAGs.py for tasks to queue
[2025-05-30T04:41:36.752+0000] {logging_mixin.py:188} INFO - [2025-05-30T04:41:36.752+0000] {dagbag.py:545} INFO - Filling up the DagBag from /opt/airflow/dags/crawl_DAGs.py
[2025-05-30T04:41:37.160+0000] {processor.py:840} INFO - DAG(s) 'crawl_and_ingest_data_into_mongoDB' retrieved from /opt/airflow/dags/crawl_DAGs.py
[2025-05-30T04:41:37.244+0000] {logging_mixin.py:188} INFO - [2025-05-30T04:41:37.244+0000] {dag.py:3096} INFO - Sync 1 DAGs
[2025-05-30T04:41:37.259+0000] {logging_mixin.py:188} INFO - [2025-05-30T04:41:37.258+0000] {dag.py:3954} INFO - Setting next_dagrun for crawl_and_ingest_data_into_mongoDB to 2025-05-30 04:41:37.158334+00:00, run_after=2025-05-30 04:43:37.158334+00:00
[2025-05-30T04:41:37.272+0000] {processor.py:183} INFO - Processing /opt/airflow/dags/crawl_DAGs.py took 0.527 seconds
[2025-05-30T04:42:07.382+0000] {processor.py:161} INFO - Started process (PID=1035) to work on /opt/airflow/dags/crawl_DAGs.py
[2025-05-30T04:42:07.388+0000] {processor.py:830} INFO - Processing file /opt/airflow/dags/crawl_DAGs.py for tasks to queue
[2025-05-30T04:42:07.391+0000] {logging_mixin.py:188} INFO - [2025-05-30T04:42:07.390+0000] {dagbag.py:545} INFO - Filling up the DagBag from /opt/airflow/dags/crawl_DAGs.py
[2025-05-30T04:42:08.191+0000] {processor.py:840} INFO - DAG(s) 'crawl_and_ingest_data_into_mongoDB' retrieved from /opt/airflow/dags/crawl_DAGs.py
[2025-05-30T04:42:08.424+0000] {logging_mixin.py:188} INFO - [2025-05-30T04:42:08.424+0000] {dag.py:3096} INFO - Sync 1 DAGs
[2025-05-30T04:42:08.478+0000] {logging_mixin.py:188} INFO - [2025-05-30T04:42:08.478+0000] {dag.py:3954} INFO - Setting next_dagrun for crawl_and_ingest_data_into_mongoDB to 2025-05-30 04:42:08.186423+00:00, run_after=2025-05-30 04:44:08.186423+00:00
[2025-05-30T04:42:08.540+0000] {processor.py:183} INFO - Processing /opt/airflow/dags/crawl_DAGs.py took 1.167 seconds
[2025-05-30T04:42:39.100+0000] {processor.py:161} INFO - Started process (PID=1320) to work on /opt/airflow/dags/crawl_DAGs.py
[2025-05-30T04:42:39.101+0000] {processor.py:830} INFO - Processing file /opt/airflow/dags/crawl_DAGs.py for tasks to queue
[2025-05-30T04:42:39.103+0000] {logging_mixin.py:188} INFO - [2025-05-30T04:42:39.102+0000] {dagbag.py:545} INFO - Filling up the DagBag from /opt/airflow/dags/crawl_DAGs.py
[2025-05-30T04:42:39.784+0000] {processor.py:840} INFO - DAG(s) 'crawl_and_ingest_data_into_mongoDB' retrieved from /opt/airflow/dags/crawl_DAGs.py
[2025-05-30T04:42:39.927+0000] {logging_mixin.py:188} INFO - [2025-05-30T04:42:39.926+0000] {dag.py:3096} INFO - Sync 1 DAGs
[2025-05-30T04:42:39.953+0000] {logging_mixin.py:188} INFO - [2025-05-30T04:42:39.953+0000] {dag.py:3954} INFO - Setting next_dagrun for crawl_and_ingest_data_into_mongoDB to 2025-05-30 04:42:39.780377+00:00, run_after=2025-05-30 04:44:39.780377+00:00
[2025-05-30T04:42:39.997+0000] {processor.py:183} INFO - Processing /opt/airflow/dags/crawl_DAGs.py took 0.903 seconds
[2025-05-30T04:43:10.284+0000] {processor.py:161} INFO - Started process (PID=1598) to work on /opt/airflow/dags/crawl_DAGs.py
[2025-05-30T04:43:10.285+0000] {processor.py:830} INFO - Processing file /opt/airflow/dags/crawl_DAGs.py for tasks to queue
[2025-05-30T04:43:10.287+0000] {logging_mixin.py:188} INFO - [2025-05-30T04:43:10.287+0000] {dagbag.py:545} INFO - Filling up the DagBag from /opt/airflow/dags/crawl_DAGs.py
[2025-05-30T04:43:10.754+0000] {processor.py:840} INFO - DAG(s) 'crawl_and_ingest_data_into_mongoDB' retrieved from /opt/airflow/dags/crawl_DAGs.py
[2025-05-30T04:43:10.838+0000] {logging_mixin.py:188} INFO - [2025-05-30T04:43:10.838+0000] {dag.py:3096} INFO - Sync 1 DAGs
[2025-05-30T04:43:10.853+0000] {logging_mixin.py:188} INFO - [2025-05-30T04:43:10.853+0000] {dag.py:3954} INFO - Setting next_dagrun for crawl_and_ingest_data_into_mongoDB to 2025-05-30 04:43:10.752519+00:00, run_after=2025-05-30 04:45:10.752519+00:00
[2025-05-30T04:43:10.868+0000] {processor.py:183} INFO - Processing /opt/airflow/dags/crawl_DAGs.py took 0.589 seconds
[2025-05-30T04:43:41.032+0000] {processor.py:161} INFO - Started process (PID=1895) to work on /opt/airflow/dags/crawl_DAGs.py
[2025-05-30T04:43:41.033+0000] {processor.py:830} INFO - Processing file /opt/airflow/dags/crawl_DAGs.py for tasks to queue
[2025-05-30T04:43:41.036+0000] {logging_mixin.py:188} INFO - [2025-05-30T04:43:41.035+0000] {dagbag.py:545} INFO - Filling up the DagBag from /opt/airflow/dags/crawl_DAGs.py
[2025-05-30T04:43:41.455+0000] {processor.py:840} INFO - DAG(s) 'crawl_and_ingest_data_into_mongoDB' retrieved from /opt/airflow/dags/crawl_DAGs.py
[2025-05-30T04:43:41.548+0000] {logging_mixin.py:188} INFO - [2025-05-30T04:43:41.548+0000] {dag.py:3096} INFO - Sync 1 DAGs
[2025-05-30T04:43:41.568+0000] {logging_mixin.py:188} INFO - [2025-05-30T04:43:41.567+0000] {dag.py:3954} INFO - Setting next_dagrun for crawl_and_ingest_data_into_mongoDB to 2025-05-30 04:43:41.453303+00:00, run_after=2025-05-30 04:45:41.453303+00:00
[2025-05-30T04:43:41.593+0000] {processor.py:183} INFO - Processing /opt/airflow/dags/crawl_DAGs.py took 0.566 seconds
[2025-05-30T04:44:11.676+0000] {processor.py:161} INFO - Started process (PID=2166) to work on /opt/airflow/dags/crawl_DAGs.py
[2025-05-30T04:44:11.677+0000] {processor.py:830} INFO - Processing file /opt/airflow/dags/crawl_DAGs.py for tasks to queue
[2025-05-30T04:44:11.678+0000] {logging_mixin.py:188} INFO - [2025-05-30T04:44:11.678+0000] {dagbag.py:545} INFO - Filling up the DagBag from /opt/airflow/dags/crawl_DAGs.py
[2025-05-30T04:44:12.145+0000] {processor.py:840} INFO - DAG(s) 'crawl_and_ingest_data_into_mongoDB' retrieved from /opt/airflow/dags/crawl_DAGs.py
[2025-05-30T04:44:12.257+0000] {logging_mixin.py:188} INFO - [2025-05-30T04:44:12.256+0000] {dag.py:3096} INFO - Sync 1 DAGs
[2025-05-30T04:44:12.285+0000] {logging_mixin.py:188} INFO - [2025-05-30T04:44:12.284+0000] {dag.py:3954} INFO - Setting next_dagrun for crawl_and_ingest_data_into_mongoDB to 2025-05-30 04:44:12.143556+00:00, run_after=2025-05-30 04:46:12.143556+00:00
[2025-05-30T04:44:12.306+0000] {processor.py:183} INFO - Processing /opt/airflow/dags/crawl_DAGs.py took 0.637 seconds
[2025-05-30T04:44:42.387+0000] {processor.py:161} INFO - Started process (PID=2466) to work on /opt/airflow/dags/crawl_DAGs.py
[2025-05-30T04:44:42.388+0000] {processor.py:830} INFO - Processing file /opt/airflow/dags/crawl_DAGs.py for tasks to queue
[2025-05-30T04:44:42.390+0000] {logging_mixin.py:188} INFO - [2025-05-30T04:44:42.390+0000] {dagbag.py:545} INFO - Filling up the DagBag from /opt/airflow/dags/crawl_DAGs.py
[2025-05-30T04:44:42.838+0000] {processor.py:840} INFO - DAG(s) 'crawl_and_ingest_data_into_mongoDB' retrieved from /opt/airflow/dags/crawl_DAGs.py
[2025-05-30T04:44:43.004+0000] {logging_mixin.py:188} INFO - [2025-05-30T04:44:43.004+0000] {dag.py:3096} INFO - Sync 1 DAGs
[2025-05-30T04:44:43.085+0000] {logging_mixin.py:188} INFO - [2025-05-30T04:44:43.085+0000] {dag.py:3954} INFO - Setting next_dagrun for crawl_and_ingest_data_into_mongoDB to 2025-05-30 04:44:42.835453+00:00, run_after=2025-05-30 04:46:42.835453+00:00
[2025-05-30T04:44:43.139+0000] {processor.py:183} INFO - Processing /opt/airflow/dags/crawl_DAGs.py took 0.757 seconds
[2025-05-30T04:45:13.816+0000] {processor.py:161} INFO - Started process (PID=2739) to work on /opt/airflow/dags/crawl_DAGs.py
[2025-05-30T04:45:13.817+0000] {processor.py:830} INFO - Processing file /opt/airflow/dags/crawl_DAGs.py for tasks to queue
[2025-05-30T04:45:13.820+0000] {logging_mixin.py:188} INFO - [2025-05-30T04:45:13.819+0000] {dagbag.py:545} INFO - Filling up the DagBag from /opt/airflow/dags/crawl_DAGs.py
[2025-05-30T04:45:14.528+0000] {processor.py:840} INFO - DAG(s) 'crawl_and_ingest_data_into_mongoDB' retrieved from /opt/airflow/dags/crawl_DAGs.py
[2025-05-30T04:45:14.634+0000] {logging_mixin.py:188} INFO - [2025-05-30T04:45:14.633+0000] {dag.py:3096} INFO - Sync 1 DAGs
[2025-05-30T04:45:14.649+0000] {logging_mixin.py:188} INFO - [2025-05-30T04:45:14.649+0000] {dag.py:3954} INFO - Setting next_dagrun for crawl_and_ingest_data_into_mongoDB to 2025-05-30 04:45:14.526048+00:00, run_after=2025-05-30 04:47:14.526048+00:00
[2025-05-30T04:45:14.663+0000] {processor.py:183} INFO - Processing /opt/airflow/dags/crawl_DAGs.py took 0.853 seconds
[2025-05-30T04:45:44.812+0000] {processor.py:161} INFO - Started process (PID=3012) to work on /opt/airflow/dags/crawl_DAGs.py
[2025-05-30T04:45:44.813+0000] {processor.py:830} INFO - Processing file /opt/airflow/dags/crawl_DAGs.py for tasks to queue
[2025-05-30T04:45:44.815+0000] {logging_mixin.py:188} INFO - [2025-05-30T04:45:44.815+0000] {dagbag.py:545} INFO - Filling up the DagBag from /opt/airflow/dags/crawl_DAGs.py
[2025-05-30T04:45:45.249+0000] {processor.py:840} INFO - DAG(s) 'crawl_and_ingest_data_into_mongoDB' retrieved from /opt/airflow/dags/crawl_DAGs.py
[2025-05-30T04:45:45.344+0000] {logging_mixin.py:188} INFO - [2025-05-30T04:45:45.344+0000] {dag.py:3096} INFO - Sync 1 DAGs
[2025-05-30T04:45:45.364+0000] {logging_mixin.py:188} INFO - [2025-05-30T04:45:45.364+0000] {dag.py:3954} INFO - Setting next_dagrun for crawl_and_ingest_data_into_mongoDB to 2025-05-30 04:45:45.247283+00:00, run_after=2025-05-30 04:47:45.247283+00:00
[2025-05-30T04:45:45.392+0000] {processor.py:183} INFO - Processing /opt/airflow/dags/crawl_DAGs.py took 0.584 seconds
[2025-05-30T04:46:15.781+0000] {processor.py:161} INFO - Started process (PID=3297) to work on /opt/airflow/dags/crawl_DAGs.py
[2025-05-30T04:46:15.788+0000] {processor.py:830} INFO - Processing file /opt/airflow/dags/crawl_DAGs.py for tasks to queue
[2025-05-30T04:46:15.800+0000] {logging_mixin.py:188} INFO - [2025-05-30T04:46:15.800+0000] {dagbag.py:545} INFO - Filling up the DagBag from /opt/airflow/dags/crawl_DAGs.py
[2025-05-30T04:46:17.498+0000] {processor.py:840} INFO - DAG(s) 'crawl_and_ingest_data_into_mongoDB' retrieved from /opt/airflow/dags/crawl_DAGs.py
[2025-05-30T04:46:18.152+0000] {logging_mixin.py:188} INFO - [2025-05-30T04:46:18.151+0000] {dag.py:3096} INFO - Sync 1 DAGs
[2025-05-30T04:46:18.245+0000] {logging_mixin.py:188} INFO - [2025-05-30T04:46:18.244+0000] {dag.py:3954} INFO - Setting next_dagrun for crawl_and_ingest_data_into_mongoDB to 2025-05-30 04:46:17.489630+00:00, run_after=2025-05-30 04:48:17.489630+00:00
[2025-05-30T04:46:18.361+0000] {processor.py:183} INFO - Processing /opt/airflow/dags/crawl_DAGs.py took 2.592 seconds
[2025-05-30T04:46:49.127+0000] {processor.py:161} INFO - Started process (PID=3592) to work on /opt/airflow/dags/crawl_DAGs.py
[2025-05-30T04:46:49.130+0000] {processor.py:830} INFO - Processing file /opt/airflow/dags/crawl_DAGs.py for tasks to queue
[2025-05-30T04:46:49.132+0000] {logging_mixin.py:188} INFO - [2025-05-30T04:46:49.132+0000] {dagbag.py:545} INFO - Filling up the DagBag from /opt/airflow/dags/crawl_DAGs.py
[2025-05-30T04:46:49.545+0000] {processor.py:840} INFO - DAG(s) 'crawl_and_ingest_data_into_mongoDB' retrieved from /opt/airflow/dags/crawl_DAGs.py
[2025-05-30T04:46:49.622+0000] {logging_mixin.py:188} INFO - [2025-05-30T04:46:49.621+0000] {dag.py:3096} INFO - Sync 1 DAGs
[2025-05-30T04:46:49.635+0000] {logging_mixin.py:188} INFO - [2025-05-30T04:46:49.635+0000] {dag.py:3954} INFO - Setting next_dagrun for crawl_and_ingest_data_into_mongoDB to 2025-05-30 04:46:49.542633+00:00, run_after=2025-05-30 04:48:49.542633+00:00
[2025-05-30T04:46:49.658+0000] {processor.py:183} INFO - Processing /opt/airflow/dags/crawl_DAGs.py took 0.536 seconds
[2025-05-30T04:47:19.745+0000] {processor.py:161} INFO - Started process (PID=3882) to work on /opt/airflow/dags/crawl_DAGs.py
[2025-05-30T04:47:19.747+0000] {processor.py:830} INFO - Processing file /opt/airflow/dags/crawl_DAGs.py for tasks to queue
[2025-05-30T04:47:19.748+0000] {logging_mixin.py:188} INFO - [2025-05-30T04:47:19.748+0000] {dagbag.py:545} INFO - Filling up the DagBag from /opt/airflow/dags/crawl_DAGs.py
[2025-05-30T04:47:20.150+0000] {processor.py:840} INFO - DAG(s) 'crawl_and_ingest_data_into_mongoDB' retrieved from /opt/airflow/dags/crawl_DAGs.py
[2025-05-30T04:47:20.229+0000] {logging_mixin.py:188} INFO - [2025-05-30T04:47:20.229+0000] {dag.py:3096} INFO - Sync 1 DAGs
[2025-05-30T04:47:20.244+0000] {logging_mixin.py:188} INFO - [2025-05-30T04:47:20.244+0000] {dag.py:3954} INFO - Setting next_dagrun for crawl_and_ingest_data_into_mongoDB to 2025-05-30 04:47:20.148545+00:00, run_after=2025-05-30 04:49:20.148545+00:00
[2025-05-30T04:47:20.269+0000] {processor.py:183} INFO - Processing /opt/airflow/dags/crawl_DAGs.py took 0.528 seconds
[2025-05-30T04:47:51.249+0000] {processor.py:161} INFO - Started process (PID=4162) to work on /opt/airflow/dags/crawl_DAGs.py
[2025-05-30T04:47:51.250+0000] {processor.py:830} INFO - Processing file /opt/airflow/dags/crawl_DAGs.py for tasks to queue
[2025-05-30T04:47:51.252+0000] {logging_mixin.py:188} INFO - [2025-05-30T04:47:51.251+0000] {dagbag.py:545} INFO - Filling up the DagBag from /opt/airflow/dags/crawl_DAGs.py
[2025-05-30T04:47:51.727+0000] {processor.py:840} INFO - DAG(s) 'crawl_and_ingest_data_into_mongoDB' retrieved from /opt/airflow/dags/crawl_DAGs.py
[2025-05-30T04:47:51.821+0000] {logging_mixin.py:188} INFO - [2025-05-30T04:47:51.820+0000] {dag.py:3096} INFO - Sync 1 DAGs
[2025-05-30T04:47:51.835+0000] {logging_mixin.py:188} INFO - [2025-05-30T04:47:51.835+0000] {dag.py:3954} INFO - Setting next_dagrun for crawl_and_ingest_data_into_mongoDB to 2025-05-30 04:47:51.725613+00:00, run_after=2025-05-30 04:49:51.725613+00:00
[2025-05-30T04:47:51.866+0000] {processor.py:183} INFO - Processing /opt/airflow/dags/crawl_DAGs.py took 0.625 seconds
[2025-05-30T04:48:22.825+0000] {processor.py:161} INFO - Started process (PID=4450) to work on /opt/airflow/dags/crawl_DAGs.py
[2025-05-30T04:48:22.826+0000] {processor.py:830} INFO - Processing file /opt/airflow/dags/crawl_DAGs.py for tasks to queue
[2025-05-30T04:48:22.828+0000] {logging_mixin.py:188} INFO - [2025-05-30T04:48:22.827+0000] {dagbag.py:545} INFO - Filling up the DagBag from /opt/airflow/dags/crawl_DAGs.py
[2025-05-30T04:48:23.285+0000] {processor.py:840} INFO - DAG(s) 'crawl_and_ingest_data_into_mongoDB' retrieved from /opt/airflow/dags/crawl_DAGs.py
[2025-05-30T04:48:23.365+0000] {logging_mixin.py:188} INFO - [2025-05-30T04:48:23.365+0000] {dag.py:3096} INFO - Sync 1 DAGs
[2025-05-30T04:48:23.380+0000] {logging_mixin.py:188} INFO - [2025-05-30T04:48:23.380+0000] {dag.py:3954} INFO - Setting next_dagrun for crawl_and_ingest_data_into_mongoDB to 2025-05-30 04:48:23.283107+00:00, run_after=2025-05-30 04:50:23.283107+00:00
[2025-05-30T04:48:23.404+0000] {processor.py:183} INFO - Processing /opt/airflow/dags/crawl_DAGs.py took 0.584 seconds
[2025-05-30T04:48:53.451+0000] {processor.py:161} INFO - Started process (PID=4723) to work on /opt/airflow/dags/crawl_DAGs.py
[2025-05-30T04:48:53.451+0000] {processor.py:830} INFO - Processing file /opt/airflow/dags/crawl_DAGs.py for tasks to queue
[2025-05-30T04:48:53.454+0000] {logging_mixin.py:188} INFO - [2025-05-30T04:48:53.453+0000] {dagbag.py:545} INFO - Filling up the DagBag from /opt/airflow/dags/crawl_DAGs.py
[2025-05-30T04:48:53.980+0000] {processor.py:840} INFO - DAG(s) 'crawl_and_ingest_data_into_mongoDB' retrieved from /opt/airflow/dags/crawl_DAGs.py
[2025-05-30T04:48:54.093+0000] {logging_mixin.py:188} INFO - [2025-05-30T04:48:54.092+0000] {dag.py:3096} INFO - Sync 1 DAGs
[2025-05-30T04:48:54.112+0000] {logging_mixin.py:188} INFO - [2025-05-30T04:48:54.112+0000] {dag.py:3954} INFO - Setting next_dagrun for crawl_and_ingest_data_into_mongoDB to 2025-05-30 04:48:53.977215+00:00, run_after=2025-05-30 04:50:53.977215+00:00
[2025-05-30T04:48:54.132+0000] {processor.py:183} INFO - Processing /opt/airflow/dags/crawl_DAGs.py took 0.687 seconds
[2025-05-30T04:49:24.719+0000] {processor.py:161} INFO - Started process (PID=5006) to work on /opt/airflow/dags/crawl_DAGs.py
[2025-05-30T04:49:24.720+0000] {processor.py:830} INFO - Processing file /opt/airflow/dags/crawl_DAGs.py for tasks to queue
[2025-05-30T04:49:24.722+0000] {logging_mixin.py:188} INFO - [2025-05-30T04:49:24.721+0000] {dagbag.py:545} INFO - Filling up the DagBag from /opt/airflow/dags/crawl_DAGs.py
[2025-05-30T04:49:25.120+0000] {processor.py:840} INFO - DAG(s) 'crawl_and_ingest_data_into_mongoDB' retrieved from /opt/airflow/dags/crawl_DAGs.py
[2025-05-30T04:49:25.208+0000] {logging_mixin.py:188} INFO - [2025-05-30T04:49:25.207+0000] {dag.py:3096} INFO - Sync 1 DAGs
[2025-05-30T04:49:25.222+0000] {logging_mixin.py:188} INFO - [2025-05-30T04:49:25.222+0000] {dag.py:3954} INFO - Setting next_dagrun for crawl_and_ingest_data_into_mongoDB to 2025-05-30 04:49:25.118488+00:00, run_after=2025-05-30 04:51:25.118488+00:00
[2025-05-30T04:49:25.250+0000] {processor.py:183} INFO - Processing /opt/airflow/dags/crawl_DAGs.py took 0.534 seconds
[2025-05-30T05:20:43.056+0000] {processor.py:161} INFO - Started process (PID=5091) to work on /opt/airflow/dags/crawl_DAGs.py
[2025-05-30T05:20:43.063+0000] {processor.py:830} INFO - Processing file /opt/airflow/dags/crawl_DAGs.py for tasks to queue
[2025-05-30T05:20:43.067+0000] {logging_mixin.py:188} INFO - [2025-05-30T05:20:43.066+0000] {dagbag.py:545} INFO - Filling up the DagBag from /opt/airflow/dags/crawl_DAGs.py
[2025-05-30T05:20:43.654+0000] {processor.py:840} INFO - DAG(s) 'crawl_and_ingest_data_into_mongoDB' retrieved from /opt/airflow/dags/crawl_DAGs.py
[2025-05-30T05:20:43.758+0000] {logging_mixin.py:188} INFO - [2025-05-30T05:20:43.757+0000] {dag.py:3096} INFO - Sync 1 DAGs
[2025-05-30T05:20:43.779+0000] {logging_mixin.py:188} INFO - [2025-05-30T05:20:43.778+0000] {dag.py:3954} INFO - Setting next_dagrun for crawl_and_ingest_data_into_mongoDB to 2025-05-30 05:20:43.651679+00:00, run_after=2025-05-30 05:22:43.651679+00:00
[2025-05-30T05:20:43.795+0000] {processor.py:183} INFO - Processing /opt/airflow/dags/crawl_DAGs.py took 0.791 seconds
[2025-05-30T05:21:14.353+0000] {processor.py:161} INFO - Started process (PID=5364) to work on /opt/airflow/dags/crawl_DAGs.py
[2025-05-30T05:21:14.357+0000] {processor.py:830} INFO - Processing file /opt/airflow/dags/crawl_DAGs.py for tasks to queue
[2025-05-30T05:21:14.359+0000] {logging_mixin.py:188} INFO - [2025-05-30T05:21:14.358+0000] {dagbag.py:545} INFO - Filling up the DagBag from /opt/airflow/dags/crawl_DAGs.py
[2025-05-30T05:21:14.810+0000] {processor.py:840} INFO - DAG(s) 'crawl_and_ingest_data_into_mongoDB' retrieved from /opt/airflow/dags/crawl_DAGs.py
[2025-05-30T05:21:14.918+0000] {logging_mixin.py:188} INFO - [2025-05-30T05:21:14.917+0000] {dag.py:3096} INFO - Sync 1 DAGs
[2025-05-30T05:21:14.938+0000] {logging_mixin.py:188} INFO - [2025-05-30T05:21:14.937+0000] {dag.py:3954} INFO - Setting next_dagrun for crawl_and_ingest_data_into_mongoDB to 2025-05-30 05:21:14.807883+00:00, run_after=2025-05-30 05:23:14.807883+00:00
[2025-05-30T05:21:14.971+0000] {processor.py:183} INFO - Processing /opt/airflow/dags/crawl_DAGs.py took 0.623 seconds
[2025-05-30T05:21:45.197+0000] {processor.py:161} INFO - Started process (PID=5637) to work on /opt/airflow/dags/crawl_DAGs.py
[2025-05-30T05:21:45.198+0000] {processor.py:830} INFO - Processing file /opt/airflow/dags/crawl_DAGs.py for tasks to queue
[2025-05-30T05:21:45.200+0000] {logging_mixin.py:188} INFO - [2025-05-30T05:21:45.199+0000] {dagbag.py:545} INFO - Filling up the DagBag from /opt/airflow/dags/crawl_DAGs.py
[2025-05-30T05:21:45.713+0000] {processor.py:840} INFO - DAG(s) 'crawl_and_ingest_data_into_mongoDB' retrieved from /opt/airflow/dags/crawl_DAGs.py
[2025-05-30T05:21:45.817+0000] {logging_mixin.py:188} INFO - [2025-05-30T05:21:45.816+0000] {dag.py:3096} INFO - Sync 1 DAGs
[2025-05-30T05:21:45.836+0000] {logging_mixin.py:188} INFO - [2025-05-30T05:21:45.835+0000] {dag.py:3954} INFO - Setting next_dagrun for crawl_and_ingest_data_into_mongoDB to 2025-05-30 05:21:45.710732+00:00, run_after=2025-05-30 05:23:45.710732+00:00
[2025-05-30T05:21:45.854+0000] {processor.py:183} INFO - Processing /opt/airflow/dags/crawl_DAGs.py took 0.663 seconds
[2025-05-30T05:22:16.271+0000] {processor.py:161} INFO - Started process (PID=5910) to work on /opt/airflow/dags/crawl_DAGs.py
[2025-05-30T05:22:16.271+0000] {processor.py:830} INFO - Processing file /opt/airflow/dags/crawl_DAGs.py for tasks to queue
[2025-05-30T05:22:16.273+0000] {logging_mixin.py:188} INFO - [2025-05-30T05:22:16.273+0000] {dagbag.py:545} INFO - Filling up the DagBag from /opt/airflow/dags/crawl_DAGs.py
[2025-05-30T05:22:16.678+0000] {processor.py:840} INFO - DAG(s) 'crawl_and_ingest_data_into_mongoDB' retrieved from /opt/airflow/dags/crawl_DAGs.py
[2025-05-30T05:22:16.769+0000] {logging_mixin.py:188} INFO - [2025-05-30T05:22:16.769+0000] {dag.py:3096} INFO - Sync 1 DAGs
[2025-05-30T05:22:16.784+0000] {logging_mixin.py:188} INFO - [2025-05-30T05:22:16.784+0000] {dag.py:3954} INFO - Setting next_dagrun for crawl_and_ingest_data_into_mongoDB to 2025-05-30 05:22:16.676493+00:00, run_after=2025-05-30 05:24:16.676493+00:00
[2025-05-30T05:22:16.798+0000] {processor.py:183} INFO - Processing /opt/airflow/dags/crawl_DAGs.py took 0.533 seconds
[2025-05-30T05:22:46.913+0000] {processor.py:161} INFO - Started process (PID=6183) to work on /opt/airflow/dags/crawl_DAGs.py
[2025-05-30T05:22:46.914+0000] {processor.py:830} INFO - Processing file /opt/airflow/dags/crawl_DAGs.py for tasks to queue
[2025-05-30T05:22:46.917+0000] {logging_mixin.py:188} INFO - [2025-05-30T05:22:46.916+0000] {dagbag.py:545} INFO - Filling up the DagBag from /opt/airflow/dags/crawl_DAGs.py
[2025-05-30T05:22:47.587+0000] {processor.py:840} INFO - DAG(s) 'crawl_and_ingest_data_into_mongoDB' retrieved from /opt/airflow/dags/crawl_DAGs.py
[2025-05-30T05:22:47.699+0000] {logging_mixin.py:188} INFO - [2025-05-30T05:22:47.698+0000] {dag.py:3096} INFO - Sync 1 DAGs
[2025-05-30T05:22:47.717+0000] {logging_mixin.py:188} INFO - [2025-05-30T05:22:47.717+0000] {dag.py:3954} INFO - Setting next_dagrun for crawl_and_ingest_data_into_mongoDB to 2025-05-30 05:22:47.583613+00:00, run_after=2025-05-30 05:24:47.583613+00:00
[2025-05-30T05:22:47.753+0000] {processor.py:183} INFO - Processing /opt/airflow/dags/crawl_DAGs.py took 0.848 seconds
[2025-05-30T05:23:18.442+0000] {processor.py:161} INFO - Started process (PID=6461) to work on /opt/airflow/dags/crawl_DAGs.py
[2025-05-30T05:23:18.443+0000] {processor.py:830} INFO - Processing file /opt/airflow/dags/crawl_DAGs.py for tasks to queue
[2025-05-30T05:23:18.445+0000] {logging_mixin.py:188} INFO - [2025-05-30T05:23:18.445+0000] {dagbag.py:545} INFO - Filling up the DagBag from /opt/airflow/dags/crawl_DAGs.py
[2025-05-30T05:23:18.874+0000] {processor.py:840} INFO - DAG(s) 'crawl_and_ingest_data_into_mongoDB' retrieved from /opt/airflow/dags/crawl_DAGs.py
[2025-05-30T05:23:18.956+0000] {logging_mixin.py:188} INFO - [2025-05-30T05:23:18.956+0000] {dag.py:3096} INFO - Sync 1 DAGs
[2025-05-30T05:23:18.974+0000] {logging_mixin.py:188} INFO - [2025-05-30T05:23:18.973+0000] {dag.py:3954} INFO - Setting next_dagrun for crawl_and_ingest_data_into_mongoDB to 2025-05-30 05:23:18.871294+00:00, run_after=2025-05-30 05:25:18.871294+00:00
[2025-05-30T05:23:18.990+0000] {processor.py:183} INFO - Processing /opt/airflow/dags/crawl_DAGs.py took 0.552 seconds
[2025-05-30T05:23:49.044+0000] {processor.py:161} INFO - Started process (PID=6734) to work on /opt/airflow/dags/crawl_DAGs.py
[2025-05-30T05:23:49.045+0000] {processor.py:830} INFO - Processing file /opt/airflow/dags/crawl_DAGs.py for tasks to queue
[2025-05-30T05:23:49.047+0000] {logging_mixin.py:188} INFO - [2025-05-30T05:23:49.046+0000] {dagbag.py:545} INFO - Filling up the DagBag from /opt/airflow/dags/crawl_DAGs.py
[2025-05-30T05:23:49.489+0000] {processor.py:840} INFO - DAG(s) 'crawl_and_ingest_data_into_mongoDB' retrieved from /opt/airflow/dags/crawl_DAGs.py
[2025-05-30T05:23:49.579+0000] {logging_mixin.py:188} INFO - [2025-05-30T05:23:49.578+0000] {dag.py:3096} INFO - Sync 1 DAGs
[2025-05-30T05:23:49.594+0000] {logging_mixin.py:188} INFO - [2025-05-30T05:23:49.594+0000] {dag.py:3954} INFO - Setting next_dagrun for crawl_and_ingest_data_into_mongoDB to 2025-05-30 05:23:49.487539+00:00, run_after=2025-05-30 05:25:49.487539+00:00
[2025-05-30T05:23:49.611+0000] {processor.py:183} INFO - Processing /opt/airflow/dags/crawl_DAGs.py took 0.572 seconds
[2025-05-30T05:24:19.768+0000] {processor.py:161} INFO - Started process (PID=7022) to work on /opt/airflow/dags/crawl_DAGs.py
[2025-05-30T05:24:19.768+0000] {processor.py:830} INFO - Processing file /opt/airflow/dags/crawl_DAGs.py for tasks to queue
[2025-05-30T05:24:19.770+0000] {logging_mixin.py:188} INFO - [2025-05-30T05:24:19.770+0000] {dagbag.py:545} INFO - Filling up the DagBag from /opt/airflow/dags/crawl_DAGs.py
[2025-05-30T05:24:20.257+0000] {processor.py:840} INFO - DAG(s) 'crawl_and_ingest_data_into_mongoDB' retrieved from /opt/airflow/dags/crawl_DAGs.py
[2025-05-30T05:24:20.361+0000] {logging_mixin.py:188} INFO - [2025-05-30T05:24:20.361+0000] {dag.py:3096} INFO - Sync 1 DAGs
[2025-05-30T05:24:20.381+0000] {logging_mixin.py:188} INFO - [2025-05-30T05:24:20.380+0000] {dag.py:3954} INFO - Setting next_dagrun for crawl_and_ingest_data_into_mongoDB to 2025-05-30 05:24:20.254749+00:00, run_after=2025-05-30 05:26:20.254749+00:00
[2025-05-30T05:24:20.402+0000] {processor.py:183} INFO - Processing /opt/airflow/dags/crawl_DAGs.py took 0.640 seconds
[2025-05-30T05:24:51.294+0000] {processor.py:161} INFO - Started process (PID=7305) to work on /opt/airflow/dags/crawl_DAGs.py
[2025-05-30T05:24:51.295+0000] {processor.py:830} INFO - Processing file /opt/airflow/dags/crawl_DAGs.py for tasks to queue
[2025-05-30T05:24:51.297+0000] {logging_mixin.py:188} INFO - [2025-05-30T05:24:51.296+0000] {dagbag.py:545} INFO - Filling up the DagBag from /opt/airflow/dags/crawl_DAGs.py
[2025-05-30T05:24:51.617+0000] {processor.py:840} INFO - DAG(s) 'crawl_and_ingest_data_into_mongoDB' retrieved from /opt/airflow/dags/crawl_DAGs.py
[2025-05-30T05:24:51.731+0000] {logging_mixin.py:188} INFO - [2025-05-30T05:24:51.731+0000] {dag.py:3096} INFO - Sync 1 DAGs
[2025-05-30T05:24:51.746+0000] {logging_mixin.py:188} INFO - [2025-05-30T05:24:51.746+0000] {dag.py:3954} INFO - Setting next_dagrun for crawl_and_ingest_data_into_mongoDB to 2025-05-30 05:24:51.614027+00:00, run_after=2025-05-30 05:26:51.614027+00:00
[2025-05-30T05:24:51.765+0000] {processor.py:183} INFO - Processing /opt/airflow/dags/crawl_DAGs.py took 0.476 seconds
[2025-05-30T05:25:22.550+0000] {processor.py:161} INFO - Started process (PID=7588) to work on /opt/airflow/dags/crawl_DAGs.py
[2025-05-30T05:25:22.551+0000] {processor.py:830} INFO - Processing file /opt/airflow/dags/crawl_DAGs.py for tasks to queue
[2025-05-30T05:25:22.554+0000] {logging_mixin.py:188} INFO - [2025-05-30T05:25:22.553+0000] {dagbag.py:545} INFO - Filling up the DagBag from /opt/airflow/dags/crawl_DAGs.py
[2025-05-30T05:25:23.018+0000] {processor.py:840} INFO - DAG(s) 'crawl_and_ingest_data_into_mongoDB' retrieved from /opt/airflow/dags/crawl_DAGs.py
[2025-05-30T05:25:23.134+0000] {logging_mixin.py:188} INFO - [2025-05-30T05:25:23.134+0000] {dag.py:3096} INFO - Sync 1 DAGs
[2025-05-30T05:25:23.154+0000] {logging_mixin.py:188} INFO - [2025-05-30T05:25:23.154+0000] {dag.py:3954} INFO - Setting next_dagrun for crawl_and_ingest_data_into_mongoDB to 2025-05-30 05:25:23.014559+00:00, run_after=2025-05-30 05:27:23.014559+00:00
[2025-05-30T05:25:23.176+0000] {processor.py:183} INFO - Processing /opt/airflow/dags/crawl_DAGs.py took 0.634 seconds
[2025-05-30T05:25:53.534+0000] {processor.py:161} INFO - Started process (PID=7861) to work on /opt/airflow/dags/crawl_DAGs.py
[2025-05-30T05:25:53.535+0000] {processor.py:830} INFO - Processing file /opt/airflow/dags/crawl_DAGs.py for tasks to queue
[2025-05-30T05:25:53.537+0000] {logging_mixin.py:188} INFO - [2025-05-30T05:25:53.537+0000] {dagbag.py:545} INFO - Filling up the DagBag from /opt/airflow/dags/crawl_DAGs.py
[2025-05-30T05:25:53.984+0000] {processor.py:840} INFO - DAG(s) 'crawl_and_ingest_data_into_mongoDB' retrieved from /opt/airflow/dags/crawl_DAGs.py
[2025-05-30T05:25:54.087+0000] {logging_mixin.py:188} INFO - [2025-05-30T05:25:54.086+0000] {dag.py:3096} INFO - Sync 1 DAGs
[2025-05-30T05:25:54.103+0000] {logging_mixin.py:188} INFO - [2025-05-30T05:25:54.103+0000] {dag.py:3954} INFO - Setting next_dagrun for crawl_and_ingest_data_into_mongoDB to 2025-05-30 05:25:53.980716+00:00, run_after=2025-05-30 05:27:53.980716+00:00
[2025-05-30T05:25:54.121+0000] {processor.py:183} INFO - Processing /opt/airflow/dags/crawl_DAGs.py took 0.593 seconds
[2025-05-30T05:26:24.223+0000] {processor.py:161} INFO - Started process (PID=8134) to work on /opt/airflow/dags/crawl_DAGs.py
[2025-05-30T05:26:24.224+0000] {processor.py:830} INFO - Processing file /opt/airflow/dags/crawl_DAGs.py for tasks to queue
[2025-05-30T05:26:24.226+0000] {logging_mixin.py:188} INFO - [2025-05-30T05:26:24.226+0000] {dagbag.py:545} INFO - Filling up the DagBag from /opt/airflow/dags/crawl_DAGs.py
[2025-05-30T05:26:24.537+0000] {processor.py:840} INFO - DAG(s) 'crawl_and_ingest_data_into_mongoDB' retrieved from /opt/airflow/dags/crawl_DAGs.py
[2025-05-30T05:26:24.636+0000] {logging_mixin.py:188} INFO - [2025-05-30T05:26:24.635+0000] {dag.py:3096} INFO - Sync 1 DAGs
[2025-05-30T05:26:24.654+0000] {logging_mixin.py:188} INFO - [2025-05-30T05:26:24.654+0000] {dag.py:3954} INFO - Setting next_dagrun for crawl_and_ingest_data_into_mongoDB to 2025-05-30 05:26:24.534822+00:00, run_after=2025-05-30 05:28:24.534822+00:00
[2025-05-30T05:26:24.672+0000] {processor.py:183} INFO - Processing /opt/airflow/dags/crawl_DAGs.py took 0.454 seconds
[2025-05-30T05:26:54.791+0000] {processor.py:161} INFO - Started process (PID=8426) to work on /opt/airflow/dags/crawl_DAGs.py
[2025-05-30T05:26:54.792+0000] {processor.py:830} INFO - Processing file /opt/airflow/dags/crawl_DAGs.py for tasks to queue
[2025-05-30T05:26:54.794+0000] {logging_mixin.py:188} INFO - [2025-05-30T05:26:54.793+0000] {dagbag.py:545} INFO - Filling up the DagBag from /opt/airflow/dags/crawl_DAGs.py
[2025-05-30T05:26:55.105+0000] {processor.py:840} INFO - DAG(s) 'crawl_and_ingest_data_into_mongoDB' retrieved from /opt/airflow/dags/crawl_DAGs.py
[2025-05-30T05:26:55.198+0000] {logging_mixin.py:188} INFO - [2025-05-30T05:26:55.198+0000] {dag.py:3096} INFO - Sync 1 DAGs
[2025-05-30T05:26:55.223+0000] {logging_mixin.py:188} INFO - [2025-05-30T05:26:55.222+0000] {dag.py:3954} INFO - Setting next_dagrun for crawl_and_ingest_data_into_mongoDB to 2025-05-30 05:26:55.102943+00:00, run_after=2025-05-30 05:28:55.102943+00:00
[2025-05-30T05:26:55.250+0000] {processor.py:183} INFO - Processing /opt/airflow/dags/crawl_DAGs.py took 0.466 seconds
[2025-05-30T05:27:25.437+0000] {processor.py:161} INFO - Started process (PID=8699) to work on /opt/airflow/dags/crawl_DAGs.py
[2025-05-30T05:27:25.439+0000] {processor.py:830} INFO - Processing file /opt/airflow/dags/crawl_DAGs.py for tasks to queue
[2025-05-30T05:27:25.444+0000] {logging_mixin.py:188} INFO - [2025-05-30T05:27:25.443+0000] {dagbag.py:545} INFO - Filling up the DagBag from /opt/airflow/dags/crawl_DAGs.py
[2025-05-30T05:27:25.880+0000] {processor.py:840} INFO - DAG(s) 'crawl_and_ingest_data_into_mongoDB' retrieved from /opt/airflow/dags/crawl_DAGs.py
[2025-05-30T05:27:26.014+0000] {logging_mixin.py:188} INFO - [2025-05-30T05:27:26.013+0000] {dag.py:3096} INFO - Sync 1 DAGs
[2025-05-30T05:27:26.035+0000] {logging_mixin.py:188} INFO - [2025-05-30T05:27:26.034+0000] {dag.py:3954} INFO - Setting next_dagrun for crawl_and_ingest_data_into_mongoDB to 2025-05-30 05:27:25.876085+00:00, run_after=2025-05-30 05:29:25.876085+00:00
[2025-05-30T05:27:26.062+0000] {processor.py:183} INFO - Processing /opt/airflow/dags/crawl_DAGs.py took 0.631 seconds
[2025-05-30T05:27:56.436+0000] {processor.py:161} INFO - Started process (PID=8970) to work on /opt/airflow/dags/crawl_DAGs.py
[2025-05-30T05:27:56.437+0000] {processor.py:830} INFO - Processing file /opt/airflow/dags/crawl_DAGs.py for tasks to queue
[2025-05-30T05:27:56.439+0000] {logging_mixin.py:188} INFO - [2025-05-30T05:27:56.439+0000] {dagbag.py:545} INFO - Filling up the DagBag from /opt/airflow/dags/crawl_DAGs.py
[2025-05-30T05:27:56.967+0000] {processor.py:840} INFO - DAG(s) 'crawl_and_ingest_data_into_mongoDB' retrieved from /opt/airflow/dags/crawl_DAGs.py
[2025-05-30T05:27:57.102+0000] {logging_mixin.py:188} INFO - [2025-05-30T05:27:57.102+0000] {dag.py:3096} INFO - Sync 1 DAGs
[2025-05-30T05:27:57.120+0000] {logging_mixin.py:188} INFO - [2025-05-30T05:27:57.120+0000] {dag.py:3954} INFO - Setting next_dagrun for crawl_and_ingest_data_into_mongoDB to 2025-05-30 05:27:56.962791+00:00, run_after=2025-05-30 05:29:56.962791+00:00
[2025-05-30T05:27:57.140+0000] {processor.py:183} INFO - Processing /opt/airflow/dags/crawl_DAGs.py took 0.711 seconds
[2025-05-30T05:28:27.554+0000] {processor.py:161} INFO - Started process (PID=9260) to work on /opt/airflow/dags/crawl_DAGs.py
[2025-05-30T05:28:27.555+0000] {processor.py:830} INFO - Processing file /opt/airflow/dags/crawl_DAGs.py for tasks to queue
[2025-05-30T05:28:27.557+0000] {logging_mixin.py:188} INFO - [2025-05-30T05:28:27.556+0000] {dagbag.py:545} INFO - Filling up the DagBag from /opt/airflow/dags/crawl_DAGs.py
[2025-05-30T05:28:27.912+0000] {processor.py:840} INFO - DAG(s) 'crawl_and_ingest_data_into_mongoDB' retrieved from /opt/airflow/dags/crawl_DAGs.py
[2025-05-30T05:28:28.026+0000] {logging_mixin.py:188} INFO - [2025-05-30T05:28:28.025+0000] {dag.py:3096} INFO - Sync 1 DAGs
[2025-05-30T05:28:28.045+0000] {logging_mixin.py:188} INFO - [2025-05-30T05:28:28.044+0000] {dag.py:3954} INFO - Setting next_dagrun for crawl_and_ingest_data_into_mongoDB to 2025-05-30 05:28:27.907680+00:00, run_after=2025-05-30 05:30:27.907680+00:00
[2025-05-30T05:28:28.061+0000] {processor.py:183} INFO - Processing /opt/airflow/dags/crawl_DAGs.py took 0.513 seconds
[2025-05-30T05:28:58.168+0000] {processor.py:161} INFO - Started process (PID=9546) to work on /opt/airflow/dags/crawl_DAGs.py
[2025-05-30T05:28:58.170+0000] {processor.py:830} INFO - Processing file /opt/airflow/dags/crawl_DAGs.py for tasks to queue
[2025-05-30T05:28:58.173+0000] {logging_mixin.py:188} INFO - [2025-05-30T05:28:58.172+0000] {dagbag.py:545} INFO - Filling up the DagBag from /opt/airflow/dags/crawl_DAGs.py
[2025-05-30T05:28:58.651+0000] {processor.py:840} INFO - DAG(s) 'crawl_and_ingest_data_into_mongoDB' retrieved from /opt/airflow/dags/crawl_DAGs.py
[2025-05-30T05:28:58.783+0000] {logging_mixin.py:188} INFO - [2025-05-30T05:28:58.782+0000] {dag.py:3096} INFO - Sync 1 DAGs
[2025-05-30T05:28:58.804+0000] {logging_mixin.py:188} INFO - [2025-05-30T05:28:58.804+0000] {dag.py:3954} INFO - Setting next_dagrun for crawl_and_ingest_data_into_mongoDB to 2025-05-30 05:28:58.648256+00:00, run_after=2025-05-30 05:30:58.648256+00:00
[2025-05-30T05:28:58.825+0000] {processor.py:183} INFO - Processing /opt/airflow/dags/crawl_DAGs.py took 0.665 seconds
[2025-05-30T05:29:28.872+0000] {processor.py:161} INFO - Started process (PID=9841) to work on /opt/airflow/dags/crawl_DAGs.py
[2025-05-30T05:29:28.876+0000] {processor.py:830} INFO - Processing file /opt/airflow/dags/crawl_DAGs.py for tasks to queue
[2025-05-30T05:29:28.878+0000] {logging_mixin.py:188} INFO - [2025-05-30T05:29:28.878+0000] {dagbag.py:545} INFO - Filling up the DagBag from /opt/airflow/dags/crawl_DAGs.py
[2025-05-30T05:29:28.964+0000] {logging_mixin.py:188} INFO - None
[2025-05-30T05:29:29.197+0000] {processor.py:840} INFO - DAG(s) 'crawl_and_ingest_data_into_mongoDB' retrieved from /opt/airflow/dags/crawl_DAGs.py
[2025-05-30T05:29:29.280+0000] {logging_mixin.py:188} INFO - [2025-05-30T05:29:29.279+0000] {dag.py:3096} INFO - Sync 1 DAGs
[2025-05-30T05:29:29.294+0000] {logging_mixin.py:188} INFO - [2025-05-30T05:29:29.294+0000] {dag.py:3954} INFO - Setting next_dagrun for crawl_and_ingest_data_into_mongoDB to 2025-05-30 05:29:29.194423+00:00, run_after=2025-05-30 05:31:29.194423+00:00
[2025-05-30T05:29:29.422+0000] {processor.py:183} INFO - Processing /opt/airflow/dags/crawl_DAGs.py took 0.557 seconds
[2025-05-30T05:30:00.166+0000] {processor.py:161} INFO - Started process (PID=10124) to work on /opt/airflow/dags/crawl_DAGs.py
[2025-05-30T05:30:00.167+0000] {processor.py:830} INFO - Processing file /opt/airflow/dags/crawl_DAGs.py for tasks to queue
[2025-05-30T05:30:00.169+0000] {logging_mixin.py:188} INFO - [2025-05-30T05:30:00.168+0000] {dagbag.py:545} INFO - Filling up the DagBag from /opt/airflow/dags/crawl_DAGs.py
[2025-05-30T05:30:00.253+0000] {logging_mixin.py:188} INFO - None
[2025-05-30T05:30:00.494+0000] {processor.py:840} INFO - DAG(s) 'crawl_and_ingest_data_into_mongoDB' retrieved from /opt/airflow/dags/crawl_DAGs.py
[2025-05-30T05:30:00.607+0000] {logging_mixin.py:188} INFO - [2025-05-30T05:30:00.607+0000] {dag.py:3096} INFO - Sync 1 DAGs
[2025-05-30T05:30:00.624+0000] {logging_mixin.py:188} INFO - [2025-05-30T05:30:00.624+0000] {dag.py:3954} INFO - Setting next_dagrun for crawl_and_ingest_data_into_mongoDB to 2025-05-30 05:30:00.490366+00:00, run_after=2025-05-30 05:32:00.490366+00:00
[2025-05-30T05:30:00.642+0000] {processor.py:183} INFO - Processing /opt/airflow/dags/crawl_DAGs.py took 0.481 seconds
[2025-05-30T05:30:30.684+0000] {processor.py:161} INFO - Started process (PID=10416) to work on /opt/airflow/dags/crawl_DAGs.py
[2025-05-30T05:30:30.685+0000] {processor.py:830} INFO - Processing file /opt/airflow/dags/crawl_DAGs.py for tasks to queue
[2025-05-30T05:30:30.687+0000] {logging_mixin.py:188} INFO - [2025-05-30T05:30:30.686+0000] {dagbag.py:545} INFO - Filling up the DagBag from /opt/airflow/dags/crawl_DAGs.py
[2025-05-30T05:30:30.791+0000] {logging_mixin.py:188} INFO - None
[2025-05-30T05:30:31.033+0000] {processor.py:840} INFO - DAG(s) 'crawl_and_ingest_data_into_mongoDB' retrieved from /opt/airflow/dags/crawl_DAGs.py
[2025-05-30T05:30:31.133+0000] {logging_mixin.py:188} INFO - [2025-05-30T05:30:31.133+0000] {dag.py:3096} INFO - Sync 1 DAGs
[2025-05-30T05:30:31.148+0000] {logging_mixin.py:188} INFO - [2025-05-30T05:30:31.148+0000] {dag.py:3954} INFO - Setting next_dagrun for crawl_and_ingest_data_into_mongoDB to 2025-05-30 05:30:31.030198+00:00, run_after=2025-05-30 05:32:31.030198+00:00
[2025-05-30T05:30:31.173+0000] {processor.py:183} INFO - Processing /opt/airflow/dags/crawl_DAGs.py took 0.495 seconds
[2025-05-30T05:31:01.336+0000] {processor.py:161} INFO - Started process (PID=10697) to work on /opt/airflow/dags/crawl_DAGs.py
[2025-05-30T05:31:01.337+0000] {processor.py:830} INFO - Processing file /opt/airflow/dags/crawl_DAGs.py for tasks to queue
[2025-05-30T05:31:01.340+0000] {logging_mixin.py:188} INFO - [2025-05-30T05:31:01.340+0000] {dagbag.py:545} INFO - Filling up the DagBag from /opt/airflow/dags/crawl_DAGs.py
[2025-05-30T05:31:01.499+0000] {logging_mixin.py:188} INFO - None
[2025-05-30T05:31:01.838+0000] {processor.py:840} INFO - DAG(s) 'crawl_and_ingest_data_into_mongoDB' retrieved from /opt/airflow/dags/crawl_DAGs.py
[2025-05-30T05:31:01.939+0000] {logging_mixin.py:188} INFO - [2025-05-30T05:31:01.939+0000] {dag.py:3096} INFO - Sync 1 DAGs
[2025-05-30T05:31:01.954+0000] {logging_mixin.py:188} INFO - [2025-05-30T05:31:01.954+0000] {dag.py:3954} INFO - Setting next_dagrun for crawl_and_ingest_data_into_mongoDB to 2025-05-30 05:31:01.835079+00:00, run_after=2025-05-30 05:33:01.835079+00:00
[2025-05-30T05:31:01.981+0000] {processor.py:183} INFO - Processing /opt/airflow/dags/crawl_DAGs.py took 0.655 seconds
[2025-05-30T05:31:32.072+0000] {processor.py:161} INFO - Started process (PID=10970) to work on /opt/airflow/dags/crawl_DAGs.py
[2025-05-30T05:31:32.073+0000] {processor.py:830} INFO - Processing file /opt/airflow/dags/crawl_DAGs.py for tasks to queue
[2025-05-30T05:31:32.075+0000] {logging_mixin.py:188} INFO - [2025-05-30T05:31:32.075+0000] {dagbag.py:545} INFO - Filling up the DagBag from /opt/airflow/dags/crawl_DAGs.py
[2025-05-30T05:31:32.156+0000] {logging_mixin.py:188} INFO - None
[2025-05-30T05:31:32.368+0000] {processor.py:840} INFO - DAG(s) 'crawl_and_ingest_data_into_mongoDB' retrieved from /opt/airflow/dags/crawl_DAGs.py
[2025-05-30T05:31:32.453+0000] {logging_mixin.py:188} INFO - [2025-05-30T05:31:32.452+0000] {dag.py:3096} INFO - Sync 1 DAGs
[2025-05-30T05:31:32.467+0000] {logging_mixin.py:188} INFO - [2025-05-30T05:31:32.467+0000] {dag.py:3954} INFO - Setting next_dagrun for crawl_and_ingest_data_into_mongoDB to 2025-05-30 05:31:32.365262+00:00, run_after=2025-05-30 05:33:32.365262+00:00
[2025-05-30T05:31:32.492+0000] {processor.py:183} INFO - Processing /opt/airflow/dags/crawl_DAGs.py took 0.425 seconds
[2025-05-30T05:32:03.378+0000] {processor.py:161} INFO - Started process (PID=11250) to work on /opt/airflow/dags/crawl_DAGs.py
[2025-05-30T05:32:03.379+0000] {processor.py:830} INFO - Processing file /opt/airflow/dags/crawl_DAGs.py for tasks to queue
[2025-05-30T05:32:03.381+0000] {logging_mixin.py:188} INFO - [2025-05-30T05:32:03.381+0000] {dagbag.py:545} INFO - Filling up the DagBag from /opt/airflow/dags/crawl_DAGs.py
[2025-05-30T05:32:03.465+0000] {logging_mixin.py:188} INFO - None
[2025-05-30T05:32:03.693+0000] {processor.py:840} INFO - DAG(s) 'crawl_and_ingest_data_into_mongoDB' retrieved from /opt/airflow/dags/crawl_DAGs.py
[2025-05-30T05:32:03.787+0000] {logging_mixin.py:188} INFO - [2025-05-30T05:32:03.786+0000] {dag.py:3096} INFO - Sync 1 DAGs
[2025-05-30T05:32:03.935+0000] {logging_mixin.py:188} INFO - [2025-05-30T05:32:03.934+0000] {dag.py:3954} INFO - Setting next_dagrun for crawl_and_ingest_data_into_mongoDB to 2025-05-30 05:32:03.689089+00:00, run_after=2025-05-30 05:34:03.689089+00:00
[2025-05-30T05:32:03.952+0000] {processor.py:183} INFO - Processing /opt/airflow/dags/crawl_DAGs.py took 0.579 seconds
[2025-05-30T05:32:34.776+0000] {processor.py:161} INFO - Started process (PID=11538) to work on /opt/airflow/dags/crawl_DAGs.py
[2025-05-30T05:32:34.777+0000] {processor.py:830} INFO - Processing file /opt/airflow/dags/crawl_DAGs.py for tasks to queue
[2025-05-30T05:32:34.779+0000] {logging_mixin.py:188} INFO - [2025-05-30T05:32:34.779+0000] {dagbag.py:545} INFO - Filling up the DagBag from /opt/airflow/dags/crawl_DAGs.py
[2025-05-30T05:32:34.859+0000] {logging_mixin.py:188} INFO - None
[2025-05-30T05:32:35.091+0000] {processor.py:840} INFO - DAG(s) 'crawl_and_ingest_data_into_mongoDB' retrieved from /opt/airflow/dags/crawl_DAGs.py
[2025-05-30T05:32:35.184+0000] {logging_mixin.py:188} INFO - [2025-05-30T05:32:35.183+0000] {dag.py:3096} INFO - Sync 1 DAGs
[2025-05-30T05:32:35.331+0000] {logging_mixin.py:188} INFO - [2025-05-30T05:32:35.331+0000] {dag.py:3954} INFO - Setting next_dagrun for crawl_and_ingest_data_into_mongoDB to 2025-05-30 05:32:35.088092+00:00, run_after=2025-05-30 05:34:35.088092+00:00
[2025-05-30T05:32:35.347+0000] {processor.py:183} INFO - Processing /opt/airflow/dags/crawl_DAGs.py took 0.576 seconds
[2025-05-30T05:40:00.135+0000] {processor.py:161} INFO - Started process (PID=165) to work on /opt/airflow/dags/crawl_DAGs.py
[2025-05-30T05:40:00.137+0000] {processor.py:830} INFO - Processing file /opt/airflow/dags/crawl_DAGs.py for tasks to queue
[2025-05-30T05:40:00.140+0000] {logging_mixin.py:188} INFO - [2025-05-30T05:40:00.139+0000] {dagbag.py:545} INFO - Filling up the DagBag from /opt/airflow/dags/crawl_DAGs.py
[2025-05-30T05:40:00.377+0000] {logging_mixin.py:188} INFO - None
[2025-05-30T05:40:00.873+0000] {processor.py:840} INFO - DAG(s) 'crawl_and_ingest_data_into_mongoDB' retrieved from /opt/airflow/dags/crawl_DAGs.py
[2025-05-30T05:40:00.897+0000] {logging_mixin.py:188} INFO - [2025-05-30T05:40:00.897+0000] {dag.py:3096} INFO - Sync 1 DAGs
[2025-05-30T05:40:00.917+0000] {logging_mixin.py:188} INFO - [2025-05-30T05:40:00.916+0000] {dag.py:3954} INFO - Setting next_dagrun for crawl_and_ingest_data_into_mongoDB to 2025-05-30 05:40:00.869393+00:00, run_after=2025-05-30 05:42:00.869393+00:00
[2025-05-30T05:40:00.934+0000] {processor.py:183} INFO - Processing /opt/airflow/dags/crawl_DAGs.py took 0.805 seconds
[2025-05-30T05:40:31.205+0000] {processor.py:161} INFO - Started process (PID=438) to work on /opt/airflow/dags/crawl_DAGs.py
[2025-05-30T05:40:31.206+0000] {processor.py:830} INFO - Processing file /opt/airflow/dags/crawl_DAGs.py for tasks to queue
[2025-05-30T05:40:31.208+0000] {logging_mixin.py:188} INFO - [2025-05-30T05:40:31.207+0000] {dagbag.py:545} INFO - Filling up the DagBag from /opt/airflow/dags/crawl_DAGs.py
[2025-05-30T05:40:31.300+0000] {logging_mixin.py:188} INFO - None
[2025-05-30T05:40:31.680+0000] {processor.py:840} INFO - DAG(s) 'crawl_and_ingest_data_into_mongoDB' retrieved from /opt/airflow/dags/crawl_DAGs.py
[2025-05-30T05:40:31.796+0000] {logging_mixin.py:188} INFO - [2025-05-30T05:40:31.795+0000] {dag.py:3096} INFO - Sync 1 DAGs
[2025-05-30T05:40:31.811+0000] {logging_mixin.py:188} INFO - [2025-05-30T05:40:31.811+0000] {dag.py:3954} INFO - Setting next_dagrun for crawl_and_ingest_data_into_mongoDB to 2025-05-30 05:40:31.678873+00:00, run_after=2025-05-30 05:42:31.678873+00:00
[2025-05-30T05:40:31.825+0000] {processor.py:183} INFO - Processing /opt/airflow/dags/crawl_DAGs.py took 0.626 seconds
[2025-05-30T05:41:01.880+0000] {processor.py:161} INFO - Started process (PID=711) to work on /opt/airflow/dags/crawl_DAGs.py
[2025-05-30T05:41:01.881+0000] {processor.py:830} INFO - Processing file /opt/airflow/dags/crawl_DAGs.py for tasks to queue
[2025-05-30T05:41:01.883+0000] {logging_mixin.py:188} INFO - [2025-05-30T05:41:01.883+0000] {dagbag.py:545} INFO - Filling up the DagBag from /opt/airflow/dags/crawl_DAGs.py
[2025-05-30T05:41:02.000+0000] {logging_mixin.py:188} INFO - None
[2025-05-30T05:41:02.438+0000] {processor.py:840} INFO - DAG(s) 'crawl_and_ingest_data_into_mongoDB' retrieved from /opt/airflow/dags/crawl_DAGs.py
[2025-05-30T05:41:02.540+0000] {logging_mixin.py:188} INFO - [2025-05-30T05:41:02.539+0000] {dag.py:3096} INFO - Sync 1 DAGs
[2025-05-30T05:41:02.555+0000] {logging_mixin.py:188} INFO - [2025-05-30T05:41:02.555+0000] {dag.py:3954} INFO - Setting next_dagrun for crawl_and_ingest_data_into_mongoDB to 2025-05-30 05:41:02.436097+00:00, run_after=2025-05-30 05:43:02.436097+00:00
[2025-05-30T05:41:02.570+0000] {processor.py:183} INFO - Processing /opt/airflow/dags/crawl_DAGs.py took 0.695 seconds
