[2025-05-11T09:31:12.885+0000] {processor.py:161} INFO - Started process (PID=173) to work on /home/airflow/.local/lib/python3.12/site-packages/airflow/example_dags/example_params_ui_tutorial.py
[2025-05-11T09:31:12.886+0000] {processor.py:830} INFO - Processing file /home/airflow/.local/lib/python3.12/site-packages/airflow/example_dags/example_params_ui_tutorial.py for tasks to queue
[2025-05-11T09:31:12.888+0000] {logging_mixin.py:188} INFO - [2025-05-11T09:31:12.888+0000] {dagbag.py:545} INFO - Filling up the DagBag from /home/airflow/.local/lib/python3.12/site-packages/airflow/example_dags/example_params_ui_tutorial.py
[2025-05-11T09:31:12.906+0000] {processor.py:840} INFO - DAG(s) 'example_params_ui_tutorial' retrieved from /home/airflow/.local/lib/python3.12/site-packages/airflow/example_dags/example_params_ui_tutorial.py
[2025-05-11T09:31:13.083+0000] {logging_mixin.py:188} INFO - [2025-05-11T09:31:13.082+0000] {override.py:1829} INFO - Created Permission View: can delete on DAG:example_params_ui_tutorial
[2025-05-11T09:31:13.095+0000] {logging_mixin.py:188} INFO - [2025-05-11T09:31:13.094+0000] {override.py:1829} INFO - Created Permission View: can edit on DAG:example_params_ui_tutorial
[2025-05-11T09:31:13.103+0000] {logging_mixin.py:188} INFO - [2025-05-11T09:31:13.102+0000] {override.py:1829} INFO - Created Permission View: can read on DAG:example_params_ui_tutorial
[2025-05-11T09:31:13.103+0000] {logging_mixin.py:188} INFO - [2025-05-11T09:31:13.103+0000] {dag.py:3096} INFO - Sync 1 DAGs
[2025-05-11T09:31:13.118+0000] {logging_mixin.py:188} INFO - [2025-05-11T09:31:13.117+0000] {dag.py:3118} INFO - Creating ORM DAG for example_params_ui_tutorial
[2025-05-11T09:31:13.119+0000] {logging_mixin.py:188} INFO - [2025-05-11T09:31:13.119+0000] {dag.py:3954} INFO - Setting next_dagrun for example_params_ui_tutorial to None, run_after=None
[2025-05-11T09:31:13.148+0000] {processor.py:183} INFO - Processing /home/airflow/.local/lib/python3.12/site-packages/airflow/example_dags/example_params_ui_tutorial.py took 0.269 seconds
[2025-05-11T09:31:43.261+0000] {processor.py:161} INFO - Started process (PID=442) to work on /home/airflow/.local/lib/python3.12/site-packages/airflow/example_dags/example_params_ui_tutorial.py
[2025-05-11T09:31:43.262+0000] {processor.py:830} INFO - Processing file /home/airflow/.local/lib/python3.12/site-packages/airflow/example_dags/example_params_ui_tutorial.py for tasks to queue
[2025-05-11T09:31:43.264+0000] {logging_mixin.py:188} INFO - [2025-05-11T09:31:43.264+0000] {dagbag.py:545} INFO - Filling up the DagBag from /home/airflow/.local/lib/python3.12/site-packages/airflow/example_dags/example_params_ui_tutorial.py
[2025-05-11T09:31:43.276+0000] {processor.py:840} INFO - DAG(s) 'example_params_ui_tutorial' retrieved from /home/airflow/.local/lib/python3.12/site-packages/airflow/example_dags/example_params_ui_tutorial.py
[2025-05-11T09:31:43.324+0000] {logging_mixin.py:188} INFO - [2025-05-11T09:31:43.324+0000] {dag.py:3096} INFO - Sync 1 DAGs
[2025-05-11T09:31:43.337+0000] {logging_mixin.py:188} INFO - [2025-05-11T09:31:43.336+0000] {dag.py:3954} INFO - Setting next_dagrun for example_params_ui_tutorial to None, run_after=None
[2025-05-11T09:31:43.357+0000] {processor.py:183} INFO - Processing /home/airflow/.local/lib/python3.12/site-packages/airflow/example_dags/example_params_ui_tutorial.py took 0.101 seconds
[2025-05-11T09:32:14.291+0000] {processor.py:161} INFO - Started process (PID=704) to work on /home/airflow/.local/lib/python3.12/site-packages/airflow/example_dags/example_params_ui_tutorial.py
[2025-05-11T09:32:14.292+0000] {processor.py:830} INFO - Processing file /home/airflow/.local/lib/python3.12/site-packages/airflow/example_dags/example_params_ui_tutorial.py for tasks to queue
[2025-05-11T09:32:14.294+0000] {logging_mixin.py:188} INFO - [2025-05-11T09:32:14.294+0000] {dagbag.py:545} INFO - Filling up the DagBag from /home/airflow/.local/lib/python3.12/site-packages/airflow/example_dags/example_params_ui_tutorial.py
[2025-05-11T09:32:14.304+0000] {processor.py:840} INFO - DAG(s) 'example_params_ui_tutorial' retrieved from /home/airflow/.local/lib/python3.12/site-packages/airflow/example_dags/example_params_ui_tutorial.py
[2025-05-11T09:32:14.349+0000] {logging_mixin.py:188} INFO - [2025-05-11T09:32:14.349+0000] {dag.py:3096} INFO - Sync 1 DAGs
[2025-05-11T09:32:14.362+0000] {logging_mixin.py:188} INFO - [2025-05-11T09:32:14.362+0000] {dag.py:3954} INFO - Setting next_dagrun for example_params_ui_tutorial to None, run_after=None
[2025-05-11T09:32:14.389+0000] {processor.py:183} INFO - Processing /home/airflow/.local/lib/python3.12/site-packages/airflow/example_dags/example_params_ui_tutorial.py took 0.102 seconds
[2025-05-11T09:32:44.894+0000] {processor.py:161} INFO - Started process (PID=966) to work on /home/airflow/.local/lib/python3.12/site-packages/airflow/example_dags/example_params_ui_tutorial.py
[2025-05-11T09:32:44.895+0000] {processor.py:830} INFO - Processing file /home/airflow/.local/lib/python3.12/site-packages/airflow/example_dags/example_params_ui_tutorial.py for tasks to queue
[2025-05-11T09:32:44.897+0000] {logging_mixin.py:188} INFO - [2025-05-11T09:32:44.897+0000] {dagbag.py:545} INFO - Filling up the DagBag from /home/airflow/.local/lib/python3.12/site-packages/airflow/example_dags/example_params_ui_tutorial.py
[2025-05-11T09:32:44.908+0000] {processor.py:840} INFO - DAG(s) 'example_params_ui_tutorial' retrieved from /home/airflow/.local/lib/python3.12/site-packages/airflow/example_dags/example_params_ui_tutorial.py
[2025-05-11T09:32:44.954+0000] {logging_mixin.py:188} INFO - [2025-05-11T09:32:44.953+0000] {dag.py:3096} INFO - Sync 1 DAGs
[2025-05-11T09:32:44.965+0000] {logging_mixin.py:188} INFO - [2025-05-11T09:32:44.965+0000] {dag.py:3954} INFO - Setting next_dagrun for example_params_ui_tutorial to None, run_after=None
[2025-05-11T09:32:44.983+0000] {processor.py:183} INFO - Processing /home/airflow/.local/lib/python3.12/site-packages/airflow/example_dags/example_params_ui_tutorial.py took 0.096 seconds
[2025-05-11T09:33:15.710+0000] {processor.py:161} INFO - Started process (PID=1227) to work on /home/airflow/.local/lib/python3.12/site-packages/airflow/example_dags/example_params_ui_tutorial.py
[2025-05-11T09:33:15.711+0000] {processor.py:830} INFO - Processing file /home/airflow/.local/lib/python3.12/site-packages/airflow/example_dags/example_params_ui_tutorial.py for tasks to queue
[2025-05-11T09:33:15.713+0000] {logging_mixin.py:188} INFO - [2025-05-11T09:33:15.713+0000] {dagbag.py:545} INFO - Filling up the DagBag from /home/airflow/.local/lib/python3.12/site-packages/airflow/example_dags/example_params_ui_tutorial.py
[2025-05-11T09:33:15.727+0000] {processor.py:840} INFO - DAG(s) 'example_params_ui_tutorial' retrieved from /home/airflow/.local/lib/python3.12/site-packages/airflow/example_dags/example_params_ui_tutorial.py
[2025-05-11T09:33:15.772+0000] {logging_mixin.py:188} INFO - [2025-05-11T09:33:15.772+0000] {dag.py:3096} INFO - Sync 1 DAGs
[2025-05-11T09:33:15.784+0000] {logging_mixin.py:188} INFO - [2025-05-11T09:33:15.784+0000] {dag.py:3954} INFO - Setting next_dagrun for example_params_ui_tutorial to None, run_after=None
[2025-05-11T09:33:15.807+0000] {processor.py:183} INFO - Processing /home/airflow/.local/lib/python3.12/site-packages/airflow/example_dags/example_params_ui_tutorial.py took 0.104 seconds
