[2025-05-11T09:31:18.125+0000] {processor.py:161} INFO - Started process (PID=373) to work on /home/airflow/.local/lib/python3.12/site-packages/airflow/example_dags/example_branch_python_dop_operator_3.py
[2025-05-11T09:31:18.126+0000] {processor.py:830} INFO - Processing file /home/airflow/.local/lib/python3.12/site-packages/airflow/example_dags/example_branch_python_dop_operator_3.py for tasks to queue
[2025-05-11T09:31:18.129+0000] {logging_mixin.py:188} INFO - [2025-05-11T09:31:18.128+0000] {dagbag.py:545} INFO - Filling up the DagBag from /home/airflow/.local/lib/python3.12/site-packages/airflow/example_dags/example_branch_python_dop_operator_3.py
[2025-05-11T09:31:18.141+0000] {processor.py:840} INFO - DAG(s) 'example_branch_dop_operator_v3' retrieved from /home/airflow/.local/lib/python3.12/site-packages/airflow/example_dags/example_branch_python_dop_operator_3.py
[2025-05-11T09:31:18.294+0000] {logging_mixin.py:188} INFO - [2025-05-11T09:31:18.293+0000] {override.py:1829} INFO - Created Permission View: can delete on DAG:example_branch_dop_operator_v3
[2025-05-11T09:31:18.309+0000] {logging_mixin.py:188} INFO - [2025-05-11T09:31:18.308+0000] {override.py:1829} INFO - Created Permission View: can edit on DAG:example_branch_dop_operator_v3
[2025-05-11T09:31:18.319+0000] {logging_mixin.py:188} INFO - [2025-05-11T09:31:18.318+0000] {override.py:1829} INFO - Created Permission View: can read on DAG:example_branch_dop_operator_v3
[2025-05-11T09:31:18.320+0000] {logging_mixin.py:188} INFO - [2025-05-11T09:31:18.320+0000] {dag.py:3096} INFO - Sync 1 DAGs
[2025-05-11T09:31:18.336+0000] {logging_mixin.py:188} INFO - [2025-05-11T09:31:18.336+0000] {dag.py:3118} INFO - Creating ORM DAG for example_branch_dop_operator_v3
[2025-05-11T09:31:18.355+0000] {logging_mixin.py:188} INFO - [2025-05-11T09:31:18.355+0000] {dag.py:3954} INFO - Setting next_dagrun for example_branch_dop_operator_v3 to 2025-05-11 09:30:00+00:00, run_after=2025-05-11 09:31:00+00:00
[2025-05-11T09:31:18.382+0000] {processor.py:183} INFO - Processing /home/airflow/.local/lib/python3.12/site-packages/airflow/example_dags/example_branch_python_dop_operator_3.py took 0.263 seconds
[2025-05-11T09:31:48.712+0000] {processor.py:161} INFO - Started process (PID=635) to work on /home/airflow/.local/lib/python3.12/site-packages/airflow/example_dags/example_branch_python_dop_operator_3.py
[2025-05-11T09:31:48.713+0000] {processor.py:830} INFO - Processing file /home/airflow/.local/lib/python3.12/site-packages/airflow/example_dags/example_branch_python_dop_operator_3.py for tasks to queue
[2025-05-11T09:31:48.715+0000] {logging_mixin.py:188} INFO - [2025-05-11T09:31:48.715+0000] {dagbag.py:545} INFO - Filling up the DagBag from /home/airflow/.local/lib/python3.12/site-packages/airflow/example_dags/example_branch_python_dop_operator_3.py
[2025-05-11T09:31:48.724+0000] {processor.py:840} INFO - DAG(s) 'example_branch_dop_operator_v3' retrieved from /home/airflow/.local/lib/python3.12/site-packages/airflow/example_dags/example_branch_python_dop_operator_3.py
[2025-05-11T09:31:48.743+0000] {logging_mixin.py:188} INFO - [2025-05-11T09:31:48.743+0000] {dag.py:3096} INFO - Sync 1 DAGs
[2025-05-11T09:31:48.766+0000] {logging_mixin.py:188} INFO - [2025-05-11T09:31:48.766+0000] {dag.py:3954} INFO - Setting next_dagrun for example_branch_dop_operator_v3 to 2025-05-11 09:30:00+00:00, run_after=2025-05-11 09:31:00+00:00
[2025-05-11T09:31:48.787+0000] {processor.py:183} INFO - Processing /home/airflow/.local/lib/python3.12/site-packages/airflow/example_dags/example_branch_python_dop_operator_3.py took 0.080 seconds
[2025-05-11T09:32:19.251+0000] {processor.py:161} INFO - Started process (PID=897) to work on /home/airflow/.local/lib/python3.12/site-packages/airflow/example_dags/example_branch_python_dop_operator_3.py
[2025-05-11T09:32:19.253+0000] {processor.py:830} INFO - Processing file /home/airflow/.local/lib/python3.12/site-packages/airflow/example_dags/example_branch_python_dop_operator_3.py for tasks to queue
[2025-05-11T09:32:19.255+0000] {logging_mixin.py:188} INFO - [2025-05-11T09:32:19.254+0000] {dagbag.py:545} INFO - Filling up the DagBag from /home/airflow/.local/lib/python3.12/site-packages/airflow/example_dags/example_branch_python_dop_operator_3.py
[2025-05-11T09:32:19.264+0000] {processor.py:840} INFO - DAG(s) 'example_branch_dop_operator_v3' retrieved from /home/airflow/.local/lib/python3.12/site-packages/airflow/example_dags/example_branch_python_dop_operator_3.py
[2025-05-11T09:32:19.282+0000] {logging_mixin.py:188} INFO - [2025-05-11T09:32:19.282+0000] {dag.py:3096} INFO - Sync 1 DAGs
[2025-05-11T09:32:19.309+0000] {logging_mixin.py:188} INFO - [2025-05-11T09:32:19.309+0000] {dag.py:3954} INFO - Setting next_dagrun for example_branch_dop_operator_v3 to 2025-05-11 09:31:00+00:00, run_after=2025-05-11 09:32:00+00:00
[2025-05-11T09:32:19.328+0000] {processor.py:183} INFO - Processing /home/airflow/.local/lib/python3.12/site-packages/airflow/example_dags/example_branch_python_dop_operator_3.py took 0.082 seconds
[2025-05-11T09:32:50.104+0000] {processor.py:161} INFO - Started process (PID=1159) to work on /home/airflow/.local/lib/python3.12/site-packages/airflow/example_dags/example_branch_python_dop_operator_3.py
[2025-05-11T09:32:50.104+0000] {processor.py:830} INFO - Processing file /home/airflow/.local/lib/python3.12/site-packages/airflow/example_dags/example_branch_python_dop_operator_3.py for tasks to queue
[2025-05-11T09:32:50.106+0000] {logging_mixin.py:188} INFO - [2025-05-11T09:32:50.106+0000] {dagbag.py:545} INFO - Filling up the DagBag from /home/airflow/.local/lib/python3.12/site-packages/airflow/example_dags/example_branch_python_dop_operator_3.py
[2025-05-11T09:32:50.114+0000] {processor.py:840} INFO - DAG(s) 'example_branch_dop_operator_v3' retrieved from /home/airflow/.local/lib/python3.12/site-packages/airflow/example_dags/example_branch_python_dop_operator_3.py
[2025-05-11T09:32:50.131+0000] {logging_mixin.py:188} INFO - [2025-05-11T09:32:50.131+0000] {dag.py:3096} INFO - Sync 1 DAGs
[2025-05-11T09:32:50.153+0000] {logging_mixin.py:188} INFO - [2025-05-11T09:32:50.153+0000] {dag.py:3954} INFO - Setting next_dagrun for example_branch_dop_operator_v3 to 2025-05-11 09:31:00+00:00, run_after=2025-05-11 09:32:00+00:00
[2025-05-11T09:32:50.172+0000] {processor.py:183} INFO - Processing /home/airflow/.local/lib/python3.12/site-packages/airflow/example_dags/example_branch_python_dop_operator_3.py took 0.073 seconds
[2025-05-11T09:33:20.888+0000] {processor.py:161} INFO - Started process (PID=1420) to work on /home/airflow/.local/lib/python3.12/site-packages/airflow/example_dags/example_branch_python_dop_operator_3.py
[2025-05-11T09:33:20.889+0000] {processor.py:830} INFO - Processing file /home/airflow/.local/lib/python3.12/site-packages/airflow/example_dags/example_branch_python_dop_operator_3.py for tasks to queue
[2025-05-11T09:33:20.892+0000] {logging_mixin.py:188} INFO - [2025-05-11T09:33:20.891+0000] {dagbag.py:545} INFO - Filling up the DagBag from /home/airflow/.local/lib/python3.12/site-packages/airflow/example_dags/example_branch_python_dop_operator_3.py
[2025-05-11T09:33:20.902+0000] {processor.py:840} INFO - DAG(s) 'example_branch_dop_operator_v3' retrieved from /home/airflow/.local/lib/python3.12/site-packages/airflow/example_dags/example_branch_python_dop_operator_3.py
[2025-05-11T09:33:20.926+0000] {logging_mixin.py:188} INFO - [2025-05-11T09:33:20.926+0000] {dag.py:3096} INFO - Sync 1 DAGs
[2025-05-11T09:33:20.961+0000] {logging_mixin.py:188} INFO - [2025-05-11T09:33:20.961+0000] {dag.py:3954} INFO - Setting next_dagrun for example_branch_dop_operator_v3 to 2025-05-11 09:32:00+00:00, run_after=2025-05-11 09:33:00+00:00
[2025-05-11T09:33:20.988+0000] {processor.py:183} INFO - Processing /home/airflow/.local/lib/python3.12/site-packages/airflow/example_dags/example_branch_python_dop_operator_3.py took 0.107 seconds
