[2025-05-11T09:31:14.374+0000] {processor.py:161} INFO - Started process (PID=233) to work on /home/airflow/.local/lib/python3.12/site-packages/airflow/example_dags/example_latest_only.py
[2025-05-11T09:31:14.375+0000] {processor.py:830} INFO - Processing file /home/airflow/.local/lib/python3.12/site-packages/airflow/example_dags/example_latest_only.py for tasks to queue
[2025-05-11T09:31:14.378+0000] {logging_mixin.py:188} INFO - [2025-05-11T09:31:14.378+0000] {dagbag.py:545} INFO - Filling up the DagBag from /home/airflow/.local/lib/python3.12/site-packages/airflow/example_dags/example_latest_only.py
[2025-05-11T09:31:14.387+0000] {processor.py:840} INFO - DAG(s) 'latest_only' retrieved from /home/airflow/.local/lib/python3.12/site-packages/airflow/example_dags/example_latest_only.py
[2025-05-11T09:31:14.512+0000] {logging_mixin.py:188} INFO - [2025-05-11T09:31:14.511+0000] {override.py:1829} INFO - Created Permission View: can delete on DAG:latest_only
[2025-05-11T09:31:14.524+0000] {logging_mixin.py:188} INFO - [2025-05-11T09:31:14.523+0000] {override.py:1829} INFO - Created Permission View: can edit on DAG:latest_only
[2025-05-11T09:31:14.531+0000] {logging_mixin.py:188} INFO - [2025-05-11T09:31:14.531+0000] {override.py:1829} INFO - Created Permission View: can read on DAG:latest_only
[2025-05-11T09:31:14.532+0000] {logging_mixin.py:188} INFO - [2025-05-11T09:31:14.532+0000] {dag.py:3096} INFO - Sync 1 DAGs
[2025-05-11T09:31:14.543+0000] {logging_mixin.py:188} INFO - [2025-05-11T09:31:14.542+0000] {dag.py:3118} INFO - Creating ORM DAG for latest_only
[2025-05-11T09:31:14.553+0000] {logging_mixin.py:188} INFO - [2025-05-11T09:31:14.553+0000] {dag.py:3954} INFO - Setting next_dagrun for latest_only to 2025-05-11 04:00:00+00:00, run_after=2025-05-11 08:00:00+00:00
[2025-05-11T09:31:14.570+0000] {processor.py:183} INFO - Processing /home/airflow/.local/lib/python3.12/site-packages/airflow/example_dags/example_latest_only.py took 0.202 seconds
[2025-05-11T09:31:44.956+0000] {processor.py:161} INFO - Started process (PID=495) to work on /home/airflow/.local/lib/python3.12/site-packages/airflow/example_dags/example_latest_only.py
[2025-05-11T09:31:44.957+0000] {processor.py:830} INFO - Processing file /home/airflow/.local/lib/python3.12/site-packages/airflow/example_dags/example_latest_only.py for tasks to queue
[2025-05-11T09:31:44.960+0000] {logging_mixin.py:188} INFO - [2025-05-11T09:31:44.959+0000] {dagbag.py:545} INFO - Filling up the DagBag from /home/airflow/.local/lib/python3.12/site-packages/airflow/example_dags/example_latest_only.py
[2025-05-11T09:31:44.967+0000] {processor.py:840} INFO - DAG(s) 'latest_only' retrieved from /home/airflow/.local/lib/python3.12/site-packages/airflow/example_dags/example_latest_only.py
[2025-05-11T09:31:44.992+0000] {logging_mixin.py:188} INFO - [2025-05-11T09:31:44.991+0000] {dag.py:3096} INFO - Sync 1 DAGs
[2025-05-11T09:31:45.022+0000] {logging_mixin.py:188} INFO - [2025-05-11T09:31:45.022+0000] {dag.py:3954} INFO - Setting next_dagrun for latest_only to 2025-05-11 04:00:00+00:00, run_after=2025-05-11 08:00:00+00:00
[2025-05-11T09:31:45.054+0000] {processor.py:183} INFO - Processing /home/airflow/.local/lib/python3.12/site-packages/airflow/example_dags/example_latest_only.py took 0.107 seconds
[2025-05-11T09:32:15.146+0000] {processor.py:161} INFO - Started process (PID=759) to work on /home/airflow/.local/lib/python3.12/site-packages/airflow/example_dags/example_latest_only.py
[2025-05-11T09:32:15.147+0000] {processor.py:830} INFO - Processing file /home/airflow/.local/lib/python3.12/site-packages/airflow/example_dags/example_latest_only.py for tasks to queue
[2025-05-11T09:32:15.149+0000] {logging_mixin.py:188} INFO - [2025-05-11T09:32:15.148+0000] {dagbag.py:545} INFO - Filling up the DagBag from /home/airflow/.local/lib/python3.12/site-packages/airflow/example_dags/example_latest_only.py
[2025-05-11T09:32:15.153+0000] {processor.py:840} INFO - DAG(s) 'latest_only' retrieved from /home/airflow/.local/lib/python3.12/site-packages/airflow/example_dags/example_latest_only.py
[2025-05-11T09:32:15.170+0000] {logging_mixin.py:188} INFO - [2025-05-11T09:32:15.169+0000] {dag.py:3096} INFO - Sync 1 DAGs
[2025-05-11T09:32:15.191+0000] {logging_mixin.py:188} INFO - [2025-05-11T09:32:15.191+0000] {dag.py:3954} INFO - Setting next_dagrun for latest_only to 2025-05-11 04:00:00+00:00, run_after=2025-05-11 08:00:00+00:00
[2025-05-11T09:32:15.211+0000] {processor.py:183} INFO - Processing /home/airflow/.local/lib/python3.12/site-packages/airflow/example_dags/example_latest_only.py took 0.070 seconds
[2025-05-11T09:32:45.468+0000] {processor.py:161} INFO - Started process (PID=1019) to work on /home/airflow/.local/lib/python3.12/site-packages/airflow/example_dags/example_latest_only.py
[2025-05-11T09:32:45.469+0000] {processor.py:830} INFO - Processing file /home/airflow/.local/lib/python3.12/site-packages/airflow/example_dags/example_latest_only.py for tasks to queue
[2025-05-11T09:32:45.471+0000] {logging_mixin.py:188} INFO - [2025-05-11T09:32:45.471+0000] {dagbag.py:545} INFO - Filling up the DagBag from /home/airflow/.local/lib/python3.12/site-packages/airflow/example_dags/example_latest_only.py
[2025-05-11T09:32:45.476+0000] {processor.py:840} INFO - DAG(s) 'latest_only' retrieved from /home/airflow/.local/lib/python3.12/site-packages/airflow/example_dags/example_latest_only.py
[2025-05-11T09:32:45.497+0000] {logging_mixin.py:188} INFO - [2025-05-11T09:32:45.497+0000] {dag.py:3096} INFO - Sync 1 DAGs
[2025-05-11T09:32:45.519+0000] {logging_mixin.py:188} INFO - [2025-05-11T09:32:45.519+0000] {dag.py:3954} INFO - Setting next_dagrun for latest_only to 2025-05-11 04:00:00+00:00, run_after=2025-05-11 08:00:00+00:00
[2025-05-11T09:32:45.537+0000] {processor.py:183} INFO - Processing /home/airflow/.local/lib/python3.12/site-packages/airflow/example_dags/example_latest_only.py took 0.074 seconds
[2025-05-11T09:33:16.361+0000] {processor.py:161} INFO - Started process (PID=1282) to work on /home/airflow/.local/lib/python3.12/site-packages/airflow/example_dags/example_latest_only.py
[2025-05-11T09:33:16.362+0000] {processor.py:830} INFO - Processing file /home/airflow/.local/lib/python3.12/site-packages/airflow/example_dags/example_latest_only.py for tasks to queue
[2025-05-11T09:33:16.364+0000] {logging_mixin.py:188} INFO - [2025-05-11T09:33:16.364+0000] {dagbag.py:545} INFO - Filling up the DagBag from /home/airflow/.local/lib/python3.12/site-packages/airflow/example_dags/example_latest_only.py
[2025-05-11T09:33:16.368+0000] {processor.py:840} INFO - DAG(s) 'latest_only' retrieved from /home/airflow/.local/lib/python3.12/site-packages/airflow/example_dags/example_latest_only.py
[2025-05-11T09:33:16.385+0000] {logging_mixin.py:188} INFO - [2025-05-11T09:33:16.385+0000] {dag.py:3096} INFO - Sync 1 DAGs
[2025-05-11T09:33:16.404+0000] {logging_mixin.py:188} INFO - [2025-05-11T09:33:16.404+0000] {dag.py:3954} INFO - Setting next_dagrun for latest_only to 2025-05-11 04:00:00+00:00, run_after=2025-05-11 08:00:00+00:00
[2025-05-11T09:33:16.419+0000] {processor.py:183} INFO - Processing /home/airflow/.local/lib/python3.12/site-packages/airflow/example_dags/example_latest_only.py took 0.063 seconds
