[2025-05-11T09:31:13.409+0000] {processor.py:161} INFO - Started process (PID=193) to work on /home/airflow/.local/lib/python3.12/site-packages/airflow/example_dags/example_display_name.py
[2025-05-11T09:31:13.410+0000] {processor.py:830} INFO - Processing file /home/airflow/.local/lib/python3.12/site-packages/airflow/example_dags/example_display_name.py for tasks to queue
[2025-05-11T09:31:13.412+0000] {logging_mixin.py:188} INFO - [2025-05-11T09:31:13.412+0000] {dagbag.py:545} INFO - Filling up the DagBag from /home/airflow/.local/lib/python3.12/site-packages/airflow/example_dags/example_display_name.py
[2025-05-11T09:31:13.421+0000] {processor.py:840} INFO - DAG(s) 'example_display_name' retrieved from /home/airflow/.local/lib/python3.12/site-packages/airflow/example_dags/example_display_name.py
[2025-05-11T09:31:13.564+0000] {logging_mixin.py:188} INFO - [2025-05-11T09:31:13.563+0000] {override.py:1829} INFO - Created Permission View: can delete on DAG:example_display_name
[2025-05-11T09:31:13.577+0000] {logging_mixin.py:188} INFO - [2025-05-11T09:31:13.576+0000] {override.py:1829} INFO - Created Permission View: can edit on DAG:example_display_name
[2025-05-11T09:31:13.586+0000] {logging_mixin.py:188} INFO - [2025-05-11T09:31:13.585+0000] {override.py:1829} INFO - Created Permission View: can read on DAG:example_display_name
[2025-05-11T09:31:13.587+0000] {logging_mixin.py:188} INFO - [2025-05-11T09:31:13.587+0000] {dag.py:3096} INFO - Sync 1 DAGs
[2025-05-11T09:31:13.605+0000] {logging_mixin.py:188} INFO - [2025-05-11T09:31:13.604+0000] {dag.py:3118} INFO - Creating ORM DAG for example_display_name
[2025-05-11T09:31:13.606+0000] {logging_mixin.py:188} INFO - [2025-05-11T09:31:13.606+0000] {dag.py:3954} INFO - Setting next_dagrun for example_display_name to None, run_after=None
[2025-05-11T09:31:13.631+0000] {processor.py:183} INFO - Processing /home/airflow/.local/lib/python3.12/site-packages/airflow/example_dags/example_display_name.py took 0.227 seconds
[2025-05-11T09:31:44.399+0000] {processor.py:161} INFO - Started process (PID=455) to work on /home/airflow/.local/lib/python3.12/site-packages/airflow/example_dags/example_display_name.py
[2025-05-11T09:31:44.400+0000] {processor.py:830} INFO - Processing file /home/airflow/.local/lib/python3.12/site-packages/airflow/example_dags/example_display_name.py for tasks to queue
[2025-05-11T09:31:44.403+0000] {logging_mixin.py:188} INFO - [2025-05-11T09:31:44.402+0000] {dagbag.py:545} INFO - Filling up the DagBag from /home/airflow/.local/lib/python3.12/site-packages/airflow/example_dags/example_display_name.py
[2025-05-11T09:31:44.412+0000] {processor.py:840} INFO - DAG(s) 'example_display_name' retrieved from /home/airflow/.local/lib/python3.12/site-packages/airflow/example_dags/example_display_name.py
[2025-05-11T09:31:44.432+0000] {logging_mixin.py:188} INFO - [2025-05-11T09:31:44.432+0000] {dag.py:3096} INFO - Sync 1 DAGs
[2025-05-11T09:31:44.446+0000] {logging_mixin.py:188} INFO - [2025-05-11T09:31:44.446+0000] {dag.py:3954} INFO - Setting next_dagrun for example_display_name to None, run_after=None
[2025-05-11T09:31:44.468+0000] {processor.py:183} INFO - Processing /home/airflow/.local/lib/python3.12/site-packages/airflow/example_dags/example_display_name.py took 0.076 seconds
[2025-05-11T09:32:14.521+0000] {processor.py:161} INFO - Started process (PID=719) to work on /home/airflow/.local/lib/python3.12/site-packages/airflow/example_dags/example_display_name.py
[2025-05-11T09:32:14.522+0000] {processor.py:830} INFO - Processing file /home/airflow/.local/lib/python3.12/site-packages/airflow/example_dags/example_display_name.py for tasks to queue
[2025-05-11T09:32:14.524+0000] {logging_mixin.py:188} INFO - [2025-05-11T09:32:14.523+0000] {dagbag.py:545} INFO - Filling up the DagBag from /home/airflow/.local/lib/python3.12/site-packages/airflow/example_dags/example_display_name.py
[2025-05-11T09:32:14.529+0000] {processor.py:840} INFO - DAG(s) 'example_display_name' retrieved from /home/airflow/.local/lib/python3.12/site-packages/airflow/example_dags/example_display_name.py
[2025-05-11T09:32:14.546+0000] {logging_mixin.py:188} INFO - [2025-05-11T09:32:14.546+0000] {dag.py:3096} INFO - Sync 1 DAGs
[2025-05-11T09:32:14.557+0000] {logging_mixin.py:188} INFO - [2025-05-11T09:32:14.557+0000] {dag.py:3954} INFO - Setting next_dagrun for example_display_name to None, run_after=None
[2025-05-11T09:32:14.573+0000] {processor.py:183} INFO - Processing /home/airflow/.local/lib/python3.12/site-packages/airflow/example_dags/example_display_name.py took 0.057 seconds
[2025-05-11T09:32:45.097+0000] {processor.py:161} INFO - Started process (PID=981) to work on /home/airflow/.local/lib/python3.12/site-packages/airflow/example_dags/example_display_name.py
[2025-05-11T09:32:45.098+0000] {processor.py:830} INFO - Processing file /home/airflow/.local/lib/python3.12/site-packages/airflow/example_dags/example_display_name.py for tasks to queue
[2025-05-11T09:32:45.100+0000] {logging_mixin.py:188} INFO - [2025-05-11T09:32:45.100+0000] {dagbag.py:545} INFO - Filling up the DagBag from /home/airflow/.local/lib/python3.12/site-packages/airflow/example_dags/example_display_name.py
[2025-05-11T09:32:45.106+0000] {processor.py:840} INFO - DAG(s) 'example_display_name' retrieved from /home/airflow/.local/lib/python3.12/site-packages/airflow/example_dags/example_display_name.py
[2025-05-11T09:32:45.127+0000] {logging_mixin.py:188} INFO - [2025-05-11T09:32:45.126+0000] {dag.py:3096} INFO - Sync 1 DAGs
[2025-05-11T09:32:45.140+0000] {logging_mixin.py:188} INFO - [2025-05-11T09:32:45.140+0000] {dag.py:3954} INFO - Setting next_dagrun for example_display_name to None, run_after=None
[2025-05-11T09:32:45.162+0000] {processor.py:183} INFO - Processing /home/airflow/.local/lib/python3.12/site-packages/airflow/example_dags/example_display_name.py took 0.070 seconds
[2025-05-11T09:33:15.834+0000] {processor.py:161} INFO - Started process (PID=1240) to work on /home/airflow/.local/lib/python3.12/site-packages/airflow/example_dags/example_display_name.py
[2025-05-11T09:33:15.835+0000] {processor.py:830} INFO - Processing file /home/airflow/.local/lib/python3.12/site-packages/airflow/example_dags/example_display_name.py for tasks to queue
[2025-05-11T09:33:15.837+0000] {logging_mixin.py:188} INFO - [2025-05-11T09:33:15.836+0000] {dagbag.py:545} INFO - Filling up the DagBag from /home/airflow/.local/lib/python3.12/site-packages/airflow/example_dags/example_display_name.py
[2025-05-11T09:33:15.842+0000] {processor.py:840} INFO - DAG(s) 'example_display_name' retrieved from /home/airflow/.local/lib/python3.12/site-packages/airflow/example_dags/example_display_name.py
[2025-05-11T09:33:15.858+0000] {logging_mixin.py:188} INFO - [2025-05-11T09:33:15.858+0000] {dag.py:3096} INFO - Sync 1 DAGs
[2025-05-11T09:33:15.870+0000] {logging_mixin.py:188} INFO - [2025-05-11T09:33:15.870+0000] {dag.py:3954} INFO - Setting next_dagrun for example_display_name to None, run_after=None
[2025-05-11T09:33:15.887+0000] {processor.py:183} INFO - Processing /home/airflow/.local/lib/python3.12/site-packages/airflow/example_dags/example_display_name.py took 0.058 seconds
