[2025-05-11T09:31:15.933+0000] {processor.py:161} INFO - Started process (PID=288) to work on /home/airflow/.local/lib/python3.12/site-packages/airflow/example_dags/example_time_delta_sensor_async.py
[2025-05-11T09:31:15.934+0000] {processor.py:830} INFO - Processing file /home/airflow/.local/lib/python3.12/site-packages/airflow/example_dags/example_time_delta_sensor_async.py for tasks to queue
[2025-05-11T09:31:15.937+0000] {logging_mixin.py:188} INFO - [2025-05-11T09:31:15.936+0000] {dagbag.py:545} INFO - Filling up the DagBag from /home/airflow/.local/lib/python3.12/site-packages/airflow/example_dags/example_time_delta_sensor_async.py
[2025-05-11T09:31:15.946+0000] {processor.py:840} INFO - DAG(s) 'example_time_delta_sensor_async' retrieved from /home/airflow/.local/lib/python3.12/site-packages/airflow/example_dags/example_time_delta_sensor_async.py
[2025-05-11T09:31:16.083+0000] {logging_mixin.py:188} INFO - [2025-05-11T09:31:16.082+0000] {override.py:1829} INFO - Created Permission View: can delete on DAG:example_time_delta_sensor_async
[2025-05-11T09:31:16.098+0000] {logging_mixin.py:188} INFO - [2025-05-11T09:31:16.097+0000] {override.py:1829} INFO - Created Permission View: can edit on DAG:example_time_delta_sensor_async
[2025-05-11T09:31:16.106+0000] {logging_mixin.py:188} INFO - [2025-05-11T09:31:16.106+0000] {override.py:1829} INFO - Created Permission View: can read on DAG:example_time_delta_sensor_async
[2025-05-11T09:31:16.107+0000] {logging_mixin.py:188} INFO - [2025-05-11T09:31:16.107+0000] {dag.py:3096} INFO - Sync 1 DAGs
[2025-05-11T09:31:16.123+0000] {logging_mixin.py:188} INFO - [2025-05-11T09:31:16.123+0000] {dag.py:3118} INFO - Creating ORM DAG for example_time_delta_sensor_async
[2025-05-11T09:31:16.124+0000] {logging_mixin.py:188} INFO - [2025-05-11T09:31:16.124+0000] {dag.py:3954} INFO - Setting next_dagrun for example_time_delta_sensor_async to None, run_after=None
[2025-05-11T09:31:16.142+0000] {processor.py:183} INFO - Processing /home/airflow/.local/lib/python3.12/site-packages/airflow/example_dags/example_time_delta_sensor_async.py took 0.215 seconds
[2025-05-11T09:31:46.746+0000] {processor.py:161} INFO - Started process (PID=550) to work on /home/airflow/.local/lib/python3.12/site-packages/airflow/example_dags/example_time_delta_sensor_async.py
[2025-05-11T09:31:46.747+0000] {processor.py:830} INFO - Processing file /home/airflow/.local/lib/python3.12/site-packages/airflow/example_dags/example_time_delta_sensor_async.py for tasks to queue
[2025-05-11T09:31:46.749+0000] {logging_mixin.py:188} INFO - [2025-05-11T09:31:46.749+0000] {dagbag.py:545} INFO - Filling up the DagBag from /home/airflow/.local/lib/python3.12/site-packages/airflow/example_dags/example_time_delta_sensor_async.py
[2025-05-11T09:31:46.755+0000] {processor.py:840} INFO - DAG(s) 'example_time_delta_sensor_async' retrieved from /home/airflow/.local/lib/python3.12/site-packages/airflow/example_dags/example_time_delta_sensor_async.py
[2025-05-11T09:31:46.774+0000] {logging_mixin.py:188} INFO - [2025-05-11T09:31:46.774+0000] {dag.py:3096} INFO - Sync 1 DAGs
[2025-05-11T09:31:46.787+0000] {logging_mixin.py:188} INFO - [2025-05-11T09:31:46.786+0000] {dag.py:3954} INFO - Setting next_dagrun for example_time_delta_sensor_async to None, run_after=None
[2025-05-11T09:31:46.803+0000] {processor.py:183} INFO - Processing /home/airflow/.local/lib/python3.12/site-packages/airflow/example_dags/example_time_delta_sensor_async.py took 0.063 seconds
[2025-05-11T09:32:16.980+0000] {processor.py:161} INFO - Started process (PID=814) to work on /home/airflow/.local/lib/python3.12/site-packages/airflow/example_dags/example_time_delta_sensor_async.py
[2025-05-11T09:32:16.981+0000] {processor.py:830} INFO - Processing file /home/airflow/.local/lib/python3.12/site-packages/airflow/example_dags/example_time_delta_sensor_async.py for tasks to queue
[2025-05-11T09:32:16.983+0000] {logging_mixin.py:188} INFO - [2025-05-11T09:32:16.982+0000] {dagbag.py:545} INFO - Filling up the DagBag from /home/airflow/.local/lib/python3.12/site-packages/airflow/example_dags/example_time_delta_sensor_async.py
[2025-05-11T09:32:16.987+0000] {processor.py:840} INFO - DAG(s) 'example_time_delta_sensor_async' retrieved from /home/airflow/.local/lib/python3.12/site-packages/airflow/example_dags/example_time_delta_sensor_async.py
[2025-05-11T09:32:17.005+0000] {logging_mixin.py:188} INFO - [2025-05-11T09:32:17.005+0000] {dag.py:3096} INFO - Sync 1 DAGs
[2025-05-11T09:32:17.017+0000] {logging_mixin.py:188} INFO - [2025-05-11T09:32:17.016+0000] {dag.py:3954} INFO - Setting next_dagrun for example_time_delta_sensor_async to None, run_after=None
[2025-05-11T09:32:17.032+0000] {processor.py:183} INFO - Processing /home/airflow/.local/lib/python3.12/site-packages/airflow/example_dags/example_time_delta_sensor_async.py took 0.057 seconds
[2025-05-11T09:32:47.067+0000] {processor.py:161} INFO - Started process (PID=1074) to work on /home/airflow/.local/lib/python3.12/site-packages/airflow/example_dags/example_time_delta_sensor_async.py
[2025-05-11T09:32:47.069+0000] {processor.py:830} INFO - Processing file /home/airflow/.local/lib/python3.12/site-packages/airflow/example_dags/example_time_delta_sensor_async.py for tasks to queue
[2025-05-11T09:32:47.071+0000] {logging_mixin.py:188} INFO - [2025-05-11T09:32:47.071+0000] {dagbag.py:545} INFO - Filling up the DagBag from /home/airflow/.local/lib/python3.12/site-packages/airflow/example_dags/example_time_delta_sensor_async.py
[2025-05-11T09:32:47.076+0000] {processor.py:840} INFO - DAG(s) 'example_time_delta_sensor_async' retrieved from /home/airflow/.local/lib/python3.12/site-packages/airflow/example_dags/example_time_delta_sensor_async.py
[2025-05-11T09:32:47.097+0000] {logging_mixin.py:188} INFO - [2025-05-11T09:32:47.096+0000] {dag.py:3096} INFO - Sync 1 DAGs
[2025-05-11T09:32:47.108+0000] {logging_mixin.py:188} INFO - [2025-05-11T09:32:47.108+0000] {dag.py:3954} INFO - Setting next_dagrun for example_time_delta_sensor_async to None, run_after=None
[2025-05-11T09:32:47.123+0000] {processor.py:183} INFO - Processing /home/airflow/.local/lib/python3.12/site-packages/airflow/example_dags/example_time_delta_sensor_async.py took 0.061 seconds
[2025-05-11T09:33:17.991+0000] {processor.py:161} INFO - Started process (PID=1337) to work on /home/airflow/.local/lib/python3.12/site-packages/airflow/example_dags/example_time_delta_sensor_async.py
[2025-05-11T09:33:17.992+0000] {processor.py:830} INFO - Processing file /home/airflow/.local/lib/python3.12/site-packages/airflow/example_dags/example_time_delta_sensor_async.py for tasks to queue
[2025-05-11T09:33:17.994+0000] {logging_mixin.py:188} INFO - [2025-05-11T09:33:17.993+0000] {dagbag.py:545} INFO - Filling up the DagBag from /home/airflow/.local/lib/python3.12/site-packages/airflow/example_dags/example_time_delta_sensor_async.py
[2025-05-11T09:33:17.998+0000] {processor.py:840} INFO - DAG(s) 'example_time_delta_sensor_async' retrieved from /home/airflow/.local/lib/python3.12/site-packages/airflow/example_dags/example_time_delta_sensor_async.py
[2025-05-11T09:33:18.015+0000] {logging_mixin.py:188} INFO - [2025-05-11T09:33:18.015+0000] {dag.py:3096} INFO - Sync 1 DAGs
[2025-05-11T09:33:18.031+0000] {logging_mixin.py:188} INFO - [2025-05-11T09:33:18.030+0000] {dag.py:3954} INFO - Setting next_dagrun for example_time_delta_sensor_async to None, run_after=None
[2025-05-11T09:33:18.049+0000] {processor.py:183} INFO - Processing /home/airflow/.local/lib/python3.12/site-packages/airflow/example_dags/example_time_delta_sensor_async.py took 0.063 seconds
