[2025-05-11T09:31:18.572+0000] {processor.py:161} INFO - Started process (PID=388) to work on /home/airflow/.local/lib/python3.12/site-packages/airflow/example_dags/example_python_decorator.py
[2025-05-11T09:31:18.573+0000] {processor.py:830} INFO - Processing file /home/airflow/.local/lib/python3.12/site-packages/airflow/example_dags/example_python_decorator.py for tasks to queue
[2025-05-11T09:31:18.575+0000] {logging_mixin.py:188} INFO - [2025-05-11T09:31:18.574+0000] {dagbag.py:545} INFO - Filling up the DagBag from /home/airflow/.local/lib/python3.12/site-packages/airflow/example_dags/example_python_decorator.py
[2025-05-11T09:31:18.589+0000] {processor.py:840} INFO - DAG(s) 'example_python_decorator' retrieved from /home/airflow/.local/lib/python3.12/site-packages/airflow/example_dags/example_python_decorator.py
[2025-05-11T09:31:18.689+0000] {logging_mixin.py:188} INFO - [2025-05-11T09:31:18.688+0000] {override.py:1829} INFO - Created Permission View: can delete on DAG:example_python_decorator
[2025-05-11T09:31:18.699+0000] {logging_mixin.py:188} INFO - [2025-05-11T09:31:18.699+0000] {override.py:1829} INFO - Created Permission View: can edit on DAG:example_python_decorator
[2025-05-11T09:31:18.705+0000] {logging_mixin.py:188} INFO - [2025-05-11T09:31:18.705+0000] {override.py:1829} INFO - Created Permission View: can read on DAG:example_python_decorator
[2025-05-11T09:31:18.706+0000] {logging_mixin.py:188} INFO - [2025-05-11T09:31:18.705+0000] {dag.py:3096} INFO - Sync 1 DAGs
[2025-05-11T09:31:18.722+0000] {logging_mixin.py:188} INFO - [2025-05-11T09:31:18.722+0000] {dag.py:3118} INFO - Creating ORM DAG for example_python_decorator
[2025-05-11T09:31:18.723+0000] {logging_mixin.py:188} INFO - [2025-05-11T09:31:18.723+0000] {dag.py:3954} INFO - Setting next_dagrun for example_python_decorator to None, run_after=None
[2025-05-11T09:31:18.739+0000] {processor.py:183} INFO - Processing /home/airflow/.local/lib/python3.12/site-packages/airflow/example_dags/example_python_decorator.py took 0.174 seconds
[2025-05-11T09:31:48.928+0000] {processor.py:161} INFO - Started process (PID=655) to work on /home/airflow/.local/lib/python3.12/site-packages/airflow/example_dags/example_python_decorator.py
[2025-05-11T09:31:48.929+0000] {processor.py:830} INFO - Processing file /home/airflow/.local/lib/python3.12/site-packages/airflow/example_dags/example_python_decorator.py for tasks to queue
[2025-05-11T09:31:48.932+0000] {logging_mixin.py:188} INFO - [2025-05-11T09:31:48.931+0000] {dagbag.py:545} INFO - Filling up the DagBag from /home/airflow/.local/lib/python3.12/site-packages/airflow/example_dags/example_python_decorator.py
[2025-05-11T09:31:48.945+0000] {processor.py:840} INFO - DAG(s) 'example_python_decorator' retrieved from /home/airflow/.local/lib/python3.12/site-packages/airflow/example_dags/example_python_decorator.py
[2025-05-11T09:31:48.968+0000] {logging_mixin.py:188} INFO - [2025-05-11T09:31:48.967+0000] {dag.py:3096} INFO - Sync 1 DAGs
[2025-05-11T09:31:48.982+0000] {logging_mixin.py:188} INFO - [2025-05-11T09:31:48.982+0000] {dag.py:3954} INFO - Setting next_dagrun for example_python_decorator to None, run_after=None
[2025-05-11T09:31:49.005+0000] {processor.py:183} INFO - Processing /home/airflow/.local/lib/python3.12/site-packages/airflow/example_dags/example_python_decorator.py took 0.083 seconds
[2025-05-11T09:32:19.480+0000] {processor.py:161} INFO - Started process (PID=914) to work on /home/airflow/.local/lib/python3.12/site-packages/airflow/example_dags/example_python_decorator.py
[2025-05-11T09:32:19.481+0000] {processor.py:830} INFO - Processing file /home/airflow/.local/lib/python3.12/site-packages/airflow/example_dags/example_python_decorator.py for tasks to queue
[2025-05-11T09:32:19.485+0000] {logging_mixin.py:188} INFO - [2025-05-11T09:32:19.484+0000] {dagbag.py:545} INFO - Filling up the DagBag from /home/airflow/.local/lib/python3.12/site-packages/airflow/example_dags/example_python_decorator.py
[2025-05-11T09:32:19.500+0000] {processor.py:840} INFO - DAG(s) 'example_python_decorator' retrieved from /home/airflow/.local/lib/python3.12/site-packages/airflow/example_dags/example_python_decorator.py
[2025-05-11T09:32:19.528+0000] {logging_mixin.py:188} INFO - [2025-05-11T09:32:19.528+0000] {dag.py:3096} INFO - Sync 1 DAGs
[2025-05-11T09:32:19.544+0000] {logging_mixin.py:188} INFO - [2025-05-11T09:32:19.543+0000] {dag.py:3954} INFO - Setting next_dagrun for example_python_decorator to None, run_after=None
[2025-05-11T09:32:19.577+0000] {processor.py:183} INFO - Processing /home/airflow/.local/lib/python3.12/site-packages/airflow/example_dags/example_python_decorator.py took 0.106 seconds
[2025-05-11T09:32:50.259+0000] {processor.py:161} INFO - Started process (PID=1174) to work on /home/airflow/.local/lib/python3.12/site-packages/airflow/example_dags/example_python_decorator.py
[2025-05-11T09:32:50.260+0000] {processor.py:830} INFO - Processing file /home/airflow/.local/lib/python3.12/site-packages/airflow/example_dags/example_python_decorator.py for tasks to queue
[2025-05-11T09:32:50.263+0000] {logging_mixin.py:188} INFO - [2025-05-11T09:32:50.262+0000] {dagbag.py:545} INFO - Filling up the DagBag from /home/airflow/.local/lib/python3.12/site-packages/airflow/example_dags/example_python_decorator.py
[2025-05-11T09:32:50.277+0000] {processor.py:840} INFO - DAG(s) 'example_python_decorator' retrieved from /home/airflow/.local/lib/python3.12/site-packages/airflow/example_dags/example_python_decorator.py
[2025-05-11T09:32:50.301+0000] {logging_mixin.py:188} INFO - [2025-05-11T09:32:50.301+0000] {dag.py:3096} INFO - Sync 1 DAGs
[2025-05-11T09:32:50.317+0000] {logging_mixin.py:188} INFO - [2025-05-11T09:32:50.316+0000] {dag.py:3954} INFO - Setting next_dagrun for example_python_decorator to None, run_after=None
[2025-05-11T09:32:50.334+0000] {processor.py:183} INFO - Processing /home/airflow/.local/lib/python3.12/site-packages/airflow/example_dags/example_python_decorator.py took 0.081 seconds
[2025-05-11T09:33:21.096+0000] {processor.py:161} INFO - Started process (PID=1435) to work on /home/airflow/.local/lib/python3.12/site-packages/airflow/example_dags/example_python_decorator.py
[2025-05-11T09:33:21.097+0000] {processor.py:830} INFO - Processing file /home/airflow/.local/lib/python3.12/site-packages/airflow/example_dags/example_python_decorator.py for tasks to queue
[2025-05-11T09:33:21.099+0000] {logging_mixin.py:188} INFO - [2025-05-11T09:33:21.099+0000] {dagbag.py:545} INFO - Filling up the DagBag from /home/airflow/.local/lib/python3.12/site-packages/airflow/example_dags/example_python_decorator.py
[2025-05-11T09:33:21.112+0000] {processor.py:840} INFO - DAG(s) 'example_python_decorator' retrieved from /home/airflow/.local/lib/python3.12/site-packages/airflow/example_dags/example_python_decorator.py
[2025-05-11T09:33:21.134+0000] {logging_mixin.py:188} INFO - [2025-05-11T09:33:21.134+0000] {dag.py:3096} INFO - Sync 1 DAGs
[2025-05-11T09:33:21.148+0000] {logging_mixin.py:188} INFO - [2025-05-11T09:33:21.148+0000] {dag.py:3954} INFO - Setting next_dagrun for example_python_decorator to None, run_after=None
[2025-05-11T09:33:21.170+0000] {processor.py:183} INFO - Processing /home/airflow/.local/lib/python3.12/site-packages/airflow/example_dags/example_python_decorator.py took 0.081 seconds
