[2025-05-11T09:31:14.680+0000] {processor.py:161} INFO - Started process (PID=248) to work on /home/airflow/.local/lib/python3.12/site-packages/airflow/example_dags/example_branch_operator.py
[2025-05-11T09:31:14.682+0000] {processor.py:830} INFO - Processing file /home/airflow/.local/lib/python3.12/site-packages/airflow/example_dags/example_branch_operator.py for tasks to queue
[2025-05-11T09:31:14.684+0000] {logging_mixin.py:188} INFO - [2025-05-11T09:31:14.683+0000] {dagbag.py:545} INFO - Filling up the DagBag from /home/airflow/.local/lib/python3.12/site-packages/airflow/example_dags/example_branch_operator.py
[2025-05-11T09:31:14.708+0000] {processor.py:840} INFO - DAG(s) 'example_branch_operator' retrieved from /home/airflow/.local/lib/python3.12/site-packages/airflow/example_dags/example_branch_operator.py
[2025-05-11T09:31:14.857+0000] {logging_mixin.py:188} INFO - [2025-05-11T09:31:14.856+0000] {override.py:1829} INFO - Created Permission View: can delete on DAG:example_branch_operator
[2025-05-11T09:31:14.872+0000] {logging_mixin.py:188} INFO - [2025-05-11T09:31:14.872+0000] {override.py:1829} INFO - Created Permission View: can edit on DAG:example_branch_operator
[2025-05-11T09:31:14.886+0000] {logging_mixin.py:188} INFO - [2025-05-11T09:31:14.885+0000] {override.py:1829} INFO - Created Permission View: can read on DAG:example_branch_operator
[2025-05-11T09:31:14.887+0000] {logging_mixin.py:188} INFO - [2025-05-11T09:31:14.886+0000] {dag.py:3096} INFO - Sync 1 DAGs
[2025-05-11T09:31:14.913+0000] {logging_mixin.py:188} INFO - [2025-05-11T09:31:14.913+0000] {dag.py:3118} INFO - Creating ORM DAG for example_branch_operator
[2025-05-11T09:31:14.942+0000] {logging_mixin.py:188} INFO - [2025-05-11T09:31:14.941+0000] {dag.py:3954} INFO - Setting next_dagrun for example_branch_operator to 2025-05-10 00:00:00+00:00, run_after=2025-05-11 00:00:00+00:00
[2025-05-11T09:31:14.972+0000] {processor.py:183} INFO - Processing /home/airflow/.local/lib/python3.12/site-packages/airflow/example_dags/example_branch_operator.py took 0.299 seconds
[2025-05-11T09:31:45.166+0000] {processor.py:161} INFO - Started process (PID=510) to work on /home/airflow/.local/lib/python3.12/site-packages/airflow/example_dags/example_branch_operator.py
[2025-05-11T09:31:45.167+0000] {processor.py:830} INFO - Processing file /home/airflow/.local/lib/python3.12/site-packages/airflow/example_dags/example_branch_operator.py for tasks to queue
[2025-05-11T09:31:45.170+0000] {logging_mixin.py:188} INFO - [2025-05-11T09:31:45.169+0000] {dagbag.py:545} INFO - Filling up the DagBag from /home/airflow/.local/lib/python3.12/site-packages/airflow/example_dags/example_branch_operator.py
[2025-05-11T09:31:45.190+0000] {processor.py:840} INFO - DAG(s) 'example_branch_operator' retrieved from /home/airflow/.local/lib/python3.12/site-packages/airflow/example_dags/example_branch_operator.py
[2025-05-11T09:31:45.228+0000] {logging_mixin.py:188} INFO - [2025-05-11T09:31:45.228+0000] {dag.py:3096} INFO - Sync 1 DAGs
[2025-05-11T09:31:45.270+0000] {logging_mixin.py:188} INFO - [2025-05-11T09:31:45.269+0000] {dag.py:3954} INFO - Setting next_dagrun for example_branch_operator to 2025-05-10 00:00:00+00:00, run_after=2025-05-11 00:00:00+00:00
[2025-05-11T09:31:45.307+0000] {processor.py:183} INFO - Processing /home/airflow/.local/lib/python3.12/site-packages/airflow/example_dags/example_branch_operator.py took 0.148 seconds
[2025-05-11T09:32:15.422+0000] {processor.py:161} INFO - Started process (PID=774) to work on /home/airflow/.local/lib/python3.12/site-packages/airflow/example_dags/example_branch_operator.py
[2025-05-11T09:32:15.423+0000] {processor.py:830} INFO - Processing file /home/airflow/.local/lib/python3.12/site-packages/airflow/example_dags/example_branch_operator.py for tasks to queue
[2025-05-11T09:32:15.426+0000] {logging_mixin.py:188} INFO - [2025-05-11T09:32:15.425+0000] {dagbag.py:545} INFO - Filling up the DagBag from /home/airflow/.local/lib/python3.12/site-packages/airflow/example_dags/example_branch_operator.py
[2025-05-11T09:32:15.446+0000] {processor.py:840} INFO - DAG(s) 'example_branch_operator' retrieved from /home/airflow/.local/lib/python3.12/site-packages/airflow/example_dags/example_branch_operator.py
[2025-05-11T09:32:15.475+0000] {logging_mixin.py:188} INFO - [2025-05-11T09:32:15.475+0000] {dag.py:3096} INFO - Sync 1 DAGs
[2025-05-11T09:32:15.497+0000] {logging_mixin.py:188} INFO - [2025-05-11T09:32:15.497+0000] {dag.py:3954} INFO - Setting next_dagrun for example_branch_operator to 2025-05-10 00:00:00+00:00, run_after=2025-05-11 00:00:00+00:00
[2025-05-11T09:32:15.517+0000] {processor.py:183} INFO - Processing /home/airflow/.local/lib/python3.12/site-packages/airflow/example_dags/example_branch_operator.py took 0.101 seconds
[2025-05-11T09:32:45.592+0000] {processor.py:161} INFO - Started process (PID=1034) to work on /home/airflow/.local/lib/python3.12/site-packages/airflow/example_dags/example_branch_operator.py
[2025-05-11T09:32:45.593+0000] {processor.py:830} INFO - Processing file /home/airflow/.local/lib/python3.12/site-packages/airflow/example_dags/example_branch_operator.py for tasks to queue
[2025-05-11T09:32:45.595+0000] {logging_mixin.py:188} INFO - [2025-05-11T09:32:45.594+0000] {dagbag.py:545} INFO - Filling up the DagBag from /home/airflow/.local/lib/python3.12/site-packages/airflow/example_dags/example_branch_operator.py
[2025-05-11T09:32:45.609+0000] {processor.py:840} INFO - DAG(s) 'example_branch_operator' retrieved from /home/airflow/.local/lib/python3.12/site-packages/airflow/example_dags/example_branch_operator.py
[2025-05-11T09:32:45.642+0000] {logging_mixin.py:188} INFO - [2025-05-11T09:32:45.642+0000] {dag.py:3096} INFO - Sync 1 DAGs
[2025-05-11T09:32:45.669+0000] {logging_mixin.py:188} INFO - [2025-05-11T09:32:45.668+0000] {dag.py:3954} INFO - Setting next_dagrun for example_branch_operator to 2025-05-10 00:00:00+00:00, run_after=2025-05-11 00:00:00+00:00
[2025-05-11T09:32:45.700+0000] {processor.py:183} INFO - Processing /home/airflow/.local/lib/python3.12/site-packages/airflow/example_dags/example_branch_operator.py took 0.114 seconds
[2025-05-11T09:33:16.534+0000] {processor.py:161} INFO - Started process (PID=1295) to work on /home/airflow/.local/lib/python3.12/site-packages/airflow/example_dags/example_branch_operator.py
[2025-05-11T09:33:16.534+0000] {processor.py:830} INFO - Processing file /home/airflow/.local/lib/python3.12/site-packages/airflow/example_dags/example_branch_operator.py for tasks to queue
[2025-05-11T09:33:16.536+0000] {logging_mixin.py:188} INFO - [2025-05-11T09:33:16.536+0000] {dagbag.py:545} INFO - Filling up the DagBag from /home/airflow/.local/lib/python3.12/site-packages/airflow/example_dags/example_branch_operator.py
[2025-05-11T09:33:16.553+0000] {processor.py:840} INFO - DAG(s) 'example_branch_operator' retrieved from /home/airflow/.local/lib/python3.12/site-packages/airflow/example_dags/example_branch_operator.py
[2025-05-11T09:33:16.584+0000] {logging_mixin.py:188} INFO - [2025-05-11T09:33:16.583+0000] {dag.py:3096} INFO - Sync 1 DAGs
[2025-05-11T09:33:16.607+0000] {logging_mixin.py:188} INFO - [2025-05-11T09:33:16.607+0000] {dag.py:3954} INFO - Setting next_dagrun for example_branch_operator to 2025-05-10 00:00:00+00:00, run_after=2025-05-11 00:00:00+00:00
[2025-05-11T09:33:16.625+0000] {processor.py:183} INFO - Processing /home/airflow/.local/lib/python3.12/site-packages/airflow/example_dags/example_branch_operator.py took 0.097 seconds
