[2025-05-11T09:31:13.451+0000] {processor.py:161} INFO - Started process (PID=198) to work on /home/airflow/.local/lib/python3.12/site-packages/airflow/example_dags/example_local_kubernetes_executor.py
[2025-05-11T09:31:13.452+0000] {processor.py:830} INFO - Processing file /home/airflow/.local/lib/python3.12/site-packages/airflow/example_dags/example_local_kubernetes_executor.py for tasks to queue
[2025-05-11T09:31:13.455+0000] {logging_mixin.py:188} INFO - [2025-05-11T09:31:13.454+0000] {dagbag.py:545} INFO - Filling up the DagBag from /home/airflow/.local/lib/python3.12/site-packages/airflow/example_dags/example_local_kubernetes_executor.py
[2025-05-11T09:31:13.463+0000] {processor.py:840} INFO - DAG(s) 'example_local_kubernetes_executor' retrieved from /home/airflow/.local/lib/python3.12/site-packages/airflow/example_dags/example_local_kubernetes_executor.py
[2025-05-11T09:31:13.617+0000] {logging_mixin.py:188} INFO - [2025-05-11T09:31:13.616+0000] {override.py:1829} INFO - Created Permission View: can delete on DAG:example_local_kubernetes_executor
[2025-05-11T09:31:13.635+0000] {logging_mixin.py:188} INFO - [2025-05-11T09:31:13.634+0000] {override.py:1829} INFO - Created Permission View: can edit on DAG:example_local_kubernetes_executor
[2025-05-11T09:31:13.651+0000] {logging_mixin.py:188} INFO - [2025-05-11T09:31:13.650+0000] {override.py:1829} INFO - Created Permission View: can read on DAG:example_local_kubernetes_executor
[2025-05-11T09:31:13.652+0000] {logging_mixin.py:188} INFO - [2025-05-11T09:31:13.651+0000] {dag.py:3096} INFO - Sync 1 DAGs
[2025-05-11T09:31:13.672+0000] {logging_mixin.py:188} INFO - [2025-05-11T09:31:13.672+0000] {dag.py:3118} INFO - Creating ORM DAG for example_local_kubernetes_executor
[2025-05-11T09:31:13.675+0000] {logging_mixin.py:188} INFO - [2025-05-11T09:31:13.675+0000] {dag.py:3954} INFO - Setting next_dagrun for example_local_kubernetes_executor to None, run_after=None
[2025-05-11T09:31:13.707+0000] {processor.py:183} INFO - Processing /home/airflow/.local/lib/python3.12/site-packages/airflow/example_dags/example_local_kubernetes_executor.py took 0.261 seconds
[2025-05-11T09:31:44.421+0000] {processor.py:161} INFO - Started process (PID=460) to work on /home/airflow/.local/lib/python3.12/site-packages/airflow/example_dags/example_local_kubernetes_executor.py
[2025-05-11T09:31:44.422+0000] {processor.py:830} INFO - Processing file /home/airflow/.local/lib/python3.12/site-packages/airflow/example_dags/example_local_kubernetes_executor.py for tasks to queue
[2025-05-11T09:31:44.425+0000] {logging_mixin.py:188} INFO - [2025-05-11T09:31:44.424+0000] {dagbag.py:545} INFO - Filling up the DagBag from /home/airflow/.local/lib/python3.12/site-packages/airflow/example_dags/example_local_kubernetes_executor.py
[2025-05-11T09:31:44.433+0000] {processor.py:840} INFO - DAG(s) 'example_local_kubernetes_executor' retrieved from /home/airflow/.local/lib/python3.12/site-packages/airflow/example_dags/example_local_kubernetes_executor.py
[2025-05-11T09:31:44.472+0000] {logging_mixin.py:188} INFO - [2025-05-11T09:31:44.471+0000] {dag.py:3096} INFO - Sync 1 DAGs
[2025-05-11T09:31:44.485+0000] {logging_mixin.py:188} INFO - [2025-05-11T09:31:44.485+0000] {dag.py:3954} INFO - Setting next_dagrun for example_local_kubernetes_executor to None, run_after=None
[2025-05-11T09:31:44.508+0000] {processor.py:183} INFO - Processing /home/airflow/.local/lib/python3.12/site-packages/airflow/example_dags/example_local_kubernetes_executor.py took 0.094 seconds
[2025-05-11T09:32:14.594+0000] {processor.py:161} INFO - Started process (PID=724) to work on /home/airflow/.local/lib/python3.12/site-packages/airflow/example_dags/example_local_kubernetes_executor.py
[2025-05-11T09:32:14.595+0000] {processor.py:830} INFO - Processing file /home/airflow/.local/lib/python3.12/site-packages/airflow/example_dags/example_local_kubernetes_executor.py for tasks to queue
[2025-05-11T09:32:14.597+0000] {logging_mixin.py:188} INFO - [2025-05-11T09:32:14.596+0000] {dagbag.py:545} INFO - Filling up the DagBag from /home/airflow/.local/lib/python3.12/site-packages/airflow/example_dags/example_local_kubernetes_executor.py
[2025-05-11T09:32:14.603+0000] {processor.py:840} INFO - DAG(s) 'example_local_kubernetes_executor' retrieved from /home/airflow/.local/lib/python3.12/site-packages/airflow/example_dags/example_local_kubernetes_executor.py
[2025-05-11T09:32:14.631+0000] {logging_mixin.py:188} INFO - [2025-05-11T09:32:14.631+0000] {dag.py:3096} INFO - Sync 1 DAGs
[2025-05-11T09:32:14.644+0000] {logging_mixin.py:188} INFO - [2025-05-11T09:32:14.644+0000] {dag.py:3954} INFO - Setting next_dagrun for example_local_kubernetes_executor to None, run_after=None
[2025-05-11T09:32:14.660+0000] {processor.py:183} INFO - Processing /home/airflow/.local/lib/python3.12/site-packages/airflow/example_dags/example_local_kubernetes_executor.py took 0.071 seconds
[2025-05-11T09:32:45.101+0000] {processor.py:161} INFO - Started process (PID=984) to work on /home/airflow/.local/lib/python3.12/site-packages/airflow/example_dags/example_local_kubernetes_executor.py
[2025-05-11T09:32:45.102+0000] {processor.py:830} INFO - Processing file /home/airflow/.local/lib/python3.12/site-packages/airflow/example_dags/example_local_kubernetes_executor.py for tasks to queue
[2025-05-11T09:32:45.103+0000] {logging_mixin.py:188} INFO - [2025-05-11T09:32:45.103+0000] {dagbag.py:545} INFO - Filling up the DagBag from /home/airflow/.local/lib/python3.12/site-packages/airflow/example_dags/example_local_kubernetes_executor.py
[2025-05-11T09:32:45.111+0000] {processor.py:840} INFO - DAG(s) 'example_local_kubernetes_executor' retrieved from /home/airflow/.local/lib/python3.12/site-packages/airflow/example_dags/example_local_kubernetes_executor.py
[2025-05-11T09:32:45.143+0000] {logging_mixin.py:188} INFO - [2025-05-11T09:32:45.143+0000] {dag.py:3096} INFO - Sync 1 DAGs
[2025-05-11T09:32:45.159+0000] {logging_mixin.py:188} INFO - [2025-05-11T09:32:45.158+0000] {dag.py:3954} INFO - Setting next_dagrun for example_local_kubernetes_executor to None, run_after=None
[2025-05-11T09:32:45.180+0000] {processor.py:183} INFO - Processing /home/airflow/.local/lib/python3.12/site-packages/airflow/example_dags/example_local_kubernetes_executor.py took 0.086 seconds
[2025-05-11T09:33:15.910+0000] {processor.py:161} INFO - Started process (PID=1245) to work on /home/airflow/.local/lib/python3.12/site-packages/airflow/example_dags/example_local_kubernetes_executor.py
[2025-05-11T09:33:15.911+0000] {processor.py:830} INFO - Processing file /home/airflow/.local/lib/python3.12/site-packages/airflow/example_dags/example_local_kubernetes_executor.py for tasks to queue
[2025-05-11T09:33:15.913+0000] {logging_mixin.py:188} INFO - [2025-05-11T09:33:15.913+0000] {dagbag.py:545} INFO - Filling up the DagBag from /home/airflow/.local/lib/python3.12/site-packages/airflow/example_dags/example_local_kubernetes_executor.py
[2025-05-11T09:33:15.920+0000] {processor.py:840} INFO - DAG(s) 'example_local_kubernetes_executor' retrieved from /home/airflow/.local/lib/python3.12/site-packages/airflow/example_dags/example_local_kubernetes_executor.py
[2025-05-11T09:33:15.952+0000] {logging_mixin.py:188} INFO - [2025-05-11T09:33:15.952+0000] {dag.py:3096} INFO - Sync 1 DAGs
[2025-05-11T09:33:15.967+0000] {logging_mixin.py:188} INFO - [2025-05-11T09:33:15.967+0000] {dag.py:3954} INFO - Setting next_dagrun for example_local_kubernetes_executor to None, run_after=None
[2025-05-11T09:33:15.987+0000] {processor.py:183} INFO - Processing /home/airflow/.local/lib/python3.12/site-packages/airflow/example_dags/example_local_kubernetes_executor.py took 0.082 seconds
