[2025-05-11T09:31:14.239+0000] {processor.py:161} INFO - Started process (PID=228) to work on /home/airflow/.local/lib/python3.12/site-packages/airflow/example_dags/example_setup_teardown.py
[2025-05-11T09:31:14.240+0000] {processor.py:830} INFO - Processing file /home/airflow/.local/lib/python3.12/site-packages/airflow/example_dags/example_setup_teardown.py for tasks to queue
[2025-05-11T09:31:14.242+0000] {logging_mixin.py:188} INFO - [2025-05-11T09:31:14.242+0000] {dagbag.py:545} INFO - Filling up the DagBag from /home/airflow/.local/lib/python3.12/site-packages/airflow/example_dags/example_setup_teardown.py
[2025-05-11T09:31:14.254+0000] {processor.py:840} INFO - DAG(s) 'example_setup_teardown' retrieved from /home/airflow/.local/lib/python3.12/site-packages/airflow/example_dags/example_setup_teardown.py
[2025-05-11T09:31:14.361+0000] {logging_mixin.py:188} INFO - [2025-05-11T09:31:14.360+0000] {override.py:1829} INFO - Created Permission View: can delete on DAG:example_setup_teardown
[2025-05-11T09:31:14.372+0000] {logging_mixin.py:188} INFO - [2025-05-11T09:31:14.372+0000] {override.py:1829} INFO - Created Permission View: can edit on DAG:example_setup_teardown
[2025-05-11T09:31:14.382+0000] {logging_mixin.py:188} INFO - [2025-05-11T09:31:14.381+0000] {override.py:1829} INFO - Created Permission View: can read on DAG:example_setup_teardown
[2025-05-11T09:31:14.382+0000] {logging_mixin.py:188} INFO - [2025-05-11T09:31:14.382+0000] {dag.py:3096} INFO - Sync 1 DAGs
[2025-05-11T09:31:14.397+0000] {logging_mixin.py:188} INFO - [2025-05-11T09:31:14.396+0000] {dag.py:3118} INFO - Creating ORM DAG for example_setup_teardown
[2025-05-11T09:31:14.409+0000] {logging_mixin.py:188} INFO - [2025-05-11T09:31:14.409+0000] {dag.py:3954} INFO - Setting next_dagrun for example_setup_teardown to 2025-05-10 00:00:00+00:00, run_after=2025-05-11 00:00:00+00:00
[2025-05-11T09:31:14.423+0000] {processor.py:183} INFO - Processing /home/airflow/.local/lib/python3.12/site-packages/airflow/example_dags/example_setup_teardown.py took 0.190 seconds
[2025-05-11T09:31:44.847+0000] {processor.py:161} INFO - Started process (PID=490) to work on /home/airflow/.local/lib/python3.12/site-packages/airflow/example_dags/example_setup_teardown.py
[2025-05-11T09:31:44.848+0000] {processor.py:830} INFO - Processing file /home/airflow/.local/lib/python3.12/site-packages/airflow/example_dags/example_setup_teardown.py for tasks to queue
[2025-05-11T09:31:44.851+0000] {logging_mixin.py:188} INFO - [2025-05-11T09:31:44.850+0000] {dagbag.py:545} INFO - Filling up the DagBag from /home/airflow/.local/lib/python3.12/site-packages/airflow/example_dags/example_setup_teardown.py
[2025-05-11T09:31:44.870+0000] {processor.py:840} INFO - DAG(s) 'example_setup_teardown' retrieved from /home/airflow/.local/lib/python3.12/site-packages/airflow/example_dags/example_setup_teardown.py
[2025-05-11T09:31:44.915+0000] {logging_mixin.py:188} INFO - [2025-05-11T09:31:44.915+0000] {dag.py:3096} INFO - Sync 1 DAGs
[2025-05-11T09:31:44.950+0000] {logging_mixin.py:188} INFO - [2025-05-11T09:31:44.949+0000] {dag.py:3954} INFO - Setting next_dagrun for example_setup_teardown to 2025-05-10 00:00:00+00:00, run_after=2025-05-11 00:00:00+00:00
[2025-05-11T09:31:44.976+0000] {processor.py:183} INFO - Processing /home/airflow/.local/lib/python3.12/site-packages/airflow/example_dags/example_setup_teardown.py took 0.136 seconds
[2025-05-11T09:32:15.065+0000] {processor.py:161} INFO - Started process (PID=754) to work on /home/airflow/.local/lib/python3.12/site-packages/airflow/example_dags/example_setup_teardown.py
[2025-05-11T09:32:15.066+0000] {processor.py:830} INFO - Processing file /home/airflow/.local/lib/python3.12/site-packages/airflow/example_dags/example_setup_teardown.py for tasks to queue
[2025-05-11T09:32:15.068+0000] {logging_mixin.py:188} INFO - [2025-05-11T09:32:15.067+0000] {dagbag.py:545} INFO - Filling up the DagBag from /home/airflow/.local/lib/python3.12/site-packages/airflow/example_dags/example_setup_teardown.py
[2025-05-11T09:32:15.073+0000] {processor.py:840} INFO - DAG(s) 'example_setup_teardown' retrieved from /home/airflow/.local/lib/python3.12/site-packages/airflow/example_dags/example_setup_teardown.py
[2025-05-11T09:32:15.091+0000] {logging_mixin.py:188} INFO - [2025-05-11T09:32:15.091+0000] {dag.py:3096} INFO - Sync 1 DAGs
[2025-05-11T09:32:15.110+0000] {logging_mixin.py:188} INFO - [2025-05-11T09:32:15.110+0000] {dag.py:3954} INFO - Setting next_dagrun for example_setup_teardown to 2025-05-10 00:00:00+00:00, run_after=2025-05-11 00:00:00+00:00
[2025-05-11T09:32:15.125+0000] {processor.py:183} INFO - Processing /home/airflow/.local/lib/python3.12/site-packages/airflow/example_dags/example_setup_teardown.py took 0.065 seconds
[2025-05-11T09:32:45.405+0000] {processor.py:161} INFO - Started process (PID=1014) to work on /home/airflow/.local/lib/python3.12/site-packages/airflow/example_dags/example_setup_teardown.py
[2025-05-11T09:32:45.406+0000] {processor.py:830} INFO - Processing file /home/airflow/.local/lib/python3.12/site-packages/airflow/example_dags/example_setup_teardown.py for tasks to queue
[2025-05-11T09:32:45.408+0000] {logging_mixin.py:188} INFO - [2025-05-11T09:32:45.408+0000] {dagbag.py:545} INFO - Filling up the DagBag from /home/airflow/.local/lib/python3.12/site-packages/airflow/example_dags/example_setup_teardown.py
[2025-05-11T09:32:45.414+0000] {processor.py:840} INFO - DAG(s) 'example_setup_teardown' retrieved from /home/airflow/.local/lib/python3.12/site-packages/airflow/example_dags/example_setup_teardown.py
[2025-05-11T09:32:45.432+0000] {logging_mixin.py:188} INFO - [2025-05-11T09:32:45.432+0000] {dag.py:3096} INFO - Sync 1 DAGs
[2025-05-11T09:32:45.454+0000] {logging_mixin.py:188} INFO - [2025-05-11T09:32:45.454+0000] {dag.py:3954} INFO - Setting next_dagrun for example_setup_teardown to 2025-05-10 00:00:00+00:00, run_after=2025-05-11 00:00:00+00:00
[2025-05-11T09:32:45.474+0000] {processor.py:183} INFO - Processing /home/airflow/.local/lib/python3.12/site-packages/airflow/example_dags/example_setup_teardown.py took 0.074 seconds
[2025-05-11T09:33:16.279+0000] {processor.py:161} INFO - Started process (PID=1275) to work on /home/airflow/.local/lib/python3.12/site-packages/airflow/example_dags/example_setup_teardown.py
[2025-05-11T09:33:16.280+0000] {processor.py:830} INFO - Processing file /home/airflow/.local/lib/python3.12/site-packages/airflow/example_dags/example_setup_teardown.py for tasks to queue
[2025-05-11T09:33:16.282+0000] {logging_mixin.py:188} INFO - [2025-05-11T09:33:16.282+0000] {dagbag.py:545} INFO - Filling up the DagBag from /home/airflow/.local/lib/python3.12/site-packages/airflow/example_dags/example_setup_teardown.py
[2025-05-11T09:33:16.288+0000] {processor.py:840} INFO - DAG(s) 'example_setup_teardown' retrieved from /home/airflow/.local/lib/python3.12/site-packages/airflow/example_dags/example_setup_teardown.py
[2025-05-11T09:33:16.306+0000] {logging_mixin.py:188} INFO - [2025-05-11T09:33:16.306+0000] {dag.py:3096} INFO - Sync 1 DAGs
[2025-05-11T09:33:16.326+0000] {logging_mixin.py:188} INFO - [2025-05-11T09:33:16.326+0000] {dag.py:3954} INFO - Setting next_dagrun for example_setup_teardown to 2025-05-10 00:00:00+00:00, run_after=2025-05-11 00:00:00+00:00
[2025-05-11T09:33:16.342+0000] {processor.py:183} INFO - Processing /home/airflow/.local/lib/python3.12/site-packages/airflow/example_dags/example_setup_teardown.py took 0.068 seconds
