[2025-05-11T09:31:15.607+0000] {processor.py:161} INFO - Started process (PID=278) to work on /home/airflow/.local/lib/python3.12/site-packages/airflow/example_dags/example_branch_datetime_operator.py
[2025-05-11T09:31:15.608+0000] {processor.py:830} INFO - Processing file /home/airflow/.local/lib/python3.12/site-packages/airflow/example_dags/example_branch_datetime_operator.py for tasks to queue
[2025-05-11T09:31:15.611+0000] {logging_mixin.py:188} INFO - [2025-05-11T09:31:15.611+0000] {dagbag.py:545} INFO - Filling up the DagBag from /home/airflow/.local/lib/python3.12/site-packages/airflow/example_dags/example_branch_datetime_operator.py
[2025-05-11T09:31:15.629+0000] {processor.py:840} INFO - DAG(s) 'example_branch_datetime_operator', 'example_branch_datetime_operator_2', 'example_branch_datetime_operator_3' retrieved from /home/airflow/.local/lib/python3.12/site-packages/airflow/example_dags/example_branch_datetime_operator.py
[2025-05-11T09:31:15.774+0000] {logging_mixin.py:188} INFO - [2025-05-11T09:31:15.773+0000] {override.py:1829} INFO - Created Permission View: can delete on DAG:example_branch_datetime_operator
[2025-05-11T09:31:15.785+0000] {logging_mixin.py:188} INFO - [2025-05-11T09:31:15.785+0000] {override.py:1829} INFO - Created Permission View: can edit on DAG:example_branch_datetime_operator
[2025-05-11T09:31:15.794+0000] {logging_mixin.py:188} INFO - [2025-05-11T09:31:15.793+0000] {override.py:1829} INFO - Created Permission View: can read on DAG:example_branch_datetime_operator
[2025-05-11T09:31:15.811+0000] {logging_mixin.py:188} INFO - [2025-05-11T09:31:15.811+0000] {override.py:1829} INFO - Created Permission View: can delete on DAG:example_branch_datetime_operator_2
[2025-05-11T09:31:15.820+0000] {logging_mixin.py:188} INFO - [2025-05-11T09:31:15.820+0000] {override.py:1829} INFO - Created Permission View: can edit on DAG:example_branch_datetime_operator_2
[2025-05-11T09:31:15.828+0000] {logging_mixin.py:188} INFO - [2025-05-11T09:31:15.827+0000] {override.py:1829} INFO - Created Permission View: can read on DAG:example_branch_datetime_operator_2
[2025-05-11T09:31:15.841+0000] {logging_mixin.py:188} INFO - [2025-05-11T09:31:15.841+0000] {override.py:1829} INFO - Created Permission View: can delete on DAG:example_branch_datetime_operator_3
[2025-05-11T09:31:15.848+0000] {logging_mixin.py:188} INFO - [2025-05-11T09:31:15.848+0000] {override.py:1829} INFO - Created Permission View: can edit on DAG:example_branch_datetime_operator_3
[2025-05-11T09:31:15.855+0000] {logging_mixin.py:188} INFO - [2025-05-11T09:31:15.854+0000] {override.py:1829} INFO - Created Permission View: can read on DAG:example_branch_datetime_operator_3
[2025-05-11T09:31:15.856+0000] {logging_mixin.py:188} INFO - [2025-05-11T09:31:15.855+0000] {dag.py:3096} INFO - Sync 3 DAGs
[2025-05-11T09:31:15.866+0000] {logging_mixin.py:188} INFO - [2025-05-11T09:31:15.866+0000] {dag.py:3118} INFO - Creating ORM DAG for example_branch_datetime_operator_3
[2025-05-11T09:31:15.867+0000] {logging_mixin.py:188} INFO - [2025-05-11T09:31:15.867+0000] {dag.py:3118} INFO - Creating ORM DAG for example_branch_datetime_operator_2
[2025-05-11T09:31:15.868+0000] {logging_mixin.py:188} INFO - [2025-05-11T09:31:15.868+0000] {dag.py:3118} INFO - Creating ORM DAG for example_branch_datetime_operator
[2025-05-11T09:31:15.879+0000] {logging_mixin.py:188} INFO - [2025-05-11T09:31:15.879+0000] {dag.py:3954} INFO - Setting next_dagrun for example_branch_datetime_operator to 2025-05-10 00:00:00+00:00, run_after=2025-05-11 00:00:00+00:00
[2025-05-11T09:31:15.881+0000] {logging_mixin.py:188} INFO - [2025-05-11T09:31:15.881+0000] {dag.py:3954} INFO - Setting next_dagrun for example_branch_datetime_operator_2 to 2025-05-10 00:00:00+00:00, run_after=2025-05-11 00:00:00+00:00
[2025-05-11T09:31:15.883+0000] {logging_mixin.py:188} INFO - [2025-05-11T09:31:15.883+0000] {dag.py:3954} INFO - Setting next_dagrun for example_branch_datetime_operator_3 to 2025-05-10 00:00:00+00:00, run_after=2025-05-11 00:00:00+00:00
[2025-05-11T09:31:15.901+0000] {processor.py:183} INFO - Processing /home/airflow/.local/lib/python3.12/site-packages/airflow/example_dags/example_branch_datetime_operator.py took 0.302 seconds
[2025-05-11T09:31:46.639+0000] {processor.py:161} INFO - Started process (PID=540) to work on /home/airflow/.local/lib/python3.12/site-packages/airflow/example_dags/example_branch_datetime_operator.py
[2025-05-11T09:31:46.640+0000] {processor.py:830} INFO - Processing file /home/airflow/.local/lib/python3.12/site-packages/airflow/example_dags/example_branch_datetime_operator.py for tasks to queue
[2025-05-11T09:31:46.642+0000] {logging_mixin.py:188} INFO - [2025-05-11T09:31:46.641+0000] {dagbag.py:545} INFO - Filling up the DagBag from /home/airflow/.local/lib/python3.12/site-packages/airflow/example_dags/example_branch_datetime_operator.py
[2025-05-11T09:31:46.651+0000] {processor.py:840} INFO - DAG(s) 'example_branch_datetime_operator_3', 'example_branch_datetime_operator_2', 'example_branch_datetime_operator' retrieved from /home/airflow/.local/lib/python3.12/site-packages/airflow/example_dags/example_branch_datetime_operator.py
[2025-05-11T09:31:46.675+0000] {logging_mixin.py:188} INFO - [2025-05-11T09:31:46.674+0000] {dag.py:3096} INFO - Sync 3 DAGs
[2025-05-11T09:31:46.696+0000] {logging_mixin.py:188} INFO - [2025-05-11T09:31:46.696+0000] {dag.py:3954} INFO - Setting next_dagrun for example_branch_datetime_operator to 2025-05-10 00:00:00+00:00, run_after=2025-05-11 00:00:00+00:00
[2025-05-11T09:31:46.700+0000] {logging_mixin.py:188} INFO - [2025-05-11T09:31:46.700+0000] {dag.py:3954} INFO - Setting next_dagrun for example_branch_datetime_operator_2 to 2025-05-10 00:00:00+00:00, run_after=2025-05-11 00:00:00+00:00
[2025-05-11T09:31:46.703+0000] {logging_mixin.py:188} INFO - [2025-05-11T09:31:46.703+0000] {dag.py:3954} INFO - Setting next_dagrun for example_branch_datetime_operator_3 to 2025-05-10 00:00:00+00:00, run_after=2025-05-11 00:00:00+00:00
[2025-05-11T09:31:46.719+0000] {processor.py:183} INFO - Processing /home/airflow/.local/lib/python3.12/site-packages/airflow/example_dags/example_branch_datetime_operator.py took 0.086 seconds
[2025-05-11T09:32:16.805+0000] {processor.py:161} INFO - Started process (PID=802) to work on /home/airflow/.local/lib/python3.12/site-packages/airflow/example_dags/example_branch_datetime_operator.py
[2025-05-11T09:32:16.806+0000] {processor.py:830} INFO - Processing file /home/airflow/.local/lib/python3.12/site-packages/airflow/example_dags/example_branch_datetime_operator.py for tasks to queue
[2025-05-11T09:32:16.808+0000] {logging_mixin.py:188} INFO - [2025-05-11T09:32:16.807+0000] {dagbag.py:545} INFO - Filling up the DagBag from /home/airflow/.local/lib/python3.12/site-packages/airflow/example_dags/example_branch_datetime_operator.py
[2025-05-11T09:32:16.817+0000] {processor.py:840} INFO - DAG(s) 'example_branch_datetime_operator_3', 'example_branch_datetime_operator', 'example_branch_datetime_operator_2' retrieved from /home/airflow/.local/lib/python3.12/site-packages/airflow/example_dags/example_branch_datetime_operator.py
[2025-05-11T09:32:16.842+0000] {logging_mixin.py:188} INFO - [2025-05-11T09:32:16.841+0000] {dag.py:3096} INFO - Sync 3 DAGs
[2025-05-11T09:32:16.863+0000] {logging_mixin.py:188} INFO - [2025-05-11T09:32:16.863+0000] {dag.py:3954} INFO - Setting next_dagrun for example_branch_datetime_operator to 2025-05-10 00:00:00+00:00, run_after=2025-05-11 00:00:00+00:00
[2025-05-11T09:32:16.868+0000] {logging_mixin.py:188} INFO - [2025-05-11T09:32:16.867+0000] {dag.py:3954} INFO - Setting next_dagrun for example_branch_datetime_operator_2 to 2025-05-10 00:00:00+00:00, run_after=2025-05-11 00:00:00+00:00
[2025-05-11T09:32:16.870+0000] {logging_mixin.py:188} INFO - [2025-05-11T09:32:16.870+0000] {dag.py:3954} INFO - Setting next_dagrun for example_branch_datetime_operator_3 to 2025-05-10 00:00:00+00:00, run_after=2025-05-11 00:00:00+00:00
[2025-05-11T09:32:16.885+0000] {processor.py:183} INFO - Processing /home/airflow/.local/lib/python3.12/site-packages/airflow/example_dags/example_branch_datetime_operator.py took 0.086 seconds
[2025-05-11T09:32:46.950+0000] {processor.py:161} INFO - Started process (PID=1064) to work on /home/airflow/.local/lib/python3.12/site-packages/airflow/example_dags/example_branch_datetime_operator.py
[2025-05-11T09:32:46.951+0000] {processor.py:830} INFO - Processing file /home/airflow/.local/lib/python3.12/site-packages/airflow/example_dags/example_branch_datetime_operator.py for tasks to queue
[2025-05-11T09:32:46.953+0000] {logging_mixin.py:188} INFO - [2025-05-11T09:32:46.953+0000] {dagbag.py:545} INFO - Filling up the DagBag from /home/airflow/.local/lib/python3.12/site-packages/airflow/example_dags/example_branch_datetime_operator.py
[2025-05-11T09:32:46.962+0000] {processor.py:840} INFO - DAG(s) 'example_branch_datetime_operator_3', 'example_branch_datetime_operator', 'example_branch_datetime_operator_2' retrieved from /home/airflow/.local/lib/python3.12/site-packages/airflow/example_dags/example_branch_datetime_operator.py
[2025-05-11T09:32:46.993+0000] {logging_mixin.py:188} INFO - [2025-05-11T09:32:46.992+0000] {dag.py:3096} INFO - Sync 3 DAGs
[2025-05-11T09:32:47.020+0000] {logging_mixin.py:188} INFO - [2025-05-11T09:32:47.019+0000] {dag.py:3954} INFO - Setting next_dagrun for example_branch_datetime_operator to 2025-05-10 00:00:00+00:00, run_after=2025-05-11 00:00:00+00:00
[2025-05-11T09:32:47.025+0000] {logging_mixin.py:188} INFO - [2025-05-11T09:32:47.025+0000] {dag.py:3954} INFO - Setting next_dagrun for example_branch_datetime_operator_2 to 2025-05-10 00:00:00+00:00, run_after=2025-05-11 00:00:00+00:00
[2025-05-11T09:32:47.028+0000] {logging_mixin.py:188} INFO - [2025-05-11T09:32:47.028+0000] {dag.py:3954} INFO - Setting next_dagrun for example_branch_datetime_operator_3 to 2025-05-10 00:00:00+00:00, run_after=2025-05-11 00:00:00+00:00
[2025-05-11T09:32:47.043+0000] {processor.py:183} INFO - Processing /home/airflow/.local/lib/python3.12/site-packages/airflow/example_dags/example_branch_datetime_operator.py took 0.099 seconds
[2025-05-11T09:33:17.808+0000] {processor.py:161} INFO - Started process (PID=1325) to work on /home/airflow/.local/lib/python3.12/site-packages/airflow/example_dags/example_branch_datetime_operator.py
[2025-05-11T09:33:17.809+0000] {processor.py:830} INFO - Processing file /home/airflow/.local/lib/python3.12/site-packages/airflow/example_dags/example_branch_datetime_operator.py for tasks to queue
[2025-05-11T09:33:17.811+0000] {logging_mixin.py:188} INFO - [2025-05-11T09:33:17.811+0000] {dagbag.py:545} INFO - Filling up the DagBag from /home/airflow/.local/lib/python3.12/site-packages/airflow/example_dags/example_branch_datetime_operator.py
[2025-05-11T09:33:17.820+0000] {processor.py:840} INFO - DAG(s) 'example_branch_datetime_operator_2', 'example_branch_datetime_operator_3', 'example_branch_datetime_operator' retrieved from /home/airflow/.local/lib/python3.12/site-packages/airflow/example_dags/example_branch_datetime_operator.py
[2025-05-11T09:33:17.846+0000] {logging_mixin.py:188} INFO - [2025-05-11T09:33:17.845+0000] {dag.py:3096} INFO - Sync 3 DAGs
[2025-05-11T09:33:17.867+0000] {logging_mixin.py:188} INFO - [2025-05-11T09:33:17.867+0000] {dag.py:3954} INFO - Setting next_dagrun for example_branch_datetime_operator to 2025-05-10 00:00:00+00:00, run_after=2025-05-11 00:00:00+00:00
[2025-05-11T09:33:17.872+0000] {logging_mixin.py:188} INFO - [2025-05-11T09:33:17.872+0000] {dag.py:3954} INFO - Setting next_dagrun for example_branch_datetime_operator_2 to 2025-05-10 00:00:00+00:00, run_after=2025-05-11 00:00:00+00:00
[2025-05-11T09:33:17.875+0000] {logging_mixin.py:188} INFO - [2025-05-11T09:33:17.875+0000] {dag.py:3954} INFO - Setting next_dagrun for example_branch_datetime_operator_3 to 2025-05-10 00:00:00+00:00, run_after=2025-05-11 00:00:00+00:00
[2025-05-11T09:33:17.891+0000] {processor.py:183} INFO - Processing /home/airflow/.local/lib/python3.12/site-packages/airflow/example_dags/example_branch_datetime_operator.py took 0.090 seconds
