[2025-05-11T09:31:16.214+0000] {processor.py:161} INFO - Started process (PID=303) to work on /home/airflow/.local/lib/python3.12/site-packages/airflow/example_dags/example_latest_only_with_trigger.py
[2025-05-11T09:31:16.216+0000] {processor.py:830} INFO - Processing file /home/airflow/.local/lib/python3.12/site-packages/airflow/example_dags/example_latest_only_with_trigger.py for tasks to queue
[2025-05-11T09:31:16.218+0000] {logging_mixin.py:188} INFO - [2025-05-11T09:31:16.217+0000] {dagbag.py:545} INFO - Filling up the DagBag from /home/airflow/.local/lib/python3.12/site-packages/airflow/example_dags/example_latest_only_with_trigger.py
[2025-05-11T09:31:16.225+0000] {processor.py:840} INFO - DAG(s) 'latest_only_with_trigger' retrieved from /home/airflow/.local/lib/python3.12/site-packages/airflow/example_dags/example_latest_only_with_trigger.py
[2025-05-11T09:31:16.318+0000] {logging_mixin.py:188} INFO - [2025-05-11T09:31:16.317+0000] {override.py:1829} INFO - Created Permission View: can delete on DAG:latest_only_with_trigger
[2025-05-11T09:31:16.328+0000] {logging_mixin.py:188} INFO - [2025-05-11T09:31:16.327+0000] {override.py:1829} INFO - Created Permission View: can edit on DAG:latest_only_with_trigger
[2025-05-11T09:31:16.333+0000] {logging_mixin.py:188} INFO - [2025-05-11T09:31:16.333+0000] {override.py:1829} INFO - Created Permission View: can read on DAG:latest_only_with_trigger
[2025-05-11T09:31:16.334+0000] {logging_mixin.py:188} INFO - [2025-05-11T09:31:16.333+0000] {dag.py:3096} INFO - Sync 1 DAGs
[2025-05-11T09:31:16.344+0000] {logging_mixin.py:188} INFO - [2025-05-11T09:31:16.344+0000] {dag.py:3118} INFO - Creating ORM DAG for latest_only_with_trigger
[2025-05-11T09:31:16.355+0000] {logging_mixin.py:188} INFO - [2025-05-11T09:31:16.354+0000] {dag.py:3954} INFO - Setting next_dagrun for latest_only_with_trigger to 2025-05-11 04:00:00+00:00, run_after=2025-05-11 08:00:00+00:00
[2025-05-11T09:31:16.373+0000] {processor.py:183} INFO - Processing /home/airflow/.local/lib/python3.12/site-packages/airflow/example_dags/example_latest_only_with_trigger.py took 0.164 seconds
[2025-05-11T09:31:46.914+0000] {processor.py:161} INFO - Started process (PID=567) to work on /home/airflow/.local/lib/python3.12/site-packages/airflow/example_dags/example_latest_only_with_trigger.py
[2025-05-11T09:31:46.914+0000] {processor.py:830} INFO - Processing file /home/airflow/.local/lib/python3.12/site-packages/airflow/example_dags/example_latest_only_with_trigger.py for tasks to queue
[2025-05-11T09:31:46.916+0000] {logging_mixin.py:188} INFO - [2025-05-11T09:31:46.916+0000] {dagbag.py:545} INFO - Filling up the DagBag from /home/airflow/.local/lib/python3.12/site-packages/airflow/example_dags/example_latest_only_with_trigger.py
[2025-05-11T09:31:46.921+0000] {processor.py:840} INFO - DAG(s) 'latest_only_with_trigger' retrieved from /home/airflow/.local/lib/python3.12/site-packages/airflow/example_dags/example_latest_only_with_trigger.py
[2025-05-11T09:31:46.938+0000] {logging_mixin.py:188} INFO - [2025-05-11T09:31:46.938+0000] {dag.py:3096} INFO - Sync 1 DAGs
[2025-05-11T09:31:46.957+0000] {logging_mixin.py:188} INFO - [2025-05-11T09:31:46.957+0000] {dag.py:3954} INFO - Setting next_dagrun for latest_only_with_trigger to 2025-05-11 04:00:00+00:00, run_after=2025-05-11 08:00:00+00:00
[2025-05-11T09:31:46.972+0000] {processor.py:183} INFO - Processing /home/airflow/.local/lib/python3.12/site-packages/airflow/example_dags/example_latest_only_with_trigger.py took 0.063 seconds
[2025-05-11T09:32:17.146+0000] {processor.py:161} INFO - Started process (PID=829) to work on /home/airflow/.local/lib/python3.12/site-packages/airflow/example_dags/example_latest_only_with_trigger.py
[2025-05-11T09:32:17.147+0000] {processor.py:830} INFO - Processing file /home/airflow/.local/lib/python3.12/site-packages/airflow/example_dags/example_latest_only_with_trigger.py for tasks to queue
[2025-05-11T09:32:17.149+0000] {logging_mixin.py:188} INFO - [2025-05-11T09:32:17.148+0000] {dagbag.py:545} INFO - Filling up the DagBag from /home/airflow/.local/lib/python3.12/site-packages/airflow/example_dags/example_latest_only_with_trigger.py
[2025-05-11T09:32:17.154+0000] {processor.py:840} INFO - DAG(s) 'latest_only_with_trigger' retrieved from /home/airflow/.local/lib/python3.12/site-packages/airflow/example_dags/example_latest_only_with_trigger.py
[2025-05-11T09:32:17.172+0000] {logging_mixin.py:188} INFO - [2025-05-11T09:32:17.171+0000] {dag.py:3096} INFO - Sync 1 DAGs
[2025-05-11T09:32:17.194+0000] {logging_mixin.py:188} INFO - [2025-05-11T09:32:17.194+0000] {dag.py:3954} INFO - Setting next_dagrun for latest_only_with_trigger to 2025-05-11 04:00:00+00:00, run_after=2025-05-11 08:00:00+00:00
[2025-05-11T09:32:17.210+0000] {processor.py:183} INFO - Processing /home/airflow/.local/lib/python3.12/site-packages/airflow/example_dags/example_latest_only_with_trigger.py took 0.070 seconds
[2025-05-11T09:32:47.311+0000] {processor.py:161} INFO - Started process (PID=1091) to work on /home/airflow/.local/lib/python3.12/site-packages/airflow/example_dags/example_latest_only_with_trigger.py
[2025-05-11T09:32:47.311+0000] {processor.py:830} INFO - Processing file /home/airflow/.local/lib/python3.12/site-packages/airflow/example_dags/example_latest_only_with_trigger.py for tasks to queue
[2025-05-11T09:32:47.314+0000] {logging_mixin.py:188} INFO - [2025-05-11T09:32:47.313+0000] {dagbag.py:545} INFO - Filling up the DagBag from /home/airflow/.local/lib/python3.12/site-packages/airflow/example_dags/example_latest_only_with_trigger.py
[2025-05-11T09:32:47.319+0000] {processor.py:840} INFO - DAG(s) 'latest_only_with_trigger' retrieved from /home/airflow/.local/lib/python3.12/site-packages/airflow/example_dags/example_latest_only_with_trigger.py
[2025-05-11T09:32:47.337+0000] {logging_mixin.py:188} INFO - [2025-05-11T09:32:47.336+0000] {dag.py:3096} INFO - Sync 1 DAGs
[2025-05-11T09:32:47.355+0000] {logging_mixin.py:188} INFO - [2025-05-11T09:32:47.355+0000] {dag.py:3954} INFO - Setting next_dagrun for latest_only_with_trigger to 2025-05-11 04:00:00+00:00, run_after=2025-05-11 08:00:00+00:00
[2025-05-11T09:32:47.370+0000] {processor.py:183} INFO - Processing /home/airflow/.local/lib/python3.12/site-packages/airflow/example_dags/example_latest_only_with_trigger.py took 0.065 seconds
[2025-05-11T09:33:18.089+0000] {processor.py:161} INFO - Started process (PID=1350) to work on /home/airflow/.local/lib/python3.12/site-packages/airflow/example_dags/example_latest_only_with_trigger.py
[2025-05-11T09:33:18.090+0000] {processor.py:830} INFO - Processing file /home/airflow/.local/lib/python3.12/site-packages/airflow/example_dags/example_latest_only_with_trigger.py for tasks to queue
[2025-05-11T09:33:18.092+0000] {logging_mixin.py:188} INFO - [2025-05-11T09:33:18.092+0000] {dagbag.py:545} INFO - Filling up the DagBag from /home/airflow/.local/lib/python3.12/site-packages/airflow/example_dags/example_latest_only_with_trigger.py
[2025-05-11T09:33:18.098+0000] {processor.py:840} INFO - DAG(s) 'latest_only_with_trigger' retrieved from /home/airflow/.local/lib/python3.12/site-packages/airflow/example_dags/example_latest_only_with_trigger.py
[2025-05-11T09:33:18.116+0000] {logging_mixin.py:188} INFO - [2025-05-11T09:33:18.116+0000] {dag.py:3096} INFO - Sync 1 DAGs
[2025-05-11T09:33:18.136+0000] {logging_mixin.py:188} INFO - [2025-05-11T09:33:18.136+0000] {dag.py:3954} INFO - Setting next_dagrun for latest_only_with_trigger to 2025-05-11 04:00:00+00:00, run_after=2025-05-11 08:00:00+00:00
[2025-05-11T09:33:18.154+0000] {processor.py:183} INFO - Processing /home/airflow/.local/lib/python3.12/site-packages/airflow/example_dags/example_latest_only_with_trigger.py took 0.071 seconds
