[2025-05-11T09:31:12.921+0000] {processor.py:161} INFO - Started process (PID=178) to work on /home/airflow/.local/lib/python3.12/site-packages/airflow/example_dags/example_trigger_target_dag.py
[2025-05-11T09:31:12.923+0000] {processor.py:830} INFO - Processing file /home/airflow/.local/lib/python3.12/site-packages/airflow/example_dags/example_trigger_target_dag.py for tasks to queue
[2025-05-11T09:31:12.930+0000] {logging_mixin.py:188} INFO - [2025-05-11T09:31:12.929+0000] {dagbag.py:545} INFO - Filling up the DagBag from /home/airflow/.local/lib/python3.12/site-packages/airflow/example_dags/example_trigger_target_dag.py
[2025-05-11T09:31:12.940+0000] {processor.py:840} INFO - DAG(s) 'example_trigger_target_dag' retrieved from /home/airflow/.local/lib/python3.12/site-packages/airflow/example_dags/example_trigger_target_dag.py
[2025-05-11T09:31:13.085+0000] {logging_mixin.py:188} INFO - [2025-05-11T09:31:13.085+0000] {override.py:1829} INFO - Created Permission View: can delete on DAG:example_trigger_target_dag
[2025-05-11T09:31:13.097+0000] {logging_mixin.py:188} INFO - [2025-05-11T09:31:13.096+0000] {override.py:1829} INFO - Created Permission View: can edit on DAG:example_trigger_target_dag
[2025-05-11T09:31:13.103+0000] {logging_mixin.py:188} INFO - [2025-05-11T09:31:13.103+0000] {override.py:1829} INFO - Created Permission View: can read on DAG:example_trigger_target_dag
[2025-05-11T09:31:13.104+0000] {logging_mixin.py:188} INFO - [2025-05-11T09:31:13.104+0000] {dag.py:3096} INFO - Sync 1 DAGs
[2025-05-11T09:31:13.114+0000] {logging_mixin.py:188} INFO - [2025-05-11T09:31:13.114+0000] {dag.py:3118} INFO - Creating ORM DAG for example_trigger_target_dag
[2025-05-11T09:31:13.116+0000] {logging_mixin.py:188} INFO - [2025-05-11T09:31:13.116+0000] {dag.py:3954} INFO - Setting next_dagrun for example_trigger_target_dag to None, run_after=None
[2025-05-11T09:31:13.137+0000] {processor.py:183} INFO - Processing /home/airflow/.local/lib/python3.12/site-packages/airflow/example_dags/example_trigger_target_dag.py took 0.223 seconds
[2025-05-11T09:31:43.166+0000] {processor.py:161} INFO - Started process (PID=437) to work on /home/airflow/.local/lib/python3.12/site-packages/airflow/example_dags/example_trigger_target_dag.py
[2025-05-11T09:31:43.167+0000] {processor.py:830} INFO - Processing file /home/airflow/.local/lib/python3.12/site-packages/airflow/example_dags/example_trigger_target_dag.py for tasks to queue
[2025-05-11T09:31:43.169+0000] {logging_mixin.py:188} INFO - [2025-05-11T09:31:43.169+0000] {dagbag.py:545} INFO - Filling up the DagBag from /home/airflow/.local/lib/python3.12/site-packages/airflow/example_dags/example_trigger_target_dag.py
[2025-05-11T09:31:43.176+0000] {processor.py:840} INFO - DAG(s) 'example_trigger_target_dag' retrieved from /home/airflow/.local/lib/python3.12/site-packages/airflow/example_dags/example_trigger_target_dag.py
[2025-05-11T09:31:43.197+0000] {logging_mixin.py:188} INFO - [2025-05-11T09:31:43.197+0000] {dag.py:3096} INFO - Sync 1 DAGs
[2025-05-11T09:31:43.215+0000] {logging_mixin.py:188} INFO - [2025-05-11T09:31:43.215+0000] {dag.py:3954} INFO - Setting next_dagrun for example_trigger_target_dag to None, run_after=None
[2025-05-11T09:31:43.236+0000] {processor.py:183} INFO - Processing /home/airflow/.local/lib/python3.12/site-packages/airflow/example_dags/example_trigger_target_dag.py took 0.077 seconds
[2025-05-11T09:32:13.279+0000] {processor.py:161} INFO - Started process (PID=699) to work on /home/airflow/.local/lib/python3.12/site-packages/airflow/example_dags/example_trigger_target_dag.py
[2025-05-11T09:32:13.280+0000] {processor.py:830} INFO - Processing file /home/airflow/.local/lib/python3.12/site-packages/airflow/example_dags/example_trigger_target_dag.py for tasks to queue
[2025-05-11T09:32:13.282+0000] {logging_mixin.py:188} INFO - [2025-05-11T09:32:13.282+0000] {dagbag.py:545} INFO - Filling up the DagBag from /home/airflow/.local/lib/python3.12/site-packages/airflow/example_dags/example_trigger_target_dag.py
[2025-05-11T09:32:13.287+0000] {processor.py:840} INFO - DAG(s) 'example_trigger_target_dag' retrieved from /home/airflow/.local/lib/python3.12/site-packages/airflow/example_dags/example_trigger_target_dag.py
[2025-05-11T09:32:13.304+0000] {logging_mixin.py:188} INFO - [2025-05-11T09:32:13.303+0000] {dag.py:3096} INFO - Sync 1 DAGs
[2025-05-11T09:32:13.315+0000] {logging_mixin.py:188} INFO - [2025-05-11T09:32:13.314+0000] {dag.py:3954} INFO - Setting next_dagrun for example_trigger_target_dag to None, run_after=None
[2025-05-11T09:32:13.336+0000] {processor.py:183} INFO - Processing /home/airflow/.local/lib/python3.12/site-packages/airflow/example_dags/example_trigger_target_dag.py took 0.061 seconds
[2025-05-11T09:32:43.880+0000] {processor.py:161} INFO - Started process (PID=961) to work on /home/airflow/.local/lib/python3.12/site-packages/airflow/example_dags/example_trigger_target_dag.py
[2025-05-11T09:32:43.880+0000] {processor.py:830} INFO - Processing file /home/airflow/.local/lib/python3.12/site-packages/airflow/example_dags/example_trigger_target_dag.py for tasks to queue
[2025-05-11T09:32:43.882+0000] {logging_mixin.py:188} INFO - [2025-05-11T09:32:43.882+0000] {dagbag.py:545} INFO - Filling up the DagBag from /home/airflow/.local/lib/python3.12/site-packages/airflow/example_dags/example_trigger_target_dag.py
[2025-05-11T09:32:43.888+0000] {processor.py:840} INFO - DAG(s) 'example_trigger_target_dag' retrieved from /home/airflow/.local/lib/python3.12/site-packages/airflow/example_dags/example_trigger_target_dag.py
[2025-05-11T09:32:43.904+0000] {logging_mixin.py:188} INFO - [2025-05-11T09:32:43.904+0000] {dag.py:3096} INFO - Sync 1 DAGs
[2025-05-11T09:32:43.915+0000] {logging_mixin.py:188} INFO - [2025-05-11T09:32:43.915+0000] {dag.py:3954} INFO - Setting next_dagrun for example_trigger_target_dag to None, run_after=None
[2025-05-11T09:32:43.931+0000] {processor.py:183} INFO - Processing /home/airflow/.local/lib/python3.12/site-packages/airflow/example_dags/example_trigger_target_dag.py took 0.056 seconds
[2025-05-11T09:33:14.702+0000] {processor.py:161} INFO - Started process (PID=1222) to work on /home/airflow/.local/lib/python3.12/site-packages/airflow/example_dags/example_trigger_target_dag.py
[2025-05-11T09:33:14.703+0000] {processor.py:830} INFO - Processing file /home/airflow/.local/lib/python3.12/site-packages/airflow/example_dags/example_trigger_target_dag.py for tasks to queue
[2025-05-11T09:33:14.707+0000] {logging_mixin.py:188} INFO - [2025-05-11T09:33:14.706+0000] {dagbag.py:545} INFO - Filling up the DagBag from /home/airflow/.local/lib/python3.12/site-packages/airflow/example_dags/example_trigger_target_dag.py
[2025-05-11T09:33:14.713+0000] {processor.py:840} INFO - DAG(s) 'example_trigger_target_dag' retrieved from /home/airflow/.local/lib/python3.12/site-packages/airflow/example_dags/example_trigger_target_dag.py
[2025-05-11T09:33:14.737+0000] {logging_mixin.py:188} INFO - [2025-05-11T09:33:14.737+0000] {dag.py:3096} INFO - Sync 1 DAGs
[2025-05-11T09:33:14.751+0000] {logging_mixin.py:188} INFO - [2025-05-11T09:33:14.750+0000] {dag.py:3954} INFO - Setting next_dagrun for example_trigger_target_dag to None, run_after=None
[2025-05-11T09:33:14.773+0000] {processor.py:183} INFO - Processing /home/airflow/.local/lib/python3.12/site-packages/airflow/example_dags/example_trigger_target_dag.py took 0.080 seconds
