[2025-05-11T09:31:13.163+0000] {processor.py:161} INFO - Started process (PID=185) to work on /home/airflow/.local/lib/python3.12/site-packages/airflow/example_dags/example_task_group_decorator.py
[2025-05-11T09:31:13.164+0000] {processor.py:830} INFO - Processing file /home/airflow/.local/lib/python3.12/site-packages/airflow/example_dags/example_task_group_decorator.py for tasks to queue
[2025-05-11T09:31:13.166+0000] {logging_mixin.py:188} INFO - [2025-05-11T09:31:13.166+0000] {dagbag.py:545} INFO - Filling up the DagBag from /home/airflow/.local/lib/python3.12/site-packages/airflow/example_dags/example_task_group_decorator.py
[2025-05-11T09:31:13.185+0000] {processor.py:840} INFO - DAG(s) 'example_task_group_decorator' retrieved from /home/airflow/.local/lib/python3.12/site-packages/airflow/example_dags/example_task_group_decorator.py
[2025-05-11T09:31:13.332+0000] {logging_mixin.py:188} INFO - [2025-05-11T09:31:13.332+0000] {override.py:1829} INFO - Created Permission View: can delete on DAG:example_task_group_decorator
[2025-05-11T09:31:13.364+0000] {logging_mixin.py:188} INFO - [2025-05-11T09:31:13.364+0000] {override.py:1829} INFO - Created Permission View: can edit on DAG:example_task_group_decorator
[2025-05-11T09:31:13.373+0000] {logging_mixin.py:188} INFO - [2025-05-11T09:31:13.373+0000] {override.py:1829} INFO - Created Permission View: can read on DAG:example_task_group_decorator
[2025-05-11T09:31:13.375+0000] {logging_mixin.py:188} INFO - [2025-05-11T09:31:13.374+0000] {dag.py:3096} INFO - Sync 1 DAGs
[2025-05-11T09:31:13.391+0000] {logging_mixin.py:188} INFO - [2025-05-11T09:31:13.390+0000] {dag.py:3118} INFO - Creating ORM DAG for example_task_group_decorator
[2025-05-11T09:31:13.404+0000] {logging_mixin.py:188} INFO - [2025-05-11T09:31:13.404+0000] {dag.py:3954} INFO - Setting next_dagrun for example_task_group_decorator to 2025-05-10 00:00:00+00:00, run_after=2025-05-11 00:00:00+00:00
[2025-05-11T09:31:13.420+0000] {processor.py:183} INFO - Processing /home/airflow/.local/lib/python3.12/site-packages/airflow/example_dags/example_task_group_decorator.py took 0.263 seconds
[2025-05-11T09:31:44.274+0000] {processor.py:161} INFO - Started process (PID=447) to work on /home/airflow/.local/lib/python3.12/site-packages/airflow/example_dags/example_task_group_decorator.py
[2025-05-11T09:31:44.276+0000] {processor.py:830} INFO - Processing file /home/airflow/.local/lib/python3.12/site-packages/airflow/example_dags/example_task_group_decorator.py for tasks to queue
[2025-05-11T09:31:44.278+0000] {logging_mixin.py:188} INFO - [2025-05-11T09:31:44.277+0000] {dagbag.py:545} INFO - Filling up the DagBag from /home/airflow/.local/lib/python3.12/site-packages/airflow/example_dags/example_task_group_decorator.py
[2025-05-11T09:31:44.296+0000] {processor.py:840} INFO - DAG(s) 'example_task_group_decorator' retrieved from /home/airflow/.local/lib/python3.12/site-packages/airflow/example_dags/example_task_group_decorator.py
[2025-05-11T09:31:44.323+0000] {logging_mixin.py:188} INFO - [2025-05-11T09:31:44.322+0000] {dag.py:3096} INFO - Sync 1 DAGs
[2025-05-11T09:31:44.352+0000] {logging_mixin.py:188} INFO - [2025-05-11T09:31:44.351+0000] {dag.py:3954} INFO - Setting next_dagrun for example_task_group_decorator to 2025-05-10 00:00:00+00:00, run_after=2025-05-11 00:00:00+00:00
[2025-05-11T09:31:44.386+0000] {processor.py:183} INFO - Processing /home/airflow/.local/lib/python3.12/site-packages/airflow/example_dags/example_task_group_decorator.py took 0.119 seconds
[2025-05-11T09:32:14.413+0000] {processor.py:161} INFO - Started process (PID=709) to work on /home/airflow/.local/lib/python3.12/site-packages/airflow/example_dags/example_task_group_decorator.py
[2025-05-11T09:32:14.414+0000] {processor.py:830} INFO - Processing file /home/airflow/.local/lib/python3.12/site-packages/airflow/example_dags/example_task_group_decorator.py for tasks to queue
[2025-05-11T09:32:14.416+0000] {logging_mixin.py:188} INFO - [2025-05-11T09:32:14.416+0000] {dagbag.py:545} INFO - Filling up the DagBag from /home/airflow/.local/lib/python3.12/site-packages/airflow/example_dags/example_task_group_decorator.py
[2025-05-11T09:32:14.434+0000] {processor.py:840} INFO - DAG(s) 'example_task_group_decorator' retrieved from /home/airflow/.local/lib/python3.12/site-packages/airflow/example_dags/example_task_group_decorator.py
[2025-05-11T09:32:14.462+0000] {logging_mixin.py:188} INFO - [2025-05-11T09:32:14.462+0000] {dag.py:3096} INFO - Sync 1 DAGs
[2025-05-11T09:32:14.484+0000] {logging_mixin.py:188} INFO - [2025-05-11T09:32:14.484+0000] {dag.py:3954} INFO - Setting next_dagrun for example_task_group_decorator to 2025-05-10 00:00:00+00:00, run_after=2025-05-11 00:00:00+00:00
[2025-05-11T09:32:14.506+0000] {processor.py:183} INFO - Processing /home/airflow/.local/lib/python3.12/site-packages/airflow/example_dags/example_task_group_decorator.py took 0.100 seconds
[2025-05-11T09:32:44.896+0000] {processor.py:161} INFO - Started process (PID=969) to work on /home/airflow/.local/lib/python3.12/site-packages/airflow/example_dags/example_task_group_decorator.py
[2025-05-11T09:32:44.897+0000] {processor.py:830} INFO - Processing file /home/airflow/.local/lib/python3.12/site-packages/airflow/example_dags/example_task_group_decorator.py for tasks to queue
[2025-05-11T09:32:44.899+0000] {logging_mixin.py:188} INFO - [2025-05-11T09:32:44.899+0000] {dagbag.py:545} INFO - Filling up the DagBag from /home/airflow/.local/lib/python3.12/site-packages/airflow/example_dags/example_task_group_decorator.py
[2025-05-11T09:32:44.913+0000] {processor.py:840} INFO - DAG(s) 'example_task_group_decorator' retrieved from /home/airflow/.local/lib/python3.12/site-packages/airflow/example_dags/example_task_group_decorator.py
[2025-05-11T09:32:44.939+0000] {logging_mixin.py:188} INFO - [2025-05-11T09:32:44.939+0000] {dag.py:3096} INFO - Sync 1 DAGs
[2025-05-11T09:32:44.963+0000] {logging_mixin.py:188} INFO - [2025-05-11T09:32:44.963+0000] {dag.py:3954} INFO - Setting next_dagrun for example_task_group_decorator to 2025-05-10 00:00:00+00:00, run_after=2025-05-11 00:00:00+00:00
[2025-05-11T09:32:44.983+0000] {processor.py:183} INFO - Processing /home/airflow/.local/lib/python3.12/site-packages/airflow/example_dags/example_task_group_decorator.py took 0.092 seconds
[2025-05-11T09:33:15.716+0000] {processor.py:161} INFO - Started process (PID=1230) to work on /home/airflow/.local/lib/python3.12/site-packages/airflow/example_dags/example_task_group_decorator.py
[2025-05-11T09:33:15.717+0000] {processor.py:830} INFO - Processing file /home/airflow/.local/lib/python3.12/site-packages/airflow/example_dags/example_task_group_decorator.py for tasks to queue
[2025-05-11T09:33:15.720+0000] {logging_mixin.py:188} INFO - [2025-05-11T09:33:15.719+0000] {dagbag.py:545} INFO - Filling up the DagBag from /home/airflow/.local/lib/python3.12/site-packages/airflow/example_dags/example_task_group_decorator.py
[2025-05-11T09:33:15.735+0000] {processor.py:840} INFO - DAG(s) 'example_task_group_decorator' retrieved from /home/airflow/.local/lib/python3.12/site-packages/airflow/example_dags/example_task_group_decorator.py
[2025-05-11T09:33:15.757+0000] {logging_mixin.py:188} INFO - [2025-05-11T09:33:15.757+0000] {dag.py:3096} INFO - Sync 1 DAGs
[2025-05-11T09:33:15.778+0000] {logging_mixin.py:188} INFO - [2025-05-11T09:33:15.778+0000] {dag.py:3954} INFO - Setting next_dagrun for example_task_group_decorator to 2025-05-10 00:00:00+00:00, run_after=2025-05-11 00:00:00+00:00
[2025-05-11T09:33:15.807+0000] {processor.py:183} INFO - Processing /home/airflow/.local/lib/python3.12/site-packages/airflow/example_dags/example_task_group_decorator.py took 0.098 seconds
