[2025-05-11T09:31:15.481+0000] {processor.py:161} INFO - Started process (PID=273) to work on /home/airflow/.local/lib/python3.12/site-packages/airflow/example_dags/example_short_circuit_operator.py
[2025-05-11T09:31:15.482+0000] {processor.py:830} INFO - Processing file /home/airflow/.local/lib/python3.12/site-packages/airflow/example_dags/example_short_circuit_operator.py for tasks to queue
[2025-05-11T09:31:15.485+0000] {logging_mixin.py:188} INFO - [2025-05-11T09:31:15.484+0000] {dagbag.py:545} INFO - Filling up the DagBag from /home/airflow/.local/lib/python3.12/site-packages/airflow/example_dags/example_short_circuit_operator.py
[2025-05-11T09:31:15.498+0000] {processor.py:840} INFO - DAG(s) 'example_short_circuit_operator' retrieved from /home/airflow/.local/lib/python3.12/site-packages/airflow/example_dags/example_short_circuit_operator.py
[2025-05-11T09:31:15.635+0000] {logging_mixin.py:188} INFO - [2025-05-11T09:31:15.634+0000] {override.py:1829} INFO - Created Permission View: can delete on DAG:example_short_circuit_operator
[2025-05-11T09:31:15.646+0000] {logging_mixin.py:188} INFO - [2025-05-11T09:31:15.646+0000] {override.py:1829} INFO - Created Permission View: can edit on DAG:example_short_circuit_operator
[2025-05-11T09:31:15.654+0000] {logging_mixin.py:188} INFO - [2025-05-11T09:31:15.654+0000] {override.py:1829} INFO - Created Permission View: can read on DAG:example_short_circuit_operator
[2025-05-11T09:31:15.655+0000] {logging_mixin.py:188} INFO - [2025-05-11T09:31:15.654+0000] {dag.py:3096} INFO - Sync 1 DAGs
[2025-05-11T09:31:15.672+0000] {logging_mixin.py:188} INFO - [2025-05-11T09:31:15.671+0000] {dag.py:3118} INFO - Creating ORM DAG for example_short_circuit_operator
[2025-05-11T09:31:15.684+0000] {logging_mixin.py:188} INFO - [2025-05-11T09:31:15.684+0000] {dag.py:3954} INFO - Setting next_dagrun for example_short_circuit_operator to 2025-05-10 00:00:00+00:00, run_after=2025-05-11 00:00:00+00:00
[2025-05-11T09:31:15.704+0000] {processor.py:183} INFO - Processing /home/airflow/.local/lib/python3.12/site-packages/airflow/example_dags/example_short_circuit_operator.py took 0.229 seconds
[2025-05-11T09:31:46.633+0000] {processor.py:161} INFO - Started process (PID=537) to work on /home/airflow/.local/lib/python3.12/site-packages/airflow/example_dags/example_short_circuit_operator.py
[2025-05-11T09:31:46.634+0000] {processor.py:830} INFO - Processing file /home/airflow/.local/lib/python3.12/site-packages/airflow/example_dags/example_short_circuit_operator.py for tasks to queue
[2025-05-11T09:31:46.636+0000] {logging_mixin.py:188} INFO - [2025-05-11T09:31:46.636+0000] {dagbag.py:545} INFO - Filling up the DagBag from /home/airflow/.local/lib/python3.12/site-packages/airflow/example_dags/example_short_circuit_operator.py
[2025-05-11T09:31:46.644+0000] {processor.py:840} INFO - DAG(s) 'example_short_circuit_operator' retrieved from /home/airflow/.local/lib/python3.12/site-packages/airflow/example_dags/example_short_circuit_operator.py
[2025-05-11T09:31:46.664+0000] {logging_mixin.py:188} INFO - [2025-05-11T09:31:46.663+0000] {dag.py:3096} INFO - Sync 1 DAGs
[2025-05-11T09:31:46.683+0000] {logging_mixin.py:188} INFO - [2025-05-11T09:31:46.683+0000] {dag.py:3954} INFO - Setting next_dagrun for example_short_circuit_operator to 2025-05-10 00:00:00+00:00, run_after=2025-05-11 00:00:00+00:00
[2025-05-11T09:31:46.710+0000] {processor.py:183} INFO - Processing /home/airflow/.local/lib/python3.12/site-packages/airflow/example_dags/example_short_circuit_operator.py took 0.082 seconds
[2025-05-11T09:32:16.800+0000] {processor.py:161} INFO - Started process (PID=799) to work on /home/airflow/.local/lib/python3.12/site-packages/airflow/example_dags/example_short_circuit_operator.py
[2025-05-11T09:32:16.800+0000] {processor.py:830} INFO - Processing file /home/airflow/.local/lib/python3.12/site-packages/airflow/example_dags/example_short_circuit_operator.py for tasks to queue
[2025-05-11T09:32:16.802+0000] {logging_mixin.py:188} INFO - [2025-05-11T09:32:16.802+0000] {dagbag.py:545} INFO - Filling up the DagBag from /home/airflow/.local/lib/python3.12/site-packages/airflow/example_dags/example_short_circuit_operator.py
[2025-05-11T09:32:16.810+0000] {processor.py:840} INFO - DAG(s) 'example_short_circuit_operator' retrieved from /home/airflow/.local/lib/python3.12/site-packages/airflow/example_dags/example_short_circuit_operator.py
[2025-05-11T09:32:16.830+0000] {logging_mixin.py:188} INFO - [2025-05-11T09:32:16.830+0000] {dag.py:3096} INFO - Sync 1 DAGs
[2025-05-11T09:32:16.851+0000] {logging_mixin.py:188} INFO - [2025-05-11T09:32:16.851+0000] {dag.py:3954} INFO - Setting next_dagrun for example_short_circuit_operator to 2025-05-10 00:00:00+00:00, run_after=2025-05-11 00:00:00+00:00
[2025-05-11T09:32:16.878+0000] {processor.py:183} INFO - Processing /home/airflow/.local/lib/python3.12/site-packages/airflow/example_dags/example_short_circuit_operator.py took 0.084 seconds
[2025-05-11T09:32:46.945+0000] {processor.py:161} INFO - Started process (PID=1061) to work on /home/airflow/.local/lib/python3.12/site-packages/airflow/example_dags/example_short_circuit_operator.py
[2025-05-11T09:32:46.948+0000] {processor.py:830} INFO - Processing file /home/airflow/.local/lib/python3.12/site-packages/airflow/example_dags/example_short_circuit_operator.py for tasks to queue
[2025-05-11T09:32:46.950+0000] {logging_mixin.py:188} INFO - [2025-05-11T09:32:46.950+0000] {dagbag.py:545} INFO - Filling up the DagBag from /home/airflow/.local/lib/python3.12/site-packages/airflow/example_dags/example_short_circuit_operator.py
[2025-05-11T09:32:46.957+0000] {processor.py:840} INFO - DAG(s) 'example_short_circuit_operator' retrieved from /home/airflow/.local/lib/python3.12/site-packages/airflow/example_dags/example_short_circuit_operator.py
[2025-05-11T09:32:46.986+0000] {logging_mixin.py:188} INFO - [2025-05-11T09:32:46.985+0000] {dag.py:3096} INFO - Sync 1 DAGs
[2025-05-11T09:32:47.006+0000] {logging_mixin.py:188} INFO - [2025-05-11T09:32:47.005+0000] {dag.py:3954} INFO - Setting next_dagrun for example_short_circuit_operator to 2025-05-10 00:00:00+00:00, run_after=2025-05-11 00:00:00+00:00
[2025-05-11T09:32:47.035+0000] {processor.py:183} INFO - Processing /home/airflow/.local/lib/python3.12/site-packages/airflow/example_dags/example_short_circuit_operator.py took 0.096 seconds
[2025-05-11T09:33:17.805+0000] {processor.py:161} INFO - Started process (PID=1322) to work on /home/airflow/.local/lib/python3.12/site-packages/airflow/example_dags/example_short_circuit_operator.py
[2025-05-11T09:33:17.806+0000] {processor.py:830} INFO - Processing file /home/airflow/.local/lib/python3.12/site-packages/airflow/example_dags/example_short_circuit_operator.py for tasks to queue
[2025-05-11T09:33:17.808+0000] {logging_mixin.py:188} INFO - [2025-05-11T09:33:17.808+0000] {dagbag.py:545} INFO - Filling up the DagBag from /home/airflow/.local/lib/python3.12/site-packages/airflow/example_dags/example_short_circuit_operator.py
[2025-05-11T09:33:17.815+0000] {processor.py:840} INFO - DAG(s) 'example_short_circuit_operator' retrieved from /home/airflow/.local/lib/python3.12/site-packages/airflow/example_dags/example_short_circuit_operator.py
[2025-05-11T09:33:17.837+0000] {logging_mixin.py:188} INFO - [2025-05-11T09:33:17.837+0000] {dag.py:3096} INFO - Sync 1 DAGs
[2025-05-11T09:33:17.858+0000] {logging_mixin.py:188} INFO - [2025-05-11T09:33:17.857+0000] {dag.py:3954} INFO - Setting next_dagrun for example_short_circuit_operator to 2025-05-10 00:00:00+00:00, run_after=2025-05-11 00:00:00+00:00
[2025-05-11T09:33:17.886+0000] {processor.py:183} INFO - Processing /home/airflow/.local/lib/python3.12/site-packages/airflow/example_dags/example_short_circuit_operator.py took 0.089 seconds
