[2025-05-11T09:31:16.405+0000] {processor.py:161} INFO - Started process (PID=313) to work on /home/airflow/.local/lib/python3.12/site-packages/airflow/example_dags/example_datasets.py
[2025-05-11T09:31:16.406+0000] {processor.py:830} INFO - Processing file /home/airflow/.local/lib/python3.12/site-packages/airflow/example_dags/example_datasets.py for tasks to queue
[2025-05-11T09:31:16.408+0000] {logging_mixin.py:188} INFO - [2025-05-11T09:31:16.407+0000] {dagbag.py:545} INFO - Filling up the DagBag from /home/airflow/.local/lib/python3.12/site-packages/airflow/example_dags/example_datasets.py
[2025-05-11T09:31:16.432+0000] {processor.py:840} INFO - DAG(s) 'dataset_consumes_1', 'consume_1_or_both_2_and_3_with_dataset_expressions', 'dataset_consumes_unknown_never_scheduled', 'consume_1_or_2_with_dataset_expressions', 'dataset_produces_2', 'dataset_produces_1', 'dataset_consumes_1_and_2', 'consume_1_and_2_with_dataset_expressions', 'conditional_dataset_and_time_based_timetable', 'dataset_consumes_1_never_scheduled' retrieved from /home/airflow/.local/lib/python3.12/site-packages/airflow/example_dags/example_datasets.py
[2025-05-11T09:31:16.540+0000] {logging_mixin.py:188} INFO - [2025-05-11T09:31:16.539+0000] {override.py:1829} INFO - Created Permission View: can delete on DAG:dataset_consumes_1
[2025-05-11T09:31:16.552+0000] {logging_mixin.py:188} INFO - [2025-05-11T09:31:16.551+0000] {override.py:1829} INFO - Created Permission View: can edit on DAG:dataset_consumes_1
[2025-05-11T09:31:16.559+0000] {logging_mixin.py:188} INFO - [2025-05-11T09:31:16.558+0000] {override.py:1829} INFO - Created Permission View: can read on DAG:dataset_consumes_1
[2025-05-11T09:31:16.580+0000] {logging_mixin.py:188} INFO - [2025-05-11T09:31:16.579+0000] {override.py:1829} INFO - Created Permission View: can delete on DAG:consume_1_or_both_2_and_3_with_dataset_expressions
[2025-05-11T09:31:16.590+0000] {logging_mixin.py:188} INFO - [2025-05-11T09:31:16.590+0000] {override.py:1829} INFO - Created Permission View: can edit on DAG:consume_1_or_both_2_and_3_with_dataset_expressions
[2025-05-11T09:31:16.599+0000] {logging_mixin.py:188} INFO - [2025-05-11T09:31:16.598+0000] {override.py:1829} INFO - Created Permission View: can read on DAG:consume_1_or_both_2_and_3_with_dataset_expressions
[2025-05-11T09:31:16.616+0000] {logging_mixin.py:188} INFO - [2025-05-11T09:31:16.615+0000] {override.py:1829} INFO - Created Permission View: can delete on DAG:dataset_consumes_unknown_never_scheduled
[2025-05-11T09:31:16.627+0000] {logging_mixin.py:188} INFO - [2025-05-11T09:31:16.626+0000] {override.py:1829} INFO - Created Permission View: can edit on DAG:dataset_consumes_unknown_never_scheduled
[2025-05-11T09:31:16.638+0000] {logging_mixin.py:188} INFO - [2025-05-11T09:31:16.637+0000] {override.py:1829} INFO - Created Permission View: can read on DAG:dataset_consumes_unknown_never_scheduled
[2025-05-11T09:31:16.654+0000] {logging_mixin.py:188} INFO - [2025-05-11T09:31:16.653+0000] {override.py:1829} INFO - Created Permission View: can delete on DAG:consume_1_or_2_with_dataset_expressions
[2025-05-11T09:31:16.662+0000] {logging_mixin.py:188} INFO - [2025-05-11T09:31:16.661+0000] {override.py:1829} INFO - Created Permission View: can edit on DAG:consume_1_or_2_with_dataset_expressions
[2025-05-11T09:31:16.670+0000] {logging_mixin.py:188} INFO - [2025-05-11T09:31:16.670+0000] {override.py:1829} INFO - Created Permission View: can read on DAG:consume_1_or_2_with_dataset_expressions
[2025-05-11T09:31:16.683+0000] {logging_mixin.py:188} INFO - [2025-05-11T09:31:16.682+0000] {override.py:1829} INFO - Created Permission View: can delete on DAG:dataset_produces_2
[2025-05-11T09:31:16.692+0000] {logging_mixin.py:188} INFO - [2025-05-11T09:31:16.692+0000] {override.py:1829} INFO - Created Permission View: can edit on DAG:dataset_produces_2
[2025-05-11T09:31:16.703+0000] {logging_mixin.py:188} INFO - [2025-05-11T09:31:16.703+0000] {override.py:1829} INFO - Created Permission View: can read on DAG:dataset_produces_2
[2025-05-11T09:31:16.722+0000] {logging_mixin.py:188} INFO - [2025-05-11T09:31:16.721+0000] {override.py:1829} INFO - Created Permission View: can delete on DAG:dataset_produces_1
[2025-05-11T09:31:16.732+0000] {logging_mixin.py:188} INFO - [2025-05-11T09:31:16.731+0000] {override.py:1829} INFO - Created Permission View: can edit on DAG:dataset_produces_1
[2025-05-11T09:31:16.739+0000] {logging_mixin.py:188} INFO - [2025-05-11T09:31:16.738+0000] {override.py:1829} INFO - Created Permission View: can read on DAG:dataset_produces_1
[2025-05-11T09:31:16.753+0000] {logging_mixin.py:188} INFO - [2025-05-11T09:31:16.752+0000] {override.py:1829} INFO - Created Permission View: can delete on DAG:dataset_consumes_1_and_2
[2025-05-11T09:31:16.763+0000] {logging_mixin.py:188} INFO - [2025-05-11T09:31:16.762+0000] {override.py:1829} INFO - Created Permission View: can edit on DAG:dataset_consumes_1_and_2
[2025-05-11T09:31:16.773+0000] {logging_mixin.py:188} INFO - [2025-05-11T09:31:16.772+0000] {override.py:1829} INFO - Created Permission View: can read on DAG:dataset_consumes_1_and_2
[2025-05-11T09:31:16.786+0000] {logging_mixin.py:188} INFO - [2025-05-11T09:31:16.786+0000] {override.py:1829} INFO - Created Permission View: can delete on DAG:consume_1_and_2_with_dataset_expressions
[2025-05-11T09:31:16.796+0000] {logging_mixin.py:188} INFO - [2025-05-11T09:31:16.795+0000] {override.py:1829} INFO - Created Permission View: can edit on DAG:consume_1_and_2_with_dataset_expressions
[2025-05-11T09:31:16.807+0000] {logging_mixin.py:188} INFO - [2025-05-11T09:31:16.806+0000] {override.py:1829} INFO - Created Permission View: can read on DAG:consume_1_and_2_with_dataset_expressions
[2025-05-11T09:31:16.828+0000] {logging_mixin.py:188} INFO - [2025-05-11T09:31:16.827+0000] {override.py:1829} INFO - Created Permission View: can delete on DAG:conditional_dataset_and_time_based_timetable
[2025-05-11T09:31:16.838+0000] {logging_mixin.py:188} INFO - [2025-05-11T09:31:16.837+0000] {override.py:1829} INFO - Created Permission View: can edit on DAG:conditional_dataset_and_time_based_timetable
[2025-05-11T09:31:16.848+0000] {logging_mixin.py:188} INFO - [2025-05-11T09:31:16.847+0000] {override.py:1829} INFO - Created Permission View: can read on DAG:conditional_dataset_and_time_based_timetable
[2025-05-11T09:31:16.869+0000] {logging_mixin.py:188} INFO - [2025-05-11T09:31:16.869+0000] {override.py:1829} INFO - Created Permission View: can delete on DAG:dataset_consumes_1_never_scheduled
[2025-05-11T09:31:16.879+0000] {logging_mixin.py:188} INFO - [2025-05-11T09:31:16.879+0000] {override.py:1829} INFO - Created Permission View: can edit on DAG:dataset_consumes_1_never_scheduled
[2025-05-11T09:31:16.888+0000] {logging_mixin.py:188} INFO - [2025-05-11T09:31:16.888+0000] {override.py:1829} INFO - Created Permission View: can read on DAG:dataset_consumes_1_never_scheduled
[2025-05-11T09:31:16.889+0000] {logging_mixin.py:188} INFO - [2025-05-11T09:31:16.889+0000] {dag.py:3096} INFO - Sync 10 DAGs
[2025-05-11T09:31:16.904+0000] {logging_mixin.py:188} INFO - [2025-05-11T09:31:16.904+0000] {dag.py:3118} INFO - Creating ORM DAG for consume_1_or_both_2_and_3_with_dataset_expressions
[2025-05-11T09:31:16.905+0000] {logging_mixin.py:188} INFO - [2025-05-11T09:31:16.905+0000] {dag.py:3118} INFO - Creating ORM DAG for dataset_consumes_1_and_2
[2025-05-11T09:31:16.906+0000] {logging_mixin.py:188} INFO - [2025-05-11T09:31:16.906+0000] {dag.py:3118} INFO - Creating ORM DAG for dataset_consumes_1
[2025-05-11T09:31:16.908+0000] {logging_mixin.py:188} INFO - [2025-05-11T09:31:16.907+0000] {dag.py:3118} INFO - Creating ORM DAG for conditional_dataset_and_time_based_timetable
[2025-05-11T09:31:16.909+0000] {logging_mixin.py:188} INFO - [2025-05-11T09:31:16.909+0000] {dag.py:3118} INFO - Creating ORM DAG for consume_1_or_2_with_dataset_expressions
[2025-05-11T09:31:16.910+0000] {logging_mixin.py:188} INFO - [2025-05-11T09:31:16.909+0000] {dag.py:3118} INFO - Creating ORM DAG for dataset_produces_2
[2025-05-11T09:31:16.911+0000] {logging_mixin.py:188} INFO - [2025-05-11T09:31:16.910+0000] {dag.py:3118} INFO - Creating ORM DAG for consume_1_and_2_with_dataset_expressions
[2025-05-11T09:31:16.911+0000] {logging_mixin.py:188} INFO - [2025-05-11T09:31:16.911+0000] {dag.py:3118} INFO - Creating ORM DAG for dataset_consumes_1_never_scheduled
[2025-05-11T09:31:16.912+0000] {logging_mixin.py:188} INFO - [2025-05-11T09:31:16.912+0000] {dag.py:3118} INFO - Creating ORM DAG for dataset_consumes_unknown_never_scheduled
[2025-05-11T09:31:16.913+0000] {logging_mixin.py:188} INFO - [2025-05-11T09:31:16.913+0000] {dag.py:3118} INFO - Creating ORM DAG for dataset_produces_1
[2025-05-11T09:31:16.925+0000] {logging_mixin.py:188} INFO - [2025-05-11T09:31:16.925+0000] {dag.py:3954} INFO - Setting next_dagrun for conditional_dataset_and_time_based_timetable to 2025-05-07 01:00:00+00:00, run_after=2025-05-07 01:00:00+00:00
[2025-05-11T09:31:16.926+0000] {logging_mixin.py:188} INFO - [2025-05-11T09:31:16.926+0000] {dag.py:3954} INFO - Setting next_dagrun for consume_1_and_2_with_dataset_expressions to None, run_after=None
[2025-05-11T09:31:16.927+0000] {logging_mixin.py:188} INFO - [2025-05-11T09:31:16.927+0000] {dag.py:3954} INFO - Setting next_dagrun for consume_1_or_2_with_dataset_expressions to None, run_after=None
[2025-05-11T09:31:16.928+0000] {logging_mixin.py:188} INFO - [2025-05-11T09:31:16.928+0000] {dag.py:3954} INFO - Setting next_dagrun for consume_1_or_both_2_and_3_with_dataset_expressions to None, run_after=None
[2025-05-11T09:31:16.929+0000] {logging_mixin.py:188} INFO - [2025-05-11T09:31:16.929+0000] {dag.py:3954} INFO - Setting next_dagrun for dataset_consumes_1 to None, run_after=None
[2025-05-11T09:31:16.930+0000] {logging_mixin.py:188} INFO - [2025-05-11T09:31:16.930+0000] {dag.py:3954} INFO - Setting next_dagrun for dataset_consumes_1_and_2 to None, run_after=None
[2025-05-11T09:31:16.931+0000] {logging_mixin.py:188} INFO - [2025-05-11T09:31:16.931+0000] {dag.py:3954} INFO - Setting next_dagrun for dataset_consumes_1_never_scheduled to None, run_after=None
[2025-05-11T09:31:16.932+0000] {logging_mixin.py:188} INFO - [2025-05-11T09:31:16.931+0000] {dag.py:3954} INFO - Setting next_dagrun for dataset_consumes_unknown_never_scheduled to None, run_after=None
[2025-05-11T09:31:16.934+0000] {logging_mixin.py:188} INFO - [2025-05-11T09:31:16.933+0000] {dag.py:3954} INFO - Setting next_dagrun for dataset_produces_1 to 2025-05-10 00:00:00+00:00, run_after=2025-05-11 00:00:00+00:00
[2025-05-11T09:31:16.935+0000] {logging_mixin.py:188} INFO - [2025-05-11T09:31:16.934+0000] {dag.py:3954} INFO - Setting next_dagrun for dataset_produces_2 to None, run_after=None
[2025-05-11T09:31:16.976+0000] {processor.py:183} INFO - Processing /home/airflow/.local/lib/python3.12/site-packages/airflow/example_dags/example_datasets.py took 0.579 seconds
[2025-05-11T09:31:47.075+0000] {processor.py:161} INFO - Started process (PID=577) to work on /home/airflow/.local/lib/python3.12/site-packages/airflow/example_dags/example_datasets.py
[2025-05-11T09:31:47.079+0000] {processor.py:830} INFO - Processing file /home/airflow/.local/lib/python3.12/site-packages/airflow/example_dags/example_datasets.py for tasks to queue
[2025-05-11T09:31:47.081+0000] {logging_mixin.py:188} INFO - [2025-05-11T09:31:47.080+0000] {dagbag.py:545} INFO - Filling up the DagBag from /home/airflow/.local/lib/python3.12/site-packages/airflow/example_dags/example_datasets.py
[2025-05-11T09:31:47.093+0000] {processor.py:840} INFO - DAG(s) 'dataset_produces_2', 'dataset_produces_1', 'consume_1_or_both_2_and_3_with_dataset_expressions', 'dataset_consumes_1', 'dataset_consumes_1_and_2', 'dataset_consumes_1_never_scheduled', 'dataset_consumes_unknown_never_scheduled', 'consume_1_or_2_with_dataset_expressions', 'consume_1_and_2_with_dataset_expressions', 'conditional_dataset_and_time_based_timetable' retrieved from /home/airflow/.local/lib/python3.12/site-packages/airflow/example_dags/example_datasets.py
[2025-05-11T09:31:47.134+0000] {logging_mixin.py:188} INFO - [2025-05-11T09:31:47.134+0000] {dag.py:3096} INFO - Sync 10 DAGs
[2025-05-11T09:31:47.160+0000] {logging_mixin.py:188} INFO - [2025-05-11T09:31:47.160+0000] {dag.py:3954} INFO - Setting next_dagrun for conditional_dataset_and_time_based_timetable to 2025-05-07 01:00:00+00:00, run_after=2025-05-07 01:00:00+00:00
[2025-05-11T09:31:47.164+0000] {logging_mixin.py:188} INFO - [2025-05-11T09:31:47.164+0000] {dag.py:3954} INFO - Setting next_dagrun for consume_1_and_2_with_dataset_expressions to None, run_after=None
[2025-05-11T09:31:47.166+0000] {logging_mixin.py:188} INFO - [2025-05-11T09:31:47.166+0000] {dag.py:3954} INFO - Setting next_dagrun for consume_1_or_2_with_dataset_expressions to None, run_after=None
[2025-05-11T09:31:47.167+0000] {logging_mixin.py:188} INFO - [2025-05-11T09:31:47.167+0000] {dag.py:3954} INFO - Setting next_dagrun for consume_1_or_both_2_and_3_with_dataset_expressions to None, run_after=None
[2025-05-11T09:31:47.169+0000] {logging_mixin.py:188} INFO - [2025-05-11T09:31:47.169+0000] {dag.py:3954} INFO - Setting next_dagrun for dataset_consumes_1 to None, run_after=None
[2025-05-11T09:31:47.171+0000] {logging_mixin.py:188} INFO - [2025-05-11T09:31:47.171+0000] {dag.py:3954} INFO - Setting next_dagrun for dataset_consumes_1_and_2 to None, run_after=None
[2025-05-11T09:31:47.173+0000] {logging_mixin.py:188} INFO - [2025-05-11T09:31:47.173+0000] {dag.py:3954} INFO - Setting next_dagrun for dataset_consumes_1_never_scheduled to None, run_after=None
[2025-05-11T09:31:47.175+0000] {logging_mixin.py:188} INFO - [2025-05-11T09:31:47.174+0000] {dag.py:3954} INFO - Setting next_dagrun for dataset_consumes_unknown_never_scheduled to None, run_after=None
[2025-05-11T09:31:47.178+0000] {logging_mixin.py:188} INFO - [2025-05-11T09:31:47.178+0000] {dag.py:3954} INFO - Setting next_dagrun for dataset_produces_1 to 2025-05-10 00:00:00+00:00, run_after=2025-05-11 00:00:00+00:00
[2025-05-11T09:31:47.179+0000] {logging_mixin.py:188} INFO - [2025-05-11T09:31:47.179+0000] {dag.py:3954} INFO - Setting next_dagrun for dataset_produces_2 to None, run_after=None
[2025-05-11T09:31:47.215+0000] {processor.py:183} INFO - Processing /home/airflow/.local/lib/python3.12/site-packages/airflow/example_dags/example_datasets.py took 0.145 seconds
[2025-05-11T09:32:17.326+0000] {processor.py:161} INFO - Started process (PID=844) to work on /home/airflow/.local/lib/python3.12/site-packages/airflow/example_dags/example_datasets.py
[2025-05-11T09:32:17.326+0000] {processor.py:830} INFO - Processing file /home/airflow/.local/lib/python3.12/site-packages/airflow/example_dags/example_datasets.py for tasks to queue
[2025-05-11T09:32:17.328+0000] {logging_mixin.py:188} INFO - [2025-05-11T09:32:17.328+0000] {dagbag.py:545} INFO - Filling up the DagBag from /home/airflow/.local/lib/python3.12/site-packages/airflow/example_dags/example_datasets.py
[2025-05-11T09:32:17.339+0000] {processor.py:840} INFO - DAG(s) 'dataset_produces_1', 'dataset_consumes_unknown_never_scheduled', 'consume_1_and_2_with_dataset_expressions', 'conditional_dataset_and_time_based_timetable', 'dataset_consumes_1_never_scheduled', 'dataset_produces_2', 'consume_1_or_both_2_and_3_with_dataset_expressions', 'consume_1_or_2_with_dataset_expressions', 'dataset_consumes_1', 'dataset_consumes_1_and_2' retrieved from /home/airflow/.local/lib/python3.12/site-packages/airflow/example_dags/example_datasets.py
[2025-05-11T09:32:17.377+0000] {logging_mixin.py:188} INFO - [2025-05-11T09:32:17.376+0000] {dag.py:3096} INFO - Sync 10 DAGs
[2025-05-11T09:32:17.398+0000] {logging_mixin.py:188} INFO - [2025-05-11T09:32:17.398+0000] {dag.py:3954} INFO - Setting next_dagrun for conditional_dataset_and_time_based_timetable to 2025-05-07 01:00:00+00:00, run_after=2025-05-07 01:00:00+00:00
[2025-05-11T09:32:17.402+0000] {logging_mixin.py:188} INFO - [2025-05-11T09:32:17.402+0000] {dag.py:3954} INFO - Setting next_dagrun for consume_1_and_2_with_dataset_expressions to None, run_after=None
[2025-05-11T09:32:17.404+0000] {logging_mixin.py:188} INFO - [2025-05-11T09:32:17.404+0000] {dag.py:3954} INFO - Setting next_dagrun for consume_1_or_2_with_dataset_expressions to None, run_after=None
[2025-05-11T09:32:17.405+0000] {logging_mixin.py:188} INFO - [2025-05-11T09:32:17.405+0000] {dag.py:3954} INFO - Setting next_dagrun for consume_1_or_both_2_and_3_with_dataset_expressions to None, run_after=None
[2025-05-11T09:32:17.407+0000] {logging_mixin.py:188} INFO - [2025-05-11T09:32:17.407+0000] {dag.py:3954} INFO - Setting next_dagrun for dataset_consumes_1 to None, run_after=None
[2025-05-11T09:32:17.408+0000] {logging_mixin.py:188} INFO - [2025-05-11T09:32:17.408+0000] {dag.py:3954} INFO - Setting next_dagrun for dataset_consumes_1_and_2 to None, run_after=None
[2025-05-11T09:32:17.409+0000] {logging_mixin.py:188} INFO - [2025-05-11T09:32:17.409+0000] {dag.py:3954} INFO - Setting next_dagrun for dataset_consumes_1_never_scheduled to None, run_after=None
[2025-05-11T09:32:17.411+0000] {logging_mixin.py:188} INFO - [2025-05-11T09:32:17.410+0000] {dag.py:3954} INFO - Setting next_dagrun for dataset_consumes_unknown_never_scheduled to None, run_after=None
[2025-05-11T09:32:17.413+0000] {logging_mixin.py:188} INFO - [2025-05-11T09:32:17.412+0000] {dag.py:3954} INFO - Setting next_dagrun for dataset_produces_1 to 2025-05-10 00:00:00+00:00, run_after=2025-05-11 00:00:00+00:00
[2025-05-11T09:32:17.414+0000] {logging_mixin.py:188} INFO - [2025-05-11T09:32:17.414+0000] {dag.py:3954} INFO - Setting next_dagrun for dataset_produces_2 to None, run_after=None
[2025-05-11T09:32:17.447+0000] {processor.py:183} INFO - Processing /home/airflow/.local/lib/python3.12/site-packages/airflow/example_dags/example_datasets.py took 0.127 seconds
[2025-05-11T09:32:47.479+0000] {processor.py:161} INFO - Started process (PID=1106) to work on /home/airflow/.local/lib/python3.12/site-packages/airflow/example_dags/example_datasets.py
[2025-05-11T09:32:47.480+0000] {processor.py:830} INFO - Processing file /home/airflow/.local/lib/python3.12/site-packages/airflow/example_dags/example_datasets.py for tasks to queue
[2025-05-11T09:32:47.482+0000] {logging_mixin.py:188} INFO - [2025-05-11T09:32:47.481+0000] {dagbag.py:545} INFO - Filling up the DagBag from /home/airflow/.local/lib/python3.12/site-packages/airflow/example_dags/example_datasets.py
[2025-05-11T09:32:47.493+0000] {processor.py:840} INFO - DAG(s) 'conditional_dataset_and_time_based_timetable', 'dataset_produces_2', 'dataset_consumes_1', 'consume_1_and_2_with_dataset_expressions', 'consume_1_or_2_with_dataset_expressions', 'dataset_consumes_1_never_scheduled', 'dataset_consumes_unknown_never_scheduled', 'consume_1_or_both_2_and_3_with_dataset_expressions', 'dataset_produces_1', 'dataset_consumes_1_and_2' retrieved from /home/airflow/.local/lib/python3.12/site-packages/airflow/example_dags/example_datasets.py
[2025-05-11T09:32:47.533+0000] {logging_mixin.py:188} INFO - [2025-05-11T09:32:47.533+0000] {dag.py:3096} INFO - Sync 10 DAGs
[2025-05-11T09:32:47.554+0000] {logging_mixin.py:188} INFO - [2025-05-11T09:32:47.554+0000] {dag.py:3954} INFO - Setting next_dagrun for conditional_dataset_and_time_based_timetable to 2025-05-07 01:00:00+00:00, run_after=2025-05-07 01:00:00+00:00
[2025-05-11T09:32:47.558+0000] {logging_mixin.py:188} INFO - [2025-05-11T09:32:47.558+0000] {dag.py:3954} INFO - Setting next_dagrun for consume_1_and_2_with_dataset_expressions to None, run_after=None
[2025-05-11T09:32:47.559+0000] {logging_mixin.py:188} INFO - [2025-05-11T09:32:47.559+0000] {dag.py:3954} INFO - Setting next_dagrun for consume_1_or_2_with_dataset_expressions to None, run_after=None
[2025-05-11T09:32:47.561+0000] {logging_mixin.py:188} INFO - [2025-05-11T09:32:47.560+0000] {dag.py:3954} INFO - Setting next_dagrun for consume_1_or_both_2_and_3_with_dataset_expressions to None, run_after=None
[2025-05-11T09:32:47.562+0000] {logging_mixin.py:188} INFO - [2025-05-11T09:32:47.562+0000] {dag.py:3954} INFO - Setting next_dagrun for dataset_consumes_1 to None, run_after=None
[2025-05-11T09:32:47.563+0000] {logging_mixin.py:188} INFO - [2025-05-11T09:32:47.563+0000] {dag.py:3954} INFO - Setting next_dagrun for dataset_consumes_1_and_2 to None, run_after=None
[2025-05-11T09:32:47.565+0000] {logging_mixin.py:188} INFO - [2025-05-11T09:32:47.564+0000] {dag.py:3954} INFO - Setting next_dagrun for dataset_consumes_1_never_scheduled to None, run_after=None
[2025-05-11T09:32:47.566+0000] {logging_mixin.py:188} INFO - [2025-05-11T09:32:47.566+0000] {dag.py:3954} INFO - Setting next_dagrun for dataset_consumes_unknown_never_scheduled to None, run_after=None
[2025-05-11T09:32:47.568+0000] {logging_mixin.py:188} INFO - [2025-05-11T09:32:47.568+0000] {dag.py:3954} INFO - Setting next_dagrun for dataset_produces_1 to 2025-05-10 00:00:00+00:00, run_after=2025-05-11 00:00:00+00:00
[2025-05-11T09:32:47.569+0000] {logging_mixin.py:188} INFO - [2025-05-11T09:32:47.569+0000] {dag.py:3954} INFO - Setting next_dagrun for dataset_produces_2 to None, run_after=None
[2025-05-11T09:32:47.605+0000] {processor.py:183} INFO - Processing /home/airflow/.local/lib/python3.12/site-packages/airflow/example_dags/example_datasets.py took 0.131 seconds
[2025-05-11T09:33:18.179+0000] {processor.py:161} INFO - Started process (PID=1360) to work on /home/airflow/.local/lib/python3.12/site-packages/airflow/example_dags/example_datasets.py
[2025-05-11T09:33:18.179+0000] {processor.py:830} INFO - Processing file /home/airflow/.local/lib/python3.12/site-packages/airflow/example_dags/example_datasets.py for tasks to queue
[2025-05-11T09:33:18.181+0000] {logging_mixin.py:188} INFO - [2025-05-11T09:33:18.181+0000] {dagbag.py:545} INFO - Filling up the DagBag from /home/airflow/.local/lib/python3.12/site-packages/airflow/example_dags/example_datasets.py
[2025-05-11T09:33:18.193+0000] {processor.py:840} INFO - DAG(s) 'consume_1_or_2_with_dataset_expressions', 'dataset_consumes_1_and_2', 'dataset_consumes_unknown_never_scheduled', 'dataset_consumes_1', 'consume_1_and_2_with_dataset_expressions', 'dataset_produces_2', 'dataset_consumes_1_never_scheduled', 'dataset_produces_1', 'conditional_dataset_and_time_based_timetable', 'consume_1_or_both_2_and_3_with_dataset_expressions' retrieved from /home/airflow/.local/lib/python3.12/site-packages/airflow/example_dags/example_datasets.py
[2025-05-11T09:33:18.239+0000] {logging_mixin.py:188} INFO - [2025-05-11T09:33:18.239+0000] {dag.py:3096} INFO - Sync 10 DAGs
[2025-05-11T09:33:18.262+0000] {logging_mixin.py:188} INFO - [2025-05-11T09:33:18.262+0000] {dag.py:3954} INFO - Setting next_dagrun for conditional_dataset_and_time_based_timetable to 2025-05-07 01:00:00+00:00, run_after=2025-05-07 01:00:00+00:00
[2025-05-11T09:33:18.267+0000] {logging_mixin.py:188} INFO - [2025-05-11T09:33:18.266+0000] {dag.py:3954} INFO - Setting next_dagrun for consume_1_and_2_with_dataset_expressions to None, run_after=None
[2025-05-11T09:33:18.268+0000] {logging_mixin.py:188} INFO - [2025-05-11T09:33:18.268+0000] {dag.py:3954} INFO - Setting next_dagrun for consume_1_or_2_with_dataset_expressions to None, run_after=None
[2025-05-11T09:33:18.270+0000] {logging_mixin.py:188} INFO - [2025-05-11T09:33:18.270+0000] {dag.py:3954} INFO - Setting next_dagrun for consume_1_or_both_2_and_3_with_dataset_expressions to None, run_after=None
[2025-05-11T09:33:18.271+0000] {logging_mixin.py:188} INFO - [2025-05-11T09:33:18.271+0000] {dag.py:3954} INFO - Setting next_dagrun for dataset_consumes_1 to None, run_after=None
[2025-05-11T09:33:18.273+0000] {logging_mixin.py:188} INFO - [2025-05-11T09:33:18.272+0000] {dag.py:3954} INFO - Setting next_dagrun for dataset_consumes_1_and_2 to None, run_after=None
[2025-05-11T09:33:18.274+0000] {logging_mixin.py:188} INFO - [2025-05-11T09:33:18.274+0000] {dag.py:3954} INFO - Setting next_dagrun for dataset_consumes_1_never_scheduled to None, run_after=None
[2025-05-11T09:33:18.276+0000] {logging_mixin.py:188} INFO - [2025-05-11T09:33:18.275+0000] {dag.py:3954} INFO - Setting next_dagrun for dataset_consumes_unknown_never_scheduled to None, run_after=None
[2025-05-11T09:33:18.279+0000] {logging_mixin.py:188} INFO - [2025-05-11T09:33:18.278+0000] {dag.py:3954} INFO - Setting next_dagrun for dataset_produces_1 to 2025-05-10 00:00:00+00:00, run_after=2025-05-11 00:00:00+00:00
[2025-05-11T09:33:18.280+0000] {logging_mixin.py:188} INFO - [2025-05-11T09:33:18.280+0000] {dag.py:3954} INFO - Setting next_dagrun for dataset_produces_2 to None, run_after=None
[2025-05-11T09:33:18.314+0000] {processor.py:183} INFO - Processing /home/airflow/.local/lib/python3.12/site-packages/airflow/example_dags/example_datasets.py took 0.140 seconds
