[2025-05-11T09:31:14.157+0000] {processor.py:161} INFO - Started process (PID=223) to work on /home/airflow/.local/lib/python3.12/site-packages/airflow/example_dags/example_short_circuit_decorator.py
[2025-05-11T09:31:14.158+0000] {processor.py:830} INFO - Processing file /home/airflow/.local/lib/python3.12/site-packages/airflow/example_dags/example_short_circuit_decorator.py for tasks to queue
[2025-05-11T09:31:14.160+0000] {logging_mixin.py:188} INFO - [2025-05-11T09:31:14.160+0000] {dagbag.py:545} INFO - Filling up the DagBag from /home/airflow/.local/lib/python3.12/site-packages/airflow/example_dags/example_short_circuit_decorator.py
[2025-05-11T09:31:14.173+0000] {processor.py:840} INFO - DAG(s) 'example_short_circuit_decorator' retrieved from /home/airflow/.local/lib/python3.12/site-packages/airflow/example_dags/example_short_circuit_decorator.py
[2025-05-11T09:31:14.290+0000] {logging_mixin.py:188} INFO - [2025-05-11T09:31:14.289+0000] {override.py:1829} INFO - Created Permission View: can delete on DAG:example_short_circuit_decorator
[2025-05-11T09:31:14.299+0000] {logging_mixin.py:188} INFO - [2025-05-11T09:31:14.299+0000] {override.py:1829} INFO - Created Permission View: can edit on DAG:example_short_circuit_decorator
[2025-05-11T09:31:14.306+0000] {logging_mixin.py:188} INFO - [2025-05-11T09:31:14.305+0000] {override.py:1829} INFO - Created Permission View: can read on DAG:example_short_circuit_decorator
[2025-05-11T09:31:14.306+0000] {logging_mixin.py:188} INFO - [2025-05-11T09:31:14.306+0000] {dag.py:3096} INFO - Sync 1 DAGs
[2025-05-11T09:31:14.317+0000] {logging_mixin.py:188} INFO - [2025-05-11T09:31:14.316+0000] {dag.py:3118} INFO - Creating ORM DAG for example_short_circuit_decorator
[2025-05-11T09:31:14.329+0000] {logging_mixin.py:188} INFO - [2025-05-11T09:31:14.328+0000] {dag.py:3954} INFO - Setting next_dagrun for example_short_circuit_decorator to 2025-05-10 00:00:00+00:00, run_after=2025-05-11 00:00:00+00:00
[2025-05-11T09:31:14.344+0000] {processor.py:183} INFO - Processing /home/airflow/.local/lib/python3.12/site-packages/airflow/example_dags/example_short_circuit_decorator.py took 0.193 seconds
[2025-05-11T09:31:44.784+0000] {processor.py:161} INFO - Started process (PID=485) to work on /home/airflow/.local/lib/python3.12/site-packages/airflow/example_dags/example_short_circuit_decorator.py
[2025-05-11T09:31:44.785+0000] {processor.py:830} INFO - Processing file /home/airflow/.local/lib/python3.12/site-packages/airflow/example_dags/example_short_circuit_decorator.py for tasks to queue
[2025-05-11T09:31:44.788+0000] {logging_mixin.py:188} INFO - [2025-05-11T09:31:44.788+0000] {dagbag.py:545} INFO - Filling up the DagBag from /home/airflow/.local/lib/python3.12/site-packages/airflow/example_dags/example_short_circuit_decorator.py
[2025-05-11T09:31:44.803+0000] {processor.py:840} INFO - DAG(s) 'example_short_circuit_decorator' retrieved from /home/airflow/.local/lib/python3.12/site-packages/airflow/example_dags/example_short_circuit_decorator.py
[2025-05-11T09:31:44.835+0000] {logging_mixin.py:188} INFO - [2025-05-11T09:31:44.835+0000] {dag.py:3096} INFO - Sync 1 DAGs
[2025-05-11T09:31:44.889+0000] {logging_mixin.py:188} INFO - [2025-05-11T09:31:44.889+0000] {dag.py:3954} INFO - Setting next_dagrun for example_short_circuit_decorator to 2025-05-10 00:00:00+00:00, run_after=2025-05-11 00:00:00+00:00
[2025-05-11T09:31:44.919+0000] {processor.py:183} INFO - Processing /home/airflow/.local/lib/python3.12/site-packages/airflow/example_dags/example_short_circuit_decorator.py took 0.147 seconds
[2025-05-11T09:32:14.969+0000] {processor.py:161} INFO - Started process (PID=749) to work on /home/airflow/.local/lib/python3.12/site-packages/airflow/example_dags/example_short_circuit_decorator.py
[2025-05-11T09:32:14.970+0000] {processor.py:830} INFO - Processing file /home/airflow/.local/lib/python3.12/site-packages/airflow/example_dags/example_short_circuit_decorator.py for tasks to queue
[2025-05-11T09:32:14.973+0000] {logging_mixin.py:188} INFO - [2025-05-11T09:32:14.972+0000] {dagbag.py:545} INFO - Filling up the DagBag from /home/airflow/.local/lib/python3.12/site-packages/airflow/example_dags/example_short_circuit_decorator.py
[2025-05-11T09:32:14.983+0000] {processor.py:840} INFO - DAG(s) 'example_short_circuit_decorator' retrieved from /home/airflow/.local/lib/python3.12/site-packages/airflow/example_dags/example_short_circuit_decorator.py
[2025-05-11T09:32:15.008+0000] {logging_mixin.py:188} INFO - [2025-05-11T09:32:15.008+0000] {dag.py:3096} INFO - Sync 1 DAGs
[2025-05-11T09:32:15.027+0000] {logging_mixin.py:188} INFO - [2025-05-11T09:32:15.027+0000] {dag.py:3954} INFO - Setting next_dagrun for example_short_circuit_decorator to 2025-05-10 00:00:00+00:00, run_after=2025-05-11 00:00:00+00:00
[2025-05-11T09:32:15.043+0000] {processor.py:183} INFO - Processing /home/airflow/.local/lib/python3.12/site-packages/airflow/example_dags/example_short_circuit_decorator.py took 0.081 seconds
[2025-05-11T09:32:45.368+0000] {processor.py:161} INFO - Started process (PID=1009) to work on /home/airflow/.local/lib/python3.12/site-packages/airflow/example_dags/example_short_circuit_decorator.py
[2025-05-11T09:32:45.369+0000] {processor.py:830} INFO - Processing file /home/airflow/.local/lib/python3.12/site-packages/airflow/example_dags/example_short_circuit_decorator.py for tasks to queue
[2025-05-11T09:32:45.371+0000] {logging_mixin.py:188} INFO - [2025-05-11T09:32:45.371+0000] {dagbag.py:545} INFO - Filling up the DagBag from /home/airflow/.local/lib/python3.12/site-packages/airflow/example_dags/example_short_circuit_decorator.py
[2025-05-11T09:32:45.379+0000] {processor.py:840} INFO - DAG(s) 'example_short_circuit_decorator' retrieved from /home/airflow/.local/lib/python3.12/site-packages/airflow/example_dags/example_short_circuit_decorator.py
[2025-05-11T09:32:45.401+0000] {logging_mixin.py:188} INFO - [2025-05-11T09:32:45.401+0000] {dag.py:3096} INFO - Sync 1 DAGs
[2025-05-11T09:32:45.423+0000] {logging_mixin.py:188} INFO - [2025-05-11T09:32:45.423+0000] {dag.py:3954} INFO - Setting next_dagrun for example_short_circuit_decorator to 2025-05-10 00:00:00+00:00, run_after=2025-05-11 00:00:00+00:00
[2025-05-11T09:32:45.441+0000] {processor.py:183} INFO - Processing /home/airflow/.local/lib/python3.12/site-packages/airflow/example_dags/example_short_circuit_decorator.py took 0.078 seconds
[2025-05-11T09:33:16.271+0000] {processor.py:161} INFO - Started process (PID=1272) to work on /home/airflow/.local/lib/python3.12/site-packages/airflow/example_dags/example_short_circuit_decorator.py
[2025-05-11T09:33:16.271+0000] {processor.py:830} INFO - Processing file /home/airflow/.local/lib/python3.12/site-packages/airflow/example_dags/example_short_circuit_decorator.py for tasks to queue
[2025-05-11T09:33:16.273+0000] {logging_mixin.py:188} INFO - [2025-05-11T09:33:16.273+0000] {dagbag.py:545} INFO - Filling up the DagBag from /home/airflow/.local/lib/python3.12/site-packages/airflow/example_dags/example_short_circuit_decorator.py
[2025-05-11T09:33:16.281+0000] {processor.py:840} INFO - DAG(s) 'example_short_circuit_decorator' retrieved from /home/airflow/.local/lib/python3.12/site-packages/airflow/example_dags/example_short_circuit_decorator.py
[2025-05-11T09:33:16.301+0000] {logging_mixin.py:188} INFO - [2025-05-11T09:33:16.301+0000] {dag.py:3096} INFO - Sync 1 DAGs
[2025-05-11T09:33:16.321+0000] {logging_mixin.py:188} INFO - [2025-05-11T09:33:16.321+0000] {dag.py:3954} INFO - Setting next_dagrun for example_short_circuit_decorator to 2025-05-10 00:00:00+00:00, run_after=2025-05-11 00:00:00+00:00
[2025-05-11T09:33:16.338+0000] {processor.py:183} INFO - Processing /home/airflow/.local/lib/python3.12/site-packages/airflow/example_dags/example_short_circuit_decorator.py took 0.073 seconds
