[2025-05-11T09:31:18.098+0000] {processor.py:161} INFO - Started process (PID=368) to work on /home/airflow/.local/lib/python3.12/site-packages/airflow/example_dags/example_branch_labels.py
[2025-05-11T09:31:18.099+0000] {processor.py:830} INFO - Processing file /home/airflow/.local/lib/python3.12/site-packages/airflow/example_dags/example_branch_labels.py for tasks to queue
[2025-05-11T09:31:18.101+0000] {logging_mixin.py:188} INFO - [2025-05-11T09:31:18.101+0000] {dagbag.py:545} INFO - Filling up the DagBag from /home/airflow/.local/lib/python3.12/site-packages/airflow/example_dags/example_branch_labels.py
[2025-05-11T09:31:18.112+0000] {processor.py:840} INFO - DAG(s) 'example_branch_labels' retrieved from /home/airflow/.local/lib/python3.12/site-packages/airflow/example_dags/example_branch_labels.py
[2025-05-11T09:31:18.274+0000] {logging_mixin.py:188} INFO - [2025-05-11T09:31:18.273+0000] {override.py:1829} INFO - Created Permission View: can delete on DAG:example_branch_labels
[2025-05-11T09:31:18.289+0000] {logging_mixin.py:188} INFO - [2025-05-11T09:31:18.289+0000] {override.py:1829} INFO - Created Permission View: can edit on DAG:example_branch_labels
[2025-05-11T09:31:18.299+0000] {logging_mixin.py:188} INFO - [2025-05-11T09:31:18.299+0000] {override.py:1829} INFO - Created Permission View: can read on DAG:example_branch_labels
[2025-05-11T09:31:18.301+0000] {logging_mixin.py:188} INFO - [2025-05-11T09:31:18.300+0000] {dag.py:3096} INFO - Sync 1 DAGs
[2025-05-11T09:31:18.316+0000] {logging_mixin.py:188} INFO - [2025-05-11T09:31:18.315+0000] {dag.py:3118} INFO - Creating ORM DAG for example_branch_labels
[2025-05-11T09:31:18.333+0000] {logging_mixin.py:188} INFO - [2025-05-11T09:31:18.333+0000] {dag.py:3954} INFO - Setting next_dagrun for example_branch_labels to 2025-05-10 00:00:00+00:00, run_after=2025-05-11 00:00:00+00:00
[2025-05-11T09:31:18.360+0000] {processor.py:183} INFO - Processing /home/airflow/.local/lib/python3.12/site-packages/airflow/example_dags/example_branch_labels.py took 0.270 seconds
[2025-05-11T09:31:48.682+0000] {processor.py:161} INFO - Started process (PID=630) to work on /home/airflow/.local/lib/python3.12/site-packages/airflow/example_dags/example_branch_labels.py
[2025-05-11T09:31:48.683+0000] {processor.py:830} INFO - Processing file /home/airflow/.local/lib/python3.12/site-packages/airflow/example_dags/example_branch_labels.py for tasks to queue
[2025-05-11T09:31:48.685+0000] {logging_mixin.py:188} INFO - [2025-05-11T09:31:48.684+0000] {dagbag.py:545} INFO - Filling up the DagBag from /home/airflow/.local/lib/python3.12/site-packages/airflow/example_dags/example_branch_labels.py
[2025-05-11T09:31:48.694+0000] {processor.py:840} INFO - DAG(s) 'example_branch_labels' retrieved from /home/airflow/.local/lib/python3.12/site-packages/airflow/example_dags/example_branch_labels.py
[2025-05-11T09:31:48.715+0000] {logging_mixin.py:188} INFO - [2025-05-11T09:31:48.714+0000] {dag.py:3096} INFO - Sync 1 DAGs
[2025-05-11T09:31:48.740+0000] {logging_mixin.py:188} INFO - [2025-05-11T09:31:48.740+0000] {dag.py:3954} INFO - Setting next_dagrun for example_branch_labels to 2025-05-10 00:00:00+00:00, run_after=2025-05-11 00:00:00+00:00
[2025-05-11T09:31:48.759+0000] {processor.py:183} INFO - Processing /home/airflow/.local/lib/python3.12/site-packages/airflow/example_dags/example_branch_labels.py took 0.083 seconds
[2025-05-11T09:32:19.156+0000] {processor.py:161} INFO - Started process (PID=892) to work on /home/airflow/.local/lib/python3.12/site-packages/airflow/example_dags/example_branch_labels.py
[2025-05-11T09:32:19.157+0000] {processor.py:830} INFO - Processing file /home/airflow/.local/lib/python3.12/site-packages/airflow/example_dags/example_branch_labels.py for tasks to queue
[2025-05-11T09:32:19.159+0000] {logging_mixin.py:188} INFO - [2025-05-11T09:32:19.159+0000] {dagbag.py:545} INFO - Filling up the DagBag from /home/airflow/.local/lib/python3.12/site-packages/airflow/example_dags/example_branch_labels.py
[2025-05-11T09:32:19.170+0000] {processor.py:840} INFO - DAG(s) 'example_branch_labels' retrieved from /home/airflow/.local/lib/python3.12/site-packages/airflow/example_dags/example_branch_labels.py
[2025-05-11T09:32:19.198+0000] {logging_mixin.py:188} INFO - [2025-05-11T09:32:19.198+0000] {dag.py:3096} INFO - Sync 1 DAGs
[2025-05-11T09:32:19.229+0000] {logging_mixin.py:188} INFO - [2025-05-11T09:32:19.229+0000] {dag.py:3954} INFO - Setting next_dagrun for example_branch_labels to 2025-05-10 00:00:00+00:00, run_after=2025-05-11 00:00:00+00:00
[2025-05-11T09:32:19.247+0000] {processor.py:183} INFO - Processing /home/airflow/.local/lib/python3.12/site-packages/airflow/example_dags/example_branch_labels.py took 0.098 seconds
[2025-05-11T09:32:50.091+0000] {processor.py:161} INFO - Started process (PID=1154) to work on /home/airflow/.local/lib/python3.12/site-packages/airflow/example_dags/example_branch_labels.py
[2025-05-11T09:32:50.091+0000] {processor.py:830} INFO - Processing file /home/airflow/.local/lib/python3.12/site-packages/airflow/example_dags/example_branch_labels.py for tasks to queue
[2025-05-11T09:32:50.093+0000] {logging_mixin.py:188} INFO - [2025-05-11T09:32:50.093+0000] {dagbag.py:545} INFO - Filling up the DagBag from /home/airflow/.local/lib/python3.12/site-packages/airflow/example_dags/example_branch_labels.py
[2025-05-11T09:32:50.100+0000] {processor.py:840} INFO - DAG(s) 'example_branch_labels' retrieved from /home/airflow/.local/lib/python3.12/site-packages/airflow/example_dags/example_branch_labels.py
[2025-05-11T09:32:50.118+0000] {logging_mixin.py:188} INFO - [2025-05-11T09:32:50.118+0000] {dag.py:3096} INFO - Sync 1 DAGs
[2025-05-11T09:32:50.139+0000] {logging_mixin.py:188} INFO - [2025-05-11T09:32:50.139+0000] {dag.py:3954} INFO - Setting next_dagrun for example_branch_labels to 2025-05-10 00:00:00+00:00, run_after=2025-05-11 00:00:00+00:00
[2025-05-11T09:32:50.155+0000] {processor.py:183} INFO - Processing /home/airflow/.local/lib/python3.12/site-packages/airflow/example_dags/example_branch_labels.py took 0.070 seconds
[2025-05-11T09:33:20.860+0000] {processor.py:161} INFO - Started process (PID=1415) to work on /home/airflow/.local/lib/python3.12/site-packages/airflow/example_dags/example_branch_labels.py
[2025-05-11T09:33:20.862+0000] {processor.py:830} INFO - Processing file /home/airflow/.local/lib/python3.12/site-packages/airflow/example_dags/example_branch_labels.py for tasks to queue
[2025-05-11T09:33:20.864+0000] {logging_mixin.py:188} INFO - [2025-05-11T09:33:20.864+0000] {dagbag.py:545} INFO - Filling up the DagBag from /home/airflow/.local/lib/python3.12/site-packages/airflow/example_dags/example_branch_labels.py
[2025-05-11T09:33:20.874+0000] {processor.py:840} INFO - DAG(s) 'example_branch_labels' retrieved from /home/airflow/.local/lib/python3.12/site-packages/airflow/example_dags/example_branch_labels.py
[2025-05-11T09:33:20.900+0000] {logging_mixin.py:188} INFO - [2025-05-11T09:33:20.900+0000] {dag.py:3096} INFO - Sync 1 DAGs
[2025-05-11T09:33:20.934+0000] {logging_mixin.py:188} INFO - [2025-05-11T09:33:20.933+0000] {dag.py:3954} INFO - Setting next_dagrun for example_branch_labels to 2025-05-10 00:00:00+00:00, run_after=2025-05-11 00:00:00+00:00
[2025-05-11T09:33:20.959+0000] {processor.py:183} INFO - Processing /home/airflow/.local/lib/python3.12/site-packages/airflow/example_dags/example_branch_labels.py took 0.108 seconds
