[2025-05-11T09:31:16.396+0000] {processor.py:161} INFO - Started process (PID=310) to work on /home/airflow/.local/lib/python3.12/site-packages/airflow/example_dags/example_skip_dag.py
[2025-05-11T09:31:16.397+0000] {processor.py:830} INFO - Processing file /home/airflow/.local/lib/python3.12/site-packages/airflow/example_dags/example_skip_dag.py for tasks to queue
[2025-05-11T09:31:16.399+0000] {logging_mixin.py:188} INFO - [2025-05-11T09:31:16.398+0000] {dagbag.py:545} INFO - Filling up the DagBag from /home/airflow/.local/lib/python3.12/site-packages/airflow/example_dags/example_skip_dag.py
[2025-05-11T09:31:16.408+0000] {processor.py:840} INFO - DAG(s) 'example_skip_dag' retrieved from /home/airflow/.local/lib/python3.12/site-packages/airflow/example_dags/example_skip_dag.py
[2025-05-11T09:31:16.504+0000] {logging_mixin.py:188} INFO - [2025-05-11T09:31:16.503+0000] {override.py:1829} INFO - Created Permission View: can delete on DAG:example_skip_dag
[2025-05-11T09:31:16.517+0000] {logging_mixin.py:188} INFO - [2025-05-11T09:31:16.516+0000] {override.py:1829} INFO - Created Permission View: can edit on DAG:example_skip_dag
[2025-05-11T09:31:16.525+0000] {logging_mixin.py:188} INFO - [2025-05-11T09:31:16.525+0000] {override.py:1829} INFO - Created Permission View: can read on DAG:example_skip_dag
[2025-05-11T09:31:16.526+0000] {logging_mixin.py:188} INFO - [2025-05-11T09:31:16.526+0000] {dag.py:3096} INFO - Sync 1 DAGs
[2025-05-11T09:31:16.538+0000] {logging_mixin.py:188} INFO - [2025-05-11T09:31:16.538+0000] {dag.py:3118} INFO - Creating ORM DAG for example_skip_dag
[2025-05-11T09:31:16.548+0000] {logging_mixin.py:188} INFO - [2025-05-11T09:31:16.548+0000] {dag.py:3954} INFO - Setting next_dagrun for example_skip_dag to 2025-05-10 00:00:00+00:00, run_after=2025-05-11 00:00:00+00:00
[2025-05-11T09:31:16.573+0000] {processor.py:183} INFO - Processing /home/airflow/.local/lib/python3.12/site-packages/airflow/example_dags/example_skip_dag.py took 0.183 seconds
[2025-05-11T09:31:46.993+0000] {processor.py:161} INFO - Started process (PID=572) to work on /home/airflow/.local/lib/python3.12/site-packages/airflow/example_dags/example_skip_dag.py
[2025-05-11T09:31:46.993+0000] {processor.py:830} INFO - Processing file /home/airflow/.local/lib/python3.12/site-packages/airflow/example_dags/example_skip_dag.py for tasks to queue
[2025-05-11T09:31:46.995+0000] {logging_mixin.py:188} INFO - [2025-05-11T09:31:46.995+0000] {dagbag.py:545} INFO - Filling up the DagBag from /home/airflow/.local/lib/python3.12/site-packages/airflow/example_dags/example_skip_dag.py
[2025-05-11T09:31:47.001+0000] {processor.py:840} INFO - DAG(s) 'example_skip_dag' retrieved from /home/airflow/.local/lib/python3.12/site-packages/airflow/example_dags/example_skip_dag.py
[2025-05-11T09:31:47.018+0000] {logging_mixin.py:188} INFO - [2025-05-11T09:31:47.018+0000] {dag.py:3096} INFO - Sync 1 DAGs
[2025-05-11T09:31:47.038+0000] {logging_mixin.py:188} INFO - [2025-05-11T09:31:47.037+0000] {dag.py:3954} INFO - Setting next_dagrun for example_skip_dag to 2025-05-10 00:00:00+00:00, run_after=2025-05-11 00:00:00+00:00
[2025-05-11T09:31:47.053+0000] {processor.py:183} INFO - Processing /home/airflow/.local/lib/python3.12/site-packages/airflow/example_dags/example_skip_dag.py took 0.065 seconds
[2025-05-11T09:32:17.231+0000] {processor.py:161} INFO - Started process (PID=834) to work on /home/airflow/.local/lib/python3.12/site-packages/airflow/example_dags/example_skip_dag.py
[2025-05-11T09:32:17.232+0000] {processor.py:830} INFO - Processing file /home/airflow/.local/lib/python3.12/site-packages/airflow/example_dags/example_skip_dag.py for tasks to queue
[2025-05-11T09:32:17.234+0000] {logging_mixin.py:188} INFO - [2025-05-11T09:32:17.234+0000] {dagbag.py:545} INFO - Filling up the DagBag from /home/airflow/.local/lib/python3.12/site-packages/airflow/example_dags/example_skip_dag.py
[2025-05-11T09:32:17.240+0000] {processor.py:840} INFO - DAG(s) 'example_skip_dag' retrieved from /home/airflow/.local/lib/python3.12/site-packages/airflow/example_dags/example_skip_dag.py
[2025-05-11T09:32:17.263+0000] {logging_mixin.py:188} INFO - [2025-05-11T09:32:17.263+0000] {dag.py:3096} INFO - Sync 1 DAGs
[2025-05-11T09:32:17.286+0000] {logging_mixin.py:188} INFO - [2025-05-11T09:32:17.285+0000] {dag.py:3954} INFO - Setting next_dagrun for example_skip_dag to 2025-05-10 00:00:00+00:00, run_after=2025-05-11 00:00:00+00:00
[2025-05-11T09:32:17.303+0000] {processor.py:183} INFO - Processing /home/airflow/.local/lib/python3.12/site-packages/airflow/example_dags/example_skip_dag.py took 0.076 seconds
[2025-05-11T09:32:47.393+0000] {processor.py:161} INFO - Started process (PID=1096) to work on /home/airflow/.local/lib/python3.12/site-packages/airflow/example_dags/example_skip_dag.py
[2025-05-11T09:32:47.394+0000] {processor.py:830} INFO - Processing file /home/airflow/.local/lib/python3.12/site-packages/airflow/example_dags/example_skip_dag.py for tasks to queue
[2025-05-11T09:32:47.396+0000] {logging_mixin.py:188} INFO - [2025-05-11T09:32:47.395+0000] {dagbag.py:545} INFO - Filling up the DagBag from /home/airflow/.local/lib/python3.12/site-packages/airflow/example_dags/example_skip_dag.py
[2025-05-11T09:32:47.402+0000] {processor.py:840} INFO - DAG(s) 'example_skip_dag' retrieved from /home/airflow/.local/lib/python3.12/site-packages/airflow/example_dags/example_skip_dag.py
[2025-05-11T09:32:47.420+0000] {logging_mixin.py:188} INFO - [2025-05-11T09:32:47.420+0000] {dag.py:3096} INFO - Sync 1 DAGs
[2025-05-11T09:32:47.440+0000] {logging_mixin.py:188} INFO - [2025-05-11T09:32:47.439+0000] {dag.py:3954} INFO - Setting next_dagrun for example_skip_dag to 2025-05-10 00:00:00+00:00, run_after=2025-05-11 00:00:00+00:00
[2025-05-11T09:32:47.456+0000] {processor.py:183} INFO - Processing /home/airflow/.local/lib/python3.12/site-packages/airflow/example_dags/example_skip_dag.py took 0.068 seconds
[2025-05-11T09:33:18.162+0000] {processor.py:161} INFO - Started process (PID=1355) to work on /home/airflow/.local/lib/python3.12/site-packages/airflow/example_dags/example_skip_dag.py
[2025-05-11T09:33:18.163+0000] {processor.py:830} INFO - Processing file /home/airflow/.local/lib/python3.12/site-packages/airflow/example_dags/example_skip_dag.py for tasks to queue
[2025-05-11T09:33:18.165+0000] {logging_mixin.py:188} INFO - [2025-05-11T09:33:18.165+0000] {dagbag.py:545} INFO - Filling up the DagBag from /home/airflow/.local/lib/python3.12/site-packages/airflow/example_dags/example_skip_dag.py
[2025-05-11T09:33:18.171+0000] {processor.py:840} INFO - DAG(s) 'example_skip_dag' retrieved from /home/airflow/.local/lib/python3.12/site-packages/airflow/example_dags/example_skip_dag.py
[2025-05-11T09:33:18.190+0000] {logging_mixin.py:188} INFO - [2025-05-11T09:33:18.190+0000] {dag.py:3096} INFO - Sync 1 DAGs
[2025-05-11T09:33:18.212+0000] {logging_mixin.py:188} INFO - [2025-05-11T09:33:18.212+0000] {dag.py:3954} INFO - Setting next_dagrun for example_skip_dag to 2025-05-10 00:00:00+00:00, run_after=2025-05-11 00:00:00+00:00
[2025-05-11T09:33:18.230+0000] {processor.py:183} INFO - Processing /home/airflow/.local/lib/python3.12/site-packages/airflow/example_dags/example_skip_dag.py took 0.073 seconds
