[2025-05-11T09:31:13.666+0000] {processor.py:161} INFO - Started process (PID=203) to work on /home/airflow/.local/lib/python3.12/site-packages/airflow/example_dags/example_sensor_decorator.py
[2025-05-11T09:31:13.667+0000] {processor.py:830} INFO - Processing file /home/airflow/.local/lib/python3.12/site-packages/airflow/example_dags/example_sensor_decorator.py for tasks to queue
[2025-05-11T09:31:13.670+0000] {logging_mixin.py:188} INFO - [2025-05-11T09:31:13.669+0000] {dagbag.py:545} INFO - Filling up the DagBag from /home/airflow/.local/lib/python3.12/site-packages/airflow/example_dags/example_sensor_decorator.py
[2025-05-11T09:31:13.681+0000] {processor.py:840} INFO - DAG(s) 'example_sensor_decorator' retrieved from /home/airflow/.local/lib/python3.12/site-packages/airflow/example_dags/example_sensor_decorator.py
[2025-05-11T09:31:13.814+0000] {logging_mixin.py:188} INFO - [2025-05-11T09:31:13.813+0000] {override.py:1829} INFO - Created Permission View: can delete on DAG:example_sensor_decorator
[2025-05-11T09:31:13.826+0000] {logging_mixin.py:188} INFO - [2025-05-11T09:31:13.825+0000] {override.py:1829} INFO - Created Permission View: can edit on DAG:example_sensor_decorator
[2025-05-11T09:31:13.837+0000] {logging_mixin.py:188} INFO - [2025-05-11T09:31:13.837+0000] {override.py:1829} INFO - Created Permission View: can read on DAG:example_sensor_decorator
[2025-05-11T09:31:13.838+0000] {logging_mixin.py:188} INFO - [2025-05-11T09:31:13.838+0000] {dag.py:3096} INFO - Sync 1 DAGs
[2025-05-11T09:31:13.850+0000] {logging_mixin.py:188} INFO - [2025-05-11T09:31:13.850+0000] {dag.py:3118} INFO - Creating ORM DAG for example_sensor_decorator
[2025-05-11T09:31:13.851+0000] {logging_mixin.py:188} INFO - [2025-05-11T09:31:13.851+0000] {dag.py:3954} INFO - Setting next_dagrun for example_sensor_decorator to None, run_after=None
[2025-05-11T09:31:13.873+0000] {processor.py:183} INFO - Processing /home/airflow/.local/lib/python3.12/site-packages/airflow/example_dags/example_sensor_decorator.py took 0.213 seconds
[2025-05-11T09:31:44.498+0000] {processor.py:161} INFO - Started process (PID=465) to work on /home/airflow/.local/lib/python3.12/site-packages/airflow/example_dags/example_sensor_decorator.py
[2025-05-11T09:31:44.499+0000] {processor.py:830} INFO - Processing file /home/airflow/.local/lib/python3.12/site-packages/airflow/example_dags/example_sensor_decorator.py for tasks to queue
[2025-05-11T09:31:44.502+0000] {logging_mixin.py:188} INFO - [2025-05-11T09:31:44.501+0000] {dagbag.py:545} INFO - Filling up the DagBag from /home/airflow/.local/lib/python3.12/site-packages/airflow/example_dags/example_sensor_decorator.py
[2025-05-11T09:31:44.510+0000] {processor.py:840} INFO - DAG(s) 'example_sensor_decorator' retrieved from /home/airflow/.local/lib/python3.12/site-packages/airflow/example_dags/example_sensor_decorator.py
[2025-05-11T09:31:44.535+0000] {logging_mixin.py:188} INFO - [2025-05-11T09:31:44.535+0000] {dag.py:3096} INFO - Sync 1 DAGs
[2025-05-11T09:31:44.550+0000] {logging_mixin.py:188} INFO - [2025-05-11T09:31:44.550+0000] {dag.py:3954} INFO - Setting next_dagrun for example_sensor_decorator to None, run_after=None
[2025-05-11T09:31:44.573+0000] {processor.py:183} INFO - Processing /home/airflow/.local/lib/python3.12/site-packages/airflow/example_dags/example_sensor_decorator.py took 0.084 seconds
[2025-05-11T09:32:14.682+0000] {processor.py:161} INFO - Started process (PID=729) to work on /home/airflow/.local/lib/python3.12/site-packages/airflow/example_dags/example_sensor_decorator.py
[2025-05-11T09:32:14.683+0000] {processor.py:830} INFO - Processing file /home/airflow/.local/lib/python3.12/site-packages/airflow/example_dags/example_sensor_decorator.py for tasks to queue
[2025-05-11T09:32:14.684+0000] {logging_mixin.py:188} INFO - [2025-05-11T09:32:14.684+0000] {dagbag.py:545} INFO - Filling up the DagBag from /home/airflow/.local/lib/python3.12/site-packages/airflow/example_dags/example_sensor_decorator.py
[2025-05-11T09:32:14.691+0000] {processor.py:840} INFO - DAG(s) 'example_sensor_decorator' retrieved from /home/airflow/.local/lib/python3.12/site-packages/airflow/example_dags/example_sensor_decorator.py
[2025-05-11T09:32:14.708+0000] {logging_mixin.py:188} INFO - [2025-05-11T09:32:14.708+0000] {dag.py:3096} INFO - Sync 1 DAGs
[2025-05-11T09:32:14.722+0000] {logging_mixin.py:188} INFO - [2025-05-11T09:32:14.721+0000] {dag.py:3954} INFO - Setting next_dagrun for example_sensor_decorator to None, run_after=None
[2025-05-11T09:32:14.742+0000] {processor.py:183} INFO - Processing /home/airflow/.local/lib/python3.12/site-packages/airflow/example_dags/example_sensor_decorator.py took 0.066 seconds
[2025-05-11T09:32:45.189+0000] {processor.py:161} INFO - Started process (PID=989) to work on /home/airflow/.local/lib/python3.12/site-packages/airflow/example_dags/example_sensor_decorator.py
[2025-05-11T09:32:45.190+0000] {processor.py:830} INFO - Processing file /home/airflow/.local/lib/python3.12/site-packages/airflow/example_dags/example_sensor_decorator.py for tasks to queue
[2025-05-11T09:32:45.192+0000] {logging_mixin.py:188} INFO - [2025-05-11T09:32:45.192+0000] {dagbag.py:545} INFO - Filling up the DagBag from /home/airflow/.local/lib/python3.12/site-packages/airflow/example_dags/example_sensor_decorator.py
[2025-05-11T09:32:45.198+0000] {processor.py:840} INFO - DAG(s) 'example_sensor_decorator' retrieved from /home/airflow/.local/lib/python3.12/site-packages/airflow/example_dags/example_sensor_decorator.py
[2025-05-11T09:32:45.217+0000] {logging_mixin.py:188} INFO - [2025-05-11T09:32:45.216+0000] {dag.py:3096} INFO - Sync 1 DAGs
[2025-05-11T09:32:45.229+0000] {logging_mixin.py:188} INFO - [2025-05-11T09:32:45.229+0000] {dag.py:3954} INFO - Setting next_dagrun for example_sensor_decorator to None, run_after=None
[2025-05-11T09:32:45.248+0000] {processor.py:183} INFO - Processing /home/airflow/.local/lib/python3.12/site-packages/airflow/example_dags/example_sensor_decorator.py took 0.065 seconds
[2025-05-11T09:33:15.926+0000] {processor.py:161} INFO - Started process (PID=1250) to work on /home/airflow/.local/lib/python3.12/site-packages/airflow/example_dags/example_sensor_decorator.py
[2025-05-11T09:33:15.927+0000] {processor.py:830} INFO - Processing file /home/airflow/.local/lib/python3.12/site-packages/airflow/example_dags/example_sensor_decorator.py for tasks to queue
[2025-05-11T09:33:15.929+0000] {logging_mixin.py:188} INFO - [2025-05-11T09:33:15.928+0000] {dagbag.py:545} INFO - Filling up the DagBag from /home/airflow/.local/lib/python3.12/site-packages/airflow/example_dags/example_sensor_decorator.py
[2025-05-11T09:33:15.935+0000] {processor.py:840} INFO - DAG(s) 'example_sensor_decorator' retrieved from /home/airflow/.local/lib/python3.12/site-packages/airflow/example_dags/example_sensor_decorator.py
[2025-05-11T09:33:15.954+0000] {logging_mixin.py:188} INFO - [2025-05-11T09:33:15.954+0000] {dag.py:3096} INFO - Sync 1 DAGs
[2025-05-11T09:33:15.968+0000] {logging_mixin.py:188} INFO - [2025-05-11T09:33:15.968+0000] {dag.py:3954} INFO - Setting next_dagrun for example_sensor_decorator to None, run_after=None
[2025-05-11T09:33:15.987+0000] {processor.py:183} INFO - Processing /home/airflow/.local/lib/python3.12/site-packages/airflow/example_dags/example_sensor_decorator.py took 0.067 seconds
