[2025-05-11T09:31:15.214+0000] {processor.py:161} INFO - Started process (PID=263) to work on /home/airflow/.local/lib/python3.12/site-packages/airflow/example_dags/example_complex.py
[2025-05-11T09:31:15.215+0000] {processor.py:830} INFO - Processing file /home/airflow/.local/lib/python3.12/site-packages/airflow/example_dags/example_complex.py for tasks to queue
[2025-05-11T09:31:15.218+0000] {logging_mixin.py:188} INFO - [2025-05-11T09:31:15.217+0000] {dagbag.py:545} INFO - Filling up the DagBag from /home/airflow/.local/lib/python3.12/site-packages/airflow/example_dags/example_complex.py
[2025-05-11T09:31:15.236+0000] {processor.py:840} INFO - DAG(s) 'example_complex' retrieved from /home/airflow/.local/lib/python3.12/site-packages/airflow/example_dags/example_complex.py
[2025-05-11T09:31:15.382+0000] {logging_mixin.py:188} INFO - [2025-05-11T09:31:15.381+0000] {override.py:1829} INFO - Created Permission View: can delete on DAG:example_complex
[2025-05-11T09:31:15.399+0000] {logging_mixin.py:188} INFO - [2025-05-11T09:31:15.399+0000] {override.py:1829} INFO - Created Permission View: can edit on DAG:example_complex
[2025-05-11T09:31:15.412+0000] {logging_mixin.py:188} INFO - [2025-05-11T09:31:15.411+0000] {override.py:1829} INFO - Created Permission View: can read on DAG:example_complex
[2025-05-11T09:31:15.413+0000] {logging_mixin.py:188} INFO - [2025-05-11T09:31:15.413+0000] {dag.py:3096} INFO - Sync 1 DAGs
[2025-05-11T09:31:15.429+0000] {logging_mixin.py:188} INFO - [2025-05-11T09:31:15.429+0000] {dag.py:3118} INFO - Creating ORM DAG for example_complex
[2025-05-11T09:31:15.430+0000] {logging_mixin.py:188} INFO - [2025-05-11T09:31:15.430+0000] {dag.py:3954} INFO - Setting next_dagrun for example_complex to None, run_after=None
[2025-05-11T09:31:15.451+0000] {processor.py:183} INFO - Processing /home/airflow/.local/lib/python3.12/site-packages/airflow/example_dags/example_complex.py took 0.243 seconds
[2025-05-11T09:31:45.506+0000] {processor.py:161} INFO - Started process (PID=527) to work on /home/airflow/.local/lib/python3.12/site-packages/airflow/example_dags/example_complex.py
[2025-05-11T09:31:45.506+0000] {processor.py:830} INFO - Processing file /home/airflow/.local/lib/python3.12/site-packages/airflow/example_dags/example_complex.py for tasks to queue
[2025-05-11T09:31:45.509+0000] {logging_mixin.py:188} INFO - [2025-05-11T09:31:45.509+0000] {dagbag.py:545} INFO - Filling up the DagBag from /home/airflow/.local/lib/python3.12/site-packages/airflow/example_dags/example_complex.py
[2025-05-11T09:31:45.524+0000] {processor.py:840} INFO - DAG(s) 'example_complex' retrieved from /home/airflow/.local/lib/python3.12/site-packages/airflow/example_dags/example_complex.py
[2025-05-11T09:31:45.554+0000] {logging_mixin.py:188} INFO - [2025-05-11T09:31:45.554+0000] {dag.py:3096} INFO - Sync 1 DAGs
[2025-05-11T09:31:45.568+0000] {logging_mixin.py:188} INFO - [2025-05-11T09:31:45.567+0000] {dag.py:3954} INFO - Setting next_dagrun for example_complex to None, run_after=None
[2025-05-11T09:31:45.592+0000] {processor.py:183} INFO - Processing /home/airflow/.local/lib/python3.12/site-packages/airflow/example_dags/example_complex.py took 0.092 seconds
[2025-05-11T09:32:15.623+0000] {processor.py:161} INFO - Started process (PID=789) to work on /home/airflow/.local/lib/python3.12/site-packages/airflow/example_dags/example_complex.py
[2025-05-11T09:32:15.624+0000] {processor.py:830} INFO - Processing file /home/airflow/.local/lib/python3.12/site-packages/airflow/example_dags/example_complex.py for tasks to queue
[2025-05-11T09:32:15.626+0000] {logging_mixin.py:188} INFO - [2025-05-11T09:32:15.626+0000] {dagbag.py:545} INFO - Filling up the DagBag from /home/airflow/.local/lib/python3.12/site-packages/airflow/example_dags/example_complex.py
[2025-05-11T09:32:15.635+0000] {processor.py:840} INFO - DAG(s) 'example_complex' retrieved from /home/airflow/.local/lib/python3.12/site-packages/airflow/example_dags/example_complex.py
[2025-05-11T09:32:15.662+0000] {logging_mixin.py:188} INFO - [2025-05-11T09:32:15.662+0000] {dag.py:3096} INFO - Sync 1 DAGs
[2025-05-11T09:32:15.674+0000] {logging_mixin.py:188} INFO - [2025-05-11T09:32:15.674+0000] {dag.py:3954} INFO - Setting next_dagrun for example_complex to None, run_after=None
[2025-05-11T09:32:15.690+0000] {processor.py:183} INFO - Processing /home/airflow/.local/lib/python3.12/site-packages/airflow/example_dags/example_complex.py took 0.071 seconds
[2025-05-11T09:32:45.788+0000] {processor.py:161} INFO - Started process (PID=1049) to work on /home/airflow/.local/lib/python3.12/site-packages/airflow/example_dags/example_complex.py
[2025-05-11T09:32:45.789+0000] {processor.py:830} INFO - Processing file /home/airflow/.local/lib/python3.12/site-packages/airflow/example_dags/example_complex.py for tasks to queue
[2025-05-11T09:32:45.791+0000] {logging_mixin.py:188} INFO - [2025-05-11T09:32:45.791+0000] {dagbag.py:545} INFO - Filling up the DagBag from /home/airflow/.local/lib/python3.12/site-packages/airflow/example_dags/example_complex.py
[2025-05-11T09:32:45.801+0000] {processor.py:840} INFO - DAG(s) 'example_complex' retrieved from /home/airflow/.local/lib/python3.12/site-packages/airflow/example_dags/example_complex.py
[2025-05-11T09:32:45.832+0000] {logging_mixin.py:188} INFO - [2025-05-11T09:32:45.832+0000] {dag.py:3096} INFO - Sync 1 DAGs
[2025-05-11T09:32:45.845+0000] {logging_mixin.py:188} INFO - [2025-05-11T09:32:45.845+0000] {dag.py:3954} INFO - Setting next_dagrun for example_complex to None, run_after=None
[2025-05-11T09:32:45.864+0000] {processor.py:183} INFO - Processing /home/airflow/.local/lib/python3.12/site-packages/airflow/example_dags/example_complex.py took 0.081 seconds
[2025-05-11T09:33:16.674+0000] {processor.py:161} INFO - Started process (PID=1310) to work on /home/airflow/.local/lib/python3.12/site-packages/airflow/example_dags/example_complex.py
[2025-05-11T09:33:16.675+0000] {processor.py:830} INFO - Processing file /home/airflow/.local/lib/python3.12/site-packages/airflow/example_dags/example_complex.py for tasks to queue
[2025-05-11T09:33:16.679+0000] {logging_mixin.py:188} INFO - [2025-05-11T09:33:16.678+0000] {dagbag.py:545} INFO - Filling up the DagBag from /home/airflow/.local/lib/python3.12/site-packages/airflow/example_dags/example_complex.py
[2025-05-11T09:33:16.693+0000] {processor.py:840} INFO - DAG(s) 'example_complex' retrieved from /home/airflow/.local/lib/python3.12/site-packages/airflow/example_dags/example_complex.py
[2025-05-11T09:33:16.720+0000] {logging_mixin.py:188} INFO - [2025-05-11T09:33:16.720+0000] {dag.py:3096} INFO - Sync 1 DAGs
[2025-05-11T09:33:16.734+0000] {logging_mixin.py:188} INFO - [2025-05-11T09:33:16.734+0000] {dag.py:3954} INFO - Setting next_dagrun for example_complex to None, run_after=None
[2025-05-11T09:33:16.760+0000] {processor.py:183} INFO - Processing /home/airflow/.local/lib/python3.12/site-packages/airflow/example_dags/example_complex.py took 0.092 seconds
