[2025-05-11T09:31:13.739+0000] {processor.py:161} INFO - Started process (PID=208) to work on /home/airflow/.local/lib/python3.12/site-packages/airflow/example_dags/example_kubernetes_executor.py
[2025-05-11T09:31:13.740+0000] {processor.py:830} INFO - Processing file /home/airflow/.local/lib/python3.12/site-packages/airflow/example_dags/example_kubernetes_executor.py for tasks to queue
[2025-05-11T09:31:13.742+0000] {logging_mixin.py:188} INFO - [2025-05-11T09:31:13.742+0000] {dagbag.py:545} INFO - Filling up the DagBag from /home/airflow/.local/lib/python3.12/site-packages/airflow/example_dags/example_kubernetes_executor.py
[2025-05-11T09:31:13.762+0000] {processor.py:840} INFO - DAG(s) 'example_kubernetes_executor' retrieved from /home/airflow/.local/lib/python3.12/site-packages/airflow/example_dags/example_kubernetes_executor.py
[2025-05-11T09:31:13.920+0000] {logging_mixin.py:188} INFO - [2025-05-11T09:31:13.920+0000] {override.py:1829} INFO - Created Permission View: can delete on DAG:example_kubernetes_executor
[2025-05-11T09:31:13.931+0000] {logging_mixin.py:188} INFO - [2025-05-11T09:31:13.931+0000] {override.py:1829} INFO - Created Permission View: can edit on DAG:example_kubernetes_executor
[2025-05-11T09:31:13.938+0000] {logging_mixin.py:188} INFO - [2025-05-11T09:31:13.938+0000] {override.py:1829} INFO - Created Permission View: can read on DAG:example_kubernetes_executor
[2025-05-11T09:31:13.939+0000] {logging_mixin.py:188} INFO - [2025-05-11T09:31:13.939+0000] {dag.py:3096} INFO - Sync 1 DAGs
[2025-05-11T09:31:13.950+0000] {logging_mixin.py:188} INFO - [2025-05-11T09:31:13.949+0000] {dag.py:3118} INFO - Creating ORM DAG for example_kubernetes_executor
[2025-05-11T09:31:13.952+0000] {logging_mixin.py:188} INFO - [2025-05-11T09:31:13.952+0000] {dag.py:3954} INFO - Setting next_dagrun for example_kubernetes_executor to None, run_after=None
[2025-05-11T09:31:13.974+0000] {processor.py:183} INFO - Processing /home/airflow/.local/lib/python3.12/site-packages/airflow/example_dags/example_kubernetes_executor.py took 0.242 seconds
[2025-05-11T09:31:44.540+0000] {processor.py:161} INFO - Started process (PID=470) to work on /home/airflow/.local/lib/python3.12/site-packages/airflow/example_dags/example_kubernetes_executor.py
[2025-05-11T09:31:44.541+0000] {processor.py:830} INFO - Processing file /home/airflow/.local/lib/python3.12/site-packages/airflow/example_dags/example_kubernetes_executor.py for tasks to queue
[2025-05-11T09:31:44.543+0000] {logging_mixin.py:188} INFO - [2025-05-11T09:31:44.542+0000] {dagbag.py:545} INFO - Filling up the DagBag from /home/airflow/.local/lib/python3.12/site-packages/airflow/example_dags/example_kubernetes_executor.py
[2025-05-11T09:31:44.558+0000] {processor.py:840} INFO - DAG(s) 'example_kubernetes_executor' retrieved from /home/airflow/.local/lib/python3.12/site-packages/airflow/example_dags/example_kubernetes_executor.py
[2025-05-11T09:31:44.603+0000] {logging_mixin.py:188} INFO - [2025-05-11T09:31:44.603+0000] {dag.py:3096} INFO - Sync 1 DAGs
[2025-05-11T09:31:44.619+0000] {logging_mixin.py:188} INFO - [2025-05-11T09:31:44.618+0000] {dag.py:3954} INFO - Setting next_dagrun for example_kubernetes_executor to None, run_after=None
[2025-05-11T09:31:44.648+0000] {processor.py:183} INFO - Processing /home/airflow/.local/lib/python3.12/site-packages/airflow/example_dags/example_kubernetes_executor.py took 0.114 seconds
[2025-05-11T09:32:14.689+0000] {processor.py:161} INFO - Started process (PID=732) to work on /home/airflow/.local/lib/python3.12/site-packages/airflow/example_dags/example_kubernetes_executor.py
[2025-05-11T09:32:14.690+0000] {processor.py:830} INFO - Processing file /home/airflow/.local/lib/python3.12/site-packages/airflow/example_dags/example_kubernetes_executor.py for tasks to queue
[2025-05-11T09:32:14.691+0000] {logging_mixin.py:188} INFO - [2025-05-11T09:32:14.691+0000] {dagbag.py:545} INFO - Filling up the DagBag from /home/airflow/.local/lib/python3.12/site-packages/airflow/example_dags/example_kubernetes_executor.py
[2025-05-11T09:32:14.702+0000] {processor.py:840} INFO - DAG(s) 'example_kubernetes_executor' retrieved from /home/airflow/.local/lib/python3.12/site-packages/airflow/example_dags/example_kubernetes_executor.py
[2025-05-11T09:32:14.738+0000] {logging_mixin.py:188} INFO - [2025-05-11T09:32:14.738+0000] {dag.py:3096} INFO - Sync 1 DAGs
[2025-05-11T09:32:14.755+0000] {logging_mixin.py:188} INFO - [2025-05-11T09:32:14.755+0000] {dag.py:3954} INFO - Setting next_dagrun for example_kubernetes_executor to None, run_after=None
[2025-05-11T09:32:14.775+0000] {processor.py:183} INFO - Processing /home/airflow/.local/lib/python3.12/site-packages/airflow/example_dags/example_kubernetes_executor.py took 0.092 seconds
[2025-05-11T09:32:45.208+0000] {processor.py:161} INFO - Started process (PID=994) to work on /home/airflow/.local/lib/python3.12/site-packages/airflow/example_dags/example_kubernetes_executor.py
[2025-05-11T09:32:45.209+0000] {processor.py:830} INFO - Processing file /home/airflow/.local/lib/python3.12/site-packages/airflow/example_dags/example_kubernetes_executor.py for tasks to queue
[2025-05-11T09:32:45.211+0000] {logging_mixin.py:188} INFO - [2025-05-11T09:32:45.211+0000] {dagbag.py:545} INFO - Filling up the DagBag from /home/airflow/.local/lib/python3.12/site-packages/airflow/example_dags/example_kubernetes_executor.py
[2025-05-11T09:32:45.222+0000] {processor.py:840} INFO - DAG(s) 'example_kubernetes_executor' retrieved from /home/airflow/.local/lib/python3.12/site-packages/airflow/example_dags/example_kubernetes_executor.py
[2025-05-11T09:32:45.256+0000] {logging_mixin.py:188} INFO - [2025-05-11T09:32:45.256+0000] {dag.py:3096} INFO - Sync 1 DAGs
[2025-05-11T09:32:45.270+0000] {logging_mixin.py:188} INFO - [2025-05-11T09:32:45.270+0000] {dag.py:3954} INFO - Setting next_dagrun for example_kubernetes_executor to None, run_after=None
[2025-05-11T09:32:45.287+0000] {processor.py:183} INFO - Processing /home/airflow/.local/lib/python3.12/site-packages/airflow/example_dags/example_kubernetes_executor.py took 0.085 seconds
[2025-05-11T09:33:16.016+0000] {processor.py:161} INFO - Started process (PID=1257) to work on /home/airflow/.local/lib/python3.12/site-packages/airflow/example_dags/example_kubernetes_executor.py
[2025-05-11T09:33:16.017+0000] {processor.py:830} INFO - Processing file /home/airflow/.local/lib/python3.12/site-packages/airflow/example_dags/example_kubernetes_executor.py for tasks to queue
[2025-05-11T09:33:16.019+0000] {logging_mixin.py:188} INFO - [2025-05-11T09:33:16.019+0000] {dagbag.py:545} INFO - Filling up the DagBag from /home/airflow/.local/lib/python3.12/site-packages/airflow/example_dags/example_kubernetes_executor.py
[2025-05-11T09:33:16.030+0000] {processor.py:840} INFO - DAG(s) 'example_kubernetes_executor' retrieved from /home/airflow/.local/lib/python3.12/site-packages/airflow/example_dags/example_kubernetes_executor.py
[2025-05-11T09:33:16.064+0000] {logging_mixin.py:188} INFO - [2025-05-11T09:33:16.063+0000] {dag.py:3096} INFO - Sync 1 DAGs
[2025-05-11T09:33:16.076+0000] {logging_mixin.py:188} INFO - [2025-05-11T09:33:16.076+0000] {dag.py:3954} INFO - Setting next_dagrun for example_kubernetes_executor to None, run_after=None
[2025-05-11T09:33:16.105+0000] {processor.py:183} INFO - Processing /home/airflow/.local/lib/python3.12/site-packages/airflow/example_dags/example_kubernetes_executor.py took 0.094 seconds
