[2025-05-11T09:31:14.931+0000] {processor.py:161} INFO - Started process (PID=253) to work on /home/airflow/.local/lib/python3.12/site-packages/airflow/example_dags/example_python_operator.py
[2025-05-11T09:31:14.934+0000] {processor.py:830} INFO - Processing file /home/airflow/.local/lib/python3.12/site-packages/airflow/example_dags/example_python_operator.py for tasks to queue
[2025-05-11T09:31:14.937+0000] {logging_mixin.py:188} INFO - [2025-05-11T09:31:14.937+0000] {dagbag.py:545} INFO - Filling up the DagBag from /home/airflow/.local/lib/python3.12/site-packages/airflow/example_dags/example_python_operator.py
[2025-05-11T09:31:14.959+0000] {processor.py:840} INFO - DAG(s) 'example_python_operator' retrieved from /home/airflow/.local/lib/python3.12/site-packages/airflow/example_dags/example_python_operator.py
[2025-05-11T09:31:15.117+0000] {logging_mixin.py:188} INFO - [2025-05-11T09:31:15.116+0000] {override.py:1829} INFO - Created Permission View: can delete on DAG:example_python_operator
[2025-05-11T09:31:15.134+0000] {logging_mixin.py:188} INFO - [2025-05-11T09:31:15.134+0000] {override.py:1829} INFO - Created Permission View: can edit on DAG:example_python_operator
[2025-05-11T09:31:15.145+0000] {logging_mixin.py:188} INFO - [2025-05-11T09:31:15.144+0000] {override.py:1829} INFO - Created Permission View: can read on DAG:example_python_operator
[2025-05-11T09:31:15.145+0000] {logging_mixin.py:188} INFO - [2025-05-11T09:31:15.145+0000] {dag.py:3096} INFO - Sync 1 DAGs
[2025-05-11T09:31:15.159+0000] {logging_mixin.py:188} INFO - [2025-05-11T09:31:15.159+0000] {dag.py:3118} INFO - Creating ORM DAG for example_python_operator
[2025-05-11T09:31:15.160+0000] {logging_mixin.py:188} INFO - [2025-05-11T09:31:15.160+0000] {dag.py:3954} INFO - Setting next_dagrun for example_python_operator to None, run_after=None
[2025-05-11T09:31:15.179+0000] {processor.py:183} INFO - Processing /home/airflow/.local/lib/python3.12/site-packages/airflow/example_dags/example_python_operator.py took 0.263 seconds
[2025-05-11T09:31:45.294+0000] {processor.py:161} INFO - Started process (PID=515) to work on /home/airflow/.local/lib/python3.12/site-packages/airflow/example_dags/example_python_operator.py
[2025-05-11T09:31:45.295+0000] {processor.py:830} INFO - Processing file /home/airflow/.local/lib/python3.12/site-packages/airflow/example_dags/example_python_operator.py for tasks to queue
[2025-05-11T09:31:45.297+0000] {logging_mixin.py:188} INFO - [2025-05-11T09:31:45.297+0000] {dagbag.py:545} INFO - Filling up the DagBag from /home/airflow/.local/lib/python3.12/site-packages/airflow/example_dags/example_python_operator.py
[2025-05-11T09:31:45.314+0000] {processor.py:840} INFO - DAG(s) 'example_python_operator' retrieved from /home/airflow/.local/lib/python3.12/site-packages/airflow/example_dags/example_python_operator.py
[2025-05-11T09:31:45.349+0000] {logging_mixin.py:188} INFO - [2025-05-11T09:31:45.348+0000] {dag.py:3096} INFO - Sync 1 DAGs
[2025-05-11T09:31:45.367+0000] {logging_mixin.py:188} INFO - [2025-05-11T09:31:45.367+0000] {dag.py:3954} INFO - Setting next_dagrun for example_python_operator to None, run_after=None
[2025-05-11T09:31:45.395+0000] {processor.py:183} INFO - Processing /home/airflow/.local/lib/python3.12/site-packages/airflow/example_dags/example_python_operator.py took 0.110 seconds
[2025-05-11T09:32:15.428+0000] {processor.py:161} INFO - Started process (PID=777) to work on /home/airflow/.local/lib/python3.12/site-packages/airflow/example_dags/example_python_operator.py
[2025-05-11T09:32:15.429+0000] {processor.py:830} INFO - Processing file /home/airflow/.local/lib/python3.12/site-packages/airflow/example_dags/example_python_operator.py for tasks to queue
[2025-05-11T09:32:15.431+0000] {logging_mixin.py:188} INFO - [2025-05-11T09:32:15.431+0000] {dagbag.py:545} INFO - Filling up the DagBag from /home/airflow/.local/lib/python3.12/site-packages/airflow/example_dags/example_python_operator.py
[2025-05-11T09:32:15.441+0000] {processor.py:840} INFO - DAG(s) 'example_python_operator' retrieved from /home/airflow/.local/lib/python3.12/site-packages/airflow/example_dags/example_python_operator.py
[2025-05-11T09:32:15.466+0000] {logging_mixin.py:188} INFO - [2025-05-11T09:32:15.466+0000] {dag.py:3096} INFO - Sync 1 DAGs
[2025-05-11T09:32:15.477+0000] {logging_mixin.py:188} INFO - [2025-05-11T09:32:15.477+0000] {dag.py:3954} INFO - Setting next_dagrun for example_python_operator to None, run_after=None
[2025-05-11T09:32:15.495+0000] {processor.py:183} INFO - Processing /home/airflow/.local/lib/python3.12/site-packages/airflow/example_dags/example_python_operator.py took 0.072 seconds
[2025-05-11T09:32:45.688+0000] {processor.py:161} INFO - Started process (PID=1039) to work on /home/airflow/.local/lib/python3.12/site-packages/airflow/example_dags/example_python_operator.py
[2025-05-11T09:32:45.691+0000] {processor.py:830} INFO - Processing file /home/airflow/.local/lib/python3.12/site-packages/airflow/example_dags/example_python_operator.py for tasks to queue
[2025-05-11T09:32:45.694+0000] {logging_mixin.py:188} INFO - [2025-05-11T09:32:45.693+0000] {dagbag.py:545} INFO - Filling up the DagBag from /home/airflow/.local/lib/python3.12/site-packages/airflow/example_dags/example_python_operator.py
[2025-05-11T09:32:45.705+0000] {processor.py:840} INFO - DAG(s) 'example_python_operator' retrieved from /home/airflow/.local/lib/python3.12/site-packages/airflow/example_dags/example_python_operator.py
[2025-05-11T09:32:45.726+0000] {logging_mixin.py:188} INFO - [2025-05-11T09:32:45.726+0000] {dag.py:3096} INFO - Sync 1 DAGs
[2025-05-11T09:32:45.740+0000] {logging_mixin.py:188} INFO - [2025-05-11T09:32:45.740+0000] {dag.py:3954} INFO - Setting next_dagrun for example_python_operator to None, run_after=None
[2025-05-11T09:32:45.761+0000] {processor.py:183} INFO - Processing /home/airflow/.local/lib/python3.12/site-packages/airflow/example_dags/example_python_operator.py took 0.082 seconds
[2025-05-11T09:33:16.569+0000] {processor.py:161} INFO - Started process (PID=1300) to work on /home/airflow/.local/lib/python3.12/site-packages/airflow/example_dags/example_python_operator.py
[2025-05-11T09:33:16.570+0000] {processor.py:830} INFO - Processing file /home/airflow/.local/lib/python3.12/site-packages/airflow/example_dags/example_python_operator.py for tasks to queue
[2025-05-11T09:33:16.573+0000] {logging_mixin.py:188} INFO - [2025-05-11T09:33:16.572+0000] {dagbag.py:545} INFO - Filling up the DagBag from /home/airflow/.local/lib/python3.12/site-packages/airflow/example_dags/example_python_operator.py
[2025-05-11T09:33:16.583+0000] {processor.py:840} INFO - DAG(s) 'example_python_operator' retrieved from /home/airflow/.local/lib/python3.12/site-packages/airflow/example_dags/example_python_operator.py
[2025-05-11T09:33:16.603+0000] {logging_mixin.py:188} INFO - [2025-05-11T09:33:16.603+0000] {dag.py:3096} INFO - Sync 1 DAGs
[2025-05-11T09:33:16.621+0000] {logging_mixin.py:188} INFO - [2025-05-11T09:33:16.620+0000] {dag.py:3954} INFO - Setting next_dagrun for example_python_operator to None, run_after=None
[2025-05-11T09:33:16.643+0000] {processor.py:183} INFO - Processing /home/airflow/.local/lib/python3.12/site-packages/airflow/example_dags/example_python_operator.py took 0.083 seconds
