[2025-05-11T09:31:17.894+0000] {processor.py:161} INFO - Started process (PID=363) to work on /home/airflow/.local/lib/python3.12/site-packages/airflow/example_dags/tutorial_taskflow_api.py
[2025-05-11T09:31:17.895+0000] {processor.py:830} INFO - Processing file /home/airflow/.local/lib/python3.12/site-packages/airflow/example_dags/tutorial_taskflow_api.py for tasks to queue
[2025-05-11T09:31:17.898+0000] {logging_mixin.py:188} INFO - [2025-05-11T09:31:17.897+0000] {dagbag.py:545} INFO - Filling up the DagBag from /home/airflow/.local/lib/python3.12/site-packages/airflow/example_dags/tutorial_taskflow_api.py
[2025-05-11T09:31:17.907+0000] {processor.py:840} INFO - DAG(s) 'tutorial_taskflow_api' retrieved from /home/airflow/.local/lib/python3.12/site-packages/airflow/example_dags/tutorial_taskflow_api.py
[2025-05-11T09:31:18.022+0000] {logging_mixin.py:188} INFO - [2025-05-11T09:31:18.021+0000] {override.py:1829} INFO - Created Permission View: can delete on DAG:tutorial_taskflow_api
[2025-05-11T09:31:18.032+0000] {logging_mixin.py:188} INFO - [2025-05-11T09:31:18.032+0000] {override.py:1829} INFO - Created Permission View: can edit on DAG:tutorial_taskflow_api
[2025-05-11T09:31:18.040+0000] {logging_mixin.py:188} INFO - [2025-05-11T09:31:18.039+0000] {override.py:1829} INFO - Created Permission View: can read on DAG:tutorial_taskflow_api
[2025-05-11T09:31:18.040+0000] {logging_mixin.py:188} INFO - [2025-05-11T09:31:18.040+0000] {dag.py:3096} INFO - Sync 1 DAGs
[2025-05-11T09:31:18.055+0000] {logging_mixin.py:188} INFO - [2025-05-11T09:31:18.054+0000] {dag.py:3118} INFO - Creating ORM DAG for tutorial_taskflow_api
[2025-05-11T09:31:18.056+0000] {logging_mixin.py:188} INFO - [2025-05-11T09:31:18.055+0000] {dag.py:3954} INFO - Setting next_dagrun for tutorial_taskflow_api to None, run_after=None
[2025-05-11T09:31:18.092+0000] {processor.py:183} INFO - Processing /home/airflow/.local/lib/python3.12/site-packages/airflow/example_dags/tutorial_taskflow_api.py took 0.204 seconds
[2025-05-11T09:31:48.629+0000] {processor.py:161} INFO - Started process (PID=625) to work on /home/airflow/.local/lib/python3.12/site-packages/airflow/example_dags/tutorial_taskflow_api.py
[2025-05-11T09:31:48.630+0000] {processor.py:830} INFO - Processing file /home/airflow/.local/lib/python3.12/site-packages/airflow/example_dags/tutorial_taskflow_api.py for tasks to queue
[2025-05-11T09:31:48.631+0000] {logging_mixin.py:188} INFO - [2025-05-11T09:31:48.631+0000] {dagbag.py:545} INFO - Filling up the DagBag from /home/airflow/.local/lib/python3.12/site-packages/airflow/example_dags/tutorial_taskflow_api.py
[2025-05-11T09:31:48.637+0000] {processor.py:840} INFO - DAG(s) 'tutorial_taskflow_api' retrieved from /home/airflow/.local/lib/python3.12/site-packages/airflow/example_dags/tutorial_taskflow_api.py
[2025-05-11T09:31:48.655+0000] {logging_mixin.py:188} INFO - [2025-05-11T09:31:48.655+0000] {dag.py:3096} INFO - Sync 1 DAGs
[2025-05-11T09:31:48.668+0000] {logging_mixin.py:188} INFO - [2025-05-11T09:31:48.667+0000] {dag.py:3954} INFO - Setting next_dagrun for tutorial_taskflow_api to None, run_after=None
[2025-05-11T09:31:48.686+0000] {processor.py:183} INFO - Processing /home/airflow/.local/lib/python3.12/site-packages/airflow/example_dags/tutorial_taskflow_api.py took 0.063 seconds
[2025-05-11T09:32:19.152+0000] {processor.py:161} INFO - Started process (PID=889) to work on /home/airflow/.local/lib/python3.12/site-packages/airflow/example_dags/tutorial_taskflow_api.py
[2025-05-11T09:32:19.152+0000] {processor.py:830} INFO - Processing file /home/airflow/.local/lib/python3.12/site-packages/airflow/example_dags/tutorial_taskflow_api.py for tasks to queue
[2025-05-11T09:32:19.155+0000] {logging_mixin.py:188} INFO - [2025-05-11T09:32:19.154+0000] {dagbag.py:545} INFO - Filling up the DagBag from /home/airflow/.local/lib/python3.12/site-packages/airflow/example_dags/tutorial_taskflow_api.py
[2025-05-11T09:32:19.164+0000] {processor.py:840} INFO - DAG(s) 'tutorial_taskflow_api' retrieved from /home/airflow/.local/lib/python3.12/site-packages/airflow/example_dags/tutorial_taskflow_api.py
[2025-05-11T09:32:19.188+0000] {logging_mixin.py:188} INFO - [2025-05-11T09:32:19.188+0000] {dag.py:3096} INFO - Sync 1 DAGs
[2025-05-11T09:32:19.203+0000] {logging_mixin.py:188} INFO - [2025-05-11T09:32:19.203+0000] {dag.py:3954} INFO - Setting next_dagrun for tutorial_taskflow_api to None, run_after=None
[2025-05-11T09:32:19.227+0000] {processor.py:183} INFO - Processing /home/airflow/.local/lib/python3.12/site-packages/airflow/example_dags/tutorial_taskflow_api.py took 0.081 seconds
[2025-05-11T09:32:50.025+0000] {processor.py:161} INFO - Started process (PID=1149) to work on /home/airflow/.local/lib/python3.12/site-packages/airflow/example_dags/tutorial_taskflow_api.py
[2025-05-11T09:32:50.026+0000] {processor.py:830} INFO - Processing file /home/airflow/.local/lib/python3.12/site-packages/airflow/example_dags/tutorial_taskflow_api.py for tasks to queue
[2025-05-11T09:32:50.028+0000] {logging_mixin.py:188} INFO - [2025-05-11T09:32:50.027+0000] {dagbag.py:545} INFO - Filling up the DagBag from /home/airflow/.local/lib/python3.12/site-packages/airflow/example_dags/tutorial_taskflow_api.py
[2025-05-11T09:32:50.034+0000] {processor.py:840} INFO - DAG(s) 'tutorial_taskflow_api' retrieved from /home/airflow/.local/lib/python3.12/site-packages/airflow/example_dags/tutorial_taskflow_api.py
[2025-05-11T09:32:50.051+0000] {logging_mixin.py:188} INFO - [2025-05-11T09:32:50.051+0000] {dag.py:3096} INFO - Sync 1 DAGs
[2025-05-11T09:32:50.063+0000] {logging_mixin.py:188} INFO - [2025-05-11T09:32:50.062+0000] {dag.py:3954} INFO - Setting next_dagrun for tutorial_taskflow_api to None, run_after=None
[2025-05-11T09:32:50.080+0000] {processor.py:183} INFO - Processing /home/airflow/.local/lib/python3.12/site-packages/airflow/example_dags/tutorial_taskflow_api.py took 0.060 seconds
[2025-05-11T09:33:20.779+0000] {processor.py:161} INFO - Started process (PID=1410) to work on /home/airflow/.local/lib/python3.12/site-packages/airflow/example_dags/tutorial_taskflow_api.py
[2025-05-11T09:33:20.780+0000] {processor.py:830} INFO - Processing file /home/airflow/.local/lib/python3.12/site-packages/airflow/example_dags/tutorial_taskflow_api.py for tasks to queue
[2025-05-11T09:33:20.782+0000] {logging_mixin.py:188} INFO - [2025-05-11T09:33:20.782+0000] {dagbag.py:545} INFO - Filling up the DagBag from /home/airflow/.local/lib/python3.12/site-packages/airflow/example_dags/tutorial_taskflow_api.py
[2025-05-11T09:33:20.789+0000] {processor.py:840} INFO - DAG(s) 'tutorial_taskflow_api' retrieved from /home/airflow/.local/lib/python3.12/site-packages/airflow/example_dags/tutorial_taskflow_api.py
[2025-05-11T09:33:20.811+0000] {logging_mixin.py:188} INFO - [2025-05-11T09:33:20.811+0000] {dag.py:3096} INFO - Sync 1 DAGs
[2025-05-11T09:33:20.830+0000] {logging_mixin.py:188} INFO - [2025-05-11T09:33:20.830+0000] {dag.py:3954} INFO - Setting next_dagrun for tutorial_taskflow_api to None, run_after=None
[2025-05-11T09:33:20.854+0000] {processor.py:183} INFO - Processing /home/airflow/.local/lib/python3.12/site-packages/airflow/example_dags/tutorial_taskflow_api.py took 0.080 seconds
