[2025-05-11T09:31:17.117+0000] {processor.py:161} INFO - Started process (PID=333) to work on /home/airflow/.local/lib/python3.12/site-packages/airflow/example_dags/tutorial.py
[2025-05-11T09:31:17.118+0000] {processor.py:830} INFO - Processing file /home/airflow/.local/lib/python3.12/site-packages/airflow/example_dags/tutorial.py for tasks to queue
[2025-05-11T09:31:17.120+0000] {logging_mixin.py:188} INFO - [2025-05-11T09:31:17.119+0000] {dagbag.py:545} INFO - Filling up the DagBag from /home/airflow/.local/lib/python3.12/site-packages/airflow/example_dags/tutorial.py
[2025-05-11T09:31:17.128+0000] {processor.py:840} INFO - DAG(s) 'tutorial' retrieved from /home/airflow/.local/lib/python3.12/site-packages/airflow/example_dags/tutorial.py
[2025-05-11T09:31:17.221+0000] {logging_mixin.py:188} INFO - [2025-05-11T09:31:17.220+0000] {override.py:1829} INFO - Created Permission View: can delete on DAG:tutorial
[2025-05-11T09:31:17.232+0000] {logging_mixin.py:188} INFO - [2025-05-11T09:31:17.232+0000] {override.py:1829} INFO - Created Permission View: can edit on DAG:tutorial
[2025-05-11T09:31:17.240+0000] {logging_mixin.py:188} INFO - [2025-05-11T09:31:17.239+0000] {override.py:1829} INFO - Created Permission View: can read on DAG:tutorial
[2025-05-11T09:31:17.240+0000] {logging_mixin.py:188} INFO - [2025-05-11T09:31:17.240+0000] {dag.py:3096} INFO - Sync 1 DAGs
[2025-05-11T09:31:17.254+0000] {logging_mixin.py:188} INFO - [2025-05-11T09:31:17.254+0000] {dag.py:3118} INFO - Creating ORM DAG for tutorial
[2025-05-11T09:31:17.264+0000] {logging_mixin.py:188} INFO - [2025-05-11T09:31:17.264+0000] {dag.py:3954} INFO - Setting next_dagrun for tutorial to 2025-05-10 00:00:00+00:00, run_after=2025-05-11 00:00:00+00:00
[2025-05-11T09:31:17.280+0000] {processor.py:183} INFO - Processing /home/airflow/.local/lib/python3.12/site-packages/airflow/example_dags/tutorial.py took 0.171 seconds
[2025-05-11T09:31:48.259+0000] {processor.py:161} INFO - Started process (PID=595) to work on /home/airflow/.local/lib/python3.12/site-packages/airflow/example_dags/tutorial.py
[2025-05-11T09:31:48.260+0000] {processor.py:830} INFO - Processing file /home/airflow/.local/lib/python3.12/site-packages/airflow/example_dags/tutorial.py for tasks to queue
[2025-05-11T09:31:48.262+0000] {logging_mixin.py:188} INFO - [2025-05-11T09:31:48.262+0000] {dagbag.py:545} INFO - Filling up the DagBag from /home/airflow/.local/lib/python3.12/site-packages/airflow/example_dags/tutorial.py
[2025-05-11T09:31:48.269+0000] {processor.py:840} INFO - DAG(s) 'tutorial' retrieved from /home/airflow/.local/lib/python3.12/site-packages/airflow/example_dags/tutorial.py
[2025-05-11T09:31:48.291+0000] {logging_mixin.py:188} INFO - [2025-05-11T09:31:48.291+0000] {dag.py:3096} INFO - Sync 1 DAGs
[2025-05-11T09:31:48.312+0000] {logging_mixin.py:188} INFO - [2025-05-11T09:31:48.312+0000] {dag.py:3954} INFO - Setting next_dagrun for tutorial to 2025-05-10 00:00:00+00:00, run_after=2025-05-11 00:00:00+00:00
[2025-05-11T09:31:48.330+0000] {processor.py:183} INFO - Processing /home/airflow/.local/lib/python3.12/site-packages/airflow/example_dags/tutorial.py took 0.078 seconds
[2025-05-11T09:32:18.479+0000] {processor.py:161} INFO - Started process (PID=854) to work on /home/airflow/.local/lib/python3.12/site-packages/airflow/example_dags/tutorial.py
[2025-05-11T09:32:18.480+0000] {processor.py:830} INFO - Processing file /home/airflow/.local/lib/python3.12/site-packages/airflow/example_dags/tutorial.py for tasks to queue
[2025-05-11T09:32:18.482+0000] {logging_mixin.py:188} INFO - [2025-05-11T09:32:18.482+0000] {dagbag.py:545} INFO - Filling up the DagBag from /home/airflow/.local/lib/python3.12/site-packages/airflow/example_dags/tutorial.py
[2025-05-11T09:32:18.488+0000] {processor.py:840} INFO - DAG(s) 'tutorial' retrieved from /home/airflow/.local/lib/python3.12/site-packages/airflow/example_dags/tutorial.py
[2025-05-11T09:32:18.506+0000] {logging_mixin.py:188} INFO - [2025-05-11T09:32:18.506+0000] {dag.py:3096} INFO - Sync 1 DAGs
[2025-05-11T09:32:18.529+0000] {logging_mixin.py:188} INFO - [2025-05-11T09:32:18.529+0000] {dag.py:3954} INFO - Setting next_dagrun for tutorial to 2025-05-10 00:00:00+00:00, run_after=2025-05-11 00:00:00+00:00
[2025-05-11T09:32:18.547+0000] {processor.py:183} INFO - Processing /home/airflow/.local/lib/python3.12/site-packages/airflow/example_dags/tutorial.py took 0.074 seconds
[2025-05-11T09:32:48.640+0000] {processor.py:161} INFO - Started process (PID=1116) to work on /home/airflow/.local/lib/python3.12/site-packages/airflow/example_dags/tutorial.py
[2025-05-11T09:32:48.641+0000] {processor.py:830} INFO - Processing file /home/airflow/.local/lib/python3.12/site-packages/airflow/example_dags/tutorial.py for tasks to queue
[2025-05-11T09:32:48.643+0000] {logging_mixin.py:188} INFO - [2025-05-11T09:32:48.642+0000] {dagbag.py:545} INFO - Filling up the DagBag from /home/airflow/.local/lib/python3.12/site-packages/airflow/example_dags/tutorial.py
[2025-05-11T09:32:48.648+0000] {processor.py:840} INFO - DAG(s) 'tutorial' retrieved from /home/airflow/.local/lib/python3.12/site-packages/airflow/example_dags/tutorial.py
[2025-05-11T09:32:48.666+0000] {logging_mixin.py:188} INFO - [2025-05-11T09:32:48.665+0000] {dag.py:3096} INFO - Sync 1 DAGs
[2025-05-11T09:32:48.686+0000] {logging_mixin.py:188} INFO - [2025-05-11T09:32:48.686+0000] {dag.py:3954} INFO - Setting next_dagrun for tutorial to 2025-05-10 00:00:00+00:00, run_after=2025-05-11 00:00:00+00:00
[2025-05-11T09:32:48.713+0000] {processor.py:183} INFO - Processing /home/airflow/.local/lib/python3.12/site-packages/airflow/example_dags/tutorial.py took 0.078 seconds
[2025-05-11T09:33:19.356+0000] {processor.py:161} INFO - Started process (PID=1377) to work on /home/airflow/.local/lib/python3.12/site-packages/airflow/example_dags/tutorial.py
[2025-05-11T09:33:19.357+0000] {processor.py:830} INFO - Processing file /home/airflow/.local/lib/python3.12/site-packages/airflow/example_dags/tutorial.py for tasks to queue
[2025-05-11T09:33:19.359+0000] {logging_mixin.py:188} INFO - [2025-05-11T09:33:19.358+0000] {dagbag.py:545} INFO - Filling up the DagBag from /home/airflow/.local/lib/python3.12/site-packages/airflow/example_dags/tutorial.py
[2025-05-11T09:33:19.365+0000] {processor.py:840} INFO - DAG(s) 'tutorial' retrieved from /home/airflow/.local/lib/python3.12/site-packages/airflow/example_dags/tutorial.py
[2025-05-11T09:33:19.383+0000] {logging_mixin.py:188} INFO - [2025-05-11T09:33:19.383+0000] {dag.py:3096} INFO - Sync 1 DAGs
[2025-05-11T09:33:19.405+0000] {logging_mixin.py:188} INFO - [2025-05-11T09:33:19.404+0000] {dag.py:3954} INFO - Setting next_dagrun for tutorial to 2025-05-10 00:00:00+00:00, run_after=2025-05-11 00:00:00+00:00
[2025-05-11T09:33:19.421+0000] {processor.py:183} INFO - Processing /home/airflow/.local/lib/python3.12/site-packages/airflow/example_dags/tutorial.py took 0.071 seconds
