[2025-05-13T13:42:02.264+0000] {processor.py:161} INFO - Started process (PID=165) to work on /opt/airflow/dags/crawl_DAGs.py
[2025-05-13T13:42:02.267+0000] {processor.py:830} INFO - Processing file /opt/airflow/dags/crawl_DAGs.py for tasks to queue
[2025-05-13T13:42:02.272+0000] {logging_mixin.py:188} INFO - [2025-05-13T13:42:02.271+0000] {dagbag.py:545} INFO - Filling up the DagBag from /opt/airflow/dags/crawl_DAGs.py
[2025-05-13T13:42:02.304+0000] {logging_mixin.py:188} INFO - [2025-05-13T13:42:02.294+0000] {dagbag.py:355} ERROR - Failed to import: /opt/airflow/dags/crawl_DAGs.py
Traceback (most recent call last):
  File "/home/airflow/.local/lib/python3.12/site-packages/airflow/models/dagbag.py", line 351, in parse
    loader.exec_module(new_module)
  File "<frozen importlib._bootstrap_external>", line 995, in exec_module
  File "<frozen importlib._bootstrap>", line 488, in _call_with_frames_removed
  File "/opt/airflow/dags/crawl_DAGs.py", line 4, in <module>
    from plugins.MongoDBio import MongoIO
ModuleNotFoundError: No module named 'plugins'
[2025-05-13T13:42:02.305+0000] {processor.py:842} WARNING - No viable dags retrieved from /opt/airflow/dags/crawl_DAGs.py
[2025-05-13T13:42:02.354+0000] {processor.py:183} INFO - Processing /opt/airflow/dags/crawl_DAGs.py took 0.098 seconds
[2025-05-13T13:42:32.706+0000] {processor.py:161} INFO - Started process (PID=432) to work on /opt/airflow/dags/crawl_DAGs.py
[2025-05-13T13:42:32.707+0000] {processor.py:830} INFO - Processing file /opt/airflow/dags/crawl_DAGs.py for tasks to queue
[2025-05-13T13:42:32.709+0000] {logging_mixin.py:188} INFO - [2025-05-13T13:42:32.709+0000] {dagbag.py:545} INFO - Filling up the DagBag from /opt/airflow/dags/crawl_DAGs.py
[2025-05-13T13:42:32.713+0000] {logging_mixin.py:188} INFO - [2025-05-13T13:42:32.712+0000] {dagbag.py:355} ERROR - Failed to import: /opt/airflow/dags/crawl_DAGs.py
Traceback (most recent call last):
  File "/home/airflow/.local/lib/python3.12/site-packages/airflow/models/dagbag.py", line 351, in parse
    loader.exec_module(new_module)
  File "<frozen importlib._bootstrap_external>", line 995, in exec_module
  File "<frozen importlib._bootstrap>", line 488, in _call_with_frames_removed
  File "/opt/airflow/dags/crawl_DAGs.py", line 4, in <module>
    from plugins.MongoDBio import MongoIO
ModuleNotFoundError: No module named 'plugins'
[2025-05-13T13:42:32.714+0000] {processor.py:842} WARNING - No viable dags retrieved from /opt/airflow/dags/crawl_DAGs.py
[2025-05-13T13:42:32.742+0000] {processor.py:183} INFO - Processing /opt/airflow/dags/crawl_DAGs.py took 0.042 seconds
[2025-05-13T13:43:02.802+0000] {processor.py:161} INFO - Started process (PID=699) to work on /opt/airflow/dags/crawl_DAGs.py
[2025-05-13T13:43:02.803+0000] {processor.py:830} INFO - Processing file /opt/airflow/dags/crawl_DAGs.py for tasks to queue
[2025-05-13T13:43:02.805+0000] {logging_mixin.py:188} INFO - [2025-05-13T13:43:02.805+0000] {dagbag.py:545} INFO - Filling up the DagBag from /opt/airflow/dags/crawl_DAGs.py
[2025-05-13T13:43:02.810+0000] {logging_mixin.py:188} INFO - [2025-05-13T13:43:02.808+0000] {dagbag.py:355} ERROR - Failed to import: /opt/airflow/dags/crawl_DAGs.py
Traceback (most recent call last):
  File "/home/airflow/.local/lib/python3.12/site-packages/airflow/models/dagbag.py", line 351, in parse
    loader.exec_module(new_module)
  File "<frozen importlib._bootstrap_external>", line 995, in exec_module
  File "<frozen importlib._bootstrap>", line 488, in _call_with_frames_removed
  File "/opt/airflow/dags/crawl_DAGs.py", line 4, in <module>
    from plugins.MongoDBio import MongoIO
ModuleNotFoundError: No module named 'plugins'
[2025-05-13T13:43:02.810+0000] {processor.py:842} WARNING - No viable dags retrieved from /opt/airflow/dags/crawl_DAGs.py
[2025-05-13T13:43:02.841+0000] {processor.py:183} INFO - Processing /opt/airflow/dags/crawl_DAGs.py took 0.045 seconds
[2025-05-13T13:43:33.029+0000] {processor.py:161} INFO - Started process (PID=966) to work on /opt/airflow/dags/crawl_DAGs.py
[2025-05-13T13:43:33.030+0000] {processor.py:830} INFO - Processing file /opt/airflow/dags/crawl_DAGs.py for tasks to queue
[2025-05-13T13:43:33.032+0000] {logging_mixin.py:188} INFO - [2025-05-13T13:43:33.032+0000] {dagbag.py:545} INFO - Filling up the DagBag from /opt/airflow/dags/crawl_DAGs.py
[2025-05-13T13:43:33.037+0000] {logging_mixin.py:188} INFO - [2025-05-13T13:43:33.035+0000] {dagbag.py:355} ERROR - Failed to import: /opt/airflow/dags/crawl_DAGs.py
Traceback (most recent call last):
  File "/home/airflow/.local/lib/python3.12/site-packages/airflow/models/dagbag.py", line 351, in parse
    loader.exec_module(new_module)
  File "<frozen importlib._bootstrap_external>", line 995, in exec_module
  File "<frozen importlib._bootstrap>", line 488, in _call_with_frames_removed
  File "/opt/airflow/dags/crawl_DAGs.py", line 4, in <module>
    from plugins.MongoDBio import MongoIO
ModuleNotFoundError: No module named 'plugins'
[2025-05-13T13:43:33.037+0000] {processor.py:842} WARNING - No viable dags retrieved from /opt/airflow/dags/crawl_DAGs.py
[2025-05-13T13:43:33.057+0000] {processor.py:183} INFO - Processing /opt/airflow/dags/crawl_DAGs.py took 0.034 seconds
[2025-05-13T13:44:03.165+0000] {processor.py:161} INFO - Started process (PID=1233) to work on /opt/airflow/dags/crawl_DAGs.py
[2025-05-13T13:44:03.166+0000] {processor.py:830} INFO - Processing file /opt/airflow/dags/crawl_DAGs.py for tasks to queue
[2025-05-13T13:44:03.168+0000] {logging_mixin.py:188} INFO - [2025-05-13T13:44:03.168+0000] {dagbag.py:545} INFO - Filling up the DagBag from /opt/airflow/dags/crawl_DAGs.py
[2025-05-13T13:44:03.173+0000] {logging_mixin.py:188} INFO - [2025-05-13T13:44:03.171+0000] {dagbag.py:355} ERROR - Failed to import: /opt/airflow/dags/crawl_DAGs.py
Traceback (most recent call last):
  File "/home/airflow/.local/lib/python3.12/site-packages/airflow/models/dagbag.py", line 351, in parse
    loader.exec_module(new_module)
  File "<frozen importlib._bootstrap_external>", line 995, in exec_module
  File "<frozen importlib._bootstrap>", line 488, in _call_with_frames_removed
  File "/opt/airflow/dags/crawl_DAGs.py", line 4, in <module>
    from plugins.MongoDBio import MongoIO
ModuleNotFoundError: No module named 'plugins'
[2025-05-13T13:44:03.174+0000] {processor.py:842} WARNING - No viable dags retrieved from /opt/airflow/dags/crawl_DAGs.py
[2025-05-13T13:44:03.207+0000] {processor.py:183} INFO - Processing /opt/airflow/dags/crawl_DAGs.py took 0.050 seconds
[2025-05-13T13:44:33.633+0000] {processor.py:161} INFO - Started process (PID=1500) to work on /opt/airflow/dags/crawl_DAGs.py
[2025-05-13T13:44:33.634+0000] {processor.py:830} INFO - Processing file /opt/airflow/dags/crawl_DAGs.py for tasks to queue
[2025-05-13T13:44:33.636+0000] {logging_mixin.py:188} INFO - [2025-05-13T13:44:33.636+0000] {dagbag.py:545} INFO - Filling up the DagBag from /opt/airflow/dags/crawl_DAGs.py
[2025-05-13T13:44:33.640+0000] {logging_mixin.py:188} INFO - [2025-05-13T13:44:33.639+0000] {dagbag.py:355} ERROR - Failed to import: /opt/airflow/dags/crawl_DAGs.py
Traceback (most recent call last):
  File "/home/airflow/.local/lib/python3.12/site-packages/airflow/models/dagbag.py", line 351, in parse
    loader.exec_module(new_module)
  File "<frozen importlib._bootstrap_external>", line 995, in exec_module
  File "<frozen importlib._bootstrap>", line 488, in _call_with_frames_removed
  File "/opt/airflow/dags/crawl_DAGs.py", line 4, in <module>
    from plugins.MongoDBio import MongoIO
ModuleNotFoundError: No module named 'plugins'
[2025-05-13T13:44:33.640+0000] {processor.py:842} WARNING - No viable dags retrieved from /opt/airflow/dags/crawl_DAGs.py
[2025-05-13T13:44:33.658+0000] {processor.py:183} INFO - Processing /opt/airflow/dags/crawl_DAGs.py took 0.031 seconds
[2025-05-13T13:45:03.924+0000] {processor.py:161} INFO - Started process (PID=1767) to work on /opt/airflow/dags/crawl_DAGs.py
[2025-05-13T13:45:03.925+0000] {processor.py:830} INFO - Processing file /opt/airflow/dags/crawl_DAGs.py for tasks to queue
[2025-05-13T13:45:03.927+0000] {logging_mixin.py:188} INFO - [2025-05-13T13:45:03.926+0000] {dagbag.py:545} INFO - Filling up the DagBag from /opt/airflow/dags/crawl_DAGs.py
[2025-05-13T13:45:03.932+0000] {logging_mixin.py:188} INFO - [2025-05-13T13:45:03.931+0000] {dagbag.py:355} ERROR - Failed to import: /opt/airflow/dags/crawl_DAGs.py
Traceback (most recent call last):
  File "/home/airflow/.local/lib/python3.12/site-packages/airflow/models/dagbag.py", line 351, in parse
    loader.exec_module(new_module)
  File "<frozen importlib._bootstrap_external>", line 995, in exec_module
  File "<frozen importlib._bootstrap>", line 488, in _call_with_frames_removed
  File "/opt/airflow/dags/crawl_DAGs.py", line 4, in <module>
    from plugins.MongoDBio import MongoIO
ModuleNotFoundError: No module named 'plugins'
[2025-05-13T13:45:03.933+0000] {processor.py:842} WARNING - No viable dags retrieved from /opt/airflow/dags/crawl_DAGs.py
[2025-05-13T13:45:03.949+0000] {processor.py:183} INFO - Processing /opt/airflow/dags/crawl_DAGs.py took 0.032 seconds
[2025-05-13T13:45:34.227+0000] {processor.py:161} INFO - Started process (PID=2034) to work on /opt/airflow/dags/crawl_DAGs.py
[2025-05-13T13:45:34.228+0000] {processor.py:830} INFO - Processing file /opt/airflow/dags/crawl_DAGs.py for tasks to queue
[2025-05-13T13:45:34.229+0000] {logging_mixin.py:188} INFO - [2025-05-13T13:45:34.229+0000] {dagbag.py:545} INFO - Filling up the DagBag from /opt/airflow/dags/crawl_DAGs.py
[2025-05-13T13:45:34.235+0000] {logging_mixin.py:188} INFO - [2025-05-13T13:45:34.234+0000] {dagbag.py:355} ERROR - Failed to import: /opt/airflow/dags/crawl_DAGs.py
Traceback (most recent call last):
  File "/home/airflow/.local/lib/python3.12/site-packages/airflow/models/dagbag.py", line 351, in parse
    loader.exec_module(new_module)
  File "<frozen importlib._bootstrap_external>", line 995, in exec_module
  File "<frozen importlib._bootstrap>", line 488, in _call_with_frames_removed
  File "/opt/airflow/dags/crawl_DAGs.py", line 4, in <module>
    from plugins.MongoDBio import MongoIO
ModuleNotFoundError: No module named 'plugins'
[2025-05-13T13:45:34.236+0000] {processor.py:842} WARNING - No viable dags retrieved from /opt/airflow/dags/crawl_DAGs.py
[2025-05-13T13:45:34.252+0000] {processor.py:183} INFO - Processing /opt/airflow/dags/crawl_DAGs.py took 0.031 seconds
