[2025-05-29T17:20:05.037+0000] {processor.py:161} INFO - Started process (PID=168) to work on /opt/airflow/dags/bronze/MongotoHDFS.py
[2025-05-29T17:20:05.038+0000] {processor.py:830} INFO - Processing file /opt/airflow/dags/bronze/MongotoHDFS.py for tasks to queue
[2025-05-29T17:20:05.040+0000] {logging_mixin.py:188} INFO - [2025-05-29T17:20:05.040+0000] {dagbag.py:545} INFO - Filling up the DagBag from /opt/airflow/dags/bronze/MongotoHDFS.py
[2025-05-29T17:20:05.264+0000] {logging_mixin.py:188} INFO - [2025-05-29T17:20:05.263+0000] {dagbag.py:355} ERROR - Failed to import: /opt/airflow/dags/bronze/MongotoHDFS.py
Traceback (most recent call last):
  File "/home/airflow/.local/lib/python3.12/site-packages/airflow/models/dagbag.py", line 351, in parse
    loader.exec_module(new_module)
  File "<frozen importlib._bootstrap_external>", line 995, in exec_module
  File "<frozen importlib._bootstrap>", line 488, in _call_with_frames_removed
  File "/opt/airflow/dags/bronze/MongotoHDFS.py", line 77, in <module>
    with MongoIO() as client:
  File "/usr/local/lib/python3.12/contextlib.py", line 137, in __enter__
    return next(self.gen)
           ^^^^^^^^^^^^^^
  File "/opt/airflow/dags/IOManager/MongoDBio.py", line 19, in MongoIO
    raise ValueError(f"Thiếu thông tin kết nối MongoDB ({user})")
ValueError: Thiếu thông tin kết nối MongoDB ()
[2025-05-29T17:20:05.265+0000] {processor.py:842} WARNING - No viable dags retrieved from /opt/airflow/dags/bronze/MongotoHDFS.py
[2025-05-29T17:20:05.281+0000] {processor.py:183} INFO - Processing /opt/airflow/dags/bronze/MongotoHDFS.py took 0.249 seconds
[2025-05-29T17:20:35.417+0000] {processor.py:161} INFO - Started process (PID=438) to work on /opt/airflow/dags/bronze/MongotoHDFS.py
[2025-05-29T17:20:35.417+0000] {processor.py:830} INFO - Processing file /opt/airflow/dags/bronze/MongotoHDFS.py for tasks to queue
[2025-05-29T17:20:35.419+0000] {logging_mixin.py:188} INFO - [2025-05-29T17:20:35.419+0000] {dagbag.py:545} INFO - Filling up the DagBag from /opt/airflow/dags/bronze/MongotoHDFS.py
[2025-05-29T17:20:35.598+0000] {logging_mixin.py:188} INFO - [2025-05-29T17:20:35.596+0000] {dagbag.py:355} ERROR - Failed to import: /opt/airflow/dags/bronze/MongotoHDFS.py
Traceback (most recent call last):
  File "/home/airflow/.local/lib/python3.12/site-packages/airflow/models/dagbag.py", line 351, in parse
    loader.exec_module(new_module)
  File "<frozen importlib._bootstrap_external>", line 995, in exec_module
  File "<frozen importlib._bootstrap>", line 488, in _call_with_frames_removed
  File "/opt/airflow/dags/bronze/MongotoHDFS.py", line 77, in <module>
    with MongoIO() as client:
  File "/usr/local/lib/python3.12/contextlib.py", line 137, in __enter__
    return next(self.gen)
           ^^^^^^^^^^^^^^
  File "/opt/airflow/dags/IOManager/MongoDBio.py", line 19, in MongoIO
    raise ValueError(f"Thiếu thông tin kết nối MongoDB ({user})")
ValueError: Thiếu thông tin kết nối MongoDB ()
[2025-05-29T17:20:35.599+0000] {processor.py:842} WARNING - No viable dags retrieved from /opt/airflow/dags/bronze/MongotoHDFS.py
[2025-05-29T17:20:35.636+0000] {processor.py:183} INFO - Processing /opt/airflow/dags/bronze/MongotoHDFS.py took 0.225 seconds
[2025-05-29T17:21:06.102+0000] {processor.py:161} INFO - Started process (PID=711) to work on /opt/airflow/dags/bronze/MongotoHDFS.py
[2025-05-29T17:21:06.103+0000] {processor.py:830} INFO - Processing file /opt/airflow/dags/bronze/MongotoHDFS.py for tasks to queue
[2025-05-29T17:21:06.105+0000] {logging_mixin.py:188} INFO - [2025-05-29T17:21:06.105+0000] {dagbag.py:545} INFO - Filling up the DagBag from /opt/airflow/dags/bronze/MongotoHDFS.py
[2025-05-29T17:21:06.393+0000] {logging_mixin.py:188} INFO - [2025-05-29T17:21:06.391+0000] {dagbag.py:355} ERROR - Failed to import: /opt/airflow/dags/bronze/MongotoHDFS.py
Traceback (most recent call last):
  File "/home/airflow/.local/lib/python3.12/site-packages/airflow/models/dagbag.py", line 351, in parse
    loader.exec_module(new_module)
  File "<frozen importlib._bootstrap_external>", line 995, in exec_module
  File "<frozen importlib._bootstrap>", line 488, in _call_with_frames_removed
  File "/opt/airflow/dags/bronze/MongotoHDFS.py", line 77, in <module>
    with MongoIO() as client:
  File "/usr/local/lib/python3.12/contextlib.py", line 137, in __enter__
    return next(self.gen)
           ^^^^^^^^^^^^^^
  File "/opt/airflow/dags/IOManager/MongoDBio.py", line 19, in MongoIO
    raise ValueError(f"Thiếu thông tin kết nối MongoDB ({user})")
ValueError: Thiếu thông tin kết nối MongoDB ()
[2025-05-29T17:21:06.395+0000] {processor.py:842} WARNING - No viable dags retrieved from /opt/airflow/dags/bronze/MongotoHDFS.py
[2025-05-29T17:21:06.427+0000] {processor.py:183} INFO - Processing /opt/airflow/dags/bronze/MongotoHDFS.py took 0.332 seconds
